[2026-04-17 19:56:09] [INFO] [ModbusTcpMaster][enterState]：设备ID=12079 状态切换: 空闲 -> 连接中
[2026-04-17 19:56:09] [INFO] [ModbusConnecter][setStatus]：设备ID=12079 状态转变：已断开 -> 连接中
[2026-04-17 19:56:09] [INFO] [ModbusConnecter][performConnection]：设备ID=12079 正在尝试连接服务器 127.0.0.1:578
[2026-04-17 19:56:09] [INFO] [ModbusTcpMaster][enterState]：设备ID=12079 状态切换: 连接中 -> 指令发送器已启动
[2026-04-17 19:56:09] [INFO] [ModbusTcpMaster][startSender]：设备ID=12079 指令发送器已启动，立即进入初始化阶段
[2026-04-17 19:56:09] [INFO] [ModbusTcpMaster][enterState]：设备ID=12079 状态切换: 指令发送器已启动 -> 初始指令下发中
[2026-04-17 19:56:09] [INFO] [InitialCommandIssuer]：设备ID=12079 [CyclicCommandIssuer] 启动循环下发 指令数:1 轮数:1 间隔:100ms
[2026-04-17 19:56:09] [INFO] [InitialCommandIssuer]：设备ID=12079 [CyclicCommandIssuer] 发送指令:ReadVersion 索引:0
[2026-04-17 19:56:09] [INFO] [ModbusCommandSender][doSend]：[发送] 19:56:09.031 设备ID=12079 module=INITIAL id=ReadVersion uuid=157 sendCount=1/4 timeout=1000ms crc=B1 CD len=8
frame=01 04 00 18 00 01 B1 CD
[2026-04-17 19:56:09] [INFO] [ModbusTcpMaster][enterState]：设备ID=12079 状态切换: 初始指令下发中 -> 启动定时发送器中
[2026-04-17 19:56:09] [INFO] [PeriodicCommandSender]：设备ID=12079 [CyclicCommandIssuer] 启动循环下发 指令数:1 轮数:无限 间隔:1000ms
[2026-04-17 19:56:09] [INFO] [PeriodicCommandSender]：设备ID=12079 [CyclicCommandIssuer] 发送指令:ReadFoupStatus 索引:0
[2026-04-17 19:56:09] [INFO] [ModbusTcpMaster][startPeriodicSender]：设备ID=12079 定时发送器已启动，进入正常运行状态
[2026-04-17 19:56:09] [INFO] [ModbusTcpMaster][enterState]：设备ID=12079 状态切换: 启动定时发送器中 -> 正常运行
[2026-04-17 19:56:09] [INFO] [ModbusConnecter][setStatus]：设备ID=12079 状态转变：连接中 -> 已连接
[2026-04-17 19:56:09] [INFO] [ModbusCommandReceiver][processPendingFrame]：[接收-帧] 19:56:09.138 设备ID=12079 module=INITIAL id=ReadVersion uuid=157 len=7
frame=01 04 02 00 00 B9 30
[2026-04-17 19:56:09] [INFO] [ModbusCommandReceiver][succeedPendingCommand]：接收成功 - 设备ID=12079 module=INITIAL id=ReadVersion uuid=157 crc=B9 30 elapsed=107ms
[2026-04-17 19:56:09] [INFO] [InitialCommandIssuer]：设备ID=12079 [CyclicCommandIssuer] 指令成功:ReadVersion
[2026-04-17 19:56:09] [INFO] [InitialCommandIssuer]：设备ID=12079 [CyclicCommandIssuer] 第1轮完成 失败:0条
[2026-04-17 19:56:09] [INFO] [InitialCommandIssuer][onRoundComplete]：设备ID=12079 完成，失败0条
[2026-04-17 19:56:09] [INFO] [ModbusTcpMaster][onInitialFinished]：设备ID=12079 初始化完成，失败指令数：0
[2026-04-17 19:56:09] [INFO] [InitialCommandIssuer]：设备ID=12079 [CyclicCommandIssuer] 全部轮次执行完毕
[2026-04-17 19:56:09] [INFO] [ModbusCommandSender][doSend]：[发送] 19:56:09.139 设备ID=12079 module=PERIODIC id=ReadFoupStatus uuid=158 sendCount=1/1 timeout=1000ms crc=30 0C len=8
frame=01 04 00 00 00 09 30 0C
[2026-04-17 19:56:09] [INFO] [ModbusCommandReceiver][processPendingFrame]：[接收-帧] 19:56:09.250 设备ID=12079 module=PERIODIC id=ReadFoupStatus uuid=158 len=23
frame=01 04 12 00 39 0A B9 1E 61 69 E2 1F D9 24 4E 10 50 00 00 00 00 8E 26
[2026-04-17 19:56:09] [INFO] [ModbusCommandReceiver][succeedPendingCommand]：接收成功 - 设备ID=12079 module=PERIODIC id=ReadFoupStatus uuid=158 crc=8E 26 elapsed=111ms
[2026-04-17 19:56:09] [INFO] [PeriodicCommandSender]：设备ID=12079 [CyclicCommandIssuer] 指令成功:ReadFoupStatus
[2026-04-17 19:56:09] [INFO] [PeriodicCommandSender]：设备ID=12079 [CyclicCommandIssuer] 第1轮完成 失败:0条
[2026-04-17 19:56:10] [INFO] [PeriodicCommandSender]：设备ID=12079 [CyclicCommandIssuer] 发送指令:ReadFoupStatus 索引:0
[2026-04-17 19:56:10] [INFO] [ModbusCommandSender][doSend]：[发送] 19:56:10.244 设备ID=12079 module=PERIODIC id=ReadFoupStatus uuid=158 sendCount=1/1 timeout=1000ms crc=30 0C len=8
frame=01 04 00 00 00 09 30 0C
[2026-04-17 19:56:10] [INFO] [ModbusCommandReceiver][processPendingFrame]：[接收-帧] 19:56:10.339 设备ID=12079 module=PERIODIC id=ReadFoupStatus uuid=158 len=23
frame=01 04 12 00 1E 17 EC 0D 21 69 E2 1F DA 1E 82 11 11 00 01 00 00 62 21
[2026-04-17 19:56:10] [INFO] [ModbusCommandReceiver][succeedPendingCommand]：接收成功 - 设备ID=12079 module=PERIODIC id=ReadFoupStatus uuid=158 crc=62 21 elapsed=96ms
[2026-04-17 19:56:10] [INFO] [PeriodicCommandSender]：设备ID=12079 [CyclicCommandIssuer] 指令成功:ReadFoupStatus
[2026-04-17 19:56:10] [INFO] [PeriodicCommandSender]：设备ID=12079 [CyclicCommandIssuer] 第2轮完成 失败:0条
[2026-04-17 19:56:11] [INFO] [PeriodicCommandSender]：设备ID=12079 [CyclicCommandIssuer] 发送指令:ReadFoupStatus 索引:0
[2026-04-17 19:56:11] [INFO] [ModbusCommandSender][doSend]：[发送] 19:56:11.340 设备ID=12079 module=PERIODIC id=ReadFoupStatus uuid=158 sendCount=1/1 timeout=1000ms crc=30 0C len=8
frame=01 04 00 00 00 09 30 0C
[2026-04-17 19:56:11] [INFO] [ModbusCommandReceiver][processPendingFrame]：[接收-帧] 19:56:11.434 设备ID=12079 module=PERIODIC id=ReadFoupStatus uuid=158 len=23
frame=01 04 12 00 14 0F 76 1F AF 69 E2 1F DB 1C 31 08 5C 00 01 00 00 8F 3A
[2026-04-17 19:56:11] [INFO] [ModbusCommandReceiver][succeedPendingCommand]：接收成功 - 设备ID=12079 module=PERIODIC id=ReadFoupStatus uuid=158 crc=8F 3A elapsed=94ms
[2026-04-17 19:56:11] [INFO] [PeriodicCommandSender]：设备ID=12079 [CyclicCommandIssuer] 指令成功:ReadFoupStatus
[2026-04-17 19:56:11] [INFO] [PeriodicCommandSender]：设备ID=12079 [CyclicCommandIssuer] 第3轮完成 失败:0条
