[2026-04-17 19:56:09] [INFO] [ModbusTcpMaster][enterState]：设备ID=12080 状态切换: 空闲 -> 连接中
[2026-04-17 19:56:09] [INFO] [ModbusConnecter][setStatus]：设备ID=12080 状态转变：已断开 -> 连接中
[2026-04-17 19:56:09] [INFO] [ModbusConnecter][performConnection]：设备ID=12080 正在尝试连接服务器 127.0.0.1:579
[2026-04-17 19:56:09] [INFO] [ModbusTcpMaster][enterState]：设备ID=12080 状态切换: 连接中 -> 指令发送器已启动
[2026-04-17 19:56:09] [INFO] [ModbusTcpMaster][startSender]：设备ID=12080 指令发送器已启动，立即进入初始化阶段
[2026-04-17 19:56:09] [INFO] [ModbusTcpMaster][enterState]：设备ID=12080 状态切换: 指令发送器已启动 -> 初始指令下发中
[2026-04-17 19:56:09] [INFO] [InitialCommandIssuer]：设备ID=12080 [CyclicCommandIssuer] 启动循环下发 指令数:1 轮数:1 间隔:100ms
[2026-04-17 19:56:09] [INFO] [InitialCommandIssuer]：设备ID=12080 [CyclicCommandIssuer] 发送指令:ReadVersion 索引:0
[2026-04-17 19:56:09] [INFO] [ModbusCommandSender][doSend]：[发送] 19:56:09.033 设备ID=12080 module=INITIAL id=ReadVersion uuid=159 sendCount=1/4 timeout=1000ms crc=B1 CD len=8
frame=01 04 00 18 00 01 B1 CD
[2026-04-17 19:56:09] [INFO] [ModbusTcpMaster][enterState]：设备ID=12080 状态切换: 初始指令下发中 -> 启动定时发送器中
[2026-04-17 19:56:09] [INFO] [PeriodicCommandSender]：设备ID=12080 [CyclicCommandIssuer] 启动循环下发 指令数:1 轮数:无限 间隔:1000ms
[2026-04-17 19:56:09] [INFO] [PeriodicCommandSender]：设备ID=12080 [CyclicCommandIssuer] 发送指令:ReadFoupStatus 索引:0
[2026-04-17 19:56:09] [INFO] [ModbusTcpMaster][startPeriodicSender]：设备ID=12080 定时发送器已启动，进入正常运行状态
[2026-04-17 19:56:09] [INFO] [ModbusTcpMaster][enterState]：设备ID=12080 状态切换: 启动定时发送器中 -> 正常运行
[2026-04-17 19:56:09] [INFO] [ModbusConnecter][setStatus]：设备ID=12080 状态转变：连接中 -> 已连接
[2026-04-17 19:56:09] [INFO] [ModbusCommandReceiver][processPendingFrame]：[接收-帧] 19:56:09.135 设备ID=12080 module=INITIAL id=ReadVersion uuid=159 len=7
frame=01 04 02 00 00 B9 30
[2026-04-17 19:56:09] [INFO] [ModbusCommandReceiver][succeedPendingCommand]：接收成功 - 设备ID=12080 module=INITIAL id=ReadVersion uuid=159 crc=B9 30 elapsed=102ms
[2026-04-17 19:56:09] [INFO] [InitialCommandIssuer]：设备ID=12080 [CyclicCommandIssuer] 指令成功:ReadVersion
[2026-04-17 19:56:09] [INFO] [InitialCommandIssuer]：设备ID=12080 [CyclicCommandIssuer] 第1轮完成 失败:0条
[2026-04-17 19:56:09] [INFO] [InitialCommandIssuer][onRoundComplete]：设备ID=12080 完成，失败0条
[2026-04-17 19:56:09] [INFO] [ModbusTcpMaster][onInitialFinished]：设备ID=12080 初始化完成，失败指令数：0
[2026-04-17 19:56:09] [INFO] [InitialCommandIssuer]：设备ID=12080 [CyclicCommandIssuer] 全部轮次执行完毕
[2026-04-17 19:56:09] [INFO] [ModbusCommandSender][doSend]：[发送] 19:56:09.136 设备ID=12080 module=PERIODIC id=ReadFoupStatus uuid=160 sendCount=1/1 timeout=1000ms crc=30 0C len=8
frame=01 04 00 00 00 09 30 0C
[2026-04-17 19:56:09] [INFO] [ModbusCommandReceiver][processPendingFrame]：[接收-帧] 19:56:09.249 设备ID=12080 module=PERIODIC id=ReadFoupStatus uuid=160 len=23
frame=01 04 12 00 3C 11 0D 24 F9 69 E2 1F D9 0B 84 01 62 00 00 00 00 95 09
[2026-04-17 19:56:09] [INFO] [ModbusCommandReceiver][succeedPendingCommand]：接收成功 - 设备ID=12080 module=PERIODIC id=ReadFoupStatus uuid=160 crc=95 09 elapsed=113ms
[2026-04-17 19:56:09] [INFO] [PeriodicCommandSender]：设备ID=12080 [CyclicCommandIssuer] 指令成功:ReadFoupStatus
[2026-04-17 19:56:09] [INFO] [PeriodicCommandSender]：设备ID=12080 [CyclicCommandIssuer] 第1轮完成 失败:0条
[2026-04-17 19:56:10] [INFO] [PeriodicCommandSender]：设备ID=12080 [CyclicCommandIssuer] 发送指令:ReadFoupStatus 索引:0
[2026-04-17 19:56:10] [INFO] [ModbusCommandSender][doSend]：[发送] 19:56:10.245 设备ID=12080 module=PERIODIC id=ReadFoupStatus uuid=160 sendCount=1/1 timeout=1000ms crc=30 0C len=8
frame=01 04 00 00 00 09 30 0C
[2026-04-17 19:56:10] [INFO] [ModbusCommandReceiver][processPendingFrame]：[接收-帧] 19:56:10.338 设备ID=12080 module=PERIODIC id=ReadFoupStatus uuid=160 len=23
frame=01 04 12 00 55 20 99 00 B7 69 E2 1F DA 12 15 07 03 00 01 00 00 5F F5
[2026-04-17 19:56:10] [INFO] [ModbusCommandReceiver][succeedPendingCommand]：接收成功 - 设备ID=12080 module=PERIODIC id=ReadFoupStatus uuid=160 crc=5F F5 elapsed=94ms
[2026-04-17 19:56:10] [INFO] [PeriodicCommandSender]：设备ID=12080 [CyclicCommandIssuer] 指令成功:ReadFoupStatus
[2026-04-17 19:56:10] [INFO] [PeriodicCommandSender]：设备ID=12080 [CyclicCommandIssuer] 第2轮完成 失败:0条
[2026-04-17 19:56:11] [INFO] [PeriodicCommandSender]：设备ID=12080 [CyclicCommandIssuer] 发送指令:ReadFoupStatus 索引:0
[2026-04-17 19:56:11] [INFO] [ModbusCommandSender][doSend]：[发送] 19:56:11.340 设备ID=12080 module=PERIODIC id=ReadFoupStatus uuid=160 sendCount=1/1 timeout=1000ms crc=30 0C len=8
frame=01 04 00 00 00 09 30 0C
[2026-04-17 19:56:11] [INFO] [ModbusCommandReceiver][processPendingFrame]：[接收-帧] 19:56:11.434 设备ID=12080 module=PERIODIC id=ReadFoupStatus uuid=160 len=23
frame=01 04 12 00 4E 0E 19 20 44 69 E2 1F DB 08 8C 0D 45 00 01 00 00 50 83
[2026-04-17 19:56:11] [INFO] [ModbusCommandReceiver][succeedPendingCommand]：接收成功 - 设备ID=12080 module=PERIODIC id=ReadFoupStatus uuid=160 crc=50 83 elapsed=94ms
[2026-04-17 19:56:11] [INFO] [PeriodicCommandSender]：设备ID=12080 [CyclicCommandIssuer] 指令成功:ReadFoupStatus
[2026-04-17 19:56:11] [INFO] [PeriodicCommandSender]：设备ID=12080 [CyclicCommandIssuer] 第3轮完成 失败:0条
