[2026-04-17 19:56:08] [INFO] [ModbusTcpMaster][enterState]：设备ID=12073 状态切换: 空闲 -> 连接中
[2026-04-17 19:56:08] [INFO] [ModbusConnecter][setStatus]：设备ID=12073 状态转变：已断开 -> 连接中
[2026-04-17 19:56:08] [INFO] [ModbusConnecter][performConnection]：设备ID=12073 正在尝试连接服务器 127.0.0.1:572
[2026-04-17 19:56:08] [INFO] [ModbusTcpMaster][enterState]：设备ID=12073 状态切换: 连接中 -> 指令发送器已启动
[2026-04-17 19:56:08] [INFO] [ModbusTcpMaster][startSender]：设备ID=12073 指令发送器已启动，立即进入初始化阶段
[2026-04-17 19:56:08] [INFO] [ModbusTcpMaster][enterState]：设备ID=12073 状态切换: 指令发送器已启动 -> 初始指令下发中
[2026-04-17 19:56:08] [INFO] [InitialCommandIssuer]：设备ID=12073 [CyclicCommandIssuer] 启动循环下发 指令数:1 轮数:1 间隔:100ms
[2026-04-17 19:56:08] [INFO] [InitialCommandIssuer]：设备ID=12073 [CyclicCommandIssuer] 发送指令:ReadVersion 索引:0
[2026-04-17 19:56:08] [INFO] [ModbusCommandSender][doSend]：[发送] 19:56:08.868 设备ID=12073 module=INITIAL id=ReadVersion uuid=145 sendCount=1/4 timeout=1000ms crc=B1 CD len=8
frame=01 04 00 18 00 01 B1 CD
[2026-04-17 19:56:08] [INFO] [ModbusTcpMaster][enterState]：设备ID=12073 状态切换: 初始指令下发中 -> 启动定时发送器中
[2026-04-17 19:56:08] [INFO] [PeriodicCommandSender]：设备ID=12073 [CyclicCommandIssuer] 启动循环下发 指令数:1 轮数:无限 间隔:1000ms
[2026-04-17 19:56:08] [INFO] [PeriodicCommandSender]：设备ID=12073 [CyclicCommandIssuer] 发送指令:ReadFoupStatus 索引:0
[2026-04-17 19:56:08] [INFO] [ModbusTcpMaster][startPeriodicSender]：设备ID=12073 定时发送器已启动，进入正常运行状态
[2026-04-17 19:56:08] [INFO] [ModbusTcpMaster][enterState]：设备ID=12073 状态切换: 启动定时发送器中 -> 正常运行
[2026-04-17 19:56:08] [INFO] [ModbusConnecter][setStatus]：设备ID=12073 状态转变：连接中 -> 已连接
[2026-04-17 19:56:08] [INFO] [ModbusCommandReceiver][processPendingFrame]：[接收-帧] 19:56:08.982 设备ID=12073 module=INITIAL id=ReadVersion uuid=145 len=7
frame=01 04 02 00 00 B9 30
[2026-04-17 19:56:08] [INFO] [ModbusCommandReceiver][succeedPendingCommand]：接收成功 - 设备ID=12073 module=INITIAL id=ReadVersion uuid=145 crc=B9 30 elapsed=114ms
[2026-04-17 19:56:08] [INFO] [InitialCommandIssuer]：设备ID=12073 [CyclicCommandIssuer] 指令成功:ReadVersion
[2026-04-17 19:56:08] [INFO] [InitialCommandIssuer]：设备ID=12073 [CyclicCommandIssuer] 第1轮完成 失败:0条
[2026-04-17 19:56:08] [INFO] [InitialCommandIssuer][onRoundComplete]：设备ID=12073 完成，失败0条
[2026-04-17 19:56:08] [INFO] [ModbusTcpMaster][onInitialFinished]：设备ID=12073 初始化完成，失败指令数：0
[2026-04-17 19:56:08] [INFO] [InitialCommandIssuer]：设备ID=12073 [CyclicCommandIssuer] 全部轮次执行完毕
[2026-04-17 19:56:08] [INFO] [ModbusCommandSender][doSend]：[发送] 19:56:08.983 设备ID=12073 module=PERIODIC id=ReadFoupStatus uuid=146 sendCount=1/1 timeout=1000ms crc=30 0C len=8
frame=01 04 00 00 00 09 30 0C
[2026-04-17 19:56:09] [INFO] [ModbusCommandReceiver][processPendingFrame]：[接收-帧] 19:56:09.092 设备ID=12073 module=PERIODIC id=ReadFoupStatus uuid=146 len=23
frame=01 04 12 00 31 25 A7 14 BF 69 E2 1F D8 11 10 0B CE 00 01 00 00 62 5C
[2026-04-17 19:56:09] [INFO] [ModbusCommandReceiver][succeedPendingCommand]：接收成功 - 设备ID=12073 module=PERIODIC id=ReadFoupStatus uuid=146 crc=62 5C elapsed=109ms
[2026-04-17 19:56:09] [INFO] [PeriodicCommandSender]：设备ID=12073 [CyclicCommandIssuer] 指令成功:ReadFoupStatus
[2026-04-17 19:56:09] [INFO] [PeriodicCommandSender]：设备ID=12073 [CyclicCommandIssuer] 第1轮完成 失败:0条
[2026-04-17 19:56:10] [INFO] [PeriodicCommandSender]：设备ID=12073 [CyclicCommandIssuer] 发送指令:ReadFoupStatus 索引:0
[2026-04-17 19:56:10] [INFO] [ModbusCommandSender][doSend]：[发送] 19:56:10.086 设备ID=12073 module=PERIODIC id=ReadFoupStatus uuid=146 sendCount=1/1 timeout=1000ms crc=30 0C len=8
frame=01 04 00 00 00 09 30 0C
[2026-04-17 19:56:10] [INFO] [ModbusCommandReceiver][processPendingFrame]：[接收-帧] 19:56:10.182 设备ID=12073 module=PERIODIC id=ReadFoupStatus uuid=146 len=23
frame=01 04 12 00 29 16 34 1F A9 69 E2 1F DA 1A B3 05 4A 00 01 00 00 68 A7
[2026-04-17 19:56:10] [INFO] [ModbusCommandReceiver][succeedPendingCommand]：接收成功 - 设备ID=12073 module=PERIODIC id=ReadFoupStatus uuid=146 crc=68 A7 elapsed=96ms
[2026-04-17 19:56:10] [INFO] [PeriodicCommandSender]：设备ID=12073 [CyclicCommandIssuer] 指令成功:ReadFoupStatus
[2026-04-17 19:56:10] [INFO] [PeriodicCommandSender]：设备ID=12073 [CyclicCommandIssuer] 第2轮完成 失败:0条
[2026-04-17 19:56:11] [INFO] [PeriodicCommandSender]：设备ID=12073 [CyclicCommandIssuer] 发送指令:ReadFoupStatus 索引:0
[2026-04-17 19:56:11] [INFO] [ModbusCommandSender][doSend]：[发送] 19:56:11.181 设备ID=12073 module=PERIODIC id=ReadFoupStatus uuid=146 sendCount=1/1 timeout=1000ms crc=30 0C len=8
frame=01 04 00 00 00 09 30 0C
[2026-04-17 19:56:11] [INFO] [ModbusCommandReceiver][processPendingFrame]：[接收-帧] 19:56:11.282 设备ID=12073 module=PERIODIC id=ReadFoupStatus uuid=146 len=23
frame=01 04 12 00 31 0B 07 11 D0 69 E2 1F DB 26 AB 05 9F 00 00 00 00 3F 19
[2026-04-17 19:56:11] [INFO] [ModbusCommandReceiver][succeedPendingCommand]：接收成功 - 设备ID=12073 module=PERIODIC id=ReadFoupStatus uuid=146 crc=3F 19 elapsed=101ms
[2026-04-17 19:56:11] [INFO] [PeriodicCommandSender]：设备ID=12073 [CyclicCommandIssuer] 指令成功:ReadFoupStatus
[2026-04-17 19:56:11] [INFO] [PeriodicCommandSender]：设备ID=12073 [CyclicCommandIssuer] 第3轮完成 失败:0条
