[2026-04-17 19:56:08] [INFO] [ModbusTcpMaster][enterState]：设备ID=12062 状态切换: 空闲 -> 连接中
[2026-04-17 19:56:08] [INFO] [ModbusConnecter][setStatus]：设备ID=12062 状态转变：已断开 -> 连接中
[2026-04-17 19:56:08] [INFO] [ModbusConnecter][performConnection]：设备ID=12062 正在尝试连接服务器 127.0.0.1:561
[2026-04-17 19:56:08] [INFO] [ModbusTcpMaster][enterState]：设备ID=12062 状态切换: 连接中 -> 指令发送器已启动
[2026-04-17 19:56:08] [INFO] [ModbusTcpMaster][startSender]：设备ID=12062 指令发送器已启动，立即进入初始化阶段
[2026-04-17 19:56:08] [INFO] [ModbusTcpMaster][enterState]：设备ID=12062 状态切换: 指令发送器已启动 -> 初始指令下发中
[2026-04-17 19:56:08] [INFO] [InitialCommandIssuer]：设备ID=12062 [CyclicCommandIssuer] 启动循环下发 指令数:1 轮数:1 间隔:100ms
[2026-04-17 19:56:08] [INFO] [InitialCommandIssuer]：设备ID=12062 [CyclicCommandIssuer] 发送指令:ReadVersion 索引:0
[2026-04-17 19:56:08] [INFO] [ModbusCommandSender][doSend]：[发送] 19:56:08.775 设备ID=12062 module=INITIAL id=ReadVersion uuid=123 sendCount=1/4 timeout=1000ms crc=B1 CD len=8
frame=01 04 00 18 00 01 B1 CD
[2026-04-17 19:56:08] [INFO] [ModbusTcpMaster][enterState]：设备ID=12062 状态切换: 初始指令下发中 -> 启动定时发送器中
[2026-04-17 19:56:08] [INFO] [PeriodicCommandSender]：设备ID=12062 [CyclicCommandIssuer] 启动循环下发 指令数:1 轮数:无限 间隔:1000ms
[2026-04-17 19:56:08] [INFO] [PeriodicCommandSender]：设备ID=12062 [CyclicCommandIssuer] 发送指令:ReadFoupStatus 索引:0
[2026-04-17 19:56:08] [INFO] [ModbusTcpMaster][startPeriodicSender]：设备ID=12062 定时发送器已启动，进入正常运行状态
[2026-04-17 19:56:08] [INFO] [ModbusTcpMaster][enterState]：设备ID=12062 状态切换: 启动定时发送器中 -> 正常运行
[2026-04-17 19:56:08] [INFO] [ModbusConnecter][setStatus]：设备ID=12062 状态转变：连接中 -> 已连接
[2026-04-17 19:56:08] [INFO] [ModbusCommandReceiver][processPendingFrame]：[接收-帧] 19:56:08.950 设备ID=12062 module=INITIAL id=ReadVersion uuid=123 len=7
frame=01 04 02 00 00 B9 30
[2026-04-17 19:56:08] [INFO] [ModbusCommandReceiver][succeedPendingCommand]：接收成功 - 设备ID=12062 module=INITIAL id=ReadVersion uuid=123 crc=B9 30 elapsed=175ms
[2026-04-17 19:56:08] [INFO] [InitialCommandIssuer]：设备ID=12062 [CyclicCommandIssuer] 指令成功:ReadVersion
[2026-04-17 19:56:08] [INFO] [InitialCommandIssuer]：设备ID=12062 [CyclicCommandIssuer] 第1轮完成 失败:0条
[2026-04-17 19:56:08] [INFO] [InitialCommandIssuer][onRoundComplete]：设备ID=12062 完成，失败0条
[2026-04-17 19:56:08] [INFO] [ModbusTcpMaster][onInitialFinished]：设备ID=12062 初始化完成，失败指令数：0
[2026-04-17 19:56:08] [INFO] [InitialCommandIssuer]：设备ID=12062 [CyclicCommandIssuer] 全部轮次执行完毕
[2026-04-17 19:56:08] [INFO] [ModbusCommandSender][doSend]：[发送] 19:56:08.951 设备ID=12062 module=PERIODIC id=ReadFoupStatus uuid=124 sendCount=1/1 timeout=1000ms crc=30 0C len=8
frame=01 04 00 00 00 09 30 0C
[2026-04-17 19:56:08] [INFO] [ModbusCommandReceiver][processPendingFrame]：[接收-帧] 19:56:08.985 设备ID=12062 module=PERIODIC id=ReadFoupStatus uuid=124 len=23
frame=01 04 12 00 22 01 73 25 62 69 E2 1F D8 04 F2 0B 3F 00 00 00 00 63 28
[2026-04-17 19:56:08] [INFO] [ModbusCommandReceiver][succeedPendingCommand]：接收成功 - 设备ID=12062 module=PERIODIC id=ReadFoupStatus uuid=124 crc=63 28 elapsed=34ms
[2026-04-17 19:56:08] [INFO] [PeriodicCommandSender]：设备ID=12062 [CyclicCommandIssuer] 指令成功:ReadFoupStatus
[2026-04-17 19:56:08] [INFO] [PeriodicCommandSender]：设备ID=12062 [CyclicCommandIssuer] 第1轮完成 失败:0条
[2026-04-17 19:56:09] [INFO] [PeriodicCommandSender]：设备ID=12062 [CyclicCommandIssuer] 发送指令:ReadFoupStatus 索引:0
[2026-04-17 19:56:09] [INFO] [ModbusCommandSender][doSend]：[发送] 19:56:09.985 设备ID=12062 module=PERIODIC id=ReadFoupStatus uuid=124 sendCount=1/1 timeout=1000ms crc=30 0C len=8
frame=01 04 00 00 00 09 30 0C
[2026-04-17 19:56:10] [INFO] [ModbusCommandReceiver][processPendingFrame]：[接收-帧] 19:56:10.073 设备ID=12062 module=PERIODIC id=ReadFoupStatus uuid=124 len=23
frame=01 04 12 00 16 07 BC 0F E8 69 E2 1F D9 18 8C 02 9E 00 01 00 00 8B 7F
[2026-04-17 19:56:10] [INFO] [ModbusCommandReceiver][succeedPendingCommand]：接收成功 - 设备ID=12062 module=PERIODIC id=ReadFoupStatus uuid=124 crc=8B 7F elapsed=89ms
[2026-04-17 19:56:10] [INFO] [PeriodicCommandSender]：设备ID=12062 [CyclicCommandIssuer] 指令成功:ReadFoupStatus
[2026-04-17 19:56:10] [INFO] [PeriodicCommandSender]：设备ID=12062 [CyclicCommandIssuer] 第2轮完成 失败:0条
[2026-04-17 19:56:11] [INFO] [PeriodicCommandSender]：设备ID=12062 [CyclicCommandIssuer] 发送指令:ReadFoupStatus 索引:0
[2026-04-17 19:56:11] [INFO] [ModbusCommandSender][doSend]：[发送] 19:56:11.077 设备ID=12062 module=PERIODIC id=ReadFoupStatus uuid=124 sendCount=1/1 timeout=1000ms crc=30 0C len=8
frame=01 04 00 00 00 09 30 0C
[2026-04-17 19:56:11] [INFO] [ModbusCommandReceiver][processPendingFrame]：[接收-帧] 19:56:11.170 设备ID=12062 module=PERIODIC id=ReadFoupStatus uuid=124 len=23
frame=01 04 12 00 63 17 82 06 3F 69 E2 1F DB 07 F6 0B BC 00 00 00 00 19 43
[2026-04-17 19:56:11] [INFO] [ModbusCommandReceiver][succeedPendingCommand]：接收成功 - 设备ID=12062 module=PERIODIC id=ReadFoupStatus uuid=124 crc=19 43 elapsed=93ms
[2026-04-17 19:56:11] [INFO] [PeriodicCommandSender]：设备ID=12062 [CyclicCommandIssuer] 指令成功:ReadFoupStatus
[2026-04-17 19:56:11] [INFO] [PeriodicCommandSender]：设备ID=12062 [CyclicCommandIssuer] 第3轮完成 失败:0条
