[2026-04-17 19:56:08] [INFO] [ModbusTcpMaster][enterState]：设备ID=12025 状态切换: 空闲 -> 连接中
[2026-04-17 19:56:08] [INFO] [ModbusConnecter][setStatus]：设备ID=12025 状态转变：已断开 -> 连接中
[2026-04-17 19:56:08] [INFO] [ModbusConnecter][performConnection]：设备ID=12025 正在尝试连接服务器 127.0.0.1:524
[2026-04-17 19:56:08] [INFO] [ModbusTcpMaster][enterState]：设备ID=12025 状态切换: 连接中 -> 指令发送器已启动
[2026-04-17 19:56:08] [INFO] [ModbusTcpMaster][startSender]：设备ID=12025 指令发送器已启动，立即进入初始化阶段
[2026-04-17 19:56:08] [INFO] [ModbusTcpMaster][enterState]：设备ID=12025 状态切换: 指令发送器已启动 -> 初始指令下发中
[2026-04-17 19:56:08] [INFO] [InitialCommandIssuer]：设备ID=12025 [CyclicCommandIssuer] 启动循环下发 指令数:1 轮数:1 间隔:100ms
[2026-04-17 19:56:08] [INFO] [InitialCommandIssuer]：设备ID=12025 [CyclicCommandIssuer] 发送指令:ReadVersion 索引:0
[2026-04-17 19:56:08] [INFO] [ModbusCommandSender][doSend]：[发送] 19:56:08.394 设备ID=12025 module=INITIAL id=ReadVersion uuid=49 sendCount=1/4 timeout=1000ms crc=B1 CD len=8
frame=01 04 00 18 00 01 B1 CD
[2026-04-17 19:56:08] [INFO] [ModbusTcpMaster][enterState]：设备ID=12025 状态切换: 初始指令下发中 -> 启动定时发送器中
[2026-04-17 19:56:08] [INFO] [PeriodicCommandSender]：设备ID=12025 [CyclicCommandIssuer] 启动循环下发 指令数:1 轮数:无限 间隔:1000ms
[2026-04-17 19:56:08] [INFO] [PeriodicCommandSender]：设备ID=12025 [CyclicCommandIssuer] 发送指令:ReadFoupStatus 索引:0
[2026-04-17 19:56:08] [INFO] [ModbusTcpMaster][startPeriodicSender]：设备ID=12025 定时发送器已启动，进入正常运行状态
[2026-04-17 19:56:08] [INFO] [ModbusTcpMaster][enterState]：设备ID=12025 状态切换: 启动定时发送器中 -> 正常运行
[2026-04-17 19:56:08] [INFO] [ModbusConnecter][setStatus]：设备ID=12025 状态转变：连接中 -> 已连接
[2026-04-17 19:56:08] [INFO] [ModbusCommandReceiver][processPendingFrame]：[接收-帧] 19:56:08.957 设备ID=12025 module=INITIAL id=ReadVersion uuid=49 len=7
frame=01 04 02 00 00 B9 30
[2026-04-17 19:56:08] [INFO] [ModbusCommandReceiver][succeedPendingCommand]：接收成功 - 设备ID=12025 module=INITIAL id=ReadVersion uuid=49 crc=B9 30 elapsed=563ms
[2026-04-17 19:56:08] [INFO] [InitialCommandIssuer]：设备ID=12025 [CyclicCommandIssuer] 指令成功:ReadVersion
[2026-04-17 19:56:08] [INFO] [InitialCommandIssuer]：设备ID=12025 [CyclicCommandIssuer] 第1轮完成 失败:0条
[2026-04-17 19:56:08] [INFO] [InitialCommandIssuer][onRoundComplete]：设备ID=12025 完成，失败0条
[2026-04-17 19:56:08] [INFO] [ModbusTcpMaster][onInitialFinished]：设备ID=12025 初始化完成，失败指令数：0
[2026-04-17 19:56:08] [INFO] [InitialCommandIssuer]：设备ID=12025 [CyclicCommandIssuer] 全部轮次执行完毕
[2026-04-17 19:56:08] [INFO] [ModbusCommandSender][doSend]：[发送] 19:56:08.958 设备ID=12025 module=PERIODIC id=ReadFoupStatus uuid=50 sendCount=1/1 timeout=1000ms crc=30 0C len=8
frame=01 04 00 00 00 09 30 0C
[2026-04-17 19:56:09] [INFO] [ModbusCommandReceiver][processPendingFrame]：[接收-帧] 19:56:09.050 设备ID=12025 module=PERIODIC id=ReadFoupStatus uuid=50 len=23
frame=01 04 12 00 2C 0D 30 14 93 69 E2 1F D8 19 8C 01 B5 00 00 00 00 B4 19
[2026-04-17 19:56:09] [INFO] [ModbusCommandReceiver][succeedPendingCommand]：接收成功 - 设备ID=12025 module=PERIODIC id=ReadFoupStatus uuid=50 crc=B4 19 elapsed=92ms
[2026-04-17 19:56:09] [INFO] [PeriodicCommandSender]：设备ID=12025 [CyclicCommandIssuer] 指令成功:ReadFoupStatus
[2026-04-17 19:56:09] [INFO] [PeriodicCommandSender]：设备ID=12025 [CyclicCommandIssuer] 第1轮完成 失败:0条
[2026-04-17 19:56:10] [INFO] [PeriodicCommandSender]：设备ID=12025 [CyclicCommandIssuer] 发送指令:ReadFoupStatus 索引:0
[2026-04-17 19:56:10] [INFO] [ModbusCommandSender][doSend]：[发送] 19:56:10.041 设备ID=12025 module=PERIODIC id=ReadFoupStatus uuid=50 sendCount=1/1 timeout=1000ms crc=30 0C len=8
frame=01 04 00 00 00 09 30 0C
[2026-04-17 19:56:10] [INFO] [ModbusCommandReceiver][processPendingFrame]：[接收-帧] 19:56:10.141 设备ID=12025 module=PERIODIC id=ReadFoupStatus uuid=50 len=23
frame=01 04 12 00 35 0E 06 0A 76 69 E2 1F DA 14 DE 0F 72 00 01 00 00 BB 10
[2026-04-17 19:56:10] [INFO] [ModbusCommandReceiver][succeedPendingCommand]：接收成功 - 设备ID=12025 module=PERIODIC id=ReadFoupStatus uuid=50 crc=BB 10 elapsed=100ms
[2026-04-17 19:56:10] [INFO] [PeriodicCommandSender]：设备ID=12025 [CyclicCommandIssuer] 指令成功:ReadFoupStatus
[2026-04-17 19:56:10] [INFO] [PeriodicCommandSender]：设备ID=12025 [CyclicCommandIssuer] 第2轮完成 失败:0条
[2026-04-17 19:56:11] [INFO] [PeriodicCommandSender]：设备ID=12025 [CyclicCommandIssuer] 发送指令:ReadFoupStatus 索引:0
[2026-04-17 19:56:11] [INFO] [ModbusCommandSender][doSend]：[发送] 19:56:11.136 设备ID=12025 module=PERIODIC id=ReadFoupStatus uuid=50 sendCount=1/1 timeout=1000ms crc=30 0C len=8
frame=01 04 00 00 00 09 30 0C
[2026-04-17 19:56:11] [INFO] [ModbusCommandReceiver][processPendingFrame]：[接收-帧] 19:56:11.239 设备ID=12025 module=PERIODIC id=ReadFoupStatus uuid=50 len=23
frame=01 04 12 00 0C 0C 1B 1B D5 69 E2 1F DB 12 12 0E C7 00 01 00 00 BC EB
[2026-04-17 19:56:11] [INFO] [ModbusCommandReceiver][succeedPendingCommand]：接收成功 - 设备ID=12025 module=PERIODIC id=ReadFoupStatus uuid=50 crc=BC EB elapsed=104ms
[2026-04-17 19:56:11] [INFO] [PeriodicCommandSender]：设备ID=12025 [CyclicCommandIssuer] 指令成功:ReadFoupStatus
[2026-04-17 19:56:11] [INFO] [PeriodicCommandSender]：设备ID=12025 [CyclicCommandIssuer] 第3轮完成 失败:0条
