[2026-04-17 19:56:08] [INFO] [ModbusTcpMaster][enterState]：设备ID=12076 状态切换: 空闲 -> 连接中
[2026-04-17 19:56:08] [INFO] [ModbusConnecter][setStatus]：设备ID=12076 状态转变：已断开 -> 连接中
[2026-04-17 19:56:08] [INFO] [ModbusConnecter][performConnection]：设备ID=12076 正在尝试连接服务器 127.0.0.1:575
[2026-04-17 19:56:08] [INFO] [ModbusTcpMaster][enterState]：设备ID=12076 状态切换: 连接中 -> 指令发送器已启动
[2026-04-17 19:56:08] [INFO] [ModbusTcpMaster][startSender]：设备ID=12076 指令发送器已启动，立即进入初始化阶段
[2026-04-17 19:56:08] [INFO] [ModbusTcpMaster][enterState]：设备ID=12076 状态切换: 指令发送器已启动 -> 初始指令下发中
[2026-04-17 19:56:08] [INFO] [InitialCommandIssuer]：设备ID=12076 [CyclicCommandIssuer] 启动循环下发 指令数:1 轮数:1 间隔:100ms
[2026-04-17 19:56:08] [INFO] [InitialCommandIssuer]：设备ID=12076 [CyclicCommandIssuer] 发送指令:ReadVersion 索引:0
[2026-04-17 19:56:08] [INFO] [ModbusCommandSender][doSend]：[发送] 19:56:08.921 设备ID=12076 module=INITIAL id=ReadVersion uuid=151 sendCount=1/4 timeout=1000ms crc=B1 CD len=8
frame=01 04 00 18 00 01 B1 CD
[2026-04-17 19:56:08] [INFO] [ModbusTcpMaster][enterState]：设备ID=12076 状态切换: 初始指令下发中 -> 启动定时发送器中
[2026-04-17 19:56:08] [INFO] [PeriodicCommandSender]：设备ID=12076 [CyclicCommandIssuer] 启动循环下发 指令数:1 轮数:无限 间隔:1000ms
[2026-04-17 19:56:08] [INFO] [PeriodicCommandSender]：设备ID=12076 [CyclicCommandIssuer] 发送指令:ReadFoupStatus 索引:0
[2026-04-17 19:56:08] [INFO] [ModbusTcpMaster][startPeriodicSender]：设备ID=12076 定时发送器已启动，进入正常运行状态
[2026-04-17 19:56:08] [INFO] [ModbusTcpMaster][enterState]：设备ID=12076 状态切换: 启动定时发送器中 -> 正常运行
[2026-04-17 19:56:08] [INFO] [ModbusConnecter][setStatus]：设备ID=12076 状态转变：连接中 -> 已连接
[2026-04-17 19:56:09] [INFO] [ModbusCommandReceiver][processPendingFrame]：[接收-帧] 19:56:09.037 设备ID=12076 module=INITIAL id=ReadVersion uuid=151 len=7
frame=01 04 02 00 00 B9 30
[2026-04-17 19:56:09] [INFO] [ModbusCommandReceiver][succeedPendingCommand]：接收成功 - 设备ID=12076 module=INITIAL id=ReadVersion uuid=151 crc=B9 30 elapsed=116ms
[2026-04-17 19:56:09] [INFO] [InitialCommandIssuer]：设备ID=12076 [CyclicCommandIssuer] 指令成功:ReadVersion
[2026-04-17 19:56:09] [INFO] [InitialCommandIssuer]：设备ID=12076 [CyclicCommandIssuer] 第1轮完成 失败:0条
[2026-04-17 19:56:09] [INFO] [InitialCommandIssuer][onRoundComplete]：设备ID=12076 完成，失败0条
[2026-04-17 19:56:09] [INFO] [ModbusTcpMaster][onInitialFinished]：设备ID=12076 初始化完成，失败指令数：0
[2026-04-17 19:56:09] [INFO] [InitialCommandIssuer]：设备ID=12076 [CyclicCommandIssuer] 全部轮次执行完毕
[2026-04-17 19:56:09] [INFO] [ModbusCommandSender][doSend]：[发送] 19:56:09.038 设备ID=12076 module=PERIODIC id=ReadFoupStatus uuid=152 sendCount=1/1 timeout=1000ms crc=30 0C len=8
frame=01 04 00 00 00 09 30 0C
[2026-04-17 19:56:09] [INFO] [ModbusCommandReceiver][processPendingFrame]：[接收-帧] 19:56:09.106 设备ID=12076 module=PERIODIC id=ReadFoupStatus uuid=152 len=23
frame=01 04 12 00 1E 09 88 05 8A 69 E2 1F D9 14 0F 04 58 00 00 00 00 5B 0C
[2026-04-17 19:56:09] [INFO] [ModbusCommandReceiver][succeedPendingCommand]：接收成功 - 设备ID=12076 module=PERIODIC id=ReadFoupStatus uuid=152 crc=5B 0C elapsed=68ms
[2026-04-17 19:56:09] [INFO] [PeriodicCommandSender]：设备ID=12076 [CyclicCommandIssuer] 指令成功:ReadFoupStatus
[2026-04-17 19:56:09] [INFO] [PeriodicCommandSender]：设备ID=12076 [CyclicCommandIssuer] 第1轮完成 失败:0条
[2026-04-17 19:56:10] [INFO] [PeriodicCommandSender]：设备ID=12076 [CyclicCommandIssuer] 发送指令:ReadFoupStatus 索引:0
[2026-04-17 19:56:10] [INFO] [ModbusCommandSender][doSend]：[发送] 19:56:10.105 设备ID=12076 module=PERIODIC id=ReadFoupStatus uuid=152 sendCount=1/1 timeout=1000ms crc=30 0C len=8
frame=01 04 00 00 00 09 30 0C
[2026-04-17 19:56:10] [INFO] [ModbusCommandReceiver][processPendingFrame]：[接收-帧] 19:56:10.208 设备ID=12076 module=PERIODIC id=ReadFoupStatus uuid=152 len=23
frame=01 04 12 00 5D 1E E2 08 12 69 E2 1F DA 0C 0F 05 83 00 00 00 00 9C B5
[2026-04-17 19:56:10] [INFO] [ModbusCommandReceiver][succeedPendingCommand]：接收成功 - 设备ID=12076 module=PERIODIC id=ReadFoupStatus uuid=152 crc=9C B5 elapsed=103ms
[2026-04-17 19:56:10] [INFO] [PeriodicCommandSender]：设备ID=12076 [CyclicCommandIssuer] 指令成功:ReadFoupStatus
[2026-04-17 19:56:10] [INFO] [PeriodicCommandSender]：设备ID=12076 [CyclicCommandIssuer] 第2轮完成 失败:0条
[2026-04-17 19:56:11] [INFO] [PeriodicCommandSender]：设备ID=12076 [CyclicCommandIssuer] 发送指令:ReadFoupStatus 索引:0
[2026-04-17 19:56:11] [INFO] [ModbusCommandSender][doSend]：[发送] 19:56:11.197 设备ID=12076 module=PERIODIC id=ReadFoupStatus uuid=152 sendCount=1/1 timeout=1000ms crc=30 0C len=8
frame=01 04 00 00 00 09 30 0C
[2026-04-17 19:56:11] [INFO] [ModbusCommandReceiver][processPendingFrame]：[接收-帧] 19:56:11.295 设备ID=12076 module=PERIODIC id=ReadFoupStatus uuid=152 len=23
frame=01 04 12 00 14 10 DF 1B A1 69 E2 1F DB 04 05 0A 18 00 00 00 00 68 72
[2026-04-17 19:56:11] [INFO] [ModbusCommandReceiver][succeedPendingCommand]：接收成功 - 设备ID=12076 module=PERIODIC id=ReadFoupStatus uuid=152 crc=68 72 elapsed=98ms
[2026-04-17 19:56:11] [INFO] [PeriodicCommandSender]：设备ID=12076 [CyclicCommandIssuer] 指令成功:ReadFoupStatus
[2026-04-17 19:56:11] [INFO] [PeriodicCommandSender]：设备ID=12076 [CyclicCommandIssuer] 第3轮完成 失败:0条
