[2026-04-17 19:56:08] [INFO] [ModbusTcpMaster][enterState]：设备ID=12061 状态切换: 空闲 -> 连接中
[2026-04-17 19:56:08] [INFO] [ModbusConnecter][setStatus]：设备ID=12061 状态转变：已断开 -> 连接中
[2026-04-17 19:56:08] [INFO] [ModbusConnecter][performConnection]：设备ID=12061 正在尝试连接服务器 127.0.0.1:560
[2026-04-17 19:56:08] [INFO] [ModbusTcpMaster][enterState]：设备ID=12061 状态切换: 连接中 -> 指令发送器已启动
[2026-04-17 19:56:08] [INFO] [ModbusTcpMaster][startSender]：设备ID=12061 指令发送器已启动，立即进入初始化阶段
[2026-04-17 19:56:08] [INFO] [ModbusTcpMaster][enterState]：设备ID=12061 状态切换: 指令发送器已启动 -> 初始指令下发中
[2026-04-17 19:56:08] [INFO] [InitialCommandIssuer]：设备ID=12061 [CyclicCommandIssuer] 启动循环下发 指令数:1 轮数:1 间隔:100ms
[2026-04-17 19:56:08] [INFO] [InitialCommandIssuer]：设备ID=12061 [CyclicCommandIssuer] 发送指令:ReadVersion 索引:0
[2026-04-17 19:56:08] [INFO] [ModbusCommandSender][doSend]：[发送] 19:56:08.767 设备ID=12061 module=INITIAL id=ReadVersion uuid=121 sendCount=1/4 timeout=1000ms crc=B1 CD len=8
frame=01 04 00 18 00 01 B1 CD
[2026-04-17 19:56:08] [INFO] [ModbusTcpMaster][enterState]：设备ID=12061 状态切换: 初始指令下发中 -> 启动定时发送器中
[2026-04-17 19:56:08] [INFO] [PeriodicCommandSender]：设备ID=12061 [CyclicCommandIssuer] 启动循环下发 指令数:1 轮数:无限 间隔:1000ms
[2026-04-17 19:56:08] [INFO] [PeriodicCommandSender]：设备ID=12061 [CyclicCommandIssuer] 发送指令:ReadFoupStatus 索引:0
[2026-04-17 19:56:08] [INFO] [ModbusTcpMaster][startPeriodicSender]：设备ID=12061 定时发送器已启动，进入正常运行状态
[2026-04-17 19:56:08] [INFO] [ModbusTcpMaster][enterState]：设备ID=12061 状态切换: 启动定时发送器中 -> 正常运行
[2026-04-17 19:56:08] [INFO] [ModbusConnecter][setStatus]：设备ID=12061 状态转变：连接中 -> 已连接
[2026-04-17 19:56:08] [INFO] [ModbusCommandReceiver][processPendingFrame]：[接收-帧] 19:56:08.955 设备ID=12061 module=INITIAL id=ReadVersion uuid=121 len=7
frame=01 04 02 00 00 B9 30
[2026-04-17 19:56:08] [INFO] [ModbusCommandReceiver][succeedPendingCommand]：接收成功 - 设备ID=12061 module=INITIAL id=ReadVersion uuid=121 crc=B9 30 elapsed=188ms
[2026-04-17 19:56:08] [INFO] [InitialCommandIssuer]：设备ID=12061 [CyclicCommandIssuer] 指令成功:ReadVersion
[2026-04-17 19:56:08] [INFO] [InitialCommandIssuer]：设备ID=12061 [CyclicCommandIssuer] 第1轮完成 失败:0条
[2026-04-17 19:56:08] [INFO] [InitialCommandIssuer][onRoundComplete]：设备ID=12061 完成，失败0条
[2026-04-17 19:56:08] [INFO] [ModbusTcpMaster][onInitialFinished]：设备ID=12061 初始化完成，失败指令数：0
[2026-04-17 19:56:08] [INFO] [InitialCommandIssuer]：设备ID=12061 [CyclicCommandIssuer] 全部轮次执行完毕
[2026-04-17 19:56:08] [INFO] [ModbusCommandSender][doSend]：[发送] 19:56:08.955 设备ID=12061 module=PERIODIC id=ReadFoupStatus uuid=122 sendCount=1/1 timeout=1000ms crc=30 0C len=8
frame=01 04 00 00 00 09 30 0C
[2026-04-17 19:56:08] [INFO] [ModbusCommandReceiver][processPendingFrame]：[接收-帧] 19:56:08.984 设备ID=12061 module=PERIODIC id=ReadFoupStatus uuid=122 len=23
frame=01 04 12 00 5D 17 44 08 72 69 E2 1F D8 20 22 10 38 00 01 00 00 AC 08
[2026-04-17 19:56:08] [INFO] [ModbusCommandReceiver][succeedPendingCommand]：接收成功 - 设备ID=12061 module=PERIODIC id=ReadFoupStatus uuid=122 crc=AC 08 elapsed=29ms
[2026-04-17 19:56:08] [INFO] [PeriodicCommandSender]：设备ID=12061 [CyclicCommandIssuer] 指令成功:ReadFoupStatus
[2026-04-17 19:56:08] [INFO] [PeriodicCommandSender]：设备ID=12061 [CyclicCommandIssuer] 第1轮完成 失败:0条
[2026-04-17 19:56:09] [INFO] [PeriodicCommandSender]：设备ID=12061 [CyclicCommandIssuer] 发送指令:ReadFoupStatus 索引:0
[2026-04-17 19:56:09] [INFO] [ModbusCommandSender][doSend]：[发送] 19:56:09.987 设备ID=12061 module=PERIODIC id=ReadFoupStatus uuid=122 sendCount=1/1 timeout=1000ms crc=30 0C len=8
frame=01 04 00 00 00 09 30 0C
[2026-04-17 19:56:10] [INFO] [ModbusCommandReceiver][processPendingFrame]：[接收-帧] 19:56:10.074 设备ID=12061 module=PERIODIC id=ReadFoupStatus uuid=122 len=23
frame=01 04 12 00 4A 16 5F 16 EB 69 E2 1F D9 20 25 03 DA 00 01 00 00 CA 04
[2026-04-17 19:56:10] [INFO] [ModbusCommandReceiver][succeedPendingCommand]：接收成功 - 设备ID=12061 module=PERIODIC id=ReadFoupStatus uuid=122 crc=CA 04 elapsed=87ms
[2026-04-17 19:56:10] [INFO] [PeriodicCommandSender]：设备ID=12061 [CyclicCommandIssuer] 指令成功:ReadFoupStatus
[2026-04-17 19:56:10] [INFO] [PeriodicCommandSender]：设备ID=12061 [CyclicCommandIssuer] 第2轮完成 失败:0条
[2026-04-17 19:56:11] [INFO] [PeriodicCommandSender]：设备ID=12061 [CyclicCommandIssuer] 发送指令:ReadFoupStatus 索引:0
[2026-04-17 19:56:11] [INFO] [ModbusCommandSender][doSend]：[发送] 19:56:11.077 设备ID=12061 module=PERIODIC id=ReadFoupStatus uuid=122 sendCount=1/1 timeout=1000ms crc=30 0C len=8
frame=01 04 00 00 00 09 30 0C
[2026-04-17 19:56:11] [INFO] [ModbusCommandReceiver][processPendingFrame]：[接收-帧] 19:56:11.170 设备ID=12061 module=PERIODIC id=ReadFoupStatus uuid=122 len=23
frame=01 04 12 00 17 09 B4 04 90 69 E2 1F DB 25 4C 10 82 00 00 00 00 64 AF
[2026-04-17 19:56:11] [INFO] [ModbusCommandReceiver][succeedPendingCommand]：接收成功 - 设备ID=12061 module=PERIODIC id=ReadFoupStatus uuid=122 crc=64 AF elapsed=93ms
[2026-04-17 19:56:11] [INFO] [PeriodicCommandSender]：设备ID=12061 [CyclicCommandIssuer] 指令成功:ReadFoupStatus
[2026-04-17 19:56:11] [INFO] [PeriodicCommandSender]：设备ID=12061 [CyclicCommandIssuer] 第3轮完成 失败:0条
