[2026-04-17 11:43:01] [WARN] [ModbusCommandReceiver][validateResponseFrame]：验证失败 - 设备ID=12001 id=ReadVersion uuid=1 reason=CRC不匹配 expected=0x01a3 actual=0x0000
[2026-04-17 11:43:01] [WARN] [ModbusCommandReceiver][processPendingFrame]：[接收-脏帧] 11:43:01.081 设备ID=12001 module=INITIAL id=ReadVersion uuid=1 error=响应帧CRC校验失败
frame=01 04 02 00 00
expectedCrc=0x01a3 actualCrc=0x0000
[2026-04-17 11:43:01] [WARN] 响应超时 - 设备ID=12001 module=INITIAL id=ReadVersion uuid=1 timeout=1000ms
[2026-04-17 11:43:01] [WARN] [ModbusCommandReceiver][onResponseTimeout]：响应超时 - 设备ID=12001 module=INITIAL id=ReadVersion uuid=1 timeout=1000ms
[2026-04-17 11:43:02] [WARN] [ModbusCommandReceiver][validateResponseFrame]：验证失败 - 设备ID=12001 id=ReadVersion uuid=1 reason=CRC不匹配 expected=0x01a3 actual=0x0000
[2026-04-17 11:43:02] [WARN] [ModbusCommandReceiver][processPendingFrame]：[接收-脏帧] 11:43:02.060 设备ID=12001 module=INITIAL id=ReadVersion uuid=1 error=响应帧CRC校验失败
frame=01 04 02 00 00
expectedCrc=0x01a3 actualCrc=0x0000
[2026-04-17 11:43:02] [WARN] 响应超时 - 设备ID=12001 module=INITIAL id=ReadVersion uuid=1 timeout=1000ms
[2026-04-17 11:43:02] [WARN] [ModbusCommandReceiver][onResponseTimeout]：响应超时 - 设备ID=12001 module=INITIAL id=ReadVersion uuid=1 timeout=1000ms
[2026-04-17 11:43:03] [WARN] [ModbusCommandReceiver][validateResponseFrame]：验证失败 - 设备ID=12001 id=ReadVersion uuid=1 reason=CRC不匹配 expected=0x01a3 actual=0x0000
[2026-04-17 11:43:03] [WARN] [ModbusCommandReceiver][processPendingFrame]：[接收-脏帧] 11:43:03.039 设备ID=12001 module=INITIAL id=ReadVersion uuid=1 error=响应帧CRC校验失败
frame=01 04 02 00 00
expectedCrc=0x01a3 actualCrc=0x0000
[2026-04-17 11:43:03] [WARN] 响应超时 - 设备ID=12001 module=INITIAL id=ReadVersion uuid=1 timeout=1000ms
[2026-04-17 11:43:03] [WARN] [ModbusCommandReceiver][onResponseTimeout]：响应超时 - 设备ID=12001 module=INITIAL id=ReadVersion uuid=1 timeout=1000ms
[2026-04-17 11:43:04] [WARN] [ModbusCommandReceiver][validateResponseFrame]：验证失败 - 设备ID=12001 id=ReadVersion uuid=1 reason=CRC不匹配 expected=0x01a3 actual=0x0000
[2026-04-17 11:43:04] [WARN] [ModbusCommandReceiver][processPendingFrame]：[接收-脏帧] 11:43:04.022 设备ID=12001 module=INITIAL id=ReadVersion uuid=1 error=响应帧CRC校验失败
frame=01 04 02 00 00
expectedCrc=0x01a3 actualCrc=0x0000
[2026-04-17 11:43:04] [WARN] 响应超时 - 设备ID=12001 module=INITIAL id=ReadVersion uuid=1 timeout=1000ms
[2026-04-17 11:43:04] [WARN] [ModbusCommandReceiver][onResponseTimeout]：响应超时 - 设备ID=12001 module=INITIAL id=ReadVersion uuid=1 timeout=1000ms
[2026-04-17 11:43:04] [WARN] [ModbusCommandSender][handleFailedCommand]：指令失败 - 设备ID=12001 module=INITIAL id=ReadVersion uuid=1 error=等待RTU响应超时 sendCount=4/4
[2026-04-17 11:43:05] [WARN] [ModbusCommandReceiver][validateResponseFrame]：验证失败 - 设备ID=12001 id=ReadFoupStatus uuid=2 reason=CRC不匹配 expected=0xcda2 actual=0x4200
[2026-04-17 11:43:05] [WARN] [ModbusCommandReceiver][processPendingFrame]：[接收-脏帧] 11:43:05.009 设备ID=12001 module=PERIODIC id=ReadFoupStatus uuid=2 error=响应帧CRC校验失败
frame=01 04 12 00 42
expectedCrc=0xcda2 actualCrc=0x4200
[2026-04-17 11:43:05] [WARN] [ModbusCommandReceiver][tryExtractMatchedFrame]：丢弃脏数据 - 设备ID=12001 id=ReadFoupStatus uuid=2 dropBytes=14 reason=未找到合法RTU响应帧
[2026-04-17 14:20:26] [WARN] 响应超时 - 设备ID=12001 module=PERIODIC id=ReadFoupStatus uuid=2 timeout=1000ms
[2026-04-17 14:20:26] [WARN] [ModbusCommandSender][handleFailedCommand]：指令失败 - 设备ID=12001 module=PERIODIC id=ReadFoupStatus uuid=2 error=等待RTU响应超时 sendCount=1/1
[2026-04-17 14:20:26] [WARN] [PeriodicCommandSender][onRoundComplete]：设备ID=12001 本轮失败1条 连续失败轮次:1
[2026-04-17 14:20:26] [WARN] [ModbusCommandReceiver][onResponseTimeout]：响应超时 - 设备ID=12001 module=PERIODIC id=ReadFoupStatus uuid=2 timeout=1000ms
[2026-04-17 14:21:39] [WARN] [ModbusConnecter][performConnection]：设备ID=12001 TCP 连接失败 - error=套接字操作超时
[2026-04-17 14:25:43] [WARN] [ModbusConnecter][performConnection]：设备ID=12001 TCP 连接失败 - error=套接字操作超时
[2026-04-17 14:29:46] [WARN] [ModbusConnecter][performConnection]：设备ID=12001 TCP 连接失败 - error=套接字操作超时
[2026-04-17 14:33:49] [WARN] [ModbusConnecter][performConnection]：设备ID=12001 TCP 连接失败 - error=套接字操作超时
[2026-04-17 14:50:50] [WARN] [ModbusConnecter][performConnection]：设备ID=12001 TCP 连接失败 - error=套接字操作超时
[2026-04-17 15:46:55] [WARN] [ModbusConnecter][performConnection]：设备ID=12001 TCP 连接失败 - error=套接字操作超时
[2026-04-17 15:47:10] [WARN] [ModbusConnecter][performConnection]：设备ID=12001 TCP 连接失败 - error=套接字操作超时
