[2026-04-17 09:24:09] [INFO] [发送] 09:24:09.048 设备ID=12008 module=INITIAL id=ReadVersion uuid=15 sendCount=1/4 timeout=1000ms crc=B1 CD len=8
frame=01 04 00 18 00 01 B1 CD
[2026-04-17 09:24:10] [INFO] [发送] 09:24:10.040 设备ID=12008 module=INITIAL id=ReadVersion uuid=15 sendCount=2/4 timeout=1000ms crc=B1 CD len=8
frame=01 04 00 18 00 01 B1 CD
[2026-04-17 09:24:11] [INFO] [发送] 09:24:11.051 设备ID=12008 module=INITIAL id=ReadVersion uuid=15 sendCount=3/4 timeout=1000ms crc=B1 CD len=8
frame=01 04 00 18 00 01 B1 CD
[2026-04-17 09:24:11] [INFO] [接收-帧] 09:24:11.127 设备ID=12008 module=INITIAL id=ReadVersion uuid=15 len=7
frame=01 04 02 00 00 B9 30
[2026-04-17 09:24:11] [INFO] [发送] 09:24:11.127 设备ID=12008 module=PERIODIC id=ReadFoupStatus uuid=16 sendCount=1/1 timeout=1000ms crc=30 0C len=8
frame=01 04 00 00 00 09 30 0C
[2026-04-17 09:24:13] [INFO] [发送] 09:24:13.119 设备ID=12008 module=PERIODIC id=ReadFoupStatus uuid=16 sendCount=1/1 timeout=1000ms crc=30 0C len=8
frame=01 04 00 00 00 09 30 0C
[2026-04-17 09:24:15] [INFO] [发送] 09:24:15.145 设备ID=12008 module=PERIODIC id=ReadFoupStatus uuid=16 sendCount=1/1 timeout=1000ms crc=30 0C len=8
frame=01 04 00 00 00 09 30 0C
[2026-04-17 09:24:17] [INFO] [发送] 09:24:17.142 设备ID=12008 module=PERIODIC id=ReadFoupStatus uuid=16 sendCount=1/1 timeout=1000ms crc=30 0C len=8
frame=01 04 00 00 00 09 30 0C
[2026-04-17 09:24:19] [INFO] [发送] 09:24:19.148 设备ID=12008 module=PERIODIC id=ReadFoupStatus uuid=16 sendCount=1/1 timeout=1000ms crc=30 0C len=8
frame=01 04 00 00 00 09 30 0C
[2026-04-17 09:24:21] [INFO] [发送] 09:24:21.167 设备ID=12008 module=PERIODIC id=ReadFoupStatus uuid=16 sendCount=1/1 timeout=1000ms crc=30 0C len=8
frame=01 04 00 00 00 09 30 0C
[2026-04-17 09:24:23] [INFO] [发送] 09:24:23.170 设备ID=12008 module=PERIODIC id=ReadFoupStatus uuid=16 sendCount=1/1 timeout=1000ms crc=30 0C len=8
frame=01 04 00 00 00 09 30 0C
[2026-04-17 09:24:25] [INFO] [发送] 09:24:25.170 设备ID=12008 module=PERIODIC id=ReadFoupStatus uuid=16 sendCount=1/1 timeout=1000ms crc=30 0C len=8
frame=01 04 00 00 00 09 30 0C
[2026-04-17 09:24:27] [INFO] [发送] 09:24:27.168 设备ID=12008 module=PERIODIC id=ReadFoupStatus uuid=16 sendCount=1/1 timeout=1000ms crc=30 0C len=8
frame=01 04 00 00 00 09 30 0C
[2026-04-17 09:24:29] [INFO] [发送] 09:24:29.267 设备ID=12008 module=PERIODIC id=ReadFoupStatus uuid=16 sendCount=1/1 timeout=1000ms crc=30 0C len=8
frame=01 04 00 00 00 09 30 0C
[2026-04-17 09:24:33] [INFO] [发送] 09:24:33.291 设备ID=12008 module=PERIODIC id=ReadFoupStatus uuid=16 sendCount=1/1 timeout=1000ms crc=30 0C len=8
frame=01 04 00 00 00 09 30 0C
[2026-04-17 09:24:35] [INFO] [发送] 09:24:35.297 设备ID=12008 module=PERIODIC id=ReadFoupStatus uuid=16 sendCount=1/1 timeout=1000ms crc=30 0C len=8
frame=01 04 00 00 00 09 30 0C
[2026-04-17 09:24:37] [INFO] [发送] 09:24:37.292 设备ID=12008 module=PERIODIC id=ReadFoupStatus uuid=16 sendCount=1/1 timeout=1000ms crc=30 0C len=8
frame=01 04 00 00 00 09 30 0C
[2026-04-17 09:24:39] [INFO] [发送] 09:24:39.296 设备ID=12008 module=PERIODIC id=ReadFoupStatus uuid=16 sendCount=1/1 timeout=1000ms crc=30 0C len=8
frame=01 04 00 00 00 09 30 0C
[2026-04-17 09:24:41] [INFO] [发送] 09:24:41.295 设备ID=12008 module=PERIODIC id=ReadFoupStatus uuid=16 sendCount=1/1 timeout=1000ms crc=30 0C len=8
frame=01 04 00 00 00 09 30 0C
[2026-04-17 09:24:43] [INFO] [发送] 09:24:43.290 设备ID=12008 module=PERIODIC id=ReadFoupStatus uuid=16 sendCount=1/1 timeout=1000ms crc=30 0C len=8
frame=01 04 00 00 00 09 30 0C
[2026-04-17 09:24:48] [INFO] [发送] 09:24:48.380 设备ID=12008 module=PERIODIC id=ReadFoupStatus uuid=16 sendCount=1/1 timeout=1000ms crc=30 0C len=8
frame=01 04 00 00 00 09 30 0C
[2026-04-17 09:24:48] [INFO] [接收-帧] 09:24:48.483 设备ID=12008 module=PERIODIC id=ReadFoupStatus uuid=16 len=23
frame=01 04 12 91 AC 99 16 0D A8 91 D7 AC D0 BC A2 68 A8 E1 C6 62 8C E1 47
[2026-04-17 09:24:49] [INFO] [发送] 09:24:49.477 设备ID=12008 module=PERIODIC id=ReadFoupStatus uuid=16 sendCount=1/1 timeout=1000ms crc=30 0C len=8
frame=01 04 00 00 00 09 30 0C
[2026-04-17 09:24:49] [INFO] [接收-帧] 09:24:49.620 设备ID=12008 module=PERIODIC id=ReadFoupStatus uuid=16 len=23
frame=01 04 12 99 C5 0F 26 05 8E 9F 6F 4B 40 C8 A7 9C EF E7 DF 48 29 4D DA
[2026-04-17 09:24:50] [INFO] [发送] 09:24:50.622 设备ID=12008 module=PERIODIC id=ReadFoupStatus uuid=16 sendCount=1/1 timeout=1000ms crc=30 0C len=8
frame=01 04 00 00 00 09 30 0C
[2026-04-17 09:24:50] [INFO] [接收-帧] 09:24:50.674 设备ID=12008 module=PERIODIC id=ReadFoupStatus uuid=16 len=23
frame=01 04 12 5B 49 27 63 A5 60 79 16 05 41 21 B2 B1 0B 3C 9D C1 B1 47 8F
[2026-04-17 09:24:51] [INFO] [发送] 09:24:51.673 设备ID=12008 module=PERIODIC id=ReadFoupStatus uuid=16 sendCount=1/1 timeout=1000ms crc=30 0C len=8
frame=01 04 00 00 00 09 30 0C
[2026-04-17 09:24:51] [INFO] [接收-帧] 09:24:51.764 设备ID=12008 module=PERIODIC id=ReadFoupStatus uuid=16 len=23
frame=01 04 12 F4 F3 54 86 6F 51 A1 1C 4C 74 CB 82 52 DA 83 61 28 4E C9 48
[2026-04-17 09:24:52] [INFO] [发送] 09:24:52.764 设备ID=12008 module=PERIODIC id=ReadFoupStatus uuid=16 sendCount=1/1 timeout=1000ms crc=30 0C len=8
frame=01 04 00 00 00 09 30 0C
[2026-04-17 09:24:52] [INFO] [接收-帧] 09:24:52.859 设备ID=12008 module=PERIODIC id=ReadFoupStatus uuid=16 len=23
frame=01 04 12 34 23 76 BC 41 0C 89 0F 74 A1 8F 8A 08 14 E8 9A 8E 15 D1 D7
[2026-04-17 09:24:53] [INFO] [发送] 09:24:53.856 设备ID=12008 module=PERIODIC id=ReadFoupStatus uuid=16 sendCount=1/1 timeout=1000ms crc=30 0C len=8
frame=01 04 00 00 00 09 30 0C
[2026-04-17 09:24:53] [INFO] [接收-帧] 09:24:53.952 设备ID=12008 module=PERIODIC id=ReadFoupStatus uuid=16 len=23
frame=01 04 12 6E 5A D4 74 90 6C EF 1B 0C FA 08 C6 F2 BD 32 AF 47 D3 C5 35
[2026-04-17 09:24:54] [INFO] [发送] 09:24:54.950 设备ID=12008 module=PERIODIC id=ReadFoupStatus uuid=16 sendCount=1/1 timeout=1000ms crc=30 0C len=8
frame=01 04 00 00 00 09 30 0C
[2026-04-17 09:24:55] [INFO] [接收-帧] 09:24:55.047 设备ID=12008 module=PERIODIC id=ReadFoupStatus uuid=16 len=23
frame=01 04 12 DC 7A FD D7 67 AE 4A 37 85 96 2C 04 AB CB 07 FE 45 C6 1D 2C
[2026-04-17 09:24:56] [INFO] [发送] 09:24:56.039 设备ID=12008 module=PERIODIC id=ReadFoupStatus uuid=16 sendCount=1/1 timeout=1000ms crc=30 0C len=8
frame=01 04 00 00 00 09 30 0C
[2026-04-17 09:24:56] [INFO] [接收-帧] 09:24:56.139 设备ID=12008 module=PERIODIC id=ReadFoupStatus uuid=16 len=23
frame=01 04 12 26 13 44 A3 0C E9 B1 6F 56 27 F3 DA D6 1D 59 11 14 A0 45 63
[2026-04-17 09:24:57] [INFO] [发送] 09:24:57.138 设备ID=12008 module=PERIODIC id=ReadFoupStatus uuid=16 sendCount=1/1 timeout=1000ms crc=30 0C len=8
frame=01 04 00 00 00 09 30 0C
[2026-04-17 09:24:57] [INFO] [接收-帧] 09:24:57.234 设备ID=12008 module=PERIODIC id=ReadFoupStatus uuid=16 len=23
frame=01 04 12 55 F9 C2 58 83 71 E7 30 F7 B2 F1 9A 38 CF 7A E3 95 2B 11 72
[2026-04-17 09:24:58] [INFO] [发送] 09:24:58.235 设备ID=12008 module=PERIODIC id=ReadFoupStatus uuid=16 sendCount=1/1 timeout=1000ms crc=30 0C len=8
frame=01 04 00 00 00 09 30 0C
[2026-04-17 09:24:58] [INFO] [接收-帧] 09:24:58.327 设备ID=12008 module=PERIODIC id=ReadFoupStatus uuid=16 len=23
frame=01 04 12 9B 5B 66 77 BC 67 40 B8 85 C5 4E 97 81 BF 28 E9 4F 02 F8 00
[2026-04-17 09:24:59] [INFO] [发送] 09:24:59.323 设备ID=12008 module=PERIODIC id=ReadFoupStatus uuid=16 sendCount=1/1 timeout=1000ms crc=30 0C len=8
frame=01 04 00 00 00 09 30 0C
[2026-04-17 09:24:59] [INFO] [接收-帧] 09:24:59.419 设备ID=12008 module=PERIODIC id=ReadFoupStatus uuid=16 len=23
frame=01 04 12 FD 66 6D 2A 09 C7 7C B6 5F 4D 85 55 05 3F D8 72 24 B2 F3 38
[2026-04-17 09:25:00] [INFO] [发送] 09:25:00.416 设备ID=12008 module=PERIODIC id=ReadFoupStatus uuid=16 sendCount=1/1 timeout=1000ms crc=30 0C len=8
frame=01 04 00 00 00 09 30 0C
[2026-04-17 09:25:00] [INFO] [接收-帧] 09:25:00.519 设备ID=12008 module=PERIODIC id=ReadFoupStatus uuid=16 len=23
frame=01 04 12 B9 7A BA 9D B7 31 4F 41 D7 7E CE 1D C2 C3 66 AD 29 5C B7 A0
[2026-04-17 09:25:01] [INFO] [发送] 09:25:01.515 设备ID=12008 module=PERIODIC id=ReadFoupStatus uuid=16 sendCount=1/1 timeout=1000ms crc=30 0C len=8
frame=01 04 00 00 00 09 30 0C
[2026-04-17 09:25:01] [INFO] [接收-帧] 09:25:01.661 设备ID=12008 module=PERIODIC id=ReadFoupStatus uuid=16 len=23
frame=01 04 12 25 E6 BD 1E E8 A9 1F FE 66 56 9C 9C 86 11 B6 6B AC 5F A6 F7
[2026-04-17 09:25:02] [INFO] [发送] 09:25:02.661 设备ID=12008 module=PERIODIC id=ReadFoupStatus uuid=16 sendCount=1/1 timeout=1000ms crc=30 0C len=8
frame=01 04 00 00 00 09 30 0C
[2026-04-17 09:25:02] [INFO] [接收-帧] 09:25:02.714 设备ID=12008 module=PERIODIC id=ReadFoupStatus uuid=16 len=23
frame=01 04 12 38 6C 48 A5 A6 8E 28 48 C6 91 C7 42 52 8C 08 73 1E 94 A8 FE
[2026-04-17 09:25:03] [INFO] [发送] 09:25:03.713 设备ID=12008 module=PERIODIC id=ReadFoupStatus uuid=16 sendCount=1/1 timeout=1000ms crc=30 0C len=8
frame=01 04 00 00 00 09 30 0C
[2026-04-17 09:25:03] [INFO] [接收-帧] 09:25:03.799 设备ID=12008 module=PERIODIC id=ReadFoupStatus uuid=16 len=23
frame=01 04 12 DD EE B3 0B CA DF 20 5C 82 EA E2 AC 64 58 79 7B 30 92 C7 D2
[2026-04-17 09:25:04] [INFO] [发送] 09:25:04.797 设备ID=12008 module=PERIODIC id=ReadFoupStatus uuid=16 sendCount=1/1 timeout=1000ms crc=30 0C len=8
frame=01 04 00 00 00 09 30 0C
[2026-04-17 09:25:04] [INFO] [接收-帧] 09:25:04.894 设备ID=12008 module=PERIODIC id=ReadFoupStatus uuid=16 len=23
frame=01 04 12 85 B2 52 83 5E A1 4D 5C 46 60 86 F5 C1 5F 4E B1 FA F4 3C D0
[2026-04-17 09:25:05] [INFO] [发送] 09:25:05.884 设备ID=12008 module=PERIODIC id=ReadFoupStatus uuid=16 sendCount=1/1 timeout=1000ms crc=30 0C len=8
frame=01 04 00 00 00 09 30 0C
[2026-04-17 09:25:06] [INFO] [接收-帧] 09:25:06.090 设备ID=12008 module=PERIODIC id=ReadFoupStatus uuid=16 len=23
frame=01 04 12 A3 2F 3D 63 9E 46 9F 20 24 A4 86 FD 79 9C 73 B9 EF FE AD 56
[2026-04-17 09:25:07] [INFO] [发送] 09:25:07.105 设备ID=12008 module=PERIODIC id=ReadFoupStatus uuid=16 sendCount=1/1 timeout=1000ms crc=30 0C len=8
frame=01 04 00 00 00 09 30 0C
[2026-04-17 09:25:07] [INFO] [接收-帧] 09:25:07.301 设备ID=12008 module=PERIODIC id=ReadFoupStatus uuid=16 len=23
frame=01 04 12 2C C5 06 59 0A 83 86 99 E4 BC 2B 50 F0 C2 3B 2C 35 B3 3E 7A
[2026-04-17 09:25:08] [INFO] [发送] 09:25:08.293 设备ID=12008 module=PERIODIC id=ReadFoupStatus uuid=16 sendCount=1/1 timeout=1000ms crc=30 0C len=8
frame=01 04 00 00 00 09 30 0C
[2026-04-17 09:25:08] [INFO] [接收-帧] 09:25:08.391 设备ID=12008 module=PERIODIC id=ReadFoupStatus uuid=16 len=23
frame=01 04 12 C6 A5 A9 D3 DD 09 3E 77 8F 3F CF 09 9B EB 30 F5 EC E7 D8 0B
[2026-04-17 09:25:09] [INFO] [发送] 09:25:09.386 设备ID=12008 module=PERIODIC id=ReadFoupStatus uuid=16 sendCount=1/1 timeout=1000ms crc=30 0C len=8
frame=01 04 00 00 00 09 30 0C
[2026-04-17 09:25:09] [INFO] [接收-帧] 09:25:09.487 设备ID=12008 module=PERIODIC id=ReadFoupStatus uuid=16 len=23
frame=01 04 12 82 2C 25 6E D6 5E 2F EB DB F7 4D 43 85 FF C2 A9 7C F1 26 C7
[2026-04-17 09:25:10] [INFO] [发送] 09:25:10.478 设备ID=12008 module=PERIODIC id=ReadFoupStatus uuid=16 sendCount=1/1 timeout=1000ms crc=30 0C len=8
frame=01 04 00 00 00 09 30 0C
[2026-04-17 09:25:10] [INFO] [接收-帧] 09:25:10.575 设备ID=12008 module=PERIODIC id=ReadFoupStatus uuid=16 len=23
frame=01 04 12 A5 4E DF F6 09 5E 0F A1 BA 24 53 7A 6F 88 07 7A FD CE 99 4F
[2026-04-17 09:25:11] [INFO] [发送] 09:25:11.574 设备ID=12008 module=PERIODIC id=ReadFoupStatus uuid=16 sendCount=1/1 timeout=1000ms crc=30 0C len=8
frame=01 04 00 00 00 09 30 0C
[2026-04-17 09:25:11] [INFO] [接收-帧] 09:25:11.671 设备ID=12008 module=PERIODIC id=ReadFoupStatus uuid=16 len=23
frame=01 04 12 E1 C8 6B 3F 2B 33 78 D8 19 45 B0 06 FD 11 6F 0A CB 22 1A 59
[2026-04-17 09:25:12] [INFO] [发送] 09:25:12.664 设备ID=12008 module=PERIODIC id=ReadFoupStatus uuid=16 sendCount=1/1 timeout=1000ms crc=30 0C len=8
frame=01 04 00 00 00 09 30 0C
[2026-04-17 09:25:12] [INFO] [接收-帧] 09:25:12.763 设备ID=12008 module=PERIODIC id=ReadFoupStatus uuid=16 len=23
frame=01 04 12 1F E0 27 8D A3 92 65 1E B7 0C 4A 17 F9 EC 4D 01 D2 E0 38 33
[2026-04-17 09:25:13] [INFO] [发送] 09:25:13.770 设备ID=12008 module=PERIODIC id=ReadFoupStatus uuid=16 sendCount=1/1 timeout=1000ms crc=30 0C len=8
frame=01 04 00 00 00 09 30 0C
[2026-04-17 09:25:13] [INFO] [接收-帧] 09:25:13.863 设备ID=12008 module=PERIODIC id=ReadFoupStatus uuid=16 len=23
frame=01 04 12 87 A2 5B 33 60 0C 09 AC 6C 9B F6 EC 88 62 6B 88 70 F9 7E CD
[2026-04-17 09:25:14] [INFO] [发送] 09:25:14.854 设备ID=12008 module=PERIODIC id=ReadFoupStatus uuid=16 sendCount=1/1 timeout=1000ms crc=30 0C len=8
frame=01 04 00 00 00 09 30 0C
[2026-04-17 09:25:14] [INFO] [接收-帧] 09:25:14.956 设备ID=12008 module=PERIODIC id=ReadFoupStatus uuid=16 len=23
frame=01 04 12 4E 33 6F 43 D1 A2 0B C5 CB 93 CF AF D6 8D E2 3D A1 4F 9B 32
[2026-04-17 09:25:15] [INFO] [发送] 09:25:15.948 设备ID=12008 module=PERIODIC id=ReadFoupStatus uuid=16 sendCount=1/1 timeout=1000ms crc=30 0C len=8
frame=01 04 00 00 00 09 30 0C
[2026-04-17 09:25:16] [INFO] [接收-帧] 09:25:16.046 设备ID=12008 module=PERIODIC id=ReadFoupStatus uuid=16 len=23
frame=01 04 12 57 EF D9 E8 C7 0A 47 DE E8 20 28 4F 17 9F 76 A8 A0 75 4A 71
[2026-04-17 09:25:17] [INFO] [发送] 09:25:17.043 设备ID=12008 module=PERIODIC id=ReadFoupStatus uuid=16 sendCount=1/1 timeout=1000ms crc=30 0C len=8
frame=01 04 00 00 00 09 30 0C
[2026-04-17 09:25:17] [INFO] [接收-帧] 09:25:17.140 设备ID=12008 module=PERIODIC id=ReadFoupStatus uuid=16 len=23
frame=01 04 12 8E CF 75 88 2A 26 53 7B 44 36 4F 4E 40 A1 83 DE 7A B0 1F E2
[2026-04-17 09:25:18] [INFO] [发送] 09:25:18.144 设备ID=12008 module=PERIODIC id=ReadFoupStatus uuid=16 sendCount=1/1 timeout=1000ms crc=30 0C len=8
frame=01 04 00 00 00 09 30 0C
[2026-04-17 09:25:18] [INFO] [接收-帧] 09:25:18.235 设备ID=12008 module=PERIODIC id=ReadFoupStatus uuid=16 len=23
frame=01 04 12 86 6D 8A E9 0A 0B 53 EB E8 AA 48 23 2F DB C1 F3 55 46 5E 9C
[2026-04-17 09:25:19] [INFO] [发送] 09:25:19.235 设备ID=12008 module=PERIODIC id=ReadFoupStatus uuid=16 sendCount=1/1 timeout=1000ms crc=30 0C len=8
frame=01 04 00 00 00 09 30 0C
[2026-04-17 09:25:19] [INFO] [接收-帧] 09:25:19.357 设备ID=12008 module=PERIODIC id=ReadFoupStatus uuid=16 len=23
frame=01 04 12 49 39 35 54 45 D3 30 F9 3C 9F 49 0D CA 54 DB FF 93 7C A1 5D
[2026-04-17 09:25:20] [INFO] [发送] 09:25:20.366 设备ID=12008 module=PERIODIC id=ReadFoupStatus uuid=16 sendCount=1/1 timeout=1000ms crc=30 0C len=8
frame=01 04 00 00 00 09 30 0C
[2026-04-17 09:25:20] [INFO] [接收-帧] 09:25:20.533 设备ID=12008 module=PERIODIC id=ReadFoupStatus uuid=16 len=23
frame=01 04 12 4C 65 F5 C1 07 9B FF 0B 7C FF 95 AD 20 66 F1 E7 94 C1 93 1C
[2026-04-17 09:25:21] [INFO] [发送] 09:25:21.524 设备ID=12008 module=PERIODIC id=ReadFoupStatus uuid=16 sendCount=1/1 timeout=1000ms crc=30 0C len=8
frame=01 04 00 00 00 09 30 0C
[2026-04-17 09:25:21] [INFO] [接收-帧] 09:25:21.626 设备ID=12008 module=PERIODIC id=ReadFoupStatus uuid=16 len=23
frame=01 04 12 18 11 25 BB A8 FC 52 7C 77 48 C4 75 E0 D0 3A 8F 3E E8 DE C5
[2026-04-17 09:25:22] [INFO] [发送] 09:25:22.618 设备ID=12008 module=PERIODIC id=ReadFoupStatus uuid=16 sendCount=1/1 timeout=1000ms crc=30 0C len=8
frame=01 04 00 00 00 09 30 0C
[2026-04-17 09:25:22] [INFO] [接收-帧] 09:25:22.721 设备ID=12008 module=PERIODIC id=ReadFoupStatus uuid=16 len=23
frame=01 04 12 D0 83 04 0C 5D 3F 72 70 56 75 A3 BF AA AE 3F 9A 44 C9 68 DC
[2026-04-17 09:25:23] [INFO] [发送] 09:25:23.713 设备ID=12008 module=PERIODIC id=ReadFoupStatus uuid=16 sendCount=1/1 timeout=1000ms crc=30 0C len=8
frame=01 04 00 00 00 09 30 0C
[2026-04-17 09:25:23] [INFO] [接收-帧] 09:25:23.814 设备ID=12008 module=PERIODIC id=ReadFoupStatus uuid=16 len=23
frame=01 04 12 01 01 39 B1 58 E3 2F 35 E3 B2 37 09 57 E3 EE 05 B8 E8 21 68
[2026-04-17 09:25:24] [INFO] [发送] 09:25:24.810 设备ID=12008 module=PERIODIC id=ReadFoupStatus uuid=16 sendCount=1/1 timeout=1000ms crc=30 0C len=8
frame=01 04 00 00 00 09 30 0C
[2026-04-17 09:25:24] [INFO] [接收-帧] 09:25:24.907 设备ID=12008 module=PERIODIC id=ReadFoupStatus uuid=16 len=23
frame=01 04 12 BA 0E E8 E3 B5 7D 29 34 83 04 6A AD D7 70 66 1F 49 46 51 8D
[2026-04-17 09:25:25] [INFO] [发送] 09:25:25.907 设备ID=12008 module=PERIODIC id=ReadFoupStatus uuid=16 sendCount=1/1 timeout=1000ms crc=30 0C len=8
frame=01 04 00 00 00 09 30 0C
[2026-04-17 09:25:25] [INFO] [接收-帧] 09:25:25.999 设备ID=12008 module=PERIODIC id=ReadFoupStatus uuid=16 len=23
frame=01 04 12 A6 52 4E FE 80 41 41 B4 35 5B 21 F3 67 CA 7D 24 07 F5 84 24
[2026-04-17 09:25:26] [INFO] [发送] 09:25:26.993 设备ID=12008 module=PERIODIC id=ReadFoupStatus uuid=16 sendCount=1/1 timeout=1000ms crc=30 0C len=8
frame=01 04 00 00 00 09 30 0C
[2026-04-17 09:25:27] [INFO] [接收-帧] 09:25:27.094 设备ID=12008 module=PERIODIC id=ReadFoupStatus uuid=16 len=23
frame=01 04 12 20 A6 F6 DF 4F 51 8D 9A 19 08 94 AA E1 5F 75 59 87 1E 2E 5F
[2026-04-17 09:25:28] [INFO] [发送] 09:25:28.089 设备ID=12008 module=PERIODIC id=ReadFoupStatus uuid=16 sendCount=1/1 timeout=1000ms crc=30 0C len=8
frame=01 04 00 00 00 09 30 0C
[2026-04-17 09:25:28] [INFO] [接收-帧] 09:25:28.188 设备ID=12008 module=PERIODIC id=ReadFoupStatus uuid=16 len=23
frame=01 04 12 0F 4B 8E E5 B2 65 C8 DF 0B 15 51 A6 13 02 B7 F7 9F B4 B2 38
[2026-04-17 09:25:29] [INFO] [发送] 09:25:29.189 设备ID=12008 module=PERIODIC id=ReadFoupStatus uuid=16 sendCount=1/1 timeout=1000ms crc=30 0C len=8
frame=01 04 00 00 00 09 30 0C
[2026-04-17 09:25:29] [INFO] [接收-帧] 09:25:29.279 设备ID=12008 module=PERIODIC id=ReadFoupStatus uuid=16 len=23
frame=01 04 12 51 1C 82 18 E3 CE EF E8 C8 38 59 35 69 64 10 04 62 5F 6A DA
[2026-04-17 09:25:30] [INFO] [发送] 09:25:30.275 设备ID=12008 module=PERIODIC id=ReadFoupStatus uuid=16 sendCount=1/1 timeout=1000ms crc=30 0C len=8
frame=01 04 00 00 00 09 30 0C
[2026-04-17 09:25:30] [INFO] [接收-帧] 09:25:30.372 设备ID=12008 module=PERIODIC id=ReadFoupStatus uuid=16 len=23
frame=01 04 12 4B 5D 68 83 B5 6F 2B 05 DE DB 8C 16 E6 A2 97 92 8B A1 01 EB
[2026-04-17 09:25:31] [INFO] [发送] 09:25:31.368 设备ID=12008 module=PERIODIC id=ReadFoupStatus uuid=16 sendCount=1/1 timeout=1000ms crc=30 0C len=8
frame=01 04 00 00 00 09 30 0C
[2026-04-17 09:25:31] [INFO] [接收-帧] 09:25:31.466 设备ID=12008 module=PERIODIC id=ReadFoupStatus uuid=16 len=23
frame=01 04 12 5D 0A 8D BB 29 AA 9A 51 2B 29 23 69 74 56 2F ED 0D 7A B5 76
[2026-04-17 09:25:32] [INFO] [发送] 09:25:32.466 设备ID=12008 module=PERIODIC id=ReadFoupStatus uuid=16 sendCount=1/1 timeout=1000ms crc=30 0C len=8
frame=01 04 00 00 00 09 30 0C
[2026-04-17 09:25:32] [INFO] [接收-帧] 09:25:32.561 设备ID=12008 module=PERIODIC id=ReadFoupStatus uuid=16 len=23
frame=01 04 12 E2 28 3C 36 65 32 2E 01 28 B5 8B 07 61 4C 8A 27 FB 89 13 09
[2026-04-17 09:25:33] [INFO] [发送] 09:25:33.555 设备ID=12008 module=PERIODIC id=ReadFoupStatus uuid=16 sendCount=1/1 timeout=1000ms crc=30 0C len=8
frame=01 04 00 00 00 09 30 0C
[2026-04-17 09:25:33] [INFO] [接收-帧] 09:25:33.657 设备ID=12008 module=PERIODIC id=ReadFoupStatus uuid=16 len=23
frame=01 04 12 6A 30 6B EC C2 F9 CD 33 A8 18 14 53 B5 1D 2D 27 5F A3 15 5B
[2026-04-17 09:25:34] [INFO] [发送] 09:25:34.655 设备ID=12008 module=PERIODIC id=ReadFoupStatus uuid=16 sendCount=1/1 timeout=1000ms crc=30 0C len=8
frame=01 04 00 00 00 09 30 0C
[2026-04-17 09:25:34] [INFO] [接收-帧] 09:25:34.748 设备ID=12008 module=PERIODIC id=ReadFoupStatus uuid=16 len=23
frame=01 04 12 A0 04 A9 83 5B A3 85 09 01 C2 FA 00 09 19 58 CE 8C 98 38 BB
[2026-04-17 09:25:35] [INFO] [发送] 09:25:35.742 设备ID=12008 module=PERIODIC id=ReadFoupStatus uuid=16 sendCount=1/1 timeout=1000ms crc=30 0C len=8
frame=01 04 00 00 00 09 30 0C
[2026-04-17 09:25:35] [INFO] [接收-帧] 09:25:35.846 设备ID=12008 module=PERIODIC id=ReadFoupStatus uuid=16 len=23
frame=01 04 12 9F 82 6F DC E7 8B D0 23 64 4C B7 84 DC 4C B5 57 DB 96 AB 77
[2026-04-17 09:25:36] [INFO] [发送] 09:25:36.836 设备ID=12008 module=PERIODIC id=ReadFoupStatus uuid=16 sendCount=1/1 timeout=1000ms crc=30 0C len=8
frame=01 04 00 00 00 09 30 0C
[2026-04-17 09:25:36] [INFO] [接收-帧] 09:25:36.936 设备ID=12008 module=PERIODIC id=ReadFoupStatus uuid=16 len=23
frame=01 04 12 C5 5C 5D DB 89 2B 3C D7 DC 20 23 04 3C ED 7C 7B BB C0 16 F9
[2026-04-17 09:25:37] [INFO] [发送] 09:25:37.931 设备ID=12008 module=PERIODIC id=ReadFoupStatus uuid=16 sendCount=1/1 timeout=1000ms crc=30 0C len=8
frame=01 04 00 00 00 09 30 0C
[2026-04-17 09:25:38] [INFO] [接收-帧] 09:25:38.030 设备ID=12008 module=PERIODIC id=ReadFoupStatus uuid=16 len=23
frame=01 04 12 72 E4 BB D0 43 76 4F 9B 77 D9 5F 76 7D 76 71 D3 A9 DF 2C F2
[2026-04-17 09:25:39] [INFO] [发送] 09:25:39.030 设备ID=12008 module=PERIODIC id=ReadFoupStatus uuid=16 sendCount=1/1 timeout=1000ms crc=30 0C len=8
frame=01 04 00 00 00 09 30 0C
[2026-04-17 09:25:39] [INFO] [接收-帧] 09:25:39.124 设备ID=12008 module=PERIODIC id=ReadFoupStatus uuid=16 len=23
frame=01 04 12 71 B4 B7 96 DC 76 BF FA 48 6A FA 9A E7 3E D7 FE 02 7D 42 7E
[2026-04-17 09:25:40] [INFO] [发送] 09:25:40.120 设备ID=12008 module=PERIODIC id=ReadFoupStatus uuid=16 sendCount=1/1 timeout=1000ms crc=30 0C len=8
frame=01 04 00 00 00 09 30 0C
[2026-04-17 09:25:40] [INFO] [接收-帧] 09:25:40.221 设备ID=12008 module=PERIODIC id=ReadFoupStatus uuid=16 len=23
frame=01 04 12 63 97 31 64 7F 3E C2 56 A4 B2 E0 96 4D 8A 30 E7 2B 1F EF AE
[2026-04-17 09:25:41] [INFO] [发送] 09:25:41.214 设备ID=12008 module=PERIODIC id=ReadFoupStatus uuid=16 sendCount=1/1 timeout=1000ms crc=30 0C len=8
frame=01 04 00 00 00 09 30 0C
[2026-04-17 09:25:41] [INFO] [接收-帧] 09:25:41.313 设备ID=12008 module=PERIODIC id=ReadFoupStatus uuid=16 len=23
frame=01 04 12 A6 16 87 83 0A 84 91 B5 B3 E7 DC 15 75 7E 2D 0F E4 3D C8 FF
[2026-04-17 09:25:42] [INFO] [发送] 09:25:42.310 设备ID=12008 module=PERIODIC id=ReadFoupStatus uuid=16 sendCount=1/1 timeout=1000ms crc=30 0C len=8
frame=01 04 00 00 00 09 30 0C
[2026-04-17 09:25:42] [INFO] [接收-帧] 09:25:42.409 设备ID=12008 module=PERIODIC id=ReadFoupStatus uuid=16 len=23
frame=01 04 12 6F C1 B7 60 0B B2 D6 99 6D A0 72 80 D2 E4 EC 57 9B 97 36 62
[2026-04-17 09:25:43] [INFO] [发送] 09:25:43.402 设备ID=12008 module=PERIODIC id=ReadFoupStatus uuid=16 sendCount=1/1 timeout=1000ms crc=30 0C len=8
frame=01 04 00 00 00 09 30 0C
[2026-04-17 09:25:43] [INFO] [接收-帧] 09:25:43.503 设备ID=12008 module=PERIODIC id=ReadFoupStatus uuid=16 len=23
frame=01 04 12 7A E0 1A 2C B5 5D D3 D3 41 9E D3 37 CB 43 3A 81 E3 45 AF 9B
[2026-04-17 09:25:44] [INFO] [发送] 09:25:44.494 设备ID=12008 module=PERIODIC id=ReadFoupStatus uuid=16 sendCount=1/1 timeout=1000ms crc=30 0C len=8
frame=01 04 00 00 00 09 30 0C
[2026-04-17 09:25:44] [INFO] [接收-帧] 09:25:44.592 设备ID=12008 module=PERIODIC id=ReadFoupStatus uuid=16 len=23
frame=01 04 12 23 3B D5 DE 41 BA 2A 3D F0 0C 28 39 48 6A 60 94 33 EC 02 0E
[2026-04-17 09:25:45] [INFO] [发送] 09:25:45.589 设备ID=12008 module=PERIODIC id=ReadFoupStatus uuid=16 sendCount=1/1 timeout=1000ms crc=30 0C len=8
frame=01 04 00 00 00 09 30 0C
[2026-04-17 09:25:45] [INFO] [接收-帧] 09:25:45.690 设备ID=12008 module=PERIODIC id=ReadFoupStatus uuid=16 len=23
frame=01 04 12 54 F2 17 6F 55 90 1E 64 0F A4 F1 1D B8 BA F7 42 8D 54 08 9B
[2026-04-17 09:25:46] [INFO] [发送] 09:25:46.682 设备ID=12008 module=PERIODIC id=ReadFoupStatus uuid=16 sendCount=1/1 timeout=1000ms crc=30 0C len=8
frame=01 04 00 00 00 09 30 0C
[2026-04-17 09:25:46] [INFO] [接收-帧] 09:25:46.780 设备ID=12008 module=PERIODIC id=ReadFoupStatus uuid=16 len=23
frame=01 04 12 B6 C8 AC 7D DB 95 33 0F 17 31 22 38 06 D7 CC 10 74 E6 CB 91
[2026-04-17 09:25:47] [INFO] [发送] 09:25:47.833 设备ID=12008 module=PERIODIC id=ReadFoupStatus uuid=16 sendCount=1/1 timeout=1000ms crc=30 0C len=8
frame=01 04 00 00 00 09 30 0C
[2026-04-17 09:25:47] [INFO] [接收-帧] 09:25:47.873 设备ID=12008 module=PERIODIC id=ReadFoupStatus uuid=16 len=23
frame=01 04 12 ED 47 DD 3E F2 DE 3B ED EC 1B 11 31 8E 55 35 D9 0A 35 C5 B1
[2026-04-17 09:25:48] [INFO] [发送] 09:25:48.869 设备ID=12008 module=PERIODIC id=ReadFoupStatus uuid=16 sendCount=1/1 timeout=1000ms crc=30 0C len=8
frame=01 04 00 00 00 09 30 0C
[2026-04-17 09:25:48] [INFO] [接收-帧] 09:25:48.971 设备ID=12008 module=PERIODIC id=ReadFoupStatus uuid=16 len=23
frame=01 04 12 5B 87 E1 D4 92 04 CB CD E9 FA B8 A6 65 3D E3 59 D3 F0 AB A9
[2026-04-17 09:25:49] [INFO] [发送] 09:25:49.962 设备ID=12008 module=PERIODIC id=ReadFoupStatus uuid=16 sendCount=1/1 timeout=1000ms crc=30 0C len=8
frame=01 04 00 00 00 09 30 0C
[2026-04-17 09:25:50] [INFO] [接收-帧] 09:25:50.068 设备ID=12008 module=PERIODIC id=ReadFoupStatus uuid=16 len=23
frame=01 04 12 F7 D7 8D DB 3F 3B F7 AC 18 C5 41 0A 7A 10 34 B8 0B 30 38 B7
[2026-04-17 09:25:51] [INFO] [发送] 09:25:51.056 设备ID=12008 module=PERIODIC id=ReadFoupStatus uuid=16 sendCount=1/1 timeout=1000ms crc=30 0C len=8
frame=01 04 00 00 00 09 30 0C
[2026-04-17 09:25:51] [INFO] [接收-帧] 09:25:51.155 设备ID=12008 module=PERIODIC id=ReadFoupStatus uuid=16 len=23
frame=01 04 12 42 84 9F 90 94 33 D6 47 65 B2 9C BB 2E D0 4D 37 5D 29 98 AB
[2026-04-17 09:25:52] [INFO] [发送] 09:25:52.222 设备ID=12008 module=PERIODIC id=ReadFoupStatus uuid=16 sendCount=1/1 timeout=1000ms crc=30 0C len=8
frame=01 04 00 00 00 09 30 0C
[2026-04-17 09:25:52] [INFO] [接收-帧] 09:25:52.249 设备ID=12008 module=PERIODIC id=ReadFoupStatus uuid=16 len=23
frame=01 04 12 EB E1 4A 7D 07 C2 85 A7 74 F7 C8 E5 55 C6 4E 77 09 8B BB 96
[2026-04-17 09:25:53] [INFO] [发送] 09:25:53.247 设备ID=12008 module=PERIODIC id=ReadFoupStatus uuid=16 sendCount=1/1 timeout=1000ms crc=30 0C len=8
frame=01 04 00 00 00 09 30 0C
[2026-04-17 09:25:53] [INFO] [接收-帧] 09:25:53.343 设备ID=12008 module=PERIODIC id=ReadFoupStatus uuid=16 len=23
frame=01 04 12 7E 30 75 3A CF 97 1A CC 09 B6 4E 5D 04 23 84 BE 00 AB 62 DA
[2026-04-17 09:25:54] [INFO] [发送] 09:25:54.336 设备ID=12008 module=PERIODIC id=ReadFoupStatus uuid=16 sendCount=1/1 timeout=1000ms crc=30 0C len=8
frame=01 04 00 00 00 09 30 0C
[2026-04-17 09:25:54] [INFO] [接收-帧] 09:25:54.445 设备ID=12008 module=PERIODIC id=ReadFoupStatus uuid=16 len=23
frame=01 04 12 C6 8B 84 7F BF C8 83 16 0A 93 A7 84 D4 04 27 5C 8A 25 A5 94
[2026-04-17 09:25:55] [INFO] [发送] 09:25:55.455 设备ID=12008 module=PERIODIC id=ReadFoupStatus uuid=16 sendCount=1/1 timeout=1000ms crc=30 0C len=8
frame=01 04 00 00 00 09 30 0C
[2026-04-17 09:25:55] [INFO] [接收-帧] 09:25:55.537 设备ID=12008 module=PERIODIC id=ReadFoupStatus uuid=16 len=23
frame=01 04 12 8A 7D F9 11 95 2C DC 2E 62 C7 0F A4 FC E0 F5 29 AA 3C 61 7A
[2026-04-17 09:25:56] [INFO] [发送] 09:25:56.532 设备ID=12008 module=PERIODIC id=ReadFoupStatus uuid=16 sendCount=1/1 timeout=1000ms crc=30 0C len=8
frame=01 04 00 00 00 09 30 0C
[2026-04-17 09:25:56] [INFO] [接收-帧] 09:25:56.636 设备ID=12008 module=PERIODIC id=ReadFoupStatus uuid=16 len=23
frame=01 04 12 4E 6B 24 24 71 88 B7 A8 5F A2 48 51 38 25 92 C0 01 E0 AC EF
[2026-04-17 09:25:57] [INFO] [发送] 09:25:57.644 设备ID=12008 module=PERIODIC id=ReadFoupStatus uuid=16 sendCount=1/1 timeout=1000ms crc=30 0C len=8
frame=01 04 00 00 00 09 30 0C
[2026-04-17 09:25:57] [INFO] [接收-帧] 09:25:57.717 设备ID=12008 module=PERIODIC id=ReadFoupStatus uuid=16 len=23
frame=01 04 12 2D 63 0A 45 C4 5C 37 9E DE C2 F5 80 85 AA A9 25 55 C9 C7 85
[2026-04-17 09:25:58] [INFO] [发送] 09:25:58.713 设备ID=12008 module=PERIODIC id=ReadFoupStatus uuid=16 sendCount=1/1 timeout=1000ms crc=30 0C len=8
frame=01 04 00 00 00 09 30 0C
[2026-04-17 09:25:58] [INFO] [接收-帧] 09:25:58.816 设备ID=12008 module=PERIODIC id=ReadFoupStatus uuid=16 len=23
frame=01 04 12 39 76 61 49 CB AF 90 8E 75 8F BD AF B6 B7 58 BA 5A 55 BC E2
[2026-04-17 09:25:59] [INFO] [发送] 09:25:59.808 设备ID=12008 module=PERIODIC id=ReadFoupStatus uuid=16 sendCount=1/1 timeout=1000ms crc=30 0C len=8
frame=01 04 00 00 00 09 30 0C
[2026-04-17 09:25:59] [INFO] [接收-帧] 09:25:59.908 设备ID=12008 module=PERIODIC id=ReadFoupStatus uuid=16 len=23
frame=01 04 12 49 98 38 CA 74 BB 83 44 92 41 79 02 C3 4A 01 1D 7A D8 E0 07
[2026-04-17 09:26:00] [INFO] [发送] 09:26:00.911 设备ID=12008 module=PERIODIC id=ReadFoupStatus uuid=16 sendCount=1/1 timeout=1000ms crc=30 0C len=8
frame=01 04 00 00 00 09 30 0C
[2026-04-17 09:26:01] [INFO] [接收-帧] 09:26:01.004 设备ID=12008 module=PERIODIC id=ReadFoupStatus uuid=16 len=23
frame=01 04 12 5E CF E4 FC A8 0E 16 D7 D2 9F FF 82 09 6F 46 C9 93 F7 BB A5
[2026-04-17 09:26:01] [INFO] [发送] 09:26:01.993 设备ID=12008 module=PERIODIC id=ReadFoupStatus uuid=16 sendCount=1/1 timeout=1000ms crc=30 0C len=8
frame=01 04 00 00 00 09 30 0C
[2026-04-17 09:26:02] [INFO] [接收-帧] 09:26:02.096 设备ID=12008 module=PERIODIC id=ReadFoupStatus uuid=16 len=23
frame=01 04 12 61 15 5D AC 80 8C B4 F3 DE BA E5 F0 F9 44 14 0D EE E5 7E 51
[2026-04-17 09:26:03] [INFO] [发送] 09:26:03.087 设备ID=12008 module=PERIODIC id=ReadFoupStatus uuid=16 sendCount=1/1 timeout=1000ms crc=30 0C len=8
frame=01 04 00 00 00 09 30 0C
[2026-04-17 09:26:03] [INFO] [接收-帧] 09:26:03.189 设备ID=12008 module=PERIODIC id=ReadFoupStatus uuid=16 len=23
frame=01 04 12 6C A1 F3 D4 FE 24 A9 C5 26 90 93 38 8E 51 4D 09 48 A9 F0 13
[2026-04-17 09:26:04] [INFO] [发送] 09:26:04.187 设备ID=12008 module=PERIODIC id=ReadFoupStatus uuid=16 sendCount=1/1 timeout=1000ms crc=30 0C len=8
frame=01 04 00 00 00 09 30 0C
[2026-04-17 09:26:04] [INFO] [接收-帧] 09:26:04.285 设备ID=12008 module=PERIODIC id=ReadFoupStatus uuid=16 len=23
frame=01 04 12 CA 74 0B 1C 01 C6 A7 1D 1F 4D C7 58 CA F4 7D 81 1C FF 19 A9
[2026-04-17 09:26:05] [INFO] [发送] 09:26:05.275 设备ID=12008 module=PERIODIC id=ReadFoupStatus uuid=16 sendCount=1/1 timeout=1000ms crc=30 0C len=8
frame=01 04 00 00 00 09 30 0C
[2026-04-17 09:26:05] [INFO] [接收-帧] 09:26:05.382 设备ID=12008 module=PERIODIC id=ReadFoupStatus uuid=16 len=23
frame=01 04 12 68 4C 37 61 09 BD E0 35 1E 12 5C 37 AE 68 A3 C0 53 06 01 70
[2026-04-17 09:26:06] [INFO] [发送] 09:26:06.377 设备ID=12008 module=PERIODIC id=ReadFoupStatus uuid=16 sendCount=1/1 timeout=1000ms crc=30 0C len=8
frame=01 04 00 00 00 09 30 0C
[2026-04-17 09:26:06] [INFO] [接收-帧] 09:26:06.472 设备ID=12008 module=PERIODIC id=ReadFoupStatus uuid=16 len=23
frame=01 04 12 33 01 F7 43 AA BB FC 78 9A 10 AD 4B F4 33 44 C5 5F 26 47 E6
[2026-04-17 09:26:07] [INFO] [发送] 09:26:07.468 设备ID=12008 module=PERIODIC id=ReadFoupStatus uuid=16 sendCount=1/1 timeout=1000ms crc=30 0C len=8
frame=01 04 00 00 00 09 30 0C
[2026-04-17 09:26:07] [INFO] [接收-帧] 09:26:07.689 设备ID=12008 module=PERIODIC id=ReadFoupStatus uuid=16 len=23
frame=01 04 12 0E 96 D1 25 9C 05 68 4D 63 96 F2 3B 9F 46 9E 97 14 53 79 FE
[2026-04-17 09:26:08] [INFO] [发送] 09:26:08.683 设备ID=12008 module=PERIODIC id=ReadFoupStatus uuid=16 sendCount=1/1 timeout=1000ms crc=30 0C len=8
frame=01 04 00 00 00 09 30 0C
[2026-04-17 09:26:08] [INFO] [接收-帧] 09:26:08.768 设备ID=12008 module=PERIODIC id=ReadFoupStatus uuid=16 len=23
frame=01 04 12 51 48 05 14 0B 63 1A 92 03 31 E4 D9 77 24 3C 19 C4 9D 1D F1
[2026-04-17 09:26:09] [INFO] [发送] 09:26:09.787 设备ID=12008 module=PERIODIC id=ReadFoupStatus uuid=16 sendCount=1/1 timeout=1000ms crc=30 0C len=8
frame=01 04 00 00 00 09 30 0C
[2026-04-17 09:26:09] [INFO] [接收-帧] 09:26:09.858 设备ID=12008 module=PERIODIC id=ReadFoupStatus uuid=16 len=23
frame=01 04 12 8E 42 63 0B 04 0A CE 70 76 8D 61 35 59 7A 4C 7E 5C 19 C0 01
[2026-04-17 09:26:10] [INFO] [发送] 09:26:10.863 设备ID=12008 module=PERIODIC id=ReadFoupStatus uuid=16 sendCount=1/1 timeout=1000ms crc=30 0C len=8
frame=01 04 00 00 00 09 30 0C
[2026-04-17 09:26:10] [INFO] [接收-帧] 09:26:10.957 设备ID=12008 module=PERIODIC id=ReadFoupStatus uuid=16 len=23
frame=01 04 12 29 B3 ED 9B 84 62 1D A4 BA C5 D2 28 5D AB 7D 75 3A A8 2B A0
[2026-04-17 09:26:11] [INFO] [发送] 09:26:11.951 设备ID=12008 module=PERIODIC id=ReadFoupStatus uuid=16 sendCount=1/1 timeout=1000ms crc=30 0C len=8
frame=01 04 00 00 00 09 30 0C
[2026-04-17 09:26:12] [INFO] [接收-帧] 09:26:12.051 设备ID=12008 module=PERIODIC id=ReadFoupStatus uuid=16 len=23
frame=01 04 12 47 4E 94 A9 F0 BE D6 0C 83 07 50 97 88 43 18 2D FE BD 63 86
[2026-04-17 09:26:13] [INFO] [发送] 09:26:13.045 设备ID=12008 module=PERIODIC id=ReadFoupStatus uuid=16 sendCount=1/1 timeout=1000ms crc=30 0C len=8
frame=01 04 00 00 00 09 30 0C
[2026-04-17 09:26:13] [INFO] [接收-帧] 09:26:13.142 设备ID=12008 module=PERIODIC id=ReadFoupStatus uuid=16 len=23
frame=01 04 12 DC 85 BC 16 E8 64 96 E9 86 28 7B 2D E1 FF 70 F3 C1 85 26 85
[2026-04-17 09:26:14] [INFO] [发送] 09:26:14.134 设备ID=12008 module=PERIODIC id=ReadFoupStatus uuid=16 sendCount=1/1 timeout=1000ms crc=30 0C len=8
frame=01 04 00 00 00 09 30 0C
[2026-04-17 09:26:14] [INFO] [接收-帧] 09:26:14.235 设备ID=12008 module=PERIODIC id=ReadFoupStatus uuid=16 len=23
frame=01 04 12 D4 9F 60 F5 EB 01 86 1A 96 B9 A1 8A 9D FF 48 26 B6 B3 7C 26
[2026-04-17 09:26:15] [INFO] [发送] 09:26:15.232 设备ID=12008 module=PERIODIC id=ReadFoupStatus uuid=16 sendCount=1/1 timeout=1000ms crc=30 0C len=8
frame=01 04 00 00 00 09 30 0C
[2026-04-17 09:26:15] [INFO] [接收-帧] 09:26:15.397 设备ID=12008 module=PERIODIC id=ReadFoupStatus uuid=16 len=23
frame=01 04 12 7B 87 31 C4 79 74 14 68 1F 52 D2 17 F4 EC 43 9B 32 1F 4B B8
[2026-04-17 09:26:16] [INFO] [发送] 09:26:16.408 设备ID=12008 module=PERIODIC id=ReadFoupStatus uuid=16 sendCount=1/1 timeout=1000ms crc=30 0C len=8
frame=01 04 00 00 00 09 30 0C
[2026-04-17 09:26:16] [INFO] [接收-帧] 09:26:16.421 设备ID=12008 module=PERIODIC id=ReadFoupStatus uuid=16 len=23
frame=01 04 12 4B 3B 10 6C 23 6F 51 89 7E 7E F5 85 8C 4A CA 3C DF 3F 1F F3
[2026-04-17 09:26:17] [INFO] [发送] 09:26:17.464 设备ID=12008 module=PERIODIC id=ReadFoupStatus uuid=16 sendCount=1/1 timeout=1000ms crc=30 0C len=8
frame=01 04 00 00 00 09 30 0C
[2026-04-17 09:26:17] [INFO] [接收-帧] 09:26:17.517 设备ID=12008 module=PERIODIC id=ReadFoupStatus uuid=16 len=23
frame=01 04 12 BE C4 B3 96 2F 3F A3 2D A5 D7 CA 46 66 14 0D 46 D7 BA 5C 25
[2026-04-17 09:26:18] [INFO] [发送] 09:26:18.523 设备ID=12008 module=PERIODIC id=ReadFoupStatus uuid=16 sendCount=1/1 timeout=1000ms crc=30 0C len=8
frame=01 04 00 00 00 09 30 0C
[2026-04-17 09:26:18] [INFO] [接收-帧] 09:26:18.610 设备ID=12008 module=PERIODIC id=ReadFoupStatus uuid=16 len=23
frame=01 04 12 B0 D3 A4 0B 48 F3 8D FD C1 5E 3A F1 73 E3 2D DD 09 1A 70 39
[2026-04-17 09:26:19] [INFO] [发送] 09:26:19.607 设备ID=12008 module=PERIODIC id=ReadFoupStatus uuid=16 sendCount=1/1 timeout=1000ms crc=30 0C len=8
frame=01 04 00 00 00 09 30 0C
[2026-04-17 09:26:19] [INFO] [接收-帧] 09:26:19.701 设备ID=12008 module=PERIODIC id=ReadFoupStatus uuid=16 len=23
frame=01 04 12 75 36 31 0C 7E 28 54 67 54 47 5A 54 A1 97 88 5D 24 5B E1 E4
[2026-04-17 09:26:20] [INFO] [发送] 09:26:20.698 设备ID=12008 module=PERIODIC id=ReadFoupStatus uuid=16 sendCount=1/1 timeout=1000ms crc=30 0C len=8
frame=01 04 00 00 00 09 30 0C
[2026-04-17 09:26:20] [INFO] [接收-帧] 09:26:20.798 设备ID=12008 module=PERIODIC id=ReadFoupStatus uuid=16 len=23
frame=01 04 12 BF D5 03 67 EE 2C 87 75 3A 70 B8 C0 3E 82 04 A5 8B F8 32 2E
[2026-04-17 09:26:21] [INFO] [发送] 09:26:21.792 设备ID=12008 module=PERIODIC id=ReadFoupStatus uuid=16 sendCount=1/1 timeout=1000ms crc=30 0C len=8
frame=01 04 00 00 00 09 30 0C
[2026-04-17 09:26:21] [INFO] [接收-帧] 09:26:21.887 设备ID=12008 module=PERIODIC id=ReadFoupStatus uuid=16 len=23
frame=01 04 12 17 2C C4 99 F1 5A 80 3D 67 6B B0 AB DB 8C CF 53 CD 8B 6B 22
[2026-04-17 09:26:22] [INFO] [发送] 09:26:22.947 设备ID=12008 module=PERIODIC id=ReadFoupStatus uuid=16 sendCount=1/1 timeout=1000ms crc=30 0C len=8
frame=01 04 00 00 00 09 30 0C
[2026-04-17 09:26:22] [INFO] [接收-帧] 09:26:22.987 设备ID=12008 module=PERIODIC id=ReadFoupStatus uuid=16 len=23
frame=01 04 12 81 4D FE 59 56 91 4E 0F 78 75 E6 BD D7 86 48 F5 0D 3C 2C D6
[2026-04-17 09:26:23] [INFO] [发送] 09:26:23.992 设备ID=12008 module=PERIODIC id=ReadFoupStatus uuid=16 sendCount=1/1 timeout=1000ms crc=30 0C len=8
frame=01 04 00 00 00 09 30 0C
[2026-04-17 09:26:24] [INFO] [接收-帧] 09:26:24.081 设备ID=12008 module=PERIODIC id=ReadFoupStatus uuid=16 len=23
frame=01 04 12 A0 DB 6F 99 58 D0 08 34 79 36 45 BD 2B 0D 5B 62 77 8D 6C 98
[2026-04-17 09:26:25] [INFO] [发送] 09:26:25.613 设备ID=12008 module=PERIODIC id=ReadFoupStatus uuid=16 sendCount=1/1 timeout=1000ms crc=30 0C len=8
frame=01 04 00 00 00 09 30 0C
[2026-04-17 09:26:25] [INFO] [接收-帧] 09:26:25.785 设备ID=12008 module=PERIODIC id=ReadFoupStatus uuid=16 len=23
frame=01 04 12 F8 C7 41 41 27 2D FE 3B 92 F4 73 41 95 F7 BA 3B E6 28 2F FC
[2026-04-17 09:26:27] [INFO] [发送] 09:26:27.154 设备ID=12008 module=PERIODIC id=ReadFoupStatus uuid=16 sendCount=1/1 timeout=1000ms crc=30 0C len=8
frame=01 04 00 00 00 09 30 0C
[2026-04-17 09:26:27] [INFO] [接收-帧] 09:26:27.264 设备ID=12008 module=PERIODIC id=ReadFoupStatus uuid=16 len=23
frame=01 04 12 B5 96 09 9C 4B E0 D2 F3 FD DD CB 9B A9 E0 8A CD 8B 01 15 C6
[2026-04-17 09:26:28] [INFO] [发送] 09:26:28.371 设备ID=12008 module=PERIODIC id=ReadFoupStatus uuid=16 sendCount=1/1 timeout=1000ms crc=30 0C len=8
frame=01 04 00 00 00 09 30 0C
[2026-04-17 09:26:28] [INFO] [接收-帧] 09:26:28.474 设备ID=12008 module=PERIODIC id=ReadFoupStatus uuid=16 len=23
frame=01 04 12 2B 2D 26 51 CC 05 50 61 CD B6 9A 22 D0 03 25 40 7F 66 BE D0
[2026-04-17 09:26:29] [INFO] [发送] 09:26:29.489 设备ID=12008 module=PERIODIC id=ReadFoupStatus uuid=16 sendCount=1/1 timeout=1000ms crc=30 0C len=8
frame=01 04 00 00 00 09 30 0C
[2026-04-17 09:26:29] [INFO] [接收-帧] 09:26:29.587 设备ID=12008 module=PERIODIC id=ReadFoupStatus uuid=16 len=23
frame=01 04 12 05 2D 2D F1 64 40 AB 3E D6 D6 DE DC E5 54 67 7F 40 91 3A C9
[2026-04-17 09:26:30] [INFO] [发送] 09:26:30.832 设备ID=12008 module=PERIODIC id=ReadFoupStatus uuid=16 sendCount=1/1 timeout=1000ms crc=30 0C len=8
frame=01 04 00 00 00 09 30 0C
[2026-04-17 09:26:30] [INFO] [接收-帧] 09:26:30.859 设备ID=12008 module=PERIODIC id=ReadFoupStatus uuid=16 len=23
frame=01 04 12 B9 E2 EA 8D F3 FA E9 E2 94 AA 39 96 DA E4 C4 2D 35 91 5D 90
[2026-04-17 09:26:31] [INFO] [发送] 09:26:31.861 设备ID=12008 module=PERIODIC id=ReadFoupStatus uuid=16 sendCount=1/1 timeout=1000ms crc=30 0C len=8
frame=01 04 00 00 00 09 30 0C
[2026-04-17 09:26:31] [INFO] [接收-帧] 09:26:31.962 设备ID=12008 module=PERIODIC id=ReadFoupStatus uuid=16 len=23
frame=01 04 12 C2 29 07 A4 33 4B 9C 55 C6 C8 DB 80 1E 33 E5 3A 9C F7 C0 B8
[2026-04-17 09:26:32] [INFO] [发送] 09:26:32.968 设备ID=12008 module=PERIODIC id=ReadFoupStatus uuid=16 sendCount=1/1 timeout=1000ms crc=30 0C len=8
frame=01 04 00 00 00 09 30 0C
[2026-04-17 09:26:33] [INFO] [接收-帧] 09:26:33.046 设备ID=12008 module=PERIODIC id=ReadFoupStatus uuid=16 len=23
frame=01 04 12 BD 1A 24 4A B4 0B 48 01 2E B5 F3 14 77 19 94 9B 29 EA E6 C8
[2026-04-17 09:26:34] [INFO] [发送] 09:26:34.047 设备ID=12008 module=PERIODIC id=ReadFoupStatus uuid=16 sendCount=1/1 timeout=1000ms crc=30 0C len=8
frame=01 04 00 00 00 09 30 0C
[2026-04-17 09:26:34] [INFO] [接收-帧] 09:26:34.162 设备ID=12008 module=PERIODIC id=ReadFoupStatus uuid=16 len=23
frame=01 04 12 2D 10 3A 7D 3F 7E EF EB EC A8 6E 28 3D AC EE D1 A3 EB 33 D8
[2026-04-17 09:26:35] [INFO] [发送] 09:26:35.173 设备ID=12008 module=PERIODIC id=ReadFoupStatus uuid=16 sendCount=1/1 timeout=1000ms crc=30 0C len=8
frame=01 04 00 00 00 09 30 0C
[2026-04-17 09:26:35] [INFO] [接收-帧] 09:26:35.255 设备ID=12008 module=PERIODIC id=ReadFoupStatus uuid=16 len=23
frame=01 04 12 F1 9D 84 BE 07 36 5E 8E 9B 9D F7 21 96 59 3D 5A FD 54 EB DE
[2026-04-17 09:26:36] [INFO] [发送] 09:26:36.254 设备ID=12008 module=PERIODIC id=ReadFoupStatus uuid=16 sendCount=1/1 timeout=1000ms crc=30 0C len=8
frame=01 04 00 00 00 09 30 0C
[2026-04-17 09:26:36] [INFO] [接收-帧] 09:26:36.330 设备ID=12008 module=PERIODIC id=ReadFoupStatus uuid=16 len=23
frame=01 04 12 BB 5E B7 AB 77 CB DD 9D 7A 04 33 65 1C D1 A5 4E 98 A3 E3 A1
[2026-04-17 09:26:37] [INFO] [发送] 09:26:37.328 设备ID=12008 module=PERIODIC id=ReadFoupStatus uuid=16 sendCount=1/1 timeout=1000ms crc=30 0C len=8
frame=01 04 00 00 00 09 30 0C
[2026-04-17 09:26:37] [INFO] [接收-帧] 09:26:37.424 设备ID=12008 module=PERIODIC id=ReadFoupStatus uuid=16 len=23
frame=01 04 12 08 D0 36 3F FA 4E 52 B5 63 BC 16 F9 C7 ED 3C FF D1 E9 7A F4
[2026-04-17 09:26:38] [INFO] [发送] 09:26:38.419 设备ID=12008 module=PERIODIC id=ReadFoupStatus uuid=16 sendCount=1/1 timeout=1000ms crc=30 0C len=8
frame=01 04 00 00 00 09 30 0C
[2026-04-17 09:26:38] [INFO] [接收-帧] 09:26:38.528 设备ID=12008 module=PERIODIC id=ReadFoupStatus uuid=16 len=23
frame=01 04 12 A8 FB 3C FD B0 AE B2 11 BB 45 B2 18 9E 10 44 58 6B 6F 79 F1
[2026-04-17 09:26:39] [INFO] [发送] 09:26:39.565 设备ID=12008 module=PERIODIC id=ReadFoupStatus uuid=16 sendCount=1/1 timeout=1000ms crc=30 0C len=8
frame=01 04 00 00 00 09 30 0C
[2026-04-17 09:26:39] [INFO] [接收-帧] 09:26:39.613 设备ID=12008 module=PERIODIC id=ReadFoupStatus uuid=16 len=23
frame=01 04 12 6A CB 67 BD C2 AA 70 4D C1 14 D1 C2 E0 05 57 82 AE 5E 2D 2E
[2026-04-17 09:26:40] [INFO] [发送] 09:26:40.619 设备ID=12008 module=PERIODIC id=ReadFoupStatus uuid=16 sendCount=1/1 timeout=1000ms crc=30 0C len=8
frame=01 04 00 00 00 09 30 0C
[2026-04-17 09:26:40] [INFO] [接收-帧] 09:26:40.704 设备ID=12008 module=PERIODIC id=ReadFoupStatus uuid=16 len=23
frame=01 04 12 DD A2 4A 60 3B E3 30 6B 0A AB 09 22 9D 55 D4 BD 10 33 A4 5D
[2026-04-17 09:26:41] [INFO] [发送] 09:26:41.716 设备ID=12008 module=PERIODIC id=ReadFoupStatus uuid=16 sendCount=1/1 timeout=1000ms crc=30 0C len=8
frame=01 04 00 00 00 09 30 0C
[2026-04-17 09:26:41] [INFO] [接收-帧] 09:26:41.800 设备ID=12008 module=PERIODIC id=ReadFoupStatus uuid=16 len=23
frame=01 04 12 E5 DA 6D 72 26 1C 9A 72 59 E0 96 BC 38 98 8A 75 11 FC 8B 07
[2026-04-17 09:26:42] [INFO] [发送] 09:26:42.937 设备ID=12008 module=PERIODIC id=ReadFoupStatus uuid=16 sendCount=1/1 timeout=1000ms crc=30 0C len=8
frame=01 04 00 00 00 09 30 0C
[2026-04-17 09:26:43] [INFO] [接收-帧] 09:26:43.004 设备ID=12008 module=PERIODIC id=ReadFoupStatus uuid=16 len=23
frame=01 04 12 74 F7 08 A1 C8 DF 67 37 A6 69 37 83 B7 B2 84 D0 78 39 C2 B9
[2026-04-17 09:26:44] [INFO] [发送] 09:26:44.001 设备ID=12008 module=PERIODIC id=ReadFoupStatus uuid=16 sendCount=1/1 timeout=1000ms crc=30 0C len=8
frame=01 04 00 00 00 09 30 0C
[2026-04-17 09:26:44] [INFO] [接收-帧] 09:26:44.095 设备ID=12008 module=PERIODIC id=ReadFoupStatus uuid=16 len=23
frame=01 04 12 3A 2B F1 04 70 DD B1 E3 BE A9 A9 2C 07 F4 96 DE 1C F8 19 2E
[2026-04-17 09:26:45] [INFO] [发送] 09:26:45.089 设备ID=12008 module=PERIODIC id=ReadFoupStatus uuid=16 sendCount=1/1 timeout=1000ms crc=30 0C len=8
frame=01 04 00 00 00 09 30 0C
[2026-04-17 09:26:45] [INFO] [接收-帧] 09:26:45.197 设备ID=12008 module=PERIODIC id=ReadFoupStatus uuid=16 len=23
frame=01 04 12 BC 77 56 7D 66 D9 91 B2 D8 87 B5 96 2A 23 D8 0F C1 6C 76 36
[2026-04-17 09:26:46] [INFO] [发送] 09:26:46.209 设备ID=12008 module=PERIODIC id=ReadFoupStatus uuid=16 sendCount=1/1 timeout=1000ms crc=30 0C len=8
frame=01 04 00 00 00 09 30 0C
[2026-04-17 09:26:46] [INFO] [接收-帧] 09:26:46.282 设备ID=12008 module=PERIODIC id=ReadFoupStatus uuid=16 len=23
frame=01 04 12 EF AE B6 D2 C5 AB A1 52 D0 3A 8A 13 EA DD BF 9E D1 D6 37 71
[2026-04-17 09:26:47] [INFO] [发送] 09:26:47.282 设备ID=12008 module=PERIODIC id=ReadFoupStatus uuid=16 sendCount=1/1 timeout=1000ms crc=30 0C len=8
frame=01 04 00 00 00 09 30 0C
[2026-04-17 09:26:47] [INFO] [接收-帧] 09:26:47.375 设备ID=12008 module=PERIODIC id=ReadFoupStatus uuid=16 len=23
frame=01 04 12 6E 59 C3 91 83 FA 2B AA A2 4F 9A E6 48 C2 7F B0 D0 89 26 E2
[2026-04-17 09:26:48] [INFO] [发送] 09:26:48.381 设备ID=12008 module=PERIODIC id=ReadFoupStatus uuid=16 sendCount=1/1 timeout=1000ms crc=30 0C len=8
frame=01 04 00 00 00 09 30 0C
[2026-04-17 09:26:48] [INFO] [接收-帧] 09:26:48.469 设备ID=12008 module=PERIODIC id=ReadFoupStatus uuid=16 len=23
frame=01 04 12 C0 BD A1 F3 60 18 43 ED B2 75 E8 13 B1 50 95 66 69 E8 51 7C
[2026-04-17 09:26:49] [INFO] [发送] 09:26:49.484 设备ID=12008 module=PERIODIC id=ReadFoupStatus uuid=16 sendCount=1/1 timeout=1000ms crc=30 0C len=8
frame=01 04 00 00 00 09 30 0C
[2026-04-17 09:26:49] [INFO] [接收-帧] 09:26:49.583 设备ID=12008 module=PERIODIC id=ReadFoupStatus uuid=16 len=23
frame=01 04 12 ED 86 2B 95 5A 1D 39 A6 21 94 7A 37 FA EC 73 78 24 56 D7 2B
[2026-04-17 09:26:50] [INFO] [发送] 09:26:50.599 设备ID=12008 module=PERIODIC id=ReadFoupStatus uuid=16 sendCount=1/1 timeout=1000ms crc=30 0C len=8
frame=01 04 00 00 00 09 30 0C
[2026-04-17 09:26:50] [INFO] [接收-帧] 09:26:50.657 设备ID=12008 module=PERIODIC id=ReadFoupStatus uuid=16 len=23
frame=01 04 12 A2 61 63 44 C9 48 EA 60 05 E2 89 2F B7 10 93 A5 C6 AE 3E 2E
[2026-04-17 09:26:51] [INFO] [发送] 09:26:51.667 设备ID=12008 module=PERIODIC id=ReadFoupStatus uuid=16 sendCount=1/1 timeout=1000ms crc=30 0C len=8
frame=01 04 00 00 00 09 30 0C
[2026-04-17 09:26:51] [INFO] [接收-帧] 09:26:51.791 设备ID=12008 module=PERIODIC id=ReadFoupStatus uuid=16 len=23
frame=01 04 12 94 90 06 A6 E3 0F D6 7C 62 62 64 CD 5E 46 BF CE 06 A1 41 54
[2026-04-17 09:26:52] [INFO] [发送] 09:26:52.801 设备ID=12008 module=PERIODIC id=ReadFoupStatus uuid=16 sendCount=1/1 timeout=1000ms crc=30 0C len=8
frame=01 04 00 00 00 09 30 0C
[2026-04-17 09:26:52] [INFO] [接收-帧] 09:26:52.849 设备ID=12008 module=PERIODIC id=ReadFoupStatus uuid=16 len=23
frame=01 04 12 C3 43 FB B6 48 AD C3 28 5A F9 F9 83 91 72 66 B1 FC 0D F8 1E
[2026-04-17 09:26:53] [INFO] [发送] 09:26:53.845 设备ID=12008 module=PERIODIC id=ReadFoupStatus uuid=16 sendCount=1/1 timeout=1000ms crc=30 0C len=8
frame=01 04 00 00 00 09 30 0C
[2026-04-17 09:26:53] [INFO] [接收-帧] 09:26:53.941 设备ID=12008 module=PERIODIC id=ReadFoupStatus uuid=16 len=23
frame=01 04 12 38 80 FD 8A 36 7F B6 3F AB B0 21 7B 14 1B 55 6A 03 81 E5 08
[2026-04-17 09:26:54] [INFO] [发送] 09:26:54.939 设备ID=12008 module=PERIODIC id=ReadFoupStatus uuid=16 sendCount=1/1 timeout=1000ms crc=30 0C len=8
frame=01 04 00 00 00 09 30 0C
[2026-04-17 09:26:55] [INFO] [接收-帧] 09:26:55.039 设备ID=12008 module=PERIODIC id=ReadFoupStatus uuid=16 len=23
frame=01 04 12 7E E8 C2 27 12 52 D8 3A F6 01 60 64 E3 0E 00 A2 96 B3 54 64
[2026-04-17 09:26:56] [INFO] [发送] 09:26:56.081 设备ID=12008 module=PERIODIC id=ReadFoupStatus uuid=16 sendCount=1/1 timeout=1000ms crc=30 0C len=8
frame=01 04 00 00 00 09 30 0C
[2026-04-17 09:26:56] [INFO] [接收-帧] 09:26:56.135 设备ID=12008 module=PERIODIC id=ReadFoupStatus uuid=16 len=23
frame=01 04 12 51 B4 08 B1 8C C5 B5 4B 2D 10 CE 3E EB 82 42 41 83 3C BD D4
[2026-04-17 09:26:57] [INFO] [发送] 09:26:57.146 设备ID=12008 module=PERIODIC id=ReadFoupStatus uuid=16 sendCount=1/1 timeout=1000ms crc=30 0C len=8
frame=01 04 00 00 00 09 30 0C
[2026-04-17 09:26:57] [INFO] [接收-帧] 09:26:57.222 设备ID=12008 module=PERIODIC id=ReadFoupStatus uuid=16 len=23
frame=01 04 12 E1 1D 32 FC 01 36 4A BC CC 29 9B CF 88 14 16 8B E6 82 38 B6
[2026-04-17 09:26:58] [INFO] [发送] 09:26:58.213 设备ID=12008 module=PERIODIC id=ReadFoupStatus uuid=16 sendCount=1/1 timeout=1000ms crc=30 0C len=8
frame=01 04 00 00 00 09 30 0C
[2026-04-17 09:26:58] [INFO] [接收-帧] 09:26:58.316 设备ID=12008 module=PERIODIC id=ReadFoupStatus uuid=16 len=23
frame=01 04 12 41 C8 6B 4D D3 00 56 3C 1B 8E E6 C0 2A 75 CE F9 75 8F FC 16
[2026-04-17 09:26:59] [INFO] [发送] 09:26:59.308 设备ID=12008 module=PERIODIC id=ReadFoupStatus uuid=16 sendCount=1/1 timeout=1000ms crc=30 0C len=8
frame=01 04 00 00 00 09 30 0C
[2026-04-17 09:26:59] [INFO] [接收-帧] 09:26:59.406 设备ID=12008 module=PERIODIC id=ReadFoupStatus uuid=16 len=23
frame=01 04 12 3A E2 14 EA F8 5A 10 63 2B 97 0F 37 57 17 C4 45 9F 0C 37 20
[2026-04-17 09:27:00] [INFO] [发送] 09:27:00.400 设备ID=12008 module=PERIODIC id=ReadFoupStatus uuid=16 sendCount=1/1 timeout=1000ms crc=30 0C len=8
frame=01 04 00 00 00 09 30 0C
[2026-04-17 09:27:00] [INFO] [接收-帧] 09:27:00.503 设备ID=12008 module=PERIODIC id=ReadFoupStatus uuid=16 len=23
frame=01 04 12 FD 28 54 5D E6 D7 DD 77 5B 0E 4B ED 24 F9 CD A4 9F 84 5D 2A
[2026-04-17 09:27:01] [INFO] [发送] 09:27:01.500 设备ID=12008 module=PERIODIC id=ReadFoupStatus uuid=16 sendCount=1/1 timeout=1000ms crc=30 0C len=8
frame=01 04 00 00 00 09 30 0C
[2026-04-17 09:27:01] [INFO] [接收-帧] 09:27:01.601 设备ID=12008 module=PERIODIC id=ReadFoupStatus uuid=16 len=23
frame=01 04 12 CA 0E 17 74 04 DC 2F F2 64 CD 0E C4 65 4A DC 38 17 78 DA EA
[2026-04-17 09:27:37] [INFO] [发送] 09:27:37.124 设备ID=12008 module=INITIAL id=ReadVersion uuid=15 sendCount=1/4 timeout=1000ms crc=B1 CD len=8
frame=01 04 00 18 00 01 B1 CD
[2026-04-17 09:27:37] [INFO] [接收-帧] 09:27:37.744 设备ID=12008 module=INITIAL id=ReadVersion uuid=15 len=7
frame=01 04 02 00 00 B9 30
[2026-04-17 09:27:37] [INFO] [发送] 09:27:37.745 设备ID=12008 module=PERIODIC id=ReadFoupStatus uuid=16 sendCount=1/1 timeout=1000ms crc=30 0C len=8
frame=01 04 00 00 00 09 30 0C
[2026-04-17 09:27:37] [INFO] [接收-帧] 09:27:37.768 设备ID=12008 module=PERIODIC id=ReadFoupStatus uuid=16 len=23
frame=01 04 12 14 3D 57 02 AB E1 40 06 AC 2B 44 27 FB C4 B9 4D 18 85 53 51
[2026-04-17 09:27:38] [INFO] [发送] 09:27:38.768 设备ID=12008 module=PERIODIC id=ReadFoupStatus uuid=16 sendCount=1/1 timeout=1000ms crc=30 0C len=8
frame=01 04 00 00 00 09 30 0C
[2026-04-17 09:27:38] [INFO] [接收-帧] 09:27:38.861 设备ID=12008 module=PERIODIC id=ReadFoupStatus uuid=16 len=23
frame=01 04 12 A6 04 80 D3 25 31 7A 0F 6A 98 10 24 5C 1C AA ED ED 22 17 E9
[2026-04-17 09:27:39] [INFO] [发送] 09:27:39.867 设备ID=12008 module=PERIODIC id=ReadFoupStatus uuid=16 sendCount=1/1 timeout=1000ms crc=30 0C len=8
frame=01 04 00 00 00 09 30 0C
[2026-04-17 09:27:39] [INFO] [接收-帧] 09:27:39.954 设备ID=12008 module=PERIODIC id=ReadFoupStatus uuid=16 len=23
frame=01 04 12 87 AC 1A 0F 1C 88 AB 91 4F DB B2 5F 37 5D 5E BE 37 4F F0 6C
[2026-04-17 09:27:40] [INFO] [发送] 09:27:40.946 设备ID=12008 module=PERIODIC id=ReadFoupStatus uuid=16 sendCount=1/1 timeout=1000ms crc=30 0C len=8
frame=01 04 00 00 00 09 30 0C
[2026-04-17 09:27:41] [INFO] [接收-帧] 09:27:41.046 设备ID=12008 module=PERIODIC id=ReadFoupStatus uuid=16 len=23
frame=01 04 12 82 26 46 0E 40 F6 87 1C 06 A4 2D AC 5C E0 E7 F3 4E 88 66 92
[2026-04-17 09:27:42] [INFO] [发送] 09:27:42.043 设备ID=12008 module=PERIODIC id=ReadFoupStatus uuid=16 sendCount=1/1 timeout=1000ms crc=30 0C len=8
frame=01 04 00 00 00 09 30 0C
[2026-04-17 09:27:42] [INFO] [接收-帧] 09:27:42.141 设备ID=12008 module=PERIODIC id=ReadFoupStatus uuid=16 len=23
frame=01 04 12 51 C3 32 CD 6A 7E DF 09 74 3F 77 30 70 26 93 27 B9 57 89 CE
[2026-04-17 09:27:43] [INFO] [发送] 09:27:43.137 设备ID=12008 module=PERIODIC id=ReadFoupStatus uuid=16 sendCount=1/1 timeout=1000ms crc=30 0C len=8
frame=01 04 00 00 00 09 30 0C
[2026-04-17 09:27:43] [INFO] [接收-帧] 09:27:43.233 设备ID=12008 module=PERIODIC id=ReadFoupStatus uuid=16 len=23
frame=01 04 12 14 1A AF 46 52 A6 B4 C6 6D 03 59 E8 C2 7D 2B 98 CD E4 D2 43
[2026-04-17 09:27:44] [INFO] [发送] 09:27:44.237 设备ID=12008 module=PERIODIC id=ReadFoupStatus uuid=16 sendCount=1/1 timeout=1000ms crc=30 0C len=8
frame=01 04 00 00 00 09 30 0C
[2026-04-17 09:27:44] [INFO] [接收-帧] 09:27:44.335 设备ID=12008 module=PERIODIC id=ReadFoupStatus uuid=16 len=23
frame=01 04 12 68 66 E9 F5 91 1E AB 3F 61 11 02 2C 28 35 B7 02 6A 7C 66 07
[2026-04-17 09:27:45] [INFO] [发送] 09:27:45.344 设备ID=12008 module=PERIODIC id=ReadFoupStatus uuid=16 sendCount=1/1 timeout=1000ms crc=30 0C len=8
frame=01 04 00 00 00 09 30 0C
[2026-04-17 09:27:45] [INFO] [接收-帧] 09:27:45.422 设备ID=12008 module=PERIODIC id=ReadFoupStatus uuid=16 len=23
frame=01 04 12 D2 24 CA 88 84 64 76 7D 7D 84 7C E1 55 A5 96 D7 AE 50 9F 0C
[2026-04-17 09:27:46] [INFO] [发送] 09:27:46.425 设备ID=12008 module=PERIODIC id=ReadFoupStatus uuid=16 sendCount=1/1 timeout=1000ms crc=30 0C len=8
frame=01 04 00 00 00 09 30 0C
[2026-04-17 09:27:46] [INFO] [接收-帧] 09:27:46.514 设备ID=12008 module=PERIODIC id=ReadFoupStatus uuid=16 len=23
frame=01 04 12 3D 2C A9 46 23 0C DC BE 32 48 5B 32 11 4F 7B B7 DE AA 7A 03
[2026-04-17 09:27:47] [INFO] [发送] 09:27:47.511 设备ID=12008 module=PERIODIC id=ReadFoupStatus uuid=16 sendCount=1/1 timeout=1000ms crc=30 0C len=8
frame=01 04 00 00 00 09 30 0C
[2026-04-17 09:27:47] [INFO] [接收-帧] 09:27:47.613 设备ID=12008 module=PERIODIC id=ReadFoupStatus uuid=16 len=23
frame=01 04 12 B6 FA 8B 1F DF 77 B6 47 80 C6 9E A3 F5 4E C0 36 D5 77 2C 0A
[2026-04-17 09:27:48] [INFO] [发送] 09:27:48.605 设备ID=12008 module=PERIODIC id=ReadFoupStatus uuid=16 sendCount=1/1 timeout=1000ms crc=30 0C len=8
frame=01 04 00 00 00 09 30 0C
[2026-04-17 09:27:48] [INFO] [接收-帧] 09:27:48.702 设备ID=12008 module=PERIODIC id=ReadFoupStatus uuid=16 len=23
frame=01 04 12 B1 43 65 A0 0F 17 02 E4 54 36 C0 7A 79 D2 F5 71 A7 42 FB 2A
[2026-04-17 09:27:49] [INFO] [发送] 09:27:49.697 设备ID=12008 module=PERIODIC id=ReadFoupStatus uuid=16 sendCount=1/1 timeout=1000ms crc=30 0C len=8
frame=01 04 00 00 00 09 30 0C
[2026-04-17 09:27:49] [INFO] [接收-帧] 09:27:49.796 设备ID=12008 module=PERIODIC id=ReadFoupStatus uuid=16 len=23
frame=01 04 12 52 45 1E EA 89 A0 DD 3B A6 A0 0C DE FC 66 F4 C4 96 8B AB A3
[2026-04-17 09:27:50] [INFO] [发送] 09:27:50.793 设备ID=12008 module=PERIODIC id=ReadFoupStatus uuid=16 sendCount=1/1 timeout=1000ms crc=30 0C len=8
frame=01 04 00 00 00 09 30 0C
[2026-04-17 09:27:50] [INFO] [接收-帧] 09:27:50.890 设备ID=12008 module=PERIODIC id=ReadFoupStatus uuid=16 len=23
frame=01 04 12 25 E0 50 CF E1 60 8B 70 F2 BE 8E 37 35 47 74 7C 51 8B 8F 7D
[2026-04-17 09:31:33] [INFO] [发送] 09:31:33.960 设备ID=12008 module=INITIAL id=ReadVersion uuid=15 sendCount=1/4 timeout=1000ms crc=B1 CD len=8
frame=01 04 00 18 00 01 B1 CD
[2026-04-17 09:31:34] [INFO] [接收-帧] 09:31:34.314 设备ID=12008 module=INITIAL id=ReadVersion uuid=15 len=7
frame=01 04 02 00 00 B9 30
[2026-04-17 09:31:34] [INFO] [发送] 09:31:34.314 设备ID=12008 module=PERIODIC id=ReadFoupStatus uuid=16 sendCount=1/1 timeout=1000ms crc=30 0C len=8
frame=01 04 00 00 00 09 30 0C
[2026-04-17 09:31:34] [INFO] [接收-帧] 09:31:34.394 设备ID=12008 module=PERIODIC id=ReadFoupStatus uuid=16 len=23
frame=01 04 12 53 63 A0 42 75 64 9C E1 D2 03 0B B4 87 89 F4 56 A5 77 91 2D
[2026-04-17 09:31:35] [INFO] [发送] 09:31:35.384 设备ID=12008 module=PERIODIC id=ReadFoupStatus uuid=16 sendCount=1/1 timeout=1000ms crc=30 0C len=8
frame=01 04 00 00 00 09 30 0C
[2026-04-17 09:31:35] [INFO] [接收-帧] 09:31:35.486 设备ID=12008 module=PERIODIC id=ReadFoupStatus uuid=16 len=23
frame=01 04 12 71 EE BF D3 AE 6D A8 17 CD 97 49 58 75 02 AD C0 B9 43 F0 88
[2026-04-17 09:31:36] [INFO] [发送] 09:31:36.482 设备ID=12008 module=PERIODIC id=ReadFoupStatus uuid=16 sendCount=1/1 timeout=1000ms crc=30 0C len=8
frame=01 04 00 00 00 09 30 0C
[2026-04-17 09:31:36] [INFO] [接收-帧] 09:31:36.588 设备ID=12008 module=PERIODIC id=ReadFoupStatus uuid=16 len=23
frame=01 04 12 85 25 7F 84 D2 10 D8 7A 5A 92 D7 DB 8F DF 0E E2 37 C4 5A E3
[2026-04-17 09:31:37] [INFO] [发送] 09:31:37.593 设备ID=12008 module=PERIODIC id=ReadFoupStatus uuid=16 sendCount=1/1 timeout=1000ms crc=30 0C len=8
frame=01 04 00 00 00 09 30 0C
[2026-04-17 09:31:37] [INFO] [接收-帧] 09:31:37.720 设备ID=12008 module=PERIODIC id=ReadFoupStatus uuid=16 len=23
frame=01 04 12 95 52 00 8C 04 91 F5 43 87 1F 0D 4C EF EC FF 61 EC 4F 25 B4
[2026-04-17 09:31:38] [INFO] [发送] 09:31:38.736 设备ID=12008 module=PERIODIC id=ReadFoupStatus uuid=16 sendCount=1/1 timeout=1000ms crc=30 0C len=8
frame=01 04 00 00 00 09 30 0C
[2026-04-17 09:31:38] [INFO] [接收-帧] 09:31:38.876 设备ID=12008 module=PERIODIC id=ReadFoupStatus uuid=16 len=23
frame=01 04 12 9C 45 07 8A 69 EA 06 BC 91 3E 4D 72 FF EC 32 CC B0 AD 8A 56
[2026-04-17 09:31:39] [INFO] [发送] 09:31:39.869 设备ID=12008 module=PERIODIC id=ReadFoupStatus uuid=16 sendCount=1/1 timeout=1000ms crc=30 0C len=8
frame=01 04 00 00 00 09 30 0C
[2026-04-17 09:31:39] [INFO] [接收-帧] 09:31:39.981 设备ID=12008 module=PERIODIC id=ReadFoupStatus uuid=16 len=23
frame=01 04 12 3F 44 FB E0 8A 67 B0 3C 51 E8 BB 31 7E 1C B4 5B ED 7B 7E C8
[2026-04-17 09:31:40] [INFO] [发送] 09:31:40.979 设备ID=12008 module=PERIODIC id=ReadFoupStatus uuid=16 sendCount=1/1 timeout=1000ms crc=30 0C len=8
frame=01 04 00 00 00 09 30 0C
[2026-04-17 09:31:41] [INFO] [接收-帧] 09:31:41.065 设备ID=12008 module=PERIODIC id=ReadFoupStatus uuid=16 len=23
frame=01 04 12 8A BD B5 39 09 98 C3 B7 D3 36 82 F7 AE F7 C9 B0 11 64 24 8F
[2026-04-17 09:31:42] [INFO] [发送] 09:31:42.059 设备ID=12008 module=PERIODIC id=ReadFoupStatus uuid=16 sendCount=1/1 timeout=1000ms crc=30 0C len=8
frame=01 04 00 00 00 09 30 0C
[2026-04-17 09:31:42] [INFO] [接收-帧] 09:31:42.161 设备ID=12008 module=PERIODIC id=ReadFoupStatus uuid=16 len=23
frame=01 04 12 F7 F2 6E 86 6F DC 89 3A DA 3C 4D 16 B5 BC F7 DE B0 70 F1 B2
[2026-04-17 09:31:43] [INFO] [发送] 09:31:43.150 设备ID=12008 module=PERIODIC id=ReadFoupStatus uuid=16 sendCount=1/1 timeout=1000ms crc=30 0C len=8
frame=01 04 00 00 00 09 30 0C
[2026-04-17 09:31:43] [INFO] [接收-帧] 09:31:43.253 设备ID=12008 module=PERIODIC id=ReadFoupStatus uuid=16 len=23
frame=01 04 12 21 A7 58 DC 95 15 8B EB 9F 4A D1 F6 FD 21 A3 49 85 97 58 06
[2026-04-17 09:31:44] [INFO] [发送] 09:31:44.244 设备ID=12008 module=PERIODIC id=ReadFoupStatus uuid=16 sendCount=1/1 timeout=1000ms crc=30 0C len=8
frame=01 04 00 00 00 09 30 0C
[2026-04-17 09:31:44] [INFO] [接收-帧] 09:31:44.350 设备ID=12008 module=PERIODIC id=ReadFoupStatus uuid=16 len=23
frame=01 04 12 51 CC 78 3C 8F F9 10 68 C4 99 0C 10 C7 86 53 BA EE 75 FC 99
[2026-04-17 09:31:45] [INFO] [发送] 09:31:45.337 设备ID=12008 module=PERIODIC id=ReadFoupStatus uuid=16 sendCount=1/1 timeout=1000ms crc=30 0C len=8
frame=01 04 00 00 00 09 30 0C
[2026-04-17 09:31:45] [INFO] [接收-帧] 09:31:45.447 设备ID=12008 module=PERIODIC id=ReadFoupStatus uuid=16 len=23
frame=01 04 12 B3 6B 5E 0B C5 29 7C EF 71 64 D8 28 39 21 3F AB 3D 1F 54 27
[2026-04-17 09:31:46] [INFO] [发送] 09:31:46.452 设备ID=12008 module=PERIODIC id=ReadFoupStatus uuid=16 sendCount=1/1 timeout=1000ms crc=30 0C len=8
frame=01 04 00 00 00 09 30 0C
[2026-04-17 09:31:46] [INFO] [接收-帧] 09:31:46.538 设备ID=12008 module=PERIODIC id=ReadFoupStatus uuid=16 len=23
frame=01 04 12 CF EA 0D 74 65 9B 42 4C 17 AC 99 6F FA 6C 84 7D 5F 63 B5 04
[2026-04-17 09:31:47] [INFO] [发送] 09:31:47.528 设备ID=12008 module=PERIODIC id=ReadFoupStatus uuid=16 sendCount=1/1 timeout=1000ms crc=30 0C len=8
frame=01 04 00 00 00 09 30 0C
[2026-04-17 09:31:47] [INFO] [接收-帧] 09:31:47.639 设备ID=12008 module=PERIODIC id=ReadFoupStatus uuid=16 len=23
frame=01 04 12 EF 40 3B 4F 15 1A A4 C9 9D 19 39 93 C7 20 F1 87 45 13 8C 51
[2026-04-17 09:31:48] [INFO] [发送] 09:31:48.638 设备ID=12008 module=PERIODIC id=ReadFoupStatus uuid=16 sendCount=1/1 timeout=1000ms crc=30 0C len=8
frame=01 04 00 00 00 09 30 0C
[2026-04-17 09:31:48] [INFO] [接收-帧] 09:31:48.728 设备ID=12008 module=PERIODIC id=ReadFoupStatus uuid=16 len=23
frame=01 04 12 ED 67 61 DE 74 0A 01 35 2E 50 8E 74 1E A5 52 48 30 EC 5B 21
[2026-04-17 09:31:49] [INFO] [发送] 09:31:49.736 设备ID=12008 module=PERIODIC id=ReadFoupStatus uuid=16 sendCount=1/1 timeout=1000ms crc=30 0C len=8
frame=01 04 00 00 00 09 30 0C
[2026-04-17 09:31:49] [INFO] [接收-帧] 09:31:49.815 设备ID=12008 module=PERIODIC id=ReadFoupStatus uuid=16 len=23
frame=01 04 12 B7 24 90 9E EA FE CE AB CE 76 8D AC CB BF 28 9C EA 34 84 8C
[2026-04-17 09:31:50] [INFO] [发送] 09:31:50.805 设备ID=12008 module=PERIODIC id=ReadFoupStatus uuid=16 sendCount=1/1 timeout=1000ms crc=30 0C len=8
frame=01 04 00 00 00 09 30 0C
[2026-04-17 09:31:50] [INFO] [接收-帧] 09:31:50.917 设备ID=12008 module=PERIODIC id=ReadFoupStatus uuid=16 len=23
frame=01 04 12 EC BF 39 12 8C 8D 1D 1A A2 D7 1D 92 7A 76 DC C4 28 DD 82 BB
[2026-04-17 09:31:51] [INFO] [发送] 09:31:51.921 设备ID=12008 module=PERIODIC id=ReadFoupStatus uuid=16 sendCount=1/1 timeout=1000ms crc=30 0C len=8
frame=01 04 00 00 00 09 30 0C
[2026-04-17 09:31:52] [INFO] [接收-帧] 09:31:52.010 设备ID=12008 module=PERIODIC id=ReadFoupStatus uuid=16 len=23
frame=01 04 12 8A DE EB 6A 15 D2 2E 2E 6D E6 00 46 FF 05 81 38 F6 3E AB 21
[2026-04-17 09:31:53] [INFO] [发送] 09:31:53.032 设备ID=12008 module=PERIODIC id=ReadFoupStatus uuid=16 sendCount=1/1 timeout=1000ms crc=30 0C len=8
frame=01 04 00 00 00 09 30 0C
[2026-04-17 09:31:53] [INFO] [接收-帧] 09:31:53.104 设备ID=12008 module=PERIODIC id=ReadFoupStatus uuid=16 len=23
frame=01 04 12 84 0C 86 2A 42 3B 99 11 15 6B D6 6D 20 C7 DA 15 E2 1F 5E 68
[2026-04-17 09:31:54] [INFO] [发送] 09:31:54.120 设备ID=12008 module=PERIODIC id=ReadFoupStatus uuid=16 sendCount=1/1 timeout=1000ms crc=30 0C len=8
frame=01 04 00 00 00 09 30 0C
[2026-04-17 09:31:54] [INFO] [接收-帧] 09:31:54.190 设备ID=12008 module=PERIODIC id=ReadFoupStatus uuid=16 len=23
frame=01 04 12 5B 14 E3 22 A0 40 4C A4 63 DC FB BA 13 85 12 AA E2 88 54 B0
[2026-04-17 09:31:55] [INFO] [发送] 09:31:55.180 设备ID=12008 module=PERIODIC id=ReadFoupStatus uuid=16 sendCount=1/1 timeout=1000ms crc=30 0C len=8
frame=01 04 00 00 00 09 30 0C
[2026-04-17 09:31:55] [INFO] [接收-帧] 09:31:55.283 设备ID=12008 module=PERIODIC id=ReadFoupStatus uuid=16 len=23
frame=01 04 12 98 BF 21 31 54 AB BA FE E9 54 5A 62 40 47 B9 89 B9 77 82 B1
[2026-04-17 09:31:56] [INFO] [发送] 09:31:56.278 设备ID=12008 module=PERIODIC id=ReadFoupStatus uuid=16 sendCount=1/1 timeout=1000ms crc=30 0C len=8
frame=01 04 00 00 00 09 30 0C
[2026-04-17 09:31:56] [INFO] [接收-帧] 09:31:56.379 设备ID=12008 module=PERIODIC id=ReadFoupStatus uuid=16 len=23
frame=01 04 12 E0 B9 DA F3 75 09 F0 3A 5B 0A 1B 61 0D 22 85 78 D6 09 BD B9
[2026-04-17 09:31:57] [INFO] [发送] 09:31:57.374 设备ID=12008 module=PERIODIC id=ReadFoupStatus uuid=16 sendCount=1/1 timeout=1000ms crc=30 0C len=8
frame=01 04 00 00 00 09 30 0C
[2026-04-17 09:31:57] [INFO] [接收-帧] 09:31:57.480 设备ID=12008 module=PERIODIC id=ReadFoupStatus uuid=16 len=23
frame=01 04 12 2B 70 3E D0 E0 1A 4B 60 25 6B 51 2D CD 1D 23 39 36 62 C4 14
[2026-04-17 09:31:58] [INFO] [发送] 09:31:58.482 设备ID=12008 module=PERIODIC id=ReadFoupStatus uuid=16 sendCount=1/1 timeout=1000ms crc=30 0C len=8
frame=01 04 00 00 00 09 30 0C
[2026-04-17 09:31:58] [INFO] [接收-帧] 09:31:58.569 设备ID=12008 module=PERIODIC id=ReadFoupStatus uuid=16 len=23
frame=01 04 12 7E 4A 66 E8 E0 8E 69 99 2E 51 AC 3C 57 88 50 74 CD 38 A2 58
[2026-04-17 09:31:59] [INFO] [发送] 09:31:59.556 设备ID=12008 module=PERIODIC id=ReadFoupStatus uuid=16 sendCount=1/1 timeout=1000ms crc=30 0C len=8
frame=01 04 00 00 00 09 30 0C
[2026-04-17 09:31:59] [INFO] [接收-帧] 09:31:59.659 设备ID=12008 module=PERIODIC id=ReadFoupStatus uuid=16 len=23
frame=01 04 12 55 48 F8 FB 99 EC A2 4B CF C4 13 94 98 5A 78 CB DF 20 43 53
[2026-04-17 09:32:00] [INFO] [发送] 09:32:00.654 设备ID=12008 module=PERIODIC id=ReadFoupStatus uuid=16 sendCount=1/1 timeout=1000ms crc=30 0C len=8
frame=01 04 00 00 00 09 30 0C
[2026-04-17 09:32:00] [INFO] [接收-帧] 09:32:00.756 设备ID=12008 module=PERIODIC id=ReadFoupStatus uuid=16 len=23
frame=01 04 12 52 8E B7 08 EC C1 90 90 DA B3 90 C7 59 D7 75 46 8D 46 C0 06
[2026-04-17 09:32:01] [INFO] [发送] 09:32:01.745 设备ID=12008 module=PERIODIC id=ReadFoupStatus uuid=16 sendCount=1/1 timeout=1000ms crc=30 0C len=8
frame=01 04 00 00 00 09 30 0C
[2026-04-17 09:32:01] [INFO] [接收-帧] 09:32:01.846 设备ID=12008 module=PERIODIC id=ReadFoupStatus uuid=16 len=23
frame=01 04 12 C6 88 15 85 5C 2B 16 84 17 21 3D C8 00 A6 04 CC 98 1C B6 A4
[2026-04-17 09:32:02] [INFO] [发送] 09:32:02.836 设备ID=12008 module=PERIODIC id=ReadFoupStatus uuid=16 sendCount=1/1 timeout=1000ms crc=30 0C len=8
frame=01 04 00 00 00 09 30 0C
[2026-04-17 09:32:02] [INFO] [接收-帧] 09:32:02.941 设备ID=12008 module=PERIODIC id=ReadFoupStatus uuid=16 len=23
frame=01 04 12 7F 95 2F 89 5C 9D A6 8A 06 F8 2C 41 69 F6 00 2F E5 3A 63 A8
[2026-04-17 09:32:03] [INFO] [发送] 09:32:03.930 设备ID=12008 module=PERIODIC id=ReadFoupStatus uuid=16 sendCount=1/1 timeout=1000ms crc=30 0C len=8
frame=01 04 00 00 00 09 30 0C
[2026-04-17 09:32:04] [INFO] [接收-帧] 09:32:04.039 设备ID=12008 module=PERIODIC id=ReadFoupStatus uuid=16 len=23
frame=01 04 12 5A 8F C3 8E F7 21 A2 42 28 7F 3D AB BB F7 DA A7 87 5D 2A 10
