[2026-04-17 09:24:09] [INFO] [发送] 09:24:09.582 设备ID=12077 module=INITIAL id=ReadVersion uuid=153 sendCount=1/4 timeout=1000ms crc=B1 CD len=8
frame=01 04 00 18 00 01 B1 CD
[2026-04-17 09:24:10] [INFO] [接收-帧] 09:24:10.148 设备ID=12077 module=INITIAL id=ReadVersion uuid=153 len=7
frame=01 04 02 00 00 B9 30
[2026-04-17 09:24:10] [INFO] [发送] 09:24:10.149 设备ID=12077 module=PERIODIC id=ReadFoupStatus uuid=154 sendCount=1/1 timeout=1000ms crc=30 0C len=8
frame=01 04 00 00 00 09 30 0C
[2026-04-17 09:24:12] [INFO] [发送] 09:24:12.175 设备ID=12077 module=PERIODIC id=ReadFoupStatus uuid=154 sendCount=1/1 timeout=1000ms crc=30 0C len=8
frame=01 04 00 00 00 09 30 0C
[2026-04-17 09:24:14] [INFO] [发送] 09:24:14.185 设备ID=12077 module=PERIODIC id=ReadFoupStatus uuid=154 sendCount=1/1 timeout=1000ms crc=30 0C len=8
frame=01 04 00 00 00 09 30 0C
[2026-04-17 09:24:16] [INFO] [发送] 09:24:16.183 设备ID=12077 module=PERIODIC id=ReadFoupStatus uuid=154 sendCount=1/1 timeout=1000ms crc=30 0C len=8
frame=01 04 00 00 00 09 30 0C
[2026-04-17 09:24:18] [INFO] [发送] 09:24:18.186 设备ID=12077 module=PERIODIC id=ReadFoupStatus uuid=154 sendCount=1/1 timeout=1000ms crc=30 0C len=8
frame=01 04 00 00 00 09 30 0C
[2026-04-17 09:24:20] [INFO] [发送] 09:24:20.193 设备ID=12077 module=PERIODIC id=ReadFoupStatus uuid=154 sendCount=1/1 timeout=1000ms crc=30 0C len=8
frame=01 04 00 00 00 09 30 0C
[2026-04-17 09:24:22] [INFO] [发送] 09:24:22.194 设备ID=12077 module=PERIODIC id=ReadFoupStatus uuid=154 sendCount=1/1 timeout=1000ms crc=30 0C len=8
frame=01 04 00 00 00 09 30 0C
[2026-04-17 09:24:24] [INFO] [发送] 09:24:24.185 设备ID=12077 module=PERIODIC id=ReadFoupStatus uuid=154 sendCount=1/1 timeout=1000ms crc=30 0C len=8
frame=01 04 00 00 00 09 30 0C
[2026-04-17 09:24:26] [INFO] [发送] 09:24:26.190 设备ID=12077 module=PERIODIC id=ReadFoupStatus uuid=154 sendCount=1/1 timeout=1000ms crc=30 0C len=8
frame=01 04 00 00 00 09 30 0C
[2026-04-17 09:24:28] [INFO] [发送] 09:24:28.190 设备ID=12077 module=PERIODIC id=ReadFoupStatus uuid=154 sendCount=1/1 timeout=1000ms crc=30 0C len=8
frame=01 04 00 00 00 09 30 0C
[2026-04-17 09:24:32] [INFO] [发送] 09:24:32.251 设备ID=12077 module=PERIODIC id=ReadFoupStatus uuid=154 sendCount=1/1 timeout=1000ms crc=30 0C len=8
frame=01 04 00 00 00 09 30 0C
[2026-04-17 09:24:34] [INFO] [发送] 09:24:34.249 设备ID=12077 module=PERIODIC id=ReadFoupStatus uuid=154 sendCount=1/1 timeout=1000ms crc=30 0C len=8
frame=01 04 00 00 00 09 30 0C
[2026-04-17 09:24:36] [INFO] [发送] 09:24:36.248 设备ID=12077 module=PERIODIC id=ReadFoupStatus uuid=154 sendCount=1/1 timeout=1000ms crc=30 0C len=8
frame=01 04 00 00 00 09 30 0C
[2026-04-17 09:24:38] [INFO] [发送] 09:24:38.245 设备ID=12077 module=PERIODIC id=ReadFoupStatus uuid=154 sendCount=1/1 timeout=1000ms crc=30 0C len=8
frame=01 04 00 00 00 09 30 0C
[2026-04-17 09:24:40] [INFO] [发送] 09:24:40.250 设备ID=12077 module=PERIODIC id=ReadFoupStatus uuid=154 sendCount=1/1 timeout=1000ms crc=30 0C len=8
frame=01 04 00 00 00 09 30 0C
[2026-04-17 09:24:42] [INFO] [发送] 09:24:42.262 设备ID=12077 module=PERIODIC id=ReadFoupStatus uuid=154 sendCount=1/1 timeout=1000ms crc=30 0C len=8
frame=01 04 00 00 00 09 30 0C
[2026-04-17 09:24:44] [INFO] [发送] 09:24:44.268 设备ID=12077 module=PERIODIC id=ReadFoupStatus uuid=154 sendCount=1/1 timeout=1000ms crc=30 0C len=8
frame=01 04 00 00 00 09 30 0C
[2026-04-17 09:24:48] [INFO] [发送] 09:24:48.438 设备ID=12077 module=PERIODIC id=ReadFoupStatus uuid=154 sendCount=1/1 timeout=1000ms crc=30 0C len=8
frame=01 04 00 00 00 09 30 0C
[2026-04-17 09:24:48] [INFO] [接收-帧] 09:24:48.547 设备ID=12077 module=PERIODIC id=ReadFoupStatus uuid=154 len=23
frame=01 04 12 F5 AA 41 E0 12 00 E6 13 38 23 CA 86 4A 9C E8 2D 0E E8 F1 31
[2026-04-17 09:24:49] [INFO] [发送] 09:24:49.629 设备ID=12077 module=PERIODIC id=ReadFoupStatus uuid=154 sendCount=1/1 timeout=1000ms crc=30 0C len=8
frame=01 04 00 00 00 09 30 0C
[2026-04-17 09:24:49] [INFO] [接收-帧] 09:24:49.639 设备ID=12077 module=PERIODIC id=ReadFoupStatus uuid=154 len=23
frame=01 04 12 DB 56 B4 2A 46 33 AF E6 BB EE 14 FE 16 A8 B8 DE E4 49 93 3D
[2026-04-17 09:24:50] [INFO] [发送] 09:24:50.648 设备ID=12077 module=PERIODIC id=ReadFoupStatus uuid=154 sendCount=1/1 timeout=1000ms crc=30 0C len=8
frame=01 04 00 00 00 09 30 0C
[2026-04-17 09:24:50] [INFO] [接收-帧] 09:24:50.733 设备ID=12077 module=PERIODIC id=ReadFoupStatus uuid=154 len=23
frame=01 04 12 F8 68 FE 69 F4 82 16 C9 02 2C 8A 2F 24 15 3A C7 AF 2C D7 90
[2026-04-17 09:24:51] [INFO] [发送] 09:24:51.735 设备ID=12077 module=PERIODIC id=ReadFoupStatus uuid=154 sendCount=1/1 timeout=1000ms crc=30 0C len=8
frame=01 04 00 00 00 09 30 0C
[2026-04-17 09:24:51] [INFO] [接收-帧] 09:24:51.828 设备ID=12077 module=PERIODIC id=ReadFoupStatus uuid=154 len=23
frame=01 04 12 E0 94 F5 0D 83 75 0B D1 A8 77 D1 CE AD 52 22 03 2F 34 0C 87
[2026-04-17 09:24:52] [INFO] [发送] 09:24:52.820 设备ID=12077 module=PERIODIC id=ReadFoupStatus uuid=154 sendCount=1/1 timeout=1000ms crc=30 0C len=8
frame=01 04 00 00 00 09 30 0C
[2026-04-17 09:24:52] [INFO] [接收-帧] 09:24:52.918 设备ID=12077 module=PERIODIC id=ReadFoupStatus uuid=154 len=23
frame=01 04 12 53 12 73 0F 64 CC 04 99 6B B6 79 C2 9F 61 EF 51 ED D7 F7 3E
[2026-04-17 09:24:53] [INFO] [发送] 09:24:53.921 设备ID=12077 module=PERIODIC id=ReadFoupStatus uuid=154 sendCount=1/1 timeout=1000ms crc=30 0C len=8
frame=01 04 00 00 00 09 30 0C
[2026-04-17 09:24:54] [INFO] [接收-帧] 09:24:54.012 设备ID=12077 module=PERIODIC id=ReadFoupStatus uuid=154 len=23
frame=01 04 12 F2 29 6B 39 65 1E A1 48 07 96 17 6A 56 9B 76 D6 EE 79 62 7B
[2026-04-17 09:24:55] [INFO] [发送] 09:24:55.015 设备ID=12077 module=PERIODIC id=ReadFoupStatus uuid=154 sendCount=1/1 timeout=1000ms crc=30 0C len=8
frame=01 04 00 00 00 09 30 0C
[2026-04-17 09:24:55] [INFO] [接收-帧] 09:24:55.110 设备ID=12077 module=PERIODIC id=ReadFoupStatus uuid=154 len=23
frame=01 04 12 D3 1B 30 51 86 33 DD CC 62 62 3F 5D 50 EB 73 BD C4 45 B2 4F
[2026-04-17 09:24:56] [INFO] [发送] 09:24:56.109 设备ID=12077 module=PERIODIC id=ReadFoupStatus uuid=154 sendCount=1/1 timeout=1000ms crc=30 0C len=8
frame=01 04 00 00 00 09 30 0C
[2026-04-17 09:24:56] [INFO] [接收-帧] 09:24:56.202 设备ID=12077 module=PERIODIC id=ReadFoupStatus uuid=154 len=23
frame=01 04 12 ED A6 DE 9A 6A B9 52 01 54 9E 46 0D 6C B6 B3 A2 A4 1F C8 E5
[2026-04-17 09:24:57] [INFO] [发送] 09:24:57.199 设备ID=12077 module=PERIODIC id=ReadFoupStatus uuid=154 sendCount=1/1 timeout=1000ms crc=30 0C len=8
frame=01 04 00 00 00 09 30 0C
[2026-04-17 09:24:57] [INFO] [接收-帧] 09:24:57.294 设备ID=12077 module=PERIODIC id=ReadFoupStatus uuid=154 len=23
frame=01 04 12 C8 AE E2 5E 5E A4 03 3F E0 21 AF F3 64 9D B3 20 0A E5 F5 FD
[2026-04-17 09:24:58] [INFO] [发送] 09:24:58.291 设备ID=12077 module=PERIODIC id=ReadFoupStatus uuid=154 sendCount=1/1 timeout=1000ms crc=30 0C len=8
frame=01 04 00 00 00 09 30 0C
[2026-04-17 09:24:58] [INFO] [接收-帧] 09:24:58.390 设备ID=12077 module=PERIODIC id=ReadFoupStatus uuid=154 len=23
frame=01 04 12 3F D9 8F 49 C8 07 EE E2 E6 AB F2 D1 2A 43 10 EE D7 D5 30 88
[2026-04-17 09:24:59] [INFO] [发送] 09:24:59.388 设备ID=12077 module=PERIODIC id=ReadFoupStatus uuid=154 sendCount=1/1 timeout=1000ms crc=30 0C len=8
frame=01 04 00 00 00 09 30 0C
[2026-04-17 09:24:59] [INFO] [接收-帧] 09:24:59.483 设备ID=12077 module=PERIODIC id=ReadFoupStatus uuid=154 len=23
frame=01 04 12 70 B8 44 C5 AD 15 EB 9A 08 17 8A 5B EA 08 9B 2E 22 98 15 40
[2026-04-17 09:25:00] [INFO] [发送] 09:25:00.481 设备ID=12077 module=PERIODIC id=ReadFoupStatus uuid=154 sendCount=1/1 timeout=1000ms crc=30 0C len=8
frame=01 04 00 00 00 09 30 0C
[2026-04-17 09:25:00] [INFO] [接收-帧] 09:25:00.579 设备ID=12077 module=PERIODIC id=ReadFoupStatus uuid=154 len=23
frame=01 04 12 77 CB 52 0B 6F 3A D5 56 82 F4 F8 09 45 89 3D CB A3 33 4A 98
[2026-04-17 09:25:01] [INFO] [发送] 09:25:01.663 设备ID=12077 module=PERIODIC id=ReadFoupStatus uuid=154 sendCount=1/1 timeout=1000ms crc=30 0C len=8
frame=01 04 00 00 00 09 30 0C
[2026-04-17 09:25:01] [INFO] [接收-帧] 09:25:01.670 设备ID=12077 module=PERIODIC id=ReadFoupStatus uuid=154 len=23
frame=01 04 12 A7 F7 4F 87 45 68 B3 4B E9 0F CF DF 9B 91 C3 26 58 B1 4D 2D
[2026-04-17 09:25:02] [INFO] [发送] 09:25:02.725 设备ID=12077 module=PERIODIC id=ReadFoupStatus uuid=154 sendCount=1/1 timeout=1000ms crc=30 0C len=8
frame=01 04 00 00 00 09 30 0C
[2026-04-17 09:25:02] [INFO] [接收-帧] 09:25:02.778 设备ID=12077 module=PERIODIC id=ReadFoupStatus uuid=154 len=23
frame=01 04 12 97 0A 89 2F 9C 9C 1E B3 03 60 1B 6B FF 10 33 D4 D0 64 0C 65
[2026-04-17 09:25:03] [INFO] [发送] 09:25:03.776 设备ID=12077 module=PERIODIC id=ReadFoupStatus uuid=154 sendCount=1/1 timeout=1000ms crc=30 0C len=8
frame=01 04 00 00 00 09 30 0C
[2026-04-17 09:25:03] [INFO] [接收-帧] 09:25:03.859 设备ID=12077 module=PERIODIC id=ReadFoupStatus uuid=154 len=23
frame=01 04 12 13 79 2E 56 6E CD BA FA F2 2B 5C B9 4A 08 94 E9 06 A3 3C 4C
[2026-04-17 09:25:04] [INFO] [发送] 09:25:04.853 设备ID=12077 module=PERIODIC id=ReadFoupStatus uuid=154 sendCount=1/1 timeout=1000ms crc=30 0C len=8
frame=01 04 00 00 00 09 30 0C
[2026-04-17 09:25:04] [INFO] [接收-帧] 09:25:04.955 设备ID=12077 module=PERIODIC id=ReadFoupStatus uuid=154 len=23
frame=01 04 12 E8 09 DA 84 43 C7 CC BA C4 67 F4 C1 D6 76 B3 66 7B E4 7D 98
[2026-04-17 09:25:05] [INFO] [发送] 09:25:05.947 设备ID=12077 module=PERIODIC id=ReadFoupStatus uuid=154 sendCount=1/1 timeout=1000ms crc=30 0C len=8
frame=01 04 00 00 00 09 30 0C
[2026-04-17 09:25:06] [INFO] [接收-帧] 09:25:06.119 设备ID=12077 module=PERIODIC id=ReadFoupStatus uuid=154 len=23
frame=01 04 12 7A 0A FA 7E 3B C5 51 14 F9 02 60 34 E8 7D 95 58 C5 C3 54 02
[2026-04-17 09:25:07] [INFO] [发送] 09:25:07.304 设备ID=12077 module=PERIODIC id=ReadFoupStatus uuid=154 sendCount=1/1 timeout=1000ms crc=30 0C len=8
frame=01 04 00 00 00 09 30 0C
[2026-04-17 09:25:07] [INFO] [接收-帧] 09:25:07.360 设备ID=12077 module=PERIODIC id=ReadFoupStatus uuid=154 len=23
frame=01 04 12 38 4B D0 36 05 68 11 79 23 DC 73 21 7F 7F 66 46 52 44 D7 20
[2026-04-17 09:25:08] [INFO] [发送] 09:25:08.354 设备ID=12077 module=PERIODIC id=ReadFoupStatus uuid=154 sendCount=1/1 timeout=1000ms crc=30 0C len=8
frame=01 04 00 00 00 09 30 0C
[2026-04-17 09:25:08] [INFO] [接收-帧] 09:25:08.453 设备ID=12077 module=PERIODIC id=ReadFoupStatus uuid=154 len=23
frame=01 04 12 FD FE 71 1B 64 6D A1 C4 5A DB 5B 32 B8 3D 24 12 EA 25 D1 D5
[2026-04-17 09:25:09] [INFO] [发送] 09:25:09.446 设备ID=12077 module=PERIODIC id=ReadFoupStatus uuid=154 sendCount=1/1 timeout=1000ms crc=30 0C len=8
frame=01 04 00 00 00 09 30 0C
[2026-04-17 09:25:09] [INFO] [接收-帧] 09:25:09.549 设备ID=12077 module=PERIODIC id=ReadFoupStatus uuid=154 len=23
frame=01 04 12 ED 58 66 48 75 A0 C5 98 D8 ED 74 84 D8 B0 D4 21 3B 9C 69 51
[2026-04-17 09:25:10] [INFO] [发送] 09:25:10.542 设备ID=12077 module=PERIODIC id=ReadFoupStatus uuid=154 sendCount=1/1 timeout=1000ms crc=30 0C len=8
frame=01 04 00 00 00 09 30 0C
[2026-04-17 09:25:10] [INFO] [接收-帧] 09:25:10.640 设备ID=12077 module=PERIODIC id=ReadFoupStatus uuid=154 len=23
frame=01 04 12 B5 ED E5 F2 4E AC 35 0C 3F F3 7C B6 F2 03 67 93 D5 04 E9 42
[2026-04-17 09:25:11] [INFO] [发送] 09:25:11.634 设备ID=12077 module=PERIODIC id=ReadFoupStatus uuid=154 sendCount=1/1 timeout=1000ms crc=30 0C len=8
frame=01 04 00 00 00 09 30 0C
[2026-04-17 09:25:11] [INFO] [接收-帧] 09:25:11.732 设备ID=12077 module=PERIODIC id=ReadFoupStatus uuid=154 len=23
frame=01 04 12 97 23 0C 16 B0 8E D1 1F 65 F7 85 2C 91 20 BB 1D 9B D6 75 C7
[2026-04-17 09:25:12] [INFO] [发送] 09:25:12.728 设备ID=12077 module=PERIODIC id=ReadFoupStatus uuid=154 sendCount=1/1 timeout=1000ms crc=30 0C len=8
frame=01 04 00 00 00 09 30 0C
[2026-04-17 09:25:12] [INFO] [接收-帧] 09:25:12.828 设备ID=12077 module=PERIODIC id=ReadFoupStatus uuid=154 len=23
frame=01 04 12 99 43 59 5C B2 39 B3 7F 3B 87 37 D1 9B DF 37 32 55 87 00 F7
[2026-04-17 09:25:13] [INFO] [发送] 09:25:13.832 设备ID=12077 module=PERIODIC id=ReadFoupStatus uuid=154 sendCount=1/1 timeout=1000ms crc=30 0C len=8
frame=01 04 00 00 00 09 30 0C
[2026-04-17 09:25:13] [INFO] [接收-帧] 09:25:13.920 设备ID=12077 module=PERIODIC id=ReadFoupStatus uuid=154 len=23
frame=01 04 12 AC B0 E5 3E C7 48 96 27 02 F0 34 59 CA 76 AF D4 FB 33 6E 9E
[2026-04-17 09:25:14] [INFO] [发送] 09:25:14.922 设备ID=12077 module=PERIODIC id=ReadFoupStatus uuid=154 sendCount=1/1 timeout=1000ms crc=30 0C len=8
frame=01 04 00 00 00 09 30 0C
[2026-04-17 09:25:15] [INFO] [接收-帧] 09:25:15.013 设备ID=12077 module=PERIODIC id=ReadFoupStatus uuid=154 len=23
frame=01 04 12 A8 69 CC 78 0E F4 7B 87 FF 99 07 0B 01 BB 5C 0E 77 FF 9B 8D
[2026-04-17 09:25:16] [INFO] [发送] 09:25:16.009 设备ID=12077 module=PERIODIC id=ReadFoupStatus uuid=154 sendCount=1/1 timeout=1000ms crc=30 0C len=8
frame=01 04 00 00 00 09 30 0C
[2026-04-17 09:25:16] [INFO] [接收-帧] 09:25:16.116 设备ID=12077 module=PERIODIC id=ReadFoupStatus uuid=154 len=23
frame=01 04 12 E7 07 91 54 23 E0 80 7B 22 6E D0 97 A7 89 A7 31 A9 23 7D F0
[2026-04-17 09:25:17] [INFO] [发送] 09:25:17.120 设备ID=12077 module=PERIODIC id=ReadFoupStatus uuid=154 sendCount=1/1 timeout=1000ms crc=30 0C len=8
frame=01 04 00 00 00 09 30 0C
[2026-04-17 09:25:17] [INFO] [接收-帧] 09:25:17.204 设备ID=12077 module=PERIODIC id=ReadFoupStatus uuid=154 len=23
frame=01 04 12 B4 F9 44 8F 9F F0 30 46 15 A6 76 A3 2B F6 9E 93 43 9B 2D C4
[2026-04-17 09:25:18] [INFO] [发送] 09:25:18.195 设备ID=12077 module=PERIODIC id=ReadFoupStatus uuid=154 sendCount=1/1 timeout=1000ms crc=30 0C len=8
frame=01 04 00 00 00 09 30 0C
[2026-04-17 09:25:18] [INFO] [接收-帧] 09:25:18.295 设备ID=12077 module=PERIODIC id=ReadFoupStatus uuid=154 len=23
frame=01 04 12 78 72 CA FB 67 CF 5B BD 00 81 3B 02 8E 1A 73 56 0F 1E 38 2E
[2026-04-17 09:25:19] [INFO] [发送] 09:25:19.290 设备ID=12077 module=PERIODIC id=ReadFoupStatus uuid=154 sendCount=1/1 timeout=1000ms crc=30 0C len=8
frame=01 04 00 00 00 09 30 0C
[2026-04-17 09:25:19] [INFO] [接收-帧] 09:25:19.391 设备ID=12077 module=PERIODIC id=ReadFoupStatus uuid=154 len=23
frame=01 04 12 75 7D 15 81 55 10 40 86 28 74 DD 47 EF F8 49 F2 FE 8D 02 86
[2026-04-17 09:25:20] [INFO] [发送] 09:25:20.393 设备ID=12077 module=PERIODIC id=ReadFoupStatus uuid=154 sendCount=1/1 timeout=1000ms crc=30 0C len=8
frame=01 04 00 00 00 09 30 0C
[2026-04-17 09:25:20] [INFO] [接收-帧] 09:25:20.482 设备ID=12077 module=PERIODIC id=ReadFoupStatus uuid=154 len=23
frame=01 04 12 DA 3C 4E 63 33 BE FA 8A 2B 6F 01 49 FE 33 7F 51 8F F6 6E F4
[2026-04-17 09:25:21] [INFO] [发送] 09:25:21.479 设备ID=12077 module=PERIODIC id=ReadFoupStatus uuid=154 sendCount=1/1 timeout=1000ms crc=30 0C len=8
frame=01 04 00 00 00 09 30 0C
[2026-04-17 09:25:21] [INFO] [接收-帧] 09:25:21.575 设备ID=12077 module=PERIODIC id=ReadFoupStatus uuid=154 len=23
frame=01 04 12 F9 47 DD 97 5C CB CD C1 2C 5C F5 B0 45 9D E8 1F B1 77 FE 1E
[2026-04-17 09:25:22] [INFO] [发送] 09:25:22.572 设备ID=12077 module=PERIODIC id=ReadFoupStatus uuid=154 sendCount=1/1 timeout=1000ms crc=30 0C len=8
frame=01 04 00 00 00 09 30 0C
[2026-04-17 09:25:22] [INFO] [接收-帧] 09:25:22.672 设备ID=12077 module=PERIODIC id=ReadFoupStatus uuid=154 len=23
frame=01 04 12 AB 14 10 23 AA 92 B5 CB 6E 6D A9 12 27 11 7C 40 46 14 77 79
[2026-04-17 09:25:23] [INFO] [发送] 09:25:23.670 设备ID=12077 module=PERIODIC id=ReadFoupStatus uuid=154 sendCount=1/1 timeout=1000ms crc=30 0C len=8
frame=01 04 00 00 00 09 30 0C
[2026-04-17 09:25:23] [INFO] [接收-帧] 09:25:23.762 设备ID=12077 module=PERIODIC id=ReadFoupStatus uuid=154 len=23
frame=01 04 12 8F 65 6F 49 81 68 BF 74 13 A0 08 89 C7 7D 72 95 29 80 0D F7
[2026-04-17 09:25:24] [INFO] [发送] 09:25:24.765 设备ID=12077 module=PERIODIC id=ReadFoupStatus uuid=154 sendCount=1/1 timeout=1000ms crc=30 0C len=8
frame=01 04 00 00 00 09 30 0C
[2026-04-17 09:25:24] [INFO] [接收-帧] 09:25:24.856 设备ID=12077 module=PERIODIC id=ReadFoupStatus uuid=154 len=23
frame=01 04 12 76 5A 6E AA 4B C3 96 E5 F0 41 6F A1 1E 49 38 5D AD C3 52 D9
[2026-04-17 09:25:25] [INFO] [发送] 09:25:25.859 设备ID=12077 module=PERIODIC id=ReadFoupStatus uuid=154 sendCount=1/1 timeout=1000ms crc=30 0C len=8
frame=01 04 00 00 00 09 30 0C
[2026-04-17 09:25:25] [INFO] [接收-帧] 09:25:25.961 设备ID=12077 module=PERIODIC id=ReadFoupStatus uuid=154 len=23
frame=01 04 12 05 79 54 EB 79 00 EB 7F 6A 30 CC 55 C5 0A C1 58 0F B0 FB 28
[2026-04-17 09:25:26] [INFO] [发送] 09:25:26.971 设备ID=12077 module=PERIODIC id=ReadFoupStatus uuid=154 sendCount=1/1 timeout=1000ms crc=30 0C len=8
frame=01 04 00 00 00 09 30 0C
[2026-04-17 09:25:27] [INFO] [接收-帧] 09:25:27.045 设备ID=12077 module=PERIODIC id=ReadFoupStatus uuid=154 len=23
frame=01 04 12 AE B0 43 B6 8D C1 48 19 70 EE 17 46 8E 73 6B DB E8 41 38 76
[2026-04-17 09:25:28] [INFO] [发送] 09:25:28.042 设备ID=12077 module=PERIODIC id=ReadFoupStatus uuid=154 sendCount=1/1 timeout=1000ms crc=30 0C len=8
frame=01 04 00 00 00 09 30 0C
[2026-04-17 09:25:28] [INFO] [接收-帧] 09:25:28.137 设备ID=12077 module=PERIODIC id=ReadFoupStatus uuid=154 len=23
frame=01 04 12 3C 11 08 6E 66 83 F2 16 F4 41 AF 46 97 78 7D 7E 26 39 59 6E
[2026-04-17 09:25:29] [INFO] [发送] 09:25:29.133 设备ID=12077 module=PERIODIC id=ReadFoupStatus uuid=154 sendCount=1/1 timeout=1000ms crc=30 0C len=8
frame=01 04 00 00 00 09 30 0C
[2026-04-17 09:25:29] [INFO] [接收-帧] 09:25:29.231 设备ID=12077 module=PERIODIC id=ReadFoupStatus uuid=154 len=23
frame=01 04 12 42 25 D3 E2 BC 8D 14 B1 1B 4D FB D9 2D AF 90 5C FF E2 54 CF
[2026-04-17 09:25:30] [INFO] [发送] 09:25:30.232 设备ID=12077 module=PERIODIC id=ReadFoupStatus uuid=154 sendCount=1/1 timeout=1000ms crc=30 0C len=8
frame=01 04 00 00 00 09 30 0C
[2026-04-17 09:25:30] [INFO] [接收-帧] 09:25:30.330 设备ID=12077 module=PERIODIC id=ReadFoupStatus uuid=154 len=23
frame=01 04 12 EE C0 58 FD 5A 1D FF F9 90 F9 EB 87 E8 7F CF 41 88 5D 53 63
[2026-04-17 09:25:31] [INFO] [发送] 09:25:31.321 设备ID=12077 module=PERIODIC id=ReadFoupStatus uuid=154 sendCount=1/1 timeout=1000ms crc=30 0C len=8
frame=01 04 00 00 00 09 30 0C
[2026-04-17 09:25:31] [INFO] [接收-帧] 09:25:31.419 设备ID=12077 module=PERIODIC id=ReadFoupStatus uuid=154 len=23
frame=01 04 12 FE 9B 9C 0D 49 95 22 D7 94 40 1B B4 C0 54 51 69 70 36 61 A9
[2026-04-17 09:25:32] [INFO] [发送] 09:25:32.415 设备ID=12077 module=PERIODIC id=ReadFoupStatus uuid=154 sendCount=1/1 timeout=1000ms crc=30 0C len=8
frame=01 04 00 00 00 09 30 0C
[2026-04-17 09:25:32] [INFO] [接收-帧] 09:25:32.516 设备ID=12077 module=PERIODIC id=ReadFoupStatus uuid=154 len=23
frame=01 04 12 27 6C 27 31 B0 05 FB 7F B3 54 92 35 34 B1 C3 A8 6B A7 44 3E
[2026-04-17 09:25:33] [INFO] [发送] 09:25:33.508 设备ID=12077 module=PERIODIC id=ReadFoupStatus uuid=154 sendCount=1/1 timeout=1000ms crc=30 0C len=8
frame=01 04 00 00 00 09 30 0C
[2026-04-17 09:25:33] [INFO] [接收-帧] 09:25:33.606 设备ID=12077 module=PERIODIC id=ReadFoupStatus uuid=154 len=23
frame=01 04 12 76 F8 46 34 04 A6 F9 19 D3 0A 67 02 AF 44 11 31 A6 25 B9 E1
[2026-04-17 09:25:34] [INFO] [发送] 09:25:34.602 设备ID=12077 module=PERIODIC id=ReadFoupStatus uuid=154 sendCount=1/1 timeout=1000ms crc=30 0C len=8
frame=01 04 00 00 00 09 30 0C
[2026-04-17 09:25:34] [INFO] [接收-帧] 09:25:34.704 设备ID=12077 module=PERIODIC id=ReadFoupStatus uuid=154 len=23
frame=01 04 12 CB A9 3B 8A 80 8D A7 74 DC D0 5C 34 65 6C 37 FB 0A 0F D3 08
[2026-04-17 09:25:35] [INFO] [发送] 09:25:35.701 设备ID=12077 module=PERIODIC id=ReadFoupStatus uuid=154 sendCount=1/1 timeout=1000ms crc=30 0C len=8
frame=01 04 00 00 00 09 30 0C
[2026-04-17 09:25:35] [INFO] [接收-帧] 09:25:35.797 设备ID=12077 module=PERIODIC id=ReadFoupStatus uuid=154 len=23
frame=01 04 12 BF D3 6B E8 9D D4 02 1B D1 EB 01 83 9A E2 FC 94 57 B7 2B 7C
[2026-04-17 09:25:36] [INFO] [发送] 09:25:36.791 设备ID=12077 module=PERIODIC id=ReadFoupStatus uuid=154 sendCount=1/1 timeout=1000ms crc=30 0C len=8
frame=01 04 00 00 00 09 30 0C
[2026-04-17 09:25:36] [INFO] [接收-帧] 09:25:36.894 设备ID=12077 module=PERIODIC id=ReadFoupStatus uuid=154 len=23
frame=01 04 12 0A 15 73 5B E4 86 14 03 13 4C 3F 5C 92 27 6D 57 05 E3 A4 DA
[2026-04-17 09:25:37] [INFO] [发送] 09:25:37.883 设备ID=12077 module=PERIODIC id=ReadFoupStatus uuid=154 sendCount=1/1 timeout=1000ms crc=30 0C len=8
frame=01 04 00 00 00 09 30 0C
[2026-04-17 09:25:37] [INFO] [接收-帧] 09:25:37.985 设备ID=12077 module=PERIODIC id=ReadFoupStatus uuid=154 len=23
frame=01 04 12 EB 4A 9E 34 D3 BA 61 BC F7 C5 73 6F 99 99 64 7D 37 FE B3 43
[2026-04-17 09:25:38] [INFO] [发送] 09:25:38.980 设备ID=12077 module=PERIODIC id=ReadFoupStatus uuid=154 sendCount=1/1 timeout=1000ms crc=30 0C len=8
frame=01 04 00 00 00 09 30 0C
[2026-04-17 09:25:39] [INFO] [接收-帧] 09:25:39.074 设备ID=12077 module=PERIODIC id=ReadFoupStatus uuid=154 len=23
frame=01 04 12 78 B5 D5 45 26 D6 63 54 99 9B 80 B9 16 2C 4C 6F D4 CE 61 24
[2026-04-17 09:25:40] [INFO] [发送] 09:25:40.077 设备ID=12077 module=PERIODIC id=ReadFoupStatus uuid=154 sendCount=1/1 timeout=1000ms crc=30 0C len=8
frame=01 04 00 00 00 09 30 0C
[2026-04-17 09:25:40] [INFO] [接收-帧] 09:25:40.172 设备ID=12077 module=PERIODIC id=ReadFoupStatus uuid=154 len=23
frame=01 04 12 33 FC 2D 2C 4E 4F 6A 48 C7 E0 75 7F 3E 67 2C 34 64 79 2C 32
[2026-04-17 09:25:41] [INFO] [发送] 09:25:41.164 设备ID=12077 module=PERIODIC id=ReadFoupStatus uuid=154 sendCount=1/1 timeout=1000ms crc=30 0C len=8
frame=01 04 00 00 00 09 30 0C
[2026-04-17 09:25:41] [INFO] [接收-帧] 09:25:41.262 设备ID=12077 module=PERIODIC id=ReadFoupStatus uuid=154 len=23
frame=01 04 12 B4 49 38 4B 33 E6 62 41 78 BB 91 1A AA CD C3 03 7F 85 1D 34
[2026-04-17 09:25:42] [INFO] [发送] 09:25:42.261 设备ID=12077 module=PERIODIC id=ReadFoupStatus uuid=154 sendCount=1/1 timeout=1000ms crc=30 0C len=8
frame=01 04 00 00 00 09 30 0C
[2026-04-17 09:25:42] [INFO] [接收-帧] 09:25:42.358 设备ID=12077 module=PERIODIC id=ReadFoupStatus uuid=154 len=23
frame=01 04 12 91 AB 98 F8 8E 51 ED AE 0E 29 E5 BD 38 BB 3B 48 C2 7F FE 8D
[2026-04-17 09:25:43] [INFO] [发送] 09:25:43.358 设备ID=12077 module=PERIODIC id=ReadFoupStatus uuid=154 sendCount=1/1 timeout=1000ms crc=30 0C len=8
frame=01 04 00 00 00 09 30 0C
[2026-04-17 09:25:43] [INFO] [接收-帧] 09:25:43.451 设备ID=12077 module=PERIODIC id=ReadFoupStatus uuid=154 len=23
frame=01 04 12 F2 41 3D 8F 45 CE A2 8F 14 29 BB 08 F0 D7 F9 DC 6D C1 16 97
[2026-04-17 09:25:44] [INFO] [发送] 09:25:44.445 设备ID=12077 module=PERIODIC id=ReadFoupStatus uuid=154 sendCount=1/1 timeout=1000ms crc=30 0C len=8
frame=01 04 00 00 00 09 30 0C
[2026-04-17 09:25:44] [INFO] [接收-帧] 09:25:44.545 设备ID=12077 module=PERIODIC id=ReadFoupStatus uuid=154 len=23
frame=01 04 12 C1 12 C1 FC B5 DE 73 37 07 F4 94 49 7B E3 83 3C 7D 4A 07 43
[2026-04-17 09:25:45] [INFO] [发送] 09:25:45.541 设备ID=12077 module=PERIODIC id=ReadFoupStatus uuid=154 sendCount=1/1 timeout=1000ms crc=30 0C len=8
frame=01 04 00 00 00 09 30 0C
[2026-04-17 09:25:45] [INFO] [接收-帧] 09:25:45.639 设备ID=12077 module=PERIODIC id=ReadFoupStatus uuid=154 len=23
frame=01 04 12 A1 5D A8 A7 1F 9A 39 DA 23 9F 2F DE DB B7 36 FB 9C C7 C6 B2
[2026-04-17 09:25:46] [INFO] [发送] 09:25:46.634 设备ID=12077 module=PERIODIC id=ReadFoupStatus uuid=154 sendCount=1/1 timeout=1000ms crc=30 0C len=8
frame=01 04 00 00 00 09 30 0C
[2026-04-17 09:25:46] [INFO] [接收-帧] 09:25:46.737 设备ID=12077 module=PERIODIC id=ReadFoupStatus uuid=154 len=23
frame=01 04 12 BB B6 E9 5B 13 D4 CA 43 AA CA B6 1A 4D 98 99 19 98 9E 70 E7
[2026-04-17 09:25:47] [INFO] [发送] 09:25:47.830 设备ID=12077 module=PERIODIC id=ReadFoupStatus uuid=154 sendCount=1/1 timeout=1000ms crc=30 0C len=8
frame=01 04 00 00 00 09 30 0C
[2026-04-17 09:25:47] [INFO] [接收-帧] 09:25:47.936 设备ID=12077 module=PERIODIC id=ReadFoupStatus uuid=154 len=23
frame=01 04 12 AE D3 7A D5 04 8F B9 F0 69 FE FF 97 4D 01 16 6C C3 E1 FB 0A
[2026-04-17 09:25:48] [INFO] [发送] 09:25:48.930 设备ID=12077 module=PERIODIC id=ReadFoupStatus uuid=154 sendCount=1/1 timeout=1000ms crc=30 0C len=8
frame=01 04 00 00 00 09 30 0C
[2026-04-17 09:25:49] [INFO] [接收-帧] 09:25:49.027 设备ID=12077 module=PERIODIC id=ReadFoupStatus uuid=154 len=23
frame=01 04 12 71 74 D6 5F E0 15 AD 97 D8 E0 A9 78 08 2E 47 75 96 8C 0C 68
[2026-04-17 09:25:50] [INFO] [发送] 09:25:50.027 设备ID=12077 module=PERIODIC id=ReadFoupStatus uuid=154 sendCount=1/1 timeout=1000ms crc=30 0C len=8
frame=01 04 00 00 00 09 30 0C
[2026-04-17 09:25:50] [INFO] [接收-帧] 09:25:50.127 设备ID=12077 module=PERIODIC id=ReadFoupStatus uuid=154 len=23
frame=01 04 12 E7 7C 95 D2 D8 F8 09 C2 2D FC AB 15 42 71 2D DA 9C 22 CC F3
[2026-04-17 09:25:51] [INFO] [发送] 09:25:51.122 设备ID=12077 module=PERIODIC id=ReadFoupStatus uuid=154 sendCount=1/1 timeout=1000ms crc=30 0C len=8
frame=01 04 00 00 00 09 30 0C
[2026-04-17 09:25:51] [INFO] [接收-帧] 09:25:51.219 设备ID=12077 module=PERIODIC id=ReadFoupStatus uuid=154 len=23
frame=01 04 12 3C AD 22 E7 2E 08 9D 2F 96 51 0F 4B 25 BD 62 57 4C 16 00 36
[2026-04-17 09:25:52] [INFO] [发送] 09:25:52.227 设备ID=12077 module=PERIODIC id=ReadFoupStatus uuid=154 sendCount=1/1 timeout=1000ms crc=30 0C len=8
frame=01 04 00 00 00 09 30 0C
[2026-04-17 09:25:52] [INFO] [接收-帧] 09:25:52.312 设备ID=12077 module=PERIODIC id=ReadFoupStatus uuid=154 len=23
frame=01 04 12 A0 16 6B 6B 66 FB E2 D0 11 31 B3 17 1C 7B 93 F9 0B 7F 58 F7
[2026-04-17 09:25:53] [INFO] [发送] 09:25:53.307 设备ID=12077 module=PERIODIC id=ReadFoupStatus uuid=154 sendCount=1/1 timeout=1000ms crc=30 0C len=8
frame=01 04 00 00 00 09 30 0C
[2026-04-17 09:25:53] [INFO] [接收-帧] 09:25:53.407 设备ID=12077 module=PERIODIC id=ReadFoupStatus uuid=154 len=23
frame=01 04 12 69 A4 86 45 53 28 3C A2 00 8F EF 48 5F 82 99 DA A9 4E 9E 7E
[2026-04-17 09:25:54] [INFO] [发送] 09:25:54.399 设备ID=12077 module=PERIODIC id=ReadFoupStatus uuid=154 sendCount=1/1 timeout=1000ms crc=30 0C len=8
frame=01 04 00 00 00 09 30 0C
[2026-04-17 09:25:54] [INFO] [接收-帧] 09:25:54.505 设备ID=12077 module=PERIODIC id=ReadFoupStatus uuid=154 len=23
frame=01 04 12 0B C6 C4 53 9A 95 09 B4 F6 C3 63 0F 86 A1 7B 71 88 EA DA 1B
[2026-04-17 09:25:55] [INFO] [发送] 09:25:55.505 设备ID=12077 module=PERIODIC id=ReadFoupStatus uuid=154 sendCount=1/1 timeout=1000ms crc=30 0C len=8
frame=01 04 00 00 00 09 30 0C
[2026-04-17 09:25:55] [INFO] [接收-帧] 09:25:55.596 设备ID=12077 module=PERIODIC id=ReadFoupStatus uuid=154 len=23
frame=01 04 12 D0 85 4F 4B 6B 2B AF 41 1E 75 40 8B 78 AE 80 2E C5 3D 86 CC
[2026-04-17 09:25:56] [INFO] [发送] 09:25:56.587 设备ID=12077 module=PERIODIC id=ReadFoupStatus uuid=154 sendCount=1/1 timeout=1000ms crc=30 0C len=8
frame=01 04 00 00 00 09 30 0C
[2026-04-17 09:25:56] [INFO] [接收-帧] 09:25:56.685 设备ID=12077 module=PERIODIC id=ReadFoupStatus uuid=154 len=23
frame=01 04 12 8C B8 DB B6 EF DF 8C E2 93 9F 37 5E 8D E8 4D CA 1B 45 9C FA
[2026-04-17 09:25:57] [INFO] [发送] 09:25:57.685 设备ID=12077 module=PERIODIC id=ReadFoupStatus uuid=154 sendCount=1/1 timeout=1000ms crc=30 0C len=8
frame=01 04 00 00 00 09 30 0C
[2026-04-17 09:25:57] [INFO] [接收-帧] 09:25:57.782 设备ID=12077 module=PERIODIC id=ReadFoupStatus uuid=154 len=23
frame=01 04 12 9C 35 F3 3E 82 D7 51 09 60 0E 45 B7 87 2D 02 34 3F C8 1F C0
[2026-04-17 09:25:58] [INFO] [发送] 09:25:58.786 设备ID=12077 module=PERIODIC id=ReadFoupStatus uuid=154 sendCount=1/1 timeout=1000ms crc=30 0C len=8
frame=01 04 00 00 00 09 30 0C
[2026-04-17 09:25:58] [INFO] [接收-帧] 09:25:58.875 设备ID=12077 module=PERIODIC id=ReadFoupStatus uuid=154 len=23
frame=01 04 12 46 D5 F6 57 E9 D6 7C 73 53 43 DB AC A5 66 58 AB 6B AC AD 24
[2026-04-17 09:25:59] [INFO] [发送] 09:25:59.869 设备ID=12077 module=PERIODIC id=ReadFoupStatus uuid=154 sendCount=1/1 timeout=1000ms crc=30 0C len=8
frame=01 04 00 00 00 09 30 0C
[2026-04-17 09:25:59] [INFO] [接收-帧] 09:25:59.972 设备ID=12077 module=PERIODIC id=ReadFoupStatus uuid=154 len=23
frame=01 04 12 64 DD 5A E2 1F D8 41 53 49 17 8B 5B 21 4C BA 34 D2 89 B1 AF
[2026-04-17 09:26:00] [INFO] [发送] 09:26:00.969 设备ID=12077 module=PERIODIC id=ReadFoupStatus uuid=154 sendCount=1/1 timeout=1000ms crc=30 0C len=8
frame=01 04 00 00 00 09 30 0C
[2026-04-17 09:26:01] [INFO] [接收-帧] 09:26:01.065 设备ID=12077 module=PERIODIC id=ReadFoupStatus uuid=154 len=23
frame=01 04 12 0B 69 47 1F F5 4E 2B 18 10 8E 71 0C 16 11 15 D9 91 38 81 71
[2026-04-17 09:26:02] [INFO] [发送] 09:26:02.067 设备ID=12077 module=PERIODIC id=ReadFoupStatus uuid=154 sendCount=1/1 timeout=1000ms crc=30 0C len=8
frame=01 04 00 00 00 09 30 0C
[2026-04-17 09:26:02] [INFO] [接收-帧] 09:26:02.152 设备ID=12077 module=PERIODIC id=ReadFoupStatus uuid=154 len=23
frame=01 04 12 45 6C 8D 55 E3 D5 53 5F 3A 28 4B 59 80 9E EA A8 D5 1E 34 79
[2026-04-17 09:26:03] [INFO] [发送] 09:26:03.161 设备ID=12077 module=PERIODIC id=ReadFoupStatus uuid=154 sendCount=1/1 timeout=1000ms crc=30 0C len=8
frame=01 04 00 00 00 09 30 0C
[2026-04-17 09:26:03] [INFO] [接收-帧] 09:26:03.252 设备ID=12077 module=PERIODIC id=ReadFoupStatus uuid=154 len=23
frame=01 04 12 18 A1 AC F1 59 C5 02 F7 DD 3E 83 8F AF 2F B8 8A FA 62 A0 E1
[2026-04-17 09:26:04] [INFO] [发送] 09:26:04.245 设备ID=12077 module=PERIODIC id=ReadFoupStatus uuid=154 sendCount=1/1 timeout=1000ms crc=30 0C len=8
frame=01 04 00 00 00 09 30 0C
[2026-04-17 09:26:04] [INFO] [接收-帧] 09:26:04.382 设备ID=12077 module=PERIODIC id=ReadFoupStatus uuid=154 len=23
frame=01 04 12 18 51 53 AA 89 6F 18 E4 B7 8B 59 49 AA D7 C1 92 3D 69 1C 8A
[2026-04-17 09:26:05] [INFO] [发送] 09:26:05.400 设备ID=12077 module=PERIODIC id=ReadFoupStatus uuid=154 sendCount=1/1 timeout=1000ms crc=30 0C len=8
frame=01 04 00 00 00 09 30 0C
[2026-04-17 09:26:05] [INFO] [接收-帧] 09:26:05.435 设备ID=12077 module=PERIODIC id=ReadFoupStatus uuid=154 len=23
frame=01 04 12 EE 1E 3A CE 38 75 9D 84 71 3E DC 7A 32 94 03 7D 8D 21 22 9E
[2026-04-17 09:26:06] [INFO] [发送] 09:26:06.440 设备ID=12077 module=PERIODIC id=ReadFoupStatus uuid=154 sendCount=1/1 timeout=1000ms crc=30 0C len=8
frame=01 04 00 00 00 09 30 0C
[2026-04-17 09:26:06] [INFO] [接收-帧] 09:26:06.590 设备ID=12077 module=PERIODIC id=ReadFoupStatus uuid=154 len=23
frame=01 04 12 E0 C8 DF 51 C3 11 AE E3 B7 75 44 09 67 9D 52 03 EF 63 9A DC
[2026-04-17 09:26:07] [INFO] [发送] 09:26:07.716 设备ID=12077 module=PERIODIC id=ReadFoupStatus uuid=154 sendCount=1/1 timeout=1000ms crc=30 0C len=8
frame=01 04 00 00 00 09 30 0C
[2026-04-17 09:26:07] [INFO] [接收-帧] 09:26:07.736 设备ID=12077 module=PERIODIC id=ReadFoupStatus uuid=154 len=23
frame=01 04 12 05 92 47 EB 8A DF B4 C6 AA D6 A5 BA D2 73 F7 93 34 FD F0 7C
[2026-04-17 09:26:08] [INFO] [发送] 09:26:08.729 设备ID=12077 module=PERIODIC id=ReadFoupStatus uuid=154 sendCount=1/1 timeout=1000ms crc=30 0C len=8
frame=01 04 00 00 00 09 30 0C
[2026-04-17 09:26:08] [INFO] [接收-帧] 09:26:08.825 设备ID=12077 module=PERIODIC id=ReadFoupStatus uuid=154 len=23
frame=01 04 12 87 F3 35 98 7E 47 CB C3 6D 87 8C 02 91 02 EE D4 1E 64 5C 3F
[2026-04-17 09:26:09] [INFO] [发送] 09:26:09.835 设备ID=12077 module=PERIODIC id=ReadFoupStatus uuid=154 sendCount=1/1 timeout=1000ms crc=30 0C len=8
frame=01 04 00 00 00 09 30 0C
[2026-04-17 09:26:09] [INFO] [接收-帧] 09:26:09.927 设备ID=12077 module=PERIODIC id=ReadFoupStatus uuid=154 len=23
frame=01 04 12 31 8C 2B 94 69 1C 27 4A A3 D9 B2 20 2D DE 55 38 14 5F EA D5
[2026-04-17 09:26:10] [INFO] [发送] 09:26:10.925 设备ID=12077 module=PERIODIC id=ReadFoupStatus uuid=154 sendCount=1/1 timeout=1000ms crc=30 0C len=8
frame=01 04 00 00 00 09 30 0C
[2026-04-17 09:26:11] [INFO] [接收-帧] 09:26:11.018 设备ID=12077 module=PERIODIC id=ReadFoupStatus uuid=154 len=23
frame=01 04 12 50 CF 7D 98 0B 34 0E 57 1A B2 3F 87 E2 5D 88 28 52 ED E8 69
[2026-04-17 09:26:12] [INFO] [发送] 09:26:12.010 设备ID=12077 module=PERIODIC id=ReadFoupStatus uuid=154 sendCount=1/1 timeout=1000ms crc=30 0C len=8
frame=01 04 00 00 00 09 30 0C
[2026-04-17 09:26:12] [INFO] [接收-帧] 09:26:12.112 设备ID=12077 module=PERIODIC id=ReadFoupStatus uuid=154 len=23
frame=01 04 12 1B AE E2 13 01 31 8C CC B7 D5 19 51 E8 97 C2 1D AC E7 43 04
[2026-04-17 09:26:13] [INFO] [发送] 09:26:13.114 设备ID=12077 module=PERIODIC id=ReadFoupStatus uuid=154 sendCount=1/1 timeout=1000ms crc=30 0C len=8
frame=01 04 00 00 00 09 30 0C
[2026-04-17 09:26:13] [INFO] [接收-帧] 09:26:13.205 设备ID=12077 module=PERIODIC id=ReadFoupStatus uuid=154 len=23
frame=01 04 12 F6 FC 73 4C 9C E1 65 4D 0B D9 E4 FE B6 1F 37 89 31 54 EC 63
[2026-04-17 09:26:14] [INFO] [发送] 09:26:14.202 设备ID=12077 module=PERIODIC id=ReadFoupStatus uuid=154 sendCount=1/1 timeout=1000ms crc=30 0C len=8
frame=01 04 00 00 00 09 30 0C
[2026-04-17 09:26:14] [INFO] [接收-帧] 09:26:14.297 设备ID=12077 module=PERIODIC id=ReadFoupStatus uuid=154 len=23
frame=01 04 12 70 9E 38 19 0D 0D 64 D0 F8 DB 87 FE 3D 9A B4 CD 1A 9F C4 17
[2026-04-17 09:26:15] [INFO] [发送] 09:26:15.641 设备ID=12077 module=PERIODIC id=ReadFoupStatus uuid=154 sendCount=1/1 timeout=1000ms crc=30 0C len=8
frame=01 04 00 00 00 09 30 0C
[2026-04-17 09:26:15] [INFO] [接收-帧] 09:26:15.735 设备ID=12077 module=PERIODIC id=ReadFoupStatus uuid=154 len=23
frame=01 04 12 4B FD B4 D9 F5 53 0F EC 25 5B 5C E7 2E CB 08 14 00 E3 7E F6
[2026-04-17 09:26:16] [INFO] [发送] 09:26:16.736 设备ID=12077 module=PERIODIC id=ReadFoupStatus uuid=154 sendCount=1/1 timeout=1000ms crc=30 0C len=8
frame=01 04 00 00 00 09 30 0C
[2026-04-17 09:26:16] [INFO] [接收-帧] 09:26:16.812 设备ID=12077 module=PERIODIC id=ReadFoupStatus uuid=154 len=23
frame=01 04 12 7C A9 1B 11 E4 05 5F 58 B6 0A DA E4 86 6C DE 58 DB 3B 23 9C
[2026-04-17 09:26:17] [INFO] [发送] 09:26:17.820 设备ID=12077 module=PERIODIC id=ReadFoupStatus uuid=154 sendCount=1/1 timeout=1000ms crc=30 0C len=8
frame=01 04 00 00 00 09 30 0C
[2026-04-17 09:26:17] [INFO] [接收-帧] 09:26:17.967 设备ID=12077 module=PERIODIC id=ReadFoupStatus uuid=154 len=23
frame=01 04 12 A4 3B 73 9A 2F 6D 48 4A 7C 8B 22 E6 55 5C F1 DF A5 61 A1 C5
[2026-04-17 09:26:18] [INFO] [发送] 09:26:18.965 设备ID=12077 module=PERIODIC id=ReadFoupStatus uuid=154 sendCount=1/1 timeout=1000ms crc=30 0C len=8
frame=01 04 00 00 00 09 30 0C
[2026-04-17 09:26:19] [INFO] [接收-帧] 09:26:19.005 设备ID=12077 module=PERIODIC id=ReadFoupStatus uuid=154 len=23
frame=01 04 12 4F A1 B4 0E 32 27 20 42 09 68 82 4C F7 5B 52 9B C3 9B 32 32
[2026-04-17 09:26:20] [INFO] [发送] 09:26:20.006 设备ID=12077 module=PERIODIC id=ReadFoupStatus uuid=154 sendCount=1/1 timeout=1000ms crc=30 0C len=8
frame=01 04 00 00 00 09 30 0C
[2026-04-17 09:26:20] [INFO] [接收-帧] 09:26:20.092 设备ID=12077 module=PERIODIC id=ReadFoupStatus uuid=154 len=23
frame=01 04 12 9E E8 6C 21 48 75 37 06 14 E4 8D CA E2 C3 41 68 6C C9 69 18
[2026-04-17 09:26:21] [INFO] [发送] 09:26:21.094 设备ID=12077 module=PERIODIC id=ReadFoupStatus uuid=154 sendCount=1/1 timeout=1000ms crc=30 0C len=8
frame=01 04 00 00 00 09 30 0C
[2026-04-17 09:26:21] [INFO] [接收-帧] 09:26:21.191 设备ID=12077 module=PERIODIC id=ReadFoupStatus uuid=154 len=23
frame=01 04 12 3A BC 38 C6 21 7E 0D B6 5C 23 0E 93 C1 8B E7 BA 7F 35 8C F0
[2026-04-17 09:26:22] [INFO] [发送] 09:26:22.191 设备ID=12077 module=PERIODIC id=ReadFoupStatus uuid=154 sendCount=1/1 timeout=1000ms crc=30 0C len=8
frame=01 04 00 00 00 09 30 0C
[2026-04-17 09:26:22] [INFO] [接收-帧] 09:26:22.736 设备ID=12077 module=PERIODIC id=ReadFoupStatus uuid=154 len=23
frame=01 04 12 3E CB E6 B9 3F 91 87 76 4D 31 BA A2 2C 21 96 1D C7 D5 56 60
[2026-04-17 09:26:23] [INFO] [发送] 09:26:23.854 设备ID=12077 module=PERIODIC id=ReadFoupStatus uuid=154 sendCount=1/1 timeout=1000ms crc=30 0C len=8
frame=01 04 00 00 00 09 30 0C
[2026-04-17 09:26:23] [INFO] [接收-帧] 09:26:23.920 设备ID=12077 module=PERIODIC id=ReadFoupStatus uuid=154 len=23
frame=01 04 12 87 B7 87 0B 6C DD D1 9C 62 4F E7 B5 E7 55 A6 DC 06 DE CF 07
[2026-04-17 09:26:25] [INFO] [发送] 09:26:25.599 设备ID=12077 module=PERIODIC id=ReadFoupStatus uuid=154 sendCount=1/1 timeout=1000ms crc=30 0C len=8
frame=01 04 00 00 00 09 30 0C
[2026-04-17 09:26:25] [INFO] [接收-帧] 09:26:25.675 设备ID=12077 module=PERIODIC id=ReadFoupStatus uuid=154 len=23
frame=01 04 12 72 96 8A 71 B9 04 43 24 72 0C E9 60 25 9B 60 E7 2A B9 62 06
[2026-04-17 09:26:26] [INFO] [发送] 09:26:26.671 设备ID=12077 module=PERIODIC id=ReadFoupStatus uuid=154 sendCount=1/1 timeout=1000ms crc=30 0C len=8
frame=01 04 00 00 00 09 30 0C
[2026-04-17 09:26:27] [INFO] [接收-帧] 09:26:27.099 设备ID=12077 module=PERIODIC id=ReadFoupStatus uuid=154 len=23
frame=01 04 12 D5 63 C3 8F 50 96 55 F7 BC 41 88 06 FF 2F EE 2C 1D 8B CD F4
[2026-04-17 09:26:28] [INFO] [发送] 09:26:28.091 设备ID=12077 module=PERIODIC id=ReadFoupStatus uuid=154 sendCount=1/1 timeout=1000ms crc=30 0C len=8
frame=01 04 00 00 00 09 30 0C
[2026-04-17 09:26:28] [INFO] [接收-帧] 09:26:28.190 设备ID=12077 module=PERIODIC id=ReadFoupStatus uuid=154 len=23
frame=01 04 12 51 A2 EC 1E 42 48 44 F1 14 E4 04 93 79 D2 4A A8 01 33 24 A2
[2026-04-17 09:26:29] [INFO] [发送] 09:26:29.192 设备ID=12077 module=PERIODIC id=ReadFoupStatus uuid=154 sendCount=1/1 timeout=1000ms crc=30 0C len=8
frame=01 04 00 00 00 09 30 0C
[2026-04-17 09:26:29] [INFO] [接收-帧] 09:26:29.284 设备ID=12077 module=PERIODIC id=ReadFoupStatus uuid=154 len=23
frame=01 04 12 79 50 F3 08 2E 08 F8 F3 86 38 27 ED 49 7B A1 4A F7 A7 64 18
[2026-04-17 09:26:30] [INFO] [发送] 09:26:30.287 设备ID=12077 module=PERIODIC id=ReadFoupStatus uuid=154 sendCount=1/1 timeout=1000ms crc=30 0C len=8
frame=01 04 00 00 00 09 30 0C
[2026-04-17 09:26:30] [INFO] [接收-帧] 09:26:30.384 设备ID=12077 module=PERIODIC id=ReadFoupStatus uuid=154 len=23
frame=01 04 12 BC 93 40 1E 74 19 C4 02 A0 FA D9 82 60 E4 B9 78 64 EF 9B 18
[2026-04-17 09:26:31] [INFO] [发送] 09:26:31.391 设备ID=12077 module=PERIODIC id=ReadFoupStatus uuid=154 sendCount=1/1 timeout=1000ms crc=30 0C len=8
frame=01 04 00 00 00 09 30 0C
[2026-04-17 09:26:31] [INFO] [接收-帧] 09:26:31.487 设备ID=12077 module=PERIODIC id=ReadFoupStatus uuid=154 len=23
frame=01 04 12 EF 15 74 F6 1F 6B D2 9F D8 B5 99 F5 26 39 F8 61 28 52 F8 27
[2026-04-17 09:26:32] [INFO] [发送] 09:26:32.478 设备ID=12077 module=PERIODIC id=ReadFoupStatus uuid=154 sendCount=1/1 timeout=1000ms crc=30 0C len=8
frame=01 04 00 00 00 09 30 0C
[2026-04-17 09:26:32] [INFO] [接收-帧] 09:26:32.564 设备ID=12077 module=PERIODIC id=ReadFoupStatus uuid=154 len=23
frame=01 04 12 6D 6B B9 99 85 90 62 C5 7E 89 96 E1 00 E5 13 40 6A EB 99 D5
[2026-04-17 09:26:33] [INFO] [发送] 09:26:33.571 设备ID=12077 module=PERIODIC id=ReadFoupStatus uuid=154 sendCount=1/1 timeout=1000ms crc=30 0C len=8
frame=01 04 00 00 00 09 30 0C
[2026-04-17 09:26:33] [INFO] [接收-帧] 09:26:33.659 设备ID=12077 module=PERIODIC id=ReadFoupStatus uuid=154 len=23
frame=01 04 12 AA 45 5F 3E 77 6F CF A8 62 64 DC 15 53 54 38 34 A5 3D C4 81
[2026-04-17 09:26:34] [INFO] [发送] 09:26:34.653 设备ID=12077 module=PERIODIC id=ReadFoupStatus uuid=154 sendCount=1/1 timeout=1000ms crc=30 0C len=8
frame=01 04 00 00 00 09 30 0C
[2026-04-17 09:26:34] [INFO] [接收-帧] 09:26:34.757 设备ID=12077 module=PERIODIC id=ReadFoupStatus uuid=154 len=23
frame=01 04 12 4A DE 18 32 9C B1 8B 30 90 1D 04 F6 5B 13 92 A0 C8 48 3F 62
[2026-04-17 09:26:35] [INFO] [发送] 09:26:35.748 设备ID=12077 module=PERIODIC id=ReadFoupStatus uuid=154 sendCount=1/1 timeout=1000ms crc=30 0C len=8
frame=01 04 00 00 00 09 30 0C
[2026-04-17 09:26:35] [INFO] [接收-帧] 09:26:35.845 设备ID=12077 module=PERIODIC id=ReadFoupStatus uuid=154 len=23
frame=01 04 12 45 CE 61 B7 D3 1D 12 83 84 51 20 58 2C 73 EF 4C 8B 87 B4 48
[2026-04-17 09:26:36] [INFO] [发送] 09:26:36.844 设备ID=12077 module=PERIODIC id=ReadFoupStatus uuid=154 sendCount=1/1 timeout=1000ms crc=30 0C len=8
frame=01 04 00 00 00 09 30 0C
[2026-04-17 09:26:36] [INFO] [接收-帧] 09:26:36.940 设备ID=12077 module=PERIODIC id=ReadFoupStatus uuid=154 len=23
frame=01 04 12 E1 3C 38 73 D3 7B 04 CF 24 26 0A C7 32 CB 75 C7 CF 38 00 C8
[2026-04-17 09:26:37] [INFO] [发送] 09:26:37.939 设备ID=12077 module=PERIODIC id=ReadFoupStatus uuid=154 sendCount=1/1 timeout=1000ms crc=30 0C len=8
frame=01 04 00 00 00 09 30 0C
[2026-04-17 09:26:38] [INFO] [接收-帧] 09:26:38.029 设备ID=12077 module=PERIODIC id=ReadFoupStatus uuid=154 len=23
frame=01 04 12 D4 8A 03 67 D2 B6 D4 63 B5 DE 57 48 6B 3E 67 50 FE 63 CD 33
[2026-04-17 09:26:39] [INFO] [发送] 09:26:39.029 设备ID=12077 module=PERIODIC id=ReadFoupStatus uuid=154 sendCount=1/1 timeout=1000ms crc=30 0C len=8
frame=01 04 00 00 00 09 30 0C
[2026-04-17 09:26:39] [INFO] [接收-帧] 09:26:39.127 设备ID=12077 module=PERIODIC id=ReadFoupStatus uuid=154 len=23
frame=01 04 12 7E 17 BB 08 53 63 7E 90 1C 3D 74 99 87 A9 04 4F EE A4 C4 98
[2026-04-17 09:26:40] [INFO] [发送] 09:26:40.130 设备ID=12077 module=PERIODIC id=ReadFoupStatus uuid=154 sendCount=1/1 timeout=1000ms crc=30 0C len=8
frame=01 04 00 00 00 09 30 0C
[2026-04-17 09:26:40] [INFO] [接收-帧] 09:26:40.216 设备ID=12077 module=PERIODIC id=ReadFoupStatus uuid=154 len=23
frame=01 04 12 BE D5 3B B1 66 09 18 0E EF E4 3A 73 DC C9 2B BF 71 58 DC 89
[2026-04-17 09:26:41] [INFO] [发送] 09:26:41.221 设备ID=12077 module=PERIODIC id=ReadFoupStatus uuid=154 sendCount=1/1 timeout=1000ms crc=30 0C len=8
frame=01 04 00 00 00 09 30 0C
[2026-04-17 09:26:41] [INFO] [接收-帧] 09:26:41.316 设备ID=12077 module=PERIODIC id=ReadFoupStatus uuid=154 len=23
frame=01 04 12 E0 70 A8 28 61 17 04 44 63 D8 B5 4E 0F F1 D1 B4 F6 4D 09 AE
[2026-04-17 09:26:42] [INFO] [发送] 09:26:42.311 设备ID=12077 module=PERIODIC id=ReadFoupStatus uuid=154 sendCount=1/1 timeout=1000ms crc=30 0C len=8
frame=01 04 00 00 00 09 30 0C
[2026-04-17 09:26:42] [INFO] [接收-帧] 09:26:42.404 设备ID=12077 module=PERIODIC id=ReadFoupStatus uuid=154 len=23
frame=01 04 12 4B 8C FB 7D A8 C1 BA 3B FF 5B AF B6 1C F5 90 01 59 21 3F 66
[2026-04-17 09:26:43] [INFO] [发送] 09:26:43.402 设备ID=12077 module=PERIODIC id=ReadFoupStatus uuid=154 sendCount=1/1 timeout=1000ms crc=30 0C len=8
frame=01 04 00 00 00 09 30 0C
[2026-04-17 09:26:43] [INFO] [接收-帧] 09:26:43.502 设备ID=12077 module=PERIODIC id=ReadFoupStatus uuid=154 len=23
frame=01 04 12 81 A7 08 BF C1 3E DC 84 D6 EC 7F B3 58 A6 39 61 F9 26 D2 B3
[2026-04-17 09:26:44] [INFO] [发送] 09:26:44.500 设备ID=12077 module=PERIODIC id=ReadFoupStatus uuid=154 sendCount=1/1 timeout=1000ms crc=30 0C len=8
frame=01 04 00 00 00 09 30 0C
[2026-04-17 09:26:44] [INFO] [接收-帧] 09:26:44.598 设备ID=12077 module=PERIODIC id=ReadFoupStatus uuid=154 len=23
frame=01 04 12 9F 75 B5 11 96 27 D9 53 47 82 66 F5 0F 84 76 5F 06 AD CA 3B
[2026-04-17 09:26:45] [INFO] [发送] 09:26:45.590 设备ID=12077 module=PERIODIC id=ReadFoupStatus uuid=154 sendCount=1/1 timeout=1000ms crc=30 0C len=8
frame=01 04 00 00 00 09 30 0C
[2026-04-17 09:26:45] [INFO] [接收-帧] 09:26:45.689 设备ID=12077 module=PERIODIC id=ReadFoupStatus uuid=154 len=23
frame=01 04 12 A9 FD C5 B1 BA C6 11 76 3D DF 18 C7 4D 3F E3 95 C8 C5 EF 23
[2026-04-17 09:26:46] [INFO] [发送] 09:26:46.685 设备ID=12077 module=PERIODIC id=ReadFoupStatus uuid=154 sendCount=1/1 timeout=1000ms crc=30 0C len=8
frame=01 04 00 00 00 09 30 0C
[2026-04-17 09:26:46] [INFO] [接收-帧] 09:26:46.781 设备ID=12077 module=PERIODIC id=ReadFoupStatus uuid=154 len=23
frame=01 04 12 C0 97 0C 15 61 B7 B6 25 91 0A 4F 49 12 30 47 32 4C 2E A7 8F
[2026-04-17 09:26:47] [INFO] [发送] 09:26:47.777 设备ID=12077 module=PERIODIC id=ReadFoupStatus uuid=154 sendCount=1/1 timeout=1000ms crc=30 0C len=8
frame=01 04 00 00 00 09 30 0C
[2026-04-17 09:26:47] [INFO] [接收-帧] 09:26:47.873 设备ID=12077 module=PERIODIC id=ReadFoupStatus uuid=154 len=23
frame=01 04 12 B2 3A 97 C6 74 76 27 18 3B C3 19 55 AF CC 6E 20 13 C7 FA DE
[2026-04-17 09:26:48] [INFO] [发送] 09:26:48.892 设备ID=12077 module=PERIODIC id=ReadFoupStatus uuid=154 sendCount=1/1 timeout=1000ms crc=30 0C len=8
frame=01 04 00 00 00 09 30 0C
[2026-04-17 09:26:48] [INFO] [接收-帧] 09:26:48.976 设备ID=12077 module=PERIODIC id=ReadFoupStatus uuid=154 len=23
frame=01 04 12 4B B5 A4 83 50 FE 21 B4 6C 57 40 AC 0A 4B E6 C9 E8 6B FB BF
[2026-04-17 09:26:49] [INFO] [发送] 09:26:49.982 设备ID=12077 module=PERIODIC id=ReadFoupStatus uuid=154 sendCount=1/1 timeout=1000ms crc=30 0C len=8
frame=01 04 00 00 00 09 30 0C
[2026-04-17 09:26:50] [INFO] [接收-帧] 09:26:50.064 设备ID=12077 module=PERIODIC id=ReadFoupStatus uuid=154 len=23
frame=01 04 12 BB 03 99 79 45 86 A6 E6 16 59 92 B5 7B 3B 7B 2F E3 F5 D4 6F
[2026-04-17 09:26:51] [INFO] [发送] 09:26:51.058 设备ID=12077 module=PERIODIC id=ReadFoupStatus uuid=154 sendCount=1/1 timeout=1000ms crc=30 0C len=8
frame=01 04 00 00 00 09 30 0C
[2026-04-17 09:26:51] [INFO] [接收-帧] 09:26:51.155 设备ID=12077 module=PERIODIC id=ReadFoupStatus uuid=154 len=23
frame=01 04 12 FF 68 4C 05 D2 19 4E 2E 61 F7 CF 10 8D ED D5 52 51 A3 E4 10
[2026-04-17 09:26:52] [INFO] [发送] 09:26:52.149 设备ID=12077 module=PERIODIC id=ReadFoupStatus uuid=154 sendCount=1/1 timeout=1000ms crc=30 0C len=8
frame=01 04 00 00 00 09 30 0C
[2026-04-17 09:26:52] [INFO] [接收-帧] 09:26:52.249 设备ID=12077 module=PERIODIC id=ReadFoupStatus uuid=154 len=23
frame=01 04 12 5F C6 BD 57 6D 88 2C EB E3 73 8F 4C 3E AE 2C 23 50 40 76 FE
[2026-04-17 09:26:53] [INFO] [发送] 09:26:53.518 设备ID=12077 module=PERIODIC id=ReadFoupStatus uuid=154 sendCount=1/1 timeout=1000ms crc=30 0C len=8
frame=01 04 00 00 00 09 30 0C
[2026-04-17 09:26:53] [INFO] [接收-帧] 09:26:53.562 设备ID=12077 module=PERIODIC id=ReadFoupStatus uuid=154 len=23
frame=01 04 12 58 4C CB AE BA 3C 92 D0 82 67 D0 CB 10 B5 5C 75 EA 2B BC 76
[2026-04-17 09:26:54] [INFO] [发送] 09:26:54.591 设备ID=12077 module=PERIODIC id=ReadFoupStatus uuid=154 sendCount=1/1 timeout=1000ms crc=30 0C len=8
frame=01 04 00 00 00 09 30 0C
[2026-04-17 09:26:54] [INFO] [接收-帧] 09:26:54.656 设备ID=12077 module=PERIODIC id=ReadFoupStatus uuid=154 len=23
frame=01 04 12 0C C9 03 F9 8C 34 68 E4 25 73 BA 1D 6F 80 D8 B7 99 6A D4 15
[2026-04-17 09:26:55] [INFO] [发送] 09:26:55.677 设备ID=12077 module=PERIODIC id=ReadFoupStatus uuid=154 sendCount=1/1 timeout=1000ms crc=30 0C len=8
frame=01 04 00 00 00 09 30 0C
[2026-04-17 09:26:55] [INFO] [接收-帧] 09:26:55.748 设备ID=12077 module=PERIODIC id=ReadFoupStatus uuid=154 len=23
frame=01 04 12 0F 5A FE EE 16 56 CB A5 44 32 1D 92 EB 25 36 51 65 60 B9 28
[2026-04-17 09:26:56] [INFO] [发送] 09:26:56.746 设备ID=12077 module=PERIODIC id=ReadFoupStatus uuid=154 sendCount=1/1 timeout=1000ms crc=30 0C len=8
frame=01 04 00 00 00 09 30 0C
[2026-04-17 09:26:56] [INFO] [接收-帧] 09:26:56.844 设备ID=12077 module=PERIODIC id=ReadFoupStatus uuid=154 len=23
frame=01 04 12 1B 82 F1 F4 91 93 82 3A 88 0C C8 FF 02 8E 28 AD EE 5B DD 73
[2026-04-17 09:26:57] [INFO] [发送] 09:26:57.843 设备ID=12077 module=PERIODIC id=ReadFoupStatus uuid=154 sendCount=1/1 timeout=1000ms crc=30 0C len=8
frame=01 04 00 00 00 09 30 0C
[2026-04-17 09:26:57] [INFO] [接收-帧] 09:26:57.939 设备ID=12077 module=PERIODIC id=ReadFoupStatus uuid=154 len=23
frame=01 04 12 6D 3F 65 15 19 06 F6 E3 10 20 A3 26 B4 A4 B7 CB 87 79 DD 53
[2026-04-17 09:26:58] [INFO] [发送] 09:26:58.945 设备ID=12077 module=PERIODIC id=ReadFoupStatus uuid=154 sendCount=1/1 timeout=1000ms crc=30 0C len=8
frame=01 04 00 00 00 09 30 0C
[2026-04-17 09:26:59] [INFO] [接收-帧] 09:26:59.030 设备ID=12077 module=PERIODIC id=ReadFoupStatus uuid=154 len=23
frame=01 04 12 96 73 1E A8 61 E2 A5 19 C4 30 9B F0 D0 4F AC 8A D9 57 66 CD
[2026-04-17 09:27:00] [INFO] [发送] 09:27:00.025 设备ID=12077 module=PERIODIC id=ReadFoupStatus uuid=154 sendCount=1/1 timeout=1000ms crc=30 0C len=8
frame=01 04 00 00 00 09 30 0C
[2026-04-17 09:27:00] [INFO] [接收-帧] 09:27:00.123 设备ID=12077 module=PERIODIC id=ReadFoupStatus uuid=154 len=23
frame=01 04 12 32 CC 3B C8 EE AB 7C 09 E7 AB 3C 03 73 39 CA D6 30 77 FF 05
[2026-04-17 09:27:01] [INFO] [发送] 09:27:01.124 设备ID=12077 module=PERIODIC id=ReadFoupStatus uuid=154 sendCount=1/1 timeout=1000ms crc=30 0C len=8
frame=01 04 00 00 00 09 30 0C
[2026-04-17 09:27:01] [INFO] [接收-帧] 09:27:01.220 设备ID=12077 module=PERIODIC id=ReadFoupStatus uuid=154 len=23
frame=01 04 12 28 3C 36 39 C2 AE 5C D9 52 68 78 12 E3 6A 7E 87 D0 92 51 6B
[2026-04-17 09:27:37] [INFO] [发送] 09:27:37.724 设备ID=12077 module=INITIAL id=ReadVersion uuid=153 sendCount=1/4 timeout=1000ms crc=B1 CD len=8
frame=01 04 00 18 00 01 B1 CD
[2026-04-17 09:27:37] [INFO] [接收-帧] 09:27:37.828 设备ID=12077 module=INITIAL id=ReadVersion uuid=153 len=7
frame=01 04 02 00 00 B9 30
[2026-04-17 09:27:37] [INFO] [发送] 09:27:37.828 设备ID=12077 module=PERIODIC id=ReadFoupStatus uuid=154 sendCount=1/1 timeout=1000ms crc=30 0C len=8
frame=01 04 00 00 00 09 30 0C
[2026-04-17 09:27:37] [INFO] [接收-帧] 09:27:37.937 设备ID=12077 module=PERIODIC id=ReadFoupStatus uuid=154 len=23
frame=01 04 12 A2 95 E4 B1 CF B6 A1 D9 5B C1 73 18 64 BD AA 9E 7B AE 76 CD
[2026-04-17 09:27:38] [INFO] [发送] 09:27:38.930 设备ID=12077 module=PERIODIC id=ReadFoupStatus uuid=154 sendCount=1/1 timeout=1000ms crc=30 0C len=8
frame=01 04 00 00 00 09 30 0C
[2026-04-17 09:27:39] [INFO] [接收-帧] 09:27:39.035 设备ID=12077 module=PERIODIC id=ReadFoupStatus uuid=154 len=23
frame=01 04 12 21 13 B5 02 EA F9 82 B9 D2 33 76 6C FB B2 C3 DC C3 C7 EE F2
[2026-04-17 09:27:40] [INFO] [发送] 09:27:40.024 设备ID=12077 module=PERIODIC id=ReadFoupStatus uuid=154 sendCount=1/1 timeout=1000ms crc=30 0C len=8
frame=01 04 00 00 00 09 30 0C
[2026-04-17 09:27:40] [INFO] [接收-帧] 09:27:40.125 设备ID=12077 module=PERIODIC id=ReadFoupStatus uuid=154 len=23
frame=01 04 12 0C B9 01 07 26 5B BB 15 91 BC 70 AE BB 1E 9C 47 C0 4D 7C 3D
[2026-04-17 09:27:41] [INFO] [发送] 09:27:41.122 设备ID=12077 module=PERIODIC id=ReadFoupStatus uuid=154 sendCount=1/1 timeout=1000ms crc=30 0C len=8
frame=01 04 00 00 00 09 30 0C
[2026-04-17 09:27:41] [INFO] [接收-帧] 09:27:41.216 设备ID=12077 module=PERIODIC id=ReadFoupStatus uuid=154 len=23
frame=01 04 12 D6 9A F6 6A 50 38 83 8F C3 95 0D B6 96 B7 6A 60 13 21 20 B2
[2026-04-17 09:27:42] [INFO] [发送] 09:27:42.213 设备ID=12077 module=PERIODIC id=ReadFoupStatus uuid=154 sendCount=1/1 timeout=1000ms crc=30 0C len=8
frame=01 04 00 00 00 09 30 0C
[2026-04-17 09:27:42] [INFO] [接收-帧] 09:27:42.313 设备ID=12077 module=PERIODIC id=ReadFoupStatus uuid=154 len=23
frame=01 04 12 28 0D 95 35 8D DB C7 9D A1 3B DD 2D 3A 54 53 6A 6E E3 B1 03
[2026-04-17 09:27:43] [INFO] [发送] 09:27:43.324 设备ID=12077 module=PERIODIC id=ReadFoupStatus uuid=154 sendCount=1/1 timeout=1000ms crc=30 0C len=8
frame=01 04 00 00 00 09 30 0C
[2026-04-17 09:27:43] [INFO] [接收-帧] 09:27:43.407 设备ID=12077 module=PERIODIC id=ReadFoupStatus uuid=154 len=23
frame=01 04 12 5B 10 A7 31 C3 DC D3 33 BD CF 5A 4C BD D6 69 62 97 3A B6 F8
[2026-04-17 09:27:44] [INFO] [发送] 09:27:44.399 设备ID=12077 module=PERIODIC id=ReadFoupStatus uuid=154 sendCount=1/1 timeout=1000ms crc=30 0C len=8
frame=01 04 00 00 00 09 30 0C
[2026-04-17 09:27:44] [INFO] [接收-帧] 09:27:44.501 设备ID=12077 module=PERIODIC id=ReadFoupStatus uuid=154 len=23
frame=01 04 12 D4 2F 3F D9 7E 4E 3E 2D D3 68 BD 96 AB E7 92 A7 96 3B 6C D0
[2026-04-17 09:27:45] [INFO] [发送] 09:27:45.493 设备ID=12077 module=PERIODIC id=ReadFoupStatus uuid=154 sendCount=1/1 timeout=1000ms crc=30 0C len=8
frame=01 04 00 00 00 09 30 0C
[2026-04-17 09:27:45] [INFO] [接收-帧] 09:27:45.597 设备ID=12077 module=PERIODIC id=ReadFoupStatus uuid=154 len=23
frame=01 04 12 97 E1 2A 8F 6A D0 75 F6 AD 90 3F 90 74 0E 6E 97 E8 A9 3E 3F
[2026-04-17 09:27:46] [INFO] [发送] 09:27:46.586 设备ID=12077 module=PERIODIC id=ReadFoupStatus uuid=154 sendCount=1/1 timeout=1000ms crc=30 0C len=8
frame=01 04 00 00 00 09 30 0C
[2026-04-17 09:27:46] [INFO] [接收-帧] 09:27:46.687 设备ID=12077 module=PERIODIC id=ReadFoupStatus uuid=154 len=23
frame=01 04 12 D4 3E 59 4F 27 F8 8B 44 E4 82 67 47 BE 8C A4 90 BA 27 33 4C
[2026-04-17 09:27:47] [INFO] [发送] 09:27:47.689 设备ID=12077 module=PERIODIC id=ReadFoupStatus uuid=154 sendCount=1/1 timeout=1000ms crc=30 0C len=8
frame=01 04 00 00 00 09 30 0C
[2026-04-17 09:27:47] [INFO] [接收-帧] 09:27:47.778 设备ID=12077 module=PERIODIC id=ReadFoupStatus uuid=154 len=23
frame=01 04 12 9A 76 F5 5E 1E DA 00 98 4A F8 AD 38 55 61 F0 ED A5 16 E3 04
[2026-04-17 09:27:48] [INFO] [发送] 09:27:48.779 设备ID=12077 module=PERIODIC id=ReadFoupStatus uuid=154 sendCount=1/1 timeout=1000ms crc=30 0C len=8
frame=01 04 00 00 00 09 30 0C
[2026-04-17 09:27:48] [INFO] [接收-帧] 09:27:48.875 设备ID=12077 module=PERIODIC id=ReadFoupStatus uuid=154 len=23
frame=01 04 12 03 9B C0 06 A1 90 CE CA 9A 58 37 42 7D D1 00 AD 7E 9C F7 3E
[2026-04-17 09:27:49] [INFO] [发送] 09:27:49.868 设备ID=12077 module=PERIODIC id=ReadFoupStatus uuid=154 sendCount=1/1 timeout=1000ms crc=30 0C len=8
frame=01 04 00 00 00 09 30 0C
[2026-04-17 09:27:49] [INFO] [接收-帧] 09:27:49.966 设备ID=12077 module=PERIODIC id=ReadFoupStatus uuid=154 len=23
frame=01 04 12 B4 59 04 5B A9 1A 00 64 B2 C9 C6 78 2D 11 20 28 71 BF 4B F9
[2026-04-17 09:27:50] [INFO] [发送] 09:27:50.966 设备ID=12077 module=PERIODIC id=ReadFoupStatus uuid=154 sendCount=1/1 timeout=1000ms crc=30 0C len=8
frame=01 04 00 00 00 09 30 0C
[2026-04-17 09:27:51] [INFO] [接收-帧] 09:27:51.068 设备ID=12077 module=PERIODIC id=ReadFoupStatus uuid=154 len=23
frame=01 04 12 7F 00 7D 24 94 66 B3 6C 92 40 1D A7 98 B2 15 E2 0C 58 35 23
[2026-04-17 09:31:34] [INFO] [发送] 09:31:34.299 设备ID=12077 module=INITIAL id=ReadVersion uuid=153 sendCount=1/4 timeout=1000ms crc=B1 CD len=8
frame=01 04 00 18 00 01 B1 CD
[2026-04-17 09:31:34] [INFO] [接收-帧] 09:31:34.411 设备ID=12077 module=INITIAL id=ReadVersion uuid=153 len=7
frame=01 04 02 00 00 B9 30
[2026-04-17 09:31:34] [INFO] [发送] 09:31:34.412 设备ID=12077 module=PERIODIC id=ReadFoupStatus uuid=154 sendCount=1/1 timeout=1000ms crc=30 0C len=8
frame=01 04 00 00 00 09 30 0C
[2026-04-17 09:31:34] [INFO] [接收-帧] 09:31:34.518 设备ID=12077 module=PERIODIC id=ReadFoupStatus uuid=154 len=23
frame=01 04 12 A7 6C 9B F8 09 5A B2 DA 91 69 1F 21 01 CD 73 A9 DC C8 53 80
[2026-04-17 09:31:35] [INFO] [发送] 09:31:35.510 设备ID=12077 module=PERIODIC id=ReadFoupStatus uuid=154 sendCount=1/1 timeout=1000ms crc=30 0C len=8
frame=01 04 00 00 00 09 30 0C
[2026-04-17 09:31:35] [INFO] [接收-帧] 09:31:35.616 设备ID=12077 module=PERIODIC id=ReadFoupStatus uuid=154 len=23
frame=01 04 12 1A 6D 1B 67 00 22 B5 F6 2C 1A 02 29 F7 F4 CA 51 68 E8 34 D6
[2026-04-17 09:31:36] [INFO] [发送] 09:31:36.624 设备ID=12077 module=PERIODIC id=ReadFoupStatus uuid=154 sendCount=1/1 timeout=1000ms crc=30 0C len=8
frame=01 04 00 00 00 09 30 0C
[2026-04-17 09:31:36] [INFO] [接收-帧] 09:31:36.710 设备ID=12077 module=PERIODIC id=ReadFoupStatus uuid=154 len=23
frame=01 04 12 14 73 29 51 AD 42 34 61 B9 3C D8 DF C6 EB DF D0 4B 9D 8B CE
[2026-04-17 09:31:37] [INFO] [发送] 09:31:37.701 设备ID=12077 module=PERIODIC id=ReadFoupStatus uuid=154 sendCount=1/1 timeout=1000ms crc=30 0C len=8
frame=01 04 00 00 00 09 30 0C
[2026-04-17 09:31:37] [INFO] [接收-帧] 09:31:37.802 设备ID=12077 module=PERIODIC id=ReadFoupStatus uuid=154 len=23
frame=01 04 12 D0 AE 88 B8 F5 AA 7B 89 7D E7 CB 68 48 92 63 00 B8 80 F0 8C
[2026-04-17 09:31:38] [INFO] [发送] 09:31:38.792 设备ID=12077 module=PERIODIC id=ReadFoupStatus uuid=154 sendCount=1/1 timeout=1000ms crc=30 0C len=8
frame=01 04 00 00 00 09 30 0C
[2026-04-17 09:31:38] [INFO] [接收-帧] 09:31:38.896 设备ID=12077 module=PERIODIC id=ReadFoupStatus uuid=154 len=23
frame=01 04 12 59 6E 65 AE F2 D9 5C 7F EA 22 F4 01 A5 DD 6C 84 54 71 7A 74
[2026-04-17 09:31:39] [INFO] [发送] 09:31:39.887 设备ID=12077 module=PERIODIC id=ReadFoupStatus uuid=154 sendCount=1/1 timeout=1000ms crc=30 0C len=8
frame=01 04 00 00 00 09 30 0C
[2026-04-17 09:31:39] [INFO] [接收-帧] 09:31:39.988 设备ID=12077 module=PERIODIC id=ReadFoupStatus uuid=154 len=23
frame=01 04 12 82 7B A7 6D 5F 74 25 5D 22 57 6D AF D0 6C 5D 2B 91 DC 3D 02
[2026-04-17 09:31:40] [INFO] [发送] 09:31:40.979 设备ID=12077 module=PERIODIC id=ReadFoupStatus uuid=154 sendCount=1/1 timeout=1000ms crc=30 0C len=8
frame=01 04 00 00 00 09 30 0C
[2026-04-17 09:31:41] [INFO] [接收-帧] 09:31:41.083 设备ID=12077 module=PERIODIC id=ReadFoupStatus uuid=154 len=23
frame=01 04 12 50 C7 1C F4 20 F5 C6 97 4E D9 BB A7 F1 9D E3 B1 07 75 9D BC
[2026-04-17 09:31:42] [INFO] [发送] 09:31:42.077 设备ID=12077 module=PERIODIC id=ReadFoupStatus uuid=154 sendCount=1/1 timeout=1000ms crc=30 0C len=8
frame=01 04 00 00 00 09 30 0C
[2026-04-17 09:31:42] [INFO] [接收-帧] 09:31:42.173 设备ID=12077 module=PERIODIC id=ReadFoupStatus uuid=154 len=23
frame=01 04 12 26 93 A6 F4 8F E7 FB 38 A8 81 FB F8 F3 12 7C 11 68 8D 61 13
[2026-04-17 09:31:43] [INFO] [发送] 09:31:43.177 设备ID=12077 module=PERIODIC id=ReadFoupStatus uuid=154 sendCount=1/1 timeout=1000ms crc=30 0C len=8
frame=01 04 00 00 00 09 30 0C
[2026-04-17 09:31:43] [INFO] [接收-帧] 09:31:43.271 设备ID=12077 module=PERIODIC id=ReadFoupStatus uuid=154 len=23
frame=01 04 12 ED F8 27 6A C5 36 73 A3 66 CD 8E 71 53 A5 61 00 43 74 38 D8
[2026-04-17 09:31:44] [INFO] [发送] 09:31:44.265 设备ID=12077 module=PERIODIC id=ReadFoupStatus uuid=154 sendCount=1/1 timeout=1000ms crc=30 0C len=8
frame=01 04 00 00 00 09 30 0C
[2026-04-17 09:31:44] [INFO] [接收-帧] 09:31:44.359 设备ID=12077 module=PERIODIC id=ReadFoupStatus uuid=154 len=23
frame=01 04 12 23 27 65 BD 2A 16 18 E7 8C 2F D9 24 E8 29 9E 63 E0 C6 1A 39
[2026-04-17 09:31:45] [INFO] [发送] 09:31:45.355 设备ID=12077 module=PERIODIC id=ReadFoupStatus uuid=154 sendCount=1/1 timeout=1000ms crc=30 0C len=8
frame=01 04 00 00 00 09 30 0C
[2026-04-17 09:31:45] [INFO] [接收-帧] 09:31:45.452 设备ID=12077 module=PERIODIC id=ReadFoupStatus uuid=154 len=23
frame=01 04 12 87 00 A2 C8 0F A0 9D 27 E3 3F AB 7A 93 54 98 1C 11 02 C0 93
[2026-04-17 09:31:46] [INFO] [发送] 09:31:46.452 设备ID=12077 module=PERIODIC id=ReadFoupStatus uuid=154 sendCount=1/1 timeout=1000ms crc=30 0C len=8
frame=01 04 00 00 00 09 30 0C
[2026-04-17 09:31:46] [INFO] [接收-帧] 09:31:46.551 设备ID=12077 module=PERIODIC id=ReadFoupStatus uuid=154 len=23
frame=01 04 12 6B EF 15 AD BF A8 33 7A 49 8E B0 46 DD 30 2C 86 4F 9E C7 A4
[2026-04-17 09:31:47] [INFO] [发送] 09:31:47.546 设备ID=12077 module=PERIODIC id=ReadFoupStatus uuid=154 sendCount=1/1 timeout=1000ms crc=30 0C len=8
frame=01 04 00 00 00 09 30 0C
[2026-04-17 09:31:47] [INFO] [接收-帧] 09:31:47.643 设备ID=12077 module=PERIODIC id=ReadFoupStatus uuid=154 len=23
frame=01 04 12 20 78 C2 78 3F 1D 9A 53 AB C3 42 C9 F1 08 03 44 3C 73 8B E8
[2026-04-17 09:31:48] [INFO] [发送] 09:31:48.638 设备ID=12077 module=PERIODIC id=ReadFoupStatus uuid=154 sendCount=1/1 timeout=1000ms crc=30 0C len=8
frame=01 04 00 00 00 09 30 0C
[2026-04-17 09:31:48] [INFO] [接收-帧] 09:31:48.736 设备ID=12077 module=PERIODIC id=ReadFoupStatus uuid=154 len=23
frame=01 04 12 C6 C9 FA 23 02 86 58 E5 8A 42 3E 3A C7 C1 81 B1 EA 74 23 0B
[2026-04-17 09:31:49] [INFO] [发送] 09:31:49.736 设备ID=12077 module=PERIODIC id=ReadFoupStatus uuid=154 sendCount=1/1 timeout=1000ms crc=30 0C len=8
frame=01 04 00 00 00 09 30 0C
[2026-04-17 09:31:49] [INFO] [接收-帧] 09:31:49.835 设备ID=12077 module=PERIODIC id=ReadFoupStatus uuid=154 len=23
frame=01 04 12 C4 42 1E 9E 19 B3 0E 54 41 13 C0 14 C8 A0 85 CD 49 1A 2F 08
[2026-04-17 09:31:50] [INFO] [发送] 09:31:50.839 设备ID=12077 module=PERIODIC id=ReadFoupStatus uuid=154 sendCount=1/1 timeout=1000ms crc=30 0C len=8
frame=01 04 00 00 00 09 30 0C
[2026-04-17 09:31:50] [INFO] [接收-帧] 09:31:50.927 设备ID=12077 module=PERIODIC id=ReadFoupStatus uuid=154 len=23
frame=01 04 12 7A D5 69 D4 02 05 B2 43 2C A6 08 9F D9 DC 84 CC 89 F6 55 98
[2026-04-17 09:31:51] [INFO] [发送] 09:31:51.921 设备ID=12077 module=PERIODIC id=ReadFoupStatus uuid=154 sendCount=1/1 timeout=1000ms crc=30 0C len=8
frame=01 04 00 00 00 09 30 0C
[2026-04-17 09:31:52] [INFO] [接收-帧] 09:31:52.019 设备ID=12077 module=PERIODIC id=ReadFoupStatus uuid=154 len=23
frame=01 04 12 73 94 DB 47 FC A8 FC D2 44 A4 F7 BC 8E FC 9D 68 D9 A9 CC 6B
[2026-04-17 09:31:53] [INFO] [发送] 09:31:53.032 设备ID=12077 module=PERIODIC id=ReadFoupStatus uuid=154 sendCount=1/1 timeout=1000ms crc=30 0C len=8
frame=01 04 00 00 00 09 30 0C
[2026-04-17 09:31:53] [INFO] [接收-帧] 09:31:53.113 设备ID=12077 module=PERIODIC id=ReadFoupStatus uuid=154 len=23
frame=01 04 12 20 5D 18 F8 9B D8 A2 B3 F3 62 62 C5 AD D0 7A 6A 64 73 53 2A
[2026-04-17 09:31:54] [INFO] [发送] 09:31:54.119 设备ID=12077 module=PERIODIC id=ReadFoupStatus uuid=154 sendCount=1/1 timeout=1000ms crc=30 0C len=8
frame=01 04 00 00 00 09 30 0C
[2026-04-17 09:31:54] [INFO] [接收-帧] 09:31:54.208 设备ID=12077 module=PERIODIC id=ReadFoupStatus uuid=154 len=23
frame=01 04 12 FB 52 99 E2 D8 C2 9B 47 F9 97 B3 C9 E0 42 F0 80 DE 42 2C F7
[2026-04-17 09:31:55] [INFO] [发送] 09:31:55.197 设备ID=12077 module=PERIODIC id=ReadFoupStatus uuid=154 sendCount=1/1 timeout=1000ms crc=30 0C len=8
frame=01 04 00 00 00 09 30 0C
[2026-04-17 09:31:55] [INFO] [接收-帧] 09:31:55.296 设备ID=12077 module=PERIODIC id=ReadFoupStatus uuid=154 len=23
frame=01 04 12 FD 0E 17 C6 76 32 59 A8 4A F5 B3 C3 22 E4 3F 21 89 94 A3 A4
[2026-04-17 09:31:56] [INFO] [发送] 09:31:56.296 设备ID=12077 module=PERIODIC id=ReadFoupStatus uuid=154 sendCount=1/1 timeout=1000ms crc=30 0C len=8
frame=01 04 00 00 00 09 30 0C
[2026-04-17 09:31:56] [INFO] [接收-帧] 09:31:56.392 设备ID=12077 module=PERIODIC id=ReadFoupStatus uuid=154 len=23
frame=01 04 12 A1 2A 7D 95 3A 4A 42 F4 6A A4 CB BC 95 E8 52 C8 9F AE 50 CF
[2026-04-17 09:31:57] [INFO] [发送] 09:31:57.402 设备ID=12077 module=PERIODIC id=ReadFoupStatus uuid=154 sendCount=1/1 timeout=1000ms crc=30 0C len=8
frame=01 04 00 00 00 09 30 0C
[2026-04-17 09:31:57] [INFO] [接收-帧] 09:31:57.489 设备ID=12077 module=PERIODIC id=ReadFoupStatus uuid=154 len=23
frame=01 04 12 03 21 9A 24 C1 91 50 D5 B1 EC B8 7F 9C 56 B9 D2 A4 79 6E 31
[2026-04-17 09:31:58] [INFO] [发送] 09:31:58.482 设备ID=12077 module=PERIODIC id=ReadFoupStatus uuid=154 sendCount=1/1 timeout=1000ms crc=30 0C len=8
frame=01 04 00 00 00 09 30 0C
[2026-04-17 09:31:58] [INFO] [接收-帧] 09:31:58.580 设备ID=12077 module=PERIODIC id=ReadFoupStatus uuid=154 len=23
frame=01 04 12 C3 FC F7 83 93 BA C9 54 96 09 C4 54 29 97 3D 51 8C 9C 2F 0A
[2026-04-17 09:31:59] [INFO] [发送] 09:31:59.575 设备ID=12077 module=PERIODIC id=ReadFoupStatus uuid=154 sendCount=1/1 timeout=1000ms crc=30 0C len=8
frame=01 04 00 00 00 09 30 0C
[2026-04-17 09:31:59] [INFO] [接收-帧] 09:31:59.672 设备ID=12077 module=PERIODIC id=ReadFoupStatus uuid=154 len=23
frame=01 04 12 95 C1 02 90 B2 42 E2 C9 98 84 E1 34 FC 35 B4 59 84 1F AB 27
[2026-04-17 09:32:00] [INFO] [发送] 09:32:00.675 设备ID=12077 module=PERIODIC id=ReadFoupStatus uuid=154 sendCount=1/1 timeout=1000ms crc=30 0C len=8
frame=01 04 00 00 00 09 30 0C
[2026-04-17 09:32:00] [INFO] [接收-帧] 09:32:00.766 设备ID=12077 module=PERIODIC id=ReadFoupStatus uuid=154 len=23
frame=01 04 12 BD EF C2 E7 8E F2 CB E1 42 CB A9 B0 07 5A 0E 37 AF 64 E8 EE
[2026-04-17 09:32:01] [INFO] [发送] 09:32:01.766 设备ID=12077 module=PERIODIC id=ReadFoupStatus uuid=154 sendCount=1/1 timeout=1000ms crc=30 0C len=8
frame=01 04 00 00 00 09 30 0C
[2026-04-17 09:32:01] [INFO] [接收-帧] 09:32:01.863 设备ID=12077 module=PERIODIC id=ReadFoupStatus uuid=154 len=23
frame=01 04 12 45 A6 BC 1E 3C CD 57 97 D0 70 26 22 FC 38 C3 97 1B FC 18 A0
[2026-04-17 09:32:02] [INFO] [发送] 09:32:02.854 设备ID=12077 module=PERIODIC id=ReadFoupStatus uuid=154 sendCount=1/1 timeout=1000ms crc=30 0C len=8
frame=01 04 00 00 00 09 30 0C
[2026-04-17 09:32:02] [INFO] [接收-帧] 09:32:02.959 设备ID=12077 module=PERIODIC id=ReadFoupStatus uuid=154 len=23
frame=01 04 12 A4 71 D6 54 C8 D2 C2 2E 60 BA 61 63 C3 4F CE 39 9B 97 12 A4
[2026-04-17 09:32:03] [INFO] [发送] 09:32:03.948 设备ID=12077 module=PERIODIC id=ReadFoupStatus uuid=154 sendCount=1/1 timeout=1000ms crc=30 0C len=8
frame=01 04 00 00 00 09 30 0C
[2026-04-17 09:32:04] [INFO] [接收-帧] 09:32:04.052 设备ID=12077 module=PERIODIC id=ReadFoupStatus uuid=154 len=23
frame=01 04 12 18 82 71 5F 13 95 01 B3 B9 CE 32 65 AA 30 97 6C E8 C7 46 F7
