[2026-04-17 09:24:09] [INFO] [发送] 09:24:09.600 设备ID=12001 module=INITIAL id=ReadVersion uuid=1 sendCount=1/4 timeout=1000ms crc=B1 CD len=8
frame=01 04 00 18 00 01 B1 CD
[2026-04-17 09:24:10] [INFO] [接收-帧] 09:24:10.151 设备ID=12001 module=INITIAL id=ReadVersion uuid=1 len=7
frame=01 04 02 00 00 B9 30
[2026-04-17 09:24:10] [INFO] [发送] 09:24:10.151 设备ID=12001 module=PERIODIC id=ReadFoupStatus uuid=2 sendCount=1/1 timeout=1000ms crc=30 0C len=8
frame=01 04 00 00 00 09 30 0C
[2026-04-17 09:24:12] [INFO] [发送] 09:24:12.175 设备ID=12001 module=PERIODIC id=ReadFoupStatus uuid=2 sendCount=1/1 timeout=1000ms crc=30 0C len=8
frame=01 04 00 00 00 09 30 0C
[2026-04-17 09:24:14] [INFO] [发送] 09:24:14.187 设备ID=12001 module=PERIODIC id=ReadFoupStatus uuid=2 sendCount=1/1 timeout=1000ms crc=30 0C len=8
frame=01 04 00 00 00 09 30 0C
[2026-04-17 09:24:16] [INFO] [发送] 09:24:16.184 设备ID=12001 module=PERIODIC id=ReadFoupStatus uuid=2 sendCount=1/1 timeout=1000ms crc=30 0C len=8
frame=01 04 00 00 00 09 30 0C
[2026-04-17 09:24:18] [INFO] [发送] 09:24:18.187 设备ID=12001 module=PERIODIC id=ReadFoupStatus uuid=2 sendCount=1/1 timeout=1000ms crc=30 0C len=8
frame=01 04 00 00 00 09 30 0C
[2026-04-17 09:24:20] [INFO] [发送] 09:24:20.194 设备ID=12001 module=PERIODIC id=ReadFoupStatus uuid=2 sendCount=1/1 timeout=1000ms crc=30 0C len=8
frame=01 04 00 00 00 09 30 0C
[2026-04-17 09:24:22] [INFO] [发送] 09:24:22.195 设备ID=12001 module=PERIODIC id=ReadFoupStatus uuid=2 sendCount=1/1 timeout=1000ms crc=30 0C len=8
frame=01 04 00 00 00 09 30 0C
[2026-04-17 09:24:24] [INFO] [发送] 09:24:24.199 设备ID=12001 module=PERIODIC id=ReadFoupStatus uuid=2 sendCount=1/1 timeout=1000ms crc=30 0C len=8
frame=01 04 00 00 00 09 30 0C
[2026-04-17 09:24:26] [INFO] [发送] 09:24:26.213 设备ID=12001 module=PERIODIC id=ReadFoupStatus uuid=2 sendCount=1/1 timeout=1000ms crc=30 0C len=8
frame=01 04 00 00 00 09 30 0C
[2026-04-17 09:24:28] [INFO] [发送] 09:24:28.212 设备ID=12001 module=PERIODIC id=ReadFoupStatus uuid=2 sendCount=1/1 timeout=1000ms crc=30 0C len=8
frame=01 04 00 00 00 09 30 0C
[2026-04-17 09:24:32] [INFO] [发送] 09:24:32.535 设备ID=12001 module=PERIODIC id=ReadFoupStatus uuid=2 sendCount=1/1 timeout=1000ms crc=30 0C len=8
frame=01 04 00 00 00 09 30 0C
[2026-04-17 09:24:34] [INFO] [发送] 09:24:34.526 设备ID=12001 module=PERIODIC id=ReadFoupStatus uuid=2 sendCount=1/1 timeout=1000ms crc=30 0C len=8
frame=01 04 00 00 00 09 30 0C
[2026-04-17 09:24:36] [INFO] [发送] 09:24:36.527 设备ID=12001 module=PERIODIC id=ReadFoupStatus uuid=2 sendCount=1/1 timeout=1000ms crc=30 0C len=8
frame=01 04 00 00 00 09 30 0C
[2026-04-17 09:24:38] [INFO] [发送] 09:24:38.525 设备ID=12001 module=PERIODIC id=ReadFoupStatus uuid=2 sendCount=1/1 timeout=1000ms crc=30 0C len=8
frame=01 04 00 00 00 09 30 0C
[2026-04-17 09:24:40] [INFO] [发送] 09:24:40.527 设备ID=12001 module=PERIODIC id=ReadFoupStatus uuid=2 sendCount=1/1 timeout=1000ms crc=30 0C len=8
frame=01 04 00 00 00 09 30 0C
[2026-04-17 09:24:42] [INFO] [发送] 09:24:42.525 设备ID=12001 module=PERIODIC id=ReadFoupStatus uuid=2 sendCount=1/1 timeout=1000ms crc=30 0C len=8
frame=01 04 00 00 00 09 30 0C
[2026-04-17 09:24:44] [INFO] [发送] 09:24:44.530 设备ID=12001 module=PERIODIC id=ReadFoupStatus uuid=2 sendCount=1/1 timeout=1000ms crc=30 0C len=8
frame=01 04 00 00 00 09 30 0C
[2026-04-17 09:24:48] [INFO] [发送] 09:24:48.269 设备ID=12001 module=PERIODIC id=ReadFoupStatus uuid=2 sendCount=1/1 timeout=1000ms crc=30 0C len=8
frame=01 04 00 00 00 09 30 0C
[2026-04-17 09:24:48] [INFO] [接收-帧] 09:24:48.375 设备ID=12001 module=PERIODIC id=ReadFoupStatus uuid=2 len=23
frame=01 04 12 66 D6 3C 86 89 B3 A7 6D 34 20 FB D2 1F C2 87 95 DD 23 AF 2B
[2026-04-17 09:24:49] [INFO] [发送] 09:24:49.371 设备ID=12001 module=PERIODIC id=ReadFoupStatus uuid=2 sendCount=1/1 timeout=1000ms crc=30 0C len=8
frame=01 04 00 00 00 09 30 0C
[2026-04-17 09:24:49] [INFO] [接收-帧] 09:24:49.469 设备ID=12001 module=PERIODIC id=ReadFoupStatus uuid=2 len=23
frame=01 04 12 C4 EF 22 0B B6 7F 78 2A 2C A4 46 DA 0E 87 8A FA 76 28 CE 50
[2026-04-17 09:24:50] [INFO] [发送] 09:24:50.463 设备ID=12001 module=PERIODIC id=ReadFoupStatus uuid=2 sendCount=1/1 timeout=1000ms crc=30 0C len=8
frame=01 04 00 00 00 09 30 0C
[2026-04-17 09:24:50] [INFO] [接收-帧] 09:24:50.564 设备ID=12001 module=PERIODIC id=ReadFoupStatus uuid=2 len=23
frame=01 04 12 45 FB 3A 86 8E E2 70 04 12 1A 36 80 4E B8 0B 90 DC DC A3 72
[2026-04-17 09:24:51] [INFO] [发送] 09:24:51.559 设备ID=12001 module=PERIODIC id=ReadFoupStatus uuid=2 sendCount=1/1 timeout=1000ms crc=30 0C len=8
frame=01 04 00 00 00 09 30 0C
[2026-04-17 09:24:51] [INFO] [接收-帧] 09:24:51.655 设备ID=12001 module=PERIODIC id=ReadFoupStatus uuid=2 len=23
frame=01 04 12 4D 1D FB 19 8B 1D 19 63 77 E0 AF 8B E5 3E 6F 6D 97 3A 5F 8E
[2026-04-17 09:24:52] [INFO] [发送] 09:24:52.651 设备ID=12001 module=PERIODIC id=ReadFoupStatus uuid=2 sendCount=1/1 timeout=1000ms crc=30 0C len=8
frame=01 04 00 00 00 09 30 0C
[2026-04-17 09:24:52] [INFO] [接收-帧] 09:24:52.751 设备ID=12001 module=PERIODIC id=ReadFoupStatus uuid=2 len=23
frame=01 04 12 5D 5E 4B 10 ED C1 CC 97 96 51 E4 88 6F 9B 66 3F 38 34 A0 2A
[2026-04-17 09:24:53] [INFO] [发送] 09:24:53.754 设备ID=12001 module=PERIODIC id=ReadFoupStatus uuid=2 sendCount=1/1 timeout=1000ms crc=30 0C len=8
frame=01 04 00 00 00 09 30 0C
[2026-04-17 09:24:53] [INFO] [接收-帧] 09:24:53.842 设备ID=12001 module=PERIODIC id=ReadFoupStatus uuid=2 len=23
frame=01 04 12 BD 47 84 62 34 18 B8 FD E2 3B 26 6F 23 E4 DF C9 3C B8 6C F4
[2026-04-17 09:24:54] [INFO] [发送] 09:24:54.837 设备ID=12001 module=PERIODIC id=ReadFoupStatus uuid=2 sendCount=1/1 timeout=1000ms crc=30 0C len=8
frame=01 04 00 00 00 09 30 0C
[2026-04-17 09:24:54] [INFO] [接收-帧] 09:24:54.943 设备ID=12001 module=PERIODIC id=ReadFoupStatus uuid=2 len=23
frame=01 04 12 92 4C 6E 00 24 93 D9 C2 CB 5D B3 FC CD 71 6A 94 46 F2 7E 77
[2026-04-17 09:24:55] [INFO] [发送] 09:24:55.937 设备ID=12001 module=PERIODIC id=ReadFoupStatus uuid=2 sendCount=1/1 timeout=1000ms crc=30 0C len=8
frame=01 04 00 00 00 09 30 0C
[2026-04-17 09:24:56] [INFO] [接收-帧] 09:24:56.030 设备ID=12001 module=PERIODIC id=ReadFoupStatus uuid=2 len=23
frame=01 04 12 27 32 6E 27 A0 5C 88 A0 8E B5 26 50 DD CD B0 BA 18 E0 9E 61
[2026-04-17 09:24:57] [INFO] [发送] 09:24:57.025 设备ID=12001 module=PERIODIC id=ReadFoupStatus uuid=2 sendCount=1/1 timeout=1000ms crc=30 0C len=8
frame=01 04 00 00 00 09 30 0C
[2026-04-17 09:24:57] [INFO] [接收-帧] 09:24:57.129 设备ID=12001 module=PERIODIC id=ReadFoupStatus uuid=2 len=23
frame=01 04 12 C6 37 43 D8 31 C4 C4 09 38 F3 5B FB CC 50 FA D2 9E 92 40 CE
[2026-04-17 09:24:58] [INFO] [发送] 09:24:58.119 设备ID=12001 module=PERIODIC id=ReadFoupStatus uuid=2 sendCount=1/1 timeout=1000ms crc=30 0C len=8
frame=01 04 00 00 00 09 30 0C
[2026-04-17 09:24:58] [INFO] [接收-帧] 09:24:58.218 设备ID=12001 module=PERIODIC id=ReadFoupStatus uuid=2 len=23
frame=01 04 12 7D 91 68 D7 DC A3 7F 87 59 30 5E 49 A6 C2 60 B8 68 7C FE E7
[2026-04-17 09:24:59] [INFO] [发送] 09:24:59.216 设备ID=12001 module=PERIODIC id=ReadFoupStatus uuid=2 sendCount=1/1 timeout=1000ms crc=30 0C len=8
frame=01 04 00 00 00 09 30 0C
[2026-04-17 09:24:59] [INFO] [接收-帧] 09:24:59.309 设备ID=12001 module=PERIODIC id=ReadFoupStatus uuid=2 len=23
frame=01 04 12 AF E6 31 9C 4D DD DC B6 3B A7 E9 A8 7C 54 21 26 AB 95 68 92
[2026-04-17 09:25:00] [INFO] [发送] 09:25:00.307 设备ID=12001 module=PERIODIC id=ReadFoupStatus uuid=2 sendCount=1/1 timeout=1000ms crc=30 0C len=8
frame=01 04 00 00 00 09 30 0C
[2026-04-17 09:25:00] [INFO] [接收-帧] 09:25:00.408 设备ID=12001 module=PERIODIC id=ReadFoupStatus uuid=2 len=23
frame=01 04 12 7F 6C 9C 3D 14 57 94 A5 07 7B A3 61 C0 FB EB 70 4C 5B C1 4C
[2026-04-17 09:25:01] [INFO] [发送] 09:25:01.402 设备ID=12001 module=PERIODIC id=ReadFoupStatus uuid=2 sendCount=1/1 timeout=1000ms crc=30 0C len=8
frame=01 04 00 00 00 09 30 0C
[2026-04-17 09:25:01] [INFO] [接收-帧] 09:25:01.498 设备ID=12001 module=PERIODIC id=ReadFoupStatus uuid=2 len=23
frame=01 04 12 EB 29 32 EB D5 1E AC 1D 37 F3 04 06 BC 40 A7 7C E8 F5 42 0B
[2026-04-17 09:25:02] [INFO] [发送] 09:25:02.500 设备ID=12001 module=PERIODIC id=ReadFoupStatus uuid=2 sendCount=1/1 timeout=1000ms crc=30 0C len=8
frame=01 04 00 00 00 09 30 0C
[2026-04-17 09:25:02] [INFO] [接收-帧] 09:25:02.592 设备ID=12001 module=PERIODIC id=ReadFoupStatus uuid=2 len=23
frame=01 04 12 96 F0 19 63 87 6A 98 5A C9 1D FC A6 44 C5 F6 74 42 24 33 9F
[2026-04-17 09:25:03] [INFO] [发送] 09:25:03.592 设备ID=12001 module=PERIODIC id=ReadFoupStatus uuid=2 sendCount=1/1 timeout=1000ms crc=30 0C len=8
frame=01 04 00 00 00 09 30 0C
[2026-04-17 09:25:03] [INFO] [接收-帧] 09:25:03.687 设备ID=12001 module=PERIODIC id=ReadFoupStatus uuid=2 len=23
frame=01 04 12 DB CB AB BE 60 01 5C D5 BA 4E BF 6D 6E 4B 8B 4F 62 7F 53 B0
[2026-04-17 09:25:04] [INFO] [发送] 09:25:04.680 设备ID=12001 module=PERIODIC id=ReadFoupStatus uuid=2 sendCount=1/1 timeout=1000ms crc=30 0C len=8
frame=01 04 00 00 00 09 30 0C
[2026-04-17 09:25:04] [INFO] [接收-帧] 09:25:04.784 设备ID=12001 module=PERIODIC id=ReadFoupStatus uuid=2 len=23
frame=01 04 12 E7 51 0D 2F 63 78 46 45 0E 6F 9E 9E 06 64 E4 E1 07 89 22 4F
[2026-04-17 09:25:05] [INFO] [发送] 09:25:05.779 设备ID=12001 module=PERIODIC id=ReadFoupStatus uuid=2 sendCount=1/1 timeout=1000ms crc=30 0C len=8
frame=01 04 00 00 00 09 30 0C
[2026-04-17 09:25:05] [INFO] [接收-帧] 09:25:05.872 设备ID=12001 module=PERIODIC id=ReadFoupStatus uuid=2 len=23
frame=01 04 12 A2 15 BB CD 0E 3C 78 E3 F3 78 DB 8D 20 FB 1D 2D 5D C3 A8 01
[2026-04-17 09:25:06] [INFO] [发送] 09:25:06.872 设备ID=12001 module=PERIODIC id=ReadFoupStatus uuid=2 sendCount=1/1 timeout=1000ms crc=30 0C len=8
frame=01 04 00 00 00 09 30 0C
[2026-04-17 09:25:06] [INFO] [接收-帧] 09:25:06.966 设备ID=12001 module=PERIODIC id=ReadFoupStatus uuid=2 len=23
frame=01 04 12 10 A1 E5 87 DD 53 65 60 B0 1A 2D D7 E0 22 F7 C5 AF 5C 2C 24
[2026-04-17 09:25:07] [INFO] [发送] 09:25:07.972 设备ID=12001 module=PERIODIC id=ReadFoupStatus uuid=2 sendCount=1/1 timeout=1000ms crc=30 0C len=8
frame=01 04 00 00 00 09 30 0C
[2026-04-17 09:25:08] [INFO] [接收-帧] 09:25:08.062 设备ID=12001 module=PERIODIC id=ReadFoupStatus uuid=2 len=23
frame=01 04 12 3E 20 12 8B EC 9F C3 06 58 9C F0 64 AE F2 F1 E0 E3 15 9F EF
[2026-04-17 09:25:09] [INFO] [发送] 09:25:09.056 设备ID=12001 module=PERIODIC id=ReadFoupStatus uuid=2 sendCount=1/1 timeout=1000ms crc=30 0C len=8
frame=01 04 00 00 00 09 30 0C
[2026-04-17 09:25:09] [INFO] [接收-帧] 09:25:09.157 设备ID=12001 module=PERIODIC id=ReadFoupStatus uuid=2 len=23
frame=01 04 12 D7 16 07 BB 6F 24 32 74 4A FD 54 C2 1B 29 4E 0C 3E A5 41 1F
[2026-04-17 09:25:10] [INFO] [发送] 09:25:10.155 设备ID=12001 module=PERIODIC id=ReadFoupStatus uuid=2 sendCount=1/1 timeout=1000ms crc=30 0C len=8
frame=01 04 00 00 00 09 30 0C
[2026-04-17 09:25:10] [INFO] [接收-帧] 09:25:10.248 设备ID=12001 module=PERIODIC id=ReadFoupStatus uuid=2 len=23
frame=01 04 12 5C 1C DA FF 92 38 64 29 44 48 14 DE 09 21 30 48 9B D9 B2 E1
[2026-04-17 09:25:11] [INFO] [发送] 09:25:11.250 设备ID=12001 module=PERIODIC id=ReadFoupStatus uuid=2 sendCount=1/1 timeout=1000ms crc=30 0C len=8
frame=01 04 00 00 00 09 30 0C
[2026-04-17 09:25:11] [INFO] [接收-帧] 09:25:11.344 设备ID=12001 module=PERIODIC id=ReadFoupStatus uuid=2 len=23
frame=01 04 12 AB 74 A2 98 F4 89 9D 92 6D 6E 6D 5C 12 B3 7F 3F C2 3A 0D 1D
[2026-04-17 09:25:12] [INFO] [发送] 09:25:12.337 设备ID=12001 module=PERIODIC id=ReadFoupStatus uuid=2 sendCount=1/1 timeout=1000ms crc=30 0C len=8
frame=01 04 00 00 00 09 30 0C
[2026-04-17 09:25:12] [INFO] [接收-帧] 09:25:12.439 设备ID=12001 module=PERIODIC id=ReadFoupStatus uuid=2 len=23
frame=01 04 12 20 EA 9A 3C DE 6D 6A FB 5B 34 A1 E3 71 72 59 0C CC 63 FF BE
[2026-04-17 09:25:13] [INFO] [发送] 09:25:13.435 设备ID=12001 module=PERIODIC id=ReadFoupStatus uuid=2 sendCount=1/1 timeout=1000ms crc=30 0C len=8
frame=01 04 00 00 00 09 30 0C
[2026-04-17 09:25:13] [INFO] [接收-帧] 09:25:13.533 设备ID=12001 module=PERIODIC id=ReadFoupStatus uuid=2 len=23
frame=01 04 12 E7 D4 29 31 1B 7E D2 1F 6E 48 80 49 FA B5 CA CB EE F0 63 B2
[2026-04-17 09:25:14] [INFO] [发送] 09:25:14.523 设备ID=12001 module=PERIODIC id=ReadFoupStatus uuid=2 sendCount=1/1 timeout=1000ms crc=30 0C len=8
frame=01 04 00 00 00 09 30 0C
[2026-04-17 09:25:14] [INFO] [接收-帧] 09:25:14.623 设备ID=12001 module=PERIODIC id=ReadFoupStatus uuid=2 len=23
frame=01 04 12 FD 49 46 FA F6 EF 7A 38 C6 6A A9 38 52 B3 2B 39 58 57 32 4E
[2026-04-17 09:25:15] [INFO] [发送] 09:25:15.622 设备ID=12001 module=PERIODIC id=ReadFoupStatus uuid=2 sendCount=1/1 timeout=1000ms crc=30 0C len=8
frame=01 04 00 00 00 09 30 0C
[2026-04-17 09:25:15] [INFO] [接收-帧] 09:25:15.719 设备ID=12001 module=PERIODIC id=ReadFoupStatus uuid=2 len=23
frame=01 04 12 AA DB 73 D1 1B 47 B0 E7 0F D5 F4 E6 18 1A 0F E1 D0 92 37 D3
[2026-04-17 09:25:16] [INFO] [发送] 09:25:16.715 设备ID=12001 module=PERIODIC id=ReadFoupStatus uuid=2 sendCount=1/1 timeout=1000ms crc=30 0C len=8
frame=01 04 00 00 00 09 30 0C
[2026-04-17 09:25:16] [INFO] [接收-帧] 09:25:16.810 设备ID=12001 module=PERIODIC id=ReadFoupStatus uuid=2 len=23
frame=01 04 12 70 8F 52 92 2F 84 58 25 AE 35 1E 8C D9 16 FE 93 CF C5 2D BE
[2026-04-17 09:25:17] [INFO] [发送] 09:25:17.813 设备ID=12001 module=PERIODIC id=ReadFoupStatus uuid=2 sendCount=1/1 timeout=1000ms crc=30 0C len=8
frame=01 04 00 00 00 09 30 0C
[2026-04-17 09:25:17] [INFO] [接收-帧] 09:25:17.909 设备ID=12001 module=PERIODIC id=ReadFoupStatus uuid=2 len=23
frame=01 04 12 2F 29 B9 5B 90 94 37 D8 49 FA 3E 19 1F 35 B3 43 3A 3F D9 49
[2026-04-17 09:25:18] [INFO] [发送] 09:25:18.900 设备ID=12001 module=PERIODIC id=ReadFoupStatus uuid=2 sendCount=1/1 timeout=1000ms crc=30 0C len=8
frame=01 04 00 00 00 09 30 0C
[2026-04-17 09:25:19] [INFO] [接收-帧] 09:25:19.003 设备ID=12001 module=PERIODIC id=ReadFoupStatus uuid=2 len=23
frame=01 04 12 9B 3F 69 2E 12 37 FB 92 D4 03 BA 0F 4C AB 87 9D E7 1A 0C 57
[2026-04-17 09:25:19] [INFO] [发送] 09:25:19.993 设备ID=12001 module=PERIODIC id=ReadFoupStatus uuid=2 sendCount=1/1 timeout=1000ms crc=30 0C len=8
frame=01 04 00 00 00 09 30 0C
[2026-04-17 09:25:20] [INFO] [接收-帧] 09:25:20.091 设备ID=12001 module=PERIODIC id=ReadFoupStatus uuid=2 len=23
frame=01 04 12 8D 06 F3 8A 02 9D D2 83 1A 55 0D 64 20 BF 27 06 8B CB 84 F0
[2026-04-17 09:25:21] [INFO] [发送] 09:25:21.088 设备ID=12001 module=PERIODIC id=ReadFoupStatus uuid=2 sendCount=1/1 timeout=1000ms crc=30 0C len=8
frame=01 04 00 00 00 09 30 0C
[2026-04-17 09:25:21] [INFO] [接收-帧] 09:25:21.190 设备ID=12001 module=PERIODIC id=ReadFoupStatus uuid=2 len=23
frame=01 04 12 63 93 84 22 96 D7 9C 19 3A D8 BD EB B6 B2 B7 36 C0 21 C1 92
[2026-04-17 09:25:22] [INFO] [发送] 09:25:22.185 设备ID=12001 module=PERIODIC id=ReadFoupStatus uuid=2 sendCount=1/1 timeout=1000ms crc=30 0C len=8
frame=01 04 00 00 00 09 30 0C
[2026-04-17 09:25:22] [INFO] [接收-帧] 09:25:22.281 设备ID=12001 module=PERIODIC id=ReadFoupStatus uuid=2 len=23
frame=01 04 12 72 59 49 8A 04 A8 C9 EE EC 2C 22 47 29 88 E6 38 B4 98 96 2B
[2026-04-17 09:25:23] [INFO] [发送] 09:25:23.276 设备ID=12001 module=PERIODIC id=ReadFoupStatus uuid=2 sendCount=1/1 timeout=1000ms crc=30 0C len=8
frame=01 04 00 00 00 09 30 0C
[2026-04-17 09:25:23] [INFO] [接收-帧] 09:25:23.371 设备ID=12001 module=PERIODIC id=ReadFoupStatus uuid=2 len=23
frame=01 04 12 20 1F D7 12 EE D2 56 9C 52 34 F1 63 1E A2 3C BC 5F 8D B2 4F
[2026-04-17 09:25:24] [INFO] [发送] 09:25:24.379 设备ID=12001 module=PERIODIC id=ReadFoupStatus uuid=2 sendCount=1/1 timeout=1000ms crc=30 0C len=8
frame=01 04 00 00 00 09 30 0C
[2026-04-17 09:25:24] [INFO] [接收-帧] 09:25:24.468 设备ID=12001 module=PERIODIC id=ReadFoupStatus uuid=2 len=23
frame=01 04 12 1D C6 98 9A 80 33 9F F4 56 FB F0 17 48 AB 5B 89 EC 62 CE 4E
[2026-04-17 09:25:25] [INFO] [发送] 09:25:25.475 设备ID=12001 module=PERIODIC id=ReadFoupStatus uuid=2 sendCount=1/1 timeout=1000ms crc=30 0C len=8
frame=01 04 00 00 00 09 30 0C
[2026-04-17 09:25:25] [INFO] [接收-帧] 09:25:25.565 设备ID=12001 module=PERIODIC id=ReadFoupStatus uuid=2 len=23
frame=01 04 12 15 E8 DC 2E 6D F9 08 9A 57 5D 7B B6 3F FE 1B 23 CF FC 6E 0C
[2026-04-17 09:25:26] [INFO] [发送] 09:25:26.562 设备ID=12001 module=PERIODIC id=ReadFoupStatus uuid=2 sendCount=1/1 timeout=1000ms crc=30 0C len=8
frame=01 04 00 00 00 09 30 0C
[2026-04-17 09:25:26] [INFO] [接收-帧] 09:25:26.658 设备ID=12001 module=PERIODIC id=ReadFoupStatus uuid=2 len=23
frame=01 04 12 E3 D8 CD 5C D0 C7 AC 89 4A C4 EA 8D 8F 28 4F D9 1B D6 FD EF
[2026-04-17 09:25:27] [INFO] [发送] 09:25:27.652 设备ID=12001 module=PERIODIC id=ReadFoupStatus uuid=2 sendCount=1/1 timeout=1000ms crc=30 0C len=8
frame=01 04 00 00 00 09 30 0C
[2026-04-17 09:25:27] [INFO] [接收-帧] 09:25:27.750 设备ID=12001 module=PERIODIC id=ReadFoupStatus uuid=2 len=23
frame=01 04 12 F8 83 78 9E C2 E4 45 E4 B0 84 B5 DE 5C 78 A4 EF 8A 87 9F 17
[2026-04-17 09:25:28] [INFO] [发送] 09:25:28.754 设备ID=12001 module=PERIODIC id=ReadFoupStatus uuid=2 sendCount=1/1 timeout=1000ms crc=30 0C len=8
frame=01 04 00 00 00 09 30 0C
[2026-04-17 09:25:28] [INFO] [接收-帧] 09:25:28.842 设备ID=12001 module=PERIODIC id=ReadFoupStatus uuid=2 len=23
frame=01 04 12 8F 55 42 EC 6A 27 E0 89 2F 3B BC DF 2E 78 CC E7 6D 49 C2 79
[2026-04-17 09:25:29] [INFO] [发送] 09:25:29.838 设备ID=12001 module=PERIODIC id=ReadFoupStatus uuid=2 sendCount=1/1 timeout=1000ms crc=30 0C len=8
frame=01 04 00 00 00 09 30 0C
[2026-04-17 09:25:29] [INFO] [接收-帧] 09:25:29.935 设备ID=12001 module=PERIODIC id=ReadFoupStatus uuid=2 len=23
frame=01 04 12 D5 E9 CD 75 BA 19 5A 8E C5 BE 45 47 0E F7 79 38 F3 1A 3A 47
[2026-04-17 09:25:30] [INFO] [发送] 09:25:30.932 设备ID=12001 module=PERIODIC id=ReadFoupStatus uuid=2 sendCount=1/1 timeout=1000ms crc=30 0C len=8
frame=01 04 00 00 00 09 30 0C
[2026-04-17 09:25:31] [INFO] [接收-帧] 09:25:31.035 设备ID=12001 module=PERIODIC id=ReadFoupStatus uuid=2 len=23
frame=01 04 12 47 84 CF 58 D0 4D 5A F4 53 D7 E7 E0 E2 23 64 B0 21 53 0D 71
[2026-04-17 09:25:32] [INFO] [发送] 09:25:32.026 设备ID=12001 module=PERIODIC id=ReadFoupStatus uuid=2 sendCount=1/1 timeout=1000ms crc=30 0C len=8
frame=01 04 00 00 00 09 30 0C
[2026-04-17 09:25:32] [INFO] [接收-帧] 09:25:32.125 设备ID=12001 module=PERIODIC id=ReadFoupStatus uuid=2 len=23
frame=01 04 12 42 BB 6C 03 32 B4 3C 58 D6 3E 6F 71 98 0E 14 21 B4 11 2B 41
[2026-04-17 09:25:33] [INFO] [发送] 09:25:33.119 设备ID=12001 module=PERIODIC id=ReadFoupStatus uuid=2 sendCount=1/1 timeout=1000ms crc=30 0C len=8
frame=01 04 00 00 00 09 30 0C
[2026-04-17 09:25:33] [INFO] [接收-帧] 09:25:33.216 设备ID=12001 module=PERIODIC id=ReadFoupStatus uuid=2 len=23
frame=01 04 12 6E FB 19 CB 3F ED 22 37 16 9B 77 17 1B 8D 8F 72 B2 91 88 5B
[2026-04-17 09:25:34] [INFO] [发送] 09:25:34.234 设备ID=12001 module=PERIODIC id=ReadFoupStatus uuid=2 sendCount=1/1 timeout=1000ms crc=30 0C len=8
frame=01 04 00 00 00 09 30 0C
[2026-04-17 09:25:34] [INFO] [接收-帧] 09:25:34.313 设备ID=12001 module=PERIODIC id=ReadFoupStatus uuid=2 len=23
frame=01 04 12 31 F9 B4 F6 A7 EE 32 B6 FB 81 1F 1F E8 ED 86 4C 59 2B 2B C1
[2026-04-17 09:25:35] [INFO] [发送] 09:25:35.307 设备ID=12001 module=PERIODIC id=ReadFoupStatus uuid=2 sendCount=1/1 timeout=1000ms crc=30 0C len=8
frame=01 04 00 00 00 09 30 0C
[2026-04-17 09:25:35] [INFO] [接收-帧] 09:25:35.409 设备ID=12001 module=PERIODIC id=ReadFoupStatus uuid=2 len=23
frame=01 04 12 63 78 C1 67 DE E8 ED 4B 6F 0F 26 65 AC DF AD 60 F3 19 F0 DE
[2026-04-17 09:25:36] [INFO] [发送] 09:25:36.400 设备ID=12001 module=PERIODIC id=ReadFoupStatus uuid=2 sendCount=1/1 timeout=1000ms crc=30 0C len=8
frame=01 04 00 00 00 09 30 0C
[2026-04-17 09:25:36] [INFO] [接收-帧] 09:25:36.502 设备ID=12001 module=PERIODIC id=ReadFoupStatus uuid=2 len=23
frame=01 04 12 2B 99 2B 43 22 7C 62 99 32 2D B2 D4 0E 72 3D 5C 96 8A 9B 27
[2026-04-17 09:25:37] [INFO] [发送] 09:25:37.494 设备ID=12001 module=PERIODIC id=ReadFoupStatus uuid=2 sendCount=1/1 timeout=1000ms crc=30 0C len=8
frame=01 04 00 00 00 09 30 0C
[2026-04-17 09:25:37] [INFO] [接收-帧] 09:25:37.596 设备ID=12001 module=PERIODIC id=ReadFoupStatus uuid=2 len=23
frame=01 04 12 CC BB BE 46 9B D0 CC BF AC D3 71 62 60 73 99 AA E1 E4 DD 4A
[2026-04-17 09:25:38] [INFO] [发送] 09:25:38.591 设备ID=12001 module=PERIODIC id=ReadFoupStatus uuid=2 sendCount=1/1 timeout=1000ms crc=30 0C len=8
frame=01 04 00 00 00 09 30 0C
[2026-04-17 09:25:38] [INFO] [接收-帧] 09:25:38.685 设备ID=12001 module=PERIODIC id=ReadFoupStatus uuid=2 len=23
frame=01 04 12 E4 FA 20 9D C6 3D 79 DA 00 AD AB B2 A8 90 88 E4 A8 79 22 C6
[2026-04-17 09:25:39] [INFO] [发送] 09:25:39.684 设备ID=12001 module=PERIODIC id=ReadFoupStatus uuid=2 sendCount=1/1 timeout=1000ms crc=30 0C len=8
frame=01 04 00 00 00 09 30 0C
[2026-04-17 09:25:39] [INFO] [接收-帧] 09:25:39.783 设备ID=12001 module=PERIODIC id=ReadFoupStatus uuid=2 len=23
frame=01 04 12 E4 47 BD 39 9B 7B 1C 80 9F 92 94 84 35 4A 17 C5 EF B5 F6 30
[2026-04-17 09:25:40] [INFO] [发送] 09:25:40.775 设备ID=12001 module=PERIODIC id=ReadFoupStatus uuid=2 sendCount=1/1 timeout=1000ms crc=30 0C len=8
frame=01 04 00 00 00 09 30 0C
[2026-04-17 09:25:40] [INFO] [接收-帧] 09:25:40.877 设备ID=12001 module=PERIODIC id=ReadFoupStatus uuid=2 len=23
frame=01 04 12 F4 70 04 71 FB 1A BD 27 67 CB 16 11 34 7E 26 3A DD 7B 6E CD
[2026-04-17 09:25:41] [INFO] [发送] 09:25:41.872 设备ID=12001 module=PERIODIC id=ReadFoupStatus uuid=2 sendCount=1/1 timeout=1000ms crc=30 0C len=8
frame=01 04 00 00 00 09 30 0C
[2026-04-17 09:25:41] [INFO] [接收-帧] 09:25:41.969 设备ID=12001 module=PERIODIC id=ReadFoupStatus uuid=2 len=23
frame=01 04 12 E1 53 AB 95 5F 95 D1 4C 20 17 BC E7 AE AE 32 DD 37 E9 8F C6
[2026-04-17 09:25:42] [INFO] [发送] 09:25:42.973 设备ID=12001 module=PERIODIC id=ReadFoupStatus uuid=2 sendCount=1/1 timeout=1000ms crc=30 0C len=8
frame=01 04 00 00 00 09 30 0C
[2026-04-17 09:25:43] [INFO] [接收-帧] 09:25:43.066 设备ID=12001 module=PERIODIC id=ReadFoupStatus uuid=2 len=23
frame=01 04 12 C6 07 93 80 AE 4C 44 89 91 6F B3 B3 69 83 45 DB E6 8F E7 74
[2026-04-17 09:25:44] [INFO] [发送] 09:25:44.062 设备ID=12001 module=PERIODIC id=ReadFoupStatus uuid=2 sendCount=1/1 timeout=1000ms crc=30 0C len=8
frame=01 04 00 00 00 09 30 0C
[2026-04-17 09:25:44] [INFO] [接收-帧] 09:25:44.156 设备ID=12001 module=PERIODIC id=ReadFoupStatus uuid=2 len=23
frame=01 04 12 5D 3A D3 C3 7A 98 F7 AB 64 2D 0D 3A FA 75 5E 69 71 26 7B 1A
[2026-04-17 09:25:45] [INFO] [发送] 09:25:45.149 设备ID=12001 module=PERIODIC id=ReadFoupStatus uuid=2 sendCount=1/1 timeout=1000ms crc=30 0C len=8
frame=01 04 00 00 00 09 30 0C
[2026-04-17 09:25:45] [INFO] [接收-帧] 09:25:45.249 设备ID=12001 module=PERIODIC id=ReadFoupStatus uuid=2 len=23
frame=01 04 12 8A E7 D1 F1 9B F4 EB C5 D3 C9 4F AC B1 C8 B0 DC 17 1E 31 36
[2026-04-17 09:25:46] [INFO] [发送] 09:25:46.246 设备ID=12001 module=PERIODIC id=ReadFoupStatus uuid=2 sendCount=1/1 timeout=1000ms crc=30 0C len=8
frame=01 04 00 00 00 09 30 0C
[2026-04-17 09:25:46] [INFO] [接收-帧] 09:25:46.353 设备ID=12001 module=PERIODIC id=ReadFoupStatus uuid=2 len=23
frame=01 04 12 A1 BA 75 2A 7C BC 42 3A DA 77 42 A5 6C C6 ED 04 D3 93 20 72
[2026-04-17 09:25:47] [INFO] [发送] 09:25:47.355 设备ID=12001 module=PERIODIC id=ReadFoupStatus uuid=2 sendCount=1/1 timeout=1000ms crc=30 0C len=8
frame=01 04 00 00 00 09 30 0C
[2026-04-17 09:25:47] [INFO] [接收-帧] 09:25:47.446 设备ID=12001 module=PERIODIC id=ReadFoupStatus uuid=2 len=23
frame=01 04 12 B8 96 11 EE E3 8E BF F6 7E 80 00 E4 17 8F 65 B8 C8 7F F6 C6
[2026-04-17 09:25:48] [INFO] [发送] 09:25:48.446 设备ID=12001 module=PERIODIC id=ReadFoupStatus uuid=2 sendCount=1/1 timeout=1000ms crc=30 0C len=8
frame=01 04 00 00 00 09 30 0C
[2026-04-17 09:25:48] [INFO] [接收-帧] 09:25:48.535 设备ID=12001 module=PERIODIC id=ReadFoupStatus uuid=2 len=23
frame=01 04 12 DD 92 6B 84 38 D9 2E 74 A3 0A 16 B9 CA 7A 57 4E 5C 94 A6 07
[2026-04-17 09:25:49] [INFO] [发送] 09:25:49.527 设备ID=12001 module=PERIODIC id=ReadFoupStatus uuid=2 sendCount=1/1 timeout=1000ms crc=30 0C len=8
frame=01 04 00 00 00 09 30 0C
[2026-04-17 09:25:49] [INFO] [接收-帧] 09:25:49.627 设备ID=12001 module=PERIODIC id=ReadFoupStatus uuid=2 len=23
frame=01 04 12 36 72 9D A2 83 18 99 E1 47 A1 A6 F8 7B FB 55 00 AA 52 3D BB
[2026-04-17 09:25:50] [INFO] [发送] 09:25:50.745 设备ID=12001 module=PERIODIC id=ReadFoupStatus uuid=2 sendCount=1/1 timeout=1000ms crc=30 0C len=8
frame=01 04 00 00 00 09 30 0C
[2026-04-17 09:25:50] [INFO] [接收-帧] 09:25:50.830 设备ID=12001 module=PERIODIC id=ReadFoupStatus uuid=2 len=23
frame=01 04 12 61 83 E7 61 A4 EF EB 29 FD D7 27 8A 15 11 EA F1 01 B8 C3 1B
[2026-04-17 09:25:51] [INFO] [发送] 09:25:51.827 设备ID=12001 module=PERIODIC id=ReadFoupStatus uuid=2 sendCount=1/1 timeout=1000ms crc=30 0C len=8
frame=01 04 00 00 00 09 30 0C
[2026-04-17 09:25:52] [INFO] [接收-帧] 09:25:52.205 设备ID=12001 module=PERIODIC id=ReadFoupStatus uuid=2 len=23
frame=01 04 12 69 FB 31 1E 4B 4C 72 38 FF 4F A5 75 32 58 E7 A0 95 32 6D 2B
[2026-04-17 09:25:53] [INFO] [发送] 09:25:53.199 设备ID=12001 module=PERIODIC id=ReadFoupStatus uuid=2 sendCount=1/1 timeout=1000ms crc=30 0C len=8
frame=01 04 00 00 00 09 30 0C
[2026-04-17 09:25:53] [INFO] [接收-帧] 09:25:53.235 设备ID=12001 module=PERIODIC id=ReadFoupStatus uuid=2 len=23
frame=01 04 12 0D 42 EE A6 B5 3C 69 A7 C0 6A 41 24 8B D5 B2 DF C8 6E 6F BC
[2026-04-17 09:25:54] [INFO] [发送] 09:25:54.240 设备ID=12001 module=PERIODIC id=ReadFoupStatus uuid=2 sendCount=1/1 timeout=1000ms crc=30 0C len=8
frame=01 04 00 00 00 09 30 0C
[2026-04-17 09:25:54] [INFO] [接收-帧] 09:25:54.329 设备ID=12001 module=PERIODIC id=ReadFoupStatus uuid=2 len=23
frame=01 04 12 85 DB 03 A7 CA 7D 75 52 04 4D D1 03 DA 5E 55 E0 16 21 61 8E
[2026-04-17 09:25:55] [INFO] [发送] 09:25:55.327 设备ID=12001 module=PERIODIC id=ReadFoupStatus uuid=2 sendCount=1/1 timeout=1000ms crc=30 0C len=8
frame=01 04 00 00 00 09 30 0C
[2026-04-17 09:25:55] [INFO] [接收-帧] 09:25:55.421 设备ID=12001 module=PERIODIC id=ReadFoupStatus uuid=2 len=23
frame=01 04 12 9C 07 25 97 5B E1 FD 4B 74 24 9C 50 49 9E A5 D7 09 B4 6C 46
[2026-04-17 09:25:56] [INFO] [发送] 09:25:56.418 设备ID=12001 module=PERIODIC id=ReadFoupStatus uuid=2 sendCount=1/1 timeout=1000ms crc=30 0C len=8
frame=01 04 00 00 00 09 30 0C
[2026-04-17 09:25:56] [INFO] [接收-帧] 09:25:56.518 设备ID=12001 module=PERIODIC id=ReadFoupStatus uuid=2 len=23
frame=01 04 12 11 F6 14 A3 29 65 D3 D2 0B 4C 0C 00 96 10 FD F8 DE CD 78 8B
[2026-04-17 09:25:57] [INFO] [发送] 09:25:57.519 设备ID=12001 module=PERIODIC id=ReadFoupStatus uuid=2 sendCount=1/1 timeout=1000ms crc=30 0C len=8
frame=01 04 00 00 00 09 30 0C
[2026-04-17 09:25:57] [INFO] [接收-帧] 09:25:57.614 设备ID=12001 module=PERIODIC id=ReadFoupStatus uuid=2 len=23
frame=01 04 12 4F 2C 93 07 DD AD 53 0C B1 50 C8 3A 2A 0E D7 45 82 E9 B9 65
[2026-04-17 09:25:58] [INFO] [发送] 09:25:58.610 设备ID=12001 module=PERIODIC id=ReadFoupStatus uuid=2 sendCount=1/1 timeout=1000ms crc=30 0C len=8
frame=01 04 00 00 00 09 30 0C
[2026-04-17 09:25:58] [INFO] [接收-帧] 09:25:58.708 设备ID=12001 module=PERIODIC id=ReadFoupStatus uuid=2 len=23
frame=01 04 12 E5 D8 E0 BE 08 B6 FD F8 AC 43 B4 4C BA 3F 6C F4 0D 08 C7 E5
[2026-04-17 09:25:59] [INFO] [发送] 09:25:59.699 设备ID=12001 module=PERIODIC id=ReadFoupStatus uuid=2 sendCount=1/1 timeout=1000ms crc=30 0C len=8
frame=01 04 00 00 00 09 30 0C
[2026-04-17 09:25:59] [INFO] [接收-帧] 09:25:59.800 设备ID=12001 module=PERIODIC id=ReadFoupStatus uuid=2 len=23
frame=01 04 12 1A E1 B1 C8 53 22 EF 4A 86 A6 0F 3E 69 9E 31 5E F1 56 6C 0A
[2026-04-17 09:26:00] [INFO] [发送] 09:26:00.794 设备ID=12001 module=PERIODIC id=ReadFoupStatus uuid=2 sendCount=1/1 timeout=1000ms crc=30 0C len=8
frame=01 04 00 00 00 09 30 0C
[2026-04-17 09:26:00] [INFO] [接收-帧] 09:26:00.888 设备ID=12001 module=PERIODIC id=ReadFoupStatus uuid=2 len=23
frame=01 04 12 90 8C EB 42 7B 7F 1F 0E ED 09 22 9D 4C 72 8B 41 B0 8E BB 9D
[2026-04-17 09:26:01] [INFO] [发送] 09:26:01.887 设备ID=12001 module=PERIODIC id=ReadFoupStatus uuid=2 sendCount=1/1 timeout=1000ms crc=30 0C len=8
frame=01 04 00 00 00 09 30 0C
[2026-04-17 09:26:01] [INFO] [接收-帧] 09:26:01.987 设备ID=12001 module=PERIODIC id=ReadFoupStatus uuid=2 len=23
frame=01 04 12 26 D9 BE BC B9 D6 61 7A EC 42 55 79 D4 90 C8 22 E4 73 95 80
[2026-04-17 09:26:02] [INFO] [发送] 09:26:02.982 设备ID=12001 module=PERIODIC id=ReadFoupStatus uuid=2 sendCount=1/1 timeout=1000ms crc=30 0C len=8
frame=01 04 00 00 00 09 30 0C
[2026-04-17 09:26:03] [INFO] [接收-帧] 09:26:03.085 设备ID=12001 module=PERIODIC id=ReadFoupStatus uuid=2 len=23
frame=01 04 12 56 BD 1B 34 36 B5 3A C0 79 26 42 57 D3 EB A3 47 6F DE C2 68
[2026-04-17 09:26:04] [INFO] [发送] 09:26:04.075 设备ID=12001 module=PERIODIC id=ReadFoupStatus uuid=2 sendCount=1/1 timeout=1000ms crc=30 0C len=8
frame=01 04 00 00 00 09 30 0C
[2026-04-17 09:26:04] [INFO] [接收-帧] 09:26:04.170 设备ID=12001 module=PERIODIC id=ReadFoupStatus uuid=2 len=23
frame=01 04 12 F2 28 6E 91 3F E4 C9 A5 78 C7 2D 0C B7 99 7E 79 C0 B4 91 B7
[2026-04-17 09:26:05] [INFO] [发送] 09:26:05.175 设备ID=12001 module=PERIODIC id=ReadFoupStatus uuid=2 sendCount=1/1 timeout=1000ms crc=30 0C len=8
frame=01 04 00 00 00 09 30 0C
[2026-04-17 09:26:05] [INFO] [接收-帧] 09:26:05.268 设备ID=12001 module=PERIODIC id=ReadFoupStatus uuid=2 len=23
frame=01 04 12 19 4E CB 06 86 41 03 C2 80 F3 37 E1 3C 0D 50 86 20 F2 38 B5
[2026-04-17 09:26:06] [INFO] [发送] 09:26:06.272 设备ID=12001 module=PERIODIC id=ReadFoupStatus uuid=2 sendCount=1/1 timeout=1000ms crc=30 0C len=8
frame=01 04 00 00 00 09 30 0C
[2026-04-17 09:26:06] [INFO] [接收-帧] 09:26:06.360 设备ID=12001 module=PERIODIC id=ReadFoupStatus uuid=2 len=23
frame=01 04 12 B9 BF F3 2C 16 73 65 23 04 1B 32 6E 70 86 8D F0 06 0E 86 26
[2026-04-17 09:26:07] [INFO] [发送] 09:26:07.364 设备ID=12001 module=PERIODIC id=ReadFoupStatus uuid=2 sendCount=1/1 timeout=1000ms crc=30 0C len=8
frame=01 04 00 00 00 09 30 0C
[2026-04-17 09:26:07] [INFO] [接收-帧] 09:26:07.454 设备ID=12001 module=PERIODIC id=ReadFoupStatus uuid=2 len=23
frame=01 04 12 76 63 4A F2 E8 A6 D9 47 86 12 F8 C8 55 DB C8 B5 AC E0 1F 62
[2026-04-17 09:26:08] [INFO] [发送] 09:26:08.449 设备ID=12001 module=PERIODIC id=ReadFoupStatus uuid=2 sendCount=1/1 timeout=1000ms crc=30 0C len=8
frame=01 04 00 00 00 09 30 0C
[2026-04-17 09:26:08] [INFO] [接收-帧] 09:26:08.545 设备ID=12001 module=PERIODIC id=ReadFoupStatus uuid=2 len=23
frame=01 04 12 A7 3D FC 12 57 E2 23 10 43 B7 B8 2F 81 83 5B 98 3D FC 95 94
[2026-04-17 09:26:09] [INFO] [发送] 09:26:09.679 设备ID=12001 module=PERIODIC id=ReadFoupStatus uuid=2 sendCount=1/1 timeout=1000ms crc=30 0C len=8
frame=01 04 00 00 00 09 30 0C
[2026-04-17 09:26:09] [INFO] [接收-帧] 09:26:09.750 设备ID=12001 module=PERIODIC id=ReadFoupStatus uuid=2 len=23
frame=01 04 12 FE 6F A8 81 7A E6 C7 04 1C D0 E4 DE EE 76 F4 4C E0 52 52 FF
[2026-04-17 09:26:10] [INFO] [发送] 09:26:10.748 设备ID=12001 module=PERIODIC id=ReadFoupStatus uuid=2 sendCount=1/1 timeout=1000ms crc=30 0C len=8
frame=01 04 00 00 00 09 30 0C
[2026-04-17 09:26:10] [INFO] [接收-帧] 09:26:10.843 设备ID=12001 module=PERIODIC id=ReadFoupStatus uuid=2 len=23
frame=01 04 12 81 BE 43 43 57 B8 1B 69 C7 56 1C 4D A7 6F 41 87 D8 1A 12 1A
[2026-04-17 09:26:11] [INFO] [发送] 09:26:11.836 设备ID=12001 module=PERIODIC id=ReadFoupStatus uuid=2 sendCount=1/1 timeout=1000ms crc=30 0C len=8
frame=01 04 00 00 00 09 30 0C
[2026-04-17 09:26:11] [INFO] [接收-帧] 09:26:11.941 设备ID=12001 module=PERIODIC id=ReadFoupStatus uuid=2 len=23
frame=01 04 12 69 E9 D3 9C 95 3B 7E E7 45 7D B1 D5 0E D0 1A 56 CD 1B ED 68
[2026-04-17 09:26:12] [INFO] [发送] 09:26:12.936 设备ID=12001 module=PERIODIC id=ReadFoupStatus uuid=2 sendCount=1/1 timeout=1000ms crc=30 0C len=8
frame=01 04 00 00 00 09 30 0C
[2026-04-17 09:26:13] [INFO] [接收-帧] 09:26:13.032 设备ID=12001 module=PERIODIC id=ReadFoupStatus uuid=2 len=23
frame=01 04 12 44 F2 A1 52 F6 0D 03 A0 2A 6B A3 29 E3 C8 69 59 22 2B 14 8F
[2026-04-17 09:26:14] [INFO] [发送] 09:26:14.025 设备ID=12001 module=PERIODIC id=ReadFoupStatus uuid=2 sendCount=1/1 timeout=1000ms crc=30 0C len=8
frame=01 04 00 00 00 09 30 0C
[2026-04-17 09:26:14] [INFO] [接收-帧] 09:26:14.127 设备ID=12001 module=PERIODIC id=ReadFoupStatus uuid=2 len=23
frame=01 04 12 8D D2 73 15 B8 14 48 93 FB A1 FC 76 B8 D3 C6 60 05 BC 13 41
[2026-04-17 09:26:15] [INFO] [发送] 09:26:15.138 设备ID=12001 module=PERIODIC id=ReadFoupStatus uuid=2 sendCount=1/1 timeout=1000ms crc=30 0C len=8
frame=01 04 00 00 00 09 30 0C
[2026-04-17 09:26:15] [INFO] [接收-帧] 09:26:15.225 设备ID=12001 module=PERIODIC id=ReadFoupStatus uuid=2 len=23
frame=01 04 12 60 76 96 C8 5E DA 5E CD D8 B0 C8 F9 17 27 ED 83 C4 58 5A 97
[2026-04-17 09:26:16] [INFO] [发送] 09:26:16.211 设备ID=12001 module=PERIODIC id=ReadFoupStatus uuid=2 sendCount=1/1 timeout=1000ms crc=30 0C len=8
frame=01 04 00 00 00 09 30 0C
[2026-04-17 09:26:16] [INFO] [接收-帧] 09:26:16.315 设备ID=12001 module=PERIODIC id=ReadFoupStatus uuid=2 len=23
frame=01 04 12 08 AC D9 EF AA E8 24 43 06 80 3A 81 8D BB 53 10 47 0F A7 8F
[2026-04-17 09:26:17] [INFO] [发送] 09:26:17.311 设备ID=12001 module=PERIODIC id=ReadFoupStatus uuid=2 sendCount=1/1 timeout=1000ms crc=30 0C len=8
frame=01 04 00 00 00 09 30 0C
[2026-04-17 09:26:17] [INFO] [接收-帧] 09:26:17.430 设备ID=12001 module=PERIODIC id=ReadFoupStatus uuid=2 len=23
frame=01 04 12 83 18 95 EA 64 A7 6B 75 84 6B BD DA 27 14 3A 46 58 D6 AC 52
[2026-04-17 09:26:18] [INFO] [发送] 09:26:18.451 设备ID=12001 module=PERIODIC id=ReadFoupStatus uuid=2 sendCount=1/1 timeout=1000ms crc=30 0C len=8
frame=01 04 00 00 00 09 30 0C
[2026-04-17 09:26:18] [INFO] [接收-帧] 09:26:18.499 设备ID=12001 module=PERIODIC id=ReadFoupStatus uuid=2 len=23
frame=01 04 12 6F 2C 30 0C EC 25 DA 77 B8 5F 5F FE C7 D8 DF 48 78 80 93 C5
[2026-04-17 09:26:19] [INFO] [发送] 09:26:19.569 设备ID=12001 module=PERIODIC id=ReadFoupStatus uuid=2 sendCount=1/1 timeout=1000ms crc=30 0C len=8
frame=01 04 00 00 00 09 30 0C
[2026-04-17 09:26:19] [INFO] [接收-帧] 09:26:19.591 设备ID=12001 module=PERIODIC id=ReadFoupStatus uuid=2 len=23
frame=01 04 12 A7 5A 18 0F C9 5C C6 6D F9 BA 83 1D 23 BF 3F 1B 09 98 2F F0
[2026-04-17 09:26:20] [INFO] [发送] 09:26:20.595 设备ID=12001 module=PERIODIC id=ReadFoupStatus uuid=2 sendCount=1/1 timeout=1000ms crc=30 0C len=8
frame=01 04 00 00 00 09 30 0C
[2026-04-17 09:26:20] [INFO] [接收-帧] 09:26:20.692 设备ID=12001 module=PERIODIC id=ReadFoupStatus uuid=2 len=23
frame=01 04 12 44 21 53 E8 5E DC AD 01 EF D5 39 2A E4 D8 0F A4 B6 7A 88 E8
[2026-04-17 09:26:21] [INFO] [发送] 09:26:21.691 设备ID=12001 module=PERIODIC id=ReadFoupStatus uuid=2 sendCount=1/1 timeout=1000ms crc=30 0C len=8
frame=01 04 00 00 00 09 30 0C
[2026-04-17 09:26:21] [INFO] [接收-帧] 09:26:21.784 设备ID=12001 module=PERIODIC id=ReadFoupStatus uuid=2 len=23
frame=01 04 12 DF 52 C5 D3 A0 CC DE DC 2C BB 16 7A AE 32 B8 4F 86 75 96 9A
[2026-04-17 09:26:22] [INFO] [发送] 09:26:22.940 设备ID=12001 module=PERIODIC id=ReadFoupStatus uuid=2 sendCount=1/1 timeout=1000ms crc=30 0C len=8
frame=01 04 00 00 00 09 30 0C
[2026-04-17 09:26:22] [INFO] [接收-帧] 09:26:22.988 设备ID=12001 module=PERIODIC id=ReadFoupStatus uuid=2 len=23
frame=01 04 12 E7 E1 4F B4 54 E3 2C 81 B1 81 A6 0A 14 2A 8B 43 55 B8 EE 12
[2026-04-17 09:26:23] [INFO] [发送] 09:26:23.991 设备ID=12001 module=PERIODIC id=ReadFoupStatus uuid=2 sendCount=1/1 timeout=1000ms crc=30 0C len=8
frame=01 04 00 00 00 09 30 0C
[2026-04-17 09:26:24] [INFO] [接收-帧] 09:26:24.081 设备ID=12001 module=PERIODIC id=ReadFoupStatus uuid=2 len=23
frame=01 04 12 42 6B 0D DD 5F 07 23 11 F3 28 83 DC 21 3D A8 92 3D BA D1 89
[2026-04-17 09:26:25] [INFO] [发送] 09:26:25.613 设备ID=12001 module=PERIODIC id=ReadFoupStatus uuid=2 sendCount=1/1 timeout=1000ms crc=30 0C len=8
frame=01 04 00 00 00 09 30 0C
[2026-04-17 09:26:25] [INFO] [接收-帧] 09:26:25.781 设备ID=12001 module=PERIODIC id=ReadFoupStatus uuid=2 len=23
frame=01 04 12 CA 64 B8 61 B3 96 3E 0F 9B E4 D5 CC 8D E6 82 CC 83 4B 91 89
[2026-04-17 09:26:27] [INFO] [发送] 09:26:27.154 设备ID=12001 module=PERIODIC id=ReadFoupStatus uuid=2 sendCount=1/1 timeout=1000ms crc=30 0C len=8
frame=01 04 00 00 00 09 30 0C
[2026-04-17 09:26:27] [INFO] [接收-帧] 09:26:27.265 设备ID=12001 module=PERIODIC id=ReadFoupStatus uuid=2 len=23
frame=01 04 12 8D D6 3D B5 EA C6 6B 58 60 32 68 67 7E 0F 6C 1F 84 C8 05 83
[2026-04-17 09:26:28] [INFO] [发送] 09:26:28.371 设备ID=12001 module=PERIODIC id=ReadFoupStatus uuid=2 sendCount=1/1 timeout=1000ms crc=30 0C len=8
frame=01 04 00 00 00 09 30 0C
[2026-04-17 09:26:28] [INFO] [接收-帧] 09:26:28.473 设备ID=12001 module=PERIODIC id=ReadFoupStatus uuid=2 len=23
frame=01 04 12 47 34 3D 80 01 F6 93 6D FA B9 DA 7F CB A2 7B AC 97 96 08 CC
[2026-04-17 09:26:29] [INFO] [发送] 09:26:29.475 设备ID=12001 module=PERIODIC id=ReadFoupStatus uuid=2 sendCount=1/1 timeout=1000ms crc=30 0C len=8
frame=01 04 00 00 00 09 30 0C
[2026-04-17 09:26:29] [INFO] [接收-帧] 09:26:29.587 设备ID=12001 module=PERIODIC id=ReadFoupStatus uuid=2 len=23
frame=01 04 12 01 FB C3 23 39 C7 91 FB 34 94 DB F7 4B 74 D5 22 53 E3 32 69
[2026-04-17 09:26:30] [INFO] [发送] 09:26:30.832 设备ID=12001 module=PERIODIC id=ReadFoupStatus uuid=2 sendCount=1/1 timeout=1000ms crc=30 0C len=8
frame=01 04 00 00 00 09 30 0C
[2026-04-17 09:26:30] [INFO] [接收-帧] 09:26:30.860 设备ID=12001 module=PERIODIC id=ReadFoupStatus uuid=2 len=23
frame=01 04 12 98 0E 24 5E DF 2E C2 92 5F FE 18 DA 6F 0E BF D0 54 41 48 C6
[2026-04-17 09:26:31] [INFO] [发送] 09:26:31.860 设备ID=12001 module=PERIODIC id=ReadFoupStatus uuid=2 sendCount=1/1 timeout=1000ms crc=30 0C len=8
frame=01 04 00 00 00 09 30 0C
[2026-04-17 09:26:31] [INFO] [接收-帧] 09:26:31.971 设备ID=12001 module=PERIODIC id=ReadFoupStatus uuid=2 len=23
frame=01 04 12 1C 6C CC 95 6D 39 D5 73 EA 62 98 F0 E2 97 63 9B 11 C8 5B C4
[2026-04-17 09:26:32] [INFO] [发送] 09:26:32.986 设备ID=12001 module=PERIODIC id=ReadFoupStatus uuid=2 sendCount=1/1 timeout=1000ms crc=30 0C len=8
frame=01 04 00 00 00 09 30 0C
[2026-04-17 09:26:33] [INFO] [接收-帧] 09:26:33.044 设备ID=12001 module=PERIODIC id=ReadFoupStatus uuid=2 len=23
frame=01 04 12 D8 C6 BE 04 2D 14 0B A1 35 41 CD 79 D9 D0 D5 A4 5D 39 1F F8
[2026-04-17 09:26:34] [INFO] [发送] 09:26:34.048 设备ID=12001 module=PERIODIC id=ReadFoupStatus uuid=2 sendCount=1/1 timeout=1000ms crc=30 0C len=8
frame=01 04 00 00 00 09 30 0C
[2026-04-17 09:26:34] [INFO] [接收-帧] 09:26:34.162 设备ID=12001 module=PERIODIC id=ReadFoupStatus uuid=2 len=23
frame=01 04 12 9C 3C FB BF 54 8E 55 02 A0 9E AE 40 9E 5A DB 54 0F 87 A9 EA
[2026-04-17 09:26:35] [INFO] [发送] 09:26:35.151 设备ID=12001 module=PERIODIC id=ReadFoupStatus uuid=2 sendCount=1/1 timeout=1000ms crc=30 0C len=8
frame=01 04 00 00 00 09 30 0C
[2026-04-17 09:26:35] [INFO] [接收-帧] 09:26:35.248 设备ID=12001 module=PERIODIC id=ReadFoupStatus uuid=2 len=23
frame=01 04 12 76 C3 A7 D2 E4 31 14 95 AB 0A D9 27 03 1B 32 44 DD 56 6E D6
[2026-04-17 09:26:36] [INFO] [发送] 09:26:36.254 设备ID=12001 module=PERIODIC id=ReadFoupStatus uuid=2 sendCount=1/1 timeout=1000ms crc=30 0C len=8
frame=01 04 00 00 00 09 30 0C
[2026-04-17 09:26:36] [INFO] [接收-帧] 09:26:36.330 设备ID=12001 module=PERIODIC id=ReadFoupStatus uuid=2 len=23
frame=01 04 12 E3 3F 30 7A 32 62 C9 45 63 E4 95 70 90 A3 43 10 48 68 EB CB
[2026-04-17 09:26:37] [INFO] [发送] 09:26:37.327 设备ID=12001 module=PERIODIC id=ReadFoupStatus uuid=2 sendCount=1/1 timeout=1000ms crc=30 0C len=8
frame=01 04 00 00 00 09 30 0C
[2026-04-17 09:26:37] [INFO] [接收-帧] 09:26:37.424 设备ID=12001 module=PERIODIC id=ReadFoupStatus uuid=2 len=23
frame=01 04 12 5A 66 BC 1A 0A C0 02 F8 E3 F2 8A CB 76 60 CC F9 FC 25 70 5E
[2026-04-17 09:26:38] [INFO] [发送] 09:26:38.420 设备ID=12001 module=PERIODIC id=ReadFoupStatus uuid=2 sendCount=1/1 timeout=1000ms crc=30 0C len=8
frame=01 04 00 00 00 09 30 0C
[2026-04-17 09:26:38] [INFO] [接收-帧] 09:26:38.518 设备ID=12001 module=PERIODIC id=ReadFoupStatus uuid=2 len=23
frame=01 04 12 28 B7 5B 3F 0F BC 22 DA 21 BE 2D 53 A2 C9 41 80 21 86 9C 39
[2026-04-17 09:26:39] [INFO] [发送] 09:26:39.524 设备ID=12001 module=PERIODIC id=ReadFoupStatus uuid=2 sendCount=1/1 timeout=1000ms crc=30 0C len=8
frame=01 04 00 00 00 09 30 0C
[2026-04-17 09:26:39] [INFO] [接收-帧] 09:26:39.612 设备ID=12001 module=PERIODIC id=ReadFoupStatus uuid=2 len=23
frame=01 04 12 E5 51 CE DA 2B 58 A2 07 3C F9 72 28 1B 6D C3 3F 41 9D C4 59
[2026-04-17 09:26:40] [INFO] [发送] 09:26:40.619 设备ID=12001 module=PERIODIC id=ReadFoupStatus uuid=2 sendCount=1/1 timeout=1000ms crc=30 0C len=8
frame=01 04 00 00 00 09 30 0C
[2026-04-17 09:26:40] [INFO] [接收-帧] 09:26:40.705 设备ID=12001 module=PERIODIC id=ReadFoupStatus uuid=2 len=23
frame=01 04 12 48 8B 2C 94 75 A4 57 F2 9B 52 3A F5 59 F0 18 D9 52 D3 DA 2E
[2026-04-17 09:26:41] [INFO] [发送] 09:26:41.715 设备ID=12001 module=PERIODIC id=ReadFoupStatus uuid=2 sendCount=1/1 timeout=1000ms crc=30 0C len=8
frame=01 04 00 00 00 09 30 0C
[2026-04-17 09:26:41] [INFO] [接收-帧] 09:26:41.801 设备ID=12001 module=PERIODIC id=ReadFoupStatus uuid=2 len=23
frame=01 04 12 13 DD FB D9 4E AE A9 39 BD EE 15 95 91 62 7E C4 AD EB 61 E7
[2026-04-17 09:26:42] [INFO] [发送] 09:26:42.936 设备ID=12001 module=PERIODIC id=ReadFoupStatus uuid=2 sendCount=1/1 timeout=1000ms crc=30 0C len=8
frame=01 04 00 00 00 09 30 0C
[2026-04-17 09:26:43] [INFO] [接收-帧] 09:26:43.004 设备ID=12001 module=PERIODIC id=ReadFoupStatus uuid=2 len=23
frame=01 04 12 09 0E D5 37 DF BF CA D1 DA EC 26 80 D1 C8 22 D8 9B 15 B2 CC
[2026-04-17 09:26:44] [INFO] [发送] 09:26:44.001 设备ID=12001 module=PERIODIC id=ReadFoupStatus uuid=2 sendCount=1/1 timeout=1000ms crc=30 0C len=8
frame=01 04 00 00 00 09 30 0C
[2026-04-17 09:26:44] [INFO] [接收-帧] 09:26:44.095 设备ID=12001 module=PERIODIC id=ReadFoupStatus uuid=2 len=23
frame=01 04 12 ED F1 53 9A 24 B1 E8 8F 00 FB 0C E0 07 48 CC 66 3E E2 CB 7A
[2026-04-17 09:26:45] [INFO] [发送] 09:26:45.089 设备ID=12001 module=PERIODIC id=ReadFoupStatus uuid=2 sendCount=1/1 timeout=1000ms crc=30 0C len=8
frame=01 04 00 00 00 09 30 0C
[2026-04-17 09:26:45] [INFO] [接收-帧] 09:26:45.195 设备ID=12001 module=PERIODIC id=ReadFoupStatus uuid=2 len=23
frame=01 04 12 3F 4D FD CF 08 BB C6 FE A7 63 C8 46 A1 0C 56 A5 B0 40 1D 4C
[2026-04-17 09:26:46] [INFO] [发送] 09:26:46.209 设备ID=12001 module=PERIODIC id=ReadFoupStatus uuid=2 sendCount=1/1 timeout=1000ms crc=30 0C len=8
frame=01 04 00 00 00 09 30 0C
[2026-04-17 09:26:46] [INFO] [接收-帧] 09:26:46.283 设备ID=12001 module=PERIODIC id=ReadFoupStatus uuid=2 len=23
frame=01 04 12 12 C0 4C 36 07 BA CD 3D 8B 36 88 77 BB DD 81 C1 4C 55 C7 5F
[2026-04-17 09:26:47] [INFO] [发送] 09:26:47.279 设备ID=12001 module=PERIODIC id=ReadFoupStatus uuid=2 sendCount=1/1 timeout=1000ms crc=30 0C len=8
frame=01 04 00 00 00 09 30 0C
[2026-04-17 09:26:47] [INFO] [接收-帧] 09:26:47.375 设备ID=12001 module=PERIODIC id=ReadFoupStatus uuid=2 len=23
frame=01 04 12 B2 4F 90 63 E7 26 28 4F BF 90 21 33 42 7E 0D 0D D0 EC AC 00
[2026-04-17 09:26:48] [INFO] [发送] 09:26:48.383 设备ID=12001 module=PERIODIC id=ReadFoupStatus uuid=2 sendCount=1/1 timeout=1000ms crc=30 0C len=8
frame=01 04 00 00 00 09 30 0C
[2026-04-17 09:26:48] [INFO] [接收-帧] 09:26:48.470 设备ID=12001 module=PERIODIC id=ReadFoupStatus uuid=2 len=23
frame=01 04 12 0B 22 4F F0 FC F6 1C 2F 6E 89 43 06 BD 4E 80 C6 77 40 21 2F
[2026-04-17 09:26:49] [INFO] [发送] 09:26:49.480 设备ID=12001 module=PERIODIC id=ReadFoupStatus uuid=2 sendCount=1/1 timeout=1000ms crc=30 0C len=8
frame=01 04 00 00 00 09 30 0C
[2026-04-17 09:26:49] [INFO] [接收-帧] 09:26:49.581 设备ID=12001 module=PERIODIC id=ReadFoupStatus uuid=2 len=23
frame=01 04 12 B6 1B 5D 3E 84 1A 04 01 B1 C6 C8 B2 09 FE A9 C2 77 50 D6 53
[2026-04-17 09:26:50] [INFO] [发送] 09:26:50.599 设备ID=12001 module=PERIODIC id=ReadFoupStatus uuid=2 sendCount=1/1 timeout=1000ms crc=30 0C len=8
frame=01 04 00 00 00 09 30 0C
[2026-04-17 09:26:50] [INFO] [接收-帧] 09:26:50.657 设备ID=12001 module=PERIODIC id=ReadFoupStatus uuid=2 len=23
frame=01 04 12 F8 F8 12 7F 79 88 84 91 53 C7 6F 2B FE 62 1F F7 4D E7 63 5C
[2026-04-17 09:26:51] [INFO] [发送] 09:26:51.667 设备ID=12001 module=PERIODIC id=ReadFoupStatus uuid=2 sendCount=1/1 timeout=1000ms crc=30 0C len=8
frame=01 04 00 00 00 09 30 0C
[2026-04-17 09:26:51] [INFO] [接收-帧] 09:26:51.794 设备ID=12001 module=PERIODIC id=ReadFoupStatus uuid=2 len=23
frame=01 04 12 0D 8B AA 3C BA B1 1A 38 7A 0C F1 34 5C CB 2A DC 42 57 D7 73
[2026-04-17 09:26:52] [INFO] [发送] 09:26:52.801 设备ID=12001 module=PERIODIC id=ReadFoupStatus uuid=2 sendCount=1/1 timeout=1000ms crc=30 0C len=8
frame=01 04 00 00 00 09 30 0C
[2026-04-17 09:26:52] [INFO] [接收-帧] 09:26:52.848 设备ID=12001 module=PERIODIC id=ReadFoupStatus uuid=2 len=23
frame=01 04 12 A3 BB BE 6F 7B 89 36 80 F6 A4 69 AC 56 F1 4C 08 2C BD 8E D0
[2026-04-17 09:26:53] [INFO] [发送] 09:26:53.847 设备ID=12001 module=PERIODIC id=ReadFoupStatus uuid=2 sendCount=1/1 timeout=1000ms crc=30 0C len=8
frame=01 04 00 00 00 09 30 0C
[2026-04-17 09:26:53] [INFO] [接收-帧] 09:26:53.942 设备ID=12001 module=PERIODIC id=ReadFoupStatus uuid=2 len=23
frame=01 04 12 3A 65 7D BD DD 6A 3E F7 77 F7 84 AB 02 70 0D 8E C6 C6 4B F8
[2026-04-17 09:26:54] [INFO] [发送] 09:26:54.938 设备ID=12001 module=PERIODIC id=ReadFoupStatus uuid=2 sendCount=1/1 timeout=1000ms crc=30 0C len=8
frame=01 04 00 00 00 09 30 0C
[2026-04-17 09:26:55] [INFO] [接收-帧] 09:26:55.038 设备ID=12001 module=PERIODIC id=ReadFoupStatus uuid=2 len=23
frame=01 04 12 BE 04 9D 8B 7B D8 F9 F5 C4 0E D2 15 9F AD 26 48 4B D0 F8 9E
[2026-04-17 09:26:56] [INFO] [发送] 09:26:56.037 设备ID=12001 module=PERIODIC id=ReadFoupStatus uuid=2 sendCount=1/1 timeout=1000ms crc=30 0C len=8
frame=01 04 00 00 00 09 30 0C
[2026-04-17 09:26:56] [INFO] [接收-帧] 09:26:56.134 设备ID=12001 module=PERIODIC id=ReadFoupStatus uuid=2 len=23
frame=01 04 12 64 3A 84 43 30 34 52 39 11 57 DE D5 56 8C 99 98 0D 70 E8 AA
[2026-04-17 09:26:57] [INFO] [发送] 09:26:57.146 设备ID=12001 module=PERIODIC id=ReadFoupStatus uuid=2 sendCount=1/1 timeout=1000ms crc=30 0C len=8
frame=01 04 00 00 00 09 30 0C
[2026-04-17 09:26:57] [INFO] [接收-帧] 09:26:57.221 设备ID=12001 module=PERIODIC id=ReadFoupStatus uuid=2 len=23
frame=01 04 12 67 EA 3A CD B9 BF 15 58 ED D8 FC B8 F7 94 3E 9A 4E 1B C8 7C
[2026-04-17 09:26:58] [INFO] [发送] 09:26:58.214 设备ID=12001 module=PERIODIC id=ReadFoupStatus uuid=2 sendCount=1/1 timeout=1000ms crc=30 0C len=8
frame=01 04 00 00 00 09 30 0C
[2026-04-17 09:26:58] [INFO] [接收-帧] 09:26:58.316 设备ID=12001 module=PERIODIC id=ReadFoupStatus uuid=2 len=23
frame=01 04 12 52 28 B0 00 AD 17 B1 F7 0E 36 DA 7C 30 97 9A 8C 63 2B FA 51
[2026-04-17 09:26:59] [INFO] [发送] 09:26:59.309 设备ID=12001 module=PERIODIC id=ReadFoupStatus uuid=2 sendCount=1/1 timeout=1000ms crc=30 0C len=8
frame=01 04 00 00 00 09 30 0C
[2026-04-17 09:26:59] [INFO] [接收-帧] 09:26:59.405 设备ID=12001 module=PERIODIC id=ReadFoupStatus uuid=2 len=23
frame=01 04 12 FA D6 10 20 1C 6F 0A 79 18 62 CE 94 9D 81 CA 4E 0E 1A 43 59
[2026-04-17 09:27:00] [INFO] [发送] 09:27:00.401 设备ID=12001 module=PERIODIC id=ReadFoupStatus uuid=2 sendCount=1/1 timeout=1000ms crc=30 0C len=8
frame=01 04 00 00 00 09 30 0C
[2026-04-17 09:27:00] [INFO] [接收-帧] 09:27:00.503 设备ID=12001 module=PERIODIC id=ReadFoupStatus uuid=2 len=23
frame=01 04 12 34 AA F9 04 B6 19 CA 68 48 CC FE 63 9F B8 F8 9C 3D 4C 8C E7
[2026-04-17 09:27:01] [INFO] [发送] 09:27:01.500 设备ID=12001 module=PERIODIC id=ReadFoupStatus uuid=2 sendCount=1/1 timeout=1000ms crc=30 0C len=8
frame=01 04 00 00 00 09 30 0C
[2026-04-17 09:27:01] [INFO] [接收-帧] 09:27:01.600 设备ID=12001 module=PERIODIC id=ReadFoupStatus uuid=2 len=23
frame=01 04 12 2E FF 7F 47 1B 0B 70 7A 90 3B 3F EE 1D 11 B5 D3 0F F2 33 18
[2026-04-17 09:27:37] [INFO] [发送] 09:27:37.033 设备ID=12001 module=INITIAL id=ReadVersion uuid=1 sendCount=1/4 timeout=1000ms crc=B1 CD len=8
frame=01 04 00 18 00 01 B1 CD
[2026-04-17 09:27:37] [INFO] [接收-帧] 09:27:37.734 设备ID=12001 module=INITIAL id=ReadVersion uuid=1 len=7
frame=01 04 02 00 00 B9 30
[2026-04-17 09:27:37] [INFO] [发送] 09:27:37.734 设备ID=12001 module=PERIODIC id=ReadFoupStatus uuid=2 sendCount=1/1 timeout=1000ms crc=30 0C len=8
frame=01 04 00 00 00 09 30 0C
[2026-04-17 09:27:37] [INFO] [接收-帧] 09:27:37.802 设备ID=12001 module=PERIODIC id=ReadFoupStatus uuid=2 len=23
frame=01 04 12 8D DC 37 74 65 8A 5F 1F 2A EF 23 A1 E1 5F C0 62 63 2C 18 D1
[2026-04-17 09:27:38] [INFO] [发送] 09:27:38.792 设备ID=12001 module=PERIODIC id=ReadFoupStatus uuid=2 sendCount=1/1 timeout=1000ms crc=30 0C len=8
frame=01 04 00 00 00 09 30 0C
[2026-04-17 09:27:38] [INFO] [接收-帧] 09:27:38.893 设备ID=12001 module=PERIODIC id=ReadFoupStatus uuid=2 len=23
frame=01 04 12 20 D8 36 87 FA 21 C0 E8 44 40 54 56 67 8D 9F 1A 23 A6 CD 70
[2026-04-17 09:27:39] [INFO] [发送] 09:27:39.885 设备ID=12001 module=PERIODIC id=ReadFoupStatus uuid=2 sendCount=1/1 timeout=1000ms crc=30 0C len=8
frame=01 04 00 00 00 09 30 0C
[2026-04-17 09:27:39] [INFO] [接收-帧] 09:27:39.991 设备ID=12001 module=PERIODIC id=ReadFoupStatus uuid=2 len=23
frame=01 04 12 BE 2D C3 83 3C 07 B9 B2 53 57 F0 3C 7E 8C 3A 82 4D C3 71 89
[2026-04-17 09:27:40] [INFO] [发送] 09:27:40.980 设备ID=12001 module=PERIODIC id=ReadFoupStatus uuid=2 sendCount=1/1 timeout=1000ms crc=30 0C len=8
frame=01 04 00 00 00 09 30 0C
[2026-04-17 09:27:41] [INFO] [接收-帧] 09:27:41.087 设备ID=12001 module=PERIODIC id=ReadFoupStatus uuid=2 len=23
frame=01 04 12 36 22 86 EE 7E 88 57 B1 5A D8 8C 93 F6 D3 C9 8B 6E EC E4 D2
[2026-04-17 09:27:42] [INFO] [发送] 09:27:42.104 设备ID=12001 module=PERIODIC id=ReadFoupStatus uuid=2 sendCount=1/1 timeout=1000ms crc=30 0C len=8
frame=01 04 00 00 00 09 30 0C
[2026-04-17 09:27:42] [INFO] [接收-帧] 09:27:42.178 设备ID=12001 module=PERIODIC id=ReadFoupStatus uuid=2 len=23
frame=01 04 12 4F 55 81 BD 72 6E 43 EF F8 9E DB D1 2E C7 4C 3C 1F 87 D0 BB
[2026-04-17 09:27:43] [INFO] [发送] 09:27:43.168 设备ID=12001 module=PERIODIC id=ReadFoupStatus uuid=2 sendCount=1/1 timeout=1000ms crc=30 0C len=8
frame=01 04 00 00 00 09 30 0C
[2026-04-17 09:27:43] [INFO] [接收-帧] 09:27:43.265 设备ID=12001 module=PERIODIC id=ReadFoupStatus uuid=2 len=23
frame=01 04 12 C1 BF 49 AB 0D E5 A3 08 EE D4 53 96 34 17 2D 96 F4 DE 83 1D
[2026-04-17 09:27:44] [INFO] [发送] 09:27:44.270 设备ID=12001 module=PERIODIC id=ReadFoupStatus uuid=2 sendCount=1/1 timeout=1000ms crc=30 0C len=8
frame=01 04 00 00 00 09 30 0C
[2026-04-17 09:27:44] [INFO] [接收-帧] 09:27:44.365 设备ID=12001 module=PERIODIC id=ReadFoupStatus uuid=2 len=23
frame=01 04 12 8C 74 85 1C D5 E4 24 37 BD 5A D2 4C 19 C7 E1 63 50 93 5D 02
[2026-04-17 09:27:45] [INFO] [发送] 09:27:45.358 设备ID=12001 module=PERIODIC id=ReadFoupStatus uuid=2 sendCount=1/1 timeout=1000ms crc=30 0C len=8
frame=01 04 00 00 00 09 30 0C
[2026-04-17 09:27:45] [INFO] [接收-帧] 09:27:45.457 设备ID=12001 module=PERIODIC id=ReadFoupStatus uuid=2 len=23
frame=01 04 12 7B 2D B6 DC 28 24 32 E6 D1 CA 1D 8B C4 AC CD 7F 67 31 C5 86
[2026-04-17 09:27:46] [INFO] [发送] 09:27:46.455 设备ID=12001 module=PERIODIC id=ReadFoupStatus uuid=2 sendCount=1/1 timeout=1000ms crc=30 0C len=8
frame=01 04 00 00 00 09 30 0C
[2026-04-17 09:27:46] [INFO] [接收-帧] 09:27:46.553 设备ID=12001 module=PERIODIC id=ReadFoupStatus uuid=2 len=23
frame=01 04 12 F7 D5 B3 F6 FA 1B 01 C9 41 4E 0B 55 A7 66 F5 02 73 9E 74 EA
[2026-04-17 09:27:47] [INFO] [发送] 09:27:47.547 设备ID=12001 module=PERIODIC id=ReadFoupStatus uuid=2 sendCount=1/1 timeout=1000ms crc=30 0C len=8
frame=01 04 00 00 00 09 30 0C
[2026-04-17 09:27:47] [INFO] [接收-帧] 09:27:47.659 设备ID=12001 module=PERIODIC id=ReadFoupStatus uuid=2 len=23
frame=01 04 12 11 7B 0F 99 44 CC 6B DD EA 71 BC 5E 58 C3 21 F7 27 CE 6E A5
[2026-04-17 09:27:48] [INFO] [发送] 09:27:48.651 设备ID=12001 module=PERIODIC id=ReadFoupStatus uuid=2 sendCount=1/1 timeout=1000ms crc=30 0C len=8
frame=01 04 00 00 00 09 30 0C
[2026-04-17 09:27:48] [INFO] [接收-帧] 09:27:48.743 设备ID=12001 module=PERIODIC id=ReadFoupStatus uuid=2 len=23
frame=01 04 12 B9 81 F9 5A 6C DE D2 05 F3 D2 1C E4 8A 3B 5D D1 9B C2 32 7E
[2026-04-17 09:27:49] [INFO] [发送] 09:27:49.749 设备ID=12001 module=PERIODIC id=ReadFoupStatus uuid=2 sendCount=1/1 timeout=1000ms crc=30 0C len=8
frame=01 04 00 00 00 09 30 0C
[2026-04-17 09:27:49] [INFO] [接收-帧] 09:27:49.832 设备ID=12001 module=PERIODIC id=ReadFoupStatus uuid=2 len=23
frame=01 04 12 AE 1B C3 1B 22 33 32 4E A1 25 55 E0 D7 0C E6 5C B7 58 DE 73
[2026-04-17 09:27:50] [INFO] [发送] 09:27:50.824 设备ID=12001 module=PERIODIC id=ReadFoupStatus uuid=2 sendCount=1/1 timeout=1000ms crc=30 0C len=8
frame=01 04 00 00 00 09 30 0C
[2026-04-17 09:27:50] [INFO] [接收-帧] 09:27:50.922 设备ID=12001 module=PERIODIC id=ReadFoupStatus uuid=2 len=23
frame=01 04 12 7A A2 7C E2 7B BF 5B E7 9C BC 52 F9 7E 01 96 AF 7E 21 DC 97
[2026-04-17 09:31:33] [INFO] [发送] 09:31:33.921 设备ID=12001 module=INITIAL id=ReadVersion uuid=1 sendCount=1/4 timeout=1000ms crc=B1 CD len=8
frame=01 04 00 18 00 01 B1 CD
[2026-04-17 09:31:34] [INFO] [接收-帧] 09:31:34.311 设备ID=12001 module=INITIAL id=ReadVersion uuid=1 len=7
frame=01 04 02 00 00 B9 30
[2026-04-17 09:31:34] [INFO] [发送] 09:31:34.311 设备ID=12001 module=PERIODIC id=ReadFoupStatus uuid=2 sendCount=1/1 timeout=1000ms crc=30 0C len=8
frame=01 04 00 00 00 09 30 0C
[2026-04-17 09:31:34] [INFO] [接收-帧] 09:31:34.362 设备ID=12001 module=PERIODIC id=ReadFoupStatus uuid=2 len=23
frame=01 04 12 91 C8 1D 5D 49 40 97 9B AD 2E B2 6D 1E EC A1 10 2F 96 B8 E3
[2026-04-17 09:31:35] [INFO] [发送] 09:31:35.352 设备ID=12001 module=PERIODIC id=ReadFoupStatus uuid=2 sendCount=1/1 timeout=1000ms crc=30 0C len=8
frame=01 04 00 00 00 09 30 0C
[2026-04-17 09:31:35] [INFO] [接收-帧] 09:31:35.460 设备ID=12001 module=PERIODIC id=ReadFoupStatus uuid=2 len=23
frame=01 04 12 DB A6 C0 93 D6 DF 3D 92 31 DF 87 51 32 A7 7E 30 07 95 DD 0A
[2026-04-17 09:31:36] [INFO] [发送] 09:31:36.447 设备ID=12001 module=PERIODIC id=ReadFoupStatus uuid=2 sendCount=1/1 timeout=1000ms crc=30 0C len=8
frame=01 04 00 00 00 09 30 0C
[2026-04-17 09:31:36] [INFO] [接收-帧] 09:31:36.547 设备ID=12001 module=PERIODIC id=ReadFoupStatus uuid=2 len=23
frame=01 04 12 E1 EB CB D6 AD 7A 57 04 C2 F3 05 F4 E6 20 F1 41 28 65 9F 5E
[2026-04-17 09:31:37] [INFO] [发送] 09:31:37.543 设备ID=12001 module=PERIODIC id=ReadFoupStatus uuid=2 sendCount=1/1 timeout=1000ms crc=30 0C len=8
frame=01 04 00 00 00 09 30 0C
[2026-04-17 09:31:37] [INFO] [接收-帧] 09:31:37.753 设备ID=12001 module=PERIODIC id=ReadFoupStatus uuid=2 len=23
frame=01 04 12 E3 66 43 8B 29 B1 89 CF 69 8B 1C 21 4F A3 E9 9D 06 E6 AB F0
[2026-04-17 09:31:38] [INFO] [发送] 09:31:38.745 设备ID=12001 module=PERIODIC id=ReadFoupStatus uuid=2 sendCount=1/1 timeout=1000ms crc=30 0C len=8
frame=01 04 00 00 00 09 30 0C
[2026-04-17 09:31:38] [INFO] [接收-帧] 09:31:38.849 设备ID=12001 module=PERIODIC id=ReadFoupStatus uuid=2 len=23
frame=01 04 12 80 CA 4D BD D7 4C CB 15 DD CF 36 AC 7C 75 3A 95 69 ED 14 56
[2026-04-17 09:31:39] [INFO] [发送] 09:31:39.840 设备ID=12001 module=PERIODIC id=ReadFoupStatus uuid=2 sendCount=1/1 timeout=1000ms crc=30 0C len=8
frame=01 04 00 00 00 09 30 0C
[2026-04-17 09:31:39] [INFO] [接收-帧] 09:31:39.946 设备ID=12001 module=PERIODIC id=ReadFoupStatus uuid=2 len=23
frame=01 04 12 18 B9 A1 69 3E 57 26 3F 71 16 32 ED 56 5F F4 28 60 E7 88 AF
[2026-04-17 09:31:40] [INFO] [发送] 09:31:40.953 设备ID=12001 module=PERIODIC id=ReadFoupStatus uuid=2 sendCount=1/1 timeout=1000ms crc=30 0C len=8
frame=01 04 00 00 00 09 30 0C
[2026-04-17 09:31:41] [INFO] [接收-帧] 09:31:41.036 设备ID=12001 module=PERIODIC id=ReadFoupStatus uuid=2 len=23
frame=01 04 12 1C BB 8E 42 BA 48 50 F0 83 57 77 0A 8F 74 A8 D1 DC 61 BB E1
[2026-04-17 09:31:42] [INFO] [发送] 09:31:42.031 设备ID=12001 module=PERIODIC id=ReadFoupStatus uuid=2 sendCount=1/1 timeout=1000ms crc=30 0C len=8
frame=01 04 00 00 00 09 30 0C
[2026-04-17 09:31:42] [INFO] [接收-帧] 09:31:42.133 设备ID=12001 module=PERIODIC id=ReadFoupStatus uuid=2 len=23
frame=01 04 12 07 9D 23 7B 91 7E D5 87 3B CB 9E DF C9 43 ED A5 60 CC 85 51
[2026-04-17 09:31:43] [INFO] [发送] 09:31:43.144 设备ID=12001 module=PERIODIC id=ReadFoupStatus uuid=2 sendCount=1/1 timeout=1000ms crc=30 0C len=8
frame=01 04 00 00 00 09 30 0C
[2026-04-17 09:31:43] [INFO] [接收-帧] 09:31:43.221 设备ID=12001 module=PERIODIC id=ReadFoupStatus uuid=2 len=23
frame=01 04 12 0B ED 73 93 A0 73 66 CF B2 AB AA BB A1 90 55 0F 97 BE BA C7
[2026-04-17 09:31:44] [INFO] [发送] 09:31:44.212 设备ID=12001 module=PERIODIC id=ReadFoupStatus uuid=2 sendCount=1/1 timeout=1000ms crc=30 0C len=8
frame=01 04 00 00 00 09 30 0C
[2026-04-17 09:31:44] [INFO] [接收-帧] 09:31:44.318 设备ID=12001 module=PERIODIC id=ReadFoupStatus uuid=2 len=23
frame=01 04 12 67 7E 38 A4 11 D6 2C 7D 71 93 C5 74 E7 A5 A2 A6 50 7A 0F 0D
[2026-04-17 09:31:45] [INFO] [发送] 09:31:45.311 设备ID=12001 module=PERIODIC id=ReadFoupStatus uuid=2 sendCount=1/1 timeout=1000ms crc=30 0C len=8
frame=01 04 00 00 00 09 30 0C
[2026-04-17 09:31:45] [INFO] [接收-帧] 09:31:45.413 设备ID=12001 module=PERIODIC id=ReadFoupStatus uuid=2 len=23
frame=01 04 12 38 B7 F6 53 AF 24 F3 B8 6A 63 EE 0A 20 D0 CA F4 D4 4E E1 BD
[2026-04-17 09:31:46] [INFO] [发送] 09:31:46.404 设备ID=12001 module=PERIODIC id=ReadFoupStatus uuid=2 sendCount=1/1 timeout=1000ms crc=30 0C len=8
frame=01 04 00 00 00 09 30 0C
[2026-04-17 09:31:46] [INFO] [接收-帧] 09:31:46.502 设备ID=12001 module=PERIODIC id=ReadFoupStatus uuid=2 len=23
frame=01 04 12 77 CD F2 E1 9C 8A EC A2 60 AD F9 AF 30 E7 9A 5B 6F 6D 9D A7
[2026-04-17 09:31:47] [INFO] [发送] 09:31:47.493 设备ID=12001 module=PERIODIC id=ReadFoupStatus uuid=2 sendCount=1/1 timeout=1000ms crc=30 0C len=8
frame=01 04 00 00 00 09 30 0C
[2026-04-17 09:31:47] [INFO] [接收-帧] 09:31:47.599 设备ID=12001 module=PERIODIC id=ReadFoupStatus uuid=2 len=23
frame=01 04 12 26 A6 C9 58 55 93 8B BC FD EA 7B BD 1D C5 26 6A 5E 71 F2 74
[2026-04-17 09:31:48] [INFO] [发送] 09:31:48.587 设备ID=12001 module=PERIODIC id=ReadFoupStatus uuid=2 sendCount=1/1 timeout=1000ms crc=30 0C len=8
frame=01 04 00 00 00 09 30 0C
[2026-04-17 09:31:48] [INFO] [接收-帧] 09:31:48.695 设备ID=12001 module=PERIODIC id=ReadFoupStatus uuid=2 len=23
frame=01 04 12 E7 2C 1B AA 57 BE 1A 32 45 90 79 62 24 70 E0 D1 1A DB FF 2B
[2026-04-17 09:31:49] [INFO] [发送] 09:31:49.680 设备ID=12001 module=PERIODIC id=ReadFoupStatus uuid=2 sendCount=1/1 timeout=1000ms crc=30 0C len=8
frame=01 04 00 00 00 09 30 0C
[2026-04-17 09:31:49] [INFO] [接收-帧] 09:31:49.785 设备ID=12001 module=PERIODIC id=ReadFoupStatus uuid=2 len=23
frame=01 04 12 8C 8E 06 DF FA 39 56 E4 AD 3E 18 A2 C3 C4 AC DD 4F 77 B1 E0
[2026-04-17 09:31:50] [INFO] [发送] 09:31:50.775 设备ID=12001 module=PERIODIC id=ReadFoupStatus uuid=2 sendCount=1/1 timeout=1000ms crc=30 0C len=8
frame=01 04 00 00 00 09 30 0C
[2026-04-17 09:31:50] [INFO] [接收-帧] 09:31:50.880 设备ID=12001 module=PERIODIC id=ReadFoupStatus uuid=2 len=23
frame=01 04 12 B2 D2 57 2B 33 E4 FB 9F 2F 7E EC F4 6D CD 9C 53 F6 4F 5F AA
[2026-04-17 09:31:51] [INFO] [发送] 09:31:51.871 设备ID=12001 module=PERIODIC id=ReadFoupStatus uuid=2 sendCount=1/1 timeout=1000ms crc=30 0C len=8
frame=01 04 00 00 00 09 30 0C
[2026-04-17 09:31:51] [INFO] [接收-帧] 09:31:51.972 设备ID=12001 module=PERIODIC id=ReadFoupStatus uuid=2 len=23
frame=01 04 12 D8 E7 EE F2 A8 A6 6A A7 3C FC A6 42 4D DD B5 2C D6 D0 3B 44
[2026-04-17 09:31:52] [INFO] [发送] 09:31:52.962 设备ID=12001 module=PERIODIC id=ReadFoupStatus uuid=2 sendCount=1/1 timeout=1000ms crc=30 0C len=8
frame=01 04 00 00 00 09 30 0C
[2026-04-17 09:31:53] [INFO] [接收-帧] 09:31:53.068 设备ID=12001 module=PERIODIC id=ReadFoupStatus uuid=2 len=23
frame=01 04 12 1E 56 27 C9 B6 DF 58 7A 2B 7D 48 FF B3 C6 32 31 8C 51 B5 E4
[2026-04-17 09:31:54] [INFO] [发送] 09:31:54.063 设备ID=12001 module=PERIODIC id=ReadFoupStatus uuid=2 sendCount=1/1 timeout=1000ms crc=30 0C len=8
frame=01 04 00 00 00 09 30 0C
[2026-04-17 09:31:54] [INFO] [接收-帧] 09:31:54.161 设备ID=12001 module=PERIODIC id=ReadFoupStatus uuid=2 len=23
frame=01 04 12 C2 74 49 E8 1E BB BB 18 44 BC 86 D8 13 BA 5E 20 78 BB 99 0A
[2026-04-17 09:31:55] [INFO] [发送] 09:31:55.153 设备ID=12001 module=PERIODIC id=ReadFoupStatus uuid=2 sendCount=1/1 timeout=1000ms crc=30 0C len=8
frame=01 04 00 00 00 09 30 0C
[2026-04-17 09:31:55] [INFO] [接收-帧] 09:31:55.256 设备ID=12001 module=PERIODIC id=ReadFoupStatus uuid=2 len=23
frame=01 04 12 9F 54 64 1A BD 88 4A 2C F0 FE 06 C7 C2 7B 9C BC 63 BD CF 20
[2026-04-17 09:31:56] [INFO] [发送] 09:31:56.245 设备ID=12001 module=PERIODIC id=ReadFoupStatus uuid=2 sendCount=1/1 timeout=1000ms crc=30 0C len=8
frame=01 04 00 00 00 09 30 0C
[2026-04-17 09:31:56] [INFO] [接收-帧] 09:31:56.354 设备ID=12001 module=PERIODIC id=ReadFoupStatus uuid=2 len=23
frame=01 04 12 40 6C C0 64 49 63 84 F2 50 74 57 22 4B E4 0C D5 2B 64 DC E2
[2026-04-17 09:31:57] [INFO] [发送] 09:31:57.357 设备ID=12001 module=PERIODIC id=ReadFoupStatus uuid=2 sendCount=1/1 timeout=1000ms crc=30 0C len=8
frame=01 04 00 00 00 09 30 0C
[2026-04-17 09:31:57] [INFO] [接收-帧] 09:31:57.451 设备ID=12001 module=PERIODIC id=ReadFoupStatus uuid=2 len=23
frame=01 04 12 A2 20 DC E7 DC C5 94 79 7E 98 64 F8 38 42 BE 3E EF 9E 66 7A
[2026-04-17 09:31:58] [INFO] [发送] 09:31:58.458 设备ID=12001 module=PERIODIC id=ReadFoupStatus uuid=2 sendCount=1/1 timeout=1000ms crc=30 0C len=8
frame=01 04 00 00 00 09 30 0C
[2026-04-17 09:31:58] [INFO] [接收-帧] 09:31:58.539 设备ID=12001 module=PERIODIC id=ReadFoupStatus uuid=2 len=23
frame=01 04 12 0C 55 C8 F7 ED 62 2C C4 FF DE 87 46 F6 10 2F EB 89 4B 58 63
[2026-04-17 09:31:59] [INFO] [发送] 09:31:59.542 设备ID=12001 module=PERIODIC id=ReadFoupStatus uuid=2 sendCount=1/1 timeout=1000ms crc=30 0C len=8
frame=01 04 00 00 00 09 30 0C
[2026-04-17 09:31:59] [INFO] [接收-帧] 09:31:59.628 设备ID=12001 module=PERIODIC id=ReadFoupStatus uuid=2 len=23
frame=01 04 12 47 98 28 F8 5F C1 12 A2 97 D7 FD 41 A0 C1 C2 80 AE B2 F5 C5
[2026-04-17 09:32:00] [INFO] [发送] 09:32:00.625 设备ID=12001 module=PERIODIC id=ReadFoupStatus uuid=2 sendCount=1/1 timeout=1000ms crc=30 0C len=8
frame=01 04 00 00 00 09 30 0C
[2026-04-17 09:32:00] [INFO] [接收-帧] 09:32:00.725 设备ID=12001 module=PERIODIC id=ReadFoupStatus uuid=2 len=23
frame=01 04 12 49 D9 60 0C 55 A8 69 1D 21 C7 05 DF 1D 7E 75 34 54 3A 11 4B
[2026-04-17 09:32:01] [INFO] [发送] 09:32:01.719 设备ID=12001 module=PERIODIC id=ReadFoupStatus uuid=2 sendCount=1/1 timeout=1000ms crc=30 0C len=8
frame=01 04 00 00 00 09 30 0C
[2026-04-17 09:32:01] [INFO] [接收-帧] 09:32:01.819 设备ID=12001 module=PERIODIC id=ReadFoupStatus uuid=2 len=23
frame=01 04 12 4D D2 E7 AD 1D 3C 79 C9 1A 80 4A F9 A7 0C E5 C4 22 DA D3 22
[2026-04-17 09:32:02] [INFO] [发送] 09:32:02.811 设备ID=12001 module=PERIODIC id=ReadFoupStatus uuid=2 sendCount=1/1 timeout=1000ms crc=30 0C len=8
frame=01 04 00 00 00 09 30 0C
[2026-04-17 09:32:02] [INFO] [接收-帧] 09:32:02.911 设备ID=12001 module=PERIODIC id=ReadFoupStatus uuid=2 len=23
frame=01 04 12 A9 76 93 EA 88 C1 C1 1A 91 96 B5 84 99 0D 12 A3 39 3C 3E FD
[2026-04-17 09:32:03] [INFO] [发送] 09:32:03.903 设备ID=12001 module=PERIODIC id=ReadFoupStatus uuid=2 sendCount=1/1 timeout=1000ms crc=30 0C len=8
frame=01 04 00 00 00 09 30 0C
[2026-04-17 09:32:04] [INFO] [接收-帧] 09:32:04.010 设备ID=12001 module=PERIODIC id=ReadFoupStatus uuid=2 len=23
frame=01 04 12 84 AE D6 E5 5A 65 27 C9 4D 50 15 ED 0A 2C 91 39 18 86 CC E3
