[2026-04-17 09:24:09] [INFO] [发送] 09:24:09.335 设备ID=12041 module=INITIAL id=ReadVersion uuid=81 sendCount=1/4 timeout=1000ms crc=B1 CD len=8
frame=01 04 00 18 00 01 B1 CD
[2026-04-17 09:24:10] [INFO] [接收-帧] 09:24:10.187 设备ID=12041 module=INITIAL id=ReadVersion uuid=81 len=7
frame=01 04 02 00 00 B9 30
[2026-04-17 09:24:10] [INFO] [发送] 09:24:10.187 设备ID=12041 module=PERIODIC id=ReadFoupStatus uuid=82 sendCount=1/1 timeout=1000ms crc=30 0C len=8
frame=01 04 00 00 00 09 30 0C
[2026-04-17 09:24:12] [INFO] [发送] 09:24:12.185 设备ID=12041 module=PERIODIC id=ReadFoupStatus uuid=82 sendCount=1/1 timeout=1000ms crc=30 0C len=8
frame=01 04 00 00 00 09 30 0C
[2026-04-17 09:24:14] [INFO] [发送] 09:24:14.287 设备ID=12041 module=PERIODIC id=ReadFoupStatus uuid=82 sendCount=1/1 timeout=1000ms crc=30 0C len=8
frame=01 04 00 00 00 09 30 0C
[2026-04-17 09:24:16] [INFO] [发送] 09:24:16.283 设备ID=12041 module=PERIODIC id=ReadFoupStatus uuid=82 sendCount=1/1 timeout=1000ms crc=30 0C len=8
frame=01 04 00 00 00 09 30 0C
[2026-04-17 09:24:18] [INFO] [发送] 09:24:18.278 设备ID=12041 module=PERIODIC id=ReadFoupStatus uuid=82 sendCount=1/1 timeout=1000ms crc=30 0C len=8
frame=01 04 00 00 00 09 30 0C
[2026-04-17 09:24:20] [INFO] [发送] 09:24:20.279 设备ID=12041 module=PERIODIC id=ReadFoupStatus uuid=82 sendCount=1/1 timeout=1000ms crc=30 0C len=8
frame=01 04 00 00 00 09 30 0C
[2026-04-17 09:24:22] [INFO] [发送] 09:24:22.294 设备ID=12041 module=PERIODIC id=ReadFoupStatus uuid=82 sendCount=1/1 timeout=1000ms crc=30 0C len=8
frame=01 04 00 00 00 09 30 0C
[2026-04-17 09:24:24] [INFO] [发送] 09:24:24.297 设备ID=12041 module=PERIODIC id=ReadFoupStatus uuid=82 sendCount=1/1 timeout=1000ms crc=30 0C len=8
frame=01 04 00 00 00 09 30 0C
[2026-04-17 09:24:26] [INFO] [发送] 09:24:26.305 设备ID=12041 module=PERIODIC id=ReadFoupStatus uuid=82 sendCount=1/1 timeout=1000ms crc=30 0C len=8
frame=01 04 00 00 00 09 30 0C
[2026-04-17 09:24:28] [INFO] [发送] 09:24:28.310 设备ID=12041 module=PERIODIC id=ReadFoupStatus uuid=82 sendCount=1/1 timeout=1000ms crc=30 0C len=8
frame=01 04 00 00 00 09 30 0C
[2026-04-17 09:24:32] [INFO] [发送] 09:24:32.738 设备ID=12041 module=PERIODIC id=ReadFoupStatus uuid=82 sendCount=1/1 timeout=1000ms crc=30 0C len=8
frame=01 04 00 00 00 09 30 0C
[2026-04-17 09:24:34] [INFO] [发送] 09:24:34.728 设备ID=12041 module=PERIODIC id=ReadFoupStatus uuid=82 sendCount=1/1 timeout=1000ms crc=30 0C len=8
frame=01 04 00 00 00 09 30 0C
[2026-04-17 09:24:36] [INFO] [发送] 09:24:36.728 设备ID=12041 module=PERIODIC id=ReadFoupStatus uuid=82 sendCount=1/1 timeout=1000ms crc=30 0C len=8
frame=01 04 00 00 00 09 30 0C
[2026-04-17 09:24:38] [INFO] [发送] 09:24:38.727 设备ID=12041 module=PERIODIC id=ReadFoupStatus uuid=82 sendCount=1/1 timeout=1000ms crc=30 0C len=8
frame=01 04 00 00 00 09 30 0C
[2026-04-17 09:24:40] [INFO] [发送] 09:24:40.733 设备ID=12041 module=PERIODIC id=ReadFoupStatus uuid=82 sendCount=1/1 timeout=1000ms crc=30 0C len=8
frame=01 04 00 00 00 09 30 0C
[2026-04-17 09:24:42] [INFO] [发送] 09:24:42.735 设备ID=12041 module=PERIODIC id=ReadFoupStatus uuid=82 sendCount=1/1 timeout=1000ms crc=30 0C len=8
frame=01 04 00 00 00 09 30 0C
[2026-04-17 09:24:44] [INFO] [发送] 09:24:44.732 设备ID=12041 module=PERIODIC id=ReadFoupStatus uuid=82 sendCount=1/1 timeout=1000ms crc=30 0C len=8
frame=01 04 00 00 00 09 30 0C
[2026-04-17 09:24:47] [INFO] [发送] 09:24:47.903 设备ID=12041 module=PERIODIC id=ReadFoupStatus uuid=82 sendCount=1/1 timeout=1000ms crc=30 0C len=8
frame=01 04 00 00 00 09 30 0C
[2026-04-17 09:24:48] [INFO] [接收-帧] 09:24:48.012 设备ID=12041 module=PERIODIC id=ReadFoupStatus uuid=82 len=23
frame=01 04 12 DD 2F 07 37 97 0C A3 49 C4 F3 E9 05 23 8F 65 4F 21 E9 E4 0B
[2026-04-17 09:24:49] [INFO] [发送] 09:24:49.016 设备ID=12041 module=PERIODIC id=ReadFoupStatus uuid=82 sendCount=1/1 timeout=1000ms crc=30 0C len=8
frame=01 04 00 00 00 09 30 0C
[2026-04-17 09:24:49] [INFO] [接收-帧] 09:24:49.111 设备ID=12041 module=PERIODIC id=ReadFoupStatus uuid=82 len=23
frame=01 04 12 61 99 75 D1 E8 A3 09 63 69 BA 5C 07 BC FD B5 DD 15 0D 20 84
[2026-04-17 09:24:50] [INFO] [发送] 09:24:50.108 设备ID=12041 module=PERIODIC id=ReadFoupStatus uuid=82 sendCount=1/1 timeout=1000ms crc=30 0C len=8
frame=01 04 00 00 00 09 30 0C
[2026-04-17 09:24:50] [INFO] [接收-帧] 09:24:50.209 设备ID=12041 module=PERIODIC id=ReadFoupStatus uuid=82 len=23
frame=01 04 12 F8 36 33 CA AA 60 CF A5 40 A1 DA B3 A7 A7 CC A1 AB 73 B4 EB
[2026-04-17 09:24:51] [INFO] [发送] 09:24:51.205 设备ID=12041 module=PERIODIC id=ReadFoupStatus uuid=82 sendCount=1/1 timeout=1000ms crc=30 0C len=8
frame=01 04 00 00 00 09 30 0C
[2026-04-17 09:24:51] [INFO] [接收-帧] 09:24:51.300 设备ID=12041 module=PERIODIC id=ReadFoupStatus uuid=82 len=23
frame=01 04 12 FC 6B B7 0C 3D 38 21 C4 D5 A6 4D 77 C5 65 6A 75 54 50 4E E3
[2026-04-17 09:24:52] [INFO] [发送] 09:24:52.304 设备ID=12041 module=PERIODIC id=ReadFoupStatus uuid=82 sendCount=1/1 timeout=1000ms crc=30 0C len=8
frame=01 04 00 00 00 09 30 0C
[2026-04-17 09:24:52] [INFO] [接收-帧] 09:24:52.396 设备ID=12041 module=PERIODIC id=ReadFoupStatus uuid=82 len=23
frame=01 04 12 74 D9 2D 37 A7 75 15 EB 1B 0F E7 63 DA A3 DF 06 6A 55 58 28
[2026-04-17 09:24:53] [INFO] [发送] 09:24:53.386 设备ID=12041 module=PERIODIC id=ReadFoupStatus uuid=82 sendCount=1/1 timeout=1000ms crc=30 0C len=8
frame=01 04 00 00 00 09 30 0C
[2026-04-17 09:24:53] [INFO] [接收-帧] 09:24:53.482 设备ID=12041 module=PERIODIC id=ReadFoupStatus uuid=82 len=23
frame=01 04 12 43 66 F0 BE A2 13 AC C0 7C E9 D5 70 E7 2A 7A 83 8E 96 3A C6
[2026-04-17 09:24:54] [INFO] [发送] 09:24:54.478 设备ID=12041 module=PERIODIC id=ReadFoupStatus uuid=82 sendCount=1/1 timeout=1000ms crc=30 0C len=8
frame=01 04 00 00 00 09 30 0C
[2026-04-17 09:24:54] [INFO] [接收-帧] 09:24:54.582 设备ID=12041 module=PERIODIC id=ReadFoupStatus uuid=82 len=23
frame=01 04 12 F4 F1 4B AF 28 CF 70 7A F6 F6 82 2C AC 28 11 D4 50 80 E0 A2
[2026-04-17 09:24:55] [INFO] [发送] 09:24:55.575 设备ID=12041 module=PERIODIC id=ReadFoupStatus uuid=82 sendCount=1/1 timeout=1000ms crc=30 0C len=8
frame=01 04 00 00 00 09 30 0C
[2026-04-17 09:24:55] [INFO] [接收-帧] 09:24:55.671 设备ID=12041 module=PERIODIC id=ReadFoupStatus uuid=82 len=23
frame=01 04 12 42 C5 2B 9B 2A A3 AA A1 50 65 05 90 03 40 1D 65 05 71 16 C1
[2026-04-17 09:24:56] [INFO] [发送] 09:24:56.665 设备ID=12041 module=PERIODIC id=ReadFoupStatus uuid=82 sendCount=1/1 timeout=1000ms crc=30 0C len=8
frame=01 04 00 00 00 09 30 0C
[2026-04-17 09:24:56] [INFO] [接收-帧] 09:24:56.765 设备ID=12041 module=PERIODIC id=ReadFoupStatus uuid=82 len=23
frame=01 04 12 AD 8E 0A 80 AB D5 3D 37 42 7F A1 97 81 29 F4 E9 C4 D3 3C F3
[2026-04-17 09:24:57] [INFO] [发送] 09:24:57.773 设备ID=12041 module=PERIODIC id=ReadFoupStatus uuid=82 sendCount=1/1 timeout=1000ms crc=30 0C len=8
frame=01 04 00 00 00 09 30 0C
[2026-04-17 09:24:57] [INFO] [接收-帧] 09:24:57.858 设备ID=12041 module=PERIODIC id=ReadFoupStatus uuid=82 len=23
frame=01 04 12 12 E5 89 23 C7 F2 BD 36 54 CF 10 3B DE 2C F4 17 2E A0 77 EB
[2026-04-17 09:24:58] [INFO] [发送] 09:24:58.854 设备ID=12041 module=PERIODIC id=ReadFoupStatus uuid=82 sendCount=1/1 timeout=1000ms crc=30 0C len=8
frame=01 04 00 00 00 09 30 0C
[2026-04-17 09:24:58] [INFO] [接收-帧] 09:24:58.950 设备ID=12041 module=PERIODIC id=ReadFoupStatus uuid=82 len=23
frame=01 04 12 B4 E8 B9 A9 E3 C9 25 1A 83 E7 4F CC 9C C7 87 83 96 12 FC D8
[2026-04-17 09:24:59] [INFO] [发送] 09:24:59.953 设备ID=12041 module=PERIODIC id=ReadFoupStatus uuid=82 sendCount=1/1 timeout=1000ms crc=30 0C len=8
frame=01 04 00 00 00 09 30 0C
[2026-04-17 09:25:00] [INFO] [接收-帧] 09:25:00.051 设备ID=12041 module=PERIODIC id=ReadFoupStatus uuid=82 len=23
frame=01 04 12 1D AD 03 4A 15 AD 7B 40 EA 0C 0B B4 37 06 92 01 A1 0B CC D2
[2026-04-17 09:25:01] [INFO] [发送] 09:25:01.045 设备ID=12041 module=PERIODIC id=ReadFoupStatus uuid=82 sendCount=1/1 timeout=1000ms crc=30 0C len=8
frame=01 04 00 00 00 09 30 0C
[2026-04-17 09:25:01] [INFO] [接收-帧] 09:25:01.141 设备ID=12041 module=PERIODIC id=ReadFoupStatus uuid=82 len=23
frame=01 04 12 4F 8E C3 B0 C0 80 80 28 EB 2E C2 64 70 D6 DD 23 AB A1 47 E6
[2026-04-17 09:25:02] [INFO] [发送] 09:25:02.149 设备ID=12041 module=PERIODIC id=ReadFoupStatus uuid=82 sendCount=1/1 timeout=1000ms crc=30 0C len=8
frame=01 04 00 00 00 09 30 0C
[2026-04-17 09:25:02] [INFO] [接收-帧] 09:25:02.237 设备ID=12041 module=PERIODIC id=ReadFoupStatus uuid=82 len=23
frame=01 04 12 63 4B AC 37 16 9B B1 BD 06 AC 25 18 F3 C0 E9 28 FE FD CD 24
[2026-04-17 09:25:03] [INFO] [发送] 09:25:03.235 设备ID=12041 module=PERIODIC id=ReadFoupStatus uuid=82 sendCount=1/1 timeout=1000ms crc=30 0C len=8
frame=01 04 00 00 00 09 30 0C
[2026-04-17 09:25:03] [INFO] [接收-帧] 09:25:03.330 设备ID=12041 module=PERIODIC id=ReadFoupStatus uuid=82 len=23
frame=01 04 12 58 9F C5 59 71 2F C7 A5 49 D4 83 FD 21 57 BF B5 FE BB 26 E3
[2026-04-17 09:25:04] [INFO] [发送] 09:25:04.327 设备ID=12041 module=PERIODIC id=ReadFoupStatus uuid=82 sendCount=1/1 timeout=1000ms crc=30 0C len=8
frame=01 04 00 00 00 09 30 0C
[2026-04-17 09:25:04] [INFO] [接收-帧] 09:25:04.421 设备ID=12041 module=PERIODIC id=ReadFoupStatus uuid=82 len=23
frame=01 04 12 FF 9E 33 03 7A CF F2 F3 DC 22 E1 32 C6 7D FC EB 6C 4E 88 C2
[2026-04-17 09:25:05] [INFO] [发送] 09:25:05.436 设备ID=12041 module=PERIODIC id=ReadFoupStatus uuid=82 sendCount=1/1 timeout=1000ms crc=30 0C len=8
frame=01 04 00 00 00 09 30 0C
[2026-04-17 09:25:05] [INFO] [接收-帧] 09:25:05.531 设备ID=12041 module=PERIODIC id=ReadFoupStatus uuid=82 len=23
frame=01 04 12 43 52 97 73 C2 5A 65 CB 04 06 D6 50 8B 84 1D 27 BA 5C F0 C1
[2026-04-17 09:25:06] [INFO] [发送] 09:25:06.533 设备ID=12041 module=PERIODIC id=ReadFoupStatus uuid=82 sendCount=1/1 timeout=1000ms crc=30 0C len=8
frame=01 04 00 00 00 09 30 0C
[2026-04-17 09:25:06] [INFO] [接收-帧] 09:25:06.610 设备ID=12041 module=PERIODIC id=ReadFoupStatus uuid=82 len=23
frame=01 04 12 1D 49 DF 7C 18 7D BC 22 32 45 B5 89 A3 82 02 D2 59 1B D3 D1
[2026-04-17 09:25:07] [INFO] [发送] 09:25:07.602 设备ID=12041 module=PERIODIC id=ReadFoupStatus uuid=82 sendCount=1/1 timeout=1000ms crc=30 0C len=8
frame=01 04 00 00 00 09 30 0C
[2026-04-17 09:25:07] [INFO] [接收-帧] 09:25:07.701 设备ID=12041 module=PERIODIC id=ReadFoupStatus uuid=82 len=23
frame=01 04 12 BB A4 3B BF BE 4F F7 C4 48 92 90 21 3B 6B F8 BE 2E 4B AD 6B
[2026-04-17 09:25:08] [INFO] [发送] 09:25:08.701 设备ID=12041 module=PERIODIC id=ReadFoupStatus uuid=82 sendCount=1/1 timeout=1000ms crc=30 0C len=8
frame=01 04 00 00 00 09 30 0C
[2026-04-17 09:25:08] [INFO] [接收-帧] 09:25:08.799 设备ID=12041 module=PERIODIC id=ReadFoupStatus uuid=82 len=23
frame=01 04 12 AB 81 52 43 16 A9 68 10 FB 61 D0 8B 0A C2 1F 9F D9 C0 D4 A5
[2026-04-17 09:25:09] [INFO] [发送] 09:25:09.794 设备ID=12041 module=PERIODIC id=ReadFoupStatus uuid=82 sendCount=1/1 timeout=1000ms crc=30 0C len=8
frame=01 04 00 00 00 09 30 0C
[2026-04-17 09:25:09] [INFO] [接收-帧] 09:25:09.892 设备ID=12041 module=PERIODIC id=ReadFoupStatus uuid=82 len=23
frame=01 04 12 1D 5B 9E D8 7B 30 30 DC 4D 72 20 57 D7 B2 B2 28 50 21 FD 72
[2026-04-17 09:25:10] [INFO] [发送] 09:25:10.887 设备ID=12041 module=PERIODIC id=ReadFoupStatus uuid=82 sendCount=1/1 timeout=1000ms crc=30 0C len=8
frame=01 04 00 00 00 09 30 0C
[2026-04-17 09:25:10] [INFO] [接收-帧] 09:25:10.984 设备ID=12041 module=PERIODIC id=ReadFoupStatus uuid=82 len=23
frame=01 04 12 0D 21 A0 54 A3 B8 70 7F 24 5A 32 FC 23 2A 40 B4 2D 7D 82 2B
[2026-04-17 09:25:11] [INFO] [发送] 09:25:11.981 设备ID=12041 module=PERIODIC id=ReadFoupStatus uuid=82 sendCount=1/1 timeout=1000ms crc=30 0C len=8
frame=01 04 00 00 00 09 30 0C
[2026-04-17 09:25:12] [INFO] [接收-帧] 09:25:12.076 设备ID=12041 module=PERIODIC id=ReadFoupStatus uuid=82 len=23
frame=01 04 12 2F 4A B3 1D D4 19 63 FF C4 2C 09 38 C0 55 ED A8 B1 F2 6D 18
[2026-04-17 09:25:13] [INFO] [发送] 09:25:13.082 设备ID=12041 module=PERIODIC id=ReadFoupStatus uuid=82 sendCount=1/1 timeout=1000ms crc=30 0C len=8
frame=01 04 00 00 00 09 30 0C
[2026-04-17 09:25:13] [INFO] [接收-帧] 09:25:13.172 设备ID=12041 module=PERIODIC id=ReadFoupStatus uuid=82 len=23
frame=01 04 12 F8 2C C1 14 94 4B 73 21 C7 AD E1 88 A7 0B 16 7C BE 6D 2E CC
[2026-04-17 09:25:14] [INFO] [发送] 09:25:14.166 设备ID=12041 module=PERIODIC id=ReadFoupStatus uuid=82 sendCount=1/1 timeout=1000ms crc=30 0C len=8
frame=01 04 00 00 00 09 30 0C
[2026-04-17 09:25:14] [INFO] [接收-帧] 09:25:14.262 设备ID=12041 module=PERIODIC id=ReadFoupStatus uuid=82 len=23
frame=01 04 12 91 C9 EB 6F 29 36 DD 78 65 E0 47 7A A0 A7 E7 E7 48 90 8A E7
[2026-04-17 09:25:15] [INFO] [发送] 09:25:15.263 设备ID=12041 module=PERIODIC id=ReadFoupStatus uuid=82 sendCount=1/1 timeout=1000ms crc=30 0C len=8
frame=01 04 00 00 00 09 30 0C
[2026-04-17 09:25:15] [INFO] [接收-帧] 09:25:15.359 设备ID=12041 module=PERIODIC id=ReadFoupStatus uuid=82 len=23
frame=01 04 12 E3 47 DB 66 08 22 35 77 AC AD B8 FC 1D 20 B5 EE 8F 4A 03 B3
[2026-04-17 09:25:16] [INFO] [发送] 09:25:16.356 设备ID=12041 module=PERIODIC id=ReadFoupStatus uuid=82 sendCount=1/1 timeout=1000ms crc=30 0C len=8
frame=01 04 00 00 00 09 30 0C
[2026-04-17 09:25:16] [INFO] [接收-帧] 09:25:16.458 设备ID=12041 module=PERIODIC id=ReadFoupStatus uuid=82 len=23
frame=01 04 12 12 F6 1A 80 35 ED 73 8A F4 02 B0 EF B2 FC 4C 1B 14 9F F1 5C
[2026-04-17 09:25:17] [INFO] [发送] 09:25:17.447 设备ID=12041 module=PERIODIC id=ReadFoupStatus uuid=82 sendCount=1/1 timeout=1000ms crc=30 0C len=8
frame=01 04 00 00 00 09 30 0C
[2026-04-17 09:25:17] [INFO] [接收-帧] 09:25:17.543 设备ID=12041 module=PERIODIC id=ReadFoupStatus uuid=82 len=23
frame=01 04 12 C4 72 C9 89 37 DD 8D 32 4A AE DE FD 3B AA 6D 83 71 EE 03 9A
[2026-04-17 09:25:18] [INFO] [发送] 09:25:18.546 设备ID=12041 module=PERIODIC id=ReadFoupStatus uuid=82 sendCount=1/1 timeout=1000ms crc=30 0C len=8
frame=01 04 00 00 00 09 30 0C
[2026-04-17 09:25:18] [INFO] [接收-帧] 09:25:18.643 设备ID=12041 module=PERIODIC id=ReadFoupStatus uuid=82 len=23
frame=01 04 12 70 47 92 0D 36 3E C9 92 90 8B 9C 79 18 0C 95 FD 4E CB 58 0B
[2026-04-17 09:25:19] [INFO] [发送] 09:25:19.647 设备ID=12041 module=PERIODIC id=ReadFoupStatus uuid=82 sendCount=1/1 timeout=1000ms crc=30 0C len=8
frame=01 04 00 00 00 09 30 0C
[2026-04-17 09:25:19] [INFO] [接收-帧] 09:25:19.777 设备ID=12041 module=PERIODIC id=ReadFoupStatus uuid=82 len=23
frame=01 04 12 15 33 D4 1D C6 00 CA 1E 46 1E 20 57 30 2F 69 19 DD 36 0A BE
[2026-04-17 09:25:20] [INFO] [发送] 09:25:20.782 设备ID=12041 module=PERIODIC id=ReadFoupStatus uuid=82 sendCount=1/1 timeout=1000ms crc=30 0C len=8
frame=01 04 00 00 00 09 30 0C
[2026-04-17 09:25:20] [INFO] [接收-帧] 09:25:20.845 设备ID=12041 module=PERIODIC id=ReadFoupStatus uuid=82 len=23
frame=01 04 12 04 A8 AC DE F5 2D A6 FD C2 41 E1 F3 BE 31 ED CD A6 1F 9C 70
[2026-04-17 09:25:21] [INFO] [发送] 09:25:21.849 设备ID=12041 module=PERIODIC id=ReadFoupStatus uuid=82 sendCount=1/1 timeout=1000ms crc=30 0C len=8
frame=01 04 00 00 00 09 30 0C
[2026-04-17 09:25:21] [INFO] [接收-帧] 09:25:21.926 设备ID=12041 module=PERIODIC id=ReadFoupStatus uuid=82 len=23
frame=01 04 12 11 A8 CD E9 C2 FD 5F 1D 3C 6B 73 8F EC DC 56 5D 9F 85 B6 1C
[2026-04-17 09:25:22] [INFO] [发送] 09:25:22.916 设备ID=12041 module=PERIODIC id=ReadFoupStatus uuid=82 sendCount=1/1 timeout=1000ms crc=30 0C len=8
frame=01 04 00 00 00 09 30 0C
[2026-04-17 09:25:23] [INFO] [接收-帧] 09:25:23.019 设备ID=12041 module=PERIODIC id=ReadFoupStatus uuid=82 len=23
frame=01 04 12 45 EB C4 B8 81 76 AC 72 F0 64 57 B0 96 68 A1 B9 4E 7D 82 A1
[2026-04-17 09:25:24] [INFO] [发送] 09:25:24.016 设备ID=12041 module=PERIODIC id=ReadFoupStatus uuid=82 sendCount=1/1 timeout=1000ms crc=30 0C len=8
frame=01 04 00 00 00 09 30 0C
[2026-04-17 09:25:24] [INFO] [接收-帧] 09:25:24.107 设备ID=12041 module=PERIODIC id=ReadFoupStatus uuid=82 len=23
frame=01 04 12 F2 B7 BC 92 7F 57 2F 34 FD DB FA FC 06 B1 A7 26 F2 A4 89 67
[2026-04-17 09:25:25] [INFO] [发送] 09:25:25.107 设备ID=12041 module=PERIODIC id=ReadFoupStatus uuid=82 sendCount=1/1 timeout=1000ms crc=30 0C len=8
frame=01 04 00 00 00 09 30 0C
[2026-04-17 09:25:25] [INFO] [接收-帧] 09:25:25.203 设备ID=12041 module=PERIODIC id=ReadFoupStatus uuid=82 len=23
frame=01 04 12 D3 13 A5 9F F7 A7 BA FA 56 08 FE 30 2C 6F A2 71 38 AC 9A 3C
[2026-04-17 09:25:26] [INFO] [发送] 09:25:26.206 设备ID=12041 module=PERIODIC id=ReadFoupStatus uuid=82 sendCount=1/1 timeout=1000ms crc=30 0C len=8
frame=01 04 00 00 00 09 30 0C
[2026-04-17 09:25:26] [INFO] [接收-帧] 09:25:26.299 设备ID=12041 module=PERIODIC id=ReadFoupStatus uuid=82 len=23
frame=01 04 12 01 96 01 6C 5F C9 60 E2 3D CF D4 4C 07 6F B2 67 CB 03 FE 27
[2026-04-17 09:25:27] [INFO] [发送] 09:25:27.299 设备ID=12041 module=PERIODIC id=ReadFoupStatus uuid=82 sendCount=1/1 timeout=1000ms crc=30 0C len=8
frame=01 04 00 00 00 09 30 0C
[2026-04-17 09:25:27] [INFO] [接收-帧] 09:25:27.393 设备ID=12041 module=PERIODIC id=ReadFoupStatus uuid=82 len=23
frame=01 04 12 8E F4 43 9D 90 06 BE 63 F7 AE B0 21 83 29 E6 51 C1 F6 2A 24
[2026-04-17 09:25:28] [INFO] [发送] 09:25:28.388 设备ID=12041 module=PERIODIC id=ReadFoupStatus uuid=82 sendCount=1/1 timeout=1000ms crc=30 0C len=8
frame=01 04 00 00 00 09 30 0C
[2026-04-17 09:25:28] [INFO] [接收-帧] 09:25:28.483 设备ID=12041 module=PERIODIC id=ReadFoupStatus uuid=82 len=23
frame=01 04 12 EE 8D 2A 13 8A BA 01 A7 74 00 DE AB 75 64 12 C8 8A F2 2E CF
[2026-04-17 09:25:29] [INFO] [发送] 09:25:29.492 设备ID=12041 module=PERIODIC id=ReadFoupStatus uuid=82 sendCount=1/1 timeout=1000ms crc=30 0C len=8
frame=01 04 00 00 00 09 30 0C
[2026-04-17 09:25:29] [INFO] [接收-帧] 09:25:29.578 设备ID=12041 module=PERIODIC id=ReadFoupStatus uuid=82 len=23
frame=01 04 12 2F 8A 19 A6 19 B1 D6 F7 7D DF 47 D2 8A A1 29 6B BE B4 F0 31
[2026-04-17 09:25:30] [INFO] [发送] 09:25:30.581 设备ID=12041 module=PERIODIC id=ReadFoupStatus uuid=82 sendCount=1/1 timeout=1000ms crc=30 0C len=8
frame=01 04 00 00 00 09 30 0C
[2026-04-17 09:25:30] [INFO] [接收-帧] 09:25:30.671 设备ID=12041 module=PERIODIC id=ReadFoupStatus uuid=82 len=23
frame=01 04 12 CD 7F 29 7F 70 01 BF C8 2A 90 35 AB B5 28 92 D4 4A DC 9E EF
[2026-04-17 09:25:31] [INFO] [发送] 09:25:31.670 设备ID=12041 module=PERIODIC id=ReadFoupStatus uuid=82 sendCount=1/1 timeout=1000ms crc=30 0C len=8
frame=01 04 00 00 00 09 30 0C
[2026-04-17 09:25:31] [INFO] [接收-帧] 09:25:31.769 设备ID=12041 module=PERIODIC id=ReadFoupStatus uuid=82 len=23
frame=01 04 12 43 56 46 49 C3 A6 6E D5 46 4D 56 92 FC A4 11 80 E7 5D 8A F2
[2026-04-17 09:25:32] [INFO] [发送] 09:25:32.760 设备ID=12041 module=PERIODIC id=ReadFoupStatus uuid=82 sendCount=1/1 timeout=1000ms crc=30 0C len=8
frame=01 04 00 00 00 09 30 0C
[2026-04-17 09:25:32] [INFO] [接收-帧] 09:25:32.857 设备ID=12041 module=PERIODIC id=ReadFoupStatus uuid=82 len=23
frame=01 04 12 F6 28 0B 72 3F 1D 07 C0 4E 19 15 95 4D 9C 19 5C 29 96 E3 45
[2026-04-17 09:25:33] [INFO] [发送] 09:25:33.853 设备ID=12041 module=PERIODIC id=ReadFoupStatus uuid=82 sendCount=1/1 timeout=1000ms crc=30 0C len=8
frame=01 04 00 00 00 09 30 0C
[2026-04-17 09:25:33] [INFO] [接收-帧] 09:25:33.954 设备ID=12041 module=PERIODIC id=ReadFoupStatus uuid=82 len=23
frame=01 04 12 99 E4 5E 1C 39 43 67 28 1A 47 BF 6B 2D 83 17 B6 A0 97 19 DA
[2026-04-17 09:25:34] [INFO] [发送] 09:25:34.948 设备ID=12041 module=PERIODIC id=ReadFoupStatus uuid=82 sendCount=1/1 timeout=1000ms crc=30 0C len=8
frame=01 04 00 00 00 09 30 0C
[2026-04-17 09:25:35] [INFO] [接收-帧] 09:25:35.051 设备ID=12041 module=PERIODIC id=ReadFoupStatus uuid=82 len=23
frame=01 04 12 9B FC 3C E2 EC A5 77 F2 68 43 5A B4 C0 94 47 64 4E 4A 20 1F
[2026-04-17 09:25:36] [INFO] [发送] 09:25:36.050 设备ID=12041 module=PERIODIC id=ReadFoupStatus uuid=82 sendCount=1/1 timeout=1000ms crc=30 0C len=8
frame=01 04 00 00 00 09 30 0C
[2026-04-17 09:25:36] [INFO] [接收-帧] 09:25:36.143 设备ID=12041 module=PERIODIC id=ReadFoupStatus uuid=82 len=23
frame=01 04 12 54 58 DE 19 B9 3A CA DD DD D5 8E B5 6B 7F 53 94 B6 3B E5 6A
[2026-04-17 09:25:37] [INFO] [发送] 09:25:37.137 设备ID=12041 module=PERIODIC id=ReadFoupStatus uuid=82 sendCount=1/1 timeout=1000ms crc=30 0C len=8
frame=01 04 00 00 00 09 30 0C
[2026-04-17 09:25:37] [INFO] [接收-帧] 09:25:37.236 设备ID=12041 module=PERIODIC id=ReadFoupStatus uuid=82 len=23
frame=01 04 12 F2 78 36 05 15 E7 49 C7 6F B0 46 D6 11 18 8F CE 58 F6 59 C5
[2026-04-17 09:25:38] [INFO] [发送] 09:25:38.230 设备ID=12041 module=PERIODIC id=ReadFoupStatus uuid=82 sendCount=1/1 timeout=1000ms crc=30 0C len=8
frame=01 04 00 00 00 09 30 0C
[2026-04-17 09:25:38] [INFO] [接收-帧] 09:25:38.326 设备ID=12041 module=PERIODIC id=ReadFoupStatus uuid=82 len=23
frame=01 04 12 E2 F4 64 E5 FD 39 19 50 1B 3D 82 5D EA D9 50 18 35 5D 91 E5
[2026-04-17 09:25:39] [INFO] [发送] 09:25:39.324 设备ID=12041 module=PERIODIC id=ReadFoupStatus uuid=82 sendCount=1/1 timeout=1000ms crc=30 0C len=8
frame=01 04 00 00 00 09 30 0C
[2026-04-17 09:25:39] [INFO] [接收-帧] 09:25:39.425 设备ID=12041 module=PERIODIC id=ReadFoupStatus uuid=82 len=23
frame=01 04 12 97 42 46 3C C2 98 3D 5D 9D 98 52 6E 13 3C 05 9A 00 3D AB 49
[2026-04-17 09:25:40] [INFO] [发送] 09:25:40.427 设备ID=12041 module=PERIODIC id=ReadFoupStatus uuid=82 sendCount=1/1 timeout=1000ms crc=30 0C len=8
frame=01 04 00 00 00 09 30 0C
[2026-04-17 09:25:40] [INFO] [接收-帧] 09:25:40.514 设备ID=12041 module=PERIODIC id=ReadFoupStatus uuid=82 len=23
frame=01 04 12 D4 CA 72 E1 BF 5F C0 D7 95 24 8E 6D FF 7A C2 A0 0F 8B 2B F6
[2026-04-17 09:25:41] [INFO] [发送] 09:25:41.509 设备ID=12041 module=PERIODIC id=ReadFoupStatus uuid=82 sendCount=1/1 timeout=1000ms crc=30 0C len=8
frame=01 04 00 00 00 09 30 0C
[2026-04-17 09:25:41] [INFO] [接收-帧] 09:25:41.611 设备ID=12041 module=PERIODIC id=ReadFoupStatus uuid=82 len=23
frame=01 04 12 67 42 17 28 28 9B A9 0D F0 C7 79 41 B2 0A D5 2F E2 9A EF E8
[2026-04-17 09:25:42] [INFO] [发送] 09:25:42.609 设备ID=12041 module=PERIODIC id=ReadFoupStatus uuid=82 sendCount=1/1 timeout=1000ms crc=30 0C len=8
frame=01 04 00 00 00 09 30 0C
[2026-04-17 09:25:42] [INFO] [接收-帧] 09:25:42.705 设备ID=12041 module=PERIODIC id=ReadFoupStatus uuid=82 len=23
frame=01 04 12 FA 51 BD F4 95 60 B3 73 C7 F1 CF 3B C4 52 26 33 54 99 5F B5
[2026-04-17 09:25:43] [INFO] [发送] 09:25:43.702 设备ID=12041 module=PERIODIC id=ReadFoupStatus uuid=82 sendCount=1/1 timeout=1000ms crc=30 0C len=8
frame=01 04 00 00 00 09 30 0C
[2026-04-17 09:25:43] [INFO] [接收-帧] 09:25:43.798 设备ID=12041 module=PERIODIC id=ReadFoupStatus uuid=82 len=23
frame=01 04 12 A2 84 8C 25 0F 6F 4D 6E 50 C1 C5 16 1A E8 A2 99 BA 58 DC C7
[2026-04-17 09:25:44] [INFO] [发送] 09:25:44.790 设备ID=12041 module=PERIODIC id=ReadFoupStatus uuid=82 sendCount=1/1 timeout=1000ms crc=30 0C len=8
frame=01 04 00 00 00 09 30 0C
[2026-04-17 09:25:44] [INFO] [接收-帧] 09:25:44.894 设备ID=12041 module=PERIODIC id=ReadFoupStatus uuid=82 len=23
frame=01 04 12 8E BF AE 03 A1 AB 71 91 A4 BC 7E 68 B8 54 C9 07 9B E7 4B 5B
[2026-04-17 09:25:45] [INFO] [发送] 09:25:45.892 设备ID=12041 module=PERIODIC id=ReadFoupStatus uuid=82 sendCount=1/1 timeout=1000ms crc=30 0C len=8
frame=01 04 00 00 00 09 30 0C
[2026-04-17 09:25:45] [INFO] [接收-帧] 09:25:45.986 设备ID=12041 module=PERIODIC id=ReadFoupStatus uuid=82 len=23
frame=01 04 12 81 86 E5 C3 2F 3C DC 39 AB 4F AE FA C5 48 6B 3D 5B 0B 19 E8
[2026-04-17 09:25:46] [INFO] [发送] 09:25:46.994 设备ID=12041 module=PERIODIC id=ReadFoupStatus uuid=82 sendCount=1/1 timeout=1000ms crc=30 0C len=8
frame=01 04 00 00 00 09 30 0C
[2026-04-17 09:25:47] [INFO] [接收-帧] 09:25:47.079 设备ID=12041 module=PERIODIC id=ReadFoupStatus uuid=82 len=23
frame=01 04 12 9D FA 47 E7 42 07 3B DE ED 8C D1 C7 66 09 49 00 18 C8 2D 20
[2026-04-17 09:25:48] [INFO] [发送] 09:25:48.075 设备ID=12041 module=PERIODIC id=ReadFoupStatus uuid=82 sendCount=1/1 timeout=1000ms crc=30 0C len=8
frame=01 04 00 00 00 09 30 0C
[2026-04-17 09:25:48] [INFO] [接收-帧] 09:25:48.177 设备ID=12041 module=PERIODIC id=ReadFoupStatus uuid=82 len=23
frame=01 04 12 19 E0 56 F2 4D A6 8D 8C E5 0B BD 20 3F DC EE AB 51 98 89 21
[2026-04-17 09:25:49] [INFO] [发送] 09:25:49.178 设备ID=12041 module=PERIODIC id=ReadFoupStatus uuid=82 sendCount=1/1 timeout=1000ms crc=30 0C len=8
frame=01 04 00 00 00 09 30 0C
[2026-04-17 09:25:49] [INFO] [接收-帧] 09:25:49.266 设备ID=12041 module=PERIODIC id=ReadFoupStatus uuid=82 len=23
frame=01 04 12 32 70 81 CD 51 04 B8 8C C9 D4 C3 CF 52 AC B5 B4 85 7D 5A 34
[2026-04-17 09:25:50] [INFO] [发送] 09:25:50.262 设备ID=12041 module=PERIODIC id=ReadFoupStatus uuid=82 sendCount=1/1 timeout=1000ms crc=30 0C len=8
frame=01 04 00 00 00 09 30 0C
[2026-04-17 09:25:50] [INFO] [接收-帧] 09:25:50.362 设备ID=12041 module=PERIODIC id=ReadFoupStatus uuid=82 len=23
frame=01 04 12 66 CC 0A 37 38 C3 24 4D 0D 52 2B F2 5C 19 50 EA D7 1A E5 67
[2026-04-17 09:25:51] [INFO] [发送] 09:25:51.353 设备ID=12041 module=PERIODIC id=ReadFoupStatus uuid=82 sendCount=1/1 timeout=1000ms crc=30 0C len=8
frame=01 04 00 00 00 09 30 0C
[2026-04-17 09:25:51] [INFO] [接收-帧] 09:25:51.458 设备ID=12041 module=PERIODIC id=ReadFoupStatus uuid=82 len=23
frame=01 04 12 CA 1F 29 F8 F3 E1 73 54 DE 4E CD FC 28 4F 79 E8 FD 02 7B 96
[2026-04-17 09:25:52] [INFO] [发送] 09:25:52.458 设备ID=12041 module=PERIODIC id=ReadFoupStatus uuid=82 sendCount=1/1 timeout=1000ms crc=30 0C len=8
frame=01 04 00 00 00 09 30 0C
[2026-04-17 09:25:52] [INFO] [接收-帧] 09:25:52.571 设备ID=12041 module=PERIODIC id=ReadFoupStatus uuid=82 len=23
frame=01 04 12 B1 CD BF BC 9E 83 3F 37 F4 AE 40 1F 77 8E 35 01 FA 0B 89 BF
[2026-04-17 09:25:53] [INFO] [发送] 09:25:53.574 设备ID=12041 module=PERIODIC id=ReadFoupStatus uuid=82 sendCount=1/1 timeout=1000ms crc=30 0C len=8
frame=01 04 00 00 00 09 30 0C
[2026-04-17 09:25:53] [INFO] [接收-帧] 09:25:53.637 设备ID=12041 module=PERIODIC id=ReadFoupStatus uuid=82 len=23
frame=01 04 12 FD 37 6D FF 3B 6E 7A B7 64 5E 3E 7C F1 18 60 32 C3 B1 7C 51
[2026-04-17 09:25:54] [INFO] [发送] 09:25:54.636 设备ID=12041 module=PERIODIC id=ReadFoupStatus uuid=82 sendCount=1/1 timeout=1000ms crc=30 0C len=8
frame=01 04 00 00 00 09 30 0C
[2026-04-17 09:25:54] [INFO] [接收-帧] 09:25:54.737 设备ID=12041 module=PERIODIC id=ReadFoupStatus uuid=82 len=23
frame=01 04 12 6C E6 0E A8 4E EB 39 B7 5D DD 07 EC E0 E6 5D D0 D8 78 4A 7C
[2026-04-17 09:25:55] [INFO] [发送] 09:25:55.728 设备ID=12041 module=PERIODIC id=ReadFoupStatus uuid=82 sendCount=1/1 timeout=1000ms crc=30 0C len=8
frame=01 04 00 00 00 09 30 0C
[2026-04-17 09:25:55] [INFO] [接收-帧] 09:25:55.829 设备ID=12041 module=PERIODIC id=ReadFoupStatus uuid=82 len=23
frame=01 04 12 BE E6 73 1B BB 91 86 C0 C2 60 B2 A5 CB 48 03 75 EE AC C6 0B
[2026-04-17 09:25:56] [INFO] [发送] 09:25:56.824 设备ID=12041 module=PERIODIC id=ReadFoupStatus uuid=82 sendCount=1/1 timeout=1000ms crc=30 0C len=8
frame=01 04 00 00 00 09 30 0C
[2026-04-17 09:25:56] [INFO] [接收-帧] 09:25:56.922 设备ID=12041 module=PERIODIC id=ReadFoupStatus uuid=82 len=23
frame=01 04 12 FC A2 A9 40 40 DB D9 92 D6 64 D2 71 19 58 AB E5 70 A0 78 D2
[2026-04-17 09:25:57] [INFO] [发送] 09:25:57.918 设备ID=12041 module=PERIODIC id=ReadFoupStatus uuid=82 sendCount=1/1 timeout=1000ms crc=30 0C len=8
frame=01 04 00 00 00 09 30 0C
[2026-04-17 09:25:58] [INFO] [接收-帧] 09:25:58.019 设备ID=12041 module=PERIODIC id=ReadFoupStatus uuid=82 len=23
frame=01 04 12 2F B4 DE 10 6A 12 C9 19 3E 0D B7 9C 0B 27 88 1F 34 D4 A1 07
[2026-04-17 09:25:59] [INFO] [发送] 09:25:59.011 设备ID=12041 module=PERIODIC id=ReadFoupStatus uuid=82 sendCount=1/1 timeout=1000ms crc=30 0C len=8
frame=01 04 00 00 00 09 30 0C
[2026-04-17 09:25:59] [INFO] [接收-帧] 09:25:59.110 设备ID=12041 module=PERIODIC id=ReadFoupStatus uuid=82 len=23
frame=01 04 12 A2 A3 AE A6 9C 22 2C CB 60 A5 B6 57 6E F1 42 E4 48 99 84 21
[2026-04-17 09:26:00] [INFO] [发送] 09:26:00.120 设备ID=12041 module=PERIODIC id=ReadFoupStatus uuid=82 sendCount=1/1 timeout=1000ms crc=30 0C len=8
frame=01 04 00 00 00 09 30 0C
[2026-04-17 09:26:00] [INFO] [接收-帧] 09:26:00.202 设备ID=12041 module=PERIODIC id=ReadFoupStatus uuid=82 len=23
frame=01 04 12 61 70 36 54 4D 28 AD D9 A6 0F 7A E6 6B 18 CF 34 58 FD 20 17
[2026-04-17 09:26:01] [INFO] [发送] 09:26:01.200 设备ID=12041 module=PERIODIC id=ReadFoupStatus uuid=82 sendCount=1/1 timeout=1000ms crc=30 0C len=8
frame=01 04 00 00 00 09 30 0C
[2026-04-17 09:26:01] [INFO] [接收-帧] 09:26:01.294 设备ID=12041 module=PERIODIC id=ReadFoupStatus uuid=82 len=23
frame=01 04 12 C0 B3 8F 08 4D 2B 7A D8 31 DB 13 8A 80 D2 AA 69 AE 30 DE 52
[2026-04-17 09:26:02] [INFO] [发送] 09:26:02.294 设备ID=12041 module=PERIODIC id=ReadFoupStatus uuid=82 sendCount=1/1 timeout=1000ms crc=30 0C len=8
frame=01 04 00 00 00 09 30 0C
[2026-04-17 09:26:02] [INFO] [接收-帧] 09:26:02.393 设备ID=12041 module=PERIODIC id=ReadFoupStatus uuid=82 len=23
frame=01 04 12 16 A7 FA 8E 09 6A BE 6B 11 01 43 9B 78 04 7C 9E A2 56 0C 36
[2026-04-17 09:26:03] [INFO] [发送] 09:26:03.394 设备ID=12041 module=PERIODIC id=ReadFoupStatus uuid=82 sendCount=1/1 timeout=1000ms crc=30 0C len=8
frame=01 04 00 00 00 09 30 0C
[2026-04-17 09:26:03] [INFO] [接收-帧] 09:26:03.487 设备ID=12041 module=PERIODIC id=ReadFoupStatus uuid=82 len=23
frame=01 04 12 ED CC 91 56 51 C9 22 7B C5 2B B5 C6 FD D1 FB DA E3 E6 14 55
[2026-04-17 09:26:04] [INFO] [发送] 09:26:04.479 设备ID=12041 module=PERIODIC id=ReadFoupStatus uuid=82 sendCount=1/1 timeout=1000ms crc=30 0C len=8
frame=01 04 00 00 00 09 30 0C
[2026-04-17 09:26:04] [INFO] [接收-帧] 09:26:04.577 设备ID=12041 module=PERIODIC id=ReadFoupStatus uuid=82 len=23
frame=01 04 12 AC A6 A0 D1 7C F3 40 0F 07 D7 35 40 F7 0B E6 97 AA AE 1C B8
[2026-04-17 09:26:05] [INFO] [发送] 09:26:05.574 设备ID=12041 module=PERIODIC id=ReadFoupStatus uuid=82 sendCount=1/1 timeout=1000ms crc=30 0C len=8
frame=01 04 00 00 00 09 30 0C
[2026-04-17 09:26:05] [INFO] [接收-帧] 09:26:05.674 设备ID=12041 module=PERIODIC id=ReadFoupStatus uuid=82 len=23
frame=01 04 12 1C 85 75 44 6B 23 F1 0B 5A C0 7D 10 30 A6 18 1D 6D 5C C8 8E
[2026-04-17 09:26:06] [INFO] [发送] 09:26:06.666 设备ID=12041 module=PERIODIC id=ReadFoupStatus uuid=82 sendCount=1/1 timeout=1000ms crc=30 0C len=8
frame=01 04 00 00 00 09 30 0C
[2026-04-17 09:26:06] [INFO] [接收-帧] 09:26:06.767 设备ID=12041 module=PERIODIC id=ReadFoupStatus uuid=82 len=23
frame=01 04 12 16 40 57 00 64 9E 4F 6F 3D 6D 0B F9 EF 1F C1 0B FA 1C 40 C7
[2026-04-17 09:26:07] [INFO] [发送] 09:26:07.832 设备ID=12041 module=PERIODIC id=ReadFoupStatus uuid=82 sendCount=1/1 timeout=1000ms crc=30 0C len=8
frame=01 04 00 00 00 09 30 0C
[2026-04-17 09:26:07] [INFO] [接收-帧] 09:26:07.858 设备ID=12041 module=PERIODIC id=ReadFoupStatus uuid=82 len=23
frame=01 04 12 11 CC 63 B4 93 EB CD 19 01 5B A2 C6 CB 74 B7 1E 5A 5B 57 E8
[2026-04-17 09:26:08] [INFO] [发送] 09:26:08.859 设备ID=12041 module=PERIODIC id=ReadFoupStatus uuid=82 sendCount=1/1 timeout=1000ms crc=30 0C len=8
frame=01 04 00 00 00 09 30 0C
[2026-04-17 09:26:08] [INFO] [接收-帧] 09:26:08.955 设备ID=12041 module=PERIODIC id=ReadFoupStatus uuid=82 len=23
frame=01 04 12 87 4A 2B F8 09 C7 82 26 80 27 69 7F E2 C0 CB 30 E9 13 F4 B4
[2026-04-17 09:26:09] [INFO] [发送] 09:26:09.950 设备ID=12041 module=PERIODIC id=ReadFoupStatus uuid=82 sendCount=1/1 timeout=1000ms crc=30 0C len=8
frame=01 04 00 00 00 09 30 0C
[2026-04-17 09:26:10] [INFO] [接收-帧] 09:26:10.049 设备ID=12041 module=PERIODIC id=ReadFoupStatus uuid=82 len=23
frame=01 04 12 A7 FB 73 1A D9 1B 30 65 B8 E0 1C FC 7A DA 5C AF 39 80 5A 55
[2026-04-17 09:26:11] [INFO] [发送] 09:26:11.054 设备ID=12041 module=PERIODIC id=ReadFoupStatus uuid=82 sendCount=1/1 timeout=1000ms crc=30 0C len=8
frame=01 04 00 00 00 09 30 0C
[2026-04-17 09:26:11] [INFO] [接收-帧] 09:26:11.142 设备ID=12041 module=PERIODIC id=ReadFoupStatus uuid=82 len=23
frame=01 04 12 BD DA 8C 71 42 78 C4 3E 93 43 69 9F F5 6D 17 F6 0B 71 67 0F
[2026-04-17 09:26:12] [INFO] [发送] 09:26:12.133 设备ID=12041 module=PERIODIC id=ReadFoupStatus uuid=82 sendCount=1/1 timeout=1000ms crc=30 0C len=8
frame=01 04 00 00 00 09 30 0C
[2026-04-17 09:26:12] [INFO] [接收-帧] 09:26:12.235 设备ID=12041 module=PERIODIC id=ReadFoupStatus uuid=82 len=23
frame=01 04 12 68 C5 32 7B C0 35 C9 AD EF 4C 74 BC 2A 5F 83 92 F0 A1 28 1B
[2026-04-17 09:26:13] [INFO] [发送] 09:26:13.233 设备ID=12041 module=PERIODIC id=ReadFoupStatus uuid=82 sendCount=1/1 timeout=1000ms crc=30 0C len=8
frame=01 04 00 00 00 09 30 0C
[2026-04-17 09:26:13] [INFO] [接收-帧] 09:26:13.328 设备ID=12041 module=PERIODIC id=ReadFoupStatus uuid=82 len=23
frame=01 04 12 4F 1C 2A BA 21 96 3B 46 82 4C E7 62 8E 23 E5 D0 7B EB 4A B2
[2026-04-17 09:26:14] [INFO] [发送] 09:26:14.323 设备ID=12041 module=PERIODIC id=ReadFoupStatus uuid=82 sendCount=1/1 timeout=1000ms crc=30 0C len=8
frame=01 04 00 00 00 09 30 0C
[2026-04-17 09:26:14] [INFO] [接收-帧] 09:26:14.420 设备ID=12041 module=PERIODIC id=ReadFoupStatus uuid=82 len=23
frame=01 04 12 66 B5 F8 99 9B 6E E1 B7 43 FC 2D 93 09 75 87 D4 4A AD 2B 56
[2026-04-17 09:26:15] [INFO] [发送] 09:26:15.647 设备ID=12041 module=PERIODIC id=ReadFoupStatus uuid=82 sendCount=1/1 timeout=1000ms crc=30 0C len=8
frame=01 04 00 00 00 09 30 0C
[2026-04-17 09:26:15] [INFO] [接收-帧] 09:26:15.740 设备ID=12041 module=PERIODIC id=ReadFoupStatus uuid=82 len=23
frame=01 04 12 FD 1C D9 EB BD 15 B8 F0 D4 28 D6 30 9B BC F0 36 19 6E 23 AA
[2026-04-17 09:26:16] [INFO] [发送] 09:26:16.733 设备ID=12041 module=PERIODIC id=ReadFoupStatus uuid=82 sendCount=1/1 timeout=1000ms crc=30 0C len=8
frame=01 04 00 00 00 09 30 0C
[2026-04-17 09:26:16] [INFO] [接收-帧] 09:26:16.830 设备ID=12041 module=PERIODIC id=ReadFoupStatus uuid=82 len=23
frame=01 04 12 64 61 2D 67 74 23 F2 77 F7 E7 BC 79 AC 06 CF B9 48 FC 6F 80
[2026-04-17 09:26:17] [INFO] [发送] 09:26:17.828 设备ID=12041 module=PERIODIC id=ReadFoupStatus uuid=82 sendCount=1/1 timeout=1000ms crc=30 0C len=8
frame=01 04 00 00 00 09 30 0C
[2026-04-17 09:26:18] [INFO] [接收-帧] 09:26:18.165 设备ID=12041 module=PERIODIC id=ReadFoupStatus uuid=82 len=23
frame=01 04 12 2F 09 82 4D 7D C4 D1 7B 79 C1 E1 96 BC 16 82 AB DD CE 62 51
[2026-04-17 09:26:19] [INFO] [发送] 09:26:19.170 设备ID=12041 module=PERIODIC id=ReadFoupStatus uuid=82 sendCount=1/1 timeout=1000ms crc=30 0C len=8
frame=01 04 00 00 00 09 30 0C
[2026-04-17 09:26:19] [INFO] [接收-帧] 09:26:19.237 设备ID=12041 module=PERIODIC id=ReadFoupStatus uuid=82 len=23
frame=01 04 12 06 DD 74 C0 A1 15 B6 08 FE 66 7C EC AB 87 56 04 99 F1 E0 70
[2026-04-17 09:26:20] [INFO] [发送] 09:26:20.234 设备ID=12041 module=PERIODIC id=ReadFoupStatus uuid=82 sendCount=1/1 timeout=1000ms crc=30 0C len=8
frame=01 04 00 00 00 09 30 0C
[2026-04-17 09:26:20] [INFO] [接收-帧] 09:26:20.333 设备ID=12041 module=PERIODIC id=ReadFoupStatus uuid=82 len=23
frame=01 04 12 8F 7D 60 4A 48 D5 F8 70 A7 07 EF AB 64 5E 78 5D 58 DD 6B F6
[2026-04-17 09:26:21] [INFO] [发送] 09:26:21.352 设备ID=12041 module=PERIODIC id=ReadFoupStatus uuid=82 sendCount=1/1 timeout=1000ms crc=30 0C len=8
frame=01 04 00 00 00 09 30 0C
[2026-04-17 09:26:21] [INFO] [接收-帧] 09:26:21.423 设备ID=12041 module=PERIODIC id=ReadFoupStatus uuid=82 len=23
frame=01 04 12 8D 06 00 E5 8D B5 F2 E0 AE DE 11 5A 40 82 D5 E6 6A A4 E4 0D
[2026-04-17 09:26:22] [INFO] [发送] 09:26:22.877 设备ID=12041 module=PERIODIC id=ReadFoupStatus uuid=82 sendCount=1/1 timeout=1000ms crc=30 0C len=8
frame=01 04 00 00 00 09 30 0C
[2026-04-17 09:26:22] [INFO] [接收-帧] 09:26:22.957 设备ID=12041 module=PERIODIC id=ReadFoupStatus uuid=82 len=23
frame=01 04 12 04 C9 A0 9E 4A C0 A5 C1 5E 43 BB 9A 8D 7A 53 8F 1D 2E 82 7E
[2026-04-17 09:26:23] [INFO] [发送] 09:26:23.948 设备ID=12041 module=PERIODIC id=ReadFoupStatus uuid=82 sendCount=1/1 timeout=1000ms crc=30 0C len=8
frame=01 04 00 00 00 09 30 0C
[2026-04-17 09:26:24] [INFO] [接收-帧] 09:26:24.047 设备ID=12041 module=PERIODIC id=ReadFoupStatus uuid=82 len=23
frame=01 04 12 2B 76 71 FF 8A 02 9F 40 50 46 8F DD BE 80 11 3B 76 EB F9 DA
[2026-04-17 09:26:25] [INFO] [发送] 09:26:25.610 设备ID=12041 module=PERIODIC id=ReadFoupStatus uuid=82 sendCount=1/1 timeout=1000ms crc=30 0C len=8
frame=01 04 00 00 00 09 30 0C
[2026-04-17 09:26:25] [INFO] [接收-帧] 09:26:25.766 设备ID=12041 module=PERIODIC id=ReadFoupStatus uuid=82 len=23
frame=01 04 12 F0 AC 82 EB 51 15 D0 82 95 5D B5 89 EF 9E EE 30 DD 5B 73 DB
[2026-04-17 09:26:27] [INFO] [发送] 09:26:27.148 设备ID=12041 module=PERIODIC id=ReadFoupStatus uuid=82 sendCount=1/1 timeout=1000ms crc=30 0C len=8
frame=01 04 00 00 00 09 30 0C
[2026-04-17 09:26:27] [INFO] [接收-帧] 09:26:27.219 设备ID=12041 module=PERIODIC id=ReadFoupStatus uuid=82 len=23
frame=01 04 12 6E 56 4B 2A FC BF 6B 96 6D A3 20 68 BA 84 E8 52 A7 23 38 CA
[2026-04-17 09:26:28] [INFO] [发送] 09:26:28.230 设备ID=12041 module=PERIODIC id=ReadFoupStatus uuid=82 sendCount=1/1 timeout=1000ms crc=30 0C len=8
frame=01 04 00 00 00 09 30 0C
[2026-04-17 09:26:28] [INFO] [接收-帧] 09:26:28.359 设备ID=12041 module=PERIODIC id=ReadFoupStatus uuid=82 len=23
frame=01 04 12 15 CB 7B 8D 46 27 C7 D0 77 E1 8E 10 BF A6 E4 2A 4D 08 E8 9D
[2026-04-17 09:26:29] [INFO] [发送] 09:26:29.399 设备ID=12041 module=PERIODIC id=ReadFoupStatus uuid=82 sendCount=1/1 timeout=1000ms crc=30 0C len=8
frame=01 04 00 00 00 09 30 0C
[2026-04-17 09:26:29] [INFO] [接收-帧] 09:26:29.416 设备ID=12041 module=PERIODIC id=ReadFoupStatus uuid=82 len=23
frame=01 04 12 95 19 29 88 C8 76 1F 19 44 D1 BF 53 E9 15 90 FE E9 6E 44 30
[2026-04-17 09:26:30] [INFO] [发送] 09:26:30.426 设备ID=12041 module=PERIODIC id=ReadFoupStatus uuid=82 sendCount=1/1 timeout=1000ms crc=30 0C len=8
frame=01 04 00 00 00 09 30 0C
[2026-04-17 09:26:30] [INFO] [接收-帧] 09:26:30.513 设备ID=12041 module=PERIODIC id=ReadFoupStatus uuid=82 len=23
frame=01 04 12 5C 1C 3B 0E 3A 24 CE A5 71 3A 52 2B 49 B7 BB CA BA 5F 99 79
[2026-04-17 09:26:31] [INFO] [发送] 09:26:31.742 设备ID=12041 module=PERIODIC id=ReadFoupStatus uuid=82 sendCount=1/1 timeout=1000ms crc=30 0C len=8
frame=01 04 00 00 00 09 30 0C
[2026-04-17 09:26:31] [INFO] [接收-帧] 09:26:31.818 设备ID=12041 module=PERIODIC id=ReadFoupStatus uuid=82 len=23
frame=01 04 12 CC 71 76 59 7C FB 19 33 3A 03 94 B1 1B E4 09 29 50 4D 39 2B
[2026-04-17 09:26:32] [INFO] [发送] 09:26:32.812 设备ID=12041 module=PERIODIC id=ReadFoupStatus uuid=82 sendCount=1/1 timeout=1000ms crc=30 0C len=8
frame=01 04 00 00 00 09 30 0C
[2026-04-17 09:26:32] [INFO] [接收-帧] 09:26:32.914 设备ID=12041 module=PERIODIC id=ReadFoupStatus uuid=82 len=23
frame=01 04 12 47 68 24 78 9F C6 17 53 7D 0B 67 00 85 A4 FC 51 89 04 4C E9
[2026-04-17 09:26:33] [INFO] [发送] 09:26:33.927 设备ID=12041 module=PERIODIC id=ReadFoupStatus uuid=82 sendCount=1/1 timeout=1000ms crc=30 0C len=8
frame=01 04 00 00 00 09 30 0C
[2026-04-17 09:26:34] [INFO] [接收-帧] 09:26:34.007 设备ID=12041 module=PERIODIC id=ReadFoupStatus uuid=82 len=23
frame=01 04 12 BE 0E 1A BB D3 27 44 F1 96 5D 99 D7 1C BF D2 FB 32 21 E0 F5
[2026-04-17 09:26:35] [INFO] [发送] 09:26:35.071 设备ID=12041 module=PERIODIC id=ReadFoupStatus uuid=82 sendCount=1/1 timeout=1000ms crc=30 0C len=8
frame=01 04 00 00 00 09 30 0C
[2026-04-17 09:26:35] [INFO] [接收-帧] 09:26:35.101 设备ID=12041 module=PERIODIC id=ReadFoupStatus uuid=82 len=23
frame=01 04 12 01 9D A0 14 7D B3 12 0D 90 94 51 AD 03 D8 3F E5 05 01 98 C9
[2026-04-17 09:26:36] [INFO] [发送] 09:26:36.114 设备ID=12041 module=PERIODIC id=ReadFoupStatus uuid=82 sendCount=1/1 timeout=1000ms crc=30 0C len=8
frame=01 04 00 00 00 09 30 0C
[2026-04-17 09:26:36] [INFO] [接收-帧] 09:26:36.197 设备ID=12041 module=PERIODIC id=ReadFoupStatus uuid=82 len=23
frame=01 04 12 F9 19 CA ED 4E A9 E6 1F 2E E3 4F 69 47 DE 13 C2 B5 16 4F 2E
[2026-04-17 09:26:37] [INFO] [发送] 09:26:37.209 设备ID=12041 module=PERIODIC id=ReadFoupStatus uuid=82 sendCount=1/1 timeout=1000ms crc=30 0C len=8
frame=01 04 00 00 00 09 30 0C
[2026-04-17 09:26:37] [INFO] [接收-帧] 09:26:37.301 设备ID=12041 module=PERIODIC id=ReadFoupStatus uuid=82 len=23
frame=01 04 12 C8 23 3D DE 2A 3F EF 4A BD 46 6A F6 B9 87 9C 34 C4 38 0C 83
[2026-04-17 09:26:38] [INFO] [发送] 09:26:38.305 设备ID=12041 module=PERIODIC id=ReadFoupStatus uuid=82 sendCount=1/1 timeout=1000ms crc=30 0C len=8
frame=01 04 00 00 00 09 30 0C
[2026-04-17 09:26:38] [INFO] [接收-帧] 09:26:38.379 设备ID=12041 module=PERIODIC id=ReadFoupStatus uuid=82 len=23
frame=01 04 12 36 5F 32 A2 0C 06 F4 CF E0 A6 4E E6 CA 1C EE 48 A5 34 B7 1C
[2026-04-17 09:26:39] [INFO] [发送] 09:26:39.372 设备ID=12041 module=PERIODIC id=ReadFoupStatus uuid=82 sendCount=1/1 timeout=1000ms crc=30 0C len=8
frame=01 04 00 00 00 09 30 0C
[2026-04-17 09:26:39] [INFO] [接收-帧] 09:26:39.470 设备ID=12041 module=PERIODIC id=ReadFoupStatus uuid=82 len=23
frame=01 04 12 BD 3F AD 8C E4 EF 61 74 B9 96 2E F1 76 08 22 5F 28 B8 53 7B
[2026-04-17 09:26:40] [INFO] [发送] 09:26:40.469 设备ID=12041 module=PERIODIC id=ReadFoupStatus uuid=82 sendCount=1/1 timeout=1000ms crc=30 0C len=8
frame=01 04 00 00 00 09 30 0C
[2026-04-17 09:26:40] [INFO] [接收-帧] 09:26:40.568 设备ID=12041 module=PERIODIC id=ReadFoupStatus uuid=82 len=23
frame=01 04 12 AF F8 4D A2 96 2E A6 F9 DD 58 22 FF 45 3D 96 10 59 D1 2C 8C
[2026-04-17 09:26:41] [INFO] [发送] 09:26:41.604 设备ID=12041 module=PERIODIC id=ReadFoupStatus uuid=82 sendCount=1/1 timeout=1000ms crc=30 0C len=8
frame=01 04 00 00 00 09 30 0C
[2026-04-17 09:26:41] [INFO] [接收-帧] 09:26:41.708 设备ID=12041 module=PERIODIC id=ReadFoupStatus uuid=82 len=23
frame=01 04 12 82 71 C4 EE 64 9D 6E DB C9 C3 0D A6 1B 9C 30 8A 8D 1B 9A CA
[2026-04-17 09:26:42] [INFO] [发送] 09:26:42.860 设备ID=12041 module=PERIODIC id=ReadFoupStatus uuid=82 sendCount=1/1 timeout=1000ms crc=30 0C len=8
frame=01 04 00 00 00 09 30 0C
[2026-04-17 09:26:42] [INFO] [接收-帧] 09:26:42.966 设备ID=12041 module=PERIODIC id=ReadFoupStatus uuid=82 len=23
frame=01 04 12 48 90 AA B8 FA 05 8B 85 5E 60 85 C0 C4 8B B3 12 50 35 5F BF
[2026-04-17 09:26:43] [INFO] [发送] 09:26:43.963 设备ID=12041 module=PERIODIC id=ReadFoupStatus uuid=82 sendCount=1/1 timeout=1000ms crc=30 0C len=8
frame=01 04 00 00 00 09 30 0C
[2026-04-17 09:26:44] [INFO] [接收-帧] 09:26:44.059 设备ID=12041 module=PERIODIC id=ReadFoupStatus uuid=82 len=23
frame=01 04 12 5E BA 8D 58 EC 27 78 03 84 A1 E4 B7 65 0B BE 8D FC 13 CF 8A
[2026-04-17 09:26:45] [INFO] [发送] 09:26:45.061 设备ID=12041 module=PERIODIC id=ReadFoupStatus uuid=82 sendCount=1/1 timeout=1000ms crc=30 0C len=8
frame=01 04 00 00 00 09 30 0C
[2026-04-17 09:26:45] [INFO] [接收-帧] 09:26:45.155 设备ID=12041 module=PERIODIC id=ReadFoupStatus uuid=82 len=23
frame=01 04 12 42 F4 6D EA 08 93 ED BE A1 45 FC 0E 0A 51 24 D3 1E EB 45 81
[2026-04-17 09:26:46] [INFO] [发送] 09:26:46.154 设备ID=12041 module=PERIODIC id=ReadFoupStatus uuid=82 sendCount=1/1 timeout=1000ms crc=30 0C len=8
frame=01 04 00 00 00 09 30 0C
[2026-04-17 09:26:46] [INFO] [接收-帧] 09:26:46.253 设备ID=12041 module=PERIODIC id=ReadFoupStatus uuid=82 len=23
frame=01 04 12 0C CE 2B 47 00 C7 10 25 CD DC 08 75 6B CB 5D 97 99 E5 45 A3
[2026-04-17 09:26:47] [INFO] [发送] 09:26:47.244 设备ID=12041 module=PERIODIC id=ReadFoupStatus uuid=82 sendCount=1/1 timeout=1000ms crc=30 0C len=8
frame=01 04 00 00 00 09 30 0C
[2026-04-17 09:26:47] [INFO] [接收-帧] 09:26:47.344 设备ID=12041 module=PERIODIC id=ReadFoupStatus uuid=82 len=23
frame=01 04 12 3F 31 59 E7 99 BB E8 98 A6 92 55 77 06 00 4F 0A 9D A9 E5 53
[2026-04-17 09:26:48] [INFO] [发送] 09:26:48.344 设备ID=12041 module=PERIODIC id=ReadFoupStatus uuid=82 sendCount=1/1 timeout=1000ms crc=30 0C len=8
frame=01 04 00 00 00 09 30 0C
[2026-04-17 09:26:48] [INFO] [接收-帧] 09:26:48.435 设备ID=12041 module=PERIODIC id=ReadFoupStatus uuid=82 len=23
frame=01 04 12 E9 88 48 81 5B 32 73 80 0A 58 9B 74 E8 70 98 19 A0 A0 D5 B6
[2026-04-17 09:26:49] [INFO] [发送] 09:26:49.432 设备ID=12041 module=PERIODIC id=ReadFoupStatus uuid=82 sendCount=1/1 timeout=1000ms crc=30 0C len=8
frame=01 04 00 00 00 09 30 0C
[2026-04-17 09:26:49] [INFO] [接收-帧] 09:26:49.573 设备ID=12041 module=PERIODIC id=ReadFoupStatus uuid=82 len=23
frame=01 04 12 A3 E4 32 A7 80 53 02 AB 0A 55 B3 46 86 E3 BF 4B E7 59 FD F7
[2026-04-17 09:26:50] [INFO] [发送] 09:26:50.601 设备ID=12041 module=PERIODIC id=ReadFoupStatus uuid=82 sendCount=1/1 timeout=1000ms crc=30 0C len=8
frame=01 04 00 00 00 09 30 0C
[2026-04-17 09:26:50] [INFO] [接收-帧] 09:26:50.623 设备ID=12041 module=PERIODIC id=ReadFoupStatus uuid=82 len=23
frame=01 04 12 F1 9C D8 95 68 71 A4 0C CE DD 54 FC 21 5E 54 62 D4 20 C3 B0
[2026-04-17 09:26:51] [INFO] [发送] 09:26:51.618 设备ID=12041 module=PERIODIC id=ReadFoupStatus uuid=82 sendCount=1/1 timeout=1000ms crc=30 0C len=8
frame=01 04 00 00 00 09 30 0C
[2026-04-17 09:26:51] [INFO] [接收-帧] 09:26:51.719 设备ID=12041 module=PERIODIC id=ReadFoupStatus uuid=82 len=23
frame=01 04 12 6F FD 19 2F 06 F3 2F C3 9C 42 65 48 B6 6C A7 D0 1C 27 3B 38
[2026-04-17 09:26:52] [INFO] [发送] 09:26:52.721 设备ID=12041 module=PERIODIC id=ReadFoupStatus uuid=82 sendCount=1/1 timeout=1000ms crc=30 0C len=8
frame=01 04 00 00 00 09 30 0C
[2026-04-17 09:26:52] [INFO] [接收-帧] 09:26:52.816 设备ID=12041 module=PERIODIC id=ReadFoupStatus uuid=82 len=23
frame=01 04 12 1F F5 77 AA 51 4C 3B F0 2A E3 B2 3D E7 75 80 5B 0D 8E AF C2
[2026-04-17 09:26:53] [INFO] [发送] 09:26:53.806 设备ID=12041 module=PERIODIC id=ReadFoupStatus uuid=82 sendCount=1/1 timeout=1000ms crc=30 0C len=8
frame=01 04 00 00 00 09 30 0C
[2026-04-17 09:26:53] [INFO] [接收-帧] 09:26:53.906 设备ID=12041 module=PERIODIC id=ReadFoupStatus uuid=82 len=23
frame=01 04 12 93 D2 EE D4 36 63 DF 1F 87 85 40 FF 83 C9 C7 C2 D7 0D 5D 98
[2026-04-17 09:26:54] [INFO] [发送] 09:26:54.907 设备ID=12041 module=PERIODIC id=ReadFoupStatus uuid=82 sendCount=1/1 timeout=1000ms crc=30 0C len=8
frame=01 04 00 00 00 09 30 0C
[2026-04-17 09:26:55] [INFO] [接收-帧] 09:26:55.004 设备ID=12041 module=PERIODIC id=ReadFoupStatus uuid=82 len=23
frame=01 04 12 E5 85 92 DB B5 B5 26 03 30 53 1A 84 D9 F7 49 CA 2B 5B C6 91
[2026-04-17 09:26:56] [INFO] [发送] 09:26:56.009 设备ID=12041 module=PERIODIC id=ReadFoupStatus uuid=82 sendCount=1/1 timeout=1000ms crc=30 0C len=8
frame=01 04 00 00 00 09 30 0C
[2026-04-17 09:26:56] [INFO] [接收-帧] 09:26:56.093 设备ID=12041 module=PERIODIC id=ReadFoupStatus uuid=82 len=23
frame=01 04 12 A8 06 4B 79 9B F9 03 1D 8D F1 4A 9E F7 61 F3 61 96 C6 26 DD
[2026-04-17 09:26:57] [INFO] [发送] 09:26:57.099 设备ID=12041 module=PERIODIC id=ReadFoupStatus uuid=82 sendCount=1/1 timeout=1000ms crc=30 0C len=8
frame=01 04 00 00 00 09 30 0C
[2026-04-17 09:26:57] [INFO] [接收-帧] 09:26:57.190 设备ID=12041 module=PERIODIC id=ReadFoupStatus uuid=82 len=23
frame=01 04 12 A9 AB 01 E7 05 78 D9 2F 30 72 F3 AD D3 D2 FB F3 25 73 41 5D
[2026-04-17 09:26:58] [INFO] [发送] 09:26:58.186 设备ID=12041 module=PERIODIC id=ReadFoupStatus uuid=82 sendCount=1/1 timeout=1000ms crc=30 0C len=8
frame=01 04 00 00 00 09 30 0C
[2026-04-17 09:26:58] [INFO] [接收-帧] 09:26:58.283 设备ID=12041 module=PERIODIC id=ReadFoupStatus uuid=82 len=23
frame=01 04 12 39 ED 05 88 B2 D8 CD 0B E8 89 F0 46 18 43 E2 B1 75 15 35 94
[2026-04-17 09:26:59] [INFO] [发送] 09:26:59.281 设备ID=12041 module=PERIODIC id=ReadFoupStatus uuid=82 sendCount=1/1 timeout=1000ms crc=30 0C len=8
frame=01 04 00 00 00 09 30 0C
[2026-04-17 09:26:59] [INFO] [接收-帧] 09:26:59.377 设备ID=12041 module=PERIODIC id=ReadFoupStatus uuid=82 len=23
frame=01 04 12 4B 16 76 5C DC F0 55 5F 81 C2 D4 35 0C AB 6F 3D 09 9B CC 3B
[2026-04-17 09:27:00] [INFO] [发送] 09:27:00.368 设备ID=12041 module=PERIODIC id=ReadFoupStatus uuid=82 sendCount=1/1 timeout=1000ms crc=30 0C len=8
frame=01 04 00 00 00 09 30 0C
[2026-04-17 09:27:00] [INFO] [接收-帧] 09:27:00.470 设备ID=12041 module=PERIODIC id=ReadFoupStatus uuid=82 len=23
frame=01 04 12 8B E4 5A 08 9B F4 8F 9A E0 BE F7 E5 3D 74 39 79 85 8B 77 06
[2026-04-17 09:27:01] [INFO] [发送] 09:27:01.461 设备ID=12041 module=PERIODIC id=ReadFoupStatus uuid=82 sendCount=1/1 timeout=1000ms crc=30 0C len=8
frame=01 04 00 00 00 09 30 0C
[2026-04-17 09:27:01] [INFO] [接收-帧] 09:27:01.565 设备ID=12041 module=PERIODIC id=ReadFoupStatus uuid=82 len=23
frame=01 04 12 35 7B FD 6F B9 28 6B 16 68 6F E5 EB 50 0E 84 AE 70 A6 25 44
[2026-04-17 09:27:37] [INFO] [发送] 09:27:37.386 设备ID=12041 module=INITIAL id=ReadVersion uuid=81 sendCount=1/4 timeout=1000ms crc=B1 CD len=8
frame=01 04 00 18 00 01 B1 CD
[2026-04-17 09:27:37] [INFO] [接收-帧] 09:27:37.754 设备ID=12041 module=INITIAL id=ReadVersion uuid=81 len=7
frame=01 04 02 00 00 B9 30
[2026-04-17 09:27:37] [INFO] [发送] 09:27:37.754 设备ID=12041 module=PERIODIC id=ReadFoupStatus uuid=82 sendCount=1/1 timeout=1000ms crc=30 0C len=8
frame=01 04 00 00 00 09 30 0C
[2026-04-17 09:27:37] [INFO] [接收-帧] 09:27:37.830 设备ID=12041 module=PERIODIC id=ReadFoupStatus uuid=82 len=23
frame=01 04 12 D2 DD AF 27 66 1A 3F 24 13 60 17 E4 C3 44 FF 91 C7 1F C9 91
[2026-04-17 09:27:38] [INFO] [发送] 09:27:38.831 设备ID=12041 module=PERIODIC id=ReadFoupStatus uuid=82 sendCount=1/1 timeout=1000ms crc=30 0C len=8
frame=01 04 00 00 00 09 30 0C
[2026-04-17 09:27:38] [INFO] [接收-帧] 09:27:38.921 设备ID=12041 module=PERIODIC id=ReadFoupStatus uuid=82 len=23
frame=01 04 12 C0 49 6A A0 6A 34 5A 48 7A B3 62 02 80 6A 7A DB 8D 75 7D 4F
[2026-04-17 09:27:39] [INFO] [发送] 09:27:39.927 设备ID=12041 module=PERIODIC id=ReadFoupStatus uuid=82 sendCount=1/1 timeout=1000ms crc=30 0C len=8
frame=01 04 00 00 00 09 30 0C
[2026-04-17 09:27:40] [INFO] [接收-帧] 09:27:40.018 设备ID=12041 module=PERIODIC id=ReadFoupStatus uuid=82 len=23
frame=01 04 12 2C 5B 9E 6D 3B 18 63 C0 4A 75 0B CB DF 52 58 7C F4 46 1E 3E
[2026-04-17 09:27:41] [INFO] [发送] 09:27:41.010 设备ID=12041 module=PERIODIC id=ReadFoupStatus uuid=82 sendCount=1/1 timeout=1000ms crc=30 0C len=8
frame=01 04 00 00 00 09 30 0C
[2026-04-17 09:27:41] [INFO] [接收-帧] 09:27:41.118 设备ID=12041 module=PERIODIC id=ReadFoupStatus uuid=82 len=23
frame=01 04 12 4C 8C 24 6B FF 3B 59 1D 66 C9 26 48 5D 73 07 C2 6A 6A 87 1A
[2026-04-17 09:27:42] [INFO] [发送] 09:27:42.128 设备ID=12041 module=PERIODIC id=ReadFoupStatus uuid=82 sendCount=1/1 timeout=1000ms crc=30 0C len=8
frame=01 04 00 00 00 09 30 0C
[2026-04-17 09:27:42] [INFO] [接收-帧] 09:27:42.205 设备ID=12041 module=PERIODIC id=ReadFoupStatus uuid=82 len=23
frame=01 04 12 72 FB 2A D6 30 74 C4 BA 4A E7 2A 53 FC 59 30 4A 1E 20 00 9B
[2026-04-17 09:27:43] [INFO] [发送] 09:27:43.199 设备ID=12041 module=PERIODIC id=ReadFoupStatus uuid=82 sendCount=1/1 timeout=1000ms crc=30 0C len=8
frame=01 04 00 00 00 09 30 0C
[2026-04-17 09:27:43] [INFO] [接收-帧] 09:27:43.308 设备ID=12041 module=PERIODIC id=ReadFoupStatus uuid=82 len=23
frame=01 04 12 CD 5D F0 A4 AE 5D D7 D2 1D 41 B7 3A 33 A5 F0 52 0C 98 EA 6A
[2026-04-17 09:27:44] [INFO] [发送] 09:27:44.310 设备ID=12041 module=PERIODIC id=ReadFoupStatus uuid=82 sendCount=1/1 timeout=1000ms crc=30 0C len=8
frame=01 04 00 00 00 09 30 0C
[2026-04-17 09:27:44] [INFO] [接收-帧] 09:27:44.393 设备ID=12041 module=PERIODIC id=ReadFoupStatus uuid=82 len=23
frame=01 04 12 5B 51 DD DC 4C D1 22 C1 CF 3C 9C A7 95 31 08 0F B8 9F 77 FC
[2026-04-17 09:27:45] [INFO] [发送] 09:27:45.390 设备ID=12041 module=PERIODIC id=ReadFoupStatus uuid=82 sendCount=1/1 timeout=1000ms crc=30 0C len=8
frame=01 04 00 00 00 09 30 0C
[2026-04-17 09:27:45] [INFO] [接收-帧] 09:27:45.487 设备ID=12041 module=PERIODIC id=ReadFoupStatus uuid=82 len=23
frame=01 04 12 34 16 CF 0E 87 A5 B4 A5 3B 73 32 CD 1B 34 0A 80 A4 F9 43 67
[2026-04-17 09:27:46] [INFO] [发送] 09:27:46.487 设备ID=12041 module=PERIODIC id=ReadFoupStatus uuid=82 sendCount=1/1 timeout=1000ms crc=30 0C len=8
frame=01 04 00 00 00 09 30 0C
[2026-04-17 09:27:46] [INFO] [接收-帧] 09:27:46.583 设备ID=12041 module=PERIODIC id=ReadFoupStatus uuid=82 len=23
frame=01 04 12 02 37 E5 E5 28 FD 62 73 5F 68 3D 44 8B 81 7A 14 18 0B 42 31
[2026-04-17 09:27:47] [INFO] [发送] 09:27:47.575 设备ID=12041 module=PERIODIC id=ReadFoupStatus uuid=82 sendCount=1/1 timeout=1000ms crc=30 0C len=8
frame=01 04 00 00 00 09 30 0C
[2026-04-17 09:27:47] [INFO] [接收-帧] 09:27:47.683 设备ID=12041 module=PERIODIC id=ReadFoupStatus uuid=82 len=23
frame=01 04 12 07 97 74 56 11 9F A5 BF 01 6F E4 5B AD 83 88 B3 BB A6 DD F6
[2026-04-17 09:27:48] [INFO] [发送] 09:27:48.686 设备ID=12041 module=PERIODIC id=ReadFoupStatus uuid=82 sendCount=1/1 timeout=1000ms crc=30 0C len=8
frame=01 04 00 00 00 09 30 0C
[2026-04-17 09:27:48] [INFO] [接收-帧] 09:27:48.766 设备ID=12041 module=PERIODIC id=ReadFoupStatus uuid=82 len=23
frame=01 04 12 A3 32 47 3C 69 28 0E 2F A4 C9 9B 9C CE C1 8D FB 80 46 EA 29
[2026-04-17 09:27:49] [INFO] [发送] 09:27:49.769 设备ID=12041 module=PERIODIC id=ReadFoupStatus uuid=82 sendCount=1/1 timeout=1000ms crc=30 0C len=8
frame=01 04 00 00 00 09 30 0C
[2026-04-17 09:27:49] [INFO] [接收-帧] 09:27:49.860 设备ID=12041 module=PERIODIC id=ReadFoupStatus uuid=82 len=23
frame=01 04 12 82 4B 30 F5 A9 31 21 B4 0F 94 3C 0D 81 E9 F5 DC 9B 75 17 D6
[2026-04-17 09:27:50] [INFO] [发送] 09:27:50.854 设备ID=12041 module=PERIODIC id=ReadFoupStatus uuid=82 sendCount=1/1 timeout=1000ms crc=30 0C len=8
frame=01 04 00 00 00 09 30 0C
[2026-04-17 09:27:50] [INFO] [接收-帧] 09:27:50.956 设备ID=12041 module=PERIODIC id=ReadFoupStatus uuid=82 len=23
frame=01 04 12 47 39 7D 51 A8 CC 12 D2 BD 4C 30 23 52 AB 5E FD 81 C8 5B 2E
[2026-04-17 09:31:34] [INFO] [发送] 09:31:34.100 设备ID=12041 module=INITIAL id=ReadVersion uuid=81 sendCount=1/4 timeout=1000ms crc=B1 CD len=8
frame=01 04 00 18 00 01 B1 CD
[2026-04-17 09:31:34] [INFO] [接收-帧] 09:31:34.337 设备ID=12041 module=INITIAL id=ReadVersion uuid=81 len=7
frame=01 04 02 00 00 B9 30
[2026-04-17 09:31:34] [INFO] [发送] 09:31:34.337 设备ID=12041 module=PERIODIC id=ReadFoupStatus uuid=82 sendCount=1/1 timeout=1000ms crc=30 0C len=8
frame=01 04 00 00 00 09 30 0C
[2026-04-17 09:31:34] [INFO] [接收-帧] 09:31:34.425 设备ID=12041 module=PERIODIC id=ReadFoupStatus uuid=82 len=23
frame=01 04 12 F7 60 94 43 E3 83 75 7D 12 D6 C1 EF 32 8D E5 53 E6 34 25 03
[2026-04-17 09:31:35] [INFO] [发送] 09:31:35.417 设备ID=12041 module=PERIODIC id=ReadFoupStatus uuid=82 sendCount=1/1 timeout=1000ms crc=30 0C len=8
frame=01 04 00 00 00 09 30 0C
[2026-04-17 09:31:35] [INFO] [接收-帧] 09:31:35.519 设备ID=12041 module=PERIODIC id=ReadFoupStatus uuid=82 len=23
frame=01 04 12 7E 9B 0F EB F2 5D 56 39 45 16 E7 27 C2 D5 4A 2D D9 BC DE D2
[2026-04-17 09:31:36] [INFO] [发送] 09:31:36.512 设备ID=12041 module=PERIODIC id=ReadFoupStatus uuid=82 sendCount=1/1 timeout=1000ms crc=30 0C len=8
frame=01 04 00 00 00 09 30 0C
[2026-04-17 09:31:36] [INFO] [接收-帧] 09:31:36.609 设备ID=12041 module=PERIODIC id=ReadFoupStatus uuid=82 len=23
frame=01 04 12 7B 09 18 7A E8 C1 77 18 58 F9 8F EC 11 FA 83 0C FC 3A 52 1F
[2026-04-17 09:31:37] [INFO] [发送] 09:31:37.603 设备ID=12041 module=PERIODIC id=ReadFoupStatus uuid=82 sendCount=1/1 timeout=1000ms crc=30 0C len=8
frame=01 04 00 00 00 09 30 0C
[2026-04-17 09:31:37] [INFO] [接收-帧] 09:31:37.723 设备ID=12041 module=PERIODIC id=ReadFoupStatus uuid=82 len=23
frame=01 04 12 35 66 79 F1 B4 27 DE D1 75 5D 9E 98 3F 00 E4 B0 7C C1 F2 B2
[2026-04-17 09:31:38] [INFO] [发送] 09:31:38.729 设备ID=12041 module=PERIODIC id=ReadFoupStatus uuid=82 sendCount=1/1 timeout=1000ms crc=30 0C len=8
frame=01 04 00 00 00 09 30 0C
[2026-04-17 09:31:38] [INFO] [接收-帧] 09:31:38.805 设备ID=12041 module=PERIODIC id=ReadFoupStatus uuid=82 len=23
frame=01 04 12 31 92 4B 24 38 85 7E F7 D7 91 FE 05 A6 91 1B 5D 2E 43 1C E5
[2026-04-17 09:31:39] [INFO] [发送] 09:31:39.814 设备ID=12041 module=PERIODIC id=ReadFoupStatus uuid=82 sendCount=1/1 timeout=1000ms crc=30 0C len=8
frame=01 04 00 00 00 09 30 0C
[2026-04-17 09:31:39] [INFO] [接收-帧] 09:31:39.895 设备ID=12041 module=PERIODIC id=ReadFoupStatus uuid=82 len=23
frame=01 04 12 E2 84 E2 E8 EC 5C F5 68 68 59 B0 B5 96 CC FD 4C 81 04 12 5F
[2026-04-17 09:31:40] [INFO] [发送] 09:31:40.890 设备ID=12041 module=PERIODIC id=ReadFoupStatus uuid=82 sendCount=1/1 timeout=1000ms crc=30 0C len=8
frame=01 04 00 00 00 09 30 0C
[2026-04-17 09:31:40] [INFO] [接收-帧] 09:31:40.989 设备ID=12041 module=PERIODIC id=ReadFoupStatus uuid=82 len=23
frame=01 04 12 7B 2A 90 E0 4B 72 8B E2 8B 00 C1 A1 09 69 1A 27 6A DA 9B 80
[2026-04-17 09:31:41] [INFO] [发送] 09:31:41.990 设备ID=12041 module=PERIODIC id=ReadFoupStatus uuid=82 sendCount=1/1 timeout=1000ms crc=30 0C len=8
frame=01 04 00 00 00 09 30 0C
[2026-04-17 09:31:42] [INFO] [接收-帧] 09:31:42.087 设备ID=12041 module=PERIODIC id=ReadFoupStatus uuid=82 len=23
frame=01 04 12 09 C5 53 D8 A4 00 1D 81 F2 D7 5D E5 CF 49 94 02 DD A8 21 9F
[2026-04-17 09:31:43] [INFO] [发送] 09:31:43.096 设备ID=12041 module=PERIODIC id=ReadFoupStatus uuid=82 sendCount=1/1 timeout=1000ms crc=30 0C len=8
frame=01 04 00 00 00 09 30 0C
[2026-04-17 09:31:43] [INFO] [接收-帧] 09:31:43.171 设备ID=12041 module=PERIODIC id=ReadFoupStatus uuid=82 len=23
frame=01 04 12 CD CF A5 0D 5D 81 F1 49 FE 36 7D 92 5B 64 9C FA 4C E0 B7 2C
[2026-04-17 09:31:44] [INFO] [发送] 09:31:44.175 设备ID=12041 module=PERIODIC id=ReadFoupStatus uuid=82 sendCount=1/1 timeout=1000ms crc=30 0C len=8
frame=01 04 00 00 00 09 30 0C
[2026-04-17 09:31:44] [INFO] [接收-帧] 09:31:44.268 设备ID=12041 module=PERIODIC id=ReadFoupStatus uuid=82 len=23
frame=01 04 12 EC BB 33 DE 44 F9 F5 23 09 F6 E4 91 54 26 3D 4D F1 DE 65 94
[2026-04-17 09:31:45] [INFO] [发送] 09:31:45.262 设备ID=12041 module=PERIODIC id=ReadFoupStatus uuid=82 sendCount=1/1 timeout=1000ms crc=30 0C len=8
frame=01 04 00 00 00 09 30 0C
[2026-04-17 09:31:45] [INFO] [接收-帧] 09:31:45.360 设备ID=12041 module=PERIODIC id=ReadFoupStatus uuid=82 len=23
frame=01 04 12 BC AC 72 69 50 A5 EB DF 36 4E 2E A5 4D 9D 2C 98 C5 D3 A3 63
[2026-04-17 09:31:46] [INFO] [发送] 09:31:46.366 设备ID=12041 module=PERIODIC id=ReadFoupStatus uuid=82 sendCount=1/1 timeout=1000ms crc=30 0C len=8
frame=01 04 00 00 00 09 30 0C
[2026-04-17 09:31:46] [INFO] [接收-帧] 09:31:46.453 设备ID=12041 module=PERIODIC id=ReadFoupStatus uuid=82 len=23
frame=01 04 12 AF F3 10 1A 09 DB E8 D4 89 46 6A D5 3D 93 E6 4D F2 23 6B ED
[2026-04-17 09:31:47] [INFO] [发送] 09:31:47.452 设备ID=12041 module=PERIODIC id=ReadFoupStatus uuid=82 sendCount=1/1 timeout=1000ms crc=30 0C len=8
frame=01 04 00 00 00 09 30 0C
[2026-04-17 09:31:47] [INFO] [接收-帧] 09:31:47.550 设备ID=12041 module=PERIODIC id=ReadFoupStatus uuid=82 len=23
frame=01 04 12 E9 9B 1B 40 A7 22 13 50 02 48 DE 12 E3 2E 6D F2 98 A8 C8 5A
[2026-04-17 09:31:48] [INFO] [发送] 09:31:48.547 设备ID=12041 module=PERIODIC id=ReadFoupStatus uuid=82 sendCount=1/1 timeout=1000ms crc=30 0C len=8
frame=01 04 00 00 00 09 30 0C
[2026-04-17 09:31:48] [INFO] [接收-帧] 09:31:48.644 设备ID=12041 module=PERIODIC id=ReadFoupStatus uuid=82 len=23
frame=01 04 12 7D 37 65 60 7A 6E 45 8C 1D 7D 42 D4 F5 66 E8 34 CE 19 D4 A9
[2026-04-17 09:31:49] [INFO] [发送] 09:31:49.638 设备ID=12041 module=PERIODIC id=ReadFoupStatus uuid=82 sendCount=1/1 timeout=1000ms crc=30 0C len=8
frame=01 04 00 00 00 09 30 0C
[2026-04-17 09:31:49] [INFO] [接收-帧] 09:31:49.739 设备ID=12041 module=PERIODIC id=ReadFoupStatus uuid=82 len=23
frame=01 04 12 10 59 76 87 BE 04 84 93 18 E8 13 17 66 68 66 9A 43 AC 16 DC
[2026-04-17 09:31:50] [INFO] [发送] 09:31:50.743 设备ID=12041 module=PERIODIC id=ReadFoupStatus uuid=82 sendCount=1/1 timeout=1000ms crc=30 0C len=8
frame=01 04 00 00 00 09 30 0C
[2026-04-17 09:31:50] [INFO] [接收-帧] 09:31:50.832 设备ID=12041 module=PERIODIC id=ReadFoupStatus uuid=82 len=23
frame=01 04 12 59 54 C3 23 C1 4D D1 9F 70 AD A6 B7 60 5D FA 42 96 56 23 EF
[2026-04-17 09:31:51] [INFO] [发送] 09:31:51.833 设备ID=12041 module=PERIODIC id=ReadFoupStatus uuid=82 sendCount=1/1 timeout=1000ms crc=30 0C len=8
frame=01 04 00 00 00 09 30 0C
[2026-04-17 09:31:51] [INFO] [接收-帧] 09:31:51.923 设备ID=12041 module=PERIODIC id=ReadFoupStatus uuid=82 len=23
frame=01 04 12 26 5E D1 FD A4 88 7C 27 B5 E6 46 C8 F1 61 17 E3 BE A4 E4 7A
[2026-04-17 09:31:52] [INFO] [发送] 09:31:52.926 设备ID=12041 module=PERIODIC id=ReadFoupStatus uuid=82 sendCount=1/1 timeout=1000ms crc=30 0C len=8
frame=01 04 00 00 00 09 30 0C
[2026-04-17 09:31:53] [INFO] [接收-帧] 09:31:53.025 设备ID=12041 module=PERIODIC id=ReadFoupStatus uuid=82 len=23
frame=01 04 12 E3 49 4D B4 5A DF 49 A3 6F CA 90 EF 44 F3 7E E9 5D E7 F7 6C
[2026-04-17 09:31:54] [INFO] [发送] 09:31:54.037 设备ID=12041 module=PERIODIC id=ReadFoupStatus uuid=82 sendCount=1/1 timeout=1000ms crc=30 0C len=8
frame=01 04 00 00 00 09 30 0C
[2026-04-17 09:31:54] [INFO] [接收-帧] 09:31:54.121 设备ID=12041 module=PERIODIC id=ReadFoupStatus uuid=82 len=23
frame=01 04 12 13 F9 A4 92 CE 39 B5 FD 87 6C E7 B5 69 A1 40 3E 39 78 9E 62
[2026-04-17 09:31:55] [INFO] [发送] 09:31:55.124 设备ID=12041 module=PERIODIC id=ReadFoupStatus uuid=82 sendCount=1/1 timeout=1000ms crc=30 0C len=8
frame=01 04 00 00 00 09 30 0C
[2026-04-17 09:31:55] [INFO] [接收-帧] 09:31:55.209 设备ID=12041 module=PERIODIC id=ReadFoupStatus uuid=82 len=23
frame=01 04 12 3E BD 2D 73 8F 5F 78 18 04 67 7D 68 AB 3B E5 74 F1 D0 8E 45
[2026-04-17 09:31:56] [INFO] [发送] 09:31:56.198 设备ID=12041 module=PERIODIC id=ReadFoupStatus uuid=82 sendCount=1/1 timeout=1000ms crc=30 0C len=8
frame=01 04 00 00 00 09 30 0C
[2026-04-17 09:31:56] [INFO] [接收-帧] 09:31:56.299 设备ID=12041 module=PERIODIC id=ReadFoupStatus uuid=82 len=23
frame=01 04 12 08 85 1D 55 7B B5 97 94 FB 33 41 F8 7F B3 81 E0 3E F6 C3 A2
[2026-04-17 09:31:57] [INFO] [发送] 09:31:57.295 设备ID=12041 module=PERIODIC id=ReadFoupStatus uuid=82 sendCount=1/1 timeout=1000ms crc=30 0C len=8
frame=01 04 00 00 00 09 30 0C
[2026-04-17 09:31:57] [INFO] [接收-帧] 09:31:57.397 设备ID=12041 module=PERIODIC id=ReadFoupStatus uuid=82 len=23
frame=01 04 12 99 99 56 3C CA 4E 32 76 9E F2 5B D2 12 35 31 33 BE 3D A2 A6
[2026-04-17 09:31:58] [INFO] [发送] 09:31:58.386 设备ID=12041 module=PERIODIC id=ReadFoupStatus uuid=82 sendCount=1/1 timeout=1000ms crc=30 0C len=8
frame=01 04 00 00 00 09 30 0C
[2026-04-17 09:31:58] [INFO] [接收-帧] 09:31:58.485 设备ID=12041 module=PERIODIC id=ReadFoupStatus uuid=82 len=23
frame=01 04 12 D3 33 2F D7 9C F8 4E 26 0D 05 CE C7 40 88 37 C4 8B CB 2D 0B
[2026-04-17 09:31:59] [INFO] [发送] 09:31:59.483 设备ID=12041 module=PERIODIC id=ReadFoupStatus uuid=82 sendCount=1/1 timeout=1000ms crc=30 0C len=8
frame=01 04 00 00 00 09 30 0C
[2026-04-17 09:31:59] [INFO] [接收-帧] 09:31:59.578 设备ID=12041 module=PERIODIC id=ReadFoupStatus uuid=82 len=23
frame=01 04 12 91 2E A7 AF 1B B5 2E 33 13 64 C3 66 8D 69 32 95 4F 6A 6B 3C
[2026-04-17 09:32:00] [INFO] [发送] 09:32:00.581 设备ID=12041 module=PERIODIC id=ReadFoupStatus uuid=82 sendCount=1/1 timeout=1000ms crc=30 0C len=8
frame=01 04 00 00 00 09 30 0C
[2026-04-17 09:32:00] [INFO] [接收-帧] 09:32:00.676 设备ID=12041 module=PERIODIC id=ReadFoupStatus uuid=82 len=23
frame=01 04 12 25 DE 1D 2B AF 0A 4C A1 7E 58 4B 70 1C BE AC 34 F5 DB E6 11
[2026-04-17 09:32:01] [INFO] [发送] 09:32:01.680 设备ID=12041 module=PERIODIC id=ReadFoupStatus uuid=82 sendCount=1/1 timeout=1000ms crc=30 0C len=8
frame=01 04 00 00 00 09 30 0C
[2026-04-17 09:32:01] [INFO] [接收-帧] 09:32:01.768 设备ID=12041 module=PERIODIC id=ReadFoupStatus uuid=82 len=23
frame=01 04 12 BF 71 7D 1F 5E 49 C8 1F 84 D7 FC 0D EE 14 32 2B 5A 72 6F 4B
[2026-04-17 09:32:02] [INFO] [发送] 09:32:02.777 设备ID=12041 module=PERIODIC id=ReadFoupStatus uuid=82 sendCount=1/1 timeout=1000ms crc=30 0C len=8
frame=01 04 00 00 00 09 30 0C
[2026-04-17 09:32:02] [INFO] [接收-帧] 09:32:02.863 设备ID=12041 module=PERIODIC id=ReadFoupStatus uuid=82 len=23
frame=01 04 12 89 41 36 C5 1A DD 42 0D 09 0A 6D A4 15 55 00 8D B4 34 DF 71
[2026-04-17 09:32:03] [INFO] [发送] 09:32:03.870 设备ID=12041 module=PERIODIC id=ReadFoupStatus uuid=82 sendCount=1/1 timeout=1000ms crc=30 0C len=8
frame=01 04 00 00 00 09 30 0C
[2026-04-17 09:32:03] [INFO] [接收-帧] 09:32:03.957 设备ID=12041 module=PERIODIC id=ReadFoupStatus uuid=82 len=23
frame=01 04 12 13 65 70 C0 39 56 1A 42 98 95 6A 1F CC AD 10 A2 49 26 C9 55
