[2026-04-17 09:24:09] [INFO] [发送] 09:24:09.365 设备ID=12045 module=INITIAL id=ReadVersion uuid=89 sendCount=1/4 timeout=1000ms crc=B1 CD len=8
frame=01 04 00 18 00 01 B1 CD
[2026-04-17 09:24:10] [INFO] [接收-帧] 09:24:10.142 设备ID=12045 module=INITIAL id=ReadVersion uuid=89 len=7
frame=01 04 02 00 00 B9 30
[2026-04-17 09:24:10] [INFO] [发送] 09:24:10.142 设备ID=12045 module=PERIODIC id=ReadFoupStatus uuid=90 sendCount=1/1 timeout=1000ms crc=30 0C len=8
frame=01 04 00 00 00 09 30 0C
[2026-04-17 09:24:12] [INFO] [发送] 09:24:12.137 设备ID=12045 module=PERIODIC id=ReadFoupStatus uuid=90 sendCount=1/1 timeout=1000ms crc=30 0C len=8
frame=01 04 00 00 00 09 30 0C
[2026-04-17 09:24:14] [INFO] [发送] 09:24:14.136 设备ID=12045 module=PERIODIC id=ReadFoupStatus uuid=90 sendCount=1/1 timeout=1000ms crc=30 0C len=8
frame=01 04 00 00 00 09 30 0C
[2026-04-17 09:24:16] [INFO] [发送] 09:24:16.144 设备ID=12045 module=PERIODIC id=ReadFoupStatus uuid=90 sendCount=1/1 timeout=1000ms crc=30 0C len=8
frame=01 04 00 00 00 09 30 0C
[2026-04-17 09:24:18] [INFO] [发送] 09:24:18.149 设备ID=12045 module=PERIODIC id=ReadFoupStatus uuid=90 sendCount=1/1 timeout=1000ms crc=30 0C len=8
frame=01 04 00 00 00 09 30 0C
[2026-04-17 09:24:20] [INFO] [发送] 09:24:20.155 设备ID=12045 module=PERIODIC id=ReadFoupStatus uuid=90 sendCount=1/1 timeout=1000ms crc=30 0C len=8
frame=01 04 00 00 00 09 30 0C
[2026-04-17 09:24:22] [INFO] [发送] 09:24:22.156 设备ID=12045 module=PERIODIC id=ReadFoupStatus uuid=90 sendCount=1/1 timeout=1000ms crc=30 0C len=8
frame=01 04 00 00 00 09 30 0C
[2026-04-17 09:24:24] [INFO] [发送] 09:24:24.155 设备ID=12045 module=PERIODIC id=ReadFoupStatus uuid=90 sendCount=1/1 timeout=1000ms crc=30 0C len=8
frame=01 04 00 00 00 09 30 0C
[2026-04-17 09:24:26] [INFO] [发送] 09:24:26.161 设备ID=12045 module=PERIODIC id=ReadFoupStatus uuid=90 sendCount=1/1 timeout=1000ms crc=30 0C len=8
frame=01 04 00 00 00 09 30 0C
[2026-04-17 09:24:28] [INFO] [发送] 09:24:28.168 设备ID=12045 module=PERIODIC id=ReadFoupStatus uuid=90 sendCount=1/1 timeout=1000ms crc=30 0C len=8
frame=01 04 00 00 00 09 30 0C
[2026-04-17 09:24:32] [INFO] [发送] 09:24:32.180 设备ID=12045 module=PERIODIC id=ReadFoupStatus uuid=90 sendCount=1/1 timeout=1000ms crc=30 0C len=8
frame=01 04 00 00 00 09 30 0C
[2026-04-17 09:24:34] [INFO] [发送] 09:24:34.189 设备ID=12045 module=PERIODIC id=ReadFoupStatus uuid=90 sendCount=1/1 timeout=1000ms crc=30 0C len=8
frame=01 04 00 00 00 09 30 0C
[2026-04-17 09:24:36] [INFO] [发送] 09:24:36.183 设备ID=12045 module=PERIODIC id=ReadFoupStatus uuid=90 sendCount=1/1 timeout=1000ms crc=30 0C len=8
frame=01 04 00 00 00 09 30 0C
[2026-04-17 09:24:38] [INFO] [发送] 09:24:38.192 设备ID=12045 module=PERIODIC id=ReadFoupStatus uuid=90 sendCount=1/1 timeout=1000ms crc=30 0C len=8
frame=01 04 00 00 00 09 30 0C
[2026-04-17 09:24:40] [INFO] [发送] 09:24:40.182 设备ID=12045 module=PERIODIC id=ReadFoupStatus uuid=90 sendCount=1/1 timeout=1000ms crc=30 0C len=8
frame=01 04 00 00 00 09 30 0C
[2026-04-17 09:24:42] [INFO] [发送] 09:24:42.187 设备ID=12045 module=PERIODIC id=ReadFoupStatus uuid=90 sendCount=1/1 timeout=1000ms crc=30 0C len=8
frame=01 04 00 00 00 09 30 0C
[2026-04-17 09:24:44] [INFO] [发送] 09:24:44.190 设备ID=12045 module=PERIODIC id=ReadFoupStatus uuid=90 sendCount=1/1 timeout=1000ms crc=30 0C len=8
frame=01 04 00 00 00 09 30 0C
[2026-04-17 09:24:47] [INFO] [发送] 09:24:47.952 设备ID=12045 module=PERIODIC id=ReadFoupStatus uuid=90 sendCount=1/1 timeout=1000ms crc=30 0C len=8
frame=01 04 00 00 00 09 30 0C
[2026-04-17 09:24:48] [INFO] [接收-帧] 09:24:48.061 设备ID=12045 module=PERIODIC id=ReadFoupStatus uuid=90 len=23
frame=01 04 12 DA 1A 61 6B 22 4B 1E B4 97 1E 29 52 9D 4F 9F 1A BF CA 29 D2
[2026-04-17 09:24:49] [INFO] [发送] 09:24:49.066 设备ID=12045 module=PERIODIC id=ReadFoupStatus uuid=90 sendCount=1/1 timeout=1000ms crc=30 0C len=8
frame=01 04 00 00 00 09 30 0C
[2026-04-17 09:24:49] [INFO] [接收-帧] 09:24:49.157 设备ID=12045 module=PERIODIC id=ReadFoupStatus uuid=90 len=23
frame=01 04 12 FA 7B 33 E3 B7 32 F6 66 77 78 64 FC AF AC 55 23 04 88 48 DC
[2026-04-17 09:24:50] [INFO] [发送] 09:24:50.154 设备ID=12045 module=PERIODIC id=ReadFoupStatus uuid=90 sendCount=1/1 timeout=1000ms crc=30 0C len=8
frame=01 04 00 00 00 09 30 0C
[2026-04-17 09:24:50] [INFO] [接收-帧] 09:24:50.260 设备ID=12045 module=PERIODIC id=ReadFoupStatus uuid=90 len=23
frame=01 04 12 8D D3 EF E5 AF 0C E6 12 6D 7C 52 DB 8B C7 61 5C 33 8C 3F 1E
[2026-04-17 09:24:51] [INFO] [发送] 09:24:51.262 设备ID=12045 module=PERIODIC id=ReadFoupStatus uuid=90 sendCount=1/1 timeout=1000ms crc=30 0C len=8
frame=01 04 00 00 00 09 30 0C
[2026-04-17 09:24:51] [INFO] [接收-帧] 09:24:51.342 设备ID=12045 module=PERIODIC id=ReadFoupStatus uuid=90 len=23
frame=01 04 12 FA A1 7A D0 9A 0A 72 20 09 7B 3E BF 1E BD E9 E1 5F BA 25 9B
[2026-04-17 09:24:52] [INFO] [发送] 09:24:52.346 设备ID=12045 module=PERIODIC id=ReadFoupStatus uuid=90 sendCount=1/1 timeout=1000ms crc=30 0C len=8
frame=01 04 00 00 00 09 30 0C
[2026-04-17 09:24:52] [INFO] [接收-帧] 09:24:52.449 设备ID=12045 module=PERIODIC id=ReadFoupStatus uuid=90 len=23
frame=01 04 12 14 93 F9 B8 87 9F 4E 11 75 C8 F8 F7 11 40 5F 1B 74 96 24 51
[2026-04-17 09:24:53] [INFO] [发送] 09:24:53.454 设备ID=12045 module=PERIODIC id=ReadFoupStatus uuid=90 sendCount=1/1 timeout=1000ms crc=30 0C len=8
frame=01 04 00 00 00 09 30 0C
[2026-04-17 09:24:53] [INFO] [接收-帧] 09:24:53.530 设备ID=12045 module=PERIODIC id=ReadFoupStatus uuid=90 len=23
frame=01 04 12 98 96 47 A9 ED 23 3D FE 28 60 31 7A 98 56 9E 5F DF C7 13 AD
[2026-04-17 09:24:54] [INFO] [发送] 09:24:54.525 设备ID=12045 module=PERIODIC id=ReadFoupStatus uuid=90 sendCount=1/1 timeout=1000ms crc=30 0C len=8
frame=01 04 00 00 00 09 30 0C
[2026-04-17 09:24:54] [INFO] [接收-帧] 09:24:54.627 设备ID=12045 module=PERIODIC id=ReadFoupStatus uuid=90 len=23
frame=01 04 12 F9 A5 49 7C D5 F1 B7 C8 94 94 30 4D 49 E2 78 26 A5 BB C3 E6
[2026-04-17 09:24:55] [INFO] [发送] 09:24:55.623 设备ID=12045 module=PERIODIC id=ReadFoupStatus uuid=90 sendCount=1/1 timeout=1000ms crc=30 0C len=8
frame=01 04 00 00 00 09 30 0C
[2026-04-17 09:24:55] [INFO] [接收-帧] 09:24:55.720 设备ID=12045 module=PERIODIC id=ReadFoupStatus uuid=90 len=23
frame=01 04 12 55 79 BF 23 C1 7D C2 1B EB C0 64 CA 74 83 EB 32 10 F1 5E 43
[2026-04-17 09:24:56] [INFO] [发送] 09:24:56.723 设备ID=12045 module=PERIODIC id=ReadFoupStatus uuid=90 sendCount=1/1 timeout=1000ms crc=30 0C len=8
frame=01 04 00 00 00 09 30 0C
[2026-04-17 09:24:56] [INFO] [接收-帧] 09:24:56.816 设备ID=12045 module=PERIODIC id=ReadFoupStatus uuid=90 len=23
frame=01 04 12 9B 0B FF 9E 7E 0D 4D 52 62 AF D4 4D D8 25 8B 3B A5 BC 0E 4D
[2026-04-17 09:24:57] [INFO] [发送] 09:24:57.815 设备ID=12045 module=PERIODIC id=ReadFoupStatus uuid=90 sendCount=1/1 timeout=1000ms crc=30 0C len=8
frame=01 04 00 00 00 09 30 0C
[2026-04-17 09:24:57] [INFO] [接收-帧] 09:24:57.909 设备ID=12045 module=PERIODIC id=ReadFoupStatus uuid=90 len=23
frame=01 04 12 72 DF 5A 55 1C B0 76 26 BC 26 A5 6E 6A 76 F0 7C AD BB DA 18
[2026-04-17 09:24:58] [INFO] [发送] 09:24:58.911 设备ID=12045 module=PERIODIC id=ReadFoupStatus uuid=90 sendCount=1/1 timeout=1000ms crc=30 0C len=8
frame=01 04 00 00 00 09 30 0C
[2026-04-17 09:24:59] [INFO] [接收-帧] 09:24:59.003 设备ID=12045 module=PERIODIC id=ReadFoupStatus uuid=90 len=23
frame=01 04 12 BC BD 70 87 51 93 77 28 7A A1 89 A9 9D 05 50 2D CE 71 E3 F8
[2026-04-17 09:24:59] [INFO] [发送] 09:24:59.999 设备ID=12045 module=PERIODIC id=ReadFoupStatus uuid=90 sendCount=1/1 timeout=1000ms crc=30 0C len=8
frame=01 04 00 00 00 09 30 0C
[2026-04-17 09:25:00] [INFO] [接收-帧] 09:25:00.099 设备ID=12045 module=PERIODIC id=ReadFoupStatus uuid=90 len=23
frame=01 04 12 AE FE 04 6A B0 DC 91 52 48 B9 7A 0C A1 E5 EA 7F AD BB 9E E0
[2026-04-17 09:25:01] [INFO] [发送] 09:25:01.087 设备ID=12045 module=PERIODIC id=ReadFoupStatus uuid=90 sendCount=1/1 timeout=1000ms crc=30 0C len=8
frame=01 04 00 00 00 09 30 0C
[2026-04-17 09:25:01] [INFO] [接收-帧] 09:25:01.186 设备ID=12045 module=PERIODIC id=ReadFoupStatus uuid=90 len=23
frame=01 04 12 FB A9 47 90 D0 44 1A 71 3E 1C 1E AE 9B E7 AA 3E 44 79 B1 3B
[2026-04-17 09:25:02] [INFO] [发送] 09:25:02.192 设备ID=12045 module=PERIODIC id=ReadFoupStatus uuid=90 sendCount=1/1 timeout=1000ms crc=30 0C len=8
frame=01 04 00 00 00 09 30 0C
[2026-04-17 09:25:02] [INFO] [接收-帧] 09:25:02.280 设备ID=12045 module=PERIODIC id=ReadFoupStatus uuid=90 len=23
frame=01 04 12 FD 46 F2 60 41 0E 59 D1 FE 86 C5 F3 E7 E1 D3 4A 24 D6 BF C0
[2026-04-17 09:25:03] [INFO] [发送] 09:25:03.276 设备ID=12045 module=PERIODIC id=ReadFoupStatus uuid=90 sendCount=1/1 timeout=1000ms crc=30 0C len=8
frame=01 04 00 00 00 09 30 0C
[2026-04-17 09:25:03] [INFO] [接收-帧] 09:25:03.375 设备ID=12045 module=PERIODIC id=ReadFoupStatus uuid=90 len=23
frame=01 04 12 0C E1 1C 70 B1 38 78 76 0B EB 03 66 59 EF E7 8E C4 05 8F 4D
[2026-04-17 09:25:04] [INFO] [发送] 09:25:04.375 设备ID=12045 module=PERIODIC id=ReadFoupStatus uuid=90 sendCount=1/1 timeout=1000ms crc=30 0C len=8
frame=01 04 00 00 00 09 30 0C
[2026-04-17 09:25:04] [INFO] [接收-帧] 09:25:04.468 设备ID=12045 module=PERIODIC id=ReadFoupStatus uuid=90 len=23
frame=01 04 12 D6 83 A6 77 0A B0 2E 34 7E FE 5E D5 95 47 5B B5 00 D9 B5 57
[2026-04-17 09:25:05] [INFO] [发送] 09:25:05.469 设备ID=12045 module=PERIODIC id=ReadFoupStatus uuid=90 sendCount=1/1 timeout=1000ms crc=30 0C len=8
frame=01 04 00 00 00 09 30 0C
[2026-04-17 09:25:05] [INFO] [接收-帧] 09:25:05.564 设备ID=12045 module=PERIODIC id=ReadFoupStatus uuid=90 len=23
frame=01 04 12 FC 56 19 2E 04 3A AE E9 03 36 32 46 4C 81 C8 B4 67 E6 8F 5D
[2026-04-17 09:25:06] [INFO] [发送] 09:25:06.569 设备ID=12045 module=PERIODIC id=ReadFoupStatus uuid=90 sendCount=1/1 timeout=1000ms crc=30 0C len=8
frame=01 04 00 00 00 09 30 0C
[2026-04-17 09:25:06] [INFO] [接收-帧] 09:25:06.653 设备ID=12045 module=PERIODIC id=ReadFoupStatus uuid=90 len=23
frame=01 04 12 C0 4F AF CC 0A 5D AB 9E 2B 5C A3 76 DA CE DC 56 D1 74 81 2B
[2026-04-17 09:25:07] [INFO] [发送] 09:25:07.651 设备ID=12045 module=PERIODIC id=ReadFoupStatus uuid=90 sendCount=1/1 timeout=1000ms crc=30 0C len=8
frame=01 04 00 00 00 09 30 0C
[2026-04-17 09:25:07] [INFO] [接收-帧] 09:25:07.753 设备ID=12045 module=PERIODIC id=ReadFoupStatus uuid=90 len=23
frame=01 04 12 57 15 FD EA 28 25 B8 EB EA 43 76 0F ED 2D 7E A0 4B 65 B5 F1
[2026-04-17 09:25:08] [INFO] [发送] 09:25:08.748 设备ID=12045 module=PERIODIC id=ReadFoupStatus uuid=90 sendCount=1/1 timeout=1000ms crc=30 0C len=8
frame=01 04 00 00 00 09 30 0C
[2026-04-17 09:25:08] [INFO] [接收-帧] 09:25:08.847 设备ID=12045 module=PERIODIC id=ReadFoupStatus uuid=90 len=23
frame=01 04 12 61 25 BE E5 D8 3D E7 07 38 B4 E7 71 26 06 70 02 E9 65 22 F5
[2026-04-17 09:25:09] [INFO] [发送] 09:25:09.839 设备ID=12045 module=PERIODIC id=ReadFoupStatus uuid=90 sendCount=1/1 timeout=1000ms crc=30 0C len=8
frame=01 04 00 00 00 09 30 0C
[2026-04-17 09:25:09] [INFO] [接收-帧] 09:25:09.939 设备ID=12045 module=PERIODIC id=ReadFoupStatus uuid=90 len=23
frame=01 04 12 E7 4A 24 CC 29 59 FF BF C7 C7 56 1A 8B 2F 13 F1 82 53 87 AE
[2026-04-17 09:25:10] [INFO] [发送] 09:25:10.935 设备ID=12045 module=PERIODIC id=ReadFoupStatus uuid=90 sendCount=1/1 timeout=1000ms crc=30 0C len=8
frame=01 04 00 00 00 09 30 0C
[2026-04-17 09:25:11] [INFO] [接收-帧] 09:25:11.028 设备ID=12045 module=PERIODIC id=ReadFoupStatus uuid=90 len=23
frame=01 04 12 FF F7 36 82 DC E2 12 58 94 34 07 08 53 F1 44 40 73 10 3A 83
[2026-04-17 09:25:12] [INFO] [发送] 09:25:12.035 设备ID=12045 module=PERIODIC id=ReadFoupStatus uuid=90 sendCount=1/1 timeout=1000ms crc=30 0C len=8
frame=01 04 00 00 00 09 30 0C
[2026-04-17 09:25:12] [INFO] [接收-帧] 09:25:12.126 设备ID=12045 module=PERIODIC id=ReadFoupStatus uuid=90 len=23
frame=01 04 12 E4 07 C4 96 18 53 2E 1C E9 81 1E DD 4F 7B FB 3D 13 B9 AA B0
[2026-04-17 09:25:13] [INFO] [发送] 09:25:13.124 设备ID=12045 module=PERIODIC id=ReadFoupStatus uuid=90 sendCount=1/1 timeout=1000ms crc=30 0C len=8
frame=01 04 00 00 00 09 30 0C
[2026-04-17 09:25:13] [INFO] [接收-帧] 09:25:13.221 设备ID=12045 module=PERIODIC id=ReadFoupStatus uuid=90 len=23
frame=01 04 12 7E 35 CD 88 F4 6F 9A 7B D8 5F B9 4C 45 86 92 6E 82 18 C4 F1
[2026-04-17 09:25:14] [INFO] [发送] 09:25:14.216 设备ID=12045 module=PERIODIC id=ReadFoupStatus uuid=90 sendCount=1/1 timeout=1000ms crc=30 0C len=8
frame=01 04 00 00 00 09 30 0C
[2026-04-17 09:25:14] [INFO] [接收-帧] 09:25:14.311 设备ID=12045 module=PERIODIC id=ReadFoupStatus uuid=90 len=23
frame=01 04 12 66 C7 52 E2 FF E4 7B 35 50 53 20 6B 17 04 1C 6C 1E CB 0F F8
[2026-04-17 09:25:15] [INFO] [发送] 09:25:15.320 设备ID=12045 module=PERIODIC id=ReadFoupStatus uuid=90 sendCount=1/1 timeout=1000ms crc=30 0C len=8
frame=01 04 00 00 00 09 30 0C
[2026-04-17 09:25:15] [INFO] [接收-帧] 09:25:15.409 设备ID=12045 module=PERIODIC id=ReadFoupStatus uuid=90 len=23
frame=01 04 12 E8 FD C0 77 E2 23 22 07 9E 4B B2 4C 3B 36 CA 68 D0 71 72 47
[2026-04-17 09:25:16] [INFO] [发送] 09:25:16.412 设备ID=12045 module=PERIODIC id=ReadFoupStatus uuid=90 sendCount=1/1 timeout=1000ms crc=30 0C len=8
frame=01 04 00 00 00 09 30 0C
[2026-04-17 09:25:16] [INFO] [接收-帧] 09:25:16.498 设备ID=12045 module=PERIODIC id=ReadFoupStatus uuid=90 len=23
frame=01 04 12 5D F8 DD 9B F4 02 5F 3C F2 24 0C F0 55 D3 4B C9 3C C9 C3 E3
[2026-04-17 09:25:17] [INFO] [发送] 09:25:17.496 设备ID=12045 module=PERIODIC id=ReadFoupStatus uuid=90 sendCount=1/1 timeout=1000ms crc=30 0C len=8
frame=01 04 00 00 00 09 30 0C
[2026-04-17 09:25:17] [INFO] [接收-帧] 09:25:17.592 设备ID=12045 module=PERIODIC id=ReadFoupStatus uuid=90 len=23
frame=01 04 12 2F 99 23 C3 16 73 E1 9C F5 05 84 71 BD 8D 42 F7 9D D2 37 C7
[2026-04-17 09:25:18] [INFO] [发送] 09:25:18.595 设备ID=12045 module=PERIODIC id=ReadFoupStatus uuid=90 sendCount=1/1 timeout=1000ms crc=30 0C len=8
frame=01 04 00 00 00 09 30 0C
[2026-04-17 09:25:18] [INFO] [接收-帧] 09:25:18.687 设备ID=12045 module=PERIODIC id=ReadFoupStatus uuid=90 len=23
frame=01 04 12 39 19 87 0B A7 83 43 66 A0 25 3B 23 21 7A 62 4E F0 BB C5 A0
[2026-04-17 09:25:19] [INFO] [发送] 09:25:19.694 设备ID=12045 module=PERIODIC id=ReadFoupStatus uuid=90 sendCount=1/1 timeout=1000ms crc=30 0C len=8
frame=01 04 00 00 00 09 30 0C
[2026-04-17 09:25:19] [INFO] [接收-帧] 09:25:19.780 设备ID=12045 module=PERIODIC id=ReadFoupStatus uuid=90 len=23
frame=01 04 12 29 4E 28 BA 40 3D 98 89 4F AA EB 67 CC 01 3C 87 7A E6 87 67
[2026-04-17 09:25:20] [INFO] [发送] 09:25:20.779 设备ID=12045 module=PERIODIC id=ReadFoupStatus uuid=90 sendCount=1/1 timeout=1000ms crc=30 0C len=8
frame=01 04 00 00 00 09 30 0C
[2026-04-17 09:25:20] [INFO] [接收-帧] 09:25:20.874 设备ID=12045 module=PERIODIC id=ReadFoupStatus uuid=90 len=23
frame=01 04 12 91 B8 07 00 66 92 13 27 B1 3B 68 E4 FA F7 AA 49 0A 3F DA 9B
[2026-04-17 09:25:21] [INFO] [发送] 09:25:21.878 设备ID=12045 module=PERIODIC id=ReadFoupStatus uuid=90 sendCount=1/1 timeout=1000ms crc=30 0C len=8
frame=01 04 00 00 00 09 30 0C
[2026-04-17 09:25:21] [INFO] [接收-帧] 09:25:21.973 设备ID=12045 module=PERIODIC id=ReadFoupStatus uuid=90 len=23
frame=01 04 12 B9 D0 8A 69 67 65 12 F0 B1 BE C5 D2 3B F4 FB 84 7E 4E 05 75
[2026-04-17 09:25:22] [INFO] [发送] 09:25:22.963 设备ID=12045 module=PERIODIC id=ReadFoupStatus uuid=90 sendCount=1/1 timeout=1000ms crc=30 0C len=8
frame=01 04 00 00 00 09 30 0C
[2026-04-17 09:25:23] [INFO] [接收-帧] 09:25:23.062 设备ID=12045 module=PERIODIC id=ReadFoupStatus uuid=90 len=23
frame=01 04 12 C3 9A E4 94 15 E4 77 C8 80 05 79 1C C4 B1 DB 3E 7B DD EF 29
[2026-04-17 09:25:24] [INFO] [发送] 09:25:24.056 设备ID=12045 module=PERIODIC id=ReadFoupStatus uuid=90 sendCount=1/1 timeout=1000ms crc=30 0C len=8
frame=01 04 00 00 00 09 30 0C
[2026-04-17 09:25:24] [INFO] [接收-帧] 09:25:24.160 设备ID=12045 module=PERIODIC id=ReadFoupStatus uuid=90 len=23
frame=01 04 12 57 84 2C 0D 61 3B 82 0B BA D5 72 76 25 A1 8C 4E 2F F5 C8 63
[2026-04-17 09:25:25] [INFO] [发送] 09:25:25.160 设备ID=12045 module=PERIODIC id=ReadFoupStatus uuid=90 sendCount=1/1 timeout=1000ms crc=30 0C len=8
frame=01 04 00 00 00 09 30 0C
[2026-04-17 09:25:25] [INFO] [接收-帧] 09:25:25.248 设备ID=12045 module=PERIODIC id=ReadFoupStatus uuid=90 len=23
frame=01 04 12 60 81 12 21 6E C5 37 27 25 68 14 D1 97 BD 23 3E EF 90 2B D1
[2026-04-17 09:25:26] [INFO] [发送] 09:25:26.251 设备ID=12045 module=PERIODIC id=ReadFoupStatus uuid=90 sendCount=1/1 timeout=1000ms crc=30 0C len=8
frame=01 04 00 00 00 09 30 0C
[2026-04-17 09:25:26] [INFO] [接收-帧] 09:25:26.342 设备ID=12045 module=PERIODIC id=ReadFoupStatus uuid=90 len=23
frame=01 04 12 C3 BE 10 2A A3 61 2B 1C 60 2D DF F7 AB E6 4B 7A 9E 07 14 C2
[2026-04-17 09:25:27] [INFO] [发送] 09:25:27.341 设备ID=12045 module=PERIODIC id=ReadFoupStatus uuid=90 sendCount=1/1 timeout=1000ms crc=30 0C len=8
frame=01 04 00 00 00 09 30 0C
[2026-04-17 09:25:27] [INFO] [接收-帧] 09:25:27.440 设备ID=12045 module=PERIODIC id=ReadFoupStatus uuid=90 len=23
frame=01 04 12 BD C9 FB 07 74 7A 73 05 59 D9 E5 A8 D2 0C AC 04 AF D1 AA 93
[2026-04-17 09:25:28] [INFO] [发送] 09:25:28.451 设备ID=12045 module=PERIODIC id=ReadFoupStatus uuid=90 sendCount=1/1 timeout=1000ms crc=30 0C len=8
frame=01 04 00 00 00 09 30 0C
[2026-04-17 09:25:28] [INFO] [接收-帧] 09:25:28.534 设备ID=12045 module=PERIODIC id=ReadFoupStatus uuid=90 len=23
frame=01 04 12 F1 F1 14 C3 7C DB BF 60 AD 2C 66 5C 26 57 D5 9A 74 2E C0 C1
[2026-04-17 09:25:29] [INFO] [发送] 09:25:29.532 设备ID=12045 module=PERIODIC id=ReadFoupStatus uuid=90 sendCount=1/1 timeout=1000ms crc=30 0C len=8
frame=01 04 00 00 00 09 30 0C
[2026-04-17 09:25:29] [INFO] [接收-帧] 09:25:29.629 设备ID=12045 module=PERIODIC id=ReadFoupStatus uuid=90 len=23
frame=01 04 12 E7 16 33 43 6A DB BC EA 3A 77 AF 43 0A 86 ED 41 7C 65 44 75
[2026-04-17 09:25:30] [INFO] [发送] 09:25:30.629 设备ID=12045 module=PERIODIC id=ReadFoupStatus uuid=90 sendCount=1/1 timeout=1000ms crc=30 0C len=8
frame=01 04 00 00 00 09 30 0C
[2026-04-17 09:25:30] [INFO] [接收-帧] 09:25:30.715 设备ID=12045 module=PERIODIC id=ReadFoupStatus uuid=90 len=23
frame=01 04 12 15 2C CC A4 5D E0 C6 5A E8 F3 69 02 32 23 34 F1 B7 6A 6E B5
[2026-04-17 09:25:31] [INFO] [发送] 09:25:31.712 设备ID=12045 module=PERIODIC id=ReadFoupStatus uuid=90 sendCount=1/1 timeout=1000ms crc=30 0C len=8
frame=01 04 00 00 00 09 30 0C
[2026-04-17 09:25:31] [INFO] [接收-帧] 09:25:31.812 设备ID=12045 module=PERIODIC id=ReadFoupStatus uuid=90 len=23
frame=01 04 12 79 A3 FF 41 5B 8F E9 B5 33 4F 20 97 E6 29 1E 9B 8C 2B 92 51
[2026-04-17 09:25:32] [INFO] [发送] 09:25:32.816 设备ID=12045 module=PERIODIC id=ReadFoupStatus uuid=90 sendCount=1/1 timeout=1000ms crc=30 0C len=8
frame=01 04 00 00 00 09 30 0C
[2026-04-17 09:25:32] [INFO] [接收-帧] 09:25:32.909 设备ID=12045 module=PERIODIC id=ReadFoupStatus uuid=90 len=23
frame=01 04 12 4E 74 62 27 98 AC 97 37 77 94 03 FE EB BA 77 2B 7E 97 F5 D7
[2026-04-17 09:25:33] [INFO] [发送] 09:25:33.913 设备ID=12045 module=PERIODIC id=ReadFoupStatus uuid=90 sendCount=1/1 timeout=1000ms crc=30 0C len=8
frame=01 04 00 00 00 09 30 0C
[2026-04-17 09:25:33] [INFO] [接收-帧] 09:25:33.999 设备ID=12045 module=PERIODIC id=ReadFoupStatus uuid=90 len=23
frame=01 04 12 15 A3 2E 1B 60 6F CF 57 C9 27 9C A8 7C D0 17 71 6E A4 1C FC
[2026-04-17 09:25:34] [INFO] [发送] 09:25:34.995 设备ID=12045 module=PERIODIC id=ReadFoupStatus uuid=90 sendCount=1/1 timeout=1000ms crc=30 0C len=8
frame=01 04 00 00 00 09 30 0C
[2026-04-17 09:25:35] [INFO] [接收-帧] 09:25:35.094 设备ID=12045 module=PERIODIC id=ReadFoupStatus uuid=90 len=23
frame=01 04 12 E2 C8 13 4B 16 1E CE 0B 80 3A 61 E2 2F D9 3A 94 43 8D 3E 7B
[2026-04-17 09:25:36] [INFO] [发送] 09:25:36.096 设备ID=12045 module=PERIODIC id=ReadFoupStatus uuid=90 sendCount=1/1 timeout=1000ms crc=30 0C len=8
frame=01 04 00 00 00 09 30 0C
[2026-04-17 09:25:36] [INFO] [接收-帧] 09:25:36.187 设备ID=12045 module=PERIODIC id=ReadFoupStatus uuid=90 len=23
frame=01 04 12 9D CD F8 7E 5C 64 C9 69 2A 5B AD 0B AC AF 98 84 D5 35 7F E0
[2026-04-17 09:25:37] [INFO] [发送] 09:25:37.181 设备ID=12045 module=PERIODIC id=ReadFoupStatus uuid=90 sendCount=1/1 timeout=1000ms crc=30 0C len=8
frame=01 04 00 00 00 09 30 0C
[2026-04-17 09:25:37] [INFO] [接收-帧] 09:25:37.280 设备ID=12045 module=PERIODIC id=ReadFoupStatus uuid=90 len=23
frame=01 04 12 AC 3A 42 0B FB E9 33 A2 1E 86 53 FE A6 DB A4 B2 CF 7F 20 20
[2026-04-17 09:25:38] [INFO] [发送] 09:25:38.282 设备ID=12045 module=PERIODIC id=ReadFoupStatus uuid=90 sendCount=1/1 timeout=1000ms crc=30 0C len=8
frame=01 04 00 00 00 09 30 0C
[2026-04-17 09:25:38] [INFO] [接收-帧] 09:25:38.372 设备ID=12045 module=PERIODIC id=ReadFoupStatus uuid=90 len=23
frame=01 04 12 39 B1 B8 54 C5 36 4D BD 42 7F 07 FA 4F 47 A4 E2 0E DF 75 E4
[2026-04-17 09:25:39] [INFO] [发送] 09:25:39.370 设备ID=12045 module=PERIODIC id=ReadFoupStatus uuid=90 sendCount=1/1 timeout=1000ms crc=30 0C len=8
frame=01 04 00 00 00 09 30 0C
[2026-04-17 09:25:39] [INFO] [接收-帧] 09:25:39.466 设备ID=12045 module=PERIODIC id=ReadFoupStatus uuid=90 len=23
frame=01 04 12 86 0C E3 B1 83 32 70 E8 19 6C 68 5D FB 34 C6 DF DF 83 DC 28
[2026-04-17 09:25:40] [INFO] [发送] 09:25:40.466 设备ID=12045 module=PERIODIC id=ReadFoupStatus uuid=90 sendCount=1/1 timeout=1000ms crc=30 0C len=8
frame=01 04 00 00 00 09 30 0C
[2026-04-17 09:25:40] [INFO] [接收-帧] 09:25:40.559 设备ID=12045 module=PERIODIC id=ReadFoupStatus uuid=90 len=23
frame=01 04 12 FC 0F 40 B5 AD CF 28 DB BA A7 04 BB 90 4E AF 91 88 4F 43 6E
[2026-04-17 09:25:41] [INFO] [发送] 09:25:41.556 设备ID=12045 module=PERIODIC id=ReadFoupStatus uuid=90 sendCount=1/1 timeout=1000ms crc=30 0C len=8
frame=01 04 00 00 00 09 30 0C
[2026-04-17 09:25:41] [INFO] [接收-帧] 09:25:41.657 设备ID=12045 module=PERIODIC id=ReadFoupStatus uuid=90 len=23
frame=01 04 12 17 AB 6A A2 A3 F6 3E 8F 3B AC 98 8C EF 97 96 7C 7B F7 DE CD
[2026-04-17 09:25:42] [INFO] [发送] 09:25:42.650 设备ID=12045 module=PERIODIC id=ReadFoupStatus uuid=90 sendCount=1/1 timeout=1000ms crc=30 0C len=8
frame=01 04 00 00 00 09 30 0C
[2026-04-17 09:25:42] [INFO] [接收-帧] 09:25:42.749 设备ID=12045 module=PERIODIC id=ReadFoupStatus uuid=90 len=23
frame=01 04 12 8F 81 AB 8A FB 21 3E 0A E9 FB 98 4B 74 E3 88 95 27 2F A9 4E
[2026-04-17 09:25:43] [INFO] [发送] 09:25:43.745 设备ID=12045 module=PERIODIC id=ReadFoupStatus uuid=90 sendCount=1/1 timeout=1000ms crc=30 0C len=8
frame=01 04 00 00 00 09 30 0C
[2026-04-17 09:25:43] [INFO] [接收-帧] 09:25:43.847 设备ID=12045 module=PERIODIC id=ReadFoupStatus uuid=90 len=23
frame=01 04 12 85 67 80 DE ED 48 66 7A 70 9C D0 FF 7A 4A 44 B4 6B 74 C4 D8
[2026-04-17 09:25:44] [INFO] [发送] 09:25:44.840 设备ID=12045 module=PERIODIC id=ReadFoupStatus uuid=90 sendCount=1/1 timeout=1000ms crc=30 0C len=8
frame=01 04 00 00 00 09 30 0C
[2026-04-17 09:25:44] [INFO] [接收-帧] 09:25:44.937 设备ID=12045 module=PERIODIC id=ReadFoupStatus uuid=90 len=23
frame=01 04 12 E9 56 72 8B DB 75 6A 4E 33 70 E2 DF 80 88 C3 3C BB 36 47 4F
[2026-04-17 09:25:45] [INFO] [发送] 09:25:45.937 设备ID=12045 module=PERIODIC id=ReadFoupStatus uuid=90 sendCount=1/1 timeout=1000ms crc=30 0C len=8
frame=01 04 00 00 00 09 30 0C
[2026-04-17 09:25:46] [INFO] [接收-帧] 09:25:46.035 设备ID=12045 module=PERIODIC id=ReadFoupStatus uuid=90 len=23
frame=01 04 12 0E 3E 5F 80 2C 4E 03 41 E3 A3 E1 DC DA AA 51 00 B0 AF D8 04
[2026-04-17 09:25:47] [INFO] [发送] 09:25:47.024 设备ID=12045 module=PERIODIC id=ReadFoupStatus uuid=90 sendCount=1/1 timeout=1000ms crc=30 0C len=8
frame=01 04 00 00 00 09 30 0C
[2026-04-17 09:25:47] [INFO] [接收-帧] 09:25:47.124 设备ID=12045 module=PERIODIC id=ReadFoupStatus uuid=90 len=23
frame=01 04 12 0A BC A9 F7 2A 6A 50 EC E4 80 BE BB 25 93 F5 71 C2 4F 92 AD
[2026-04-17 09:25:48] [INFO] [发送] 09:25:48.132 设备ID=12045 module=PERIODIC id=ReadFoupStatus uuid=90 sendCount=1/1 timeout=1000ms crc=30 0C len=8
frame=01 04 00 00 00 09 30 0C
[2026-04-17 09:25:48] [INFO] [接收-帧] 09:25:48.216 设备ID=12045 module=PERIODIC id=ReadFoupStatus uuid=90 len=23
frame=01 04 12 22 D3 C1 1D 92 49 4E 98 3C 5A 80 C4 81 4D B8 36 41 91 8B D4
[2026-04-17 09:25:49] [INFO] [发送] 09:25:49.216 设备ID=12045 module=PERIODIC id=ReadFoupStatus uuid=90 sendCount=1/1 timeout=1000ms crc=30 0C len=8
frame=01 04 00 00 00 09 30 0C
[2026-04-17 09:25:49] [INFO] [接收-帧] 09:25:49.316 设备ID=12045 module=PERIODIC id=ReadFoupStatus uuid=90 len=23
frame=01 04 12 D7 1B E9 D0 27 F2 85 3F 56 28 16 9C C2 95 8F 7C 55 4C 43 18
[2026-04-17 09:25:50] [INFO] [发送] 09:25:50.306 设备ID=12045 module=PERIODIC id=ReadFoupStatus uuid=90 sendCount=1/1 timeout=1000ms crc=30 0C len=8
frame=01 04 00 00 00 09 30 0C
[2026-04-17 09:25:50] [INFO] [接收-帧] 09:25:50.406 设备ID=12045 module=PERIODIC id=ReadFoupStatus uuid=90 len=23
frame=01 04 12 62 8F A1 71 93 1D 62 CA 29 65 14 68 CD 81 27 06 3C 46 47 FC
[2026-04-17 09:25:51] [INFO] [发送] 09:25:51.405 设备ID=12045 module=PERIODIC id=ReadFoupStatus uuid=90 sendCount=1/1 timeout=1000ms crc=30 0C len=8
frame=01 04 00 00 00 09 30 0C
[2026-04-17 09:25:51] [INFO] [接收-帧] 09:25:51.534 设备ID=12045 module=PERIODIC id=ReadFoupStatus uuid=90 len=23
frame=01 04 12 DD 4B B5 AA B0 53 0B B8 B5 CF 7B D6 79 42 6F F6 FC B7 A2 D9
[2026-04-17 09:25:52] [INFO] [发送] 09:25:52.524 设备ID=12045 module=PERIODIC id=ReadFoupStatus uuid=90 sendCount=1/1 timeout=1000ms crc=30 0C len=8
frame=01 04 00 00 00 09 30 0C
[2026-04-17 09:25:52] [INFO] [接收-帧] 09:25:52.592 设备ID=12045 module=PERIODIC id=ReadFoupStatus uuid=90 len=23
frame=01 04 12 1D DB 71 E6 DA 28 4A 3F DB 56 DD 4B EB BE 28 39 FF C8 27 4E
[2026-04-17 09:25:53] [INFO] [发送] 09:25:53.592 设备ID=12045 module=PERIODIC id=ReadFoupStatus uuid=90 sendCount=1/1 timeout=1000ms crc=30 0C len=8
frame=01 04 00 00 00 09 30 0C
[2026-04-17 09:25:53] [INFO] [接收-帧] 09:25:53.688 设备ID=12045 module=PERIODIC id=ReadFoupStatus uuid=90 len=23
frame=01 04 12 DE 11 15 2B A4 F2 14 12 AF 40 AC 8A 5D F6 4A 4D C2 03 1D CF
[2026-04-17 09:25:54] [INFO] [发送] 09:25:54.685 设备ID=12045 module=PERIODIC id=ReadFoupStatus uuid=90 sendCount=1/1 timeout=1000ms crc=30 0C len=8
frame=01 04 00 00 00 09 30 0C
[2026-04-17 09:25:54] [INFO] [接收-帧] 09:25:54.780 设备ID=12045 module=PERIODIC id=ReadFoupStatus uuid=90 len=23
frame=01 04 12 6E 39 B7 65 E5 D3 6C A1 05 9B D1 28 BB D8 C8 68 15 BA 83 5A
[2026-04-17 09:25:55] [INFO] [发送] 09:25:55.776 设备ID=12045 module=PERIODIC id=ReadFoupStatus uuid=90 sendCount=1/1 timeout=1000ms crc=30 0C len=8
frame=01 04 00 00 00 09 30 0C
[2026-04-17 09:25:55] [INFO] [接收-帧] 09:25:55.878 设备ID=12045 module=PERIODIC id=ReadFoupStatus uuid=90 len=23
frame=01 04 12 92 86 C9 43 AF F6 AB EF 53 0B 4F DE 8F 6C 06 60 7F 42 EE 29
[2026-04-17 09:25:56] [INFO] [发送] 09:25:56.876 设备ID=12045 module=PERIODIC id=ReadFoupStatus uuid=90 sendCount=1/1 timeout=1000ms crc=30 0C len=8
frame=01 04 00 00 00 09 30 0C
[2026-04-17 09:25:56] [INFO] [接收-帧] 09:25:56.971 设备ID=12045 module=PERIODIC id=ReadFoupStatus uuid=90 len=23
frame=01 04 12 F4 FD C2 0E 35 96 9F 78 C9 E0 EF 67 6B 3D 63 06 FF 49 4F 70
[2026-04-17 09:25:57] [INFO] [发送] 09:25:57.965 设备ID=12045 module=PERIODIC id=ReadFoupStatus uuid=90 sendCount=1/1 timeout=1000ms crc=30 0C len=8
frame=01 04 00 00 00 09 30 0C
[2026-04-17 09:25:58] [INFO] [接收-帧] 09:25:58.066 设备ID=12045 module=PERIODIC id=ReadFoupStatus uuid=90 len=23
frame=01 04 12 97 8D F7 1D 88 D1 EF CA 24 C5 72 43 A3 02 A7 94 77 0B B5 EF
[2026-04-17 09:25:59] [INFO] [发送] 09:25:59.060 设备ID=12045 module=PERIODIC id=ReadFoupStatus uuid=90 sendCount=1/1 timeout=1000ms crc=30 0C len=8
frame=01 04 00 00 00 09 30 0C
[2026-04-17 09:25:59] [INFO] [接收-帧] 09:25:59.155 设备ID=12045 module=PERIODIC id=ReadFoupStatus uuid=90 len=23
frame=01 04 12 BD F1 C7 A1 B0 85 D6 B8 83 0E C8 18 4A 22 9F 4E F0 21 73 62
[2026-04-17 09:26:00] [INFO] [发送] 09:26:00.158 设备ID=12045 module=PERIODIC id=ReadFoupStatus uuid=90 sendCount=1/1 timeout=1000ms crc=30 0C len=8
frame=01 04 00 00 00 09 30 0C
[2026-04-17 09:26:00] [INFO] [接收-帧] 09:26:00.254 设备ID=12045 module=PERIODIC id=ReadFoupStatus uuid=90 len=23
frame=01 04 12 E7 CD 77 11 29 E3 94 32 B3 95 15 1F 28 23 FB CE FD CD 7F F3
[2026-04-17 09:26:01] [INFO] [发送] 09:26:01.245 设备ID=12045 module=PERIODIC id=ReadFoupStatus uuid=90 sendCount=1/1 timeout=1000ms crc=30 0C len=8
frame=01 04 00 00 00 09 30 0C
[2026-04-17 09:26:01] [INFO] [接收-帧] 09:26:01.341 设备ID=12045 module=PERIODIC id=ReadFoupStatus uuid=90 len=23
frame=01 04 12 A2 2F 1C F4 C2 DD 8A CF 80 0F CA 9A A3 0A 54 B8 2F F1 10 BA
[2026-04-17 09:26:02] [INFO] [发送] 09:26:02.345 设备ID=12045 module=PERIODIC id=ReadFoupStatus uuid=90 sendCount=1/1 timeout=1000ms crc=30 0C len=8
frame=01 04 00 00 00 09 30 0C
[2026-04-17 09:26:02] [INFO] [接收-帧] 09:26:02.445 设备ID=12045 module=PERIODIC id=ReadFoupStatus uuid=90 len=23
frame=01 04 12 96 B1 E5 6B B6 C8 53 8A 62 AF FD E7 3E F1 15 B0 83 B3 F4 C6
[2026-04-17 09:26:03] [INFO] [发送] 09:26:03.453 设备ID=12045 module=PERIODIC id=ReadFoupStatus uuid=90 sendCount=1/1 timeout=1000ms crc=30 0C len=8
frame=01 04 00 00 00 09 30 0C
[2026-04-17 09:26:03] [INFO] [接收-帧] 09:26:03.531 设备ID=12045 module=PERIODIC id=ReadFoupStatus uuid=90 len=23
frame=01 04 12 8B 7B 10 50 05 8C 88 95 BF FD 99 AC 67 7E 3F 55 59 D0 3E EF
[2026-04-17 09:26:04] [INFO] [发送] 09:26:04.572 设备ID=12045 module=PERIODIC id=ReadFoupStatus uuid=90 sendCount=1/1 timeout=1000ms crc=30 0C len=8
frame=01 04 00 00 00 09 30 0C
[2026-04-17 09:26:04] [INFO] [接收-帧] 09:26:04.628 设备ID=12045 module=PERIODIC id=ReadFoupStatus uuid=90 len=23
frame=01 04 12 69 30 BE 86 23 9E E2 38 D6 4E D2 3E A2 86 43 61 8F D8 48 92
[2026-04-17 09:26:05] [INFO] [发送] 09:26:05.639 设备ID=12045 module=PERIODIC id=ReadFoupStatus uuid=90 sendCount=1/1 timeout=1000ms crc=30 0C len=8
frame=01 04 00 00 00 09 30 0C
[2026-04-17 09:26:05] [INFO] [接收-帧] 09:26:05.716 设备ID=12045 module=PERIODIC id=ReadFoupStatus uuid=90 len=23
frame=01 04 12 7A EF 1A 2A 50 1D 99 0B FA 8F 3F C5 BB CB D7 F7 06 7F 03 61
[2026-04-17 09:26:06] [INFO] [发送] 09:26:06.719 设备ID=12045 module=PERIODIC id=ReadFoupStatus uuid=90 sendCount=1/1 timeout=1000ms crc=30 0C len=8
frame=01 04 00 00 00 09 30 0C
[2026-04-17 09:26:06] [INFO] [接收-帧] 09:26:06.838 设备ID=12045 module=PERIODIC id=ReadFoupStatus uuid=90 len=23
frame=01 04 12 3A EC C2 AB 0B 0A 52 B5 95 AF C9 48 4D 3C 50 7D 8E 6A 21 78
[2026-04-17 09:26:07] [INFO] [发送] 09:26:07.860 设备ID=12045 module=PERIODIC id=ReadFoupStatus uuid=90 sendCount=1/1 timeout=1000ms crc=30 0C len=8
frame=01 04 00 00 00 09 30 0C
[2026-04-17 09:26:07] [INFO] [接收-帧] 09:26:07.904 设备ID=12045 module=PERIODIC id=ReadFoupStatus uuid=90 len=23
frame=01 04 12 4F DE 01 08 77 0A D1 5D 43 2E 73 C0 38 B1 D7 50 97 42 F4 16
[2026-04-17 09:26:08] [INFO] [发送] 09:26:08.913 设备ID=12045 module=PERIODIC id=ReadFoupStatus uuid=90 sendCount=1/1 timeout=1000ms crc=30 0C len=8
frame=01 04 00 00 00 09 30 0C
[2026-04-17 09:26:08] [INFO] [接收-帧] 09:26:08.999 设备ID=12045 module=PERIODIC id=ReadFoupStatus uuid=90 len=23
frame=01 04 12 A4 06 2D 83 D8 77 3C 23 1A 5A D2 8B 24 D2 AC 03 DD B5 A2 0A
[2026-04-17 09:26:09] [INFO] [发送] 09:26:09.995 设备ID=12045 module=PERIODIC id=ReadFoupStatus uuid=90 sendCount=1/1 timeout=1000ms crc=30 0C len=8
frame=01 04 00 00 00 09 30 0C
[2026-04-17 09:26:10] [INFO] [接收-帧] 09:26:10.094 设备ID=12045 module=PERIODIC id=ReadFoupStatus uuid=90 len=23
frame=01 04 12 95 0B C3 62 B2 8A 3D CE 3F 45 3B 03 06 D9 EC 85 7F 33 D8 7C
[2026-04-17 09:26:11] [INFO] [发送] 09:26:11.094 设备ID=12045 module=PERIODIC id=ReadFoupStatus uuid=90 sendCount=1/1 timeout=1000ms crc=30 0C len=8
frame=01 04 00 00 00 09 30 0C
[2026-04-17 09:26:11] [INFO] [接收-帧] 09:26:11.191 设备ID=12045 module=PERIODIC id=ReadFoupStatus uuid=90 len=23
frame=01 04 12 FE B5 01 C7 A6 A3 EF BD 32 2F A4 82 52 B4 AC E8 CD C7 37 90
[2026-04-17 09:26:12] [INFO] [发送] 09:26:12.188 设备ID=12045 module=PERIODIC id=ReadFoupStatus uuid=90 sendCount=1/1 timeout=1000ms crc=30 0C len=8
frame=01 04 00 00 00 09 30 0C
[2026-04-17 09:26:12] [INFO] [接收-帧] 09:26:12.280 设备ID=12045 module=PERIODIC id=ReadFoupStatus uuid=90 len=23
frame=01 04 12 CD EA 57 2E D0 A4 A2 FD 79 22 D6 76 D4 4D 40 95 14 35 77 89
[2026-04-17 09:26:13] [INFO] [发送] 09:26:13.277 设备ID=12045 module=PERIODIC id=ReadFoupStatus uuid=90 sendCount=1/1 timeout=1000ms crc=30 0C len=8
frame=01 04 00 00 00 09 30 0C
[2026-04-17 09:26:13] [INFO] [接收-帧] 09:26:13.376 设备ID=12045 module=PERIODIC id=ReadFoupStatus uuid=90 len=23
frame=01 04 12 41 11 D4 67 C2 C9 CA 36 BA C6 C8 28 DD 78 CD 51 9E D0 4F 46
[2026-04-17 09:26:14] [INFO] [发送] 09:26:14.369 设备ID=12045 module=PERIODIC id=ReadFoupStatus uuid=90 sendCount=1/1 timeout=1000ms crc=30 0C len=8
frame=01 04 00 00 00 09 30 0C
[2026-04-17 09:26:14] [INFO] [接收-帧] 09:26:14.470 设备ID=12045 module=PERIODIC id=ReadFoupStatus uuid=90 len=23
frame=01 04 12 A9 31 8B EA AC 43 26 B6 18 88 44 8F CA 44 77 14 82 70 0F BF
[2026-04-17 09:26:15] [INFO] [发送] 09:26:15.649 设备ID=12045 module=PERIODIC id=ReadFoupStatus uuid=90 sendCount=1/1 timeout=1000ms crc=30 0C len=8
frame=01 04 00 00 00 09 30 0C
[2026-04-17 09:26:15] [INFO] [接收-帧] 09:26:15.722 设备ID=12045 module=PERIODIC id=ReadFoupStatus uuid=90 len=23
frame=01 04 12 B7 7F C7 95 49 EF A5 52 0A 03 1B 05 41 C2 0B 2C 2D 56 29 3D
[2026-04-17 09:26:16] [INFO] [发送] 09:26:16.716 设备ID=12045 module=PERIODIC id=ReadFoupStatus uuid=90 sendCount=1/1 timeout=1000ms crc=30 0C len=8
frame=01 04 00 00 00 09 30 0C
[2026-04-17 09:26:16] [INFO] [接收-帧] 09:26:16.777 设备ID=12045 module=PERIODIC id=ReadFoupStatus uuid=90 len=23
frame=01 04 12 AD A0 30 03 8E AF 2B 06 D2 E1 F1 A3 AB 25 A5 6C 3F AF 63 B7
[2026-04-17 09:26:17] [INFO] [发送] 09:26:17.784 设备ID=12045 module=PERIODIC id=ReadFoupStatus uuid=90 sendCount=1/1 timeout=1000ms crc=30 0C len=8
frame=01 04 00 00 00 09 30 0C
[2026-04-17 09:26:17] [INFO] [接收-帧] 09:26:17.884 设备ID=12045 module=PERIODIC id=ReadFoupStatus uuid=90 len=23
frame=01 04 12 F2 9A 88 71 1B 97 D6 3D B0 B0 B1 D1 A6 EA 4C DE 94 C6 37 28
[2026-04-17 09:26:18] [INFO] [发送] 09:26:18.894 设备ID=12045 module=PERIODIC id=ReadFoupStatus uuid=90 sendCount=1/1 timeout=1000ms crc=30 0C len=8
frame=01 04 00 00 00 09 30 0C
[2026-04-17 09:26:18] [INFO] [接收-帧] 09:26:18.960 设备ID=12045 module=PERIODIC id=ReadFoupStatus uuid=90 len=23
frame=01 04 12 78 30 3F 65 F8 0B 34 4E FD 8C 3F A2 6F EA 30 6A 87 8C 31 FD
[2026-04-17 09:26:19] [INFO] [发送] 09:26:19.949 设备ID=12045 module=PERIODIC id=ReadFoupStatus uuid=90 sendCount=1/1 timeout=1000ms crc=30 0C len=8
frame=01 04 00 00 00 09 30 0C
[2026-04-17 09:26:20] [INFO] [接收-帧] 09:26:20.059 设备ID=12045 module=PERIODIC id=ReadFoupStatus uuid=90 len=23
frame=01 04 12 81 37 66 E7 22 F7 D7 AF A0 E8 5E 37 A1 0C 28 D2 0D 43 76 55
[2026-04-17 09:26:21] [INFO] [发送] 09:26:21.061 设备ID=12045 module=PERIODIC id=ReadFoupStatus uuid=90 sendCount=1/1 timeout=1000ms crc=30 0C len=8
frame=01 04 00 00 00 09 30 0C
[2026-04-17 09:26:21] [INFO] [接收-帧] 09:26:21.145 设备ID=12045 module=PERIODIC id=ReadFoupStatus uuid=90 len=23
frame=01 04 12 79 09 B1 6F 56 D5 14 97 38 18 F4 DB 44 01 4C B0 A5 43 20 53
[2026-04-17 09:26:22] [INFO] [发送] 09:26:22.148 设备ID=12045 module=PERIODIC id=ReadFoupStatus uuid=90 sendCount=1/1 timeout=1000ms crc=30 0C len=8
frame=01 04 00 00 00 09 30 0C
[2026-04-17 09:26:22] [INFO] [接收-帧] 09:26:22.419 设备ID=12045 module=PERIODIC id=ReadFoupStatus uuid=90 len=23
frame=01 04 12 16 65 7A E6 D5 26 32 B3 D5 B5 17 B5 4B 8D 5C 38 F3 E6 D0 C1
[2026-04-17 09:26:23] [INFO] [发送] 09:26:23.427 设备ID=12045 module=PERIODIC id=ReadFoupStatus uuid=90 sendCount=1/1 timeout=1000ms crc=30 0C len=8
frame=01 04 00 00 00 09 30 0C
[2026-04-17 09:26:23] [INFO] [接收-帧] 09:26:23.456 设备ID=12045 module=PERIODIC id=ReadFoupStatus uuid=90 len=23
frame=01 04 12 F4 C6 E4 7B F4 35 1D C2 41 24 2D 2B EA A1 BB 66 96 C4 34 DC
[2026-04-17 09:26:24] [INFO] [发送] 09:26:24.510 设备ID=12045 module=PERIODIC id=ReadFoupStatus uuid=90 sendCount=1/1 timeout=1000ms crc=30 0C len=8
frame=01 04 00 00 00 09 30 0C
[2026-04-17 09:26:24] [INFO] [接收-帧] 09:26:24.538 设备ID=12045 module=PERIODIC id=ReadFoupStatus uuid=90 len=23
frame=01 04 12 13 86 14 A2 AF 7E 49 57 E5 79 69 B5 94 52 C5 D0 68 3F D2 6C
[2026-04-17 09:26:25] [INFO] [发送] 09:26:25.624 设备ID=12045 module=PERIODIC id=ReadFoupStatus uuid=90 sendCount=1/1 timeout=1000ms crc=30 0C len=8
frame=01 04 00 00 00 09 30 0C
[2026-04-17 09:26:25] [INFO] [接收-帧] 09:26:25.798 设备ID=12045 module=PERIODIC id=ReadFoupStatus uuid=90 len=23
frame=01 04 12 19 03 CA 29 9E 98 CC DE E7 71 04 0F 59 95 90 DF DB 60 F4 91
[2026-04-17 09:26:27] [INFO] [发送] 09:26:27.165 设备ID=12045 module=PERIODIC id=ReadFoupStatus uuid=90 sendCount=1/1 timeout=1000ms crc=30 0C len=8
frame=01 04 00 00 00 09 30 0C
[2026-04-17 09:26:27] [INFO] [接收-帧] 09:26:27.276 设备ID=12045 module=PERIODIC id=ReadFoupStatus uuid=90 len=23
frame=01 04 12 E0 D5 58 1E EB E6 47 65 A9 15 D9 C7 AC 02 1A 4B AA ED EB 64
[2026-04-17 09:26:28] [INFO] [发送] 09:26:28.376 设备ID=12045 module=PERIODIC id=ReadFoupStatus uuid=90 sendCount=1/1 timeout=1000ms crc=30 0C len=8
frame=01 04 00 00 00 09 30 0C
[2026-04-17 09:26:28] [INFO] [接收-帧] 09:26:28.491 设备ID=12045 module=PERIODIC id=ReadFoupStatus uuid=90 len=23
frame=01 04 12 F7 ED D3 B5 E2 86 ED 1D 97 EF 6C A8 A6 C8 3C 4B BE 1F C1 B4
[2026-04-17 09:26:29] [INFO] [发送] 09:26:29.483 设备ID=12045 module=PERIODIC id=ReadFoupStatus uuid=90 sendCount=1/1 timeout=1000ms crc=30 0C len=8
frame=01 04 00 00 00 09 30 0C
[2026-04-17 09:26:29] [INFO] [接收-帧] 09:26:29.608 设备ID=12045 module=PERIODIC id=ReadFoupStatus uuid=90 len=23
frame=01 04 12 ED 47 65 F9 DE 6D 49 0F A4 8A 5C 47 81 C3 BE A7 68 FF 18 A3
[2026-04-17 09:26:30] [INFO] [发送] 09:26:30.834 设备ID=12045 module=PERIODIC id=ReadFoupStatus uuid=90 sendCount=1/1 timeout=1000ms crc=30 0C len=8
frame=01 04 00 00 00 09 30 0C
[2026-04-17 09:26:30] [INFO] [接收-帧] 09:26:30.874 设备ID=12045 module=PERIODIC id=ReadFoupStatus uuid=90 len=23
frame=01 04 12 46 F0 2B 5A 53 38 D4 39 35 A2 32 AC 0A B7 E7 C4 C5 EB 12 20
[2026-04-17 09:26:31] [INFO] [发送] 09:26:31.885 设备ID=12045 module=PERIODIC id=ReadFoupStatus uuid=90 sendCount=1/1 timeout=1000ms crc=30 0C len=8
frame=01 04 00 00 00 09 30 0C
[2026-04-17 09:26:31] [INFO] [接收-帧] 09:26:31.980 设备ID=12045 module=PERIODIC id=ReadFoupStatus uuid=90 len=23
frame=01 04 12 2C 86 07 71 EA 49 C2 83 37 CF 04 02 21 95 73 9A 05 8A 9A C3
[2026-04-17 09:26:32] [INFO] [发送] 09:26:32.982 设备ID=12045 module=PERIODIC id=ReadFoupStatus uuid=90 sendCount=1/1 timeout=1000ms crc=30 0C len=8
frame=01 04 00 00 00 09 30 0C
[2026-04-17 09:26:33] [INFO] [接收-帧] 09:26:33.061 设备ID=12045 module=PERIODIC id=ReadFoupStatus uuid=90 len=23
frame=01 04 12 A3 DB F3 D4 69 A8 98 F2 34 A7 C8 6E D6 1C E2 44 EF 82 D6 32
[2026-04-17 09:26:34] [INFO] [发送] 09:26:34.066 设备ID=12045 module=PERIODIC id=ReadFoupStatus uuid=90 sendCount=1/1 timeout=1000ms crc=30 0C len=8
frame=01 04 00 00 00 09 30 0C
[2026-04-17 09:26:34] [INFO] [接收-帧] 09:26:34.188 设备ID=12045 module=PERIODIC id=ReadFoupStatus uuid=90 len=23
frame=01 04 12 CC 3D F1 B8 7F A5 52 3F 13 B9 9E FD 8A 54 AB BD 1B 51 5E E0
[2026-04-17 09:26:35] [INFO] [发送] 09:26:35.197 设备ID=12045 module=PERIODIC id=ReadFoupStatus uuid=90 sendCount=1/1 timeout=1000ms crc=30 0C len=8
frame=01 04 00 00 00 09 30 0C
[2026-04-17 09:26:35] [INFO] [接收-帧] 09:26:35.258 设备ID=12045 module=PERIODIC id=ReadFoupStatus uuid=90 len=23
frame=01 04 12 A0 EC 36 A4 6A 48 E9 02 48 48 3B 85 8A 19 BE 8E 02 BC C1 BF
[2026-04-17 09:26:36] [INFO] [发送] 09:26:36.267 设备ID=12045 module=PERIODIC id=ReadFoupStatus uuid=90 sendCount=1/1 timeout=1000ms crc=30 0C len=8
frame=01 04 00 00 00 09 30 0C
[2026-04-17 09:26:36] [INFO] [接收-帧] 09:26:36.352 设备ID=12045 module=PERIODIC id=ReadFoupStatus uuid=90 len=23
frame=01 04 12 9C 5E 4D FB DE 5C B4 B1 8D 41 8F 1A D8 5E 9E D7 CD 08 79 A1
[2026-04-17 09:26:37] [INFO] [发送] 09:26:37.357 设备ID=12045 module=PERIODIC id=ReadFoupStatus uuid=90 sendCount=1/1 timeout=1000ms crc=30 0C len=8
frame=01 04 00 00 00 09 30 0C
[2026-04-17 09:26:37] [INFO] [接收-帧] 09:26:37.442 设备ID=12045 module=PERIODIC id=ReadFoupStatus uuid=90 len=23
frame=01 04 12 D9 7E 43 67 82 A2 B7 DD 67 DA AB 30 F8 CF AD 15 D2 26 1D 49
[2026-04-17 09:26:38] [INFO] [发送] 09:26:38.435 设备ID=12045 module=PERIODIC id=ReadFoupStatus uuid=90 sendCount=1/1 timeout=1000ms crc=30 0C len=8
frame=01 04 00 00 00 09 30 0C
[2026-04-17 09:26:38] [INFO] [接收-帧] 09:26:38.569 设备ID=12045 module=PERIODIC id=ReadFoupStatus uuid=90 len=23
frame=01 04 12 1A D1 0D F1 E6 C8 E4 25 30 8A 26 E9 01 66 8F A4 E1 11 A6 17
[2026-04-17 09:26:39] [INFO] [发送] 09:26:39.562 设备ID=12045 module=PERIODIC id=ReadFoupStatus uuid=90 sendCount=1/1 timeout=1000ms crc=30 0C len=8
frame=01 04 00 00 00 09 30 0C
[2026-04-17 09:26:39] [INFO] [接收-帧] 09:26:39.626 设备ID=12045 module=PERIODIC id=ReadFoupStatus uuid=90 len=23
frame=01 04 12 DD F3 D0 E7 1B DB 23 A5 45 BA B5 A5 2B C5 F5 C1 83 25 64 31
[2026-04-17 09:26:40] [INFO] [发送] 09:26:40.620 设备ID=12045 module=PERIODIC id=ReadFoupStatus uuid=90 sendCount=1/1 timeout=1000ms crc=30 0C len=8
frame=01 04 00 00 00 09 30 0C
[2026-04-17 09:26:40] [INFO] [接收-帧] 09:26:40.716 设备ID=12045 module=PERIODIC id=ReadFoupStatus uuid=90 len=23
frame=01 04 12 F8 8C 4A C4 F0 49 F6 64 F9 8E D2 F7 AF 98 94 68 C8 4E 23 D1
[2026-04-17 09:26:41] [INFO] [发送] 09:26:41.717 设备ID=12045 module=PERIODIC id=ReadFoupStatus uuid=90 sendCount=1/1 timeout=1000ms crc=30 0C len=8
frame=01 04 00 00 00 09 30 0C
[2026-04-17 09:26:41] [INFO] [接收-帧] 09:26:41.815 设备ID=12045 module=PERIODIC id=ReadFoupStatus uuid=90 len=23
frame=01 04 12 92 5C D2 72 E2 DA 88 BC 37 E8 53 94 9F F1 61 7E 0D D5 06 70
[2026-04-17 09:26:42] [INFO] [发送] 09:26:42.943 设备ID=12045 module=PERIODIC id=ReadFoupStatus uuid=90 sendCount=1/1 timeout=1000ms crc=30 0C len=8
frame=01 04 00 00 00 09 30 0C
[2026-04-17 09:26:43] [INFO] [接收-帧] 09:26:43.018 设备ID=12045 module=PERIODIC id=ReadFoupStatus uuid=90 len=23
frame=01 04 12 A6 DA 94 25 3D 71 99 B4 B8 C7 0A E6 D7 1F EF 3D 6D F8 90 C4
[2026-04-17 09:26:44] [INFO] [发送] 09:26:44.012 设备ID=12045 module=PERIODIC id=ReadFoupStatus uuid=90 sendCount=1/1 timeout=1000ms crc=30 0C len=8
frame=01 04 00 00 00 09 30 0C
[2026-04-17 09:26:44] [INFO] [接收-帧] 09:26:44.111 设备ID=12045 module=PERIODIC id=ReadFoupStatus uuid=90 len=23
frame=01 04 12 EF 38 81 8F 6B A3 C0 F6 84 42 BE F7 3B 10 73 7E 18 E7 D9 79
[2026-04-17 09:26:45] [INFO] [发送] 09:26:45.102 设备ID=12045 module=PERIODIC id=ReadFoupStatus uuid=90 sendCount=1/1 timeout=1000ms crc=30 0C len=8
frame=01 04 00 00 00 09 30 0C
[2026-04-17 09:26:45] [INFO] [接收-帧] 09:26:45.207 设备ID=12045 module=PERIODIC id=ReadFoupStatus uuid=90 len=23
frame=01 04 12 4A 58 B1 78 CD 55 FF 9D 93 40 AD FE 75 A5 FA D8 81 A7 52 E7
[2026-04-17 09:26:46] [INFO] [发送] 09:26:46.206 设备ID=12045 module=PERIODIC id=ReadFoupStatus uuid=90 sendCount=1/1 timeout=1000ms crc=30 0C len=8
frame=01 04 00 00 00 09 30 0C
[2026-04-17 09:26:46] [INFO] [接收-帧] 09:26:46.299 设备ID=12045 module=PERIODIC id=ReadFoupStatus uuid=90 len=23
frame=01 04 12 C5 B3 4D 30 7F 7B 05 5F 12 E3 5E 3D 16 29 88 47 5D 3C 24 A3
[2026-04-17 09:26:47] [INFO] [发送] 09:26:47.292 设备ID=12045 module=PERIODIC id=ReadFoupStatus uuid=90 sendCount=1/1 timeout=1000ms crc=30 0C len=8
frame=01 04 00 00 00 09 30 0C
[2026-04-17 09:26:47] [INFO] [接收-帧] 09:26:47.417 设备ID=12045 module=PERIODIC id=ReadFoupStatus uuid=90 len=23
frame=01 04 12 47 F1 3D 25 C0 3A CD 88 83 53 A5 94 14 48 28 8C 6F 95 F1 F3
[2026-04-17 09:26:48] [INFO] [发送] 09:26:48.422 设备ID=12045 module=PERIODIC id=ReadFoupStatus uuid=90 sendCount=1/1 timeout=1000ms crc=30 0C len=8
frame=01 04 00 00 00 09 30 0C
[2026-04-17 09:26:48] [INFO] [接收-帧] 09:26:48.485 设备ID=12045 module=PERIODIC id=ReadFoupStatus uuid=90 len=23
frame=01 04 12 5E D2 B3 0C 5A 11 CE 24 D4 54 05 38 12 64 2D 9A 63 12 C2 7C
[2026-04-17 09:26:49] [INFO] [发送] 09:26:49.487 设备ID=12045 module=PERIODIC id=ReadFoupStatus uuid=90 sendCount=1/1 timeout=1000ms crc=30 0C len=8
frame=01 04 00 00 00 09 30 0C
[2026-04-17 09:26:49] [INFO] [接收-帧] 09:26:49.587 设备ID=12045 module=PERIODIC id=ReadFoupStatus uuid=90 len=23
frame=01 04 12 B4 16 E0 1E 6B FF 04 BE 2E 3B 06 AC DD BF C0 71 20 F1 AC 30
[2026-04-17 09:26:50] [INFO] [发送] 09:26:50.611 设备ID=12045 module=PERIODIC id=ReadFoupStatus uuid=90 sendCount=1/1 timeout=1000ms crc=30 0C len=8
frame=01 04 00 00 00 09 30 0C
[2026-04-17 09:26:50] [INFO] [接收-帧] 09:26:50.672 设备ID=12045 module=PERIODIC id=ReadFoupStatus uuid=90 len=23
frame=01 04 12 3B 2B DA 0E FE F6 CF 4B D3 9C A1 47 76 45 E4 4E 47 65 42 D7
[2026-04-17 09:26:51] [INFO] [发送] 09:26:51.670 设备ID=12045 module=PERIODIC id=ReadFoupStatus uuid=90 sendCount=1/1 timeout=1000ms crc=30 0C len=8
frame=01 04 00 00 00 09 30 0C
[2026-04-17 09:26:51] [INFO] [接收-帧] 09:26:51.801 设备ID=12045 module=PERIODIC id=ReadFoupStatus uuid=90 len=23
frame=01 04 12 C9 0B 52 75 25 36 EF 0E 00 85 13 37 EC 9F 3E 9F B5 3A 09 B7
[2026-04-17 09:26:52] [INFO] [发送] 09:26:52.795 设备ID=12045 module=PERIODIC id=ReadFoupStatus uuid=90 sendCount=1/1 timeout=1000ms crc=30 0C len=8
frame=01 04 00 00 00 09 30 0C
[2026-04-17 09:26:52] [INFO] [接收-帧] 09:26:52.859 设备ID=12045 module=PERIODIC id=ReadFoupStatus uuid=90 len=23
frame=01 04 12 AD 44 EC 04 0F 49 95 75 58 C3 13 96 12 DF 52 69 04 EA F0 A1
[2026-04-17 09:26:53] [INFO] [发送] 09:26:53.869 设备ID=12045 module=PERIODIC id=ReadFoupStatus uuid=90 sendCount=1/1 timeout=1000ms crc=30 0C len=8
frame=01 04 00 00 00 09 30 0C
[2026-04-17 09:26:53] [INFO] [接收-帧] 09:26:53.959 设备ID=12045 module=PERIODIC id=ReadFoupStatus uuid=90 len=23
frame=01 04 12 02 79 D2 DA CE 44 93 72 6A FD 47 08 1B 90 07 32 0B 46 9C 87
[2026-04-17 09:26:54] [INFO] [发送] 09:26:54.966 设备ID=12045 module=PERIODIC id=ReadFoupStatus uuid=90 sendCount=1/1 timeout=1000ms crc=30 0C len=8
frame=01 04 00 00 00 09 30 0C
[2026-04-17 09:26:55] [INFO] [接收-帧] 09:26:55.094 设备ID=12045 module=PERIODIC id=ReadFoupStatus uuid=90 len=23
frame=01 04 12 57 0A A3 64 0C E7 9E 2B B0 4D DB 7A F3 9F 7B 43 C0 D6 01 D4
[2026-04-17 09:26:56] [INFO] [发送] 09:26:56.099 设备ID=12045 module=PERIODIC id=ReadFoupStatus uuid=90 sendCount=1/1 timeout=1000ms crc=30 0C len=8
frame=01 04 00 00 00 09 30 0C
[2026-04-17 09:26:56] [INFO] [接收-帧] 09:26:56.155 设备ID=12045 module=PERIODIC id=ReadFoupStatus uuid=90 len=23
frame=01 04 12 C1 E6 41 36 6C 24 44 C7 3B BB 30 C9 D1 56 FE BA 03 75 2B 79
[2026-04-17 09:26:57] [INFO] [发送] 09:26:57.156 设备ID=12045 module=PERIODIC id=ReadFoupStatus uuid=90 sendCount=1/1 timeout=1000ms crc=30 0C len=8
frame=01 04 00 00 00 09 30 0C
[2026-04-17 09:26:57] [INFO] [接收-帧] 09:26:57.250 设备ID=12045 module=PERIODIC id=ReadFoupStatus uuid=90 len=23
frame=01 04 12 1D EA 55 1C 90 CD 58 E8 EC 7E FF 34 3A 8B 14 3B E7 58 CB 73
[2026-04-17 09:26:58] [INFO] [发送] 09:26:58.246 设备ID=12045 module=PERIODIC id=ReadFoupStatus uuid=90 sendCount=1/1 timeout=1000ms crc=30 0C len=8
frame=01 04 00 00 00 09 30 0C
[2026-04-17 09:26:58] [INFO] [接收-帧] 09:26:58.338 设备ID=12045 module=PERIODIC id=ReadFoupStatus uuid=90 len=23
frame=01 04 12 A0 0A 52 CF 4C C1 F6 0E B6 6C 32 FB E6 90 15 5C FB 84 C3 0F
[2026-04-17 09:26:59] [INFO] [发送] 09:26:59.341 设备ID=12045 module=PERIODIC id=ReadFoupStatus uuid=90 sendCount=1/1 timeout=1000ms crc=30 0C len=8
frame=01 04 00 00 00 09 30 0C
[2026-04-17 09:26:59] [INFO] [接收-帧] 09:26:59.421 设备ID=12045 module=PERIODIC id=ReadFoupStatus uuid=90 len=23
frame=01 04 12 BA 23 62 6A D3 65 BE B3 43 A7 85 6A 60 FC 28 E9 B3 C3 DF B9
[2026-04-17 09:27:00] [INFO] [发送] 09:27:00.419 设备ID=12045 module=PERIODIC id=ReadFoupStatus uuid=90 sendCount=1/1 timeout=1000ms crc=30 0C len=8
frame=01 04 00 00 00 09 30 0C
[2026-04-17 09:27:00] [INFO] [接收-帧] 09:27:00.520 设备ID=12045 module=PERIODIC id=ReadFoupStatus uuid=90 len=23
frame=01 04 12 8F 48 B0 46 BE 19 69 08 B8 5E 8F 94 5D 21 E6 70 CB 73 49 3A
[2026-04-17 09:27:01] [INFO] [发送] 09:27:01.509 设备ID=12045 module=PERIODIC id=ReadFoupStatus uuid=90 sendCount=1/1 timeout=1000ms crc=30 0C len=8
frame=01 04 00 00 00 09 30 0C
[2026-04-17 09:27:01] [INFO] [接收-帧] 09:27:01.613 设备ID=12045 module=PERIODIC id=ReadFoupStatus uuid=90 len=23
frame=01 04 12 25 04 D6 7B AC 34 C7 F1 F2 C4 17 04 95 B1 EE 06 D7 47 81 51
[2026-04-17 09:27:37] [INFO] [发送] 09:27:37.435 设备ID=12045 module=INITIAL id=ReadVersion uuid=89 sendCount=1/4 timeout=1000ms crc=B1 CD len=8
frame=01 04 00 18 00 01 B1 CD
[2026-04-17 09:27:37] [INFO] [接收-帧] 09:27:37.753 设备ID=12045 module=INITIAL id=ReadVersion uuid=89 len=7
frame=01 04 02 00 00 B9 30
[2026-04-17 09:27:37] [INFO] [发送] 09:27:37.754 设备ID=12045 module=PERIODIC id=ReadFoupStatus uuid=90 sendCount=1/1 timeout=1000ms crc=30 0C len=8
frame=01 04 00 00 00 09 30 0C
[2026-04-17 09:27:37] [INFO] [接收-帧] 09:27:37.769 设备ID=12045 module=PERIODIC id=ReadFoupStatus uuid=90 len=23
frame=01 04 12 44 F4 4B 7D 1F FD 97 DD 25 07 5C 23 DF E4 FC 21 42 8E A5 84
[2026-04-17 09:27:38] [INFO] [发送] 09:27:38.766 设备ID=12045 module=PERIODIC id=ReadFoupStatus uuid=90 sendCount=1/1 timeout=1000ms crc=30 0C len=8
frame=01 04 00 00 00 09 30 0C
[2026-04-17 09:27:38] [INFO] [接收-帧] 09:27:38.860 设备ID=12045 module=PERIODIC id=ReadFoupStatus uuid=90 len=23
frame=01 04 12 0D 52 CD 31 59 9E E9 E7 C2 89 11 DC E8 60 1E CC EB FC 1D 02
[2026-04-17 09:27:39] [INFO] [发送] 09:27:39.868 设备ID=12045 module=PERIODIC id=ReadFoupStatus uuid=90 sendCount=1/1 timeout=1000ms crc=30 0C len=8
frame=01 04 00 00 00 09 30 0C
[2026-04-17 09:27:39] [INFO] [接收-帧] 09:27:39.953 设备ID=12045 module=PERIODIC id=ReadFoupStatus uuid=90 len=23
frame=01 04 12 E1 99 10 BD A5 D8 42 E2 4E DA 71 57 8C FE BA 23 7D B8 69 43
[2026-04-17 09:27:40] [INFO] [发送] 09:27:40.947 设备ID=12045 module=PERIODIC id=ReadFoupStatus uuid=90 sendCount=1/1 timeout=1000ms crc=30 0C len=8
frame=01 04 00 00 00 09 30 0C
[2026-04-17 09:27:41] [INFO] [接收-帧] 09:27:41.044 设备ID=12045 module=PERIODIC id=ReadFoupStatus uuid=90 len=23
frame=01 04 12 28 FB 26 A5 1A 33 41 44 F8 36 08 7D DA BC 90 3F 81 26 08 37
[2026-04-17 09:27:42] [INFO] [发送] 09:27:42.043 设备ID=12045 module=PERIODIC id=ReadFoupStatus uuid=90 sendCount=1/1 timeout=1000ms crc=30 0C len=8
frame=01 04 00 00 00 09 30 0C
[2026-04-17 09:27:42] [INFO] [接收-帧] 09:27:42.140 设备ID=12045 module=PERIODIC id=ReadFoupStatus uuid=90 len=23
frame=01 04 12 F1 53 B0 23 00 6F 80 64 CD 30 56 80 35 93 C1 49 41 DF 5B 15
[2026-04-17 09:27:43] [INFO] [发送] 09:27:43.139 设备ID=12045 module=PERIODIC id=ReadFoupStatus uuid=90 sendCount=1/1 timeout=1000ms crc=30 0C len=8
frame=01 04 00 00 00 09 30 0C
[2026-04-17 09:27:43] [INFO] [接收-帧] 09:27:43.233 设备ID=12045 module=PERIODIC id=ReadFoupStatus uuid=90 len=23
frame=01 04 12 6F 05 AD AE 5A F6 5F B5 1A FB 6B 6E 69 9A E1 17 9B D6 C8 24
[2026-04-17 09:27:44] [INFO] [发送] 09:27:44.239 设备ID=12045 module=PERIODIC id=ReadFoupStatus uuid=90 sendCount=1/1 timeout=1000ms crc=30 0C len=8
frame=01 04 00 00 00 09 30 0C
[2026-04-17 09:27:44] [INFO] [接收-帧] 09:27:44.331 设备ID=12045 module=PERIODIC id=ReadFoupStatus uuid=90 len=23
frame=01 04 12 02 89 74 B8 D5 CA 33 F6 21 2E F2 A0 D3 CD 65 77 68 F3 0E 0A
[2026-04-17 09:27:45] [INFO] [发送] 09:27:45.323 设备ID=12045 module=PERIODIC id=ReadFoupStatus uuid=90 sendCount=1/1 timeout=1000ms crc=30 0C len=8
frame=01 04 00 00 00 09 30 0C
[2026-04-17 09:27:45] [INFO] [接收-帧] 09:27:45.421 设备ID=12045 module=PERIODIC id=ReadFoupStatus uuid=90 len=23
frame=01 04 12 85 C8 9E BE 73 B1 EA B4 F8 B8 80 C8 69 02 80 27 F9 2B 14 7E
[2026-04-17 09:27:46] [INFO] [发送] 09:27:46.427 设备ID=12045 module=PERIODIC id=ReadFoupStatus uuid=90 sendCount=1/1 timeout=1000ms crc=30 0C len=8
frame=01 04 00 00 00 09 30 0C
[2026-04-17 09:27:46] [INFO] [接收-帧] 09:27:46.514 设备ID=12045 module=PERIODIC id=ReadFoupStatus uuid=90 len=23
frame=01 04 12 24 B9 41 73 18 18 61 E4 47 60 1B 0B 2F FE 4B B2 52 5E AF 2D
[2026-04-17 09:27:47] [INFO] [发送] 09:27:47.511 设备ID=12045 module=PERIODIC id=ReadFoupStatus uuid=90 sendCount=1/1 timeout=1000ms crc=30 0C len=8
frame=01 04 00 00 00 09 30 0C
[2026-04-17 09:27:47] [INFO] [接收-帧] 09:27:47.612 设备ID=12045 module=PERIODIC id=ReadFoupStatus uuid=90 len=23
frame=01 04 12 24 CB F5 F2 35 63 68 EC F7 E7 52 9D 36 21 EA 79 44 B7 DB EF
[2026-04-17 09:27:48] [INFO] [发送] 09:27:48.606 设备ID=12045 module=PERIODIC id=ReadFoupStatus uuid=90 sendCount=1/1 timeout=1000ms crc=30 0C len=8
frame=01 04 00 00 00 09 30 0C
[2026-04-17 09:27:48] [INFO] [接收-帧] 09:27:48.701 设备ID=12045 module=PERIODIC id=ReadFoupStatus uuid=90 len=23
frame=01 04 12 62 A7 78 43 9C D7 39 E8 29 9E B8 FE 45 7E C9 0E AB E4 B9 A3
[2026-04-17 09:27:49] [INFO] [发送] 09:27:49.699 设备ID=12045 module=PERIODIC id=ReadFoupStatus uuid=90 sendCount=1/1 timeout=1000ms crc=30 0C len=8
frame=01 04 00 00 00 09 30 0C
[2026-04-17 09:27:49] [INFO] [接收-帧] 09:27:49.795 设备ID=12045 module=PERIODIC id=ReadFoupStatus uuid=90 len=23
frame=01 04 12 BC D6 8B 7A C6 D5 57 76 E4 23 B7 56 04 AF C3 06 37 56 9F 8F
[2026-04-17 09:27:50] [INFO] [发送] 09:27:50.795 设备ID=12045 module=PERIODIC id=ReadFoupStatus uuid=90 sendCount=1/1 timeout=1000ms crc=30 0C len=8
frame=01 04 00 00 00 09 30 0C
[2026-04-17 09:27:50] [INFO] [接收-帧] 09:27:50.890 设备ID=12045 module=PERIODIC id=ReadFoupStatus uuid=90 len=23
frame=01 04 12 E8 CA DF 0D B6 A1 89 42 A5 0A 2C 74 79 6E 8F 0B 4A A9 34 0F
[2026-04-17 09:31:34] [INFO] [发送] 09:31:34.112 设备ID=12045 module=INITIAL id=ReadVersion uuid=89 sendCount=1/4 timeout=1000ms crc=B1 CD len=8
frame=01 04 00 18 00 01 B1 CD
[2026-04-17 09:31:34] [INFO] [接收-帧] 09:31:34.331 设备ID=12045 module=INITIAL id=ReadVersion uuid=89 len=7
frame=01 04 02 00 00 B9 30
[2026-04-17 09:31:34] [INFO] [发送] 09:31:34.332 设备ID=12045 module=PERIODIC id=ReadFoupStatus uuid=90 sendCount=1/1 timeout=1000ms crc=30 0C len=8
frame=01 04 00 00 00 09 30 0C
[2026-04-17 09:31:34] [INFO] [接收-帧] 09:31:34.435 设备ID=12045 module=PERIODIC id=ReadFoupStatus uuid=90 len=23
frame=01 04 12 45 8E 84 FA 00 DE BC 0C C0 83 9A A5 5C 3E 25 CF C3 8C 59 CA
[2026-04-17 09:31:35] [INFO] [发送] 09:31:35.434 设备ID=12045 module=PERIODIC id=ReadFoupStatus uuid=90 sendCount=1/1 timeout=1000ms crc=30 0C len=8
frame=01 04 00 00 00 09 30 0C
[2026-04-17 09:31:35] [INFO] [接收-帧] 09:31:35.535 设备ID=12045 module=PERIODIC id=ReadFoupStatus uuid=90 len=23
frame=01 04 12 65 D7 1F EB CC 81 67 13 2D A1 C1 BF BF 16 0A 92 81 72 AD 06
[2026-04-17 09:31:36] [INFO] [发送] 09:31:36.529 设备ID=12045 module=PERIODIC id=ReadFoupStatus uuid=90 sendCount=1/1 timeout=1000ms crc=30 0C len=8
frame=01 04 00 00 00 09 30 0C
[2026-04-17 09:31:36] [INFO] [接收-帧] 09:31:36.627 设备ID=12045 module=PERIODIC id=ReadFoupStatus uuid=90 len=23
frame=01 04 12 E2 1B E5 67 D0 F9 67 77 0E F5 0F 8F 35 61 90 9C EC D3 73 9C
[2026-04-17 09:31:37] [INFO] [发送] 09:31:37.630 设备ID=12045 module=PERIODIC id=ReadFoupStatus uuid=90 sendCount=1/1 timeout=1000ms crc=30 0C len=8
frame=01 04 00 00 00 09 30 0C
[2026-04-17 09:31:37] [INFO] [接收-帧] 09:31:37.727 设备ID=12045 module=PERIODIC id=ReadFoupStatus uuid=90 len=23
frame=01 04 12 5A 08 92 93 F3 90 5A 37 A0 6A C4 62 8E F2 D9 4F A2 51 C8 3B
[2026-04-17 09:31:38] [INFO] [发送] 09:31:38.743 设备ID=12045 module=PERIODIC id=ReadFoupStatus uuid=90 sendCount=1/1 timeout=1000ms crc=30 0C len=8
frame=01 04 00 00 00 09 30 0C
[2026-04-17 09:31:38] [INFO] [接收-帧] 09:31:38.818 设备ID=12045 module=PERIODIC id=ReadFoupStatus uuid=90 len=23
frame=01 04 12 ED 6C 5B B0 94 8A D3 43 41 5B EA 75 67 99 27 39 8C E9 37 80
[2026-04-17 09:31:39] [INFO] [发送] 09:31:39.810 设备ID=12045 module=PERIODIC id=ReadFoupStatus uuid=90 sendCount=1/1 timeout=1000ms crc=30 0C len=8
frame=01 04 00 00 00 09 30 0C
[2026-04-17 09:31:39] [INFO] [接收-帧] 09:31:39.911 设备ID=12045 module=PERIODIC id=ReadFoupStatus uuid=90 len=23
frame=01 04 12 C3 A0 F9 45 7F 66 D9 DE A6 F8 2D 7B 8E 35 1D EE 43 21 C8 5A
[2026-04-17 09:31:40] [INFO] [发送] 09:31:40.902 设备ID=12045 module=PERIODIC id=ReadFoupStatus uuid=90 sendCount=1/1 timeout=1000ms crc=30 0C len=8
frame=01 04 00 00 00 09 30 0C
[2026-04-17 09:31:41] [INFO] [接收-帧] 09:31:41.003 设备ID=12045 module=PERIODIC id=ReadFoupStatus uuid=90 len=23
frame=01 04 12 E9 D9 16 B3 67 9E 66 B0 6E FD E5 F1 A8 CA AA 72 55 56 95 ED
[2026-04-17 09:31:41] [INFO] [发送] 09:31:41.998 设备ID=12045 module=PERIODIC id=ReadFoupStatus uuid=90 sendCount=1/1 timeout=1000ms crc=30 0C len=8
frame=01 04 00 00 00 09 30 0C
[2026-04-17 09:31:42] [INFO] [接收-帧] 09:31:42.103 设备ID=12045 module=PERIODIC id=ReadFoupStatus uuid=90 len=23
frame=01 04 12 0F F6 C6 C2 76 F0 F8 7F D0 2C 60 22 C3 3C 15 DA EC 80 A8 BC
[2026-04-17 09:31:43] [INFO] [发送] 09:31:43.116 设备ID=12045 module=PERIODIC id=ReadFoupStatus uuid=90 sendCount=1/1 timeout=1000ms crc=30 0C len=8
frame=01 04 00 00 00 09 30 0C
[2026-04-17 09:31:43] [INFO] [接收-帧] 09:31:43.194 设备ID=12045 module=PERIODIC id=ReadFoupStatus uuid=90 len=23
frame=01 04 12 02 B1 AE FB 4B 0A BA 8F 14 84 11 8E 08 1E 2B 3B ED F0 34 ED
[2026-04-17 09:31:44] [INFO] [发送] 09:31:44.182 设备ID=12045 module=PERIODIC id=ReadFoupStatus uuid=90 sendCount=1/1 timeout=1000ms crc=30 0C len=8
frame=01 04 00 00 00 09 30 0C
[2026-04-17 09:31:44] [INFO] [接收-帧] 09:31:44.288 设备ID=12045 module=PERIODIC id=ReadFoupStatus uuid=90 len=23
frame=01 04 12 19 54 FC EE EE 30 C1 4B A8 97 05 F3 93 58 80 C4 FB 76 78 E1
[2026-04-17 09:31:45] [INFO] [发送] 09:31:45.276 设备ID=12045 module=PERIODIC id=ReadFoupStatus uuid=90 sendCount=1/1 timeout=1000ms crc=30 0C len=8
frame=01 04 00 00 00 09 30 0C
[2026-04-17 09:31:45] [INFO] [接收-帧] 09:31:45.377 设备ID=12045 module=PERIODIC id=ReadFoupStatus uuid=90 len=23
frame=01 04 12 88 16 85 E2 1F 6A 04 FF 70 40 88 B7 D5 63 4A 74 10 DF B7 7E
[2026-04-17 09:31:46] [INFO] [发送] 09:31:46.369 设备ID=12045 module=PERIODIC id=ReadFoupStatus uuid=90 sendCount=1/1 timeout=1000ms crc=30 0C len=8
frame=01 04 00 00 00 09 30 0C
[2026-04-17 09:31:46] [INFO] [接收-帧] 09:31:46.471 设备ID=12045 module=PERIODIC id=ReadFoupStatus uuid=90 len=23
frame=01 04 12 45 07 0D 44 C4 28 6C 00 35 C1 34 AF 1F D2 9E 4B 1B 27 FA F9
[2026-04-17 09:31:47] [INFO] [发送] 09:31:47.466 设备ID=12045 module=PERIODIC id=ReadFoupStatus uuid=90 sendCount=1/1 timeout=1000ms crc=30 0C len=8
frame=01 04 00 00 00 09 30 0C
[2026-04-17 09:31:47] [INFO] [接收-帧] 09:31:47.563 设备ID=12045 module=PERIODIC id=ReadFoupStatus uuid=90 len=23
frame=01 04 12 68 59 12 8A 8E 6C 30 96 86 41 F5 91 21 D9 F9 42 85 37 36 52
[2026-04-17 09:31:48] [INFO] [发送] 09:31:48.559 设备ID=12045 module=PERIODIC id=ReadFoupStatus uuid=90 sendCount=1/1 timeout=1000ms crc=30 0C len=8
frame=01 04 00 00 00 09 30 0C
[2026-04-17 09:31:48] [INFO] [接收-帧] 09:31:48.660 设备ID=12045 module=PERIODIC id=ReadFoupStatus uuid=90 len=23
frame=01 04 12 40 5F D3 91 19 63 38 E6 6F 3A 2F 4D 42 CA 07 EC B3 0C 87 99
[2026-04-17 09:31:49] [INFO] [发送] 09:31:49.654 设备ID=12045 module=PERIODIC id=ReadFoupStatus uuid=90 sendCount=1/1 timeout=1000ms crc=30 0C len=8
frame=01 04 00 00 00 09 30 0C
[2026-04-17 09:31:49] [INFO] [接收-帧] 09:31:49.756 设备ID=12045 module=PERIODIC id=ReadFoupStatus uuid=90 len=23
frame=01 04 12 50 E9 47 96 62 BF 10 6A DD EA 53 4E F1 1C DA C4 32 21 D9 F2
[2026-04-17 09:31:50] [INFO] [发送] 09:31:50.747 设备ID=12045 module=PERIODIC id=ReadFoupStatus uuid=90 sendCount=1/1 timeout=1000ms crc=30 0C len=8
frame=01 04 00 00 00 09 30 0C
[2026-04-17 09:31:50] [INFO] [接收-帧] 09:31:50.847 设备ID=12045 module=PERIODIC id=ReadFoupStatus uuid=90 len=23
frame=01 04 12 31 0E 46 A3 14 24 57 AE C5 21 4D 1E E7 95 6A 98 CD CB 62 B0
[2026-04-17 09:31:51] [INFO] [发送] 09:31:51.846 设备ID=12045 module=PERIODIC id=ReadFoupStatus uuid=90 sendCount=1/1 timeout=1000ms crc=30 0C len=8
frame=01 04 00 00 00 09 30 0C
[2026-04-17 09:31:51] [INFO] [接收-帧] 09:31:51.945 设备ID=12045 module=PERIODIC id=ReadFoupStatus uuid=90 len=23
frame=01 04 12 5F 80 12 F7 46 AD 79 D5 40 32 68 85 F3 C5 EE 94 DB 35 A5 34
[2026-04-17 09:31:52] [INFO] [发送] 09:31:52.947 设备ID=12045 module=PERIODIC id=ReadFoupStatus uuid=90 sendCount=1/1 timeout=1000ms crc=30 0C len=8
frame=01 04 00 00 00 09 30 0C
[2026-04-17 09:31:53] [INFO] [接收-帧] 09:31:53.046 设备ID=12045 module=PERIODIC id=ReadFoupStatus uuid=90 len=23
frame=01 04 12 40 98 4C 11 31 54 32 3A 94 07 C3 F9 0D C0 75 EC 5D 73 22 DF
[2026-04-17 09:31:54] [INFO] [发送] 09:31:54.049 设备ID=12045 module=PERIODIC id=ReadFoupStatus uuid=90 sendCount=1/1 timeout=1000ms crc=30 0C len=8
frame=01 04 00 00 00 09 30 0C
[2026-04-17 09:31:54] [INFO] [接收-帧] 09:31:54.131 设备ID=12045 module=PERIODIC id=ReadFoupStatus uuid=90 len=23
frame=01 04 12 02 8F 27 16 4B 07 69 35 52 15 B9 EB B0 D7 C6 59 F0 E1 8B D4
[2026-04-17 09:31:55] [INFO] [发送] 09:31:55.119 设备ID=12045 module=PERIODIC id=ReadFoupStatus uuid=90 sendCount=1/1 timeout=1000ms crc=30 0C len=8
frame=01 04 00 00 00 09 30 0C
[2026-04-17 09:31:55] [INFO] [接收-帧] 09:31:55.223 设备ID=12045 module=PERIODIC id=ReadFoupStatus uuid=90 len=23
frame=01 04 12 55 CB 0B 38 60 D2 C2 0F 6E 0B 02 09 67 C4 B0 87 7C 7B 8A 8D
[2026-04-17 09:31:56] [INFO] [发送] 09:31:56.213 设备ID=12045 module=PERIODIC id=ReadFoupStatus uuid=90 sendCount=1/1 timeout=1000ms crc=30 0C len=8
frame=01 04 00 00 00 09 30 0C
[2026-04-17 09:31:56] [INFO] [接收-帧] 09:31:56.313 设备ID=12045 module=PERIODIC id=ReadFoupStatus uuid=90 len=23
frame=01 04 12 AB 6C 84 47 C2 10 12 C5 27 40 1D 5B 3C 99 94 50 3D 7C 39 4B
[2026-04-17 09:31:57] [INFO] [发送] 09:31:57.307 设备ID=12045 module=PERIODIC id=ReadFoupStatus uuid=90 sendCount=1/1 timeout=1000ms crc=30 0C len=8
frame=01 04 00 00 00 09 30 0C
[2026-04-17 09:31:57] [INFO] [接收-帧] 09:31:57.407 设备ID=12045 module=PERIODIC id=ReadFoupStatus uuid=90 len=23
frame=01 04 12 CE F7 18 D6 F7 0F 54 5E 9A 67 F3 D6 05 66 7B F1 5C F0 7D 97
[2026-04-17 09:31:58] [INFO] [发送] 09:31:58.402 设备ID=12045 module=PERIODIC id=ReadFoupStatus uuid=90 sendCount=1/1 timeout=1000ms crc=30 0C len=8
frame=01 04 00 00 00 09 30 0C
[2026-04-17 09:31:58] [INFO] [接收-帧] 09:31:58.502 设备ID=12045 module=PERIODIC id=ReadFoupStatus uuid=90 len=23
frame=01 04 12 F2 4A 5D 3C F5 BA 17 DE B1 E6 79 5E 70 64 EE 89 22 28 B7 18
[2026-04-17 09:31:59] [INFO] [发送] 09:31:59.498 设备ID=12045 module=PERIODIC id=ReadFoupStatus uuid=90 sendCount=1/1 timeout=1000ms crc=30 0C len=8
frame=01 04 00 00 00 09 30 0C
[2026-04-17 09:31:59] [INFO] [接收-帧] 09:31:59.600 设备ID=12045 module=PERIODIC id=ReadFoupStatus uuid=90 len=23
frame=01 04 12 97 A7 50 5D C3 0B A6 C8 CE AA E6 1B 4E 00 A7 49 01 DF 4E D0
[2026-04-17 09:32:00] [INFO] [发送] 09:32:00.591 设备ID=12045 module=PERIODIC id=ReadFoupStatus uuid=90 sendCount=1/1 timeout=1000ms crc=30 0C len=8
frame=01 04 00 00 00 09 30 0C
[2026-04-17 09:32:00] [INFO] [接收-帧] 09:32:00.689 设备ID=12045 module=PERIODIC id=ReadFoupStatus uuid=90 len=23
frame=01 04 12 4A 69 BE 8F B5 A1 F0 D6 1A AC FB 5E D0 EB 91 6B 65 8E CE CF
[2026-04-17 09:32:01] [INFO] [发送] 09:32:01.682 设备ID=12045 module=PERIODIC id=ReadFoupStatus uuid=90 sendCount=1/1 timeout=1000ms crc=30 0C len=8
frame=01 04 00 00 00 09 30 0C
[2026-04-17 09:32:01] [INFO] [接收-帧] 09:32:01.783 设备ID=12045 module=PERIODIC id=ReadFoupStatus uuid=90 len=23
frame=01 04 12 B1 2E D7 A4 4A 48 41 BC B9 70 73 2B 42 45 94 DA EF 23 65 38
[2026-04-17 09:32:02] [INFO] [发送] 09:32:02.778 设备ID=12045 module=PERIODIC id=ReadFoupStatus uuid=90 sendCount=1/1 timeout=1000ms crc=30 0C len=8
frame=01 04 00 00 00 09 30 0C
[2026-04-17 09:32:02] [INFO] [接收-帧] 09:32:02.880 设备ID=12045 module=PERIODIC id=ReadFoupStatus uuid=90 len=23
frame=01 04 12 7A D3 2D 94 F0 80 66 B4 8F DF 1F 73 08 A2 BF F1 97 0D 95 71
[2026-04-17 09:32:03] [INFO] [发送] 09:32:03.872 设备ID=12045 module=PERIODIC id=ReadFoupStatus uuid=90 sendCount=1/1 timeout=1000ms crc=30 0C len=8
frame=01 04 00 00 00 09 30 0C
[2026-04-17 09:32:03] [INFO] [接收-帧] 09:32:03.973 设备ID=12045 module=PERIODIC id=ReadFoupStatus uuid=90 len=23
frame=01 04 12 47 4C 9D 76 3D 6F 65 12 84 D1 D1 32 50 70 D4 D2 70 58 CA 69
