[2026-04-17 09:24:09] [INFO] [发送] 09:24:09.585 设备ID=12078 module=INITIAL id=ReadVersion uuid=155 sendCount=1/4 timeout=1000ms crc=B1 CD len=8
frame=01 04 00 18 00 01 B1 CD
[2026-04-17 09:24:10] [INFO] [接收-帧] 09:24:10.159 设备ID=12078 module=INITIAL id=ReadVersion uuid=155 len=7
frame=01 04 02 00 00 B9 30
[2026-04-17 09:24:10] [INFO] [发送] 09:24:10.159 设备ID=12078 module=PERIODIC id=ReadFoupStatus uuid=156 sendCount=1/1 timeout=1000ms crc=30 0C len=8
frame=01 04 00 00 00 09 30 0C
[2026-04-17 09:24:12] [INFO] [发送] 09:24:12.152 设备ID=12078 module=PERIODIC id=ReadFoupStatus uuid=156 sendCount=1/1 timeout=1000ms crc=30 0C len=8
frame=01 04 00 00 00 09 30 0C
[2026-04-17 09:24:14] [INFO] [发送] 09:24:14.157 设备ID=12078 module=PERIODIC id=ReadFoupStatus uuid=156 sendCount=1/1 timeout=1000ms crc=30 0C len=8
frame=01 04 00 00 00 09 30 0C
[2026-04-17 09:24:16] [INFO] [发送] 09:24:16.149 设备ID=12078 module=PERIODIC id=ReadFoupStatus uuid=156 sendCount=1/1 timeout=1000ms crc=30 0C len=8
frame=01 04 00 00 00 09 30 0C
[2026-04-17 09:24:18] [INFO] [发送] 09:24:18.150 设备ID=12078 module=PERIODIC id=ReadFoupStatus uuid=156 sendCount=1/1 timeout=1000ms crc=30 0C len=8
frame=01 04 00 00 00 09 30 0C
[2026-04-17 09:24:20] [INFO] [发送] 09:24:20.190 设备ID=12078 module=PERIODIC id=ReadFoupStatus uuid=156 sendCount=1/1 timeout=1000ms crc=30 0C len=8
frame=01 04 00 00 00 09 30 0C
[2026-04-17 09:24:22] [INFO] [发送] 09:24:22.203 设备ID=12078 module=PERIODIC id=ReadFoupStatus uuid=156 sendCount=1/1 timeout=1000ms crc=30 0C len=8
frame=01 04 00 00 00 09 30 0C
[2026-04-17 09:24:24] [INFO] [发送] 09:24:24.200 设备ID=12078 module=PERIODIC id=ReadFoupStatus uuid=156 sendCount=1/1 timeout=1000ms crc=30 0C len=8
frame=01 04 00 00 00 09 30 0C
[2026-04-17 09:24:26] [INFO] [发送] 09:24:26.204 设备ID=12078 module=PERIODIC id=ReadFoupStatus uuid=156 sendCount=1/1 timeout=1000ms crc=30 0C len=8
frame=01 04 00 00 00 09 30 0C
[2026-04-17 09:24:28] [INFO] [发送] 09:24:28.204 设备ID=12078 module=PERIODIC id=ReadFoupStatus uuid=156 sendCount=1/1 timeout=1000ms crc=30 0C len=8
frame=01 04 00 00 00 09 30 0C
[2026-04-17 09:24:32] [INFO] [发送] 09:24:32.407 设备ID=12078 module=PERIODIC id=ReadFoupStatus uuid=156 sendCount=1/1 timeout=1000ms crc=30 0C len=8
frame=01 04 00 00 00 09 30 0C
[2026-04-17 09:24:34] [INFO] [发送] 09:24:34.409 设备ID=12078 module=PERIODIC id=ReadFoupStatus uuid=156 sendCount=1/1 timeout=1000ms crc=30 0C len=8
frame=01 04 00 00 00 09 30 0C
[2026-04-17 09:24:36] [INFO] [发送] 09:24:36.402 设备ID=12078 module=PERIODIC id=ReadFoupStatus uuid=156 sendCount=1/1 timeout=1000ms crc=30 0C len=8
frame=01 04 00 00 00 09 30 0C
[2026-04-17 09:24:38] [INFO] [发送] 09:24:38.401 设备ID=12078 module=PERIODIC id=ReadFoupStatus uuid=156 sendCount=1/1 timeout=1000ms crc=30 0C len=8
frame=01 04 00 00 00 09 30 0C
[2026-04-17 09:24:40] [INFO] [发送] 09:24:40.407 设备ID=12078 module=PERIODIC id=ReadFoupStatus uuid=156 sendCount=1/1 timeout=1000ms crc=30 0C len=8
frame=01 04 00 00 00 09 30 0C
[2026-04-17 09:24:42] [INFO] [发送] 09:24:42.403 设备ID=12078 module=PERIODIC id=ReadFoupStatus uuid=156 sendCount=1/1 timeout=1000ms crc=30 0C len=8
frame=01 04 00 00 00 09 30 0C
[2026-04-17 09:24:44] [INFO] [发送] 09:24:44.404 设备ID=12078 module=PERIODIC id=ReadFoupStatus uuid=156 sendCount=1/1 timeout=1000ms crc=30 0C len=8
frame=01 04 00 00 00 09 30 0C
[2026-04-17 09:24:48] [INFO] [发送] 09:24:48.272 设备ID=12078 module=PERIODIC id=ReadFoupStatus uuid=156 sendCount=1/1 timeout=1000ms crc=30 0C len=8
frame=01 04 00 00 00 09 30 0C
[2026-04-17 09:24:48] [INFO] [接收-帧] 09:24:48.374 设备ID=12078 module=PERIODIC id=ReadFoupStatus uuid=156 len=23
frame=01 04 12 3A 08 85 C1 31 78 F0 AA 81 D3 C6 94 7C E6 5C 14 A8 6F 56 EA
[2026-04-17 09:24:49] [INFO] [发送] 09:24:49.374 设备ID=12078 module=PERIODIC id=ReadFoupStatus uuid=156 sendCount=1/1 timeout=1000ms crc=30 0C len=8
frame=01 04 00 00 00 09 30 0C
[2026-04-17 09:24:49] [INFO] [接收-帧] 09:24:49.468 设备ID=12078 module=PERIODIC id=ReadFoupStatus uuid=156 len=23
frame=01 04 12 7A 4F 59 C4 CC 62 4F D1 64 86 42 89 37 BB 74 D4 C2 0E 49 0C
[2026-04-17 09:24:50] [INFO] [发送] 09:24:50.463 设备ID=12078 module=PERIODIC id=ReadFoupStatus uuid=156 sendCount=1/1 timeout=1000ms crc=30 0C len=8
frame=01 04 00 00 00 09 30 0C
[2026-04-17 09:24:50] [INFO] [接收-帧] 09:24:50.564 设备ID=12078 module=PERIODIC id=ReadFoupStatus uuid=156 len=23
frame=01 04 12 5F 0C E7 F6 D1 C4 92 BF 51 7E 7B 53 83 F9 77 9F 1E 3D 61 B0
[2026-04-17 09:24:51] [INFO] [发送] 09:24:51.559 设备ID=12078 module=PERIODIC id=ReadFoupStatus uuid=156 sendCount=1/1 timeout=1000ms crc=30 0C len=8
frame=01 04 00 00 00 09 30 0C
[2026-04-17 09:24:51] [INFO] [接收-帧] 09:24:51.655 设备ID=12078 module=PERIODIC id=ReadFoupStatus uuid=156 len=23
frame=01 04 12 B9 12 78 75 FF BA 3F 9D 2B 9D 06 C8 B1 39 9A 82 A0 9C 7E 50
[2026-04-17 09:24:52] [INFO] [发送] 09:24:52.650 设备ID=12078 module=PERIODIC id=ReadFoupStatus uuid=156 sendCount=1/1 timeout=1000ms crc=30 0C len=8
frame=01 04 00 00 00 09 30 0C
[2026-04-17 09:24:52] [INFO] [接收-帧] 09:24:52.751 设备ID=12078 module=PERIODIC id=ReadFoupStatus uuid=156 len=23
frame=01 04 12 A5 06 19 F7 FA 38 86 53 E5 2A 14 AC 0F BD 53 06 B1 02 BD 34
[2026-04-17 09:24:53] [INFO] [发送] 09:24:53.754 设备ID=12078 module=PERIODIC id=ReadFoupStatus uuid=156 sendCount=1/1 timeout=1000ms crc=30 0C len=8
frame=01 04 00 00 00 09 30 0C
[2026-04-17 09:24:53] [INFO] [接收-帧] 09:24:53.842 设备ID=12078 module=PERIODIC id=ReadFoupStatus uuid=156 len=23
frame=01 04 12 5F 01 88 8E 57 D0 1F 1C 96 A3 F4 37 91 6F D5 E3 71 24 EC 04
[2026-04-17 09:24:54] [INFO] [发送] 09:24:54.836 设备ID=12078 module=PERIODIC id=ReadFoupStatus uuid=156 sendCount=1/1 timeout=1000ms crc=30 0C len=8
frame=01 04 00 00 00 09 30 0C
[2026-04-17 09:24:54] [INFO] [接收-帧] 09:24:54.942 设备ID=12078 module=PERIODIC id=ReadFoupStatus uuid=156 len=23
frame=01 04 12 2C 84 F7 FD 56 1F A7 0D 8C 3C DA 74 DE 54 25 D5 12 2E 6C 15
[2026-04-17 09:24:55] [INFO] [发送] 09:24:55.937 设备ID=12078 module=PERIODIC id=ReadFoupStatus uuid=156 sendCount=1/1 timeout=1000ms crc=30 0C len=8
frame=01 04 00 00 00 09 30 0C
[2026-04-17 09:24:56] [INFO] [接收-帧] 09:24:56.029 设备ID=12078 module=PERIODIC id=ReadFoupStatus uuid=156 len=23
frame=01 04 12 A3 51 7A 34 BF 4A B4 09 25 FB 96 9B 43 11 DF 6C D4 43 78 57
[2026-04-17 09:24:57] [INFO] [发送] 09:24:57.025 设备ID=12078 module=PERIODIC id=ReadFoupStatus uuid=156 sendCount=1/1 timeout=1000ms crc=30 0C len=8
frame=01 04 00 00 00 09 30 0C
[2026-04-17 09:24:57] [INFO] [接收-帧] 09:24:57.129 设备ID=12078 module=PERIODIC id=ReadFoupStatus uuid=156 len=23
frame=01 04 12 A7 29 17 E3 0A E0 13 91 9C 4A 70 27 B5 11 C0 C2 0F 06 98 4C
[2026-04-17 09:24:58] [INFO] [发送] 09:24:58.119 设备ID=12078 module=PERIODIC id=ReadFoupStatus uuid=156 sendCount=1/1 timeout=1000ms crc=30 0C len=8
frame=01 04 00 00 00 09 30 0C
[2026-04-17 09:24:58] [INFO] [接收-帧] 09:24:58.218 设备ID=12078 module=PERIODIC id=ReadFoupStatus uuid=156 len=23
frame=01 04 12 2D 51 23 8F 8A 76 50 CE 1A 6D 54 41 79 30 9D BA 47 1C E3 3A
[2026-04-17 09:24:59] [INFO] [发送] 09:24:59.216 设备ID=12078 module=PERIODIC id=ReadFoupStatus uuid=156 sendCount=1/1 timeout=1000ms crc=30 0C len=8
frame=01 04 00 00 00 09 30 0C
[2026-04-17 09:24:59] [INFO] [接收-帧] 09:24:59.309 设备ID=12078 module=PERIODIC id=ReadFoupStatus uuid=156 len=23
frame=01 04 12 CB 11 ED 44 2D DC 20 58 58 95 A6 B3 B1 91 B0 F0 05 F5 2F 46
[2026-04-17 09:25:00] [INFO] [发送] 09:25:00.307 设备ID=12078 module=PERIODIC id=ReadFoupStatus uuid=156 sendCount=1/1 timeout=1000ms crc=30 0C len=8
frame=01 04 00 00 00 09 30 0C
[2026-04-17 09:25:00] [INFO] [接收-帧] 09:25:00.408 设备ID=12078 module=PERIODIC id=ReadFoupStatus uuid=156 len=23
frame=01 04 12 DD F5 CA E4 1C C5 BA 4F 3D 3C AB BF 4F 9E 62 A9 EE 86 96 EB
[2026-04-17 09:25:01] [INFO] [发送] 09:25:01.402 设备ID=12078 module=PERIODIC id=ReadFoupStatus uuid=156 sendCount=1/1 timeout=1000ms crc=30 0C len=8
frame=01 04 00 00 00 09 30 0C
[2026-04-17 09:25:01] [INFO] [接收-帧] 09:25:01.498 设备ID=12078 module=PERIODIC id=ReadFoupStatus uuid=156 len=23
frame=01 04 12 0B 0B B2 1A 78 42 4C 50 73 FB 25 26 8B 16 95 25 2B A0 C8 29
[2026-04-17 09:25:02] [INFO] [发送] 09:25:02.500 设备ID=12078 module=PERIODIC id=ReadFoupStatus uuid=156 sendCount=1/1 timeout=1000ms crc=30 0C len=8
frame=01 04 00 00 00 09 30 0C
[2026-04-17 09:25:02] [INFO] [接收-帧] 09:25:02.588 设备ID=12078 module=PERIODIC id=ReadFoupStatus uuid=156 len=23
frame=01 04 12 DB C2 17 BA 1D 1E 8C D4 06 DE 05 7B 4A 8E 84 EE 4A D8 30 AD
[2026-04-17 09:25:03] [INFO] [发送] 09:25:03.592 设备ID=12078 module=PERIODIC id=ReadFoupStatus uuid=156 sendCount=1/1 timeout=1000ms crc=30 0C len=8
frame=01 04 00 00 00 09 30 0C
[2026-04-17 09:25:03] [INFO] [接收-帧] 09:25:03.687 设备ID=12078 module=PERIODIC id=ReadFoupStatus uuid=156 len=23
frame=01 04 12 A5 11 BA 75 BA 64 79 EE 40 37 FB B5 7B 17 77 14 E0 97 92 E2
[2026-04-17 09:25:04] [INFO] [发送] 09:25:04.681 设备ID=12078 module=PERIODIC id=ReadFoupStatus uuid=156 sendCount=1/1 timeout=1000ms crc=30 0C len=8
frame=01 04 00 00 00 09 30 0C
[2026-04-17 09:25:04] [INFO] [接收-帧] 09:25:04.784 设备ID=12078 module=PERIODIC id=ReadFoupStatus uuid=156 len=23
frame=01 04 12 A6 75 3F CA B7 82 94 80 34 F2 C3 62 F7 1A CF 45 84 22 AE 8B
[2026-04-17 09:25:05] [INFO] [发送] 09:25:05.779 设备ID=12078 module=PERIODIC id=ReadFoupStatus uuid=156 sendCount=1/1 timeout=1000ms crc=30 0C len=8
frame=01 04 00 00 00 09 30 0C
[2026-04-17 09:25:05] [INFO] [接收-帧] 09:25:05.871 设备ID=12078 module=PERIODIC id=ReadFoupStatus uuid=156 len=23
frame=01 04 12 6C 57 C6 AD D8 12 E1 3F 6E 1D E2 5C 40 E4 8E 84 81 D0 6B 60
[2026-04-17 09:25:06] [INFO] [发送] 09:25:06.874 设备ID=12078 module=PERIODIC id=ReadFoupStatus uuid=156 sendCount=1/1 timeout=1000ms crc=30 0C len=8
frame=01 04 00 00 00 09 30 0C
[2026-04-17 09:25:06] [INFO] [接收-帧] 09:25:06.966 设备ID=12078 module=PERIODIC id=ReadFoupStatus uuid=156 len=23
frame=01 04 12 85 6C 70 59 8E A6 33 17 34 9E F1 6A AF 7C B0 A1 86 9E 5A 77
[2026-04-17 09:25:07] [INFO] [发送] 09:25:07.972 设备ID=12078 module=PERIODIC id=ReadFoupStatus uuid=156 sendCount=1/1 timeout=1000ms crc=30 0C len=8
frame=01 04 00 00 00 09 30 0C
[2026-04-17 09:25:08] [INFO] [接收-帧] 09:25:08.061 设备ID=12078 module=PERIODIC id=ReadFoupStatus uuid=156 len=23
frame=01 04 12 A4 DA 48 48 6B 19 0B 0E E9 A0 2F 15 CC 20 B4 14 2D BF 38 44
[2026-04-17 09:25:09] [INFO] [发送] 09:25:09.056 设备ID=12078 module=PERIODIC id=ReadFoupStatus uuid=156 sendCount=1/1 timeout=1000ms crc=30 0C len=8
frame=01 04 00 00 00 09 30 0C
[2026-04-17 09:25:09] [INFO] [接收-帧] 09:25:09.159 设备ID=12078 module=PERIODIC id=ReadFoupStatus uuid=156 len=23
frame=01 04 12 DB 30 21 E6 08 7B 91 E6 21 B4 08 60 BE C2 5D 16 F2 37 DE 84
[2026-04-17 09:25:10] [INFO] [发送] 09:25:10.155 设备ID=12078 module=PERIODIC id=ReadFoupStatus uuid=156 sendCount=1/1 timeout=1000ms crc=30 0C len=8
frame=01 04 00 00 00 09 30 0C
[2026-04-17 09:25:10] [INFO] [接收-帧] 09:25:10.243 设备ID=12078 module=PERIODIC id=ReadFoupStatus uuid=156 len=23
frame=01 04 12 29 AA CF F3 AE C4 E8 BD F0 9D 1E 9B C8 3F 4A 35 08 47 D7 11
[2026-04-17 09:25:11] [INFO] [发送] 09:25:11.250 设备ID=12078 module=PERIODIC id=ReadFoupStatus uuid=156 sendCount=1/1 timeout=1000ms crc=30 0C len=8
frame=01 04 00 00 00 09 30 0C
[2026-04-17 09:25:11] [INFO] [接收-帧] 09:25:11.344 设备ID=12078 module=PERIODIC id=ReadFoupStatus uuid=156 len=23
frame=01 04 12 C8 90 DD 5B B7 4D 0E 14 E9 EC 2F 95 D5 10 47 45 04 FB BE A1
[2026-04-17 09:25:12] [INFO] [发送] 09:25:12.339 设备ID=12078 module=PERIODIC id=ReadFoupStatus uuid=156 sendCount=1/1 timeout=1000ms crc=30 0C len=8
frame=01 04 00 00 00 09 30 0C
[2026-04-17 09:25:12] [INFO] [接收-帧] 09:25:12.436 设备ID=12078 module=PERIODIC id=ReadFoupStatus uuid=156 len=23
frame=01 04 12 13 D8 59 40 72 6D A6 BE 35 FB 21 4A 22 10 BC E7 FB 5E 05 4C
[2026-04-17 09:25:13] [INFO] [发送] 09:25:13.435 设备ID=12078 module=PERIODIC id=ReadFoupStatus uuid=156 sendCount=1/1 timeout=1000ms crc=30 0C len=8
frame=01 04 00 00 00 09 30 0C
[2026-04-17 09:25:13] [INFO] [接收-帧] 09:25:13.532 设备ID=12078 module=PERIODIC id=ReadFoupStatus uuid=156 len=23
frame=01 04 12 CE DF 13 42 5F 3B 15 0D 33 29 4D 59 FE 4A A3 B7 38 71 CE C4
[2026-04-17 09:25:14] [INFO] [发送] 09:25:14.524 设备ID=12078 module=PERIODIC id=ReadFoupStatus uuid=156 sendCount=1/1 timeout=1000ms crc=30 0C len=8
frame=01 04 00 00 00 09 30 0C
[2026-04-17 09:25:14] [INFO] [接收-帧] 09:25:14.623 设备ID=12078 module=PERIODIC id=ReadFoupStatus uuid=156 len=23
frame=01 04 12 80 F0 A0 3B 66 80 25 A1 B4 CE 3C EA EA 8C B6 AE 51 F1 95 EF
[2026-04-17 09:25:15] [INFO] [发送] 09:25:15.622 设备ID=12078 module=PERIODIC id=ReadFoupStatus uuid=156 sendCount=1/1 timeout=1000ms crc=30 0C len=8
frame=01 04 00 00 00 09 30 0C
[2026-04-17 09:25:15] [INFO] [接收-帧] 09:25:15.718 设备ID=12078 module=PERIODIC id=ReadFoupStatus uuid=156 len=23
frame=01 04 12 5B C4 7F CE F5 E2 99 A4 E4 82 52 66 A1 9C EB 1A 4E E5 CA 61
[2026-04-17 09:25:16] [INFO] [发送] 09:25:16.717 设备ID=12078 module=PERIODIC id=ReadFoupStatus uuid=156 sendCount=1/1 timeout=1000ms crc=30 0C len=8
frame=01 04 00 00 00 09 30 0C
[2026-04-17 09:25:16] [INFO] [接收-帧] 09:25:16.809 设备ID=12078 module=PERIODIC id=ReadFoupStatus uuid=156 len=23
frame=01 04 12 7F E7 2C 4C 2A AE DF 34 94 41 E0 A5 3D 45 05 DD EB 06 53 16
[2026-04-17 09:25:17] [INFO] [发送] 09:25:17.813 设备ID=12078 module=PERIODIC id=ReadFoupStatus uuid=156 sendCount=1/1 timeout=1000ms crc=30 0C len=8
frame=01 04 00 00 00 09 30 0C
[2026-04-17 09:25:17] [INFO] [接收-帧] 09:25:17.909 设备ID=12078 module=PERIODIC id=ReadFoupStatus uuid=156 len=23
frame=01 04 12 8F 45 D3 DD FC B4 B9 00 8A EA 96 FC E9 5A 03 DD AA 51 29 23
[2026-04-17 09:25:18] [INFO] [发送] 09:25:18.901 设备ID=12078 module=PERIODIC id=ReadFoupStatus uuid=156 sendCount=1/1 timeout=1000ms crc=30 0C len=8
frame=01 04 00 00 00 09 30 0C
[2026-04-17 09:25:19] [INFO] [接收-帧] 09:25:19.003 设备ID=12078 module=PERIODIC id=ReadFoupStatus uuid=156 len=23
frame=01 04 12 99 32 0E E3 B6 BF 1C D4 0E A2 B2 52 53 99 C6 09 FB CE 1D 3B
[2026-04-17 09:25:19] [INFO] [发送] 09:25:19.993 设备ID=12078 module=PERIODIC id=ReadFoupStatus uuid=156 sendCount=1/1 timeout=1000ms crc=30 0C len=8
frame=01 04 00 00 00 09 30 0C
[2026-04-17 09:25:20] [INFO] [接收-帧] 09:25:20.091 设备ID=12078 module=PERIODIC id=ReadFoupStatus uuid=156 len=23
frame=01 04 12 7F E3 18 31 EF 86 63 35 B6 45 FA 3E 67 18 DC 00 EA D9 7A 9D
[2026-04-17 09:25:21] [INFO] [发送] 09:25:21.089 设备ID=12078 module=PERIODIC id=ReadFoupStatus uuid=156 sendCount=1/1 timeout=1000ms crc=30 0C len=8
frame=01 04 00 00 00 09 30 0C
[2026-04-17 09:25:21] [INFO] [接收-帧] 09:25:21.190 设备ID=12078 module=PERIODIC id=ReadFoupStatus uuid=156 len=23
frame=01 04 12 9B 02 B7 2B 59 11 14 B9 7F F5 85 7B 5C 34 F4 19 9B CD 36 FC
[2026-04-17 09:25:22] [INFO] [发送] 09:25:22.183 设备ID=12078 module=PERIODIC id=ReadFoupStatus uuid=156 sendCount=1/1 timeout=1000ms crc=30 0C len=8
frame=01 04 00 00 00 09 30 0C
[2026-04-17 09:25:22] [INFO] [接收-帧] 09:25:22.282 设备ID=12078 module=PERIODIC id=ReadFoupStatus uuid=156 len=23
frame=01 04 12 59 A3 E5 66 78 A8 FD D1 8C F9 EC 29 E5 0A 6B A3 40 FC C8 0A
[2026-04-17 09:25:23] [INFO] [发送] 09:25:23.275 设备ID=12078 module=PERIODIC id=ReadFoupStatus uuid=156 sendCount=1/1 timeout=1000ms crc=30 0C len=8
frame=01 04 00 00 00 09 30 0C
[2026-04-17 09:25:23] [INFO] [接收-帧] 09:25:23.371 设备ID=12078 module=PERIODIC id=ReadFoupStatus uuid=156 len=23
frame=01 04 12 CD B0 AB A1 5E 17 9F DA 47 A4 46 6F 8C 40 1C A3 B8 1B 4F 1E
[2026-04-17 09:25:24] [INFO] [发送] 09:25:24.379 设备ID=12078 module=PERIODIC id=ReadFoupStatus uuid=156 sendCount=1/1 timeout=1000ms crc=30 0C len=8
frame=01 04 00 00 00 09 30 0C
[2026-04-17 09:25:24] [INFO] [接收-帧] 09:25:24.468 设备ID=12078 module=PERIODIC id=ReadFoupStatus uuid=156 len=23
frame=01 04 12 93 04 13 81 DE A4 1F 11 23 3C AF E4 F0 5E 53 BD BD E8 52 FD
[2026-04-17 09:25:25] [INFO] [发送] 09:25:25.474 设备ID=12078 module=PERIODIC id=ReadFoupStatus uuid=156 sendCount=1/1 timeout=1000ms crc=30 0C len=8
frame=01 04 00 00 00 09 30 0C
[2026-04-17 09:25:25] [INFO] [接收-帧] 09:25:25.563 设备ID=12078 module=PERIODIC id=ReadFoupStatus uuid=156 len=23
frame=01 04 12 ED 27 8C 4A E1 4F A9 4F 98 15 06 E5 20 22 60 F6 FF A2 96 DC
[2026-04-17 09:25:26] [INFO] [发送] 09:25:26.563 设备ID=12078 module=PERIODIC id=ReadFoupStatus uuid=156 sendCount=1/1 timeout=1000ms crc=30 0C len=8
frame=01 04 00 00 00 09 30 0C
[2026-04-17 09:25:26] [INFO] [接收-帧] 09:25:26.658 设备ID=12078 module=PERIODIC id=ReadFoupStatus uuid=156 len=23
frame=01 04 12 9C 1C F2 BC 80 D5 AF DF 12 40 C1 AD 39 D4 85 B8 87 C9 BA 31
[2026-04-17 09:25:27] [INFO] [发送] 09:25:27.652 设备ID=12078 module=PERIODIC id=ReadFoupStatus uuid=156 sendCount=1/1 timeout=1000ms crc=30 0C len=8
frame=01 04 00 00 00 09 30 0C
[2026-04-17 09:25:27] [INFO] [接收-帧] 09:25:27.750 设备ID=12078 module=PERIODIC id=ReadFoupStatus uuid=156 len=23
frame=01 04 12 D8 FE A4 08 B8 F8 51 6C 01 E3 4C A2 89 51 45 9C 23 69 51 E7
[2026-04-17 09:25:28] [INFO] [发送] 09:25:28.756 设备ID=12078 module=PERIODIC id=ReadFoupStatus uuid=156 sendCount=1/1 timeout=1000ms crc=30 0C len=8
frame=01 04 00 00 00 09 30 0C
[2026-04-17 09:25:28] [INFO] [接收-帧] 09:25:28.841 设备ID=12078 module=PERIODIC id=ReadFoupStatus uuid=156 len=23
frame=01 04 12 8B 2E DE 4A CA 48 1B 1D 43 DF 6A 77 89 BF 8E F7 70 E0 09 39
[2026-04-17 09:25:29] [INFO] [发送] 09:25:29.840 设备ID=12078 module=PERIODIC id=ReadFoupStatus uuid=156 sendCount=1/1 timeout=1000ms crc=30 0C len=8
frame=01 04 00 00 00 09 30 0C
[2026-04-17 09:25:29] [INFO] [接收-帧] 09:25:29.934 设备ID=12078 module=PERIODIC id=ReadFoupStatus uuid=156 len=23
frame=01 04 12 3D DB 9C 9B 7D 38 6D 40 0A 49 D7 3D A8 20 DC 4F CC 4C 44 5C
[2026-04-17 09:25:30] [INFO] [发送] 09:25:30.933 设备ID=12078 module=PERIODIC id=ReadFoupStatus uuid=156 sendCount=1/1 timeout=1000ms crc=30 0C len=8
frame=01 04 00 00 00 09 30 0C
[2026-04-17 09:25:31] [INFO] [接收-帧] 09:25:31.034 设备ID=12078 module=PERIODIC id=ReadFoupStatus uuid=156 len=23
frame=01 04 12 41 AE E5 08 A6 4A EA 7D FD 50 6B 3F B2 12 A6 06 EC 36 9B 4A
[2026-04-17 09:25:32] [INFO] [发送] 09:25:32.030 设备ID=12078 module=PERIODIC id=ReadFoupStatus uuid=156 sendCount=1/1 timeout=1000ms crc=30 0C len=8
frame=01 04 00 00 00 09 30 0C
[2026-04-17 09:25:32] [INFO] [接收-帧] 09:25:32.124 设备ID=12078 module=PERIODIC id=ReadFoupStatus uuid=156 len=23
frame=01 04 12 A0 E9 72 C7 FA 76 48 FC 6A 5C C4 BE 31 96 33 BB DE 0A 7A 14
[2026-04-17 09:25:33] [INFO] [发送] 09:25:33.119 设备ID=12078 module=PERIODIC id=ReadFoupStatus uuid=156 sendCount=1/1 timeout=1000ms crc=30 0C len=8
frame=01 04 00 00 00 09 30 0C
[2026-04-17 09:25:33] [INFO] [接收-帧] 09:25:33.217 设备ID=12078 module=PERIODIC id=ReadFoupStatus uuid=156 len=23
frame=01 04 12 81 3E 2A C2 E0 F7 3B 6F 8D B1 12 22 C2 81 B9 F3 FE 73 87 FF
[2026-04-17 09:25:34] [INFO] [发送] 09:25:34.233 设备ID=12078 module=PERIODIC id=ReadFoupStatus uuid=156 sendCount=1/1 timeout=1000ms crc=30 0C len=8
frame=01 04 00 00 00 09 30 0C
[2026-04-17 09:25:34] [INFO] [接收-帧] 09:25:34.313 设备ID=12078 module=PERIODIC id=ReadFoupStatus uuid=156 len=23
frame=01 04 12 8D 5A FF 2E B0 BE 75 BA 49 8F 0A 45 B3 1B FF 81 FC B4 53 F7
[2026-04-17 09:25:35] [INFO] [发送] 09:25:35.307 设备ID=12078 module=PERIODIC id=ReadFoupStatus uuid=156 sendCount=1/1 timeout=1000ms crc=30 0C len=8
frame=01 04 00 00 00 09 30 0C
[2026-04-17 09:25:35] [INFO] [接收-帧] 09:25:35.408 设备ID=12078 module=PERIODIC id=ReadFoupStatus uuid=156 len=23
frame=01 04 12 69 9B 4E 24 1C E5 9D 68 C9 6D 6A 23 A9 BE D4 AD 35 32 2A 0C
[2026-04-17 09:25:36] [INFO] [发送] 09:25:36.400 设备ID=12078 module=PERIODIC id=ReadFoupStatus uuid=156 sendCount=1/1 timeout=1000ms crc=30 0C len=8
frame=01 04 00 00 00 09 30 0C
[2026-04-17 09:25:36] [INFO] [接收-帧] 09:25:36.501 设备ID=12078 module=PERIODIC id=ReadFoupStatus uuid=156 len=23
frame=01 04 12 02 D0 DF 07 03 BE C1 DB 0D 9A 3E 9A 86 84 45 E6 73 A2 78 C0
[2026-04-17 09:25:37] [INFO] [发送] 09:25:37.494 设备ID=12078 module=PERIODIC id=ReadFoupStatus uuid=156 sendCount=1/1 timeout=1000ms crc=30 0C len=8
frame=01 04 00 00 00 09 30 0C
[2026-04-17 09:25:37] [INFO] [接收-帧] 09:25:37.597 设备ID=12078 module=PERIODIC id=ReadFoupStatus uuid=156 len=23
frame=01 04 12 74 81 4B 7B CB 03 F6 A6 6F 44 F9 04 57 DC 6D 5B AD 94 8F 1F
[2026-04-17 09:25:38] [INFO] [发送] 09:25:38.590 设备ID=12078 module=PERIODIC id=ReadFoupStatus uuid=156 sendCount=1/1 timeout=1000ms crc=30 0C len=8
frame=01 04 00 00 00 09 30 0C
[2026-04-17 09:25:38] [INFO] [接收-帧] 09:25:38.685 设备ID=12078 module=PERIODIC id=ReadFoupStatus uuid=156 len=23
frame=01 04 12 84 55 E6 BE C4 B4 AA C1 97 69 88 AD A4 56 B7 66 73 B8 51 59
[2026-04-17 09:25:39] [INFO] [发送] 09:25:39.684 设备ID=12078 module=PERIODIC id=ReadFoupStatus uuid=156 sendCount=1/1 timeout=1000ms crc=30 0C len=8
frame=01 04 00 00 00 09 30 0C
[2026-04-17 09:25:39] [INFO] [接收-帧] 09:25:39.782 设备ID=12078 module=PERIODIC id=ReadFoupStatus uuid=156 len=23
frame=01 04 12 DB 88 F4 AF 3C F2 47 E4 33 E0 19 E5 02 8B 4D A4 1B 20 3B 75
[2026-04-17 09:25:40] [INFO] [发送] 09:25:40.775 设备ID=12078 module=PERIODIC id=ReadFoupStatus uuid=156 sendCount=1/1 timeout=1000ms crc=30 0C len=8
frame=01 04 00 00 00 09 30 0C
[2026-04-17 09:25:40] [INFO] [接收-帧] 09:25:40.877 设备ID=12078 module=PERIODIC id=ReadFoupStatus uuid=156 len=23
frame=01 04 12 FE 5E 8C 6E AF 16 11 F9 E1 71 6E 64 F7 36 D8 AF 07 4C 06 E8
[2026-04-17 09:25:41] [INFO] [发送] 09:25:41.872 设备ID=12078 module=PERIODIC id=ReadFoupStatus uuid=156 sendCount=1/1 timeout=1000ms crc=30 0C len=8
frame=01 04 00 00 00 09 30 0C
[2026-04-17 09:25:41] [INFO] [接收-帧] 09:25:41.969 设备ID=12078 module=PERIODIC id=ReadFoupStatus uuid=156 len=23
frame=01 04 12 41 88 B4 87 41 69 6F EF 9D 0B 54 C1 BB D9 D6 BB 02 AE 85 D4
[2026-04-17 09:25:42] [INFO] [发送] 09:25:42.973 设备ID=12078 module=PERIODIC id=ReadFoupStatus uuid=156 sendCount=1/1 timeout=1000ms crc=30 0C len=8
frame=01 04 00 00 00 09 30 0C
[2026-04-17 09:25:43] [INFO] [接收-帧] 09:25:43.062 设备ID=12078 module=PERIODIC id=ReadFoupStatus uuid=156 len=23
frame=01 04 12 F2 68 21 6A 8E A4 01 C1 E0 92 A9 52 36 1F 7C EA 20 DD 34 DC
[2026-04-17 09:25:44] [INFO] [发送] 09:25:44.062 设备ID=12078 module=PERIODIC id=ReadFoupStatus uuid=156 sendCount=1/1 timeout=1000ms crc=30 0C len=8
frame=01 04 00 00 00 09 30 0C
[2026-04-17 09:25:44] [INFO] [接收-帧] 09:25:44.156 设备ID=12078 module=PERIODIC id=ReadFoupStatus uuid=156 len=23
frame=01 04 12 89 D7 E3 18 64 0E 0D C8 9C E9 6B 44 8F DB 64 99 8E 5B BD 43
[2026-04-17 09:25:45] [INFO] [发送] 09:25:45.149 设备ID=12078 module=PERIODIC id=ReadFoupStatus uuid=156 sendCount=1/1 timeout=1000ms crc=30 0C len=8
frame=01 04 00 00 00 09 30 0C
[2026-04-17 09:25:45] [INFO] [接收-帧] 09:25:45.248 设备ID=12078 module=PERIODIC id=ReadFoupStatus uuid=156 len=23
frame=01 04 12 E2 92 A9 9B AF 90 BC 65 DC 12 1F E5 2A 4E 26 A8 DD 76 72 00
[2026-04-17 09:25:46] [INFO] [发送] 09:25:46.247 设备ID=12078 module=PERIODIC id=ReadFoupStatus uuid=156 sendCount=1/1 timeout=1000ms crc=30 0C len=8
frame=01 04 00 00 00 09 30 0C
[2026-04-17 09:25:46] [INFO] [接收-帧] 09:25:46.350 设备ID=12078 module=PERIODIC id=ReadFoupStatus uuid=156 len=23
frame=01 04 12 11 F2 94 7F CE 96 DA 18 F6 FA AF 72 72 FC 74 58 99 52 A9 40
[2026-04-17 09:25:47] [INFO] [发送] 09:25:47.355 设备ID=12078 module=PERIODIC id=ReadFoupStatus uuid=156 sendCount=1/1 timeout=1000ms crc=30 0C len=8
frame=01 04 00 00 00 09 30 0C
[2026-04-17 09:25:47] [INFO] [接收-帧] 09:25:47.445 设备ID=12078 module=PERIODIC id=ReadFoupStatus uuid=156 len=23
frame=01 04 12 89 B9 FA 39 F5 EE FF 7D A3 FF 62 C1 03 16 CB 34 79 3B CE 78
[2026-04-17 09:25:48] [INFO] [发送] 09:25:48.446 设备ID=12078 module=PERIODIC id=ReadFoupStatus uuid=156 sendCount=1/1 timeout=1000ms crc=30 0C len=8
frame=01 04 00 00 00 09 30 0C
[2026-04-17 09:25:48] [INFO] [接收-帧] 09:25:48.534 设备ID=12078 module=PERIODIC id=ReadFoupStatus uuid=156 len=23
frame=01 04 12 F9 B5 54 40 F0 2C 05 EA DD AC B6 F6 7E 80 E8 9F 4C 0E C5 E5
[2026-04-17 09:25:49] [INFO] [发送] 09:25:49.527 设备ID=12078 module=PERIODIC id=ReadFoupStatus uuid=156 sendCount=1/1 timeout=1000ms crc=30 0C len=8
frame=01 04 00 00 00 09 30 0C
[2026-04-17 09:25:49] [INFO] [接收-帧] 09:25:49.627 设备ID=12078 module=PERIODIC id=ReadFoupStatus uuid=156 len=23
frame=01 04 12 09 F0 31 8A C1 07 0D 91 66 B9 A5 2D EE 4B 79 61 2E 35 7D 16
[2026-04-17 09:25:50] [INFO] [发送] 09:25:50.746 设备ID=12078 module=PERIODIC id=ReadFoupStatus uuid=156 sendCount=1/1 timeout=1000ms crc=30 0C len=8
frame=01 04 00 00 00 09 30 0C
[2026-04-17 09:25:50] [INFO] [接收-帧] 09:25:50.830 设备ID=12078 module=PERIODIC id=ReadFoupStatus uuid=156 len=23
frame=01 04 12 4F 26 9E 7C A0 5C 2F 89 F4 4F FA 58 DC 56 03 87 AB D5 5B 34
[2026-04-17 09:25:51] [INFO] [发送] 09:25:51.832 设备ID=12078 module=PERIODIC id=ReadFoupStatus uuid=156 sendCount=1/1 timeout=1000ms crc=30 0C len=8
frame=01 04 00 00 00 09 30 0C
[2026-04-17 09:25:52] [INFO] [接收-帧] 09:25:52.205 设备ID=12078 module=PERIODIC id=ReadFoupStatus uuid=156 len=23
frame=01 04 12 51 1C 27 03 5B C0 50 01 9B 83 9B E7 42 F4 A0 C0 B0 50 7C 1B
[2026-04-17 09:25:53] [INFO] [发送] 09:25:53.200 设备ID=12078 module=PERIODIC id=ReadFoupStatus uuid=156 sendCount=1/1 timeout=1000ms crc=30 0C len=8
frame=01 04 00 00 00 09 30 0C
[2026-04-17 09:25:53] [INFO] [接收-帧] 09:25:53.235 设备ID=12078 module=PERIODIC id=ReadFoupStatus uuid=156 len=23
frame=01 04 12 D0 2C 4F 58 EC 8A 53 E6 36 42 F1 C3 26 27 96 AD 7A AC 51 E1
[2026-04-17 09:25:54] [INFO] [发送] 09:25:54.241 设备ID=12078 module=PERIODIC id=ReadFoupStatus uuid=156 sendCount=1/1 timeout=1000ms crc=30 0C len=8
frame=01 04 00 00 00 09 30 0C
[2026-04-17 09:25:54] [INFO] [接收-帧] 09:25:54.328 设备ID=12078 module=PERIODIC id=ReadFoupStatus uuid=156 len=23
frame=01 04 12 04 63 45 2F 50 0F 70 65 E7 F8 4E D8 21 A7 FC 7D D9 7B 2A D2
[2026-04-17 09:25:55] [INFO] [发送] 09:25:55.328 设备ID=12078 module=PERIODIC id=ReadFoupStatus uuid=156 sendCount=1/1 timeout=1000ms crc=30 0C len=8
frame=01 04 00 00 00 09 30 0C
[2026-04-17 09:25:55] [INFO] [接收-帧] 09:25:55.421 设备ID=12078 module=PERIODIC id=ReadFoupStatus uuid=156 len=23
frame=01 04 12 CA 56 13 69 23 29 5F F0 F9 DE EB E5 3A 4C 02 3B B5 BC 18 51
[2026-04-17 09:25:56] [INFO] [发送] 09:25:56.424 设备ID=12078 module=PERIODIC id=ReadFoupStatus uuid=156 sendCount=1/1 timeout=1000ms crc=30 0C len=8
frame=01 04 00 00 00 09 30 0C
[2026-04-17 09:25:56] [INFO] [接收-帧] 09:25:56.518 设备ID=12078 module=PERIODIC id=ReadFoupStatus uuid=156 len=23
frame=01 04 12 2C 2E 6C CA FE 75 4A 12 97 56 7D BE 5B 1A AA 8F 36 21 F4 FB
[2026-04-17 09:25:57] [INFO] [发送] 09:25:57.540 设备ID=12078 module=PERIODIC id=ReadFoupStatus uuid=156 sendCount=1/1 timeout=1000ms crc=30 0C len=8
frame=01 04 00 00 00 09 30 0C
[2026-04-17 09:25:57] [INFO] [接收-帧] 09:25:57.611 设备ID=12078 module=PERIODIC id=ReadFoupStatus uuid=156 len=23
frame=01 04 12 E9 FC 09 8C EC C9 8D E8 62 7C 3A 46 35 92 AB 73 10 F8 5C 68
[2026-04-17 09:25:58] [INFO] [发送] 09:25:58.610 设备ID=12078 module=PERIODIC id=ReadFoupStatus uuid=156 sendCount=1/1 timeout=1000ms crc=30 0C len=8
frame=01 04 00 00 00 09 30 0C
[2026-04-17 09:25:58] [INFO] [接收-帧] 09:25:58.708 设备ID=12078 module=PERIODIC id=ReadFoupStatus uuid=156 len=23
frame=01 04 12 43 C2 6C A4 0C 97 BC CA 6E 8B F5 4A 1F 89 15 F3 DA 70 B6 49
[2026-04-17 09:25:59] [INFO] [发送] 09:25:59.700 设备ID=12078 module=PERIODIC id=ReadFoupStatus uuid=156 sendCount=1/1 timeout=1000ms crc=30 0C len=8
frame=01 04 00 00 00 09 30 0C
[2026-04-17 09:25:59] [INFO] [接收-帧] 09:25:59.799 设备ID=12078 module=PERIODIC id=ReadFoupStatus uuid=156 len=23
frame=01 04 12 F8 C7 E7 8B 49 00 D5 80 21 52 EA AE BB 9C 19 13 E4 E2 79 FB
[2026-04-17 09:26:00] [INFO] [发送] 09:26:00.794 设备ID=12078 module=PERIODIC id=ReadFoupStatus uuid=156 sendCount=1/1 timeout=1000ms crc=30 0C len=8
frame=01 04 00 00 00 09 30 0C
[2026-04-17 09:26:00] [INFO] [接收-帧] 09:26:00.887 设备ID=12078 module=PERIODIC id=ReadFoupStatus uuid=156 len=23
frame=01 04 12 0A C8 69 30 3B 74 B0 FC BE 10 0F 5F BC 11 E6 C7 13 33 F1 51
[2026-04-17 09:26:01] [INFO] [发送] 09:26:01.887 设备ID=12078 module=PERIODIC id=ReadFoupStatus uuid=156 sendCount=1/1 timeout=1000ms crc=30 0C len=8
frame=01 04 00 00 00 09 30 0C
[2026-04-17 09:26:01] [INFO] [接收-帧] 09:26:01.986 设备ID=12078 module=PERIODIC id=ReadFoupStatus uuid=156 len=23
frame=01 04 12 20 B3 A1 BF 35 A7 17 E3 3D F2 47 42 99 9D D9 24 CF 06 A8 13
[2026-04-17 09:26:02] [INFO] [发送] 09:26:02.984 设备ID=12078 module=PERIODIC id=ReadFoupStatus uuid=156 sendCount=1/1 timeout=1000ms crc=30 0C len=8
frame=01 04 00 00 00 09 30 0C
[2026-04-17 09:26:03] [INFO] [接收-帧] 09:26:03.079 设备ID=12078 module=PERIODIC id=ReadFoupStatus uuid=156 len=23
frame=01 04 12 9A B5 AB 55 70 8F 35 57 A9 3F 92 31 71 A0 93 05 A1 8A 6C E3
[2026-04-17 09:26:04] [INFO] [发送] 09:26:04.076 设备ID=12078 module=PERIODIC id=ReadFoupStatus uuid=156 sendCount=1/1 timeout=1000ms crc=30 0C len=8
frame=01 04 00 00 00 09 30 0C
[2026-04-17 09:26:04] [INFO] [接收-帧] 09:26:04.169 设备ID=12078 module=PERIODIC id=ReadFoupStatus uuid=156 len=23
frame=01 04 12 DA 8F 22 66 EB 57 83 60 93 4B B2 B8 E5 E2 65 10 89 C9 FE D2
[2026-04-17 09:26:05] [INFO] [发送] 09:26:05.176 设备ID=12078 module=PERIODIC id=ReadFoupStatus uuid=156 sendCount=1/1 timeout=1000ms crc=30 0C len=8
frame=01 04 00 00 00 09 30 0C
[2026-04-17 09:26:05] [INFO] [接收-帧] 09:26:05.267 设备ID=12078 module=PERIODIC id=ReadFoupStatus uuid=156 len=23
frame=01 04 12 DA 97 08 E8 B0 FD BD 29 97 18 55 46 34 90 44 88 8C 4C 6F 19
[2026-04-17 09:26:06] [INFO] [发送] 09:26:06.275 设备ID=12078 module=PERIODIC id=ReadFoupStatus uuid=156 sendCount=1/1 timeout=1000ms crc=30 0C len=8
frame=01 04 00 00 00 09 30 0C
[2026-04-17 09:26:06] [INFO] [接收-帧] 09:26:06.360 设备ID=12078 module=PERIODIC id=ReadFoupStatus uuid=156 len=23
frame=01 04 12 4D FE E6 06 59 12 17 4E DD 1B 3A E5 9F EE F6 15 67 35 B8 75
[2026-04-17 09:26:07] [INFO] [发送] 09:26:07.363 设备ID=12078 module=PERIODIC id=ReadFoupStatus uuid=156 sendCount=1/1 timeout=1000ms crc=30 0C len=8
frame=01 04 00 00 00 09 30 0C
[2026-04-17 09:26:07] [INFO] [接收-帧] 09:26:07.450 设备ID=12078 module=PERIODIC id=ReadFoupStatus uuid=156 len=23
frame=01 04 12 1A B3 B8 64 22 10 25 25 7B 1B 24 6D 9F E7 32 7D 1A 42 96 32
[2026-04-17 09:26:08] [INFO] [发送] 09:26:08.449 设备ID=12078 module=PERIODIC id=ReadFoupStatus uuid=156 sendCount=1/1 timeout=1000ms crc=30 0C len=8
frame=01 04 00 00 00 09 30 0C
[2026-04-17 09:26:08] [INFO] [接收-帧] 09:26:08.545 设备ID=12078 module=PERIODIC id=ReadFoupStatus uuid=156 len=23
frame=01 04 12 E4 88 DA 8D FD B7 9D 07 5F DA 24 4F CF C4 AF 7C 34 FB 06 71
[2026-04-17 09:26:09] [INFO] [发送] 09:26:09.680 设备ID=12078 module=PERIODIC id=ReadFoupStatus uuid=156 sendCount=1/1 timeout=1000ms crc=30 0C len=8
frame=01 04 00 00 00 09 30 0C
[2026-04-17 09:26:09] [INFO] [接收-帧] 09:26:09.749 设备ID=12078 module=PERIODIC id=ReadFoupStatus uuid=156 len=23
frame=01 04 12 1C F8 C4 58 DB 18 35 9F 30 1E BF 17 A5 0A 51 B8 AD 67 B2 9F
[2026-04-17 09:26:10] [INFO] [发送] 09:26:10.751 设备ID=12078 module=PERIODIC id=ReadFoupStatus uuid=156 sendCount=1/1 timeout=1000ms crc=30 0C len=8
frame=01 04 00 00 00 09 30 0C
[2026-04-17 09:26:10] [INFO] [接收-帧] 09:26:10.842 设备ID=12078 module=PERIODIC id=ReadFoupStatus uuid=156 len=23
frame=01 04 12 5E C7 EA 96 8D 7E 52 D1 6C 5E EB 45 E6 35 E9 B3 47 F5 3A 5B
[2026-04-17 09:26:11] [INFO] [发送] 09:26:11.837 设备ID=12078 module=PERIODIC id=ReadFoupStatus uuid=156 sendCount=1/1 timeout=1000ms crc=30 0C len=8
frame=01 04 00 00 00 09 30 0C
[2026-04-17 09:26:11] [INFO] [接收-帧] 09:26:11.942 设备ID=12078 module=PERIODIC id=ReadFoupStatus uuid=156 len=23
frame=01 04 12 87 C0 EB F6 2B 0D B3 AC AE E9 AD D8 CE 1A E8 0B 8B C2 09 83
[2026-04-17 09:26:12] [INFO] [发送] 09:26:12.934 设备ID=12078 module=PERIODIC id=ReadFoupStatus uuid=156 sendCount=1/1 timeout=1000ms crc=30 0C len=8
frame=01 04 00 00 00 09 30 0C
[2026-04-17 09:26:13] [INFO] [接收-帧] 09:26:13.032 设备ID=12078 module=PERIODIC id=ReadFoupStatus uuid=156 len=23
frame=01 04 12 BD 7C B6 BC 1B 47 2E EF B5 4B 95 D5 8D 30 69 82 6B 56 EC E8
[2026-04-17 09:26:14] [INFO] [发送] 09:26:14.026 设备ID=12078 module=PERIODIC id=ReadFoupStatus uuid=156 sendCount=1/1 timeout=1000ms crc=30 0C len=8
frame=01 04 00 00 00 09 30 0C
[2026-04-17 09:26:14] [INFO] [接收-帧] 09:26:14.123 设备ID=12078 module=PERIODIC id=ReadFoupStatus uuid=156 len=23
frame=01 04 12 60 BA BE F9 80 AC 6D 6D 65 AE 30 FF 43 E1 25 89 91 D5 15 F1
[2026-04-17 09:26:15] [INFO] [发送] 09:26:15.139 设备ID=12078 module=PERIODIC id=ReadFoupStatus uuid=156 sendCount=1/1 timeout=1000ms crc=30 0C len=8
frame=01 04 00 00 00 09 30 0C
[2026-04-17 09:26:15] [INFO] [接收-帧] 09:26:15.223 设备ID=12078 module=PERIODIC id=ReadFoupStatus uuid=156 len=23
frame=01 04 12 2A C1 E6 20 2F EE E3 24 C1 98 20 14 50 BD 2F 5E 21 DF 63 12
[2026-04-17 09:26:16] [INFO] [发送] 09:26:16.212 设备ID=12078 module=PERIODIC id=ReadFoupStatus uuid=156 sendCount=1/1 timeout=1000ms crc=30 0C len=8
frame=01 04 00 00 00 09 30 0C
[2026-04-17 09:26:16] [INFO] [接收-帧] 09:26:16.313 设备ID=12078 module=PERIODIC id=ReadFoupStatus uuid=156 len=23
frame=01 04 12 2C 67 E1 D6 ED 8C D3 A2 C3 ED CE 0C 7B 93 AB 37 44 2C 0F FF
[2026-04-17 09:26:17] [INFO] [发送] 09:26:17.311 设备ID=12078 module=PERIODIC id=ReadFoupStatus uuid=156 sendCount=1/1 timeout=1000ms crc=30 0C len=8
frame=01 04 00 00 00 09 30 0C
[2026-04-17 09:26:17] [INFO] [接收-帧] 09:26:17.430 设备ID=12078 module=PERIODIC id=ReadFoupStatus uuid=156 len=23
frame=01 04 12 29 77 9A 48 10 1F 80 7F F2 A9 67 01 A0 F2 9C 78 37 4D 31 FB
[2026-04-17 09:26:18] [INFO] [发送] 09:26:18.436 设备ID=12078 module=PERIODIC id=ReadFoupStatus uuid=156 sendCount=1/1 timeout=1000ms crc=30 0C len=8
frame=01 04 00 00 00 09 30 0C
[2026-04-17 09:26:18] [INFO] [接收-帧] 09:26:18.499 设备ID=12078 module=PERIODIC id=ReadFoupStatus uuid=156 len=23
frame=01 04 12 75 12 9B F8 5F 25 38 E7 50 A2 11 39 1B 25 25 59 16 A8 E3 85
[2026-04-17 09:26:19] [INFO] [发送] 09:26:19.569 设备ID=12078 module=PERIODIC id=ReadFoupStatus uuid=156 sendCount=1/1 timeout=1000ms crc=30 0C len=8
frame=01 04 00 00 00 09 30 0C
[2026-04-17 09:26:19] [INFO] [接收-帧] 09:26:19.591 设备ID=12078 module=PERIODIC id=ReadFoupStatus uuid=156 len=23
frame=01 04 12 80 42 17 CB 96 7A AF 2D C7 AB B6 F7 ED 5F AB 66 A8 B8 02 6C
[2026-04-17 09:26:20] [INFO] [发送] 09:26:20.596 设备ID=12078 module=PERIODIC id=ReadFoupStatus uuid=156 sendCount=1/1 timeout=1000ms crc=30 0C len=8
frame=01 04 00 00 00 09 30 0C
[2026-04-17 09:26:20] [INFO] [接收-帧] 09:26:20.691 设备ID=12078 module=PERIODIC id=ReadFoupStatus uuid=156 len=23
frame=01 04 12 39 29 A5 B1 98 DC 64 B0 C0 CA 8C 7A F3 F9 45 43 81 8F BB 7B
[2026-04-17 09:26:21] [INFO] [发送] 09:26:21.691 设备ID=12078 module=PERIODIC id=ReadFoupStatus uuid=156 sendCount=1/1 timeout=1000ms crc=30 0C len=8
frame=01 04 00 00 00 09 30 0C
[2026-04-17 09:26:21] [INFO] [接收-帧] 09:26:21.783 设备ID=12078 module=PERIODIC id=ReadFoupStatus uuid=156 len=23
frame=01 04 12 B4 82 FF 24 CF CF C8 6F 22 56 97 50 E4 18 55 D9 2E FF F6 37
[2026-04-17 09:26:22] [INFO] [发送] 09:26:22.941 设备ID=12078 module=PERIODIC id=ReadFoupStatus uuid=156 sendCount=1/1 timeout=1000ms crc=30 0C len=8
frame=01 04 00 00 00 09 30 0C
[2026-04-17 09:26:22] [INFO] [接收-帧] 09:26:22.987 设备ID=12078 module=PERIODIC id=ReadFoupStatus uuid=156 len=23
frame=01 04 12 9C 84 DE 89 1A 07 A4 16 D6 A7 8D 1E 7E F5 41 94 1C C9 24 13
[2026-04-17 09:26:23] [INFO] [发送] 09:26:23.992 设备ID=12078 module=PERIODIC id=ReadFoupStatus uuid=156 sendCount=1/1 timeout=1000ms crc=30 0C len=8
frame=01 04 00 00 00 09 30 0C
[2026-04-17 09:26:24] [INFO] [接收-帧] 09:26:24.079 设备ID=12078 module=PERIODIC id=ReadFoupStatus uuid=156 len=23
frame=01 04 12 8B 79 AE D8 9B CC B4 BC B0 2B 03 59 E1 A2 D8 C4 19 97 20 3C
[2026-04-17 09:26:25] [INFO] [发送] 09:26:25.613 设备ID=12078 module=PERIODIC id=ReadFoupStatus uuid=156 sendCount=1/1 timeout=1000ms crc=30 0C len=8
frame=01 04 00 00 00 09 30 0C
[2026-04-17 09:26:25] [INFO] [接收-帧] 09:26:25.777 设备ID=12078 module=PERIODIC id=ReadFoupStatus uuid=156 len=23
frame=01 04 12 B7 D2 C2 9F BF 5C 62 E9 F7 8D 02 A6 99 34 9E CD 9A 7B BF 99
[2026-04-17 09:26:27] [INFO] [发送] 09:26:27.155 设备ID=12078 module=PERIODIC id=ReadFoupStatus uuid=156 sendCount=1/1 timeout=1000ms crc=30 0C len=8
frame=01 04 00 00 00 09 30 0C
[2026-04-17 09:26:27] [INFO] [接收-帧] 09:26:27.264 设备ID=12078 module=PERIODIC id=ReadFoupStatus uuid=156 len=23
frame=01 04 12 62 CF FE 67 14 FB 70 45 12 F3 DF 64 14 76 D8 29 98 4B E3 7B
[2026-04-17 09:26:28] [INFO] [发送] 09:26:28.372 设备ID=12078 module=PERIODIC id=ReadFoupStatus uuid=156 sendCount=1/1 timeout=1000ms crc=30 0C len=8
frame=01 04 00 00 00 09 30 0C
[2026-04-17 09:26:28] [INFO] [接收-帧] 09:26:28.462 设备ID=12078 module=PERIODIC id=ReadFoupStatus uuid=156 len=23
frame=01 04 12 50 25 78 0B 9F 54 8B 48 FA 30 68 FD F8 83 AE 25 5B 37 BD D5
[2026-04-17 09:26:29] [INFO] [发送] 09:26:29.476 设备ID=12078 module=PERIODIC id=ReadFoupStatus uuid=156 sendCount=1/1 timeout=1000ms crc=30 0C len=8
frame=01 04 00 00 00 09 30 0C
[2026-04-17 09:26:29] [INFO] [接收-帧] 09:26:29.586 设备ID=12078 module=PERIODIC id=ReadFoupStatus uuid=156 len=23
frame=01 04 12 EF 18 D4 C9 E1 69 4A E6 C7 4E 3C 81 1C 7B 94 F4 BB EB 50 19
[2026-04-17 09:26:30] [INFO] [发送] 09:26:30.832 设备ID=12078 module=PERIODIC id=ReadFoupStatus uuid=156 sendCount=1/1 timeout=1000ms crc=30 0C len=8
frame=01 04 00 00 00 09 30 0C
[2026-04-17 09:26:30] [INFO] [接收-帧] 09:26:30.859 设备ID=12078 module=PERIODIC id=ReadFoupStatus uuid=156 len=23
frame=01 04 12 1D 01 36 6D D5 97 5F 46 F5 45 B6 01 68 E5 2B F4 58 D0 8C 60
[2026-04-17 09:26:31] [INFO] [发送] 09:26:31.861 设备ID=12078 module=PERIODIC id=ReadFoupStatus uuid=156 sendCount=1/1 timeout=1000ms crc=30 0C len=8
frame=01 04 00 00 00 09 30 0C
[2026-04-17 09:26:31] [INFO] [接收-帧] 09:26:31.958 设备ID=12078 module=PERIODIC id=ReadFoupStatus uuid=156 len=23
frame=01 04 12 1D 6D 5E A9 78 78 AF E8 B3 7F 15 56 65 CC 8D 39 62 DE E1 22
[2026-04-17 09:26:32] [INFO] [发送] 09:26:32.954 设备ID=12078 module=PERIODIC id=ReadFoupStatus uuid=156 sendCount=1/1 timeout=1000ms crc=30 0C len=8
frame=01 04 00 00 00 09 30 0C
[2026-04-17 09:26:33] [INFO] [接收-帧] 09:26:33.044 设备ID=12078 module=PERIODIC id=ReadFoupStatus uuid=156 len=23
frame=01 04 12 99 D6 EA 71 88 02 37 40 96 3A 66 EE 13 D9 00 2E 20 DC 35 BA
[2026-04-17 09:26:34] [INFO] [发送] 09:26:34.048 设备ID=12078 module=PERIODIC id=ReadFoupStatus uuid=156 sendCount=1/1 timeout=1000ms crc=30 0C len=8
frame=01 04 00 00 00 09 30 0C
[2026-04-17 09:26:34] [INFO] [接收-帧] 09:26:34.150 设备ID=12078 module=PERIODIC id=ReadFoupStatus uuid=156 len=23
frame=01 04 12 46 7C C6 3E BF B6 20 18 69 F1 96 9B EB 7C 05 FF EF D3 CB CF
[2026-04-17 09:26:35] [INFO] [发送] 09:26:35.152 设备ID=12078 module=PERIODIC id=ReadFoupStatus uuid=156 sendCount=1/1 timeout=1000ms crc=30 0C len=8
frame=01 04 00 00 00 09 30 0C
[2026-04-17 09:26:35] [INFO] [接收-帧] 09:26:35.247 设备ID=12078 module=PERIODIC id=ReadFoupStatus uuid=156 len=23
frame=01 04 12 D6 B6 10 8D 90 2F BE AB 44 C9 F1 2A A1 96 F5 CA D5 5F 5E B2
[2026-04-17 09:26:36] [INFO] [发送] 09:26:36.254 设备ID=12078 module=PERIODIC id=ReadFoupStatus uuid=156 sendCount=1/1 timeout=1000ms crc=30 0C len=8
frame=01 04 00 00 00 09 30 0C
[2026-04-17 09:26:36] [INFO] [接收-帧] 09:26:36.327 设备ID=12078 module=PERIODIC id=ReadFoupStatus uuid=156 len=23
frame=01 04 12 39 37 AA 83 2B B8 FB 51 9C 9E 2E 67 D9 21 A8 85 0D 13 41 FD
[2026-04-17 09:26:37] [INFO] [发送] 09:26:37.341 设备ID=12078 module=PERIODIC id=ReadFoupStatus uuid=156 sendCount=1/1 timeout=1000ms crc=30 0C len=8
frame=01 04 00 00 00 09 30 0C
[2026-04-17 09:26:37] [INFO] [接收-帧] 09:26:37.423 设备ID=12078 module=PERIODIC id=ReadFoupStatus uuid=156 len=23
frame=01 04 12 68 4F 7A F9 4D 08 35 E8 A1 9E D8 D4 D0 B5 CC 4E 17 A8 C6 10
[2026-04-17 09:26:38] [INFO] [发送] 09:26:38.420 设备ID=12078 module=PERIODIC id=ReadFoupStatus uuid=156 sendCount=1/1 timeout=1000ms crc=30 0C len=8
frame=01 04 00 00 00 09 30 0C
[2026-04-17 09:26:38] [INFO] [接收-帧] 09:26:38.518 设备ID=12078 module=PERIODIC id=ReadFoupStatus uuid=156 len=23
frame=01 04 12 1E AF F3 C0 E1 1B AB E8 5A 72 DF 3D 0B A3 97 15 C9 00 26 F2
[2026-04-17 09:26:39] [INFO] [发送] 09:26:39.510 设备ID=12078 module=PERIODIC id=ReadFoupStatus uuid=156 sendCount=1/1 timeout=1000ms crc=30 0C len=8
frame=01 04 00 00 00 09 30 0C
[2026-04-17 09:26:39] [INFO] [接收-帧] 09:26:39.612 设备ID=12078 module=PERIODIC id=ReadFoupStatus uuid=156 len=23
frame=01 04 12 D9 F3 EF EC B8 23 18 58 F7 24 C8 DB A9 E2 99 E5 D4 73 89 B8
[2026-04-17 09:26:40] [INFO] [发送] 09:26:40.619 设备ID=12078 module=PERIODIC id=ReadFoupStatus uuid=156 sendCount=1/1 timeout=1000ms crc=30 0C len=8
frame=01 04 00 00 00 09 30 0C
[2026-04-17 09:26:40] [INFO] [接收-帧] 09:26:40.704 设备ID=12078 module=PERIODIC id=ReadFoupStatus uuid=156 len=23
frame=01 04 12 5C 38 1D E0 30 B1 75 49 B9 4D CC F1 BF 6F F2 B5 D5 F0 74 E8
[2026-04-17 09:26:41] [INFO] [发送] 09:26:41.716 设备ID=12078 module=PERIODIC id=ReadFoupStatus uuid=156 sendCount=1/1 timeout=1000ms crc=30 0C len=8
frame=01 04 00 00 00 09 30 0C
[2026-04-17 09:26:41] [INFO] [接收-帧] 09:26:41.800 设备ID=12078 module=PERIODIC id=ReadFoupStatus uuid=156 len=23
frame=01 04 12 D7 30 E5 3B 40 BC 9E B7 3B 9F A5 7D 5F 8E D2 1B 04 FE F6 C0
[2026-04-17 09:26:42] [INFO] [发送] 09:26:42.938 设备ID=12078 module=PERIODIC id=ReadFoupStatus uuid=156 sendCount=1/1 timeout=1000ms crc=30 0C len=8
frame=01 04 00 00 00 09 30 0C
[2026-04-17 09:26:43] [INFO] [接收-帧] 09:26:43.004 设备ID=12078 module=PERIODIC id=ReadFoupStatus uuid=156 len=23
frame=01 04 12 24 B3 7B 9D A2 CD 97 3F 18 7E EC DF A1 E1 23 22 E8 6E B7 1B
[2026-04-17 09:26:44] [INFO] [发送] 09:26:44.001 设备ID=12078 module=PERIODIC id=ReadFoupStatus uuid=156 sendCount=1/1 timeout=1000ms crc=30 0C len=8
frame=01 04 00 00 00 09 30 0C
[2026-04-17 09:26:44] [INFO] [接收-帧] 09:26:44.095 设备ID=12078 module=PERIODIC id=ReadFoupStatus uuid=156 len=23
frame=01 04 12 34 C2 7D 03 2F E2 71 36 80 C3 70 D8 9D FF 02 5F 4D FA C0 0B
[2026-04-17 09:26:45] [INFO] [发送] 09:26:45.089 设备ID=12078 module=PERIODIC id=ReadFoupStatus uuid=156 sendCount=1/1 timeout=1000ms crc=30 0C len=8
frame=01 04 00 00 00 09 30 0C
[2026-04-17 09:26:45] [INFO] [接收-帧] 09:26:45.194 设备ID=12078 module=PERIODIC id=ReadFoupStatus uuid=156 len=23
frame=01 04 12 FF CD D2 5F 8A A1 46 AF 6D D8 67 EF E0 74 67 5E 35 CB CD 7B
[2026-04-17 09:26:46] [INFO] [发送] 09:26:46.191 设备ID=12078 module=PERIODIC id=ReadFoupStatus uuid=156 sendCount=1/1 timeout=1000ms crc=30 0C len=8
frame=01 04 00 00 00 09 30 0C
[2026-04-17 09:26:46] [INFO] [接收-帧] 09:26:46.281 设备ID=12078 module=PERIODIC id=ReadFoupStatus uuid=156 len=23
frame=01 04 12 9E 09 28 FD 6B B7 6F 47 DE 74 59 4D 10 6E 4D BE 74 D4 28 40
[2026-04-17 09:26:47] [INFO] [发送] 09:26:47.283 设备ID=12078 module=PERIODIC id=ReadFoupStatus uuid=156 sendCount=1/1 timeout=1000ms crc=30 0C len=8
frame=01 04 00 00 00 09 30 0C
[2026-04-17 09:26:47] [INFO] [接收-帧] 09:26:47.375 设备ID=12078 module=PERIODIC id=ReadFoupStatus uuid=156 len=23
frame=01 04 12 C1 6C 2C F8 81 85 EE 1C 84 42 17 9D 7D B3 2C 38 AD B7 89 7A
[2026-04-17 09:26:48] [INFO] [发送] 09:26:48.383 设备ID=12078 module=PERIODIC id=ReadFoupStatus uuid=156 sendCount=1/1 timeout=1000ms crc=30 0C len=8
frame=01 04 00 00 00 09 30 0C
[2026-04-17 09:26:48] [INFO] [接收-帧] 09:26:48.469 设备ID=12078 module=PERIODIC id=ReadFoupStatus uuid=156 len=23
frame=01 04 12 AC FB B1 C5 4D CA 7C 3E E2 43 EC 29 A9 8E 42 66 05 30 5B 86
[2026-04-17 09:26:49] [INFO] [发送] 09:26:49.485 设备ID=12078 module=PERIODIC id=ReadFoupStatus uuid=156 sendCount=1/1 timeout=1000ms crc=30 0C len=8
frame=01 04 00 00 00 09 30 0C
[2026-04-17 09:26:49] [INFO] [接收-帧] 09:26:49.580 设备ID=12078 module=PERIODIC id=ReadFoupStatus uuid=156 len=23
frame=01 04 12 C2 A0 7D EF 4C C0 55 22 0A 56 D7 93 7D 6E 57 56 07 4C C4 E2
[2026-04-17 09:26:50] [INFO] [发送] 09:26:50.599 设备ID=12078 module=PERIODIC id=ReadFoupStatus uuid=156 sendCount=1/1 timeout=1000ms crc=30 0C len=8
frame=01 04 00 00 00 09 30 0C
[2026-04-17 09:26:50] [INFO] [接收-帧] 09:26:50.654 设备ID=12078 module=PERIODIC id=ReadFoupStatus uuid=156 len=23
frame=01 04 12 0A 49 DC C2 15 5C DC 5F FB E6 A5 D9 FE 6C 84 91 2F 18 4B 6B
[2026-04-17 09:26:51] [INFO] [发送] 09:26:51.669 设备ID=12078 module=PERIODIC id=ReadFoupStatus uuid=156 sendCount=1/1 timeout=1000ms crc=30 0C len=8
frame=01 04 00 00 00 09 30 0C
[2026-04-17 09:26:51] [INFO] [接收-帧] 09:26:51.757 设备ID=12078 module=PERIODIC id=ReadFoupStatus uuid=156 len=23
frame=01 04 12 38 C5 04 BD 72 82 49 06 D6 02 2A F4 52 A8 BD 01 29 6C B3 D8
[2026-04-17 09:26:52] [INFO] [发送] 09:26:52.763 设备ID=12078 module=PERIODIC id=ReadFoupStatus uuid=156 sendCount=1/1 timeout=1000ms crc=30 0C len=8
frame=01 04 00 00 00 09 30 0C
[2026-04-17 09:26:52] [INFO] [接收-帧] 09:26:52.846 设备ID=12078 module=PERIODIC id=ReadFoupStatus uuid=156 len=23
frame=01 04 12 AA 81 0E B8 C0 E1 98 D0 D3 C2 C0 29 3E 7A 18 53 E2 F4 17 CD
[2026-04-17 09:26:53] [INFO] [发送] 09:26:53.847 设备ID=12078 module=PERIODIC id=ReadFoupStatus uuid=156 sendCount=1/1 timeout=1000ms crc=30 0C len=8
frame=01 04 00 00 00 09 30 0C
[2026-04-17 09:26:53] [INFO] [接收-帧] 09:26:53.940 设备ID=12078 module=PERIODIC id=ReadFoupStatus uuid=156 len=23
frame=01 04 12 60 80 17 91 F9 36 34 BD B6 6E 21 3E A5 7A 9B 25 C3 66 7B 08
[2026-04-17 09:26:54] [INFO] [发送] 09:26:54.944 设备ID=12078 module=PERIODIC id=ReadFoupStatus uuid=156 sendCount=1/1 timeout=1000ms crc=30 0C len=8
frame=01 04 00 00 00 09 30 0C
[2026-04-17 09:26:55] [INFO] [接收-帧] 09:26:55.036 设备ID=12078 module=PERIODIC id=ReadFoupStatus uuid=156 len=23
frame=01 04 12 68 CD B3 6A C3 2C 37 3D E9 81 FC DA 2B AC 98 2D B9 CD 4B 58
[2026-04-17 09:26:56] [INFO] [发送] 09:26:56.037 设备ID=12078 module=PERIODIC id=ReadFoupStatus uuid=156 sendCount=1/1 timeout=1000ms crc=30 0C len=8
frame=01 04 00 00 00 09 30 0C
[2026-04-17 09:26:56] [INFO] [接收-帧] 09:26:56.133 设备ID=12078 module=PERIODIC id=ReadFoupStatus uuid=156 len=23
frame=01 04 12 26 0F 71 02 68 57 98 0B 60 71 A1 29 E2 97 2C DD 51 11 45 C6
[2026-04-17 09:26:57] [INFO] [发送] 09:26:57.147 设备ID=12078 module=PERIODIC id=ReadFoupStatus uuid=156 sendCount=1/1 timeout=1000ms crc=30 0C len=8
frame=01 04 00 00 00 09 30 0C
[2026-04-17 09:26:57] [INFO] [接收-帧] 09:26:57.221 设备ID=12078 module=PERIODIC id=ReadFoupStatus uuid=156 len=23
frame=01 04 12 B9 E2 35 E6 7D EA 13 10 7A 78 6D B9 9D 3A C4 64 02 4B 57 79
[2026-04-17 09:26:58] [INFO] [发送] 09:26:58.213 设备ID=12078 module=PERIODIC id=ReadFoupStatus uuid=156 sendCount=1/1 timeout=1000ms crc=30 0C len=8
frame=01 04 00 00 00 09 30 0C
[2026-04-17 09:26:58] [INFO] [接收-帧] 09:26:58.316 设备ID=12078 module=PERIODIC id=ReadFoupStatus uuid=156 len=23
frame=01 04 12 19 27 0A 75 4E 41 97 08 BE 46 40 F1 65 73 4E F6 1A EB 8E 45
[2026-04-17 09:26:59] [INFO] [发送] 09:26:59.309 设备ID=12078 module=PERIODIC id=ReadFoupStatus uuid=156 sendCount=1/1 timeout=1000ms crc=30 0C len=8
frame=01 04 00 00 00 09 30 0C
[2026-04-17 09:26:59] [INFO] [接收-帧] 09:26:59.403 设备ID=12078 module=PERIODIC id=ReadFoupStatus uuid=156 len=23
frame=01 04 12 EF C3 CA CC 30 61 11 B2 B5 98 0D 22 E6 C8 A0 FC 55 CA 9E 56
[2026-04-17 09:27:00] [INFO] [发送] 09:27:00.401 设备ID=12078 module=PERIODIC id=ReadFoupStatus uuid=156 sendCount=1/1 timeout=1000ms crc=30 0C len=8
frame=01 04 00 00 00 09 30 0C
[2026-04-17 09:27:00] [INFO] [接收-帧] 09:27:00.503 设备ID=12078 module=PERIODIC id=ReadFoupStatus uuid=156 len=23
frame=01 04 12 F2 23 87 AA 2C E7 63 D9 B5 93 E7 E7 89 B3 54 C4 45 79 A0 15
[2026-04-17 09:27:01] [INFO] [发送] 09:27:01.500 设备ID=12078 module=PERIODIC id=ReadFoupStatus uuid=156 sendCount=1/1 timeout=1000ms crc=30 0C len=8
frame=01 04 00 00 00 09 30 0C
[2026-04-17 09:27:01] [INFO] [接收-帧] 09:27:01.598 设备ID=12078 module=PERIODIC id=ReadFoupStatus uuid=156 len=23
frame=01 04 12 52 A1 12 0D 4F 8A 03 88 12 63 DC 63 15 B1 6D DF 1A 3F EB 3F
[2026-04-17 09:27:37] [INFO] [发送] 09:27:37.727 设备ID=12078 module=INITIAL id=ReadVersion uuid=155 sendCount=1/4 timeout=1000ms crc=B1 CD len=8
frame=01 04 00 18 00 01 B1 CD
[2026-04-17 09:27:37] [INFO] [接收-帧] 09:27:37.828 设备ID=12078 module=INITIAL id=ReadVersion uuid=155 len=7
frame=01 04 02 00 00 B9 30
[2026-04-17 09:27:37] [INFO] [发送] 09:27:37.828 设备ID=12078 module=PERIODIC id=ReadFoupStatus uuid=156 sendCount=1/1 timeout=1000ms crc=30 0C len=8
frame=01 04 00 00 00 09 30 0C
[2026-04-17 09:27:37] [INFO] [接收-帧] 09:27:37.937 设备ID=12078 module=PERIODIC id=ReadFoupStatus uuid=156 len=23
frame=01 04 12 9A 05 B5 17 64 33 7B BE AF AD 61 7A 38 C1 9C A4 0F E2 05 06
[2026-04-17 09:27:38] [INFO] [发送] 09:27:38.930 设备ID=12078 module=PERIODIC id=ReadFoupStatus uuid=156 sendCount=1/1 timeout=1000ms crc=30 0C len=8
frame=01 04 00 00 00 09 30 0C
[2026-04-17 09:27:39] [INFO] [接收-帧] 09:27:39.034 设备ID=12078 module=PERIODIC id=ReadFoupStatus uuid=156 len=23
frame=01 04 12 33 D4 09 94 1D 1A 55 D0 E9 97 C1 36 27 A1 93 3F 6C FC E4 20
[2026-04-17 09:27:40] [INFO] [发送] 09:27:40.025 设备ID=12078 module=PERIODIC id=ReadFoupStatus uuid=156 sendCount=1/1 timeout=1000ms crc=30 0C len=8
frame=01 04 00 00 00 09 30 0C
[2026-04-17 09:27:40] [INFO] [接收-帧] 09:27:40.126 设备ID=12078 module=PERIODIC id=ReadFoupStatus uuid=156 len=23
frame=01 04 12 49 47 E6 C5 98 32 5E 86 48 F5 D2 4C D8 4C C0 D0 E7 93 00 0D
[2026-04-17 09:27:41] [INFO] [发送] 09:27:41.121 设备ID=12078 module=PERIODIC id=ReadFoupStatus uuid=156 sendCount=1/1 timeout=1000ms crc=30 0C len=8
frame=01 04 00 00 00 09 30 0C
[2026-04-17 09:27:41] [INFO] [接收-帧] 09:27:41.216 设备ID=12078 module=PERIODIC id=ReadFoupStatus uuid=156 len=23
frame=01 04 12 BA 93 80 EE 9B 66 05 78 B6 E3 80 A3 AB 32 AE FB DC 95 07 56
[2026-04-17 09:27:42] [INFO] [发送] 09:27:42.212 设备ID=12078 module=PERIODIC id=ReadFoupStatus uuid=156 sendCount=1/1 timeout=1000ms crc=30 0C len=8
frame=01 04 00 00 00 09 30 0C
[2026-04-17 09:27:42] [INFO] [接收-帧] 09:27:42.312 设备ID=12078 module=PERIODIC id=ReadFoupStatus uuid=156 len=23
frame=01 04 12 43 5C 0B BC 1E 41 CC 38 81 E9 AF 4B 9D A4 D2 AF 25 FF FE 07
[2026-04-17 09:27:43] [INFO] [发送] 09:27:43.325 设备ID=12078 module=PERIODIC id=ReadFoupStatus uuid=156 sendCount=1/1 timeout=1000ms crc=30 0C len=8
frame=01 04 00 00 00 09 30 0C
[2026-04-17 09:27:43] [INFO] [接收-帧] 09:27:43.407 设备ID=12078 module=PERIODIC id=ReadFoupStatus uuid=156 len=23
frame=01 04 12 74 BE 5F 76 DF A2 5D C8 CC 18 27 D8 C7 53 4E 5B 3E 69 76 C7
[2026-04-17 09:27:44] [INFO] [发送] 09:27:44.399 设备ID=12078 module=PERIODIC id=ReadFoupStatus uuid=156 sendCount=1/1 timeout=1000ms crc=30 0C len=8
frame=01 04 00 00 00 09 30 0C
[2026-04-17 09:27:44] [INFO] [接收-帧] 09:27:44.502 设备ID=12078 module=PERIODIC id=ReadFoupStatus uuid=156 len=23
frame=01 04 12 17 33 5D 21 D6 37 C4 96 13 09 19 C8 79 A0 A5 97 FA 25 0B E5
[2026-04-17 09:27:45] [INFO] [发送] 09:27:45.493 设备ID=12078 module=PERIODIC id=ReadFoupStatus uuid=156 sendCount=1/1 timeout=1000ms crc=30 0C len=8
frame=01 04 00 00 00 09 30 0C
[2026-04-17 09:27:45] [INFO] [接收-帧] 09:27:45.595 设备ID=12078 module=PERIODIC id=ReadFoupStatus uuid=156 len=23
frame=01 04 12 20 36 7C 2B 68 8B 1C EB 27 BF B7 DB 43 C7 44 CB CC 68 B0 9F
[2026-04-17 09:27:46] [INFO] [发送] 09:27:46.587 设备ID=12078 module=PERIODIC id=ReadFoupStatus uuid=156 sendCount=1/1 timeout=1000ms crc=30 0C len=8
frame=01 04 00 00 00 09 30 0C
[2026-04-17 09:27:46] [INFO] [接收-帧] 09:27:46.687 设备ID=12078 module=PERIODIC id=ReadFoupStatus uuid=156 len=23
frame=01 04 12 70 43 76 C0 9B F8 1E F4 F6 64 B4 E7 4D AF 13 35 4A 13 5A 50
[2026-04-17 09:27:47] [INFO] [发送] 09:27:47.689 设备ID=12078 module=PERIODIC id=ReadFoupStatus uuid=156 sendCount=1/1 timeout=1000ms crc=30 0C len=8
frame=01 04 00 00 00 09 30 0C
[2026-04-17 09:27:47] [INFO] [接收-帧] 09:27:47.778 设备ID=12078 module=PERIODIC id=ReadFoupStatus uuid=156 len=23
frame=01 04 12 2F 8A F1 BA 3F DF 48 DC 1A A9 49 C8 B0 95 51 58 7F 2A FC 4E
[2026-04-17 09:27:48] [INFO] [发送] 09:27:48.779 设备ID=12078 module=PERIODIC id=ReadFoupStatus uuid=156 sendCount=1/1 timeout=1000ms crc=30 0C len=8
frame=01 04 00 00 00 09 30 0C
[2026-04-17 09:27:48] [INFO] [接收-帧] 09:27:48.875 设备ID=12078 module=PERIODIC id=ReadFoupStatus uuid=156 len=23
frame=01 04 12 43 0D E7 B4 FA B5 5D DB 2F FE 67 05 7D 1C C7 6C DF 79 B5 65
[2026-04-17 09:27:49] [INFO] [发送] 09:27:49.867 设备ID=12078 module=PERIODIC id=ReadFoupStatus uuid=156 sendCount=1/1 timeout=1000ms crc=30 0C len=8
frame=01 04 00 00 00 09 30 0C
[2026-04-17 09:27:49] [INFO] [接收-帧] 09:27:49.966 设备ID=12078 module=PERIODIC id=ReadFoupStatus uuid=156 len=23
frame=01 04 12 18 7C 40 4A 56 E3 FE E3 47 AD C2 33 0B 36 7C 24 98 FB 22 9C
[2026-04-17 09:27:50] [INFO] [发送] 09:27:50.974 设备ID=12078 module=PERIODIC id=ReadFoupStatus uuid=156 sendCount=1/1 timeout=1000ms crc=30 0C len=8
frame=01 04 00 00 00 09 30 0C
[2026-04-17 09:27:51] [INFO] [接收-帧] 09:27:51.064 设备ID=12078 module=PERIODIC id=ReadFoupStatus uuid=156 len=23
frame=01 04 12 87 E8 25 BF C1 A1 79 62 33 4D B4 AF 58 30 E7 EB 61 6E B1 52
[2026-04-17 09:31:34] [INFO] [发送] 09:31:34.303 设备ID=12078 module=INITIAL id=ReadVersion uuid=155 sendCount=1/4 timeout=1000ms crc=B1 CD len=8
frame=01 04 00 18 00 01 B1 CD
[2026-04-17 09:31:34] [INFO] [接收-帧] 09:31:34.411 设备ID=12078 module=INITIAL id=ReadVersion uuid=155 len=7
frame=01 04 02 00 00 B9 30
[2026-04-17 09:31:34] [INFO] [发送] 09:31:34.411 设备ID=12078 module=PERIODIC id=ReadFoupStatus uuid=156 sendCount=1/1 timeout=1000ms crc=30 0C len=8
frame=01 04 00 00 00 09 30 0C
[2026-04-17 09:31:34] [INFO] [接收-帧] 09:31:34.518 设备ID=12078 module=PERIODIC id=ReadFoupStatus uuid=156 len=23
frame=01 04 12 2B 3F 0A D1 71 FB 37 BE 13 C4 35 53 BD 79 49 98 FD AA 96 BE
[2026-04-17 09:31:35] [INFO] [发送] 09:31:35.509 设备ID=12078 module=PERIODIC id=ReadFoupStatus uuid=156 sendCount=1/1 timeout=1000ms crc=30 0C len=8
frame=01 04 00 00 00 09 30 0C
[2026-04-17 09:31:35] [INFO] [接收-帧] 09:31:35.613 设备ID=12078 module=PERIODIC id=ReadFoupStatus uuid=156 len=23
frame=01 04 12 1D 65 7A 1A EC 57 79 1F 81 A5 3D BF EF 6B 0F 06 22 2A 98 D4
[2026-04-17 09:31:36] [INFO] [发送] 09:31:36.612 设备ID=12078 module=PERIODIC id=ReadFoupStatus uuid=156 sendCount=1/1 timeout=1000ms crc=30 0C len=8
frame=01 04 00 00 00 09 30 0C
[2026-04-17 09:31:36] [INFO] [接收-帧] 09:31:36.709 设备ID=12078 module=PERIODIC id=ReadFoupStatus uuid=156 len=23
frame=01 04 12 1C 76 3D F3 AC 9D 49 41 50 23 AB B7 0E 1C 1F FB A1 26 4B 80
[2026-04-17 09:31:37] [INFO] [发送] 09:31:37.704 设备ID=12078 module=PERIODIC id=ReadFoupStatus uuid=156 sendCount=1/1 timeout=1000ms crc=30 0C len=8
frame=01 04 00 00 00 09 30 0C
[2026-04-17 09:31:37] [INFO] [接收-帧] 09:31:37.802 设备ID=12078 module=PERIODIC id=ReadFoupStatus uuid=156 len=23
frame=01 04 12 77 88 EB 64 47 11 DC 62 AD 03 45 16 B0 D1 4D F5 A9 23 D2 D7
[2026-04-17 09:31:38] [INFO] [发送] 09:31:38.790 设备ID=12078 module=PERIODIC id=ReadFoupStatus uuid=156 sendCount=1/1 timeout=1000ms crc=30 0C len=8
frame=01 04 00 00 00 09 30 0C
[2026-04-17 09:31:38] [INFO] [接收-帧] 09:31:38.896 设备ID=12078 module=PERIODIC id=ReadFoupStatus uuid=156 len=23
frame=01 04 12 86 65 17 DB 9D 5A 9A E9 64 9B 5C C3 DD D0 51 09 9F 4B D6 21
[2026-04-17 09:31:39] [INFO] [发送] 09:31:39.887 设备ID=12078 module=PERIODIC id=ReadFoupStatus uuid=156 sendCount=1/1 timeout=1000ms crc=30 0C len=8
frame=01 04 00 00 00 09 30 0C
[2026-04-17 09:31:39] [INFO] [接收-帧] 09:31:39.988 设备ID=12078 module=PERIODIC id=ReadFoupStatus uuid=156 len=23
frame=01 04 12 4B B4 02 9E D4 5D 8B 8B 7A 0E 64 AD 99 BD 7C 4B 67 EF 82 F0
[2026-04-17 09:31:40] [INFO] [发送] 09:31:40.979 设备ID=12078 module=PERIODIC id=ReadFoupStatus uuid=156 sendCount=1/1 timeout=1000ms crc=30 0C len=8
frame=01 04 00 00 00 09 30 0C
[2026-04-17 09:31:41] [INFO] [接收-帧] 09:31:41.083 设备ID=12078 module=PERIODIC id=ReadFoupStatus uuid=156 len=23
frame=01 04 12 5F 70 B3 13 23 3E 2C 91 8E 46 C4 FE F9 76 95 A0 A0 9B 9C 99
[2026-04-17 09:31:42] [INFO] [发送] 09:31:42.078 设备ID=12078 module=PERIODIC id=ReadFoupStatus uuid=156 sendCount=1/1 timeout=1000ms crc=30 0C len=8
frame=01 04 00 00 00 09 30 0C
[2026-04-17 09:31:42] [INFO] [接收-帧] 09:31:42.173 设备ID=12078 module=PERIODIC id=ReadFoupStatus uuid=156 len=23
frame=01 04 12 DC A5 AC D2 C5 14 6D 3C 8D F6 0E 2F EA 6D AC 55 51 51 30 C9
[2026-04-17 09:31:43] [INFO] [发送] 09:31:43.179 设备ID=12078 module=PERIODIC id=ReadFoupStatus uuid=156 sendCount=1/1 timeout=1000ms crc=30 0C len=8
frame=01 04 00 00 00 09 30 0C
[2026-04-17 09:31:43] [INFO] [接收-帧] 09:31:43.271 设备ID=12078 module=PERIODIC id=ReadFoupStatus uuid=156 len=23
frame=01 04 12 22 12 B0 AF 37 38 C1 FB 09 98 90 9A 2B 62 33 25 DB E0 F9 68
[2026-04-17 09:31:44] [INFO] [发送] 09:31:44.265 设备ID=12078 module=PERIODIC id=ReadFoupStatus uuid=156 sendCount=1/1 timeout=1000ms crc=30 0C len=8
frame=01 04 00 00 00 09 30 0C
[2026-04-17 09:31:44] [INFO] [接收-帧] 09:31:44.358 设备ID=12078 module=PERIODIC id=ReadFoupStatus uuid=156 len=23
frame=01 04 12 4E 0C CE A8 C3 C3 8E FC 72 D5 C0 C0 C3 67 36 49 01 A9 6F DB
[2026-04-17 09:31:45] [INFO] [发送] 09:31:45.355 设备ID=12078 module=PERIODIC id=ReadFoupStatus uuid=156 sendCount=1/1 timeout=1000ms crc=30 0C len=8
frame=01 04 00 00 00 09 30 0C
[2026-04-17 09:31:45] [INFO] [接收-帧] 09:31:45.454 设备ID=12078 module=PERIODIC id=ReadFoupStatus uuid=156 len=23
frame=01 04 12 4B 44 61 8D 64 B4 55 A0 AC BF B0 37 49 53 CE 2E E9 19 49 03
[2026-04-17 09:31:46] [INFO] [发送] 09:31:46.451 设备ID=12078 module=PERIODIC id=ReadFoupStatus uuid=156 sendCount=1/1 timeout=1000ms crc=30 0C len=8
frame=01 04 00 00 00 09 30 0C
[2026-04-17 09:31:46] [INFO] [接收-帧] 09:31:46.551 设备ID=12078 module=PERIODIC id=ReadFoupStatus uuid=156 len=23
frame=01 04 12 E3 C4 27 50 C3 CF 71 46 7C AD AF 57 E7 74 89 EF 1E 94 02 90
[2026-04-17 09:31:47] [INFO] [发送] 09:31:47.548 设备ID=12078 module=PERIODIC id=ReadFoupStatus uuid=156 sendCount=1/1 timeout=1000ms crc=30 0C len=8
frame=01 04 00 00 00 09 30 0C
[2026-04-17 09:31:47] [INFO] [接收-帧] 09:31:47.641 设备ID=12078 module=PERIODIC id=ReadFoupStatus uuid=156 len=23
frame=01 04 12 A6 EF B0 DF 5F 2A 72 89 3F E1 62 2A 6E F7 9A 46 13 C6 53 38
[2026-04-17 09:31:48] [INFO] [发送] 09:31:48.638 设备ID=12078 module=PERIODIC id=ReadFoupStatus uuid=156 sendCount=1/1 timeout=1000ms crc=30 0C len=8
frame=01 04 00 00 00 09 30 0C
[2026-04-17 09:31:48] [INFO] [接收-帧] 09:31:48.737 设备ID=12078 module=PERIODIC id=ReadFoupStatus uuid=156 len=23
frame=01 04 12 7F 12 96 46 0F AA D9 B0 6E F6 73 1F 3C 9D AD 5A 4F A3 8C 6D
[2026-04-17 09:31:49] [INFO] [发送] 09:31:49.735 设备ID=12078 module=PERIODIC id=ReadFoupStatus uuid=156 sendCount=1/1 timeout=1000ms crc=30 0C len=8
frame=01 04 00 00 00 09 30 0C
[2026-04-17 09:31:49] [INFO] [接收-帧] 09:31:49.835 设备ID=12078 module=PERIODIC id=ReadFoupStatus uuid=156 len=23
frame=01 04 12 04 D5 AE 00 75 36 E7 1C 5A D5 85 8C 55 DB 7B A9 BF DA C1 8C
[2026-04-17 09:31:50] [INFO] [发送] 09:31:50.820 设备ID=12078 module=PERIODIC id=ReadFoupStatus uuid=156 sendCount=1/1 timeout=1000ms crc=30 0C len=8
frame=01 04 00 00 00 09 30 0C
[2026-04-17 09:31:50] [INFO] [接收-帧] 09:31:50.927 设备ID=12078 module=PERIODIC id=ReadFoupStatus uuid=156 len=23
frame=01 04 12 7A F6 B1 D7 28 30 58 A9 41 F5 11 96 F5 6C 62 8B 45 1F 58 6F
[2026-04-17 09:31:51] [INFO] [发送] 09:31:51.921 设备ID=12078 module=PERIODIC id=ReadFoupStatus uuid=156 sendCount=1/1 timeout=1000ms crc=30 0C len=8
frame=01 04 00 00 00 09 30 0C
[2026-04-17 09:31:52] [INFO] [接收-帧] 09:31:52.020 设备ID=12078 module=PERIODIC id=ReadFoupStatus uuid=156 len=23
frame=01 04 12 2A 09 B0 05 31 B3 3A 70 C2 56 AF CF 95 86 85 4A B9 F4 98 2D
[2026-04-17 09:31:53] [INFO] [发送] 09:31:53.032 设备ID=12078 module=PERIODIC id=ReadFoupStatus uuid=156 sendCount=1/1 timeout=1000ms crc=30 0C len=8
frame=01 04 00 00 00 09 30 0C
[2026-04-17 09:31:53] [INFO] [接收-帧] 09:31:53.113 设备ID=12078 module=PERIODIC id=ReadFoupStatus uuid=156 len=23
frame=01 04 12 38 7C 8A 57 49 F1 E2 E3 FD 3F A9 6E 76 76 AE 04 B2 66 60 DC
[2026-04-17 09:31:54] [INFO] [发送] 09:31:54.119 设备ID=12078 module=PERIODIC id=ReadFoupStatus uuid=156 sendCount=1/1 timeout=1000ms crc=30 0C len=8
frame=01 04 00 00 00 09 30 0C
[2026-04-17 09:31:54] [INFO] [接收-帧] 09:31:54.209 设备ID=12078 module=PERIODIC id=ReadFoupStatus uuid=156 len=23
frame=01 04 12 43 83 0D 56 C0 F6 BA B4 58 75 0C 64 D3 D4 5B 79 F5 6B AB 6C
[2026-04-17 09:31:55] [INFO] [发送] 09:31:55.197 设备ID=12078 module=PERIODIC id=ReadFoupStatus uuid=156 sendCount=1/1 timeout=1000ms crc=30 0C len=8
frame=01 04 00 00 00 09 30 0C
[2026-04-17 09:31:55] [INFO] [接收-帧] 09:31:55.295 设备ID=12078 module=PERIODIC id=ReadFoupStatus uuid=156 len=23
frame=01 04 12 B1 AC EF C7 AE D9 A1 CC AC 26 5D 28 F2 4E 17 F5 3C D7 17 F9
[2026-04-17 09:31:56] [INFO] [发送] 09:31:56.296 设备ID=12078 module=PERIODIC id=ReadFoupStatus uuid=156 sendCount=1/1 timeout=1000ms crc=30 0C len=8
frame=01 04 00 00 00 09 30 0C
[2026-04-17 09:31:56] [INFO] [接收-帧] 09:31:56.393 设备ID=12078 module=PERIODIC id=ReadFoupStatus uuid=156 len=23
frame=01 04 12 D2 B6 EC C2 73 61 4D 4D 95 EE F5 54 6E E6 12 FD 73 19 0D A0
[2026-04-17 09:31:57] [INFO] [发送] 09:31:57.401 设备ID=12078 module=PERIODIC id=ReadFoupStatus uuid=156 sendCount=1/1 timeout=1000ms crc=30 0C len=8
frame=01 04 00 00 00 09 30 0C
[2026-04-17 09:31:57] [INFO] [接收-帧] 09:31:57.490 设备ID=12078 module=PERIODIC id=ReadFoupStatus uuid=156 len=23
frame=01 04 12 27 2A 87 C4 10 C2 E5 7E CE E8 2A C1 E7 FA 6D DC 84 16 4A 56
[2026-04-17 09:31:58] [INFO] [发送] 09:31:58.481 设备ID=12078 module=PERIODIC id=ReadFoupStatus uuid=156 sendCount=1/1 timeout=1000ms crc=30 0C len=8
frame=01 04 00 00 00 09 30 0C
[2026-04-17 09:31:58] [INFO] [接收-帧] 09:31:58.579 设备ID=12078 module=PERIODIC id=ReadFoupStatus uuid=156 len=23
frame=01 04 12 BF FC 7E C6 D3 4C A5 6E F3 0C A5 CF D2 73 3E 13 18 14 F8 00
[2026-04-17 09:31:59] [INFO] [发送] 09:31:59.576 设备ID=12078 module=PERIODIC id=ReadFoupStatus uuid=156 sendCount=1/1 timeout=1000ms crc=30 0C len=8
frame=01 04 00 00 00 09 30 0C
[2026-04-17 09:31:59] [INFO] [接收-帧] 09:31:59.672 设备ID=12078 module=PERIODIC id=ReadFoupStatus uuid=156 len=23
frame=01 04 12 B6 DD 16 4A 1D CA 23 48 0F FF CB 47 3F 05 4F BC C3 9B F2 23
[2026-04-17 09:32:00] [INFO] [发送] 09:32:00.675 设备ID=12078 module=PERIODIC id=ReadFoupStatus uuid=156 sendCount=1/1 timeout=1000ms crc=30 0C len=8
frame=01 04 00 00 00 09 30 0C
[2026-04-17 09:32:00] [INFO] [接收-帧] 09:32:00.766 设备ID=12078 module=PERIODIC id=ReadFoupStatus uuid=156 len=23
frame=01 04 12 D2 B3 FA 02 55 21 B8 43 F6 19 06 E8 EF 70 0D D6 CE 00 80 59
[2026-04-17 09:32:01] [INFO] [发送] 09:32:01.766 设备ID=12078 module=PERIODIC id=ReadFoupStatus uuid=156 sendCount=1/1 timeout=1000ms crc=30 0C len=8
frame=01 04 00 00 00 09 30 0C
[2026-04-17 09:32:01] [INFO] [接收-帧] 09:32:01.865 设备ID=12078 module=PERIODIC id=ReadFoupStatus uuid=156 len=23
frame=01 04 12 DE AD 66 24 3C 8F FE 63 92 FF D5 3B 94 44 57 89 54 54 45 FF
[2026-04-17 09:32:02] [INFO] [发送] 09:32:02.853 设备ID=12078 module=PERIODIC id=ReadFoupStatus uuid=156 sendCount=1/1 timeout=1000ms crc=30 0C len=8
frame=01 04 00 00 00 09 30 0C
[2026-04-17 09:32:02] [INFO] [接收-帧] 09:32:02.957 设备ID=12078 module=PERIODIC id=ReadFoupStatus uuid=156 len=23
frame=01 04 12 07 D2 46 84 19 09 CF 5D B2 73 CC 9B 35 25 E0 29 23 3B 13 AA
[2026-04-17 09:32:03] [INFO] [发送] 09:32:03.948 设备ID=12078 module=PERIODIC id=ReadFoupStatus uuid=156 sendCount=1/1 timeout=1000ms crc=30 0C len=8
frame=01 04 00 00 00 09 30 0C
[2026-04-17 09:32:04] [INFO] [接收-帧] 09:32:04.053 设备ID=12078 module=PERIODIC id=ReadFoupStatus uuid=156 len=23
frame=01 04 12 50 3A 6C CF 29 AF 3D 9C 8F 90 63 5C DB DE 80 25 0B 92 50 FE
