[2026-04-17 09:24:09] [INFO] [发送] 09:24:09.404 设备ID=12052 module=INITIAL id=ReadVersion uuid=103 sendCount=1/4 timeout=1000ms crc=B1 CD len=8
frame=01 04 00 18 00 01 B1 CD
[2026-04-17 09:24:10] [INFO] [接收-帧] 09:24:10.166 设备ID=12052 module=INITIAL id=ReadVersion uuid=103 len=7
frame=01 04 02 00 00 B9 30
[2026-04-17 09:24:10] [INFO] [发送] 09:24:10.166 设备ID=12052 module=PERIODIC id=ReadFoupStatus uuid=104 sendCount=1/1 timeout=1000ms crc=30 0C len=8
frame=01 04 00 00 00 09 30 0C
[2026-04-17 09:24:12] [INFO] [发送] 09:24:12.169 设备ID=12052 module=PERIODIC id=ReadFoupStatus uuid=104 sendCount=1/1 timeout=1000ms crc=30 0C len=8
frame=01 04 00 00 00 09 30 0C
[2026-04-17 09:24:14] [INFO] [发送] 09:24:14.265 设备ID=12052 module=PERIODIC id=ReadFoupStatus uuid=104 sendCount=1/1 timeout=1000ms crc=30 0C len=8
frame=01 04 00 00 00 09 30 0C
[2026-04-17 09:24:16] [INFO] [发送] 09:24:16.262 设备ID=12052 module=PERIODIC id=ReadFoupStatus uuid=104 sendCount=1/1 timeout=1000ms crc=30 0C len=8
frame=01 04 00 00 00 09 30 0C
[2026-04-17 09:24:18] [INFO] [发送] 09:24:18.261 设备ID=12052 module=PERIODIC id=ReadFoupStatus uuid=104 sendCount=1/1 timeout=1000ms crc=30 0C len=8
frame=01 04 00 00 00 09 30 0C
[2026-04-17 09:24:20] [INFO] [发送] 09:24:20.266 设备ID=12052 module=PERIODIC id=ReadFoupStatus uuid=104 sendCount=1/1 timeout=1000ms crc=30 0C len=8
frame=01 04 00 00 00 09 30 0C
[2026-04-17 09:24:22] [INFO] [发送] 09:24:22.270 设备ID=12052 module=PERIODIC id=ReadFoupStatus uuid=104 sendCount=1/1 timeout=1000ms crc=30 0C len=8
frame=01 04 00 00 00 09 30 0C
[2026-04-17 09:24:24] [INFO] [发送] 09:24:24.268 设备ID=12052 module=PERIODIC id=ReadFoupStatus uuid=104 sendCount=1/1 timeout=1000ms crc=30 0C len=8
frame=01 04 00 00 00 09 30 0C
[2026-04-17 09:24:26] [INFO] [发送] 09:24:26.270 设备ID=12052 module=PERIODIC id=ReadFoupStatus uuid=104 sendCount=1/1 timeout=1000ms crc=30 0C len=8
frame=01 04 00 00 00 09 30 0C
[2026-04-17 09:24:28] [INFO] [发送] 09:24:28.267 设备ID=12052 module=PERIODIC id=ReadFoupStatus uuid=104 sendCount=1/1 timeout=1000ms crc=30 0C len=8
frame=01 04 00 00 00 09 30 0C
[2026-04-17 09:24:32] [INFO] [发送] 09:24:32.461 设备ID=12052 module=PERIODIC id=ReadFoupStatus uuid=104 sendCount=1/1 timeout=1000ms crc=30 0C len=8
frame=01 04 00 00 00 09 30 0C
[2026-04-17 09:24:34] [INFO] [发送] 09:24:34.467 设备ID=12052 module=PERIODIC id=ReadFoupStatus uuid=104 sendCount=1/1 timeout=1000ms crc=30 0C len=8
frame=01 04 00 00 00 09 30 0C
[2026-04-17 09:24:36] [INFO] [发送] 09:24:36.464 设备ID=12052 module=PERIODIC id=ReadFoupStatus uuid=104 sendCount=1/1 timeout=1000ms crc=30 0C len=8
frame=01 04 00 00 00 09 30 0C
[2026-04-17 09:24:38] [INFO] [发送] 09:24:38.463 设备ID=12052 module=PERIODIC id=ReadFoupStatus uuid=104 sendCount=1/1 timeout=1000ms crc=30 0C len=8
frame=01 04 00 00 00 09 30 0C
[2026-04-17 09:24:40] [INFO] [发送] 09:24:40.463 设备ID=12052 module=PERIODIC id=ReadFoupStatus uuid=104 sendCount=1/1 timeout=1000ms crc=30 0C len=8
frame=01 04 00 00 00 09 30 0C
[2026-04-17 09:24:42] [INFO] [发送] 09:24:42.463 设备ID=12052 module=PERIODIC id=ReadFoupStatus uuid=104 sendCount=1/1 timeout=1000ms crc=30 0C len=8
frame=01 04 00 00 00 09 30 0C
[2026-04-17 09:24:44] [INFO] [发送] 09:24:44.468 设备ID=12052 module=PERIODIC id=ReadFoupStatus uuid=104 sendCount=1/1 timeout=1000ms crc=30 0C len=8
frame=01 04 00 00 00 09 30 0C
[2026-04-17 09:24:48] [INFO] [发送] 09:24:48.236 设备ID=12052 module=PERIODIC id=ReadFoupStatus uuid=104 sendCount=1/1 timeout=1000ms crc=30 0C len=8
frame=01 04 00 00 00 09 30 0C
[2026-04-17 09:24:48] [INFO] [接收-帧] 09:24:48.344 设备ID=12052 module=PERIODIC id=ReadFoupStatus uuid=104 len=23
frame=01 04 12 A3 26 DD 9D 9C DE DD 71 5A DC 47 29 3E 22 8E 96 29 2D 61 6B
[2026-04-17 09:24:49] [INFO] [发送] 09:24:49.340 设备ID=12052 module=PERIODIC id=ReadFoupStatus uuid=104 sendCount=1/1 timeout=1000ms crc=30 0C len=8
frame=01 04 00 00 00 09 30 0C
[2026-04-17 09:24:49] [INFO] [接收-帧] 09:24:49.436 设备ID=12052 module=PERIODIC id=ReadFoupStatus uuid=104 len=23
frame=01 04 12 A9 5C 72 55 E2 E4 F1 15 6D DD A4 8D 4E E3 3D B0 2E 02 4C 68
[2026-04-17 09:24:50] [INFO] [发送] 09:24:50.437 设备ID=12052 module=PERIODIC id=ReadFoupStatus uuid=104 sendCount=1/1 timeout=1000ms crc=30 0C len=8
frame=01 04 00 00 00 09 30 0C
[2026-04-17 09:24:50] [INFO] [接收-帧] 09:24:50.532 设备ID=12052 module=PERIODIC id=ReadFoupStatus uuid=104 len=23
frame=01 04 12 1D F8 AD 58 A1 19 F7 0A DA B8 C3 91 26 47 48 D9 7D 9D CD FA
[2026-04-17 09:24:51] [INFO] [发送] 09:24:51.534 设备ID=12052 module=PERIODIC id=ReadFoupStatus uuid=104 sendCount=1/1 timeout=1000ms crc=30 0C len=8
frame=01 04 00 00 00 09 30 0C
[2026-04-17 09:24:51] [INFO] [接收-帧] 09:24:51.627 设备ID=12052 module=PERIODIC id=ReadFoupStatus uuid=104 len=23
frame=01 04 12 C8 00 D1 16 24 6E 00 F5 0F 91 B5 FE 8B 77 36 E8 AE 05 CE E1
[2026-04-17 09:24:52] [INFO] [发送] 09:24:52.619 设备ID=12052 module=PERIODIC id=ReadFoupStatus uuid=104 sendCount=1/1 timeout=1000ms crc=30 0C len=8
frame=01 04 00 00 00 09 30 0C
[2026-04-17 09:24:52] [INFO] [接收-帧] 09:24:52.722 设备ID=12052 module=PERIODIC id=ReadFoupStatus uuid=104 len=23
frame=01 04 12 F3 31 C5 AF 2D 16 C5 DD 20 D7 B4 18 4D 28 67 BC B6 E0 D5 41
[2026-04-17 09:24:53] [INFO] [发送] 09:24:53.719 设备ID=12052 module=PERIODIC id=ReadFoupStatus uuid=104 sendCount=1/1 timeout=1000ms crc=30 0C len=8
frame=01 04 00 00 00 09 30 0C
[2026-04-17 09:24:53] [INFO] [接收-帧] 09:24:53.817 设备ID=12052 module=PERIODIC id=ReadFoupStatus uuid=104 len=23
frame=01 04 12 A4 50 A7 13 67 AE EC B9 A3 0A D5 79 60 FC EA 51 E3 AD 72 31
[2026-04-17 09:24:54] [INFO] [发送] 09:24:54.814 设备ID=12052 module=PERIODIC id=ReadFoupStatus uuid=104 sendCount=1/1 timeout=1000ms crc=30 0C len=8
frame=01 04 00 00 00 09 30 0C
[2026-04-17 09:24:54] [INFO] [接收-帧] 09:24:54.910 设备ID=12052 module=PERIODIC id=ReadFoupStatus uuid=104 len=23
frame=01 04 12 6E 52 B8 B4 2C 38 90 43 7F 0A C2 04 4F AF 3D AE 61 D8 91 B6
[2026-04-17 09:24:55] [INFO] [发送] 09:24:55.902 设备ID=12052 module=PERIODIC id=ReadFoupStatus uuid=104 sendCount=1/1 timeout=1000ms crc=30 0C len=8
frame=01 04 00 00 00 09 30 0C
[2026-04-17 09:24:56] [INFO] [接收-帧] 09:24:56.002 设备ID=12052 module=PERIODIC id=ReadFoupStatus uuid=104 len=23
frame=01 04 12 AE C3 51 C6 26 E2 E8 0C 3B 43 63 E6 23 63 AB 46 31 C7 DD 08
[2026-04-17 09:24:56] [INFO] [发送] 09:24:56.993 设备ID=12052 module=PERIODIC id=ReadFoupStatus uuid=104 sendCount=1/1 timeout=1000ms crc=30 0C len=8
frame=01 04 00 00 00 09 30 0C
[2026-04-17 09:24:57] [INFO] [接收-帧] 09:24:57.091 设备ID=12052 module=PERIODIC id=ReadFoupStatus uuid=104 len=23
frame=01 04 12 C5 7D 5F 25 EE 8B 54 80 36 0A 33 34 A8 4D AD C6 37 34 9F 24
[2026-04-17 09:24:58] [INFO] [发送] 09:24:58.087 设备ID=12052 module=PERIODIC id=ReadFoupStatus uuid=104 sendCount=1/1 timeout=1000ms crc=30 0C len=8
frame=01 04 00 00 00 09 30 0C
[2026-04-17 09:24:58] [INFO] [接收-帧] 09:24:58.192 设备ID=12052 module=PERIODIC id=ReadFoupStatus uuid=104 len=23
frame=01 04 12 DE B9 35 EE DE 0B BD FE E9 D7 CD FD B2 65 4A 72 4E 2D C1 24
[2026-04-17 09:24:59] [INFO] [发送] 09:24:59.180 设备ID=12052 module=PERIODIC id=ReadFoupStatus uuid=104 sendCount=1/1 timeout=1000ms crc=30 0C len=8
frame=01 04 00 00 00 09 30 0C
[2026-04-17 09:24:59] [INFO] [接收-帧] 09:24:59.279 设备ID=12052 module=PERIODIC id=ReadFoupStatus uuid=104 len=23
frame=01 04 12 24 E5 D7 7B 28 47 62 00 5A 40 5F C2 27 74 5F 6C 02 47 46 99
[2026-04-17 09:25:00] [INFO] [发送] 09:25:00.275 设备ID=12052 module=PERIODIC id=ReadFoupStatus uuid=104 sendCount=1/1 timeout=1000ms crc=30 0C len=8
frame=01 04 00 00 00 09 30 0C
[2026-04-17 09:25:00] [INFO] [接收-帧] 09:25:00.373 设备ID=12052 module=PERIODIC id=ReadFoupStatus uuid=104 len=23
frame=01 04 12 52 17 BE 63 BB 72 17 93 18 8C 1F C0 A5 7C DA FE 2B E9 A6 7A
[2026-04-17 09:25:01] [INFO] [发送] 09:25:01.371 设备ID=12052 module=PERIODIC id=ReadFoupStatus uuid=104 sendCount=1/1 timeout=1000ms crc=30 0C len=8
frame=01 04 00 00 00 09 30 0C
[2026-04-17 09:25:01] [INFO] [接收-帧] 09:25:01.466 设备ID=12052 module=PERIODIC id=ReadFoupStatus uuid=104 len=23
frame=01 04 12 6D DE 15 75 68 D2 4E 04 3A A2 E2 A2 FE E4 33 88 7D 77 63 36
[2026-04-17 09:25:02] [INFO] [发送] 09:25:02.465 设备ID=12052 module=PERIODIC id=ReadFoupStatus uuid=104 sendCount=1/1 timeout=1000ms crc=30 0C len=8
frame=01 04 00 00 00 09 30 0C
[2026-04-17 09:25:02] [INFO] [接收-帧] 09:25:02.566 设备ID=12052 module=PERIODIC id=ReadFoupStatus uuid=104 len=23
frame=01 04 12 65 60 91 CE 1F 70 F8 87 70 7A 90 1D 03 33 CB FD F2 9E 80 D8
[2026-04-17 09:25:03] [INFO] [发送] 09:25:03.563 设备ID=12052 module=PERIODIC id=ReadFoupStatus uuid=104 sendCount=1/1 timeout=1000ms crc=30 0C len=8
frame=01 04 00 00 00 09 30 0C
[2026-04-17 09:25:03] [INFO] [接收-帧] 09:25:03.656 设备ID=12052 module=PERIODIC id=ReadFoupStatus uuid=104 len=23
frame=01 04 12 91 A3 45 BB 6E 13 E8 34 EE 05 AA 10 25 9C 70 7A 6D F5 A6 D8
[2026-04-17 09:25:04] [INFO] [发送] 09:25:04.657 设备ID=12052 module=PERIODIC id=ReadFoupStatus uuid=104 sendCount=1/1 timeout=1000ms crc=30 0C len=8
frame=01 04 00 00 00 09 30 0C
[2026-04-17 09:25:04] [INFO] [接收-帧] 09:25:04.751 设备ID=12052 module=PERIODIC id=ReadFoupStatus uuid=104 len=23
frame=01 04 12 30 C3 AD 6E 04 AF EA 48 6B CC 38 64 3A 88 41 5E 36 9D D8 92
[2026-04-17 09:25:05] [INFO] [发送] 09:25:05.748 设备ID=12052 module=PERIODIC id=ReadFoupStatus uuid=104 sendCount=1/1 timeout=1000ms crc=30 0C len=8
frame=01 04 00 00 00 09 30 0C
[2026-04-17 09:25:05] [INFO] [接收-帧] 09:25:05.842 设备ID=12052 module=PERIODIC id=ReadFoupStatus uuid=104 len=23
frame=01 04 12 88 4E E9 CA 23 47 A2 B9 35 5A 08 58 3F 54 58 85 13 CE 59 7C
[2026-04-17 09:25:06] [INFO] [发送] 09:25:06.843 设备ID=12052 module=PERIODIC id=ReadFoupStatus uuid=104 sendCount=1/1 timeout=1000ms crc=30 0C len=8
frame=01 04 00 00 00 09 30 0C
[2026-04-17 09:25:06] [INFO] [接收-帧] 09:25:06.933 设备ID=12052 module=PERIODIC id=ReadFoupStatus uuid=104 len=23
frame=01 04 12 23 48 E3 60 18 49 D8 88 6E 50 12 E5 EF 58 1F A9 CF BA A6 98
[2026-04-17 09:25:07] [INFO] [发送] 09:25:07.941 设备ID=12052 module=PERIODIC id=ReadFoupStatus uuid=104 sendCount=1/1 timeout=1000ms crc=30 0C len=8
frame=01 04 00 00 00 09 30 0C
[2026-04-17 09:25:08] [INFO] [接收-帧] 09:25:08.032 设备ID=12052 module=PERIODIC id=ReadFoupStatus uuid=104 len=23
frame=01 04 12 E3 8D 28 3D DA F0 14 D3 49 CC 56 12 0D B8 4B C9 07 5B DF 51
[2026-04-17 09:25:09] [INFO] [发送] 09:25:09.025 设备ID=12052 module=PERIODIC id=ReadFoupStatus uuid=104 sendCount=1/1 timeout=1000ms crc=30 0C len=8
frame=01 04 00 00 00 09 30 0C
[2026-04-17 09:25:09] [INFO] [接收-帧] 09:25:09.122 设备ID=12052 module=PERIODIC id=ReadFoupStatus uuid=104 len=23
frame=01 04 12 8A A9 A9 40 79 05 EE A1 27 5A 5A CF 5A 3E A3 72 94 DB 05 A5
[2026-04-17 09:25:10] [INFO] [发送] 09:25:10.121 设备ID=12052 module=PERIODIC id=ReadFoupStatus uuid=104 sendCount=1/1 timeout=1000ms crc=30 0C len=8
frame=01 04 00 00 00 09 30 0C
[2026-04-17 09:25:10] [INFO] [接收-帧] 09:25:10.218 设备ID=12052 module=PERIODIC id=ReadFoupStatus uuid=104 len=23
frame=01 04 12 84 3B 47 55 00 69 C6 48 D9 C4 74 AA 07 C7 6C 5C C2 00 C0 77
[2026-04-17 09:25:11] [INFO] [发送] 09:25:11.215 设备ID=12052 module=PERIODIC id=ReadFoupStatus uuid=104 sendCount=1/1 timeout=1000ms crc=30 0C len=8
frame=01 04 00 00 00 09 30 0C
[2026-04-17 09:25:11] [INFO] [接收-帧] 09:25:11.318 设备ID=12052 module=PERIODIC id=ReadFoupStatus uuid=104 len=23
frame=01 04 12 0E BD 04 F8 C8 B8 67 3B AE 22 8C A8 97 C7 B6 6D 04 D4 23 20
[2026-04-17 09:25:12] [INFO] [发送] 09:25:12.312 设备ID=12052 module=PERIODIC id=ReadFoupStatus uuid=104 sendCount=1/1 timeout=1000ms crc=30 0C len=8
frame=01 04 00 00 00 09 30 0C
[2026-04-17 09:25:12] [INFO] [接收-帧] 09:25:12.407 设备ID=12052 module=PERIODIC id=ReadFoupStatus uuid=104 len=23
frame=01 04 12 1D 80 4B 9D 22 EF 72 A7 CD C6 0E 62 5B 83 CB 3F D8 1E C2 67
[2026-04-17 09:25:13] [INFO] [发送] 09:25:13.401 设备ID=12052 module=PERIODIC id=ReadFoupStatus uuid=104 sendCount=1/1 timeout=1000ms crc=30 0C len=8
frame=01 04 00 00 00 09 30 0C
[2026-04-17 09:25:13] [INFO] [接收-帧] 09:25:13.500 设备ID=12052 module=PERIODIC id=ReadFoupStatus uuid=104 len=23
frame=01 04 12 34 FC EE 13 CD BC 1C CB 81 5A DA 2F 8F 4E 07 D7 88 92 DB 5D
[2026-04-17 09:25:14] [INFO] [发送] 09:25:14.495 设备ID=12052 module=PERIODIC id=ReadFoupStatus uuid=104 sendCount=1/1 timeout=1000ms crc=30 0C len=8
frame=01 04 00 00 00 09 30 0C
[2026-04-17 09:25:14] [INFO] [接收-帧] 09:25:14.611 设备ID=12052 module=PERIODIC id=ReadFoupStatus uuid=104 len=23
frame=01 04 12 63 78 3A F8 E2 8C 41 39 52 32 8C 68 D1 8C 98 01 5C 15 CB E0
[2026-04-17 09:25:15] [INFO] [发送] 09:25:15.605 设备ID=12052 module=PERIODIC id=ReadFoupStatus uuid=104 sendCount=1/1 timeout=1000ms crc=30 0C len=8
frame=01 04 00 00 00 09 30 0C
[2026-04-17 09:25:15] [INFO] [接收-帧] 09:25:15.684 设备ID=12052 module=PERIODIC id=ReadFoupStatus uuid=104 len=23
frame=01 04 12 2B 7E 1B A4 61 0A 2D 7C 31 0E 44 49 95 2A 2A 48 AE E8 20 09
[2026-04-17 09:25:16] [INFO] [发送] 09:25:16.690 设备ID=12052 module=PERIODIC id=ReadFoupStatus uuid=104 sendCount=1/1 timeout=1000ms crc=30 0C len=8
frame=01 04 00 00 00 09 30 0C
[2026-04-17 09:25:16] [INFO] [接收-帧] 09:25:16.791 设备ID=12052 module=PERIODIC id=ReadFoupStatus uuid=104 len=23
frame=01 04 12 00 84 8A 85 4A 39 F3 77 9E 1F CB 04 E7 AC D6 29 6F C8 87 C9
[2026-04-17 09:25:17] [INFO] [发送] 09:25:17.811 设备ID=12052 module=PERIODIC id=ReadFoupStatus uuid=104 sendCount=1/1 timeout=1000ms crc=30 0C len=8
frame=01 04 00 00 00 09 30 0C
[2026-04-17 09:25:17] [INFO] [接收-帧] 09:25:17.875 设备ID=12052 module=PERIODIC id=ReadFoupStatus uuid=104 len=23
frame=01 04 12 D0 3A BC 76 B8 BC 1F 5D 17 1E 93 0B 26 10 CA 6B 2A F6 E6 44
[2026-04-17 09:25:18] [INFO] [发送] 09:25:18.869 设备ID=12052 module=PERIODIC id=ReadFoupStatus uuid=104 sendCount=1/1 timeout=1000ms crc=30 0C len=8
frame=01 04 00 00 00 09 30 0C
[2026-04-17 09:25:18] [INFO] [接收-帧] 09:25:18.971 设备ID=12052 module=PERIODIC id=ReadFoupStatus uuid=104 len=23
frame=01 04 12 24 3F 0C 6B 65 9A C5 2F 4F D3 BF D0 69 74 2C 29 60 0A C3 FA
[2026-04-17 09:25:19] [INFO] [发送] 09:25:19.965 设备ID=12052 module=PERIODIC id=ReadFoupStatus uuid=104 sendCount=1/1 timeout=1000ms crc=30 0C len=8
frame=01 04 00 00 00 09 30 0C
[2026-04-17 09:25:20] [INFO] [接收-帧] 09:25:20.060 设备ID=12052 module=PERIODIC id=ReadFoupStatus uuid=104 len=23
frame=01 04 12 45 8F C3 2F 60 4E C6 9C F9 0B 11 C6 D5 92 70 35 BB 0A BA 8E
[2026-04-17 09:25:21] [INFO] [发送] 09:25:21.059 设备ID=12052 module=PERIODIC id=ReadFoupStatus uuid=104 sendCount=1/1 timeout=1000ms crc=30 0C len=8
frame=01 04 00 00 00 09 30 0C
[2026-04-17 09:25:21] [INFO] [接收-帧] 09:25:21.153 设备ID=12052 module=PERIODIC id=ReadFoupStatus uuid=104 len=23
frame=01 04 12 16 C9 CB B4 52 4B 00 E1 32 CA F5 6A 3E AC F8 89 99 B3 B7 A5
[2026-04-17 09:25:22] [INFO] [发送] 09:25:22.153 设备ID=12052 module=PERIODIC id=ReadFoupStatus uuid=104 sendCount=1/1 timeout=1000ms crc=30 0C len=8
frame=01 04 00 00 00 09 30 0C
[2026-04-17 09:25:22] [INFO] [接收-帧] 09:25:22.249 设备ID=12052 module=PERIODIC id=ReadFoupStatus uuid=104 len=23
frame=01 04 12 7E 89 72 AB C8 42 06 08 5A 6F 70 02 DF 08 9B 44 67 B6 0D C9
[2026-04-17 09:25:23] [INFO] [发送] 09:25:23.245 设备ID=12052 module=PERIODIC id=ReadFoupStatus uuid=104 sendCount=1/1 timeout=1000ms crc=30 0C len=8
frame=01 04 00 00 00 09 30 0C
[2026-04-17 09:25:23] [INFO] [接收-帧] 09:25:23.342 设备ID=12052 module=PERIODIC id=ReadFoupStatus uuid=104 len=23
frame=01 04 12 8F 04 53 16 B7 5C 08 1C 8B A2 9A 24 38 BD 8A A6 6C 87 AC 2D
[2026-04-17 09:25:24] [INFO] [发送] 09:25:24.344 设备ID=12052 module=PERIODIC id=ReadFoupStatus uuid=104 sendCount=1/1 timeout=1000ms crc=30 0C len=8
frame=01 04 00 00 00 09 30 0C
[2026-04-17 09:25:24] [INFO] [接收-帧] 09:25:24.434 设备ID=12052 module=PERIODIC id=ReadFoupStatus uuid=104 len=23
frame=01 04 12 86 EE F1 6F 87 F8 EF 7B EA 68 67 9A 1E F1 27 42 69 64 A5 0B
[2026-04-17 09:25:25] [INFO] [发送] 09:25:25.432 设备ID=12052 module=PERIODIC id=ReadFoupStatus uuid=104 sendCount=1/1 timeout=1000ms crc=30 0C len=8
frame=01 04 00 00 00 09 30 0C
[2026-04-17 09:25:25] [INFO] [接收-帧] 09:25:25.532 设备ID=12052 module=PERIODIC id=ReadFoupStatus uuid=104 len=23
frame=01 04 12 A9 68 C5 D0 F2 AD D9 EF F6 9F 30 DB 1C 36 03 2F BE 6B 28 08
[2026-04-17 09:25:26] [INFO] [发送] 09:25:26.525 设备ID=12052 module=PERIODIC id=ReadFoupStatus uuid=104 sendCount=1/1 timeout=1000ms crc=30 0C len=8
frame=01 04 00 00 00 09 30 0C
[2026-04-17 09:25:26] [INFO] [接收-帧] 09:25:26.621 设备ID=12052 module=PERIODIC id=ReadFoupStatus uuid=104 len=23
frame=01 04 12 F1 DE D0 AF 2D 65 A5 C4 BD 73 4E 04 18 D8 0A 98 21 FA 76 BA
[2026-04-17 09:25:27] [INFO] [发送] 09:25:27.618 设备ID=12052 module=PERIODIC id=ReadFoupStatus uuid=104 sendCount=1/1 timeout=1000ms crc=30 0C len=8
frame=01 04 00 00 00 09 30 0C
[2026-04-17 09:25:27] [INFO] [接收-帧] 09:25:27.721 设备ID=12052 module=PERIODIC id=ReadFoupStatus uuid=104 len=23
frame=01 04 12 8A 7F 5C F5 FA EE 6E 36 15 A2 D6 10 FF 21 D7 CD 76 96 81 83
[2026-04-17 09:25:28] [INFO] [发送] 09:25:28.718 设备ID=12052 module=PERIODIC id=ReadFoupStatus uuid=104 sendCount=1/1 timeout=1000ms crc=30 0C len=8
frame=01 04 00 00 00 09 30 0C
[2026-04-17 09:25:28] [INFO] [接收-帧] 09:25:28.816 设备ID=12052 module=PERIODIC id=ReadFoupStatus uuid=104 len=23
frame=01 04 12 F5 C5 D7 B1 F7 6E 51 E4 44 8D 4C 54 23 25 F5 F8 9C 53 ED F6
[2026-04-17 09:25:29] [INFO] [发送] 09:25:29.808 设备ID=12052 module=PERIODIC id=ReadFoupStatus uuid=104 sendCount=1/1 timeout=1000ms crc=30 0C len=8
frame=01 04 00 00 00 09 30 0C
[2026-04-17 09:25:29] [INFO] [接收-帧] 09:25:29.908 设备ID=12052 module=PERIODIC id=ReadFoupStatus uuid=104 len=23
frame=01 04 12 9D 7A 08 E3 51 06 D4 70 F6 78 4C 13 6C 49 96 33 CD 1C 02 A0
[2026-04-17 09:25:30] [INFO] [发送] 09:25:30.904 设备ID=12052 module=PERIODIC id=ReadFoupStatus uuid=104 sendCount=1/1 timeout=1000ms crc=30 0C len=8
frame=01 04 00 00 00 09 30 0C
[2026-04-17 09:25:31] [INFO] [接收-帧] 09:25:31.000 设备ID=12052 module=PERIODIC id=ReadFoupStatus uuid=104 len=23
frame=01 04 12 08 A2 E5 E0 76 BE 99 16 F6 F7 CC 10 41 A1 25 2B E7 64 65 A1
[2026-04-17 09:25:31] [INFO] [发送] 09:25:31.995 设备ID=12052 module=PERIODIC id=ReadFoupStatus uuid=104 sendCount=1/1 timeout=1000ms crc=30 0C len=8
frame=01 04 00 00 00 09 30 0C
[2026-04-17 09:25:32] [INFO] [接收-帧] 09:25:32.095 设备ID=12052 module=PERIODIC id=ReadFoupStatus uuid=104 len=23
frame=01 04 12 8A 5C 15 EB 08 F4 D7 8B F5 08 8E 8E 05 D6 E4 22 2F D0 7A CD
[2026-04-17 09:25:33] [INFO] [发送] 09:25:33.090 设备ID=12052 module=PERIODIC id=ReadFoupStatus uuid=104 sendCount=1/1 timeout=1000ms crc=30 0C len=8
frame=01 04 00 00 00 09 30 0C
[2026-04-17 09:25:33] [INFO] [接收-帧] 09:25:33.191 设备ID=12052 module=PERIODIC id=ReadFoupStatus uuid=104 len=23
frame=01 04 12 93 81 61 D6 FD D5 2E 4D 94 83 3F E7 76 9F 34 3D B0 20 4E 04
[2026-04-17 09:25:34] [INFO] [发送] 09:25:34.182 设备ID=12052 module=PERIODIC id=ReadFoupStatus uuid=104 sendCount=1/1 timeout=1000ms crc=30 0C len=8
frame=01 04 00 00 00 09 30 0C
[2026-04-17 09:25:34] [INFO] [接收-帧] 09:25:34.283 设备ID=12052 module=PERIODIC id=ReadFoupStatus uuid=104 len=23
frame=01 04 12 9A D1 80 3F 77 65 B9 08 EF 37 FE B9 76 67 BF 24 F0 A8 2B 20
[2026-04-17 09:25:35] [INFO] [发送] 09:25:35.276 设备ID=12052 module=PERIODIC id=ReadFoupStatus uuid=104 sendCount=1/1 timeout=1000ms crc=30 0C len=8
frame=01 04 00 00 00 09 30 0C
[2026-04-17 09:25:35] [INFO] [接收-帧] 09:25:35.377 设备ID=12052 module=PERIODIC id=ReadFoupStatus uuid=104 len=23
frame=01 04 12 44 67 C2 B6 56 C5 CF 6B 5F F4 BE C4 B4 FE 1D A9 5D 80 2E 07
[2026-04-17 09:25:36] [INFO] [发送] 09:25:36.371 设备ID=12052 module=PERIODIC id=ReadFoupStatus uuid=104 sendCount=1/1 timeout=1000ms crc=30 0C len=8
frame=01 04 00 00 00 09 30 0C
[2026-04-17 09:25:36] [INFO] [接收-帧] 09:25:36.472 设备ID=12052 module=PERIODIC id=ReadFoupStatus uuid=104 len=23
frame=01 04 12 84 58 F2 47 57 60 98 0E 27 37 F9 F9 63 65 39 9A A7 D5 21 8E
[2026-04-17 09:25:37] [INFO] [发送] 09:25:37.464 设备ID=12052 module=PERIODIC id=ReadFoupStatus uuid=104 sendCount=1/1 timeout=1000ms crc=30 0C len=8
frame=01 04 00 00 00 09 30 0C
[2026-04-17 09:25:37] [INFO] [接收-帧] 09:25:37.561 设备ID=12052 module=PERIODIC id=ReadFoupStatus uuid=104 len=23
frame=01 04 12 D1 09 28 88 80 5B 18 3E A6 3A 61 D6 36 7C F8 90 B5 92 F0 70
[2026-04-17 09:25:38] [INFO] [发送] 09:25:38.556 设备ID=12052 module=PERIODIC id=ReadFoupStatus uuid=104 sendCount=1/1 timeout=1000ms crc=30 0C len=8
frame=01 04 00 00 00 09 30 0C
[2026-04-17 09:25:38] [INFO] [接收-帧] 09:25:38.653 设备ID=12052 module=PERIODIC id=ReadFoupStatus uuid=104 len=23
frame=01 04 12 5B 63 87 FA F2 89 7C FF 25 27 11 02 68 12 87 4A 16 94 2D B2
[2026-04-17 09:25:39] [INFO] [发送] 09:25:39.654 设备ID=12052 module=PERIODIC id=ReadFoupStatus uuid=104 sendCount=1/1 timeout=1000ms crc=30 0C len=8
frame=01 04 00 00 00 09 30 0C
[2026-04-17 09:25:39] [INFO] [接收-帧] 09:25:39.748 设备ID=12052 module=PERIODIC id=ReadFoupStatus uuid=104 len=23
frame=01 04 12 1D FF 33 A1 E2 B7 72 CB 4F 75 32 AC 5B DB 19 54 83 2A EA E3
[2026-04-17 09:25:40] [INFO] [发送] 09:25:40.743 设备ID=12052 module=PERIODIC id=ReadFoupStatus uuid=104 sendCount=1/1 timeout=1000ms crc=30 0C len=8
frame=01 04 00 00 00 09 30 0C
[2026-04-17 09:25:40] [INFO] [接收-帧] 09:25:40.843 设备ID=12052 module=PERIODIC id=ReadFoupStatus uuid=104 len=23
frame=01 04 12 1D C3 C6 66 16 10 F8 71 1F CD 27 74 78 A1 18 41 0D D5 0B 3D
[2026-04-17 09:25:41] [INFO] [发送] 09:25:41.843 设备ID=12052 module=PERIODIC id=ReadFoupStatus uuid=104 sendCount=1/1 timeout=1000ms crc=30 0C len=8
frame=01 04 00 00 00 09 30 0C
[2026-04-17 09:25:41] [INFO] [接收-帧] 09:25:41.934 设备ID=12052 module=PERIODIC id=ReadFoupStatus uuid=104 len=23
frame=01 04 12 4F 91 73 BD 45 BC 1D D7 50 D2 1D EC FA 24 47 6F 4D 08 2F 11
[2026-04-17 09:25:42] [INFO] [发送] 09:25:42.932 设备ID=12052 module=PERIODIC id=ReadFoupStatus uuid=104 sendCount=1/1 timeout=1000ms crc=30 0C len=8
frame=01 04 00 00 00 09 30 0C
[2026-04-17 09:25:43] [INFO] [接收-帧] 09:25:43.035 设备ID=12052 module=PERIODIC id=ReadFoupStatus uuid=104 len=23
frame=01 04 12 07 4E 33 27 63 2F 32 E7 94 A3 80 FD 3E 13 32 CF F6 E9 DA 70
[2026-04-17 09:25:44] [INFO] [发送] 09:25:44.030 设备ID=12052 module=PERIODIC id=ReadFoupStatus uuid=104 sendCount=1/1 timeout=1000ms crc=30 0C len=8
frame=01 04 00 00 00 09 30 0C
[2026-04-17 09:25:44] [INFO] [接收-帧] 09:25:44.123 设备ID=12052 module=PERIODIC id=ReadFoupStatus uuid=104 len=23
frame=01 04 12 AD 69 6C 79 05 C1 BD 49 33 87 36 7A D6 0B 1C CA 4E 4B 44 3F
[2026-04-17 09:25:45] [INFO] [发送] 09:25:45.120 设备ID=12052 module=PERIODIC id=ReadFoupStatus uuid=104 sendCount=1/1 timeout=1000ms crc=30 0C len=8
frame=01 04 00 00 00 09 30 0C
[2026-04-17 09:25:45] [INFO] [接收-帧] 09:25:45.219 设备ID=12052 module=PERIODIC id=ReadFoupStatus uuid=104 len=23
frame=01 04 12 3C 75 CF 70 8C 8B 1F D1 AD 00 A5 AF 35 07 6A AE E5 F4 4C CF
[2026-04-17 09:25:46] [INFO] [发送] 09:25:46.216 设备ID=12052 module=PERIODIC id=ReadFoupStatus uuid=104 sendCount=1/1 timeout=1000ms crc=30 0C len=8
frame=01 04 00 00 00 09 30 0C
[2026-04-17 09:25:46] [INFO] [接收-帧] 09:25:46.341 设备ID=12052 module=PERIODIC id=ReadFoupStatus uuid=104 len=23
frame=01 04 12 0B AE B0 4C 80 1D 02 6A 7E 16 A3 5A 1D 0B 2E 0D D5 20 CE 69
[2026-04-17 09:25:47] [INFO] [发送] 09:25:47.340 设备ID=12052 module=PERIODIC id=ReadFoupStatus uuid=104 sendCount=1/1 timeout=1000ms crc=30 0C len=8
frame=01 04 00 00 00 09 30 0C
[2026-04-17 09:25:47] [INFO] [接收-帧] 09:25:47.426 设备ID=12052 module=PERIODIC id=ReadFoupStatus uuid=104 len=23
frame=01 04 12 67 0C 56 75 49 16 09 09 B0 B1 8D 21 43 BC 21 CE 79 D7 FA 25
[2026-04-17 09:25:48] [INFO] [发送] 09:25:48.417 设备ID=12052 module=PERIODIC id=ReadFoupStatus uuid=104 sendCount=1/1 timeout=1000ms crc=30 0C len=8
frame=01 04 00 00 00 09 30 0C
[2026-04-17 09:25:48] [INFO] [接收-帧] 09:25:48.499 设备ID=12052 module=PERIODIC id=ReadFoupStatus uuid=104 len=23
frame=01 04 12 B2 43 6A 18 EC 8D C2 C4 C3 E7 60 58 CB 21 9B 42 BF 08 32 4E
[2026-04-17 09:25:49] [INFO] [发送] 09:25:49.500 设备ID=12052 module=PERIODIC id=ReadFoupStatus uuid=104 sendCount=1/1 timeout=1000ms crc=30 0C len=8
frame=01 04 00 00 00 09 30 0C
[2026-04-17 09:25:49] [INFO] [接收-帧] 09:25:49.592 设备ID=12052 module=PERIODIC id=ReadFoupStatus uuid=104 len=23
frame=01 04 12 4F 9C F2 75 3A 18 BA C2 B7 88 4F 94 68 EB 66 33 ED 9F E0 97
[2026-04-17 09:25:50] [INFO] [发送] 09:25:50.745 设备ID=12052 module=PERIODIC id=ReadFoupStatus uuid=104 sendCount=1/1 timeout=1000ms crc=30 0C len=8
frame=01 04 00 00 00 09 30 0C
[2026-04-17 09:25:50] [INFO] [接收-帧] 09:25:50.796 设备ID=12052 module=PERIODIC id=ReadFoupStatus uuid=104 len=23
frame=01 04 12 AF C4 0D 5D C2 8F 43 2D 33 6E 73 13 00 5A 67 E7 2F 01 FB 16
[2026-04-17 09:25:51] [INFO] [发送] 09:25:51.794 设备ID=12052 module=PERIODIC id=ReadFoupStatus uuid=104 sendCount=1/1 timeout=1000ms crc=30 0C len=8
frame=01 04 00 00 00 09 30 0C
[2026-04-17 09:25:52] [INFO] [接收-帧] 09:25:52.205 设备ID=12052 module=PERIODIC id=ReadFoupStatus uuid=104 len=23
frame=01 04 12 10 CC D5 42 6E 00 DE 4E 69 DF 4C 81 40 5A F4 FE 57 4E 8E 1F
[2026-04-17 09:25:53] [INFO] [发送] 09:25:53.201 设备ID=12052 module=PERIODIC id=ReadFoupStatus uuid=104 sendCount=1/1 timeout=1000ms crc=30 0C len=8
frame=01 04 00 00 00 09 30 0C
[2026-04-17 09:25:53] [INFO] [接收-帧] 09:25:53.206 设备ID=12052 module=PERIODIC id=ReadFoupStatus uuid=104 len=23
frame=01 04 12 F4 F3 9F 27 40 FB 5F 83 B7 47 42 A8 AB 4E 05 6E B6 49 0C 91
[2026-04-17 09:25:54] [INFO] [发送] 09:25:54.210 设备ID=12052 module=PERIODIC id=ReadFoupStatus uuid=104 sendCount=1/1 timeout=1000ms crc=30 0C len=8
frame=01 04 00 00 00 09 30 0C
[2026-04-17 09:25:54] [INFO] [接收-帧] 09:25:54.295 设备ID=12052 module=PERIODIC id=ReadFoupStatus uuid=104 len=23
frame=01 04 12 21 BB C3 A1 37 07 A5 FB 23 63 F4 1D 52 1A 21 47 4B 05 6C DE
[2026-04-17 09:25:55] [INFO] [发送] 09:25:55.306 设备ID=12052 module=PERIODIC id=ReadFoupStatus uuid=104 sendCount=1/1 timeout=1000ms crc=30 0C len=8
frame=01 04 00 00 00 09 30 0C
[2026-04-17 09:25:55] [INFO] [接收-帧] 09:25:55.390 设备ID=12052 module=PERIODIC id=ReadFoupStatus uuid=104 len=23
frame=01 04 12 C8 E3 1A BB F3 FC B6 2B 93 1A 92 90 DD AC 8B 87 E7 82 D9 0E
[2026-04-17 09:25:56] [INFO] [发送] 09:25:56.394 设备ID=12052 module=PERIODIC id=ReadFoupStatus uuid=104 sendCount=1/1 timeout=1000ms crc=30 0C len=8
frame=01 04 00 00 00 09 30 0C
[2026-04-17 09:25:56] [INFO] [接收-帧] 09:25:56.483 设备ID=12052 module=PERIODIC id=ReadFoupStatus uuid=104 len=23
frame=01 04 12 A1 A8 D9 D6 BE BD 37 A2 AE AB AB 10 78 05 38 A4 98 13 BF D0
[2026-04-17 09:25:57] [INFO] [发送] 09:25:57.491 设备ID=12052 module=PERIODIC id=ReadFoupStatus uuid=104 sendCount=1/1 timeout=1000ms crc=30 0C len=8
frame=01 04 00 00 00 09 30 0C
[2026-04-17 09:25:57] [INFO] [接收-帧] 09:25:57.577 设备ID=12052 module=PERIODIC id=ReadFoupStatus uuid=104 len=23
frame=01 04 12 29 53 17 F6 EE D0 E8 19 A8 F6 51 DC 23 9C 54 96 21 89 2D 6E
[2026-04-17 09:25:58] [INFO] [发送] 09:25:58.571 设备ID=12052 module=PERIODIC id=ReadFoupStatus uuid=104 sendCount=1/1 timeout=1000ms crc=30 0C len=8
frame=01 04 00 00 00 09 30 0C
[2026-04-17 09:25:58] [INFO] [接收-帧] 09:25:58.685 设备ID=12052 module=PERIODIC id=ReadFoupStatus uuid=104 len=23
frame=01 04 12 56 CC 74 BD 9E 08 04 87 0F 40 33 6A 16 02 13 81 7A 50 3F 99
[2026-04-17 09:25:59] [INFO] [发送] 09:25:59.687 设备ID=12052 module=PERIODIC id=ReadFoupStatus uuid=104 sendCount=1/1 timeout=1000ms crc=30 0C len=8
frame=01 04 00 00 00 09 30 0C
[2026-04-17 09:25:59] [INFO] [接收-帧] 09:25:59.769 设备ID=12052 module=PERIODIC id=ReadFoupStatus uuid=104 len=23
frame=01 04 12 62 C8 A1 52 1A 3E 9C D6 69 0B AB B2 C8 EC 74 9E 0B F2 69 93
[2026-04-17 09:26:00] [INFO] [发送] 09:26:00.770 设备ID=12052 module=PERIODIC id=ReadFoupStatus uuid=104 sendCount=1/1 timeout=1000ms crc=30 0C len=8
frame=01 04 00 00 00 09 30 0C
[2026-04-17 09:26:00] [INFO] [接收-帧] 09:26:00.863 设备ID=12052 module=PERIODIC id=ReadFoupStatus uuid=104 len=23
frame=01 04 12 61 1D 0B 32 58 0A 12 FC DA 38 CD D8 9F BD 7E A1 1E 1E 12 00
[2026-04-17 09:26:01] [INFO] [发送] 09:26:01.861 设备ID=12052 module=PERIODIC id=ReadFoupStatus uuid=104 sendCount=1/1 timeout=1000ms crc=30 0C len=8
frame=01 04 00 00 00 09 30 0C
[2026-04-17 09:26:01] [INFO] [接收-帧] 09:26:01.952 设备ID=12052 module=PERIODIC id=ReadFoupStatus uuid=104 len=23
frame=01 04 12 F5 28 02 E3 FF CB 21 02 42 49 D0 63 58 83 A3 99 25 64 4C 5B
[2026-04-17 09:26:02] [INFO] [发送] 09:26:02.952 设备ID=12052 module=PERIODIC id=ReadFoupStatus uuid=104 sendCount=1/1 timeout=1000ms crc=30 0C len=8
frame=01 04 00 00 00 09 30 0C
[2026-04-17 09:26:03] [INFO] [接收-帧] 09:26:03.045 设备ID=12052 module=PERIODIC id=ReadFoupStatus uuid=104 len=23
frame=01 04 12 7B EC B3 ED 79 C2 0A 45 12 74 23 46 B2 0B DA A8 42 62 BE EC
[2026-04-17 09:26:04] [INFO] [发送] 09:26:04.045 设备ID=12052 module=PERIODIC id=ReadFoupStatus uuid=104 sendCount=1/1 timeout=1000ms crc=30 0C len=8
frame=01 04 00 00 00 09 30 0C
[2026-04-17 09:26:04] [INFO] [接收-帧] 09:26:04.141 设备ID=12052 module=PERIODIC id=ReadFoupStatus uuid=104 len=23
frame=01 04 12 42 6F 11 69 9B C7 38 4E 7F B8 C8 19 59 87 A8 5F 3C 60 87 CB
[2026-04-17 09:26:05] [INFO] [发送] 09:26:05.135 设备ID=12052 module=PERIODIC id=ReadFoupStatus uuid=104 sendCount=1/1 timeout=1000ms crc=30 0C len=8
frame=01 04 00 00 00 09 30 0C
[2026-04-17 09:26:05] [INFO] [接收-帧] 09:26:05.232 设备ID=12052 module=PERIODIC id=ReadFoupStatus uuid=104 len=23
frame=01 04 12 4F 5B E5 2E BE 68 1B 93 C7 34 95 9A 28 B1 C7 88 3D 60 0E 8F
[2026-04-17 09:26:06] [INFO] [发送] 09:26:06.231 设备ID=12052 module=PERIODIC id=ReadFoupStatus uuid=104 sendCount=1/1 timeout=1000ms crc=30 0C len=8
frame=01 04 00 00 00 09 30 0C
[2026-04-17 09:26:06] [INFO] [接收-帧] 09:26:06.327 设备ID=12052 module=PERIODIC id=ReadFoupStatus uuid=104 len=23
frame=01 04 12 7C 5C 56 68 74 78 FE 81 4D AD 73 AD EC EE E4 F8 8D D0 46 CF
[2026-04-17 09:26:07] [INFO] [发送] 09:26:07.326 设备ID=12052 module=PERIODIC id=ReadFoupStatus uuid=104 sendCount=1/1 timeout=1000ms crc=30 0C len=8
frame=01 04 00 00 00 09 30 0C
[2026-04-17 09:26:07] [INFO] [接收-帧] 09:26:07.424 设备ID=12052 module=PERIODIC id=ReadFoupStatus uuid=104 len=23
frame=01 04 12 F7 3A 14 5C 15 73 D8 85 53 0C A9 B9 90 23 E0 E2 EF E3 97 EE
[2026-04-17 09:26:08] [INFO] [发送] 09:26:08.421 设备ID=12052 module=PERIODIC id=ReadFoupStatus uuid=104 sendCount=1/1 timeout=1000ms crc=30 0C len=8
frame=01 04 00 00 00 09 30 0C
[2026-04-17 09:26:08] [INFO] [接收-帧] 09:26:08.540 设备ID=12052 module=PERIODIC id=ReadFoupStatus uuid=104 len=23
frame=01 04 12 D6 58 AF C0 C0 D3 85 75 74 99 9B 4E 5B A6 D4 51 54 E6 27 8D
[2026-04-17 09:26:09] [INFO] [发送] 09:26:09.684 设备ID=12052 module=PERIODIC id=ReadFoupStatus uuid=104 sendCount=1/1 timeout=1000ms crc=30 0C len=8
frame=01 04 00 00 00 09 30 0C
[2026-04-17 09:26:09] [INFO] [接收-帧] 09:26:09.724 设备ID=12052 module=PERIODIC id=ReadFoupStatus uuid=104 len=23
frame=01 04 12 37 2B 59 37 7A 8B CC 31 67 F9 F4 DF 6D D0 1A 5E 6D B5 D2 5E
[2026-04-17 09:26:10] [INFO] [发送] 09:26:10.720 设备ID=12052 module=PERIODIC id=ReadFoupStatus uuid=104 sendCount=1/1 timeout=1000ms crc=30 0C len=8
frame=01 04 00 00 00 09 30 0C
[2026-04-17 09:26:10] [INFO] [接收-帧] 09:26:10.816 设备ID=12052 module=PERIODIC id=ReadFoupStatus uuid=104 len=23
frame=01 04 12 BD 85 CB 58 8E B5 45 B6 68 B1 26 0A 5A 62 30 30 B4 9B E9 FD
[2026-04-17 09:26:11] [INFO] [发送] 09:26:11.810 设备ID=12052 module=PERIODIC id=ReadFoupStatus uuid=104 sendCount=1/1 timeout=1000ms crc=30 0C len=8
frame=01 04 00 00 00 09 30 0C
[2026-04-17 09:26:11] [INFO] [接收-帧] 09:26:11.905 设备ID=12052 module=PERIODIC id=ReadFoupStatus uuid=104 len=23
frame=01 04 12 E6 26 3F 74 E1 B1 DA 19 5C 67 C9 B1 73 45 C0 1E DE 6F 11 76
[2026-04-17 09:26:12] [INFO] [发送] 09:26:12.900 设备ID=12052 module=PERIODIC id=ReadFoupStatus uuid=104 sendCount=1/1 timeout=1000ms crc=30 0C len=8
frame=01 04 00 00 00 09 30 0C
[2026-04-17 09:26:13] [INFO] [接收-帧] 09:26:13.001 设备ID=12052 module=PERIODIC id=ReadFoupStatus uuid=104 len=23
frame=01 04 12 6C 03 EA 59 4B 44 85 2C 60 73 BE 91 CC 67 B0 02 C9 E1 50 D1
[2026-04-17 09:26:14] [INFO] [发送] 09:26:14.006 设备ID=12052 module=PERIODIC id=ReadFoupStatus uuid=104 sendCount=1/1 timeout=1000ms crc=30 0C len=8
frame=01 04 00 00 00 09 30 0C
[2026-04-17 09:26:14] [INFO] [接收-帧] 09:26:14.093 设备ID=12052 module=PERIODIC id=ReadFoupStatus uuid=104 len=23
frame=01 04 12 60 D2 69 40 F7 91 E6 59 41 C4 88 2B 2C 2E A4 75 48 DC D2 B9
[2026-04-17 09:26:15] [INFO] [发送] 09:26:15.134 设备ID=12052 module=PERIODIC id=ReadFoupStatus uuid=104 sendCount=1/1 timeout=1000ms crc=30 0C len=8
frame=01 04 00 00 00 09 30 0C
[2026-04-17 09:26:15] [INFO] [接收-帧] 09:26:15.195 设备ID=12052 module=PERIODIC id=ReadFoupStatus uuid=104 len=23
frame=01 04 12 85 A2 52 34 A6 81 F3 61 90 4E 82 16 78 50 FD 54 AB 8E 08 FC
[2026-04-17 09:26:16] [INFO] [发送] 09:26:16.186 设备ID=12052 module=PERIODIC id=ReadFoupStatus uuid=104 sendCount=1/1 timeout=1000ms crc=30 0C len=8
frame=01 04 00 00 00 09 30 0C
[2026-04-17 09:26:16] [INFO] [接收-帧] 09:26:16.286 设备ID=12052 module=PERIODIC id=ReadFoupStatus uuid=104 len=23
frame=01 04 12 F4 35 AD 89 83 C6 6F 95 22 BC 0E 4C 9A 0F 31 E7 FB 82 CD 72
[2026-04-17 09:26:17] [INFO] [发送] 09:26:17.276 设备ID=12052 module=PERIODIC id=ReadFoupStatus uuid=104 sendCount=1/1 timeout=1000ms crc=30 0C len=8
frame=01 04 00 00 00 09 30 0C
[2026-04-17 09:26:17] [INFO] [接收-帧] 09:26:17.374 设备ID=12052 module=PERIODIC id=ReadFoupStatus uuid=104 len=23
frame=01 04 12 BF 6E 74 D6 0B 70 B8 94 D0 71 6F B3 51 96 38 1B 94 DE EF D2
[2026-04-17 09:26:18] [INFO] [发送] 09:26:18.369 设备ID=12052 module=PERIODIC id=ReadFoupStatus uuid=104 sendCount=1/1 timeout=1000ms crc=30 0C len=8
frame=01 04 00 00 00 09 30 0C
[2026-04-17 09:26:18] [INFO] [接收-帧] 09:26:18.468 设备ID=12052 module=PERIODIC id=ReadFoupStatus uuid=104 len=23
frame=01 04 12 5D C7 E3 80 D4 12 76 42 91 A4 52 A3 A8 68 3D 67 26 6A 81 1A
[2026-04-17 09:26:19] [INFO] [发送] 09:26:19.475 设备ID=12052 module=PERIODIC id=ReadFoupStatus uuid=104 sendCount=1/1 timeout=1000ms crc=30 0C len=8
frame=01 04 00 00 00 09 30 0C
[2026-04-17 09:26:19] [INFO] [接收-帧] 09:26:19.566 设备ID=12052 module=PERIODIC id=ReadFoupStatus uuid=104 len=23
frame=01 04 12 36 35 2C F2 DC 9D 31 3F 75 49 9F 29 FA FA C8 06 40 E1 E7 03
[2026-04-17 09:26:20] [INFO] [发送] 09:26:20.566 设备ID=12052 module=PERIODIC id=ReadFoupStatus uuid=104 sendCount=1/1 timeout=1000ms crc=30 0C len=8
frame=01 04 00 00 00 09 30 0C
[2026-04-17 09:26:20] [INFO] [接收-帧] 09:26:20.655 设备ID=12052 module=PERIODIC id=ReadFoupStatus uuid=104 len=23
frame=01 04 12 F2 02 4D 8A 1D B4 4F C5 1B 9A F9 F3 7B E8 04 D0 F2 EC 5E 1F
[2026-04-17 09:26:21] [INFO] [发送] 09:26:21.668 设备ID=12052 module=PERIODIC id=ReadFoupStatus uuid=104 sendCount=1/1 timeout=1000ms crc=30 0C len=8
frame=01 04 00 00 00 09 30 0C
[2026-04-17 09:26:21] [INFO] [接收-帧] 09:26:21.751 设备ID=12052 module=PERIODIC id=ReadFoupStatus uuid=104 len=23
frame=01 04 12 AF F6 38 FE 88 38 32 4B B7 A2 47 0A 4A 56 DE D5 BB 11 E4 64
[2026-04-17 09:26:22] [INFO] [发送] 09:26:22.940 设备ID=12052 module=PERIODIC id=ReadFoupStatus uuid=104 sendCount=1/1 timeout=1000ms crc=30 0C len=8
frame=01 04 00 00 00 09 30 0C
[2026-04-17 09:26:22] [INFO] [接收-帧] 09:26:22.955 设备ID=12052 module=PERIODIC id=ReadFoupStatus uuid=104 len=23
frame=01 04 12 AA 29 93 A8 73 72 57 CC 1E CE 2B 0A DE AE 9D 9F EA E6 8E 8F
[2026-04-17 09:26:23] [INFO] [发送] 09:26:23.949 设备ID=12052 module=PERIODIC id=ReadFoupStatus uuid=104 sendCount=1/1 timeout=1000ms crc=30 0C len=8
frame=01 04 00 00 00 09 30 0C
[2026-04-17 09:26:24] [INFO] [接收-帧] 09:26:24.046 设备ID=12052 module=PERIODIC id=ReadFoupStatus uuid=104 len=23
frame=01 04 12 F4 39 58 51 3A DD 4D B6 A9 DB 90 24 27 19 FA C9 92 3F 6C 59
[2026-04-17 09:26:25] [INFO] [发送] 09:26:25.602 设备ID=12052 module=PERIODIC id=ReadFoupStatus uuid=104 sendCount=1/1 timeout=1000ms crc=30 0C len=8
frame=01 04 00 00 00 09 30 0C
[2026-04-17 09:26:25] [INFO] [接收-帧] 09:26:25.752 设备ID=12052 module=PERIODIC id=ReadFoupStatus uuid=104 len=23
frame=01 04 12 93 37 5A 21 49 59 5C 49 CE 3A C7 CF DF 9C B8 18 92 A7 2E A0
[2026-04-17 09:26:26] [INFO] [发送] 09:26:26.750 设备ID=12052 module=PERIODIC id=ReadFoupStatus uuid=104 sendCount=1/1 timeout=1000ms crc=30 0C len=8
frame=01 04 00 00 00 09 30 0C
[2026-04-17 09:26:27] [INFO] [接收-帧] 09:26:27.131 设备ID=12052 module=PERIODIC id=ReadFoupStatus uuid=104 len=23
frame=01 04 12 CF 37 2C DC 9B B8 0E 00 AC 1A 5F 45 A3 8F 8F A4 12 5E 73 17
[2026-04-17 09:26:28] [INFO] [发送] 09:26:28.147 设备ID=12052 module=PERIODIC id=ReadFoupStatus uuid=104 sendCount=1/1 timeout=1000ms crc=30 0C len=8
frame=01 04 00 00 00 09 30 0C
[2026-04-17 09:26:28] [INFO] [接收-帧] 09:26:28.207 设备ID=12052 module=PERIODIC id=ReadFoupStatus uuid=104 len=23
frame=01 04 12 4C E5 72 FF A9 C7 80 D9 6B 42 5C 51 55 F6 AA F2 7C 6A 0C 9E
[2026-04-17 09:26:29] [INFO] [发送] 09:26:29.221 设备ID=12052 module=PERIODIC id=ReadFoupStatus uuid=104 sendCount=1/1 timeout=1000ms crc=30 0C len=8
frame=01 04 00 00 00 09 30 0C
[2026-04-17 09:26:29] [INFO] [接收-帧] 09:26:29.299 设备ID=12052 module=PERIODIC id=ReadFoupStatus uuid=104 len=23
frame=01 04 12 84 D7 A6 7B 4D 0A 2D 10 DE DF 89 33 32 0D 4E AF 99 6F 3B F0
[2026-04-17 09:26:30] [INFO] [发送] 09:26:30.295 设备ID=12052 module=PERIODIC id=ReadFoupStatus uuid=104 sendCount=1/1 timeout=1000ms crc=30 0C len=8
frame=01 04 00 00 00 09 30 0C
[2026-04-17 09:26:30] [INFO] [接收-帧] 09:26:30.396 设备ID=12052 module=PERIODIC id=ReadFoupStatus uuid=104 len=23
frame=01 04 12 BE 04 66 F3 2B 16 07 C6 88 00 76 83 41 FB 36 12 43 14 95 B9
[2026-04-17 09:26:31] [INFO] [发送] 09:26:31.386 设备ID=12052 module=PERIODIC id=ReadFoupStatus uuid=104 sendCount=1/1 timeout=1000ms crc=30 0C len=8
frame=01 04 00 00 00 09 30 0C
[2026-04-17 09:26:31] [INFO] [接收-帧] 09:26:31.697 设备ID=12052 module=PERIODIC id=ReadFoupStatus uuid=104 len=23
frame=01 04 12 6D 49 4B 8D E0 9E F7 7E DE 2E B5 13 4B 8E 06 DF AF 3C 7B FC
[2026-04-17 09:26:32] [INFO] [发送] 09:26:32.712 设备ID=12052 module=PERIODIC id=ReadFoupStatus uuid=104 sendCount=1/1 timeout=1000ms crc=30 0C len=8
frame=01 04 00 00 00 09 30 0C
[2026-04-17 09:26:32] [INFO] [接收-帧] 09:26:32.796 设备ID=12052 module=PERIODIC id=ReadFoupStatus uuid=104 len=23
frame=01 04 12 1C 71 79 5C 05 55 70 13 BA 63 45 9C BC 88 43 F9 3E 8F F5 99
[2026-04-17 09:26:33] [INFO] [发送] 09:26:33.795 设备ID=12052 module=PERIODIC id=ReadFoupStatus uuid=104 sendCount=1/1 timeout=1000ms crc=30 0C len=8
frame=01 04 00 00 00 09 30 0C
[2026-04-17 09:26:33] [INFO] [接收-帧] 09:26:33.890 设备ID=12052 module=PERIODIC id=ReadFoupStatus uuid=104 len=23
frame=01 04 12 72 ED 0F 33 77 5E 0A 22 08 55 6A FE 42 B2 E5 72 5E CD 8C E0
[2026-04-17 09:26:34] [INFO] [发送] 09:26:34.887 设备ID=12052 module=PERIODIC id=ReadFoupStatus uuid=104 sendCount=1/1 timeout=1000ms crc=30 0C len=8
frame=01 04 00 00 00 09 30 0C
[2026-04-17 09:26:35] [INFO] [接收-帧] 09:26:35.066 设备ID=12052 module=PERIODIC id=ReadFoupStatus uuid=104 len=23
frame=01 04 12 3E AA E3 DF A2 41 F3 B4 2C 72 2C 0B 98 35 3F 5C 48 4A 57 33
[2026-04-17 09:26:36] [INFO] [发送] 09:26:36.064 设备ID=12052 module=PERIODIC id=ReadFoupStatus uuid=104 sendCount=1/1 timeout=1000ms crc=30 0C len=8
frame=01 04 00 00 00 09 30 0C
[2026-04-17 09:26:36] [INFO] [接收-帧] 09:26:36.082 设备ID=12052 module=PERIODIC id=ReadFoupStatus uuid=104 len=23
frame=01 04 12 9C B6 95 B6 5F 15 69 51 0B 87 39 A9 BB BA 57 63 AE C2 41 83
[2026-04-17 09:26:37] [INFO] [发送] 09:26:37.078 设备ID=12052 module=PERIODIC id=ReadFoupStatus uuid=104 sendCount=1/1 timeout=1000ms crc=30 0C len=8
frame=01 04 00 00 00 09 30 0C
[2026-04-17 09:26:37] [INFO] [接收-帧] 09:26:37.171 设备ID=12052 module=PERIODIC id=ReadFoupStatus uuid=104 len=23
frame=01 04 12 D3 15 32 68 7D 39 C8 26 19 48 9F 0A 5E D8 26 DF E8 40 26 6F
[2026-04-17 09:26:38] [INFO] [发送] 09:26:38.175 设备ID=12052 module=PERIODIC id=ReadFoupStatus uuid=104 sendCount=1/1 timeout=1000ms crc=30 0C len=8
frame=01 04 00 00 00 09 30 0C
[2026-04-17 09:26:38] [INFO] [接收-帧] 09:26:38.278 设备ID=12052 module=PERIODIC id=ReadFoupStatus uuid=104 len=23
frame=01 04 12 BA E9 43 32 34 32 36 EE DB A7 06 B5 4D 2B 42 7E 58 3E 6C AC
[2026-04-17 09:26:39] [INFO] [发送] 09:26:39.284 设备ID=12052 module=PERIODIC id=ReadFoupStatus uuid=104 sendCount=1/1 timeout=1000ms crc=30 0C len=8
frame=01 04 00 00 00 09 30 0C
[2026-04-17 09:26:39] [INFO] [接收-帧] 09:26:39.359 设备ID=12052 module=PERIODIC id=ReadFoupStatus uuid=104 len=23
frame=01 04 12 BC F7 07 95 C6 B1 4D 14 8B 8F 3B 33 67 99 E9 A4 B7 98 94 C5
[2026-04-17 09:26:40] [INFO] [发送] 09:26:40.352 设备ID=12052 module=PERIODIC id=ReadFoupStatus uuid=104 sendCount=1/1 timeout=1000ms crc=30 0C len=8
frame=01 04 00 00 00 09 30 0C
[2026-04-17 09:26:40] [INFO] [接收-帧] 09:26:40.466 设备ID=12052 module=PERIODIC id=ReadFoupStatus uuid=104 len=23
frame=01 04 12 D6 82 F4 4B 6B D1 79 2A D2 B0 C0 EB 29 93 75 6D 3A E7 0F 98
[2026-04-17 09:26:41] [INFO] [发送] 09:26:41.466 设备ID=12052 module=PERIODIC id=ReadFoupStatus uuid=104 sendCount=1/1 timeout=1000ms crc=30 0C len=8
frame=01 04 00 00 00 09 30 0C
[2026-04-17 09:26:41] [INFO] [接收-帧] 09:26:41.600 设备ID=12052 module=PERIODIC id=ReadFoupStatus uuid=104 len=23
frame=01 04 12 76 66 45 5C 35 17 C3 C0 3C 2E 3C F2 F0 30 7B D9 8C FE 9E A2
[2026-04-17 09:26:42] [INFO] [发送] 09:26:42.592 设备ID=12052 module=PERIODIC id=ReadFoupStatus uuid=104 sendCount=1/1 timeout=1000ms crc=30 0C len=8
frame=01 04 00 00 00 09 30 0C
[2026-04-17 09:26:42] [INFO] [接收-帧] 09:26:42.643 设备ID=12052 module=PERIODIC id=ReadFoupStatus uuid=104 len=23
frame=01 04 12 7D 3E AA 4B 06 AF F5 8B E9 9F 38 FC 4A 5F 8B 60 8F 98 C8 B3
[2026-04-17 09:26:43] [INFO] [发送] 09:26:43.639 设备ID=12052 module=PERIODIC id=ReadFoupStatus uuid=104 sendCount=1/1 timeout=1000ms crc=30 0C len=8
frame=01 04 00 00 00 09 30 0C
[2026-04-17 09:26:43] [INFO] [接收-帧] 09:26:43.740 设备ID=12052 module=PERIODIC id=ReadFoupStatus uuid=104 len=23
frame=01 04 12 C9 F9 BD E5 8C 94 73 AB 64 3C 0C 4F 09 8F 6D CB 8E C7 6F 85
[2026-04-17 09:26:44] [INFO] [发送] 09:26:44.745 设备ID=12052 module=PERIODIC id=ReadFoupStatus uuid=104 sendCount=1/1 timeout=1000ms crc=30 0C len=8
frame=01 04 00 00 00 09 30 0C
[2026-04-17 09:26:44] [INFO] [接收-帧] 09:26:44.830 设备ID=12052 module=PERIODIC id=ReadFoupStatus uuid=104 len=23
frame=01 04 12 CC 14 17 5A E1 44 76 0E E1 DF 0B A5 3D 46 B3 AE C4 A4 AA 82
[2026-04-17 09:26:45] [INFO] [发送] 09:26:45.822 设备ID=12052 module=PERIODIC id=ReadFoupStatus uuid=104 sendCount=1/1 timeout=1000ms crc=30 0C len=8
frame=01 04 00 00 00 09 30 0C
[2026-04-17 09:26:45] [INFO] [接收-帧] 09:26:45.929 设备ID=12052 module=PERIODIC id=ReadFoupStatus uuid=104 len=23
frame=01 04 12 E7 B8 A0 28 1F E4 D9 AA 5A 44 55 96 39 7B 19 B8 7C 48 A5 33
[2026-04-17 09:26:46] [INFO] [发送] 09:26:46.930 设备ID=12052 module=PERIODIC id=ReadFoupStatus uuid=104 sendCount=1/1 timeout=1000ms crc=30 0C len=8
frame=01 04 00 00 00 09 30 0C
[2026-04-17 09:26:47] [INFO] [接收-帧] 09:26:47.021 设备ID=12052 module=PERIODIC id=ReadFoupStatus uuid=104 len=23
frame=01 04 12 9D E9 5F F8 B4 FB 00 E5 39 A8 79 5F AE D2 F5 2D FF 70 2B 49
[2026-04-17 09:26:48] [INFO] [发送] 09:26:48.013 设备ID=12052 module=PERIODIC id=ReadFoupStatus uuid=104 sendCount=1/1 timeout=1000ms crc=30 0C len=8
frame=01 04 00 00 00 09 30 0C
[2026-04-17 09:26:48] [INFO] [接收-帧] 09:26:48.111 设备ID=12052 module=PERIODIC id=ReadFoupStatus uuid=104 len=23
frame=01 04 12 13 B6 FA C1 D2 F6 3D B0 2E 02 EC 6F CD 1C F7 0E 15 F5 32 AE
[2026-04-17 09:26:49] [INFO] [发送] 09:26:49.103 设备ID=12052 module=PERIODIC id=ReadFoupStatus uuid=104 sendCount=1/1 timeout=1000ms crc=30 0C len=8
frame=01 04 00 00 00 09 30 0C
[2026-04-17 09:26:49] [INFO] [接收-帧] 09:26:49.204 设备ID=12052 module=PERIODIC id=ReadFoupStatus uuid=104 len=23
frame=01 04 12 EB 2B B1 AF F2 0C 29 60 BA A7 A2 75 A9 B1 21 A0 98 A0 E5 FA
[2026-04-17 09:26:50] [INFO] [发送] 09:26:50.210 设备ID=12052 module=PERIODIC id=ReadFoupStatus uuid=104 sendCount=1/1 timeout=1000ms crc=30 0C len=8
frame=01 04 00 00 00 09 30 0C
[2026-04-17 09:26:50] [INFO] [接收-帧] 09:26:50.314 设备ID=12052 module=PERIODIC id=ReadFoupStatus uuid=104 len=23
frame=01 04 12 35 70 2E DE 07 85 1E EB 33 D9 6F 50 08 71 08 54 81 E9 9F 21
[2026-04-17 09:26:51] [INFO] [发送] 09:26:51.311 设备ID=12052 module=PERIODIC id=ReadFoupStatus uuid=104 sendCount=1/1 timeout=1000ms crc=30 0C len=8
frame=01 04 00 00 00 09 30 0C
[2026-04-17 09:26:51] [INFO] [接收-帧] 09:26:51.394 设备ID=12052 module=PERIODIC id=ReadFoupStatus uuid=104 len=23
frame=01 04 12 B2 3C CF 56 18 6B 99 D4 6B 6A FC FD 4D 5B 84 A7 3C 07 17 47
[2026-04-17 09:26:52] [INFO] [发送] 09:26:52.383 设备ID=12052 module=PERIODIC id=ReadFoupStatus uuid=104 sendCount=1/1 timeout=1000ms crc=30 0C len=8
frame=01 04 00 00 00 09 30 0C
[2026-04-17 09:26:52] [INFO] [接收-帧] 09:26:52.484 设备ID=12052 module=PERIODIC id=ReadFoupStatus uuid=104 len=23
frame=01 04 12 34 E8 BA A4 99 5F E0 7A 97 E9 70 B5 A1 CA B7 9C 55 EC 7B 8C
[2026-04-17 09:26:53] [INFO] [发送] 09:26:53.540 设备ID=12052 module=PERIODIC id=ReadFoupStatus uuid=104 sendCount=1/1 timeout=1000ms crc=30 0C len=8
frame=01 04 00 00 00 09 30 0C
[2026-04-17 09:26:53] [INFO] [接收-帧] 09:26:53.584 设备ID=12052 module=PERIODIC id=ReadFoupStatus uuid=104 len=23
frame=01 04 12 44 BC CB 91 68 2E E2 AF 80 CE 89 A2 0E 65 02 C8 BA 2E C2 07
[2026-04-17 09:26:54] [INFO] [发送] 09:26:54.594 设备ID=12052 module=PERIODIC id=ReadFoupStatus uuid=104 sendCount=1/1 timeout=1000ms crc=30 0C len=8
frame=01 04 00 00 00 09 30 0C
[2026-04-17 09:26:54] [INFO] [接收-帧] 09:26:54.674 设备ID=12052 module=PERIODIC id=ReadFoupStatus uuid=104 len=23
frame=01 04 12 6E F4 60 77 EE C4 73 4D 11 FA 08 96 05 69 9C 6E 1C C2 AF 9A
[2026-04-17 09:26:55] [INFO] [发送] 09:26:55.677 设备ID=12052 module=PERIODIC id=ReadFoupStatus uuid=104 sendCount=1/1 timeout=1000ms crc=30 0C len=8
frame=01 04 00 00 00 09 30 0C
[2026-04-17 09:26:55] [INFO] [接收-帧] 09:26:55.771 设备ID=12052 module=PERIODIC id=ReadFoupStatus uuid=104 len=23
frame=01 04 12 EA A0 C5 98 67 54 63 B9 98 97 57 B3 15 EB DB 4C 9A E7 48 40
[2026-04-17 09:26:56] [INFO] [发送] 09:26:56.766 设备ID=12052 module=PERIODIC id=ReadFoupStatus uuid=104 sendCount=1/1 timeout=1000ms crc=30 0C len=8
frame=01 04 00 00 00 09 30 0C
[2026-04-17 09:26:56] [INFO] [接收-帧] 09:26:56.859 设备ID=12052 module=PERIODIC id=ReadFoupStatus uuid=104 len=23
frame=01 04 12 7C FE 69 6E A7 57 56 1E DD DB A0 31 1F 44 FB B7 CD 13 4C 0D
[2026-04-17 09:26:57] [INFO] [发送] 09:26:57.868 设备ID=12052 module=PERIODIC id=ReadFoupStatus uuid=104 sendCount=1/1 timeout=1000ms crc=30 0C len=8
frame=01 04 00 00 00 09 30 0C
[2026-04-17 09:26:57] [INFO] [接收-帧] 09:26:57.969 设备ID=12052 module=PERIODIC id=ReadFoupStatus uuid=104 len=23
frame=01 04 12 9F 7C 05 8D C4 2B FE 85 44 C7 77 E6 DC AF D4 61 24 06 45 86
[2026-04-17 09:26:58] [INFO] [发送] 09:26:58.965 设备ID=12052 module=PERIODIC id=ReadFoupStatus uuid=104 sendCount=1/1 timeout=1000ms crc=30 0C len=8
frame=01 04 00 00 00 09 30 0C
[2026-04-17 09:26:59] [INFO] [接收-帧] 09:26:59.047 设备ID=12052 module=PERIODIC id=ReadFoupStatus uuid=104 len=23
frame=01 04 12 2E 3F 54 4A 21 76 78 BE EF 03 88 48 00 EB 4F 2B 01 5D CD 8B
[2026-04-17 09:27:00] [INFO] [发送] 09:27:00.049 设备ID=12052 module=PERIODIC id=ReadFoupStatus uuid=104 sendCount=1/1 timeout=1000ms crc=30 0C len=8
frame=01 04 00 00 00 09 30 0C
[2026-04-17 09:27:00] [INFO] [接收-帧] 09:27:00.141 设备ID=12052 module=PERIODIC id=ReadFoupStatus uuid=104 len=23
frame=01 04 12 F0 7D 14 8D 84 7B 6B 25 01 30 F3 63 F6 C4 C9 39 49 35 9D 8E
[2026-04-17 09:27:01] [INFO] [发送] 09:27:01.138 设备ID=12052 module=PERIODIC id=ReadFoupStatus uuid=104 sendCount=1/1 timeout=1000ms crc=30 0C len=8
frame=01 04 00 00 00 09 30 0C
[2026-04-17 09:27:01] [INFO] [接收-帧] 09:27:01.235 设备ID=12052 module=PERIODIC id=ReadFoupStatus uuid=104 len=23
frame=01 04 12 8E 6A 71 ED 23 48 11 A1 12 07 EC 42 2F 31 6B 79 6F 59 82 00
[2026-04-17 09:27:37] [INFO] [发送] 09:27:37.508 设备ID=12052 module=INITIAL id=ReadVersion uuid=103 sendCount=1/4 timeout=1000ms crc=B1 CD len=8
frame=01 04 00 18 00 01 B1 CD
[2026-04-17 09:27:37] [INFO] [接收-帧] 09:27:37.754 设备ID=12052 module=INITIAL id=ReadVersion uuid=103 len=7
frame=01 04 02 00 00 B9 30
[2026-04-17 09:27:37] [INFO] [发送] 09:27:37.754 设备ID=12052 module=PERIODIC id=ReadFoupStatus uuid=104 sendCount=1/1 timeout=1000ms crc=30 0C len=8
frame=01 04 00 00 00 09 30 0C
[2026-04-17 09:27:37] [INFO] [接收-帧] 09:27:37.830 设备ID=12052 module=PERIODIC id=ReadFoupStatus uuid=104 len=23
frame=01 04 12 68 CB D2 9C 78 41 C0 39 73 52 E0 B7 65 E5 40 5D DF 6F EC 1E
[2026-04-17 09:27:38] [INFO] [发送] 09:27:38.832 设备ID=12052 module=PERIODIC id=ReadFoupStatus uuid=104 sendCount=1/1 timeout=1000ms crc=30 0C len=8
frame=01 04 00 00 00 09 30 0C
[2026-04-17 09:27:38] [INFO] [接收-帧] 09:27:38.921 设备ID=12052 module=PERIODIC id=ReadFoupStatus uuid=104 len=23
frame=01 04 12 5D 12 92 35 9E AD 45 EC 8C 1F 87 EE 6A 8B 17 22 F3 2F 18 CE
[2026-04-17 09:27:39] [INFO] [发送] 09:27:39.927 设备ID=12052 module=PERIODIC id=ReadFoupStatus uuid=104 sendCount=1/1 timeout=1000ms crc=30 0C len=8
frame=01 04 00 00 00 09 30 0C
[2026-04-17 09:27:40] [INFO] [接收-帧] 09:27:40.018 设备ID=12052 module=PERIODIC id=ReadFoupStatus uuid=104 len=23
frame=01 04 12 E9 AB AF 21 1B E5 D2 3C B5 1E 18 7D 6E BE 6E E6 16 46 8B 9D
[2026-04-17 09:27:41] [INFO] [发送] 09:27:41.010 设备ID=12052 module=PERIODIC id=ReadFoupStatus uuid=104 sendCount=1/1 timeout=1000ms crc=30 0C len=8
frame=01 04 00 00 00 09 30 0C
[2026-04-17 09:27:41] [INFO] [接收-帧] 09:27:41.117 设备ID=12052 module=PERIODIC id=ReadFoupStatus uuid=104 len=23
frame=01 04 12 DE C7 1E 77 DE 53 11 95 F9 5B AF F5 FB 82 54 C7 E4 23 F9 72
[2026-04-17 09:27:42] [INFO] [发送] 09:27:42.129 设备ID=12052 module=PERIODIC id=ReadFoupStatus uuid=104 sendCount=1/1 timeout=1000ms crc=30 0C len=8
frame=01 04 00 00 00 09 30 0C
[2026-04-17 09:27:42] [INFO] [接收-帧] 09:27:42.205 设备ID=12052 module=PERIODIC id=ReadFoupStatus uuid=104 len=23
frame=01 04 12 37 83 39 C7 76 E9 34 6E E4 F6 7E 28 C7 E5 52 8D FA 26 08 3A
[2026-04-17 09:27:43] [INFO] [发送] 09:27:43.200 设备ID=12052 module=PERIODIC id=ReadFoupStatus uuid=104 sendCount=1/1 timeout=1000ms crc=30 0C len=8
frame=01 04 00 00 00 09 30 0C
[2026-04-17 09:27:43] [INFO] [接收-帧] 09:27:43.305 设备ID=12052 module=PERIODIC id=ReadFoupStatus uuid=104 len=23
frame=01 04 12 2E D1 7F DA 35 1C AD 2A 99 EC 48 20 CD 81 4D B8 15 D1 FD 11
[2026-04-17 09:27:44] [INFO] [发送] 09:27:44.310 设备ID=12052 module=PERIODIC id=ReadFoupStatus uuid=104 sendCount=1/1 timeout=1000ms crc=30 0C len=8
frame=01 04 00 00 00 09 30 0C
[2026-04-17 09:27:44] [INFO] [接收-帧] 09:27:44.393 设备ID=12052 module=PERIODIC id=ReadFoupStatus uuid=104 len=23
frame=01 04 12 3F 84 F8 C1 C5 A6 6A 1E BF FC 82 80 7E D5 07 27 97 52 99 E8
[2026-04-17 09:27:45] [INFO] [发送] 09:27:45.390 设备ID=12052 module=PERIODIC id=ReadFoupStatus uuid=104 sendCount=1/1 timeout=1000ms crc=30 0C len=8
frame=01 04 00 00 00 09 30 0C
[2026-04-17 09:27:45] [INFO] [接收-帧] 09:27:45.488 设备ID=12052 module=PERIODIC id=ReadFoupStatus uuid=104 len=23
frame=01 04 12 DD 9D 3A 1F 52 61 0C 1B 49 00 AE AB 69 DA 1A 8E 6B 6C 32 20
[2026-04-17 09:27:46] [INFO] [发送] 09:27:46.486 设备ID=12052 module=PERIODIC id=ReadFoupStatus uuid=104 sendCount=1/1 timeout=1000ms crc=30 0C len=8
frame=01 04 00 00 00 09 30 0C
[2026-04-17 09:27:46] [INFO] [接收-帧] 09:27:46.583 设备ID=12052 module=PERIODIC id=ReadFoupStatus uuid=104 len=23
frame=01 04 12 C6 C5 18 60 54 A8 9F 22 B5 3C CF 2E C5 66 DD 05 33 F9 7C C9
[2026-04-17 09:27:47] [INFO] [发送] 09:27:47.575 设备ID=12052 module=PERIODIC id=ReadFoupStatus uuid=104 sendCount=1/1 timeout=1000ms crc=30 0C len=8
frame=01 04 00 00 00 09 30 0C
[2026-04-17 09:27:47] [INFO] [接收-帧] 09:27:47.682 设备ID=12052 module=PERIODIC id=ReadFoupStatus uuid=104 len=23
frame=01 04 12 3F 28 75 63 2A BE E9 21 8D D7 09 B2 D4 69 1D 7F 62 6B FC 90
[2026-04-17 09:27:48] [INFO] [发送] 09:27:48.686 设备ID=12052 module=PERIODIC id=ReadFoupStatus uuid=104 sendCount=1/1 timeout=1000ms crc=30 0C len=8
frame=01 04 00 00 00 09 30 0C
[2026-04-17 09:27:48] [INFO] [接收-帧] 09:27:48.766 设备ID=12052 module=PERIODIC id=ReadFoupStatus uuid=104 len=23
frame=01 04 12 C8 DD B2 7B A3 7C FE 91 ED D3 D1 FF 9E 6B B7 B5 0D 69 B5 DD
[2026-04-17 09:27:49] [INFO] [发送] 09:27:49.771 设备ID=12052 module=PERIODIC id=ReadFoupStatus uuid=104 sendCount=1/1 timeout=1000ms crc=30 0C len=8
frame=01 04 00 00 00 09 30 0C
[2026-04-17 09:27:49] [INFO] [接收-帧] 09:27:49.860 设备ID=12052 module=PERIODIC id=ReadFoupStatus uuid=104 len=23
frame=01 04 12 80 90 A6 8F AD A1 8D 9F 76 D9 85 63 29 12 84 B2 E1 64 CA D6
[2026-04-17 09:27:50] [INFO] [发送] 09:27:50.854 设备ID=12052 module=PERIODIC id=ReadFoupStatus uuid=104 sendCount=1/1 timeout=1000ms crc=30 0C len=8
frame=01 04 00 00 00 09 30 0C
[2026-04-17 09:27:50] [INFO] [接收-帧] 09:27:50.956 设备ID=12052 module=PERIODIC id=ReadFoupStatus uuid=104 len=23
frame=01 04 12 C3 BC 84 41 AE 1F 01 18 BA 68 34 DC 86 46 1C DE 1B D9 12 1E
[2026-04-17 09:31:34] [INFO] [发送] 09:31:34.150 设备ID=12052 module=INITIAL id=ReadVersion uuid=103 sendCount=1/4 timeout=1000ms crc=B1 CD len=8
frame=01 04 00 18 00 01 B1 CD
[2026-04-17 09:31:34] [INFO] [接收-帧] 09:31:34.328 设备ID=12052 module=INITIAL id=ReadVersion uuid=103 len=7
frame=01 04 02 00 00 B9 30
[2026-04-17 09:31:34] [INFO] [发送] 09:31:34.329 设备ID=12052 module=PERIODIC id=ReadFoupStatus uuid=104 sendCount=1/1 timeout=1000ms crc=30 0C len=8
frame=01 04 00 00 00 09 30 0C
[2026-04-17 09:31:34] [INFO] [接收-帧] 09:31:34.360 设备ID=12052 module=PERIODIC id=ReadFoupStatus uuid=104 len=23
frame=01 04 12 AB 27 7A 74 DD 4A DB E7 94 E7 FB F3 9B 4E 83 74 C5 43 10 D5
[2026-04-17 09:31:35] [INFO] [发送] 09:31:35.357 设备ID=12052 module=PERIODIC id=ReadFoupStatus uuid=104 sendCount=1/1 timeout=1000ms crc=30 0C len=8
frame=01 04 00 00 00 09 30 0C
[2026-04-17 09:31:35] [INFO] [接收-帧] 09:31:35.458 设备ID=12052 module=PERIODIC id=ReadFoupStatus uuid=104 len=23
frame=01 04 12 D5 06 F1 AA EC 36 80 2E 6D 7B 3D 89 F7 B8 52 54 F6 D8 E6 7A
[2026-04-17 09:31:36] [INFO] [发送] 09:31:36.449 设备ID=12052 module=PERIODIC id=ReadFoupStatus uuid=104 sendCount=1/1 timeout=1000ms crc=30 0C len=8
frame=01 04 00 00 00 09 30 0C
[2026-04-17 09:31:36] [INFO] [接收-帧] 09:31:36.545 设备ID=12052 module=PERIODIC id=ReadFoupStatus uuid=104 len=23
frame=01 04 12 FC 57 34 BD 74 3C F9 86 EB 61 95 5C 27 B1 CA 17 BB 5A 1C 61
[2026-04-17 09:31:37] [INFO] [发送] 09:31:37.545 设备ID=12052 module=PERIODIC id=ReadFoupStatus uuid=104 sendCount=1/1 timeout=1000ms crc=30 0C len=8
frame=01 04 00 00 00 09 30 0C
[2026-04-17 09:31:37] [INFO] [接收-帧] 09:31:37.751 设备ID=12052 module=PERIODIC id=ReadFoupStatus uuid=104 len=23
frame=01 04 12 44 6C 08 E8 26 60 62 B4 0C EB 16 05 A3 66 77 81 82 99 D8 96
[2026-04-17 09:31:38] [INFO] [发送] 09:31:38.746 设备ID=12052 module=PERIODIC id=ReadFoupStatus uuid=104 sendCount=1/1 timeout=1000ms crc=30 0C len=8
frame=01 04 00 00 00 09 30 0C
[2026-04-17 09:31:38] [INFO] [接收-帧] 09:31:38.846 设备ID=12052 module=PERIODIC id=ReadFoupStatus uuid=104 len=23
frame=01 04 12 DC B3 4C 34 FD 85 A6 2C E1 68 09 71 A1 B4 BC 05 39 31 5D 88
[2026-04-17 09:31:39] [INFO] [发送] 09:31:39.844 设备ID=12052 module=PERIODIC id=ReadFoupStatus uuid=104 sendCount=1/1 timeout=1000ms crc=30 0C len=8
frame=01 04 00 00 00 09 30 0C
[2026-04-17 09:31:39] [INFO] [接收-帧] 09:31:39.942 设备ID=12052 module=PERIODIC id=ReadFoupStatus uuid=104 len=23
frame=01 04 12 2C 56 C7 3C 8D 38 EC D3 D4 7A 09 99 6B 2D 0D BA 9B F1 22 6E
[2026-04-17 09:31:40] [INFO] [发送] 09:31:40.932 设备ID=12052 module=PERIODIC id=ReadFoupStatus uuid=104 sendCount=1/1 timeout=1000ms crc=30 0C len=8
frame=01 04 00 00 00 09 30 0C
[2026-04-17 09:31:41] [INFO] [接收-帧] 09:31:41.032 设备ID=12052 module=PERIODIC id=ReadFoupStatus uuid=104 len=23
frame=01 04 12 76 57 3E CC 4D 75 EF 32 BB 46 69 36 46 94 CB 68 9A 32 64 6E
[2026-04-17 09:31:42] [INFO] [发送] 09:31:42.035 设备ID=12052 module=PERIODIC id=ReadFoupStatus uuid=104 sendCount=1/1 timeout=1000ms crc=30 0C len=8
frame=01 04 00 00 00 09 30 0C
[2026-04-17 09:31:42] [INFO] [接收-帧] 09:31:42.129 设备ID=12052 module=PERIODIC id=ReadFoupStatus uuid=104 len=23
frame=01 04 12 33 15 30 9A 16 78 5F 8F 44 23 30 21 16 0D 70 AB 32 64 FE 83
[2026-04-17 09:31:43] [INFO] [发送] 09:31:43.123 设备ID=12052 module=PERIODIC id=ReadFoupStatus uuid=104 sendCount=1/1 timeout=1000ms crc=30 0C len=8
frame=01 04 00 00 00 09 30 0C
[2026-04-17 09:31:43] [INFO] [接收-帧] 09:31:43.220 设备ID=12052 module=PERIODIC id=ReadFoupStatus uuid=104 len=23
frame=01 04 12 56 18 F5 D3 89 72 3A 91 46 B8 AF BC F7 40 9C B2 30 E7 F0 F7
[2026-04-17 09:31:44] [INFO] [发送] 09:31:44.213 设备ID=12052 module=PERIODIC id=ReadFoupStatus uuid=104 sendCount=1/1 timeout=1000ms crc=30 0C len=8
frame=01 04 00 00 00 09 30 0C
[2026-04-17 09:31:44] [INFO] [接收-帧] 09:31:44.317 设备ID=12052 module=PERIODIC id=ReadFoupStatus uuid=104 len=23
frame=01 04 12 65 A1 6C 6C EE 8C DE A0 6F BC D4 4B 29 A9 50 04 B5 8C D0 2B
[2026-04-17 09:31:45] [INFO] [发送] 09:31:45.312 设备ID=12052 module=PERIODIC id=ReadFoupStatus uuid=104 sendCount=1/1 timeout=1000ms crc=30 0C len=8
frame=01 04 00 00 00 09 30 0C
[2026-04-17 09:31:45] [INFO] [接收-帧] 09:31:45.411 设备ID=12052 module=PERIODIC id=ReadFoupStatus uuid=104 len=23
frame=01 04 12 DC EB 0C 77 A7 2D 59 3E 7A 8C 58 C5 2E D3 FD D9 3D 97 D8 A8
[2026-04-17 09:31:46] [INFO] [发送] 09:31:46.406 设备ID=12052 module=PERIODIC id=ReadFoupStatus uuid=104 sendCount=1/1 timeout=1000ms crc=30 0C len=8
frame=01 04 00 00 00 09 30 0C
[2026-04-17 09:31:46] [INFO] [接收-帧] 09:31:46.498 设备ID=12052 module=PERIODIC id=ReadFoupStatus uuid=104 len=23
frame=01 04 12 85 16 F9 53 AA B6 B0 8C C7 A4 38 7B 5C F7 7A 56 68 61 91 57
[2026-04-17 09:31:47] [INFO] [发送] 09:31:47.495 设备ID=12052 module=PERIODIC id=ReadFoupStatus uuid=104 sendCount=1/1 timeout=1000ms crc=30 0C len=8
frame=01 04 00 00 00 09 30 0C
[2026-04-17 09:31:47] [INFO] [接收-帧] 09:31:47.591 设备ID=12052 module=PERIODIC id=ReadFoupStatus uuid=104 len=23
frame=01 04 12 48 9E 40 E4 1C 0A 29 38 8F 85 27 F0 CB BF E2 06 20 9C 50 AC
[2026-04-17 09:31:48] [INFO] [发送] 09:31:48.591 设备ID=12052 module=PERIODIC id=ReadFoupStatus uuid=104 sendCount=1/1 timeout=1000ms crc=30 0C len=8
frame=01 04 00 00 00 09 30 0C
[2026-04-17 09:31:48] [INFO] [接收-帧] 09:31:48.687 设备ID=12052 module=PERIODIC id=ReadFoupStatus uuid=104 len=23
frame=01 04 12 15 42 BA AE 10 23 EB 4C B0 9A 5C B8 E7 F2 3B 58 5A 9F 48 CF
[2026-04-17 09:31:49] [INFO] [发送] 09:31:49.686 设备ID=12052 module=PERIODIC id=ReadFoupStatus uuid=104 sendCount=1/1 timeout=1000ms crc=30 0C len=8
frame=01 04 00 00 00 09 30 0C
[2026-04-17 09:31:49] [INFO] [接收-帧] 09:31:49.782 设备ID=12052 module=PERIODIC id=ReadFoupStatus uuid=104 len=23
frame=01 04 12 9F 03 F3 1E 18 23 CC F4 6E 70 9E 2E 09 23 B9 9B C3 1C D5 24
[2026-04-17 09:31:50] [INFO] [发送] 09:31:50.780 设备ID=12052 module=PERIODIC id=ReadFoupStatus uuid=104 sendCount=1/1 timeout=1000ms crc=30 0C len=8
frame=01 04 00 00 00 09 30 0C
[2026-04-17 09:31:50] [INFO] [接收-帧] 09:31:50.876 设备ID=12052 module=PERIODIC id=ReadFoupStatus uuid=104 len=23
frame=01 04 12 6A F7 39 0C 53 95 98 E7 22 58 86 51 A2 85 EC 41 C3 DE 30 06
[2026-04-17 09:31:51] [INFO] [发送] 09:31:51.874 设备ID=12052 module=PERIODIC id=ReadFoupStatus uuid=104 sendCount=1/1 timeout=1000ms crc=30 0C len=8
frame=01 04 00 00 00 09 30 0C
[2026-04-17 09:31:51] [INFO] [接收-帧] 09:31:51.969 设备ID=12052 module=PERIODIC id=ReadFoupStatus uuid=104 len=23
frame=01 04 12 1D 19 94 64 B2 7E B7 AE 08 AD 50 78 3F 65 AD 38 DB 25 35 54
[2026-04-17 09:31:52] [INFO] [发送] 09:31:52.964 设备ID=12052 module=PERIODIC id=ReadFoupStatus uuid=104 sendCount=1/1 timeout=1000ms crc=30 0C len=8
frame=01 04 00 00 00 09 30 0C
[2026-04-17 09:31:53] [INFO] [接收-帧] 09:31:53.068 设备ID=12052 module=PERIODIC id=ReadFoupStatus uuid=104 len=23
frame=01 04 12 75 B1 DC 96 FE 1A EF F3 74 24 2B 50 90 0E 89 FF 69 5A 5F 6D
[2026-04-17 09:31:54] [INFO] [发送] 09:31:54.084 设备ID=12052 module=PERIODIC id=ReadFoupStatus uuid=104 sendCount=1/1 timeout=1000ms crc=30 0C len=8
frame=01 04 00 00 00 09 30 0C
[2026-04-17 09:31:54] [INFO] [接收-帧] 09:31:54.159 设备ID=12052 module=PERIODIC id=ReadFoupStatus uuid=104 len=23
frame=01 04 12 F7 30 A5 63 63 CB 74 E1 FC 1F 0C 4F E7 1F 2C 9E B5 68 B9 50
[2026-04-17 09:31:55] [INFO] [发送] 09:31:55.154 设备ID=12052 module=PERIODIC id=ReadFoupStatus uuid=104 sendCount=1/1 timeout=1000ms crc=30 0C len=8
frame=01 04 00 00 00 09 30 0C
[2026-04-17 09:31:55] [INFO] [接收-帧] 09:31:55.254 设备ID=12052 module=PERIODIC id=ReadFoupStatus uuid=104 len=23
frame=01 04 12 8E B4 52 11 ED AF A1 73 65 63 1D 74 B0 BB F5 93 6F 19 7F BB
[2026-04-17 09:31:56] [INFO] [发送] 09:31:56.247 设备ID=12052 module=PERIODIC id=ReadFoupStatus uuid=104 sendCount=1/1 timeout=1000ms crc=30 0C len=8
frame=01 04 00 00 00 09 30 0C
[2026-04-17 09:31:56] [INFO] [接收-帧] 09:31:56.345 设备ID=12052 module=PERIODIC id=ReadFoupStatus uuid=104 len=23
frame=01 04 12 4C 19 77 93 97 2F D3 AA 0B 82 76 0F 3D 47 B5 21 E1 27 59 25
[2026-04-17 09:31:57] [INFO] [发送] 09:31:57.337 设备ID=12052 module=PERIODIC id=ReadFoupStatus uuid=104 sendCount=1/1 timeout=1000ms crc=30 0C len=8
frame=01 04 00 00 00 09 30 0C
[2026-04-17 09:31:57] [INFO] [接收-帧] 09:31:57.445 设备ID=12052 module=PERIODIC id=ReadFoupStatus uuid=104 len=23
frame=01 04 12 EC C3 10 4E 47 1C BC 68 F8 AF 2B 7B 36 CB F0 D4 CB A0 0F B4
[2026-04-17 09:31:58] [INFO] [发送] 09:31:58.462 设备ID=12052 module=PERIODIC id=ReadFoupStatus uuid=104 sendCount=1/1 timeout=1000ms crc=30 0C len=8
frame=01 04 00 00 00 09 30 0C
[2026-04-17 09:31:58] [INFO] [接收-帧] 09:31:58.535 设备ID=12052 module=PERIODIC id=ReadFoupStatus uuid=104 len=23
frame=01 04 12 A3 03 73 70 EA 41 99 74 A5 18 0D 7C 18 B5 EF 76 C6 4E 4F C1
[2026-04-17 09:31:59] [INFO] [发送] 09:31:59.530 设备ID=12052 module=PERIODIC id=ReadFoupStatus uuid=104 sendCount=1/1 timeout=1000ms crc=30 0C len=8
frame=01 04 00 00 00 09 30 0C
[2026-04-17 09:31:59] [INFO] [接收-帧] 09:31:59.626 设备ID=12052 module=PERIODIC id=ReadFoupStatus uuid=104 len=23
frame=01 04 12 FC BA 60 B6 5C 3C C5 74 88 8F 4A E7 D9 19 12 C0 8F 91 5D F4
[2026-04-17 09:32:00] [INFO] [发送] 09:32:00.626 设备ID=12052 module=PERIODIC id=ReadFoupStatus uuid=104 sendCount=1/1 timeout=1000ms crc=30 0C len=8
frame=01 04 00 00 00 09 30 0C
[2026-04-17 09:32:00] [INFO] [接收-帧] 09:32:00.723 设备ID=12052 module=PERIODIC id=ReadFoupStatus uuid=104 len=23
frame=01 04 12 7B C4 EA 67 6E 7C 1D BB AF C0 E2 BC 26 B4 1D 66 8F FA 6A 59
[2026-04-17 09:32:01] [INFO] [发送] 09:32:01.721 设备ID=12052 module=PERIODIC id=ReadFoupStatus uuid=104 sendCount=1/1 timeout=1000ms crc=30 0C len=8
frame=01 04 00 00 00 09 30 0C
[2026-04-17 09:32:01] [INFO] [接收-帧] 09:32:01.814 设备ID=12052 module=PERIODIC id=ReadFoupStatus uuid=104 len=23
frame=01 04 12 19 53 87 5F 3F 33 53 C4 B6 16 69 14 02 88 59 04 2A 35 C8 22
[2026-04-17 09:32:02] [INFO] [发送] 09:32:02.815 设备ID=12052 module=PERIODIC id=ReadFoupStatus uuid=104 sendCount=1/1 timeout=1000ms crc=30 0C len=8
frame=01 04 00 00 00 09 30 0C
[2026-04-17 09:32:02] [INFO] [接收-帧] 09:32:02.908 设备ID=12052 module=PERIODIC id=ReadFoupStatus uuid=104 len=23
frame=01 04 12 2E D2 BF DD D7 10 E7 4F 85 ED 01 A7 14 CB 2D 76 E4 E3 D1 62
[2026-04-17 09:32:03] [INFO] [发送] 09:32:03.904 设备ID=12052 module=PERIODIC id=ReadFoupStatus uuid=104 sendCount=1/1 timeout=1000ms crc=30 0C len=8
frame=01 04 00 00 00 09 30 0C
[2026-04-17 09:32:04] [INFO] [接收-帧] 09:32:04.003 设备ID=12052 module=PERIODIC id=ReadFoupStatus uuid=104 len=23
frame=01 04 12 C7 DB A4 B8 A6 9E 38 ED 27 5B 62 16 78 9B 72 9A 06 41 C6 27
