[2026-04-17 09:24:09] [INFO] [发送] 09:24:09.448 设备ID=12057 module=INITIAL id=ReadVersion uuid=113 sendCount=1/4 timeout=1000ms crc=B1 CD len=8
frame=01 04 00 18 00 01 B1 CD
[2026-04-17 09:24:10] [INFO] [接收-帧] 09:24:10.173 设备ID=12057 module=INITIAL id=ReadVersion uuid=113 len=7
frame=01 04 02 00 00 B9 30
[2026-04-17 09:24:10] [INFO] [发送] 09:24:10.174 设备ID=12057 module=PERIODIC id=ReadFoupStatus uuid=114 sendCount=1/1 timeout=1000ms crc=30 0C len=8
frame=01 04 00 00 00 09 30 0C
[2026-04-17 09:24:12] [INFO] [发送] 09:24:12.172 设备ID=12057 module=PERIODIC id=ReadFoupStatus uuid=114 sendCount=1/1 timeout=1000ms crc=30 0C len=8
frame=01 04 00 00 00 09 30 0C
[2026-04-17 09:24:14] [INFO] [发送] 09:24:14.182 设备ID=12057 module=PERIODIC id=ReadFoupStatus uuid=114 sendCount=1/1 timeout=1000ms crc=30 0C len=8
frame=01 04 00 00 00 09 30 0C
[2026-04-17 09:24:16] [INFO] [发送] 09:24:16.200 设备ID=12057 module=PERIODIC id=ReadFoupStatus uuid=114 sendCount=1/1 timeout=1000ms crc=30 0C len=8
frame=01 04 00 00 00 09 30 0C
[2026-04-17 09:24:18] [INFO] [发送] 09:24:18.201 设备ID=12057 module=PERIODIC id=ReadFoupStatus uuid=114 sendCount=1/1 timeout=1000ms crc=30 0C len=8
frame=01 04 00 00 00 09 30 0C
[2026-04-17 09:24:20] [INFO] [发送] 09:24:20.203 设备ID=12057 module=PERIODIC id=ReadFoupStatus uuid=114 sendCount=1/1 timeout=1000ms crc=30 0C len=8
frame=01 04 00 00 00 09 30 0C
[2026-04-17 09:24:22] [INFO] [发送] 09:24:22.198 设备ID=12057 module=PERIODIC id=ReadFoupStatus uuid=114 sendCount=1/1 timeout=1000ms crc=30 0C len=8
frame=01 04 00 00 00 09 30 0C
[2026-04-17 09:24:24] [INFO] [发送] 09:24:24.200 设备ID=12057 module=PERIODIC id=ReadFoupStatus uuid=114 sendCount=1/1 timeout=1000ms crc=30 0C len=8
frame=01 04 00 00 00 09 30 0C
[2026-04-17 09:24:26] [INFO] [发送] 09:24:26.202 设备ID=12057 module=PERIODIC id=ReadFoupStatus uuid=114 sendCount=1/1 timeout=1000ms crc=30 0C len=8
frame=01 04 00 00 00 09 30 0C
[2026-04-17 09:24:28] [INFO] [发送] 09:24:28.215 设备ID=12057 module=PERIODIC id=ReadFoupStatus uuid=114 sendCount=1/1 timeout=1000ms crc=30 0C len=8
frame=01 04 00 00 00 09 30 0C
[2026-04-17 09:24:32] [INFO] [发送] 09:24:32.360 设备ID=12057 module=PERIODIC id=ReadFoupStatus uuid=114 sendCount=1/1 timeout=1000ms crc=30 0C len=8
frame=01 04 00 00 00 09 30 0C
[2026-04-17 09:24:34] [INFO] [发送] 09:24:34.364 设备ID=12057 module=PERIODIC id=ReadFoupStatus uuid=114 sendCount=1/1 timeout=1000ms crc=30 0C len=8
frame=01 04 00 00 00 09 30 0C
[2026-04-17 09:24:36] [INFO] [发送] 09:24:36.356 设备ID=12057 module=PERIODIC id=ReadFoupStatus uuid=114 sendCount=1/1 timeout=1000ms crc=30 0C len=8
frame=01 04 00 00 00 09 30 0C
[2026-04-17 09:24:38] [INFO] [发送] 09:24:38.354 设备ID=12057 module=PERIODIC id=ReadFoupStatus uuid=114 sendCount=1/1 timeout=1000ms crc=30 0C len=8
frame=01 04 00 00 00 09 30 0C
[2026-04-17 09:24:40] [INFO] [发送] 09:24:40.361 设备ID=12057 module=PERIODIC id=ReadFoupStatus uuid=114 sendCount=1/1 timeout=1000ms crc=30 0C len=8
frame=01 04 00 00 00 09 30 0C
[2026-04-17 09:24:42] [INFO] [发送] 09:24:42.352 设备ID=12057 module=PERIODIC id=ReadFoupStatus uuid=114 sendCount=1/1 timeout=1000ms crc=30 0C len=8
frame=01 04 00 00 00 09 30 0C
[2026-04-17 09:24:44] [INFO] [发送] 09:24:44.363 设备ID=12057 module=PERIODIC id=ReadFoupStatus uuid=114 sendCount=1/1 timeout=1000ms crc=30 0C len=8
frame=01 04 00 00 00 09 30 0C
[2026-04-17 09:24:48] [INFO] [发送] 09:24:48.157 设备ID=12057 module=PERIODIC id=ReadFoupStatus uuid=114 sendCount=1/1 timeout=1000ms crc=30 0C len=8
frame=01 04 00 00 00 09 30 0C
[2026-04-17 09:24:48] [INFO] [接收-帧] 09:24:48.267 设备ID=12057 module=PERIODIC id=ReadFoupStatus uuid=114 len=23
frame=01 04 12 3D 76 AE 35 0C EF 20 C2 25 BE 77 B7 67 CE 42 EE BF D2 09 71
[2026-04-17 09:24:49] [INFO] [发送] 09:24:49.261 设备ID=12057 module=PERIODIC id=ReadFoupStatus uuid=114 sendCount=1/1 timeout=1000ms crc=30 0C len=8
frame=01 04 00 00 00 09 30 0C
[2026-04-17 09:24:49] [INFO] [接收-帧] 09:24:49.346 设备ID=12057 module=PERIODIC id=ReadFoupStatus uuid=114 len=23
frame=01 04 12 DC 4D 0D A8 EC 00 4E E0 D7 8F DC F1 1E FE 07 4C DF 9C ED 27
[2026-04-17 09:24:50] [INFO] [发送] 09:24:50.384 设备ID=12057 module=PERIODIC id=ReadFoupStatus uuid=114 sendCount=1/1 timeout=1000ms crc=30 0C len=8
frame=01 04 00 00 00 09 30 0C
[2026-04-17 09:24:50] [INFO] [接收-帧] 09:24:50.440 设备ID=12057 module=PERIODIC id=ReadFoupStatus uuid=114 len=23
frame=01 04 12 0F 68 82 B2 72 55 16 04 05 11 1B 13 20 4C 4B 65 8B 2E 2E 2D
[2026-04-17 09:24:51] [INFO] [发送] 09:24:51.431 设备ID=12057 module=PERIODIC id=ReadFoupStatus uuid=114 sendCount=1/1 timeout=1000ms crc=30 0C len=8
frame=01 04 00 00 00 09 30 0C
[2026-04-17 09:24:51] [INFO] [接收-帧] 09:24:51.540 设备ID=12057 module=PERIODIC id=ReadFoupStatus uuid=114 len=23
frame=01 04 12 E0 69 3A 98 ED E9 28 D5 F5 E2 B2 B3 EC B9 60 E5 F4 30 DC 39
[2026-04-17 09:24:52] [INFO] [发送] 09:24:52.542 设备ID=12057 module=PERIODIC id=ReadFoupStatus uuid=114 sendCount=1/1 timeout=1000ms crc=30 0C len=8
frame=01 04 00 00 00 09 30 0C
[2026-04-17 09:24:52] [INFO] [接收-帧] 09:24:52.621 设备ID=12057 module=PERIODIC id=ReadFoupStatus uuid=114 len=23
frame=01 04 12 1D 87 1B 32 EA CB 94 D9 61 5B 19 B4 7C 48 E0 2B 7A 39 19 B4
[2026-04-17 09:24:53] [INFO] [发送] 09:24:53.619 设备ID=12057 module=PERIODIC id=ReadFoupStatus uuid=114 sendCount=1/1 timeout=1000ms crc=30 0C len=8
frame=01 04 00 00 00 09 30 0C
[2026-04-17 09:24:53] [INFO] [接收-帧] 09:24:53.721 设备ID=12057 module=PERIODIC id=ReadFoupStatus uuid=114 len=23
frame=01 04 12 26 C6 D2 59 0C 3A B6 A1 1D 71 2E 5B 5B C3 73 8A D9 09 3B BC
[2026-04-17 09:24:54] [INFO] [发送] 09:24:54.716 设备ID=12057 module=PERIODIC id=ReadFoupStatus uuid=114 sendCount=1/1 timeout=1000ms crc=30 0C len=8
frame=01 04 00 00 00 09 30 0C
[2026-04-17 09:24:54] [INFO] [接收-帧] 09:24:54.820 设备ID=12057 module=PERIODIC id=ReadFoupStatus uuid=114 len=23
frame=01 04 12 2B 65 95 A2 CA 5B 93 E8 98 F3 FD BD 9C EE E2 D8 BC 16 A4 94
[2026-04-17 09:24:55] [INFO] [发送] 09:24:55.806 设备ID=12057 module=PERIODIC id=ReadFoupStatus uuid=114 sendCount=1/1 timeout=1000ms crc=30 0C len=8
frame=01 04 00 00 00 09 30 0C
[2026-04-17 09:24:55] [INFO] [接收-帧] 09:24:55.907 设备ID=12057 module=PERIODIC id=ReadFoupStatus uuid=114 len=23
frame=01 04 12 67 88 EC D7 45 92 EC 62 3F 41 87 88 38 09 AD 73 62 4C 5C 2F
[2026-04-17 09:24:56] [INFO] [发送] 09:24:56.906 设备ID=12057 module=PERIODIC id=ReadFoupStatus uuid=114 sendCount=1/1 timeout=1000ms crc=30 0C len=8
frame=01 04 00 00 00 09 30 0C
[2026-04-17 09:24:56] [INFO] [接收-帧] 09:24:56.998 设备ID=12057 module=PERIODIC id=ReadFoupStatus uuid=114 len=23
frame=01 04 12 06 A6 DD 7C 59 7E B9 BF 53 DB FE F8 69 DD 17 F8 9D 47 B2 75
[2026-04-17 09:24:58] [INFO] [发送] 09:24:58.001 设备ID=12057 module=PERIODIC id=ReadFoupStatus uuid=114 sendCount=1/1 timeout=1000ms crc=30 0C len=8
frame=01 04 00 00 00 09 30 0C
[2026-04-17 09:24:58] [INFO] [接收-帧] 09:24:58.095 设备ID=12057 module=PERIODIC id=ReadFoupStatus uuid=114 len=23
frame=01 04 12 B3 D0 9B 2C 83 46 3A 27 92 F3 6A E1 F6 28 16 3F 86 3B F4 FD
[2026-04-17 09:24:59] [INFO] [发送] 09:24:59.086 设备ID=12057 module=PERIODIC id=ReadFoupStatus uuid=114 sendCount=1/1 timeout=1000ms crc=30 0C len=8
frame=01 04 00 00 00 09 30 0C
[2026-04-17 09:24:59] [INFO] [接收-帧] 09:24:59.186 设备ID=12057 module=PERIODIC id=ReadFoupStatus uuid=114 len=23
frame=01 04 12 C4 65 4F B0 2B 46 B9 2B 7D 6C 2F BC 0E ED 90 47 47 A9 5B 0E
[2026-04-17 09:25:00] [INFO] [发送] 09:25:00.183 设备ID=12057 module=PERIODIC id=ReadFoupStatus uuid=114 sendCount=1/1 timeout=1000ms crc=30 0C len=8
frame=01 04 00 00 00 09 30 0C
[2026-04-17 09:25:00] [INFO] [接收-帧] 09:25:00.278 设备ID=12057 module=PERIODIC id=ReadFoupStatus uuid=114 len=23
frame=01 04 12 25 E4 1C BC 11 8D F9 5D 88 FE 74 1A A9 F4 13 0D CE A0 60 53
[2026-04-17 09:25:01] [INFO] [发送] 09:25:01.281 设备ID=12057 module=PERIODIC id=ReadFoupStatus uuid=114 sendCount=1/1 timeout=1000ms crc=30 0C len=8
frame=01 04 00 00 00 09 30 0C
[2026-04-17 09:25:01] [INFO] [接收-帧] 09:25:01.373 设备ID=12057 module=PERIODIC id=ReadFoupStatus uuid=114 len=23
frame=01 04 12 98 26 13 6F 25 BD 66 A9 4C 40 00 D2 5D 3B DE 2A FA D3 AC FF
[2026-04-17 09:25:02] [INFO] [发送] 09:25:02.375 设备ID=12057 module=PERIODIC id=ReadFoupStatus uuid=114 sendCount=1/1 timeout=1000ms crc=30 0C len=8
frame=01 04 00 00 00 09 30 0C
[2026-04-17 09:25:02] [INFO] [接收-帧] 09:25:02.469 设备ID=12057 module=PERIODIC id=ReadFoupStatus uuid=114 len=23
frame=01 04 12 EB A2 04 CE E9 CD EA 48 8E 07 A1 D9 D9 29 DA A3 64 70 E5 97
[2026-04-17 09:25:03] [INFO] [发送] 09:25:03.467 设备ID=12057 module=PERIODIC id=ReadFoupStatus uuid=114 sendCount=1/1 timeout=1000ms crc=30 0C len=8
frame=01 04 00 00 00 09 30 0C
[2026-04-17 09:25:03] [INFO] [接收-帧] 09:25:03.561 设备ID=12057 module=PERIODIC id=ReadFoupStatus uuid=114 len=23
frame=01 04 12 8E F9 83 1D 28 38 D1 2C DE 3B CC F0 39 A7 30 A1 1C B1 A7 F3
[2026-04-17 09:25:04] [INFO] [发送] 09:25:04.556 设备ID=12057 module=PERIODIC id=ReadFoupStatus uuid=114 sendCount=1/1 timeout=1000ms crc=30 0C len=8
frame=01 04 00 00 00 09 30 0C
[2026-04-17 09:25:04] [INFO] [接收-帧] 09:25:04.659 设备ID=12057 module=PERIODIC id=ReadFoupStatus uuid=114 len=23
frame=01 04 12 64 E5 3C A4 9A A0 F9 0D F7 46 7E 9F 66 C3 28 E6 8E F0 0E E2
[2026-04-17 09:25:05] [INFO] [发送] 09:25:05.656 设备ID=12057 module=PERIODIC id=ReadFoupStatus uuid=114 sendCount=1/1 timeout=1000ms crc=30 0C len=8
frame=01 04 00 00 00 09 30 0C
[2026-04-17 09:25:05] [INFO] [接收-帧] 09:25:05.749 设备ID=12057 module=PERIODIC id=ReadFoupStatus uuid=114 len=23
frame=01 04 12 9C A4 89 7C 4C 22 6A A9 ED B9 F3 6B 84 38 FF 73 E0 CC A1 A0
[2026-04-17 09:25:06] [INFO] [发送] 09:25:06.743 设备ID=12057 module=PERIODIC id=ReadFoupStatus uuid=114 sendCount=1/1 timeout=1000ms crc=30 0C len=8
frame=01 04 00 00 00 09 30 0C
[2026-04-17 09:25:06] [INFO] [接收-帧] 09:25:06.839 设备ID=12057 module=PERIODIC id=ReadFoupStatus uuid=114 len=23
frame=01 04 12 CE BA 51 EE 35 93 35 70 7D CA A5 B0 CB 0F D8 07 F8 DF C5 D6
[2026-04-17 09:25:07] [INFO] [发送] 09:25:07.838 设备ID=12057 module=PERIODIC id=ReadFoupStatus uuid=114 sendCount=1/1 timeout=1000ms crc=30 0C len=8
frame=01 04 00 00 00 09 30 0C
[2026-04-17 09:25:07] [INFO] [接收-帧] 09:25:07.939 设备ID=12057 module=PERIODIC id=ReadFoupStatus uuid=114 len=23
frame=01 04 12 A1 23 7E 3D E3 63 C9 26 68 30 81 88 1F 9A 02 F6 CC F6 34 5B
[2026-04-17 09:25:08] [INFO] [发送] 09:25:08.930 设备ID=12057 module=PERIODIC id=ReadFoupStatus uuid=114 sendCount=1/1 timeout=1000ms crc=30 0C len=8
frame=01 04 00 00 00 09 30 0C
[2026-04-17 09:25:09] [INFO] [接收-帧] 09:25:09.036 设备ID=12057 module=PERIODIC id=ReadFoupStatus uuid=114 len=23
frame=01 04 12 ED CF 7E CD 83 CC A3 B2 97 87 AE B1 AF 85 52 31 5B 90 16 43
[2026-04-17 09:25:10] [INFO] [发送] 09:25:10.027 设备ID=12057 module=PERIODIC id=ReadFoupStatus uuid=114 sendCount=1/1 timeout=1000ms crc=30 0C len=8
frame=01 04 00 00 00 09 30 0C
[2026-04-17 09:25:10] [INFO] [接收-帧] 09:25:10.125 设备ID=12057 module=PERIODIC id=ReadFoupStatus uuid=114 len=23
frame=01 04 12 28 BD F6 D1 47 AC 73 5E 19 50 F7 DC 1A 00 15 73 97 52 39 1D
[2026-04-17 09:25:11] [INFO] [发送] 09:25:11.118 设备ID=12057 module=PERIODIC id=ReadFoupStatus uuid=114 sendCount=1/1 timeout=1000ms crc=30 0C len=8
frame=01 04 00 00 00 09 30 0C
[2026-04-17 09:25:11] [INFO] [接收-帧] 09:25:11.216 设备ID=12057 module=PERIODIC id=ReadFoupStatus uuid=114 len=23
frame=01 04 12 18 93 82 02 D1 27 1E 50 B4 07 B4 06 AB 3A 08 F6 D3 AB 80 26
[2026-04-17 09:25:12] [INFO] [发送] 09:25:12.220 设备ID=12057 module=PERIODIC id=ReadFoupStatus uuid=114 sendCount=1/1 timeout=1000ms crc=30 0C len=8
frame=01 04 00 00 00 09 30 0C
[2026-04-17 09:25:12] [INFO] [接收-帧] 09:25:12.313 设备ID=12057 module=PERIODIC id=ReadFoupStatus uuid=114 len=23
frame=01 04 12 93 D1 41 D7 3E FF 7A 15 7A 60 76 33 B3 7E 93 0B 1A 79 2C 69
[2026-04-17 09:25:13] [INFO] [发送] 09:25:13.311 设备ID=12057 module=PERIODIC id=ReadFoupStatus uuid=114 sendCount=1/1 timeout=1000ms crc=30 0C len=8
frame=01 04 00 00 00 09 30 0C
[2026-04-17 09:25:13] [INFO] [接收-帧] 09:25:13.408 设备ID=12057 module=PERIODIC id=ReadFoupStatus uuid=114 len=23
frame=01 04 12 9A 08 69 A0 E9 E8 48 48 31 77 21 30 93 00 F1 30 A2 53 61 95
[2026-04-17 09:25:14] [INFO] [发送] 09:25:14.400 设备ID=12057 module=PERIODIC id=ReadFoupStatus uuid=114 sendCount=1/1 timeout=1000ms crc=30 0C len=8
frame=01 04 00 00 00 09 30 0C
[2026-04-17 09:25:14] [INFO] [接收-帧] 09:25:14.497 设备ID=12057 module=PERIODIC id=ReadFoupStatus uuid=114 len=23
frame=01 04 12 F1 83 E2 71 7B 12 4B 0A 9D BF D1 B9 9E E3 EC 4F 03 B0 90 FA
[2026-04-17 09:25:15] [INFO] [发送] 09:25:15.497 设备ID=12057 module=PERIODIC id=ReadFoupStatus uuid=114 sendCount=1/1 timeout=1000ms crc=30 0C len=8
frame=01 04 00 00 00 09 30 0C
[2026-04-17 09:25:15] [INFO] [接收-帧] 09:25:15.595 设备ID=12057 module=PERIODIC id=ReadFoupStatus uuid=114 len=23
frame=01 04 12 90 E2 8B 6B 27 6F 3C DA 4A 85 97 E4 66 5D 87 53 C8 DA 9E E6
[2026-04-17 09:25:16] [INFO] [发送] 09:25:16.593 设备ID=12057 module=PERIODIC id=ReadFoupStatus uuid=114 sendCount=1/1 timeout=1000ms crc=30 0C len=8
frame=01 04 00 00 00 09 30 0C
[2026-04-17 09:25:16] [INFO] [接收-帧] 09:25:16.692 设备ID=12057 module=PERIODIC id=ReadFoupStatus uuid=114 len=23
frame=01 04 12 6A ED 8A 78 B4 34 57 15 10 BC 1A 70 55 22 05 3D 0C 2B 02 8D
[2026-04-17 09:25:17] [INFO] [发送] 09:25:17.679 设备ID=12057 module=PERIODIC id=ReadFoupStatus uuid=114 sendCount=1/1 timeout=1000ms crc=30 0C len=8
frame=01 04 00 00 00 09 30 0C
[2026-04-17 09:25:17] [INFO] [接收-帧] 09:25:17.780 设备ID=12057 module=PERIODIC id=ReadFoupStatus uuid=114 len=23
frame=01 04 12 C8 80 15 67 02 9D 66 D5 96 1A 63 BE 24 58 05 4D DF 1C 32 50
[2026-04-17 09:25:18] [INFO] [发送] 09:25:18.775 设备ID=12057 module=PERIODIC id=ReadFoupStatus uuid=114 sendCount=1/1 timeout=1000ms crc=30 0C len=8
frame=01 04 00 00 00 09 30 0C
[2026-04-17 09:25:18] [INFO] [接收-帧] 09:25:18.877 设备ID=12057 module=PERIODIC id=ReadFoupStatus uuid=114 len=23
frame=01 04 12 E4 02 6C E7 03 28 C9 F6 AB F0 9A D9 76 D4 A5 23 AE F9 9D D5
[2026-04-17 09:25:19] [INFO] [发送] 09:25:19.870 设备ID=12057 module=PERIODIC id=ReadFoupStatus uuid=114 sendCount=1/1 timeout=1000ms crc=30 0C len=8
frame=01 04 00 00 00 09 30 0C
[2026-04-17 09:25:20] [INFO] [接收-帧] 09:25:20.032 设备ID=12057 module=PERIODIC id=ReadFoupStatus uuid=114 len=23
frame=01 04 12 22 D3 3A E0 ED 43 35 74 FC DD 63 E6 5B 53 2E 93 E9 76 A8 E8
[2026-04-17 09:25:21] [INFO] [发送] 09:25:21.032 设备ID=12057 module=PERIODIC id=ReadFoupStatus uuid=114 sendCount=1/1 timeout=1000ms crc=30 0C len=8
frame=01 04 00 00 00 09 30 0C
[2026-04-17 09:25:21] [INFO] [接收-帧] 09:25:21.062 设备ID=12057 module=PERIODIC id=ReadFoupStatus uuid=114 len=23
frame=01 04 12 D1 2D BC DB D9 AC 8A BD 7F 3F 7C 4A F7 EC 35 C0 98 DF 1C 98
[2026-04-17 09:25:22] [INFO] [发送] 09:25:22.056 设备ID=12057 module=PERIODIC id=ReadFoupStatus uuid=114 sendCount=1/1 timeout=1000ms crc=30 0C len=8
frame=01 04 00 00 00 09 30 0C
[2026-04-17 09:25:22] [INFO] [接收-帧] 09:25:22.158 设备ID=12057 module=PERIODIC id=ReadFoupStatus uuid=114 len=23
frame=01 04 12 8C 8D 0A ED C5 A8 77 E8 DD E6 63 05 18 19 4B FD 66 E8 B7 CE
[2026-04-17 09:25:23] [INFO] [发送] 09:25:23.150 设备ID=12057 module=PERIODIC id=ReadFoupStatus uuid=114 sendCount=1/1 timeout=1000ms crc=30 0C len=8
frame=01 04 00 00 00 09 30 0C
[2026-04-17 09:25:23] [INFO] [接收-帧] 09:25:23.248 设备ID=12057 module=PERIODIC id=ReadFoupStatus uuid=114 len=23
frame=01 04 12 09 70 24 07 0B FA 9A 26 85 0E 52 21 B2 14 B8 7B DF BD D8 DE
[2026-04-17 09:25:24] [INFO] [发送] 09:25:24.243 设备ID=12057 module=PERIODIC id=ReadFoupStatus uuid=114 sendCount=1/1 timeout=1000ms crc=30 0C len=8
frame=01 04 00 00 00 09 30 0C
[2026-04-17 09:25:24] [INFO] [接收-帧] 09:25:24.344 设备ID=12057 module=PERIODIC id=ReadFoupStatus uuid=114 len=23
frame=01 04 12 56 28 C7 A5 8E 77 36 CB C7 14 D5 B2 97 BB B5 0C 4C D6 4B 09
[2026-04-17 09:25:25] [INFO] [发送] 09:25:25.337 设备ID=12057 module=PERIODIC id=ReadFoupStatus uuid=114 sendCount=1/1 timeout=1000ms crc=30 0C len=8
frame=01 04 00 00 00 09 30 0C
[2026-04-17 09:25:25] [INFO] [接收-帧] 09:25:25.437 设备ID=12057 module=PERIODIC id=ReadFoupStatus uuid=114 len=23
frame=01 04 12 BA EE 43 5B F5 60 B4 79 7D C7 C8 66 32 A9 BD E8 55 92 EA E5
[2026-04-17 09:25:26] [INFO] [发送] 09:25:26.433 设备ID=12057 module=PERIODIC id=ReadFoupStatus uuid=114 sendCount=1/1 timeout=1000ms crc=30 0C len=8
frame=01 04 00 00 00 09 30 0C
[2026-04-17 09:25:26] [INFO] [接收-帧] 09:25:26.533 设备ID=12057 module=PERIODIC id=ReadFoupStatus uuid=114 len=23
frame=01 04 12 E5 94 89 3C 75 B1 A3 C5 D2 99 1C B7 D5 37 6B B6 2E EF 95 82
[2026-04-17 09:25:27] [INFO] [发送] 09:25:27.523 设备ID=12057 module=PERIODIC id=ReadFoupStatus uuid=114 sendCount=1/1 timeout=1000ms crc=30 0C len=8
frame=01 04 00 00 00 09 30 0C
[2026-04-17 09:25:27] [INFO] [接收-帧] 09:25:27.627 设备ID=12057 module=PERIODIC id=ReadFoupStatus uuid=114 len=23
frame=01 04 12 44 26 BE 5C CD 26 79 E8 C5 80 B4 3F 9D D5 F4 52 67 50 C7 25
[2026-04-17 09:25:28] [INFO] [发送] 09:25:28.627 设备ID=12057 module=PERIODIC id=ReadFoupStatus uuid=114 sendCount=1/1 timeout=1000ms crc=30 0C len=8
frame=01 04 00 00 00 09 30 0C
[2026-04-17 09:25:28] [INFO] [接收-帧] 09:25:28.720 设备ID=12057 module=PERIODIC id=ReadFoupStatus uuid=114 len=23
frame=01 04 12 D0 80 B3 76 E9 1C E2 EB E0 28 46 8A A8 97 8C 0D E9 6A 5E B0
[2026-04-17 09:25:29] [INFO] [发送] 09:25:29.713 设备ID=12057 module=PERIODIC id=ReadFoupStatus uuid=114 sendCount=1/1 timeout=1000ms crc=30 0C len=8
frame=01 04 00 00 00 09 30 0C
[2026-04-17 09:25:29] [INFO] [接收-帧] 09:25:29.811 设备ID=12057 module=PERIODIC id=ReadFoupStatus uuid=114 len=23
frame=01 04 12 66 87 9D 94 B4 90 CE 5E 3B 57 11 12 37 18 AC 9F 7C 32 31 B1
[2026-04-17 09:25:30] [INFO] [发送] 09:25:30.816 设备ID=12057 module=PERIODIC id=ReadFoupStatus uuid=114 sendCount=1/1 timeout=1000ms crc=30 0C len=8
frame=01 04 00 00 00 09 30 0C
[2026-04-17 09:25:30] [INFO] [接收-帧] 09:25:30.908 设备ID=12057 module=PERIODIC id=ReadFoupStatus uuid=114 len=23
frame=01 04 12 9F 4D 94 6B FC C3 77 86 4C AA 1C A8 D5 14 49 45 BD 22 FB D1
[2026-04-17 09:25:31] [INFO] [发送] 09:25:31.906 设备ID=12057 module=PERIODIC id=ReadFoupStatus uuid=114 sendCount=1/1 timeout=1000ms crc=30 0C len=8
frame=01 04 00 00 00 09 30 0C
[2026-04-17 09:25:31] [INFO] [接收-帧] 09:25:31.999 设备ID=12057 module=PERIODIC id=ReadFoupStatus uuid=114 len=23
frame=01 04 12 3F BB 8A 0D 13 74 8D 80 10 CE B6 F4 3A D4 D6 C9 06 63 0B 24
[2026-04-17 09:25:32] [INFO] [发送] 09:25:32.995 设备ID=12057 module=PERIODIC id=ReadFoupStatus uuid=114 sendCount=1/1 timeout=1000ms crc=30 0C len=8
frame=01 04 00 00 00 09 30 0C
[2026-04-17 09:25:33] [INFO] [接收-帧] 09:25:33.093 设备ID=12057 module=PERIODIC id=ReadFoupStatus uuid=114 len=23
frame=01 04 12 74 E8 D7 16 A0 C3 57 90 42 C1 16 7E C9 EC DC 00 E2 B8 25 86
[2026-04-17 09:25:34] [INFO] [发送] 09:25:34.086 设备ID=12057 module=PERIODIC id=ReadFoupStatus uuid=114 sendCount=1/1 timeout=1000ms crc=30 0C len=8
frame=01 04 00 00 00 09 30 0C
[2026-04-17 09:25:34] [INFO] [接收-帧] 09:25:34.185 设备ID=12057 module=PERIODIC id=ReadFoupStatus uuid=114 len=23
frame=01 04 12 E8 F2 5B 09 CC 6B 0A 04 E8 C0 C1 B6 27 4A 6A ED AD 97 1F 14
[2026-04-17 09:25:35] [INFO] [发送] 09:25:35.180 设备ID=12057 module=PERIODIC id=ReadFoupStatus uuid=114 sendCount=1/1 timeout=1000ms crc=30 0C len=8
frame=01 04 00 00 00 09 30 0C
[2026-04-17 09:25:35] [INFO] [接收-帧] 09:25:35.279 设备ID=12057 module=PERIODIC id=ReadFoupStatus uuid=114 len=23
frame=01 04 12 85 C7 E1 B6 E8 FF 35 19 59 A5 E8 37 ED 62 6F 40 CA 14 51 BB
[2026-04-17 09:25:36] [INFO] [发送] 09:25:36.273 设备ID=12057 module=PERIODIC id=ReadFoupStatus uuid=114 sendCount=1/1 timeout=1000ms crc=30 0C len=8
frame=01 04 00 00 00 09 30 0C
[2026-04-17 09:25:36] [INFO] [接收-帧] 09:25:36.374 设备ID=12057 module=PERIODIC id=ReadFoupStatus uuid=114 len=23
frame=01 04 12 E1 9B 64 65 D1 C7 FB 36 23 22 4D FA 0C C7 EF BF 0A 32 F0 1F
[2026-04-17 09:25:37] [INFO] [发送] 09:25:37.372 设备ID=12057 module=PERIODIC id=ReadFoupStatus uuid=114 sendCount=1/1 timeout=1000ms crc=30 0C len=8
frame=01 04 00 00 00 09 30 0C
[2026-04-17 09:25:37] [INFO] [接收-帧] 09:25:37.466 设备ID=12057 module=PERIODIC id=ReadFoupStatus uuid=114 len=23
frame=01 04 12 41 7B 3F 83 C0 92 0B 26 73 E0 CC 05 7E 8F 47 EA BB E0 EE 29
[2026-04-17 09:25:38] [INFO] [发送] 09:25:38.462 设备ID=12057 module=PERIODIC id=ReadFoupStatus uuid=114 sendCount=1/1 timeout=1000ms crc=30 0C len=8
frame=01 04 00 00 00 09 30 0C
[2026-04-17 09:25:38] [INFO] [接收-帧] 09:25:38.563 设备ID=12057 module=PERIODIC id=ReadFoupStatus uuid=114 len=23
frame=01 04 12 DB 82 4A F8 44 9A E0 29 5B 6A BE BA 13 19 86 BB C7 7A B8 20
[2026-04-17 09:25:39] [INFO] [发送] 09:25:39.558 设备ID=12057 module=PERIODIC id=ReadFoupStatus uuid=114 sendCount=1/1 timeout=1000ms crc=30 0C len=8
frame=01 04 00 00 00 09 30 0C
[2026-04-17 09:25:39] [INFO] [接收-帧] 09:25:39.652 设备ID=12057 module=PERIODIC id=ReadFoupStatus uuid=114 len=23
frame=01 04 12 D7 2A DF EF B7 B1 86 B6 B6 93 E7 75 E0 02 FC 55 07 48 76 BF
[2026-04-17 09:25:40] [INFO] [发送] 09:25:40.650 设备ID=12057 module=PERIODIC id=ReadFoupStatus uuid=114 sendCount=1/1 timeout=1000ms crc=30 0C len=8
frame=01 04 00 00 00 09 30 0C
[2026-04-17 09:25:40] [INFO] [接收-帧] 09:25:40.753 设备ID=12057 module=PERIODIC id=ReadFoupStatus uuid=114 len=23
frame=01 04 12 17 2A 80 87 00 3D 6E 79 33 A2 63 CE 09 4A A9 1F 01 9A A4 08
[2026-04-17 09:25:41] [INFO] [发送] 09:25:41.742 设备ID=12057 module=PERIODIC id=ReadFoupStatus uuid=114 sendCount=1/1 timeout=1000ms crc=30 0C len=8
frame=01 04 00 00 00 09 30 0C
[2026-04-17 09:25:41] [INFO] [接收-帧] 09:25:41.845 设备ID=12057 module=PERIODIC id=ReadFoupStatus uuid=114 len=23
frame=01 04 12 68 87 65 A7 EF A2 F2 BF C6 07 36 BD CE 7F 0C 44 E5 A8 91 E4
[2026-04-17 09:25:42] [INFO] [发送] 09:25:42.837 设备ID=12057 module=PERIODIC id=ReadFoupStatus uuid=114 sendCount=1/1 timeout=1000ms crc=30 0C len=8
frame=01 04 00 00 00 09 30 0C
[2026-04-17 09:25:42] [INFO] [接收-帧] 09:25:42.932 设备ID=12057 module=PERIODIC id=ReadFoupStatus uuid=114 len=23
frame=01 04 12 B5 23 1F 3C 0E A1 93 99 AE 3A 04 5B 24 91 64 15 E6 35 AC A3
[2026-04-17 09:25:43] [INFO] [发送] 09:25:43.932 设备ID=12057 module=PERIODIC id=ReadFoupStatus uuid=114 sendCount=1/1 timeout=1000ms crc=30 0C len=8
frame=01 04 00 00 00 09 30 0C
[2026-04-17 09:25:44] [INFO] [接收-帧] 09:25:44.034 设备ID=12057 module=PERIODIC id=ReadFoupStatus uuid=114 len=23
frame=01 04 12 86 A0 78 56 A4 90 9D 19 65 92 6D E1 5A 18 3E 1D C3 A5 83 BB
[2026-04-17 09:25:45] [INFO] [发送] 09:25:45.023 设备ID=12057 module=PERIODIC id=ReadFoupStatus uuid=114 sendCount=1/1 timeout=1000ms crc=30 0C len=8
frame=01 04 00 00 00 09 30 0C
[2026-04-17 09:25:45] [INFO] [接收-帧] 09:25:45.124 设备ID=12057 module=PERIODIC id=ReadFoupStatus uuid=114 len=23
frame=01 04 12 1B 20 BD BF AA 10 13 AD FE 85 45 7E 0A 87 42 11 00 BC 9F F2
[2026-04-17 09:25:46] [INFO] [发送] 09:25:46.119 设备ID=12057 module=PERIODIC id=ReadFoupStatus uuid=114 sendCount=1/1 timeout=1000ms crc=30 0C len=8
frame=01 04 00 00 00 09 30 0C
[2026-04-17 09:25:46] [INFO] [接收-帧] 09:25:46.223 设备ID=12057 module=PERIODIC id=ReadFoupStatus uuid=114 len=23
frame=01 04 12 01 65 4B 50 07 D9 F4 AD F1 BA 80 A1 CC A1 F4 84 73 02 79 B4
[2026-04-17 09:25:47] [INFO] [发送] 09:25:47.216 设备ID=12057 module=PERIODIC id=ReadFoupStatus uuid=114 sendCount=1/1 timeout=1000ms crc=30 0C len=8
frame=01 04 00 00 00 09 30 0C
[2026-04-17 09:25:47] [INFO] [接收-帧] 09:25:47.313 设备ID=12057 module=PERIODIC id=ReadFoupStatus uuid=114 len=23
frame=01 04 12 D2 A5 66 28 D8 BD 41 60 43 7D 82 39 A2 85 71 FE 56 27 7F 13
[2026-04-17 09:25:48] [INFO] [发送] 09:25:48.307 设备ID=12057 module=PERIODIC id=ReadFoupStatus uuid=114 sendCount=1/1 timeout=1000ms crc=30 0C len=8
frame=01 04 00 00 00 09 30 0C
[2026-04-17 09:25:48] [INFO] [接收-帧] 09:25:48.404 设备ID=12057 module=PERIODIC id=ReadFoupStatus uuid=114 len=23
frame=01 04 12 70 82 F9 94 D1 93 63 66 99 D9 32 19 8E A2 17 38 42 EE 02 3C
[2026-04-17 09:25:49] [INFO] [发送] 09:25:49.403 设备ID=12057 module=PERIODIC id=ReadFoupStatus uuid=114 sendCount=1/1 timeout=1000ms crc=30 0C len=8
frame=01 04 00 00 00 09 30 0C
[2026-04-17 09:25:49] [INFO] [接收-帧] 09:25:49.503 设备ID=12057 module=PERIODIC id=ReadFoupStatus uuid=114 len=23
frame=01 04 12 31 2F F2 3D 31 5E F2 EF 87 EB 6D 01 B9 81 D6 60 8D 56 16 CD
[2026-04-17 09:25:50] [INFO] [发送] 09:25:50.496 设备ID=12057 module=PERIODIC id=ReadFoupStatus uuid=114 sendCount=1/1 timeout=1000ms crc=30 0C len=8
frame=01 04 00 00 00 09 30 0C
[2026-04-17 09:25:50] [INFO] [接收-帧] 09:25:50.710 设备ID=12057 module=PERIODIC id=ReadFoupStatus uuid=114 len=23
frame=01 04 12 55 61 67 C5 63 1E A5 3E 63 DB 66 A0 7E CD 11 8C E3 30 CE 07
[2026-04-17 09:25:51] [INFO] [发送] 09:25:51.721 设备ID=12057 module=PERIODIC id=ReadFoupStatus uuid=114 sendCount=1/1 timeout=1000ms crc=30 0C len=8
frame=01 04 00 00 00 09 30 0C
[2026-04-17 09:25:51] [INFO] [接收-帧] 09:25:51.795 设备ID=12057 module=PERIODIC id=ReadFoupStatus uuid=114 len=23
frame=01 04 12 97 59 58 D0 8B 34 12 7E 73 B5 93 93 5B F2 D2 30 05 4C A5 89
[2026-04-17 09:25:52] [INFO] [发送] 09:25:52.793 设备ID=12057 module=PERIODIC id=ReadFoupStatus uuid=114 sendCount=1/1 timeout=1000ms crc=30 0C len=8
frame=01 04 00 00 00 09 30 0C
[2026-04-17 09:25:52] [INFO] [接收-帧] 09:25:52.888 设备ID=12057 module=PERIODIC id=ReadFoupStatus uuid=114 len=23
frame=01 04 12 2D 26 44 98 E2 D4 70 3B 4F 75 92 33 C7 F7 7D CB FF CB A8 99
[2026-04-17 09:25:53] [INFO] [发送] 09:25:53.883 设备ID=12057 module=PERIODIC id=ReadFoupStatus uuid=114 sendCount=1/1 timeout=1000ms crc=30 0C len=8
frame=01 04 00 00 00 09 30 0C
[2026-04-17 09:25:53] [INFO] [接收-帧] 09:25:53.981 设备ID=12057 module=PERIODIC id=ReadFoupStatus uuid=114 len=23
frame=01 04 12 0B 3A 00 62 A9 6C BE 67 69 A2 E2 18 45 D0 12 12 45 AC EE 7F
[2026-04-17 09:25:54] [INFO] [发送] 09:25:54.980 设备ID=12057 module=PERIODIC id=ReadFoupStatus uuid=114 sendCount=1/1 timeout=1000ms crc=30 0C len=8
frame=01 04 00 00 00 09 30 0C
[2026-04-17 09:25:55] [INFO] [接收-帧] 09:25:55.077 设备ID=12057 module=PERIODIC id=ReadFoupStatus uuid=114 len=23
frame=01 04 12 FD 3C 2F 8E 3D DE FB D2 FB E7 F9 E1 85 F1 0A F9 BB CC 13 50
[2026-04-17 09:25:56] [INFO] [发送] 09:25:56.071 设备ID=12057 module=PERIODIC id=ReadFoupStatus uuid=114 sendCount=1/1 timeout=1000ms crc=30 0C len=8
frame=01 04 00 00 00 09 30 0C
[2026-04-17 09:25:56] [INFO] [接收-帧] 09:25:56.175 设备ID=12057 module=PERIODIC id=ReadFoupStatus uuid=114 len=23
frame=01 04 12 9C DE 3F F8 69 F7 FE 05 D1 76 2C 9C AA 54 D4 DB C1 AA 54 1E
[2026-04-17 09:25:57] [INFO] [发送] 09:25:57.173 设备ID=12057 module=PERIODIC id=ReadFoupStatus uuid=114 sendCount=1/1 timeout=1000ms crc=30 0C len=8
frame=01 04 00 00 00 09 30 0C
[2026-04-17 09:25:57] [INFO] [接收-帧] 09:25:57.266 设备ID=12057 module=PERIODIC id=ReadFoupStatus uuid=114 len=23
frame=01 04 12 E5 DB FB C6 1C 17 6C 04 AF 7C AC 44 8B AA D7 AD BF 27 34 CA
[2026-04-17 09:25:58] [INFO] [发送] 09:25:58.264 设备ID=12057 module=PERIODIC id=ReadFoupStatus uuid=114 sendCount=1/1 timeout=1000ms crc=30 0C len=8
frame=01 04 00 00 00 09 30 0C
[2026-04-17 09:25:58] [INFO] [接收-帧] 09:25:58.360 设备ID=12057 module=PERIODIC id=ReadFoupStatus uuid=114 len=23
frame=01 04 12 B1 25 7B B8 94 13 DE 8E C2 DD 49 2B 32 E3 83 7D C4 31 2D E7
[2026-04-17 09:25:59] [INFO] [发送] 09:25:59.363 设备ID=12057 module=PERIODIC id=ReadFoupStatus uuid=114 sendCount=1/1 timeout=1000ms crc=30 0C len=8
frame=01 04 00 00 00 09 30 0C
[2026-04-17 09:25:59] [INFO] [接收-帧] 09:25:59.456 设备ID=12057 module=PERIODIC id=ReadFoupStatus uuid=114 len=23
frame=01 04 12 A9 62 44 5F 4D 4E A8 C6 32 8D 7C A6 CA 10 60 F6 96 36 AE 9F
[2026-04-17 09:26:00] [INFO] [发送] 09:26:00.448 设备ID=12057 module=PERIODIC id=ReadFoupStatus uuid=114 sendCount=1/1 timeout=1000ms crc=30 0C len=8
frame=01 04 00 00 00 09 30 0C
[2026-04-17 09:26:00] [INFO] [接收-帧] 09:26:00.551 设备ID=12057 module=PERIODIC id=ReadFoupStatus uuid=114 len=23
frame=01 04 12 43 81 3F 3F 73 45 9E 22 46 C6 6A 91 1E D0 35 D9 A2 CB 0D 29
[2026-04-17 09:26:01] [INFO] [发送] 09:26:01.550 设备ID=12057 module=PERIODIC id=ReadFoupStatus uuid=114 sendCount=1/1 timeout=1000ms crc=30 0C len=8
frame=01 04 00 00 00 09 30 0C
[2026-04-17 09:26:01] [INFO] [接收-帧] 09:26:01.659 设备ID=12057 module=PERIODIC id=ReadFoupStatus uuid=114 len=23
frame=01 04 12 07 2F A9 AB 5C 2D 1B D5 56 8A A5 D7 73 EF 1C 83 1D EE 12 B0
[2026-04-17 09:26:02] [INFO] [发送] 09:26:02.680 设备ID=12057 module=PERIODIC id=ReadFoupStatus uuid=114 sendCount=1/1 timeout=1000ms crc=30 0C len=8
frame=01 04 00 00 00 09 30 0C
[2026-04-17 09:26:02] [INFO] [接收-帧] 09:26:02.735 设备ID=12057 module=PERIODIC id=ReadFoupStatus uuid=114 len=23
frame=01 04 12 08 50 94 0F 17 98 3D 49 02 02 D6 9D 4C 3F 0E 9C F9 94 25 08
[2026-04-17 09:26:03] [INFO] [发送] 09:26:03.729 设备ID=12057 module=PERIODIC id=ReadFoupStatus uuid=114 sendCount=1/1 timeout=1000ms crc=30 0C len=8
frame=01 04 00 00 00 09 30 0C
[2026-04-17 09:26:03] [INFO] [接收-帧] 09:26:03.828 设备ID=12057 module=PERIODIC id=ReadFoupStatus uuid=114 len=23
frame=01 04 12 49 9A 98 E8 3A 93 68 C3 7A B7 D8 8A 03 EC 1E 3D 54 04 0B 69
[2026-04-17 09:26:04] [INFO] [发送] 09:26:04.831 设备ID=12057 module=PERIODIC id=ReadFoupStatus uuid=114 sendCount=1/1 timeout=1000ms crc=30 0C len=8
frame=01 04 00 00 00 09 30 0C
[2026-04-17 09:26:04] [INFO] [接收-帧] 09:26:04.922 设备ID=12057 module=PERIODIC id=ReadFoupStatus uuid=114 len=23
frame=01 04 12 33 5D FD 54 8F 58 69 FB 58 D6 BF 1D 98 AF AA 88 FB 4A 36 30
[2026-04-17 09:26:05] [INFO] [发送] 09:26:05.950 设备ID=12057 module=PERIODIC id=ReadFoupStatus uuid=114 sendCount=1/1 timeout=1000ms crc=30 0C len=8
frame=01 04 00 00 00 09 30 0C
[2026-04-17 09:26:06] [INFO] [接收-帧] 09:26:06.025 设备ID=12057 module=PERIODIC id=ReadFoupStatus uuid=114 len=23
frame=01 04 12 14 C0 41 18 D0 68 85 AF 73 F8 9B 0E C9 ED B7 3B C3 7D 84 D2
[2026-04-17 09:26:07] [INFO] [发送] 09:26:07.034 设备ID=12057 module=PERIODIC id=ReadFoupStatus uuid=114 sendCount=1/1 timeout=1000ms crc=30 0C len=8
frame=01 04 00 00 00 09 30 0C
[2026-04-17 09:26:07] [INFO] [接收-帧] 09:26:07.112 设备ID=12057 module=PERIODIC id=ReadFoupStatus uuid=114 len=23
frame=01 04 12 94 69 3C 53 22 68 50 EF EC DD 5A FF 4A 53 76 2B 27 B7 FC 44
[2026-04-17 09:26:08] [INFO] [发送] 09:26:08.102 设备ID=12057 module=PERIODIC id=ReadFoupStatus uuid=114 sendCount=1/1 timeout=1000ms crc=30 0C len=8
frame=01 04 00 00 00 09 30 0C
[2026-04-17 09:26:08] [INFO] [接收-帧] 09:26:08.228 设备ID=12057 module=PERIODIC id=ReadFoupStatus uuid=114 len=23
frame=01 04 12 B6 A7 44 86 88 86 EB 45 0A 3F A7 41 88 B0 F5 FF C2 DA 80 A0
[2026-04-17 09:26:09] [INFO] [发送] 09:26:09.249 设备ID=12057 module=PERIODIC id=ReadFoupStatus uuid=114 sendCount=1/1 timeout=1000ms crc=30 0C len=8
frame=01 04 00 00 00 09 30 0C
[2026-04-17 09:26:09] [INFO] [接收-帧] 09:26:09.354 设备ID=12057 module=PERIODIC id=ReadFoupStatus uuid=114 len=23
frame=01 04 12 8D 46 D5 E9 A0 D3 F4 6C 6A E8 6D 24 59 C9 1A 15 25 7A 03 B4
[2026-04-17 09:26:10] [INFO] [发送] 09:26:10.358 设备ID=12057 module=PERIODIC id=ReadFoupStatus uuid=114 sendCount=1/1 timeout=1000ms crc=30 0C len=8
frame=01 04 00 00 00 09 30 0C
[2026-04-17 09:26:10] [INFO] [接收-帧] 09:26:10.387 设备ID=12057 module=PERIODIC id=ReadFoupStatus uuid=114 len=23
frame=01 04 12 48 29 95 3B E0 D2 0F 68 FA CB C4 96 8D 53 61 D0 FA BC E8 08
[2026-04-17 09:26:11] [INFO] [发送] 09:26:11.388 设备ID=12057 module=PERIODIC id=ReadFoupStatus uuid=114 sendCount=1/1 timeout=1000ms crc=30 0C len=8
frame=01 04 00 00 00 09 30 0C
[2026-04-17 09:26:11] [INFO] [接收-帧] 09:26:11.484 设备ID=12057 module=PERIODIC id=ReadFoupStatus uuid=114 len=23
frame=01 04 12 EB 74 33 45 89 89 95 2A 40 E9 46 F9 B8 1C 30 41 84 D2 A1 5B
[2026-04-17 09:26:12] [INFO] [发送] 09:26:12.484 设备ID=12057 module=PERIODIC id=ReadFoupStatus uuid=114 sendCount=1/1 timeout=1000ms crc=30 0C len=8
frame=01 04 00 00 00 09 30 0C
[2026-04-17 09:26:12] [INFO] [接收-帧] 09:26:12.579 设备ID=12057 module=PERIODIC id=ReadFoupStatus uuid=114 len=23
frame=01 04 12 03 19 07 17 0C 82 09 A1 BA F5 E5 1F E9 F7 F7 D9 2B CB F4 A6
[2026-04-17 09:26:13] [INFO] [发送] 09:26:13.579 设备ID=12057 module=PERIODIC id=ReadFoupStatus uuid=114 sendCount=1/1 timeout=1000ms crc=30 0C len=8
frame=01 04 00 00 00 09 30 0C
[2026-04-17 09:26:13] [INFO] [接收-帧] 09:26:13.669 设备ID=12057 module=PERIODIC id=ReadFoupStatus uuid=114 len=23
frame=01 04 12 96 6A D5 A6 4D 31 1A AE 0D E9 76 B4 F8 D8 4A 6B 47 99 3D 37
[2026-04-17 09:26:14] [INFO] [发送] 09:26:14.675 设备ID=12057 module=PERIODIC id=ReadFoupStatus uuid=114 sendCount=1/1 timeout=1000ms crc=30 0C len=8
frame=01 04 00 00 00 09 30 0C
[2026-04-17 09:26:14] [INFO] [接收-帧] 09:26:14.791 设备ID=12057 module=PERIODIC id=ReadFoupStatus uuid=114 len=23
frame=01 04 12 21 F5 D9 90 CC F6 BD BC BE 5F 56 B6 98 6F 07 C4 B0 AB 37 68
[2026-04-17 09:26:15] [INFO] [发送] 09:26:15.794 设备ID=12057 module=PERIODIC id=ReadFoupStatus uuid=114 sendCount=1/1 timeout=1000ms crc=30 0C len=8
frame=01 04 00 00 00 09 30 0C
[2026-04-17 09:26:15] [INFO] [接收-帧] 09:26:15.856 设备ID=12057 module=PERIODIC id=ReadFoupStatus uuid=114 len=23
frame=01 04 12 34 32 31 B4 09 53 87 63 1E 0D 4E 32 61 8E 52 BF C5 95 6B 7F
[2026-04-17 09:26:16] [INFO] [发送] 09:26:16.860 设备ID=12057 module=PERIODIC id=ReadFoupStatus uuid=114 sendCount=1/1 timeout=1000ms crc=30 0C len=8
frame=01 04 00 00 00 09 30 0C
[2026-04-17 09:26:16] [INFO] [接收-帧] 09:26:16.956 设备ID=12057 module=PERIODIC id=ReadFoupStatus uuid=114 len=23
frame=01 04 12 12 E6 CC 9B 18 B3 C8 3E 3B 92 9E 90 36 EC D9 BB D8 7C 14 F1
[2026-04-17 09:26:18] [INFO] [发送] 09:26:18.170 设备ID=12057 module=PERIODIC id=ReadFoupStatus uuid=114 sendCount=1/1 timeout=1000ms crc=30 0C len=8
frame=01 04 00 00 00 09 30 0C
[2026-04-17 09:26:18] [INFO] [接收-帧] 09:26:18.264 设备ID=12057 module=PERIODIC id=ReadFoupStatus uuid=114 len=23
frame=01 04 12 B4 D6 8F 3F 78 90 D9 F8 24 BE 37 BE C6 4A BC 61 CD 35 C6 97
[2026-04-17 09:26:19] [INFO] [发送] 09:26:19.265 设备ID=12057 module=PERIODIC id=ReadFoupStatus uuid=114 sendCount=1/1 timeout=1000ms crc=30 0C len=8
frame=01 04 00 00 00 09 30 0C
[2026-04-17 09:26:19] [INFO] [接收-帧] 09:26:19.356 设备ID=12057 module=PERIODIC id=ReadFoupStatus uuid=114 len=23
frame=01 04 12 D3 5B AD ED C4 B1 9A 20 CB 15 F8 9F CE 85 56 BD 9E 55 4F 47
[2026-04-17 09:26:20] [INFO] [发送] 09:26:20.352 设备ID=12057 module=PERIODIC id=ReadFoupStatus uuid=114 sendCount=1/1 timeout=1000ms crc=30 0C len=8
frame=01 04 00 00 00 09 30 0C
[2026-04-17 09:26:20] [INFO] [接收-帧] 09:26:20.453 设备ID=12057 module=PERIODIC id=ReadFoupStatus uuid=114 len=23
frame=01 04 12 96 71 4A 5F A1 5A 2A 89 C1 0B CE FD 88 E5 EF D7 16 40 6E 8F
[2026-04-17 09:26:21] [INFO] [发送] 09:26:21.458 设备ID=12057 module=PERIODIC id=ReadFoupStatus uuid=114 sendCount=1/1 timeout=1000ms crc=30 0C len=8
frame=01 04 00 00 00 09 30 0C
[2026-04-17 09:26:21] [INFO] [接收-帧] 09:26:21.549 设备ID=12057 module=PERIODIC id=ReadFoupStatus uuid=114 len=23
frame=01 04 12 D8 43 29 02 FA 8F E1 33 5B 12 9C 8C 12 92 FE D9 15 E0 48 19
[2026-04-17 09:26:22] [INFO] [发送] 09:26:22.936 设备ID=12057 module=PERIODIC id=ReadFoupStatus uuid=114 sendCount=1/1 timeout=1000ms crc=30 0C len=8
frame=01 04 00 00 00 09 30 0C
[2026-04-17 09:26:22] [INFO] [接收-帧] 09:26:22.968 设备ID=12057 module=PERIODIC id=ReadFoupStatus uuid=114 len=23
frame=01 04 12 3F B1 CE C5 EA 89 03 15 A6 A4 BF EB 6B F4 84 FA 9B 0B 61 4F
[2026-04-17 09:26:23] [INFO] [发送] 09:26:23.964 设备ID=12057 module=PERIODIC id=ReadFoupStatus uuid=114 sendCount=1/1 timeout=1000ms crc=30 0C len=8
frame=01 04 00 00 00 09 30 0C
[2026-04-17 09:26:24] [INFO] [接收-帧] 09:26:24.066 设备ID=12057 module=PERIODIC id=ReadFoupStatus uuid=114 len=23
frame=01 04 12 2F 44 06 DF B5 7D 66 2C 32 84 FA EC BF EB 62 42 FB DB C6 CE
[2026-04-17 09:26:25] [INFO] [发送] 09:26:25.605 设备ID=12057 module=PERIODIC id=ReadFoupStatus uuid=114 sendCount=1/1 timeout=1000ms crc=30 0C len=8
frame=01 04 00 00 00 09 30 0C
[2026-04-17 09:26:25] [INFO] [接收-帧] 09:26:25.771 设备ID=12057 module=PERIODIC id=ReadFoupStatus uuid=114 len=23
frame=01 04 12 33 53 7D 6D 3E CE 16 46 4F D1 E5 7C 5B 45 91 14 BC 8A 1E 76
[2026-04-17 09:26:27] [INFO] [发送] 09:26:27.144 设备ID=12057 module=PERIODIC id=ReadFoupStatus uuid=114 sendCount=1/1 timeout=1000ms crc=30 0C len=8
frame=01 04 00 00 00 09 30 0C
[2026-04-17 09:26:27] [INFO] [接收-帧] 09:26:27.241 设备ID=12057 module=PERIODIC id=ReadFoupStatus uuid=114 len=23
frame=01 04 12 7E B4 E4 3F 97 32 DF 3F 80 A2 01 B6 0F 4B 55 EC CC 9D E5 CA
[2026-04-17 09:26:28] [INFO] [发送] 09:26:28.237 设备ID=12057 module=PERIODIC id=ReadFoupStatus uuid=114 sendCount=1/1 timeout=1000ms crc=30 0C len=8
frame=01 04 00 00 00 09 30 0C
[2026-04-17 09:26:28] [INFO] [接收-帧] 09:26:28.362 设备ID=12057 module=PERIODIC id=ReadFoupStatus uuid=114 len=23
frame=01 04 12 6E 1A 6F BB B3 9D 10 10 3D 0A 69 F6 EA 5C C8 87 43 D3 F4 93
[2026-04-17 09:26:29] [INFO] [发送] 09:26:29.397 设备ID=12057 module=PERIODIC id=ReadFoupStatus uuid=114 sendCount=1/1 timeout=1000ms crc=30 0C len=8
frame=01 04 00 00 00 09 30 0C
[2026-04-17 09:26:29] [INFO] [接收-帧] 09:26:29.421 设备ID=12057 module=PERIODIC id=ReadFoupStatus uuid=114 len=23
frame=01 04 12 50 62 79 51 B0 A5 69 3B 25 08 3B 97 95 9D B7 4F FC 81 63 B6
[2026-04-17 09:26:30] [INFO] [发送] 09:26:30.424 设备ID=12057 module=PERIODIC id=ReadFoupStatus uuid=114 sendCount=1/1 timeout=1000ms crc=30 0C len=8
frame=01 04 00 00 00 09 30 0C
[2026-04-17 09:26:30] [INFO] [接收-帧] 09:26:30.516 设备ID=12057 module=PERIODIC id=ReadFoupStatus uuid=114 len=23
frame=01 04 12 15 86 47 48 1E 94 6F 0A B1 F2 41 92 C0 F9 D4 65 E3 FD 9F CE
[2026-04-17 09:26:31] [INFO] [发送] 09:26:31.740 设备ID=12057 module=PERIODIC id=ReadFoupStatus uuid=114 sendCount=1/1 timeout=1000ms crc=30 0C len=8
frame=01 04 00 00 00 09 30 0C
[2026-04-17 09:26:31] [INFO] [接收-帧] 09:26:31.829 设备ID=12057 module=PERIODIC id=ReadFoupStatus uuid=114 len=23
frame=01 04 12 DE 11 85 FA F5 DB 8B 4C E9 12 EB 85 58 68 0E FE 1F 56 D8 34
[2026-04-17 09:26:32] [INFO] [发送] 09:26:32.827 设备ID=12057 module=PERIODIC id=ReadFoupStatus uuid=114 sendCount=1/1 timeout=1000ms crc=30 0C len=8
frame=01 04 00 00 00 09 30 0C
[2026-04-17 09:26:32] [INFO] [接收-帧] 09:26:32.925 设备ID=12057 module=PERIODIC id=ReadFoupStatus uuid=114 len=23
frame=01 04 12 85 7D B3 73 2A 58 CD AB C1 44 33 93 C9 B8 08 A1 05 FB E3 5F
[2026-04-17 09:26:33] [INFO] [发送] 09:26:33.925 设备ID=12057 module=PERIODIC id=ReadFoupStatus uuid=114 sendCount=1/1 timeout=1000ms crc=30 0C len=8
frame=01 04 00 00 00 09 30 0C
[2026-04-17 09:26:34] [INFO] [接收-帧] 09:26:34.019 设备ID=12057 module=PERIODIC id=ReadFoupStatus uuid=114 len=23
frame=01 04 12 BD FE 9F 50 8F D9 79 79 15 81 CF 53 34 37 75 00 A8 F7 58 9C
[2026-04-17 09:26:35] [INFO] [发送] 09:26:35.079 设备ID=12057 module=PERIODIC id=ReadFoupStatus uuid=114 sendCount=1/1 timeout=1000ms crc=30 0C len=8
frame=01 04 00 00 00 09 30 0C
[2026-04-17 09:26:35] [INFO] [接收-帧] 09:26:35.111 设备ID=12057 module=PERIODIC id=ReadFoupStatus uuid=114 len=23
frame=01 04 12 B8 97 B4 2E 41 6A 49 74 3D CE 97 F3 E8 28 C2 2B AB 6B 9C 5A
[2026-04-17 09:26:36] [INFO] [发送] 09:26:36.113 设备ID=12057 module=PERIODIC id=ReadFoupStatus uuid=114 sendCount=1/1 timeout=1000ms crc=30 0C len=8
frame=01 04 00 00 00 09 30 0C
[2026-04-17 09:26:36] [INFO] [接收-帧] 09:26:36.206 设备ID=12057 module=PERIODIC id=ReadFoupStatus uuid=114 len=23
frame=01 04 12 92 5C 73 8C F2 0C D4 43 23 42 9B 2E 32 5E 3F C8 1E FC 26 07
[2026-04-17 09:26:37] [INFO] [发送] 09:26:37.206 设备ID=12057 module=PERIODIC id=ReadFoupStatus uuid=114 sendCount=1/1 timeout=1000ms crc=30 0C len=8
frame=01 04 00 00 00 09 30 0C
[2026-04-17 09:26:37] [INFO] [接收-帧] 09:26:37.307 设备ID=12057 module=PERIODIC id=ReadFoupStatus uuid=114 len=23
frame=01 04 12 03 D3 8C 52 F5 93 3B 14 39 A4 17 96 4C D8 8C 82 74 A0 56 C7
[2026-04-17 09:26:38] [INFO] [发送] 09:26:38.311 设备ID=12057 module=PERIODIC id=ReadFoupStatus uuid=114 sendCount=1/1 timeout=1000ms crc=30 0C len=8
frame=01 04 00 00 00 09 30 0C
[2026-04-17 09:26:38] [INFO] [接收-帧] 09:26:38.393 设备ID=12057 module=PERIODIC id=ReadFoupStatus uuid=114 len=23
frame=01 04 12 83 67 57 A4 C1 C0 24 BF 2E AB B7 53 EF 37 6E 8A 8B C6 F3 A1
[2026-04-17 09:26:39] [INFO] [发送] 09:26:39.395 设备ID=12057 module=PERIODIC id=ReadFoupStatus uuid=114 sendCount=1/1 timeout=1000ms crc=30 0C len=8
frame=01 04 00 00 00 09 30 0C
[2026-04-17 09:26:39] [INFO] [接收-帧] 09:26:39.489 设备ID=12057 module=PERIODIC id=ReadFoupStatus uuid=114 len=23
frame=01 04 12 5B EA 98 ED 4B 5B 9F F7 10 BC AD 60 1D 45 96 3C A3 6C C3 6D
[2026-04-17 09:26:40] [INFO] [发送] 09:26:40.511 设备ID=12057 module=PERIODIC id=ReadFoupStatus uuid=114 sendCount=1/1 timeout=1000ms crc=30 0C len=8
frame=01 04 00 00 00 09 30 0C
[2026-04-17 09:26:40] [INFO] [接收-帧] 09:26:40.580 设备ID=12057 module=PERIODIC id=ReadFoupStatus uuid=114 len=23
frame=01 04 12 A9 E9 3C 9C 3F 20 42 56 CE 21 B3 21 94 86 FE 1A 37 B7 5A E3
[2026-04-17 09:26:41] [INFO] [发送] 09:26:41.614 设备ID=12057 module=PERIODIC id=ReadFoupStatus uuid=114 sendCount=1/1 timeout=1000ms crc=30 0C len=8
frame=01 04 00 00 00 09 30 0C
[2026-04-17 09:26:41] [INFO] [接收-帧] 09:26:41.711 设备ID=12057 module=PERIODIC id=ReadFoupStatus uuid=114 len=23
frame=01 04 12 63 B7 22 53 B7 C6 B2 8C 62 24 73 5D 99 BD 18 E2 A0 16 9B 2D
[2026-04-17 09:26:42] [INFO] [发送] 09:26:42.718 设备ID=12057 module=PERIODIC id=ReadFoupStatus uuid=114 sendCount=1/1 timeout=1000ms crc=30 0C len=8
frame=01 04 00 00 00 09 30 0C
[2026-04-17 09:26:42] [INFO] [接收-帧] 09:26:42.859 设备ID=12057 module=PERIODIC id=ReadFoupStatus uuid=114 len=23
frame=01 04 12 C7 20 0C 60 B3 B7 2F 7A 2C EA A5 21 68 E5 5F 4A 8E 8F 70 A0
[2026-04-17 09:26:43] [INFO] [发送] 09:26:43.855 设备ID=12057 module=PERIODIC id=ReadFoupStatus uuid=114 sendCount=1/1 timeout=1000ms crc=30 0C len=8
frame=01 04 00 00 00 09 30 0C
[2026-04-17 09:26:43] [INFO] [接收-帧] 09:26:43.862 设备ID=12057 module=PERIODIC id=ReadFoupStatus uuid=114 len=23
frame=01 04 12 21 18 E3 0E 1D 14 F8 CE 3C FB 36 A0 8E C2 75 AA 14 EB D1 D9
[2026-04-17 09:26:44] [INFO] [发送] 09:26:44.861 设备ID=12057 module=PERIODIC id=ReadFoupStatus uuid=114 sendCount=1/1 timeout=1000ms crc=30 0C len=8
frame=01 04 00 00 00 09 30 0C
[2026-04-17 09:26:44] [INFO] [接收-帧] 09:26:44.955 设备ID=12057 module=PERIODIC id=ReadFoupStatus uuid=114 len=23
frame=01 04 12 0D 33 9C 39 AB 37 EF 21 95 9C 23 C6 FC 25 C4 65 10 D1 CA 36
[2026-04-17 09:26:45] [INFO] [发送] 09:26:45.957 设备ID=12057 module=PERIODIC id=ReadFoupStatus uuid=114 sendCount=1/1 timeout=1000ms crc=30 0C len=8
frame=01 04 00 00 00 09 30 0C
[2026-04-17 09:26:46] [INFO] [接收-帧] 09:26:46.052 设备ID=12057 module=PERIODIC id=ReadFoupStatus uuid=114 len=23
frame=01 04 12 02 F7 1D 41 4B 57 57 4A 36 22 01 A9 97 83 72 94 1E CD CA B7
[2026-04-17 09:26:47] [INFO] [发送] 09:26:47.048 设备ID=12057 module=PERIODIC id=ReadFoupStatus uuid=114 sendCount=1/1 timeout=1000ms crc=30 0C len=8
frame=01 04 00 00 00 09 30 0C
[2026-04-17 09:26:47] [INFO] [接收-帧] 09:26:47.141 设备ID=12057 module=PERIODIC id=ReadFoupStatus uuid=114 len=23
frame=01 04 12 69 E3 28 5D 55 8E F4 9B 5A 9E DF 0F 20 A3 B0 CD 4C FC 57 BA
[2026-04-17 09:26:48] [INFO] [发送] 09:26:48.175 设备ID=12057 module=PERIODIC id=ReadFoupStatus uuid=114 sendCount=1/1 timeout=1000ms crc=30 0C len=8
frame=01 04 00 00 00 09 30 0C
[2026-04-17 09:26:48] [INFO] [接收-帧] 09:26:48.237 设备ID=12057 module=PERIODIC id=ReadFoupStatus uuid=114 len=23
frame=01 04 12 60 FE FA E1 C3 79 A7 74 55 19 03 15 B1 6C 24 59 B0 71 66 EB
[2026-04-17 09:26:49] [INFO] [发送] 09:26:49.228 设备ID=12057 module=PERIODIC id=ReadFoupStatus uuid=114 sendCount=1/1 timeout=1000ms crc=30 0C len=8
frame=01 04 00 00 00 09 30 0C
[2026-04-17 09:26:49] [INFO] [接收-帧] 09:26:49.333 设备ID=12057 module=PERIODIC id=ReadFoupStatus uuid=114 len=23
frame=01 04 12 F4 3E 42 B3 96 2C 3A 16 C6 C2 0B 81 5C C1 37 E0 DA 15 34 08
[2026-04-17 09:26:50] [INFO] [发送] 09:26:50.325 设备ID=12057 module=PERIODIC id=ReadFoupStatus uuid=114 sendCount=1/1 timeout=1000ms crc=30 0C len=8
frame=01 04 00 00 00 09 30 0C
[2026-04-17 09:26:50] [INFO] [接收-帧] 09:26:50.450 设备ID=12057 module=PERIODIC id=ReadFoupStatus uuid=114 len=23
frame=01 04 12 24 51 33 62 BF 97 D9 DA F0 93 0D 42 80 63 BE 2F 46 B6 96 04
[2026-04-17 09:26:51] [INFO] [发送] 09:26:51.451 设备ID=12057 module=PERIODIC id=ReadFoupStatus uuid=114 sendCount=1/1 timeout=1000ms crc=30 0C len=8
frame=01 04 00 00 00 09 30 0C
[2026-04-17 09:26:51] [INFO] [接收-帧] 09:26:51.516 设备ID=12057 module=PERIODIC id=ReadFoupStatus uuid=114 len=23
frame=01 04 12 3C 3C 83 31 57 B2 05 F6 58 B3 C3 2A 30 B7 D0 1C C3 F6 C8 02
[2026-04-17 09:26:52] [INFO] [发送] 09:26:52.528 设备ID=12057 module=PERIODIC id=ReadFoupStatus uuid=114 sendCount=1/1 timeout=1000ms crc=30 0C len=8
frame=01 04 00 00 00 09 30 0C
[2026-04-17 09:26:52] [INFO] [接收-帧] 09:26:52.611 设备ID=12057 module=PERIODIC id=ReadFoupStatus uuid=114 len=23
frame=01 04 12 D6 E0 14 2B CC 71 18 99 D2 B4 61 A9 87 FF CF 22 C1 57 E9 F9
[2026-04-17 09:26:53] [INFO] [发送] 09:26:53.613 设备ID=12057 module=PERIODIC id=ReadFoupStatus uuid=114 sendCount=1/1 timeout=1000ms crc=30 0C len=8
frame=01 04 00 00 00 09 30 0C
[2026-04-17 09:26:53] [INFO] [接收-帧] 09:26:53.701 设备ID=12057 module=PERIODIC id=ReadFoupStatus uuid=114 len=23
frame=01 04 12 D5 6D 0C A1 CC 7A ED E5 5B 7A A6 3C C1 39 BC 3A AC 67 5F 11
[2026-04-17 09:26:54] [INFO] [发送] 09:26:54.760 设备ID=12057 module=PERIODIC id=ReadFoupStatus uuid=114 sendCount=1/1 timeout=1000ms crc=30 0C len=8
frame=01 04 00 00 00 09 30 0C
[2026-04-17 09:26:54] [INFO] [接收-帧] 09:26:54.794 设备ID=12057 module=PERIODIC id=ReadFoupStatus uuid=114 len=23
frame=01 04 12 8C 38 DC 98 72 95 0F 61 D7 36 FA 37 43 CA 58 B5 8D 3B 1C B3
[2026-04-17 09:26:55] [INFO] [发送] 09:26:55.795 设备ID=12057 module=PERIODIC id=ReadFoupStatus uuid=114 sendCount=1/1 timeout=1000ms crc=30 0C len=8
frame=01 04 00 00 00 09 30 0C
[2026-04-17 09:26:55] [INFO] [接收-帧] 09:26:55.908 设备ID=12057 module=PERIODIC id=ReadFoupStatus uuid=114 len=23
frame=01 04 12 BF EF B7 A6 68 F0 E9 04 B2 57 78 9E 2C A3 FC C8 B6 0B DD AE
[2026-04-17 09:26:56] [INFO] [发送] 09:26:56.901 设备ID=12057 module=PERIODIC id=ReadFoupStatus uuid=114 sendCount=1/1 timeout=1000ms crc=30 0C len=8
frame=01 04 00 00 00 09 30 0C
[2026-04-17 09:26:56] [INFO] [接收-帧] 09:26:56.987 设备ID=12057 module=PERIODIC id=ReadFoupStatus uuid=114 len=23
frame=01 04 12 17 11 E3 4F FD EC 8B BD 76 85 93 36 D5 17 8E 25 BD 0F 7E 6F
[2026-04-17 09:26:57] [INFO] [发送] 09:26:57.985 设备ID=12057 module=PERIODIC id=ReadFoupStatus uuid=114 sendCount=1/1 timeout=1000ms crc=30 0C len=8
frame=01 04 00 00 00 09 30 0C
[2026-04-17 09:26:58] [INFO] [接收-帧] 09:26:58.077 设备ID=12057 module=PERIODIC id=ReadFoupStatus uuid=114 len=23
frame=01 04 12 AD B9 93 52 77 7B E7 BE 1C 5A 45 D0 EA B6 C6 8C 8D EC 7D 1B
[2026-04-17 09:26:59] [INFO] [发送] 09:26:59.083 设备ID=12057 module=PERIODIC id=ReadFoupStatus uuid=114 sendCount=1/1 timeout=1000ms crc=30 0C len=8
frame=01 04 00 00 00 09 30 0C
[2026-04-17 09:26:59] [INFO] [接收-帧] 09:26:59.175 设备ID=12057 module=PERIODIC id=ReadFoupStatus uuid=114 len=23
frame=01 04 12 0E E6 3C 7F 29 AB 0B F9 CE CC FF B0 53 E6 43 51 32 99 D0 D6
[2026-04-17 09:27:00] [INFO] [发送] 09:27:00.166 设备ID=12057 module=PERIODIC id=ReadFoupStatus uuid=114 sendCount=1/1 timeout=1000ms crc=30 0C len=8
frame=01 04 00 00 00 09 30 0C
[2026-04-17 09:27:00] [INFO] [接收-帧] 09:27:00.263 设备ID=12057 module=PERIODIC id=ReadFoupStatus uuid=114 len=23
frame=01 04 12 DF E9 B9 CC 81 BF CA 5E FD B8 6A 32 43 EA AE 7E BE 68 DD F7
[2026-04-17 09:27:01] [INFO] [发送] 09:27:01.263 设备ID=12057 module=PERIODIC id=ReadFoupStatus uuid=114 sendCount=1/1 timeout=1000ms crc=30 0C len=8
frame=01 04 00 00 00 09 30 0C
[2026-04-17 09:27:01] [INFO] [接收-帧] 09:27:01.359 设备ID=12057 module=PERIODIC id=ReadFoupStatus uuid=114 len=23
frame=01 04 12 4D 20 87 E2 07 B9 46 6C 5F BE D0 FD DF 94 3E B4 36 76 67 79
[2026-04-17 09:27:37] [INFO] [发送] 09:27:37.593 设备ID=12057 module=INITIAL id=ReadVersion uuid=113 sendCount=1/4 timeout=1000ms crc=B1 CD len=8
frame=01 04 00 18 00 01 B1 CD
[2026-04-17 09:27:37] [INFO] [接收-帧] 09:27:37.749 设备ID=12057 module=INITIAL id=ReadVersion uuid=113 len=7
frame=01 04 02 00 00 B9 30
[2026-04-17 09:27:37] [INFO] [发送] 09:27:37.751 设备ID=12057 module=PERIODIC id=ReadFoupStatus uuid=114 sendCount=1/1 timeout=1000ms crc=30 0C len=8
frame=01 04 00 00 00 09 30 0C
[2026-04-17 09:27:37] [INFO] [接收-帧] 09:27:37.814 设备ID=12057 module=PERIODIC id=ReadFoupStatus uuid=114 len=23
frame=01 04 12 C7 95 46 F5 1A B9 A9 1B AA B1 86 64 C1 06 52 4E 80 6A DE E6
[2026-04-17 09:27:38] [INFO] [发送] 09:27:38.813 设备ID=12057 module=PERIODIC id=ReadFoupStatus uuid=114 sendCount=1/1 timeout=1000ms crc=30 0C len=8
frame=01 04 00 00 00 09 30 0C
[2026-04-17 09:27:38] [INFO] [接收-帧] 09:27:38.905 设备ID=12057 module=PERIODIC id=ReadFoupStatus uuid=114 len=23
frame=01 04 12 FE 08 16 E2 28 4C 03 83 FC C0 46 19 DA DF 92 01 A0 0A 82 1A
[2026-04-17 09:27:39] [INFO] [发送] 09:27:39.912 设备ID=12057 module=PERIODIC id=ReadFoupStatus uuid=114 sendCount=1/1 timeout=1000ms crc=30 0C len=8
frame=01 04 00 00 00 09 30 0C
[2026-04-17 09:27:40] [INFO] [接收-帧] 09:27:40.002 设备ID=12057 module=PERIODIC id=ReadFoupStatus uuid=114 len=23
frame=01 04 12 2E 92 75 D9 C9 C4 15 C3 8C DE EE 25 40 A7 35 09 50 12 51 E2
[2026-04-17 09:27:40] [INFO] [发送] 09:27:40.995 设备ID=12057 module=PERIODIC id=ReadFoupStatus uuid=114 sendCount=1/1 timeout=1000ms crc=30 0C len=8
frame=01 04 00 00 00 09 30 0C
[2026-04-17 09:27:41] [INFO] [接收-帧] 09:27:41.094 设备ID=12057 module=PERIODIC id=ReadFoupStatus uuid=114 len=23
frame=01 04 12 E3 69 C4 F5 0C 55 99 00 70 90 3C 4C 9B B5 0B C9 47 25 97 B3
[2026-04-17 09:27:42] [INFO] [发送] 09:27:42.100 设备ID=12057 module=PERIODIC id=ReadFoupStatus uuid=114 sendCount=1/1 timeout=1000ms crc=30 0C len=8
frame=01 04 00 00 00 09 30 0C
[2026-04-17 09:27:42] [INFO] [接收-帧] 09:27:42.191 设备ID=12057 module=PERIODIC id=ReadFoupStatus uuid=114 len=23
frame=01 04 12 A4 90 52 0E 58 3A 83 48 EB 3E 4D C6 FD D6 A4 54 46 BD C0 52
[2026-04-17 09:27:43] [INFO] [发送] 09:27:43.188 设备ID=12057 module=PERIODIC id=ReadFoupStatus uuid=114 sendCount=1/1 timeout=1000ms crc=30 0C len=8
frame=01 04 00 00 00 09 30 0C
[2026-04-17 09:27:43] [INFO] [接收-帧] 09:27:43.287 设备ID=12057 module=PERIODIC id=ReadFoupStatus uuid=114 len=23
frame=01 04 12 97 F8 FF C1 53 95 27 AF 5B 4B F3 68 25 8A D7 14 8B 29 16 AD
[2026-04-17 09:27:44] [INFO] [发送] 09:27:44.274 设备ID=12057 module=PERIODIC id=ReadFoupStatus uuid=114 sendCount=1/1 timeout=1000ms crc=30 0C len=8
frame=01 04 00 00 00 09 30 0C
[2026-04-17 09:27:44] [INFO] [接收-帧] 09:27:44.380 设备ID=12057 module=PERIODIC id=ReadFoupStatus uuid=114 len=23
frame=01 04 12 16 38 AA 5E 61 A9 E1 3E 57 40 E5 2F 7F F0 B4 E9 77 5F 10 B4
[2026-04-17 09:27:45] [INFO] [发送] 09:27:45.372 设备ID=12057 module=PERIODIC id=ReadFoupStatus uuid=114 sendCount=1/1 timeout=1000ms crc=30 0C len=8
frame=01 04 00 00 00 09 30 0C
[2026-04-17 09:27:45] [INFO] [接收-帧] 09:27:45.473 设备ID=12057 module=PERIODIC id=ReadFoupStatus uuid=114 len=23
frame=01 04 12 60 C6 AF A9 93 DB 17 FF 03 96 83 A3 9C C3 08 94 3C 71 68 1D
[2026-04-17 09:27:46] [INFO] [发送] 09:27:46.468 设备ID=12057 module=PERIODIC id=ReadFoupStatus uuid=114 sendCount=1/1 timeout=1000ms crc=30 0C len=8
frame=01 04 00 00 00 09 30 0C
[2026-04-17 09:27:46] [INFO] [接收-帧] 09:27:46.575 设备ID=12057 module=PERIODIC id=ReadFoupStatus uuid=114 len=23
frame=01 04 12 52 2B 41 49 27 F7 B2 EA 01 C1 AE 9F 79 ED 6E 52 A3 85 0A 38
[2026-04-17 09:27:47] [INFO] [发送] 09:27:47.577 设备ID=12057 module=PERIODIC id=ReadFoupStatus uuid=114 sendCount=1/1 timeout=1000ms crc=30 0C len=8
frame=01 04 00 00 00 09 30 0C
[2026-04-17 09:27:47] [INFO] [接收-帧] 09:27:47.677 设备ID=12057 module=PERIODIC id=ReadFoupStatus uuid=114 len=23
frame=01 04 12 ED 14 89 A7 BE C0 D5 A9 DD 67 24 FF A3 B4 A5 03 6D 25 30 FC
[2026-04-17 09:27:48] [INFO] [发送] 09:27:48.671 设备ID=12057 module=PERIODIC id=ReadFoupStatus uuid=114 sendCount=1/1 timeout=1000ms crc=30 0C len=8
frame=01 04 00 00 00 09 30 0C
[2026-04-17 09:27:48] [INFO] [接收-帧] 09:27:48.753 设备ID=12057 module=PERIODIC id=ReadFoupStatus uuid=114 len=23
frame=01 04 12 7F 0A F1 A6 9D AD D6 2D 66 A1 F6 33 FF A4 9D 0F EB 68 11 A2
[2026-04-17 09:27:49] [INFO] [发送] 09:27:49.745 设备ID=12057 module=PERIODIC id=ReadFoupStatus uuid=114 sendCount=1/1 timeout=1000ms crc=30 0C len=8
frame=01 04 00 00 00 09 30 0C
[2026-04-17 09:27:49] [INFO] [接收-帧] 09:27:49.842 设备ID=12057 module=PERIODIC id=ReadFoupStatus uuid=114 len=23
frame=01 04 12 16 63 A4 E7 D5 DB 0B 1E 4F 27 9E 7F 7C 5C 5B 2B B2 70 94 31
[2026-04-17 09:27:50] [INFO] [发送] 09:27:50.839 设备ID=12057 module=PERIODIC id=ReadFoupStatus uuid=114 sendCount=1/1 timeout=1000ms crc=30 0C len=8
frame=01 04 00 00 00 09 30 0C
[2026-04-17 09:27:50] [INFO] [接收-帧] 09:27:50.940 设备ID=12057 module=PERIODIC id=ReadFoupStatus uuid=114 len=23
frame=01 04 12 E4 F9 33 4D 4D F3 94 B8 74 3A A9 B8 10 22 4A F6 55 18 94 71
[2026-04-17 09:31:34] [INFO] [发送] 09:31:34.174 设备ID=12057 module=INITIAL id=ReadVersion uuid=113 sendCount=1/4 timeout=1000ms crc=B1 CD len=8
frame=01 04 00 18 00 01 B1 CD
[2026-04-17 09:31:34] [INFO] [接收-帧] 09:31:34.335 设备ID=12057 module=INITIAL id=ReadVersion uuid=113 len=7
frame=01 04 02 00 00 B9 30
[2026-04-17 09:31:34] [INFO] [发送] 09:31:34.335 设备ID=12057 module=PERIODIC id=ReadFoupStatus uuid=114 sendCount=1/1 timeout=1000ms crc=30 0C len=8
frame=01 04 00 00 00 09 30 0C
[2026-04-17 09:31:34] [INFO] [接收-帧] 09:31:34.393 设备ID=12057 module=PERIODIC id=ReadFoupStatus uuid=114 len=23
frame=01 04 12 98 90 75 E1 DB 32 11 A0 6A 90 18 AF D7 B7 D3 11 FC C9 3F 2D
[2026-04-17 09:31:35] [INFO] [发送] 09:31:35.386 设备ID=12057 module=PERIODIC id=ReadFoupStatus uuid=114 sendCount=1/1 timeout=1000ms crc=30 0C len=8
frame=01 04 00 00 00 09 30 0C
[2026-04-17 09:31:35] [INFO] [接收-帧] 09:31:35.484 设备ID=12057 module=PERIODIC id=ReadFoupStatus uuid=114 len=23
frame=01 04 12 9F 82 34 C7 56 14 22 47 5B 62 FF 33 8C B6 93 51 D8 F5 E6 48
[2026-04-17 09:31:36] [INFO] [发送] 09:31:36.488 设备ID=12057 module=PERIODIC id=ReadFoupStatus uuid=114 sendCount=1/1 timeout=1000ms crc=30 0C len=8
frame=01 04 00 00 00 09 30 0C
[2026-04-17 09:31:36] [INFO] [接收-帧] 09:31:36.581 设备ID=12057 module=PERIODIC id=ReadFoupStatus uuid=114 len=23
frame=01 04 12 0C 12 13 38 B2 04 C2 BA 37 F1 98 8F 7D CE E4 E6 33 C2 83 6E
[2026-04-17 09:31:37] [INFO] [发送] 09:31:37.575 设备ID=12057 module=PERIODIC id=ReadFoupStatus uuid=114 sendCount=1/1 timeout=1000ms crc=30 0C len=8
frame=01 04 00 00 00 09 30 0C
[2026-04-17 09:31:37] [INFO] [接收-帧] 09:31:37.718 设备ID=12057 module=PERIODIC id=ReadFoupStatus uuid=114 len=23
frame=01 04 12 B6 30 8B F5 DB 39 02 6A C5 84 D0 12 CB B8 C2 94 4F 84 A6 68
[2026-04-17 09:31:38] [INFO] [发送] 09:31:38.740 设备ID=12057 module=PERIODIC id=ReadFoupStatus uuid=114 sendCount=1/1 timeout=1000ms crc=30 0C len=8
frame=01 04 00 00 00 09 30 0C
[2026-04-17 09:31:38] [INFO] [接收-帧] 09:31:38.874 设备ID=12057 module=PERIODIC id=ReadFoupStatus uuid=114 len=23
frame=01 04 12 74 09 31 D7 6A 2D DA 02 F0 1F C3 5F 9D 55 E2 6E 80 37 52 4F
[2026-04-17 09:31:39] [INFO] [发送] 09:31:39.873 设备ID=12057 module=PERIODIC id=ReadFoupStatus uuid=114 sendCount=1/1 timeout=1000ms crc=30 0C len=8
frame=01 04 00 00 00 09 30 0C
[2026-04-17 09:31:39] [INFO] [接收-帧] 09:31:39.980 设备ID=12057 module=PERIODIC id=ReadFoupStatus uuid=114 len=23
frame=01 04 12 D3 46 A1 2A A7 A8 EE 4B 67 D9 84 84 1B 94 55 B2 88 22 81 E6
[2026-04-17 09:31:40] [INFO] [发送] 09:31:40.981 设备ID=12057 module=PERIODIC id=ReadFoupStatus uuid=114 sendCount=1/1 timeout=1000ms crc=30 0C len=8
frame=01 04 00 00 00 09 30 0C
[2026-04-17 09:31:41] [INFO] [接收-帧] 09:31:41.063 设备ID=12057 module=PERIODIC id=ReadFoupStatus uuid=114 len=23
frame=01 04 12 68 DC AA 4A 3D 23 09 AD 55 86 BE 64 48 A8 97 53 15 DD 9E 42
[2026-04-17 09:31:42] [INFO] [发送] 09:31:42.067 设备ID=12057 module=PERIODIC id=ReadFoupStatus uuid=114 sendCount=1/1 timeout=1000ms crc=30 0C len=8
frame=01 04 00 00 00 09 30 0C
[2026-04-17 09:31:42] [INFO] [接收-帧] 09:31:42.158 设备ID=12057 module=PERIODIC id=ReadFoupStatus uuid=114 len=23
frame=01 04 12 AF BA 8D 24 CD 38 8A 01 48 89 76 4E D7 F3 3D 29 75 6F 05 0C
[2026-04-17 09:31:43] [INFO] [发送] 09:31:43.152 设备ID=12057 module=PERIODIC id=ReadFoupStatus uuid=114 sendCount=1/1 timeout=1000ms crc=30 0C len=8
frame=01 04 00 00 00 09 30 0C
[2026-04-17 09:31:43] [INFO] [接收-帧] 09:31:43.251 设备ID=12057 module=PERIODIC id=ReadFoupStatus uuid=114 len=23
frame=01 04 12 F9 AB DA 00 88 48 DB C7 1C 1B 5D 26 EB BC 9F 46 13 43 E2 5C
[2026-04-17 09:31:44] [INFO] [发送] 09:31:44.247 设备ID=12057 module=PERIODIC id=ReadFoupStatus uuid=114 sendCount=1/1 timeout=1000ms crc=30 0C len=8
frame=01 04 00 00 00 09 30 0C
[2026-04-17 09:31:44] [INFO] [接收-帧] 09:31:44.345 设备ID=12057 module=PERIODIC id=ReadFoupStatus uuid=114 len=23
frame=01 04 12 0F BA 68 62 07 71 25 43 DA 5B B7 C5 29 46 B0 C8 22 63 83 45
[2026-04-17 09:31:45] [INFO] [发送] 09:31:45.338 设备ID=12057 module=PERIODIC id=ReadFoupStatus uuid=114 sendCount=1/1 timeout=1000ms crc=30 0C len=8
frame=01 04 00 00 00 09 30 0C
[2026-04-17 09:31:45] [INFO] [接收-帧] 09:31:45.443 设备ID=12057 module=PERIODIC id=ReadFoupStatus uuid=114 len=23
frame=01 04 12 ED DF 93 EB 8E BC F3 74 42 23 2E 2D 37 93 5B F4 24 8B 0D 61
[2026-04-17 09:31:46] [INFO] [发送] 09:31:46.438 设备ID=12057 module=PERIODIC id=ReadFoupStatus uuid=114 sendCount=1/1 timeout=1000ms crc=30 0C len=8
frame=01 04 00 00 00 09 30 0C
[2026-04-17 09:31:46] [INFO] [接收-帧] 09:31:46.534 设备ID=12057 module=PERIODIC id=ReadFoupStatus uuid=114 len=23
frame=01 04 12 E0 0E 09 47 09 4F C5 DF 3C A4 62 53 12 F7 D1 45 CD 6F 85 99
[2026-04-17 09:31:47] [INFO] [发送] 09:31:47.530 设备ID=12057 module=PERIODIC id=ReadFoupStatus uuid=114 sendCount=1/1 timeout=1000ms crc=30 0C len=8
frame=01 04 00 00 00 09 30 0C
[2026-04-17 09:31:47] [INFO] [接收-帧] 09:31:47.631 设备ID=12057 module=PERIODIC id=ReadFoupStatus uuid=114 len=23
frame=01 04 12 96 B9 FA 69 A9 26 7C 60 B9 BF 59 E7 0F 70 E3 14 E1 A4 BC 80
[2026-04-17 09:31:48] [INFO] [发送] 09:31:48.620 设备ID=12057 module=PERIODIC id=ReadFoupStatus uuid=114 sendCount=1/1 timeout=1000ms crc=30 0C len=8
frame=01 04 00 00 00 09 30 0C
[2026-04-17 09:31:48] [INFO] [接收-帧] 09:31:48.723 设备ID=12057 module=PERIODIC id=ReadFoupStatus uuid=114 len=23
frame=01 04 12 C4 5E EC 0A B4 D3 D8 FD DA 14 A5 34 18 54 90 84 1F D4 02 B7
[2026-04-17 09:31:49] [INFO] [发送] 09:31:49.713 设备ID=12057 module=PERIODIC id=ReadFoupStatus uuid=114 sendCount=1/1 timeout=1000ms crc=30 0C len=8
frame=01 04 00 00 00 09 30 0C
[2026-04-17 09:31:49] [INFO] [接收-帧] 09:31:49.812 设备ID=12057 module=PERIODIC id=ReadFoupStatus uuid=114 len=23
frame=01 04 12 DB B2 11 A7 0D CF D7 2D CA 14 E7 7D 2F 89 07 28 B5 E9 98 06
[2026-04-17 09:31:50] [INFO] [发送] 09:31:50.808 设备ID=12057 module=PERIODIC id=ReadFoupStatus uuid=114 sendCount=1/1 timeout=1000ms crc=30 0C len=8
frame=01 04 00 00 00 09 30 0C
[2026-04-17 09:31:50] [INFO] [接收-帧] 09:31:50.910 设备ID=12057 module=PERIODIC id=ReadFoupStatus uuid=114 len=23
frame=01 04 12 34 3B 0D D5 98 7D B1 28 01 C5 B6 15 30 EF 6B E2 45 C2 9E BF
[2026-04-17 09:31:51] [INFO] [发送] 09:31:51.906 设备ID=12057 module=PERIODIC id=ReadFoupStatus uuid=114 sendCount=1/1 timeout=1000ms crc=30 0C len=8
frame=01 04 00 00 00 09 30 0C
[2026-04-17 09:31:52] [INFO] [接收-帧] 09:31:52.003 设备ID=12057 module=PERIODIC id=ReadFoupStatus uuid=114 len=23
frame=01 04 12 60 1C 61 A1 C3 D7 AC 3E 7C 2E EF 5A 2D 95 97 48 54 59 4D 41
[2026-04-17 09:31:52] [INFO] [发送] 09:31:52.998 设备ID=12057 module=PERIODIC id=ReadFoupStatus uuid=114 sendCount=1/1 timeout=1000ms crc=30 0C len=8
frame=01 04 00 00 00 09 30 0C
[2026-04-17 09:31:53] [INFO] [接收-帧] 09:31:53.098 设备ID=12057 module=PERIODIC id=ReadFoupStatus uuid=114 len=23
frame=01 04 12 D1 F0 1F E6 66 D9 64 B9 14 DD 77 B4 65 26 4C 7D 50 B9 45 8A
[2026-04-17 09:31:54] [INFO] [发送] 09:31:54.087 设备ID=12057 module=PERIODIC id=ReadFoupStatus uuid=114 sendCount=1/1 timeout=1000ms crc=30 0C len=8
frame=01 04 00 00 00 09 30 0C
[2026-04-17 09:31:54] [INFO] [接收-帧] 09:31:54.188 设备ID=12057 module=PERIODIC id=ReadFoupStatus uuid=114 len=23
frame=01 04 12 D9 FD CE BC DB 9F 3C 85 EB CA 6F 63 76 8B C4 39 30 11 2A 6C
[2026-04-17 09:31:55] [INFO] [发送] 09:31:55.185 设备ID=12057 module=PERIODIC id=ReadFoupStatus uuid=114 sendCount=1/1 timeout=1000ms crc=30 0C len=8
frame=01 04 00 00 00 09 30 0C
[2026-04-17 09:31:55] [INFO] [接收-帧] 09:31:55.280 设备ID=12057 module=PERIODIC id=ReadFoupStatus uuid=114 len=23
frame=01 04 12 EF 2F A2 3B 35 90 8D 59 0A 2C 90 90 A8 23 56 1F 36 07 06 34
[2026-04-17 09:31:56] [INFO] [发送] 09:31:56.280 设备ID=12057 module=PERIODIC id=ReadFoupStatus uuid=114 sendCount=1/1 timeout=1000ms crc=30 0C len=8
frame=01 04 00 00 00 09 30 0C
[2026-04-17 09:31:56] [INFO] [接收-帧] 09:31:56.375 设备ID=12057 module=PERIODIC id=ReadFoupStatus uuid=114 len=23
frame=01 04 12 23 A1 B7 14 82 DC 46 4C D1 35 EC 2A F4 33 62 2D 00 CC 5C 8F
[2026-04-17 09:31:57] [INFO] [发送] 09:31:57.378 设备ID=12057 module=PERIODIC id=ReadFoupStatus uuid=114 sendCount=1/1 timeout=1000ms crc=30 0C len=8
frame=01 04 00 00 00 09 30 0C
[2026-04-17 09:31:57] [INFO] [接收-帧] 09:31:57.474 设备ID=12057 module=PERIODIC id=ReadFoupStatus uuid=114 len=23
frame=01 04 12 D4 45 1A 25 06 14 F2 CA F1 32 26 03 08 64 FA CA B4 DE 1C 6C
[2026-04-17 09:31:58] [INFO] [发送] 09:31:58.463 设备ID=12057 module=PERIODIC id=ReadFoupStatus uuid=114 sendCount=1/1 timeout=1000ms crc=30 0C len=8
frame=01 04 00 00 00 09 30 0C
[2026-04-17 09:31:58] [INFO] [接收-帧] 09:31:58.566 设备ID=12057 module=PERIODIC id=ReadFoupStatus uuid=114 len=23
frame=01 04 12 B2 7F 50 18 45 22 4E B9 2E 52 20 68 1A 44 5D B3 BD 1A D6 A2
[2026-04-17 09:31:59] [INFO] [发送] 09:31:59.559 设备ID=12057 module=PERIODIC id=ReadFoupStatus uuid=114 sendCount=1/1 timeout=1000ms crc=30 0C len=8
frame=01 04 00 00 00 09 30 0C
[2026-04-17 09:31:59] [INFO] [接收-帧] 09:31:59.657 设备ID=12057 module=PERIODIC id=ReadFoupStatus uuid=114 len=23
frame=01 04 12 4C 54 36 C3 F8 9E 98 81 D8 43 32 F3 D4 4F 09 A3 2D 03 52 85
[2026-04-17 09:32:00] [INFO] [发送] 09:32:00.656 设备ID=12057 module=PERIODIC id=ReadFoupStatus uuid=114 sendCount=1/1 timeout=1000ms crc=30 0C len=8
frame=01 04 00 00 00 09 30 0C
[2026-04-17 09:32:00] [INFO] [接收-帧] 09:32:00.754 设备ID=12057 module=PERIODIC id=ReadFoupStatus uuid=114 len=23
frame=01 04 12 DE 8F 26 EC 32 BA 43 98 36 8A 1A 77 3C 9D CF B5 B0 AF F2 C7
[2026-04-17 09:32:01] [INFO] [发送] 09:32:01.747 设备ID=12057 module=PERIODIC id=ReadFoupStatus uuid=114 sendCount=1/1 timeout=1000ms crc=30 0C len=8
frame=01 04 00 00 00 09 30 0C
[2026-04-17 09:32:01] [INFO] [接收-帧] 09:32:01.842 设备ID=12057 module=PERIODIC id=ReadFoupStatus uuid=114 len=23
frame=01 04 12 1B F0 A2 DD D8 FD 3A C3 AC BA F1 76 5D 94 97 CC 86 C2 D6 61
[2026-04-17 09:32:02] [INFO] [发送] 09:32:02.838 设备ID=12057 module=PERIODIC id=ReadFoupStatus uuid=114 sendCount=1/1 timeout=1000ms crc=30 0C len=8
frame=01 04 00 00 00 09 30 0C
[2026-04-17 09:32:02] [INFO] [接收-帧] 09:32:02.937 设备ID=12057 module=PERIODIC id=ReadFoupStatus uuid=114 len=23
frame=01 04 12 1B 08 DF 7B C5 F9 7C EF 8B 7A 3A 7F 15 75 20 A3 DE C7 37 07
[2026-04-17 09:32:03] [INFO] [发送] 09:32:03.932 设备ID=12057 module=PERIODIC id=ReadFoupStatus uuid=114 sendCount=1/1 timeout=1000ms crc=30 0C len=8
frame=01 04 00 00 00 09 30 0C
[2026-04-17 09:32:04] [INFO] [接收-帧] 09:32:04.036 设备ID=12057 module=PERIODIC id=ReadFoupStatus uuid=114 len=23
frame=01 04 12 A4 B0 D5 5E 43 F4 8A 12 2C 6A B6 28 FA 55 49 3F F3 5B 57 78
