[2026-04-17 09:24:09] [INFO] [发送] 09:24:09.274 设备ID=12034 module=INITIAL id=ReadVersion uuid=67 sendCount=1/4 timeout=1000ms crc=B1 CD len=8
frame=01 04 00 18 00 01 B1 CD
[2026-04-17 09:24:10] [INFO] [接收-帧] 09:24:10.165 设备ID=12034 module=INITIAL id=ReadVersion uuid=67 len=7
frame=01 04 02 00 00 B9 30
[2026-04-17 09:24:10] [INFO] [发送] 09:24:10.165 设备ID=12034 module=PERIODIC id=ReadFoupStatus uuid=68 sendCount=1/1 timeout=1000ms crc=30 0C len=8
frame=01 04 00 00 00 09 30 0C
[2026-04-17 09:24:12] [INFO] [发送] 09:24:12.169 设备ID=12034 module=PERIODIC id=ReadFoupStatus uuid=68 sendCount=1/1 timeout=1000ms crc=30 0C len=8
frame=01 04 00 00 00 09 30 0C
[2026-04-17 09:24:14] [INFO] [发送] 09:24:14.265 设备ID=12034 module=PERIODIC id=ReadFoupStatus uuid=68 sendCount=1/1 timeout=1000ms crc=30 0C len=8
frame=01 04 00 00 00 09 30 0C
[2026-04-17 09:24:16] [INFO] [发送] 09:24:16.261 设备ID=12034 module=PERIODIC id=ReadFoupStatus uuid=68 sendCount=1/1 timeout=1000ms crc=30 0C len=8
frame=01 04 00 00 00 09 30 0C
[2026-04-17 09:24:18] [INFO] [发送] 09:24:18.261 设备ID=12034 module=PERIODIC id=ReadFoupStatus uuid=68 sendCount=1/1 timeout=1000ms crc=30 0C len=8
frame=01 04 00 00 00 09 30 0C
[2026-04-17 09:24:20] [INFO] [发送] 09:24:20.264 设备ID=12034 module=PERIODIC id=ReadFoupStatus uuid=68 sendCount=1/1 timeout=1000ms crc=30 0C len=8
frame=01 04 00 00 00 09 30 0C
[2026-04-17 09:24:22] [INFO] [发送] 09:24:22.269 设备ID=12034 module=PERIODIC id=ReadFoupStatus uuid=68 sendCount=1/1 timeout=1000ms crc=30 0C len=8
frame=01 04 00 00 00 09 30 0C
[2026-04-17 09:24:24] [INFO] [发送] 09:24:24.267 设备ID=12034 module=PERIODIC id=ReadFoupStatus uuid=68 sendCount=1/1 timeout=1000ms crc=30 0C len=8
frame=01 04 00 00 00 09 30 0C
[2026-04-17 09:24:26] [INFO] [发送] 09:24:26.270 设备ID=12034 module=PERIODIC id=ReadFoupStatus uuid=68 sendCount=1/1 timeout=1000ms crc=30 0C len=8
frame=01 04 00 00 00 09 30 0C
[2026-04-17 09:24:28] [INFO] [发送] 09:24:28.265 设备ID=12034 module=PERIODIC id=ReadFoupStatus uuid=68 sendCount=1/1 timeout=1000ms crc=30 0C len=8
frame=01 04 00 00 00 09 30 0C
[2026-04-17 09:24:32] [INFO] [发送] 09:24:32.452 设备ID=12034 module=PERIODIC id=ReadFoupStatus uuid=68 sendCount=1/1 timeout=1000ms crc=30 0C len=8
frame=01 04 00 00 00 09 30 0C
[2026-04-17 09:24:34] [INFO] [发送] 09:24:34.452 设备ID=12034 module=PERIODIC id=ReadFoupStatus uuid=68 sendCount=1/1 timeout=1000ms crc=30 0C len=8
frame=01 04 00 00 00 09 30 0C
[2026-04-17 09:24:36] [INFO] [发送] 09:24:36.451 设备ID=12034 module=PERIODIC id=ReadFoupStatus uuid=68 sendCount=1/1 timeout=1000ms crc=30 0C len=8
frame=01 04 00 00 00 09 30 0C
[2026-04-17 09:24:38] [INFO] [发送] 09:24:38.447 设备ID=12034 module=PERIODIC id=ReadFoupStatus uuid=68 sendCount=1/1 timeout=1000ms crc=30 0C len=8
frame=01 04 00 00 00 09 30 0C
[2026-04-17 09:24:40] [INFO] [发送] 09:24:40.453 设备ID=12034 module=PERIODIC id=ReadFoupStatus uuid=68 sendCount=1/1 timeout=1000ms crc=30 0C len=8
frame=01 04 00 00 00 09 30 0C
[2026-04-17 09:24:42] [INFO] [发送] 09:24:42.449 设备ID=12034 module=PERIODIC id=ReadFoupStatus uuid=68 sendCount=1/1 timeout=1000ms crc=30 0C len=8
frame=01 04 00 00 00 09 30 0C
[2026-04-17 09:24:44] [INFO] [发送] 09:24:44.453 设备ID=12034 module=PERIODIC id=ReadFoupStatus uuid=68 sendCount=1/1 timeout=1000ms crc=30 0C len=8
frame=01 04 00 00 00 09 30 0C
[2026-04-17 09:24:48] [INFO] [发送] 09:24:48.337 设备ID=12034 module=PERIODIC id=ReadFoupStatus uuid=68 sendCount=1/1 timeout=1000ms crc=30 0C len=8
frame=01 04 00 00 00 09 30 0C
[2026-04-17 09:24:48] [INFO] [接收-帧] 09:24:48.439 设备ID=12034 module=PERIODIC id=ReadFoupStatus uuid=68 len=23
frame=01 04 12 80 69 4B 4F 48 CD 7B FB EF 6B 7A 6A 4B 26 3F 99 16 CD 86 5E
[2026-04-17 09:24:49] [INFO] [发送] 09:24:49.433 设备ID=12034 module=PERIODIC id=ReadFoupStatus uuid=68 sendCount=1/1 timeout=1000ms crc=30 0C len=8
frame=01 04 00 00 00 09 30 0C
[2026-04-17 09:24:49] [INFO] [接收-帧] 09:24:49.546 设备ID=12034 module=PERIODIC id=ReadFoupStatus uuid=68 len=23
frame=01 04 12 CA CA 12 C4 0A 9F 3D AE 35 C8 75 5E FC A4 18 8F 1E 99 E6 0E
[2026-04-17 09:24:50] [INFO] [发送] 09:24:50.557 设备ID=12034 module=PERIODIC id=ReadFoupStatus uuid=68 sendCount=1/1 timeout=1000ms crc=30 0C len=8
frame=01 04 00 00 00 09 30 0C
[2026-04-17 09:24:50] [INFO] [接收-帧] 09:24:50.627 设备ID=12034 module=PERIODIC id=ReadFoupStatus uuid=68 len=23
frame=01 04 12 EF 67 60 8E D1 47 90 60 8D 19 5B 99 AC AD AF BB AD FF 42 30
[2026-04-17 09:24:51] [INFO] [发送] 09:24:51.623 设备ID=12034 module=PERIODIC id=ReadFoupStatus uuid=68 sendCount=1/1 timeout=1000ms crc=30 0C len=8
frame=01 04 00 00 00 09 30 0C
[2026-04-17 09:24:51] [INFO] [接收-帧] 09:24:51.718 设备ID=12034 module=PERIODIC id=ReadFoupStatus uuid=68 len=23
frame=01 04 12 D8 E3 86 00 36 EE 46 0B 73 76 EE 15 1C A8 FA 1B 02 C3 C1 49
[2026-04-17 09:24:52] [INFO] [发送] 09:24:52.725 设备ID=12034 module=PERIODIC id=ReadFoupStatus uuid=68 sendCount=1/1 timeout=1000ms crc=30 0C len=8
frame=01 04 00 00 00 09 30 0C
[2026-04-17 09:24:52] [INFO] [接收-帧] 09:24:52.809 设备ID=12034 module=PERIODIC id=ReadFoupStatus uuid=68 len=23
frame=01 04 12 E0 78 A2 BF 17 67 B9 40 7D B5 7F 81 EB FC 42 24 71 05 FA A5
[2026-04-17 09:24:53] [INFO] [发送] 09:24:53.807 设备ID=12034 module=PERIODIC id=ReadFoupStatus uuid=68 sendCount=1/1 timeout=1000ms crc=30 0C len=8
frame=01 04 00 00 00 09 30 0C
[2026-04-17 09:24:53] [INFO] [接收-帧] 09:24:53.907 设备ID=12034 module=PERIODIC id=ReadFoupStatus uuid=68 len=23
frame=01 04 12 1C B2 C4 8E 49 4E C5 38 BA 79 D9 A6 9A 1A F0 9F 17 C9 D9 10
[2026-04-17 09:24:54] [INFO] [发送] 09:24:54.910 设备ID=12034 module=PERIODIC id=ReadFoupStatus uuid=68 sendCount=1/1 timeout=1000ms crc=30 0C len=8
frame=01 04 00 00 00 09 30 0C
[2026-04-17 09:24:54] [INFO] [接收-帧] 09:24:54.997 设备ID=12034 module=PERIODIC id=ReadFoupStatus uuid=68 len=23
frame=01 04 12 AC 2C ED F6 7E 98 05 4D 89 14 B3 68 54 24 2F 85 8D 34 C9 D9
[2026-04-17 09:24:55] [INFO] [发送] 09:24:55.993 设备ID=12034 module=PERIODIC id=ReadFoupStatus uuid=68 sendCount=1/1 timeout=1000ms crc=30 0C len=8
frame=01 04 00 00 00 09 30 0C
[2026-04-17 09:24:56] [INFO] [接收-帧] 09:24:56.094 设备ID=12034 module=PERIODIC id=ReadFoupStatus uuid=68 len=23
frame=01 04 12 11 51 34 F8 27 9F F9 74 94 23 DB B8 CB BF F6 5A C8 F0 7C 4F
[2026-04-17 09:24:57] [INFO] [发送] 09:24:57.092 设备ID=12034 module=PERIODIC id=ReadFoupStatus uuid=68 sendCount=1/1 timeout=1000ms crc=30 0C len=8
frame=01 04 00 00 00 09 30 0C
[2026-04-17 09:24:57] [INFO] [接收-帧] 09:24:57.186 设备ID=12034 module=PERIODIC id=ReadFoupStatus uuid=68 len=23
frame=01 04 12 AF F3 BD 67 17 5C 2A EA 03 00 37 20 4F 38 CE D5 A5 7F 74 9A
[2026-04-17 09:24:58] [INFO] [发送] 09:24:58.189 设备ID=12034 module=PERIODIC id=ReadFoupStatus uuid=68 sendCount=1/1 timeout=1000ms crc=30 0C len=8
frame=01 04 00 00 00 09 30 0C
[2026-04-17 09:24:58] [INFO] [接收-帧] 09:24:58.283 设备ID=12034 module=PERIODIC id=ReadFoupStatus uuid=68 len=23
frame=01 04 12 E4 F8 B4 D6 11 D2 01 6A A9 F1 D0 2D 0A C6 FD 14 C1 5C 5F 2F
[2026-04-17 09:24:59] [INFO] [发送] 09:24:59.276 设备ID=12034 module=PERIODIC id=ReadFoupStatus uuid=68 sendCount=1/1 timeout=1000ms crc=30 0C len=8
frame=01 04 00 00 00 09 30 0C
[2026-04-17 09:24:59] [INFO] [接收-帧] 09:24:59.371 设备ID=12034 module=PERIODIC id=ReadFoupStatus uuid=68 len=23
frame=01 04 12 EE 53 26 C2 08 08 13 B1 7E F6 B4 29 3B 9E B8 04 AB 43 8F 6F
[2026-04-17 09:25:00] [INFO] [发送] 09:25:00.370 设备ID=12034 module=PERIODIC id=ReadFoupStatus uuid=68 sendCount=1/1 timeout=1000ms crc=30 0C len=8
frame=01 04 00 00 00 09 30 0C
[2026-04-17 09:25:00] [INFO] [接收-帧] 09:25:00.470 设备ID=12034 module=PERIODIC id=ReadFoupStatus uuid=68 len=23
frame=01 04 12 B3 C6 09 2D 74 C7 BB BC C6 B7 AA 63 08 F7 8A 8B 9A 6E D3 33
[2026-04-17 09:25:01] [INFO] [发送] 09:25:01.465 设备ID=12034 module=PERIODIC id=ReadFoupStatus uuid=68 sendCount=1/1 timeout=1000ms crc=30 0C len=8
frame=01 04 00 00 00 09 30 0C
[2026-04-17 09:25:01] [INFO] [接收-帧] 09:25:01.606 设备ID=12034 module=PERIODIC id=ReadFoupStatus uuid=68 len=23
frame=01 04 12 79 CD 07 76 E0 EA 3B 6A F7 BD 00 36 A7 F7 2C C1 86 FD 9A C0
[2026-04-17 09:25:02] [INFO] [发送] 09:25:02.606 设备ID=12034 module=PERIODIC id=ReadFoupStatus uuid=68 sendCount=1/1 timeout=1000ms crc=30 0C len=8
frame=01 04 00 00 00 09 30 0C
[2026-04-17 09:25:02] [INFO] [接收-帧] 09:25:02.656 设备ID=12034 module=PERIODIC id=ReadFoupStatus uuid=68 len=23
frame=01 04 12 87 CB DF FA AA CF FB 2B BE 49 B3 61 D8 93 30 0C B1 97 67 F9
[2026-04-17 09:25:03] [INFO] [发送] 09:25:03.649 设备ID=12034 module=PERIODIC id=ReadFoupStatus uuid=68 sendCount=1/1 timeout=1000ms crc=30 0C len=8
frame=01 04 00 00 00 09 30 0C
[2026-04-17 09:25:03] [INFO] [接收-帧] 09:25:03.748 设备ID=12034 module=PERIODIC id=ReadFoupStatus uuid=68 len=23
frame=01 04 12 F5 2F 83 6C 37 30 C2 D7 FF 99 2B 66 D0 56 6E B0 EF 33 C6 06
[2026-04-17 09:25:04] [INFO] [发送] 09:25:04.747 设备ID=12034 module=PERIODIC id=ReadFoupStatus uuid=68 sendCount=1/1 timeout=1000ms crc=30 0C len=8
frame=01 04 00 00 00 09 30 0C
[2026-04-17 09:25:04] [INFO] [接收-帧] 09:25:04.845 设备ID=12034 module=PERIODIC id=ReadFoupStatus uuid=68 len=23
frame=01 04 12 34 78 FB FF C6 5F A6 9A CC A3 56 81 58 F0 43 2E 5A 23 2C B8
[2026-04-17 09:25:05] [INFO] [发送] 09:25:05.836 设备ID=12034 module=PERIODIC id=ReadFoupStatus uuid=68 sendCount=1/1 timeout=1000ms crc=30 0C len=8
frame=01 04 00 00 00 09 30 0C
[2026-04-17 09:25:05] [INFO] [接收-帧] 09:25:05.939 设备ID=12034 module=PERIODIC id=ReadFoupStatus uuid=68 len=23
frame=01 04 12 32 37 6F 02 5A 75 1B 47 19 43 0F 94 61 A0 5C 6F 19 BA 63 99
[2026-04-17 09:25:06] [INFO] [发送] 09:25:06.932 设备ID=12034 module=PERIODIC id=ReadFoupStatus uuid=68 sendCount=1/1 timeout=1000ms crc=30 0C len=8
frame=01 04 00 00 00 09 30 0C
[2026-04-17 09:25:07] [INFO] [接收-帧] 09:25:07.031 设备ID=12034 module=PERIODIC id=ReadFoupStatus uuid=68 len=23
frame=01 04 12 7A 00 72 9C 14 69 CB 69 85 C1 72 43 24 BC 9D 9E C3 AC 0F 06
[2026-04-17 09:25:08] [INFO] [发送] 09:25:08.024 设备ID=12034 module=PERIODIC id=ReadFoupStatus uuid=68 sendCount=1/1 timeout=1000ms crc=30 0C len=8
frame=01 04 00 00 00 09 30 0C
[2026-04-17 09:25:08] [INFO] [接收-帧] 09:25:08.125 设备ID=12034 module=PERIODIC id=ReadFoupStatus uuid=68 len=23
frame=01 04 12 DE 8A 39 EA 67 30 07 53 1B 53 1D CA 50 01 10 C0 65 52 93 62
[2026-04-17 09:25:09] [INFO] [发送] 09:25:09.118 设备ID=12034 module=PERIODIC id=ReadFoupStatus uuid=68 sendCount=1/1 timeout=1000ms crc=30 0C len=8
frame=01 04 00 00 00 09 30 0C
[2026-04-17 09:25:09] [INFO] [接收-帧] 09:25:09.220 设备ID=12034 module=PERIODIC id=ReadFoupStatus uuid=68 len=23
frame=01 04 12 D1 0A 9B 7F 78 73 38 A3 AB 69 F2 F8 22 29 00 53 B3 65 2E 92
[2026-04-17 09:25:10] [INFO] [发送] 09:25:10.216 设备ID=12034 module=PERIODIC id=ReadFoupStatus uuid=68 sendCount=1/1 timeout=1000ms crc=30 0C len=8
frame=01 04 00 00 00 09 30 0C
[2026-04-17 09:25:10] [INFO] [接收-帧] 09:25:10.311 设备ID=12034 module=PERIODIC id=ReadFoupStatus uuid=68 len=23
frame=01 04 12 68 9D 7A E9 BA DA A7 EC 3E 61 BD 93 B1 35 F8 39 59 AD 0B 9B
[2026-04-17 09:25:11] [INFO] [发送] 09:25:11.317 设备ID=12034 module=PERIODIC id=ReadFoupStatus uuid=68 sendCount=1/1 timeout=1000ms crc=30 0C len=8
frame=01 04 00 00 00 09 30 0C
[2026-04-17 09:25:11] [INFO] [接收-帧] 09:25:11.407 设备ID=12034 module=PERIODIC id=ReadFoupStatus uuid=68 len=23
frame=01 04 12 D9 22 73 53 68 0A 1B EC A6 C2 67 45 D5 1B 6C A6 34 D6 BE DD
[2026-04-17 09:25:12] [INFO] [发送] 09:25:12.409 设备ID=12034 module=PERIODIC id=ReadFoupStatus uuid=68 sendCount=1/1 timeout=1000ms crc=30 0C len=8
frame=01 04 00 00 00 09 30 0C
[2026-04-17 09:25:12] [INFO] [接收-帧] 09:25:12.497 设备ID=12034 module=PERIODIC id=ReadFoupStatus uuid=68 len=23
frame=01 04 12 42 9C 6A C7 80 1C D0 B2 02 01 44 14 6A 2D 21 AE 92 A8 1D E5
[2026-04-17 09:25:13] [INFO] [发送] 09:25:13.502 设备ID=12034 module=PERIODIC id=ReadFoupStatus uuid=68 sendCount=1/1 timeout=1000ms crc=30 0C len=8
frame=01 04 00 00 00 09 30 0C
[2026-04-17 09:25:13] [INFO] [接收-帧] 09:25:13.592 设备ID=12034 module=PERIODIC id=ReadFoupStatus uuid=68 len=23
frame=01 04 12 5C 1E C6 9F A0 CA E7 0F 22 23 64 84 BF E3 9D 7A 44 D8 02 B5
[2026-04-17 09:25:14] [INFO] [发送] 09:25:14.589 设备ID=12034 module=PERIODIC id=ReadFoupStatus uuid=68 sendCount=1/1 timeout=1000ms crc=30 0C len=8
frame=01 04 00 00 00 09 30 0C
[2026-04-17 09:25:14] [INFO] [接收-帧] 09:25:14.686 设备ID=12034 module=PERIODIC id=ReadFoupStatus uuid=68 len=23
frame=01 04 12 D5 DF 30 2A 49 66 4B 86 BD A6 FE 8C CE 4D D6 FC 56 96 D7 9D
[2026-04-17 09:25:15] [INFO] [发送] 09:25:15.680 设备ID=12034 module=PERIODIC id=ReadFoupStatus uuid=68 sendCount=1/1 timeout=1000ms crc=30 0C len=8
frame=01 04 00 00 00 09 30 0C
[2026-04-17 09:25:15] [INFO] [接收-帧] 09:25:15.784 设备ID=12034 module=PERIODIC id=ReadFoupStatus uuid=68 len=23
frame=01 04 12 1E 63 E2 6B 31 10 A0 A9 19 87 EE 08 CD 01 F2 B0 FB 99 B6 9D
[2026-04-17 09:25:16] [INFO] [发送] 09:25:16.796 设备ID=12034 module=PERIODIC id=ReadFoupStatus uuid=68 sendCount=1/1 timeout=1000ms crc=30 0C len=8
frame=01 04 00 00 00 09 30 0C
[2026-04-17 09:25:16] [INFO] [接收-帧] 09:25:16.874 设备ID=12034 module=PERIODIC id=ReadFoupStatus uuid=68 len=23
frame=01 04 12 0D 22 86 2B AE 7F BC 48 59 F8 6D D0 90 76 F9 09 D8 13 44 ED
[2026-04-17 09:25:17] [INFO] [发送] 09:25:17.875 设备ID=12034 module=PERIODIC id=ReadFoupStatus uuid=68 sendCount=1/1 timeout=1000ms crc=30 0C len=8
frame=01 04 00 00 00 09 30 0C
[2026-04-17 09:25:17] [INFO] [接收-帧] 09:25:17.969 设备ID=12034 module=PERIODIC id=ReadFoupStatus uuid=68 len=23
frame=01 04 12 9C BB A7 86 50 35 DC 93 56 C9 CE 20 20 02 B6 47 23 22 AE 3A
[2026-04-17 09:25:18] [INFO] [发送] 09:25:18.967 设备ID=12034 module=PERIODIC id=ReadFoupStatus uuid=68 sendCount=1/1 timeout=1000ms crc=30 0C len=8
frame=01 04 00 00 00 09 30 0C
[2026-04-17 09:25:19] [INFO] [接收-帧] 09:25:19.065 设备ID=12034 module=PERIODIC id=ReadFoupStatus uuid=68 len=23
frame=01 04 12 98 40 37 69 CE 78 78 0E 96 E5 70 AC 99 EE 4A FF 0A 6D B2 FB
[2026-04-17 09:25:20] [INFO] [发送] 09:25:20.061 设备ID=12034 module=PERIODIC id=ReadFoupStatus uuid=68 sendCount=1/1 timeout=1000ms crc=30 0C len=8
frame=01 04 00 00 00 09 30 0C
[2026-04-17 09:25:20] [INFO] [接收-帧] 09:25:20.154 设备ID=12034 module=PERIODIC id=ReadFoupStatus uuid=68 len=23
frame=01 04 12 32 18 A4 89 E2 07 C4 A3 A5 11 22 A2 A3 9E 82 0D 7E B8 B9 DA
[2026-04-17 09:25:21] [INFO] [发送] 09:25:21.153 设备ID=12034 module=PERIODIC id=ReadFoupStatus uuid=68 sendCount=1/1 timeout=1000ms crc=30 0C len=8
frame=01 04 00 00 00 09 30 0C
[2026-04-17 09:25:21] [INFO] [接收-帧] 09:25:21.243 设备ID=12034 module=PERIODIC id=ReadFoupStatus uuid=68 len=23
frame=01 04 12 0A 45 0F 5C CF F2 D6 81 78 64 3A 10 4E A7 2F 29 CF 39 4D 33
[2026-04-17 09:25:22] [INFO] [发送] 09:25:22.243 设备ID=12034 module=PERIODIC id=ReadFoupStatus uuid=68 sendCount=1/1 timeout=1000ms crc=30 0C len=8
frame=01 04 00 00 00 09 30 0C
[2026-04-17 09:25:22] [INFO] [接收-帧] 09:25:22.346 设备ID=12034 module=PERIODIC id=ReadFoupStatus uuid=68 len=23
frame=01 04 12 DC D5 43 84 93 B0 E3 C1 02 12 24 D4 B7 57 5C A7 4E C5 8E 75
[2026-04-17 09:25:23] [INFO] [发送] 09:25:23.338 设备ID=12034 module=PERIODIC id=ReadFoupStatus uuid=68 sendCount=1/1 timeout=1000ms crc=30 0C len=8
frame=01 04 00 00 00 09 30 0C
[2026-04-17 09:25:23] [INFO] [接收-帧] 09:25:23.437 设备ID=12034 module=PERIODIC id=ReadFoupStatus uuid=68 len=23
frame=01 04 12 3E 7B 73 D3 54 D9 32 8F 56 1D 94 9A 48 6D 1A 78 DE 95 21 FA
[2026-04-17 09:25:24] [INFO] [发送] 09:25:24.441 设备ID=12034 module=PERIODIC id=ReadFoupStatus uuid=68 sendCount=1/1 timeout=1000ms crc=30 0C len=8
frame=01 04 00 00 00 09 30 0C
[2026-04-17 09:25:24] [INFO] [接收-帧] 09:25:24.534 设备ID=12034 module=PERIODIC id=ReadFoupStatus uuid=68 len=23
frame=01 04 12 B2 18 BB 33 0E A3 AE 37 DE 3D E8 37 37 07 8C D6 45 72 E6 8F
[2026-04-17 09:25:25] [INFO] [发送] 09:25:25.530 设备ID=12034 module=PERIODIC id=ReadFoupStatus uuid=68 sendCount=1/1 timeout=1000ms crc=30 0C len=8
frame=01 04 00 00 00 09 30 0C
[2026-04-17 09:25:25] [INFO] [接收-帧] 09:25:25.626 设备ID=12034 module=PERIODIC id=ReadFoupStatus uuid=68 len=23
frame=01 04 12 81 18 55 C3 12 28 86 F2 91 B5 01 4E 36 FF CB 9A 81 0E 65 15
[2026-04-17 09:25:26] [INFO] [发送] 09:25:26.620 设备ID=12034 module=PERIODIC id=ReadFoupStatus uuid=68 sendCount=1/1 timeout=1000ms crc=30 0C len=8
frame=01 04 00 00 00 09 30 0C
[2026-04-17 09:25:26] [INFO] [接收-帧] 09:25:26.719 设备ID=12034 module=PERIODIC id=ReadFoupStatus uuid=68 len=23
frame=01 04 12 C4 B6 A9 4A 37 7B 44 8A 94 3D EC 97 E7 9D 7D EC 73 6D 57 63
[2026-04-17 09:25:27] [INFO] [发送] 09:25:27.714 设备ID=12034 module=PERIODIC id=ReadFoupStatus uuid=68 sendCount=1/1 timeout=1000ms crc=30 0C len=8
frame=01 04 00 00 00 09 30 0C
[2026-04-17 09:25:27] [INFO] [接收-帧] 09:25:27.816 设备ID=12034 module=PERIODIC id=ReadFoupStatus uuid=68 len=23
frame=01 04 12 39 91 DF 12 DB 08 AC 79 CB 3C 65 F2 D9 C5 15 6E 30 78 31 88
[2026-04-17 09:25:28] [INFO] [发送] 09:25:28.811 设备ID=12034 module=PERIODIC id=ReadFoupStatus uuid=68 sendCount=1/1 timeout=1000ms crc=30 0C len=8
frame=01 04 00 00 00 09 30 0C
[2026-04-17 09:25:28] [INFO] [接收-帧] 09:25:28.907 设备ID=12034 module=PERIODIC id=ReadFoupStatus uuid=68 len=23
frame=01 04 12 C0 E3 49 5D 14 E4 99 6D 66 02 DB FC 47 7B 98 C0 3A C6 0A A3
[2026-04-17 09:25:29] [INFO] [发送] 09:25:29.909 设备ID=12034 module=PERIODIC id=ReadFoupStatus uuid=68 sendCount=1/1 timeout=1000ms crc=30 0C len=8
frame=01 04 00 00 00 09 30 0C
[2026-04-17 09:25:30] [INFO] [接收-帧] 09:25:30.000 设备ID=12034 module=PERIODIC id=ReadFoupStatus uuid=68 len=23
frame=01 04 12 C8 A2 FA 82 43 DD A9 D8 AB 75 DA 5D 96 4B 49 3B 32 F3 34 15
[2026-04-17 09:25:30] [INFO] [发送] 09:25:30.997 设备ID=12034 module=PERIODIC id=ReadFoupStatus uuid=68 sendCount=1/1 timeout=1000ms crc=30 0C len=8
frame=01 04 00 00 00 09 30 0C
[2026-04-17 09:25:31] [INFO] [接收-帧] 09:25:31.093 设备ID=12034 module=PERIODIC id=ReadFoupStatus uuid=68 len=23
frame=01 04 12 B1 13 C1 22 F9 D3 83 80 31 40 E3 45 1C 55 AD 1A 1B 56 2D 44
[2026-04-17 09:25:32] [INFO] [发送] 09:25:32.097 设备ID=12034 module=PERIODIC id=ReadFoupStatus uuid=68 sendCount=1/1 timeout=1000ms crc=30 0C len=8
frame=01 04 00 00 00 09 30 0C
[2026-04-17 09:25:32] [INFO] [接收-帧] 09:25:32.186 设备ID=12034 module=PERIODIC id=ReadFoupStatus uuid=68 len=23
frame=01 04 12 E6 37 35 4C AE 3B BF 5B E6 EF 96 84 E2 F3 84 4A 3C D1 C1 C2
[2026-04-17 09:25:33] [INFO] [发送] 09:25:33.192 设备ID=12034 module=PERIODIC id=ReadFoupStatus uuid=68 sendCount=1/1 timeout=1000ms crc=30 0C len=8
frame=01 04 00 00 00 09 30 0C
[2026-04-17 09:25:33] [INFO] [接收-帧] 09:25:33.281 设备ID=12034 module=PERIODIC id=ReadFoupStatus uuid=68 len=23
frame=01 04 12 3B 2C C7 DC 53 2B 52 8D 53 E6 A3 04 4B 7B D7 C2 F2 A4 9C 9A
[2026-04-17 09:25:34] [INFO] [发送] 09:25:34.278 设备ID=12034 module=PERIODIC id=ReadFoupStatus uuid=68 sendCount=1/1 timeout=1000ms crc=30 0C len=8
frame=01 04 00 00 00 09 30 0C
[2026-04-17 09:25:34] [INFO] [接收-帧] 09:25:34.378 设备ID=12034 module=PERIODIC id=ReadFoupStatus uuid=68 len=23
frame=01 04 12 30 9D 65 C2 52 F7 0D 09 AD E4 C2 88 EC 6D B2 46 D8 01 CD 30
[2026-04-17 09:25:35] [INFO] [发送] 09:25:35.378 设备ID=12034 module=PERIODIC id=ReadFoupStatus uuid=68 sendCount=1/1 timeout=1000ms crc=30 0C len=8
frame=01 04 00 00 00 09 30 0C
[2026-04-17 09:25:35] [INFO] [接收-帧] 09:25:35.470 设备ID=12034 module=PERIODIC id=ReadFoupStatus uuid=68 len=23
frame=01 04 12 64 BD C6 E0 8D EF 8C A5 61 25 6E D1 06 96 C0 7C 52 B8 16 65
[2026-04-17 09:25:36] [INFO] [发送] 09:25:36.463 设备ID=12034 module=PERIODIC id=ReadFoupStatus uuid=68 sendCount=1/1 timeout=1000ms crc=30 0C len=8
frame=01 04 00 00 00 09 30 0C
[2026-04-17 09:25:36] [INFO] [接收-帧] 09:25:36.560 设备ID=12034 module=PERIODIC id=ReadFoupStatus uuid=68 len=23
frame=01 04 12 B0 FA 9A 94 B9 C6 B6 B1 5D E5 2B D5 94 F4 01 31 49 81 7C DA
[2026-04-17 09:25:37] [INFO] [发送] 09:25:37.556 设备ID=12034 module=PERIODIC id=ReadFoupStatus uuid=68 sendCount=1/1 timeout=1000ms crc=30 0C len=8
frame=01 04 00 00 00 09 30 0C
[2026-04-17 09:25:37] [INFO] [接收-帧] 09:25:37.654 设备ID=12034 module=PERIODIC id=ReadFoupStatus uuid=68 len=23
frame=01 04 12 35 DD FA 23 C2 F9 42 82 F7 85 66 5E A5 04 A8 35 FF 76 3E DA
[2026-04-17 09:25:38] [INFO] [发送] 09:25:38.653 设备ID=12034 module=PERIODIC id=ReadFoupStatus uuid=68 sendCount=1/1 timeout=1000ms crc=30 0C len=8
frame=01 04 00 00 00 09 30 0C
[2026-04-17 09:25:38] [INFO] [接收-帧] 09:25:38.747 设备ID=12034 module=PERIODIC id=ReadFoupStatus uuid=68 len=23
frame=01 04 12 0F F7 C3 50 14 EC F7 2D C7 FB 6A 4D 39 FD 63 DA 4F 14 24 1E
[2026-04-17 09:25:39] [INFO] [发送] 09:25:39.745 设备ID=12034 module=PERIODIC id=ReadFoupStatus uuid=68 sendCount=1/1 timeout=1000ms crc=30 0C len=8
frame=01 04 00 00 00 09 30 0C
[2026-04-17 09:25:39] [INFO] [接收-帧] 09:25:39.841 设备ID=12034 module=PERIODIC id=ReadFoupStatus uuid=68 len=23
frame=01 04 12 F2 36 6B E7 4E 8F 6D C4 CD AE D2 32 EC B6 18 6A 10 6C 80 65
[2026-04-17 09:25:40] [INFO] [发送] 09:25:40.836 设备ID=12034 module=PERIODIC id=ReadFoupStatus uuid=68 sendCount=1/1 timeout=1000ms crc=30 0C len=8
frame=01 04 00 00 00 09 30 0C
[2026-04-17 09:25:40] [INFO] [接收-帧] 09:25:40.937 设备ID=12034 module=PERIODIC id=ReadFoupStatus uuid=68 len=23
frame=01 04 12 29 D5 C6 DC DB 7A 49 19 D1 AD 84 9E 3C C2 7B 51 93 F6 9F 33
[2026-04-17 09:25:41] [INFO] [发送] 09:25:41.932 设备ID=12034 module=PERIODIC id=ReadFoupStatus uuid=68 sendCount=1/1 timeout=1000ms crc=30 0C len=8
frame=01 04 00 00 00 09 30 0C
[2026-04-17 09:25:42] [INFO] [接收-帧] 09:25:42.033 设备ID=12034 module=PERIODIC id=ReadFoupStatus uuid=68 len=23
frame=01 04 12 DC 7B 31 AB 74 2D 79 24 F2 0B 93 A1 55 25 C3 87 DA 66 13 28
[2026-04-17 09:25:43] [INFO] [发送] 09:25:43.033 设备ID=12034 module=PERIODIC id=ReadFoupStatus uuid=68 sendCount=1/1 timeout=1000ms crc=30 0C len=8
frame=01 04 00 00 00 09 30 0C
[2026-04-17 09:25:43] [INFO] [接收-帧] 09:25:43.122 设备ID=12034 module=PERIODIC id=ReadFoupStatus uuid=68 len=23
frame=01 04 12 06 D8 F5 05 99 A6 B1 04 4F D9 63 B2 E8 A4 63 34 30 2D 79 81
[2026-04-17 09:25:44] [INFO] [发送] 09:25:44.124 设备ID=12034 module=PERIODIC id=ReadFoupStatus uuid=68 sendCount=1/1 timeout=1000ms crc=30 0C len=8
frame=01 04 00 00 00 09 30 0C
[2026-04-17 09:25:44] [INFO] [接收-帧] 09:25:44.220 设备ID=12034 module=PERIODIC id=ReadFoupStatus uuid=68 len=23
frame=01 04 12 73 EF EA 26 2A 8A 89 93 F8 D0 B8 88 2C 2E A7 BB 95 97 11 AC
[2026-04-17 09:25:45] [INFO] [发送] 09:25:45.212 设备ID=12034 module=PERIODIC id=ReadFoupStatus uuid=68 sendCount=1/1 timeout=1000ms crc=30 0C len=8
frame=01 04 00 00 00 09 30 0C
[2026-04-17 09:25:45] [INFO] [接收-帧] 09:25:45.316 设备ID=12034 module=PERIODIC id=ReadFoupStatus uuid=68 len=23
frame=01 04 12 9E 36 88 E4 23 B9 70 B4 4C 19 52 6B A2 31 24 8D C3 FB 2A 90
[2026-04-17 09:25:46] [INFO] [发送] 09:25:46.319 设备ID=12034 module=PERIODIC id=ReadFoupStatus uuid=68 sendCount=1/1 timeout=1000ms crc=30 0C len=8
frame=01 04 00 00 00 09 30 0C
[2026-04-17 09:25:46] [INFO] [接收-帧] 09:25:46.405 设备ID=12034 module=PERIODIC id=ReadFoupStatus uuid=68 len=23
frame=01 04 12 25 87 01 F2 86 2E 61 00 55 05 9C F9 B0 C9 B6 9D F6 AC D5 B9
[2026-04-17 09:25:47] [INFO] [发送] 09:25:47.399 设备ID=12034 module=PERIODIC id=ReadFoupStatus uuid=68 sendCount=1/1 timeout=1000ms crc=30 0C len=8
frame=01 04 00 00 00 09 30 0C
[2026-04-17 09:25:47] [INFO] [接收-帧] 09:25:47.714 设备ID=12034 module=PERIODIC id=ReadFoupStatus uuid=68 len=23
frame=01 04 12 6C 9C 57 05 7E 96 A8 38 38 DF F0 28 5C 01 92 AF 3D D8 4E A5
[2026-04-17 09:25:48] [INFO] [发送] 09:25:48.721 设备ID=12034 module=PERIODIC id=ReadFoupStatus uuid=68 sendCount=1/1 timeout=1000ms crc=30 0C len=8
frame=01 04 00 00 00 09 30 0C
[2026-04-17 09:25:48] [INFO] [接收-帧] 09:25:48.809 设备ID=12034 module=PERIODIC id=ReadFoupStatus uuid=68 len=23
frame=01 04 12 9B C9 E0 D7 B2 17 D0 0A 8A A9 FA 02 50 81 5D 53 F2 EA 2A FD
[2026-04-17 09:25:49] [INFO] [发送] 09:25:49.808 设备ID=12034 module=PERIODIC id=ReadFoupStatus uuid=68 sendCount=1/1 timeout=1000ms crc=30 0C len=8
frame=01 04 00 00 00 09 30 0C
[2026-04-17 09:25:49] [INFO] [接收-帧] 09:25:49.907 设备ID=12034 module=PERIODIC id=ReadFoupStatus uuid=68 len=23
frame=01 04 12 EA 8F 5E 02 A7 AD 24 CF 2B 5A 0E D9 BD BC 10 64 8E FA 65 D0
[2026-04-17 09:25:50] [INFO] [发送] 09:25:50.900 设备ID=12034 module=PERIODIC id=ReadFoupStatus uuid=68 sendCount=1/1 timeout=1000ms crc=30 0C len=8
frame=01 04 00 00 00 09 30 0C
[2026-04-17 09:25:50] [INFO] [接收-帧] 09:25:50.997 设备ID=12034 module=PERIODIC id=ReadFoupStatus uuid=68 len=23
frame=01 04 12 43 A7 02 DD 1E BB 3A 1D 6F D1 74 65 DD 08 47 C6 46 19 1D 7B
[2026-04-17 09:25:52] [INFO] [发送] 09:25:52.216 设备ID=12034 module=PERIODIC id=ReadFoupStatus uuid=68 sendCount=1/1 timeout=1000ms crc=30 0C len=8
frame=01 04 00 00 00 09 30 0C
[2026-04-17 09:25:52] [INFO] [接收-帧] 09:25:52.314 设备ID=12034 module=PERIODIC id=ReadFoupStatus uuid=68 len=23
frame=01 04 12 D2 FF 1C 6D 6D 21 ED 77 87 9A 7D 98 FD 9A 00 20 03 BF 72 1F
[2026-04-17 09:25:53] [INFO] [发送] 09:25:53.306 设备ID=12034 module=PERIODIC id=ReadFoupStatus uuid=68 sendCount=1/1 timeout=1000ms crc=30 0C len=8
frame=01 04 00 00 00 09 30 0C
[2026-04-17 09:25:53] [INFO] [接收-帧] 09:25:53.409 设备ID=12034 module=PERIODIC id=ReadFoupStatus uuid=68 len=23
frame=01 04 12 23 BB FB 9E 1D 73 E0 B5 74 60 3E 95 91 7C B7 08 B2 B4 F2 EC
[2026-04-17 09:25:54] [INFO] [发送] 09:25:54.399 设备ID=12034 module=PERIODIC id=ReadFoupStatus uuid=68 sendCount=1/1 timeout=1000ms crc=30 0C len=8
frame=01 04 00 00 00 09 30 0C
[2026-04-17 09:25:54] [INFO] [接收-帧] 09:25:54.506 设备ID=12034 module=PERIODIC id=ReadFoupStatus uuid=68 len=23
frame=01 04 12 F7 4C 01 56 91 E7 0D 35 B6 B2 58 B2 28 1A 59 B3 7B EF 42 B1
[2026-04-17 09:25:55] [INFO] [发送] 09:25:55.505 设备ID=12034 module=PERIODIC id=ReadFoupStatus uuid=68 sendCount=1/1 timeout=1000ms crc=30 0C len=8
frame=01 04 00 00 00 09 30 0C
[2026-04-17 09:25:55] [INFO] [接收-帧] 09:25:55.602 设备ID=12034 module=PERIODIC id=ReadFoupStatus uuid=68 len=23
frame=01 04 12 D5 C4 76 4D 9F 17 10 50 5C 55 40 4F FB 0D 75 3D AE A9 89 74
[2026-04-17 09:25:56] [INFO] [发送] 09:25:56.651 设备ID=12034 module=PERIODIC id=ReadFoupStatus uuid=68 sendCount=1/1 timeout=1000ms crc=30 0C len=8
frame=01 04 00 00 00 09 30 0C
[2026-04-17 09:25:56] [INFO] [接收-帧] 09:25:56.687 设备ID=12034 module=PERIODIC id=ReadFoupStatus uuid=68 len=23
frame=01 04 12 36 00 43 3D A6 77 83 82 04 AD 84 3B AF AE 54 BB 51 A5 9C 19
[2026-04-17 09:25:57] [INFO] [发送] 09:25:57.681 设备ID=12034 module=PERIODIC id=ReadFoupStatus uuid=68 sendCount=1/1 timeout=1000ms crc=30 0C len=8
frame=01 04 00 00 00 09 30 0C
[2026-04-17 09:25:57] [INFO] [接收-帧] 09:25:57.782 设备ID=12034 module=PERIODIC id=ReadFoupStatus uuid=68 len=23
frame=01 04 12 B7 E6 90 DF 62 E6 65 AD C3 BF E0 D5 2C B9 B8 B5 5B 31 76 B7
[2026-04-17 09:25:58] [INFO] [发送] 09:25:58.785 设备ID=12034 module=PERIODIC id=ReadFoupStatus uuid=68 sendCount=1/1 timeout=1000ms crc=30 0C len=8
frame=01 04 00 00 00 09 30 0C
[2026-04-17 09:25:58] [INFO] [接收-帧] 09:25:58.879 设备ID=12034 module=PERIODIC id=ReadFoupStatus uuid=68 len=23
frame=01 04 12 17 1A 27 29 8B 4E D6 4A 12 C1 2F 94 D4 19 31 35 91 8C A1 36
[2026-04-17 09:25:59] [INFO] [发送] 09:25:59.868 设备ID=12034 module=PERIODIC id=ReadFoupStatus uuid=68 sendCount=1/1 timeout=1000ms crc=30 0C len=8
frame=01 04 00 00 00 09 30 0C
[2026-04-17 09:25:59] [INFO] [接收-帧] 09:25:59.972 设备ID=12034 module=PERIODIC id=ReadFoupStatus uuid=68 len=23
frame=01 04 12 3C 5E A2 AA 6D 79 D5 FC FF 7B AE C1 82 57 AD FA A1 13 17 DF
[2026-04-17 09:26:00] [INFO] [发送] 09:26:00.968 设备ID=12034 module=PERIODIC id=ReadFoupStatus uuid=68 sendCount=1/1 timeout=1000ms crc=30 0C len=8
frame=01 04 00 00 00 09 30 0C
[2026-04-17 09:26:01] [INFO] [接收-帧] 09:26:01.066 设备ID=12034 module=PERIODIC id=ReadFoupStatus uuid=68 len=23
frame=01 04 12 44 4A 4A E7 1A E8 A5 AA 97 6E 64 4D 72 E4 CE 03 EA C0 F0 59
[2026-04-17 09:26:02] [INFO] [发送] 09:26:02.066 设备ID=12034 module=PERIODIC id=ReadFoupStatus uuid=68 sendCount=1/1 timeout=1000ms crc=30 0C len=8
frame=01 04 00 00 00 09 30 0C
[2026-04-17 09:26:02] [INFO] [接收-帧] 09:26:02.155 设备ID=12034 module=PERIODIC id=ReadFoupStatus uuid=68 len=23
frame=01 04 12 B3 91 39 4B A3 B0 A9 D6 37 5B 3F C8 8A CA 29 8D EB 40 25 D9
[2026-04-17 09:26:03] [INFO] [发送] 09:26:03.159 设备ID=12034 module=PERIODIC id=ReadFoupStatus uuid=68 sendCount=1/1 timeout=1000ms crc=30 0C len=8
frame=01 04 00 00 00 09 30 0C
[2026-04-17 09:26:03] [INFO] [接收-帧] 09:26:03.255 设备ID=12034 module=PERIODIC id=ReadFoupStatus uuid=68 len=23
frame=01 04 12 13 F7 A6 F9 7E DC C0 83 4E AF 13 5C CB 44 5C 79 36 DC 40 C4
[2026-04-17 09:26:04] [INFO] [发送] 09:26:04.243 设备ID=12034 module=PERIODIC id=ReadFoupStatus uuid=68 sendCount=1/1 timeout=1000ms crc=30 0C len=8
frame=01 04 00 00 00 09 30 0C
[2026-04-17 09:26:04] [INFO] [接收-帧] 09:26:04.383 设备ID=12034 module=PERIODIC id=ReadFoupStatus uuid=68 len=23
frame=01 04 12 67 12 FD 2C B6 0E 47 F3 99 74 7C BD 56 B9 48 62 BD CF 4C C1
[2026-04-17 09:26:05] [INFO] [发送] 09:26:05.392 设备ID=12034 module=PERIODIC id=ReadFoupStatus uuid=68 sendCount=1/1 timeout=1000ms crc=30 0C len=8
frame=01 04 00 00 00 09 30 0C
[2026-04-17 09:26:05] [INFO] [接收-帧] 09:26:05.437 设备ID=12034 module=PERIODIC id=ReadFoupStatus uuid=68 len=23
frame=01 04 12 16 86 0F E6 4D BD F3 79 FF 8A 90 15 2F 8A 6D 6A 78 04 C7 EC
[2026-04-17 09:26:06] [INFO] [发送] 09:26:06.439 设备ID=12034 module=PERIODIC id=ReadFoupStatus uuid=68 sendCount=1/1 timeout=1000ms crc=30 0C len=8
frame=01 04 00 00 00 09 30 0C
[2026-04-17 09:26:06] [INFO] [接收-帧] 09:26:06.591 设备ID=12034 module=PERIODIC id=ReadFoupStatus uuid=68 len=23
frame=01 04 12 E5 1B 1A 44 D7 33 C8 08 4F 2E 91 C0 33 99 99 53 10 13 EA 0D
[2026-04-17 09:26:07] [INFO] [发送] 09:26:07.718 设备ID=12034 module=PERIODIC id=ReadFoupStatus uuid=68 sendCount=1/1 timeout=1000ms crc=30 0C len=8
frame=01 04 00 00 00 09 30 0C
[2026-04-17 09:26:07] [INFO] [接收-帧] 09:26:07.736 设备ID=12034 module=PERIODIC id=ReadFoupStatus uuid=68 len=23
frame=01 04 12 F6 4B 2B 5C 2E ED BF 7E F3 8E BE 6D D9 1C 2A 62 4D 42 6B 86
[2026-04-17 09:26:08] [INFO] [发送] 09:26:08.729 设备ID=12034 module=PERIODIC id=ReadFoupStatus uuid=68 sendCount=1/1 timeout=1000ms crc=30 0C len=8
frame=01 04 00 00 00 09 30 0C
[2026-04-17 09:26:08] [INFO] [接收-帧] 09:26:08.825 设备ID=12034 module=PERIODIC id=ReadFoupStatus uuid=68 len=23
frame=01 04 12 09 5B 71 B6 8C 8F 3A F8 F5 F2 05 F5 91 10 B1 A1 9C 35 75 3F
[2026-04-17 09:26:09] [INFO] [发送] 09:26:09.833 设备ID=12034 module=PERIODIC id=ReadFoupStatus uuid=68 sendCount=1/1 timeout=1000ms crc=30 0C len=8
frame=01 04 00 00 00 09 30 0C
[2026-04-17 09:26:09] [INFO] [接收-帧] 09:26:09.927 设备ID=12034 module=PERIODIC id=ReadFoupStatus uuid=68 len=23
frame=01 04 12 AE 49 AF 8F 76 72 5D A0 2E F8 F5 31 FD F9 48 89 28 0C 4F 12
[2026-04-17 09:26:10] [INFO] [发送] 09:26:10.924 设备ID=12034 module=PERIODIC id=ReadFoupStatus uuid=68 sendCount=1/1 timeout=1000ms crc=30 0C len=8
frame=01 04 00 00 00 09 30 0C
[2026-04-17 09:26:11] [INFO] [接收-帧] 09:26:11.019 设备ID=12034 module=PERIODIC id=ReadFoupStatus uuid=68 len=23
frame=01 04 12 76 AD FA 6B A6 04 F9 DB 33 29 D4 1A A4 E9 B6 3C CC 63 C1 53
[2026-04-17 09:26:12] [INFO] [发送] 09:26:12.009 设备ID=12034 module=PERIODIC id=ReadFoupStatus uuid=68 sendCount=1/1 timeout=1000ms crc=30 0C len=8
frame=01 04 00 00 00 09 30 0C
[2026-04-17 09:26:12] [INFO] [接收-帧] 09:26:12.114 设备ID=12034 module=PERIODIC id=ReadFoupStatus uuid=68 len=23
frame=01 04 12 26 AD 93 75 A3 6B 31 05 96 1A AE 78 62 CC FF 6A C0 6D F2 FC
[2026-04-17 09:26:13] [INFO] [发送] 09:26:13.114 设备ID=12034 module=PERIODIC id=ReadFoupStatus uuid=68 sendCount=1/1 timeout=1000ms crc=30 0C len=8
frame=01 04 00 00 00 09 30 0C
[2026-04-17 09:26:13] [INFO] [接收-帧] 09:26:13.207 设备ID=12034 module=PERIODIC id=ReadFoupStatus uuid=68 len=23
frame=01 04 12 E6 B9 43 49 47 44 E6 7C 87 9E 6B 1E 5A 6E 2F 96 E2 9E 48 A1
[2026-04-17 09:26:14] [INFO] [发送] 09:26:14.201 设备ID=12034 module=PERIODIC id=ReadFoupStatus uuid=68 sendCount=1/1 timeout=1000ms crc=30 0C len=8
frame=01 04 00 00 00 09 30 0C
[2026-04-17 09:26:14] [INFO] [接收-帧] 09:26:14.298 设备ID=12034 module=PERIODIC id=ReadFoupStatus uuid=68 len=23
frame=01 04 12 FB 15 9E BD 13 3F 19 24 AD CC 9D 69 9A 9A 35 A2 2B CE 7E D0
[2026-04-17 09:26:15] [INFO] [发送] 09:26:15.637 设备ID=12034 module=PERIODIC id=ReadFoupStatus uuid=68 sendCount=1/1 timeout=1000ms crc=30 0C len=8
frame=01 04 00 00 00 09 30 0C
[2026-04-17 09:26:15] [INFO] [接收-帧] 09:26:15.735 设备ID=12034 module=PERIODIC id=ReadFoupStatus uuid=68 len=23
frame=01 04 12 85 6D 60 8E 2B 5F 5C 39 B7 F7 11 51 13 BC 6E FF 6B 62 DF 6C
[2026-04-17 09:26:16] [INFO] [发送] 09:26:16.736 设备ID=12034 module=PERIODIC id=ReadFoupStatus uuid=68 sendCount=1/1 timeout=1000ms crc=30 0C len=8
frame=01 04 00 00 00 09 30 0C
[2026-04-17 09:26:16] [INFO] [接收-帧] 09:26:16.814 设备ID=12034 module=PERIODIC id=ReadFoupStatus uuid=68 len=23
frame=01 04 12 A2 E3 1A EC 33 7C FB 0E 90 3A B7 7B 97 F5 1C 59 F7 92 38 D7
[2026-04-17 09:26:17] [INFO] [发送] 09:26:17.813 设备ID=12034 module=PERIODIC id=ReadFoupStatus uuid=68 sendCount=1/1 timeout=1000ms crc=30 0C len=8
frame=01 04 00 00 00 09 30 0C
[2026-04-17 09:26:17] [INFO] [接收-帧] 09:26:17.971 设备ID=12034 module=PERIODIC id=ReadFoupStatus uuid=68 len=23
frame=01 04 12 92 46 A9 82 83 4C E3 48 FC C9 9E 9B 49 78 59 F7 A3 21 D9 DB
[2026-04-17 09:26:18] [INFO] [发送] 09:26:18.962 设备ID=12034 module=PERIODIC id=ReadFoupStatus uuid=68 sendCount=1/1 timeout=1000ms crc=30 0C len=8
frame=01 04 00 00 00 09 30 0C
[2026-04-17 09:26:19] [INFO] [接收-帧] 09:26:19.005 设备ID=12034 module=PERIODIC id=ReadFoupStatus uuid=68 len=23
frame=01 04 12 4F 41 1A 5C 48 88 54 86 AC AF A6 37 C2 70 B3 30 5A C7 47 2F
[2026-04-17 09:26:20] [INFO] [发送] 09:26:20.006 设备ID=12034 module=PERIODIC id=ReadFoupStatus uuid=68 sendCount=1/1 timeout=1000ms crc=30 0C len=8
frame=01 04 00 00 00 09 30 0C
[2026-04-17 09:26:20] [INFO] [接收-帧] 09:26:20.093 设备ID=12034 module=PERIODIC id=ReadFoupStatus uuid=68 len=23
frame=01 04 12 39 03 90 A0 45 5A E5 AA 71 0E C4 73 C0 2A 17 9E D9 CD 30 C4
[2026-04-17 09:26:21] [INFO] [发送] 09:26:21.093 设备ID=12034 module=PERIODIC id=ReadFoupStatus uuid=68 sendCount=1/1 timeout=1000ms crc=30 0C len=8
frame=01 04 00 00 00 09 30 0C
[2026-04-17 09:26:21] [INFO] [接收-帧] 09:26:21.191 设备ID=12034 module=PERIODIC id=ReadFoupStatus uuid=68 len=23
frame=01 04 12 3E 0E 73 F4 DF 7E F8 D0 5A 8B 4B 63 F9 09 1D 9E AB 95 95 FB
[2026-04-17 09:26:22] [INFO] [发送] 09:26:22.191 设备ID=12034 module=PERIODIC id=ReadFoupStatus uuid=68 sendCount=1/1 timeout=1000ms crc=30 0C len=8
frame=01 04 00 00 00 09 30 0C
[2026-04-17 09:26:22] [INFO] [接收-帧] 09:26:22.868 设备ID=12034 module=PERIODIC id=ReadFoupStatus uuid=68 len=23
frame=01 04 12 2D F1 12 92 E4 2C 1C 74 53 E4 47 C8 C5 93 B4 8F 14 AF 79 1A
[2026-04-17 09:26:23] [INFO] [发送] 09:26:23.878 设备ID=12034 module=PERIODIC id=ReadFoupStatus uuid=68 sendCount=1/1 timeout=1000ms crc=30 0C len=8
frame=01 04 00 00 00 09 30 0C
[2026-04-17 09:26:23] [INFO] [接收-帧] 09:26:23.927 设备ID=12034 module=PERIODIC id=ReadFoupStatus uuid=68 len=23
frame=01 04 12 3A DD 1C DB 17 71 8D 43 44 0F 1A 56 8F 90 BC ED 5C 2A 49 49
[2026-04-17 09:26:25] [INFO] [发送] 09:26:25.597 设备ID=12034 module=PERIODIC id=ReadFoupStatus uuid=68 sendCount=1/1 timeout=1000ms crc=30 0C len=8
frame=01 04 00 00 00 09 30 0C
[2026-04-17 09:26:25] [INFO] [接收-帧] 09:26:25.677 设备ID=12034 module=PERIODIC id=ReadFoupStatus uuid=68 len=23
frame=01 04 12 46 72 76 C3 0C 3C 1D 57 57 CE C8 28 5F F6 A8 F6 72 58 52 15
[2026-04-17 09:26:26] [INFO] [发送] 09:26:26.668 设备ID=12034 module=PERIODIC id=ReadFoupStatus uuid=68 sendCount=1/1 timeout=1000ms crc=30 0C len=8
frame=01 04 00 00 00 09 30 0C
[2026-04-17 09:26:27] [INFO] [接收-帧] 09:26:27.099 设备ID=12034 module=PERIODIC id=ReadFoupStatus uuid=68 len=23
frame=01 04 12 24 D1 3A 9E 14 8F B6 DE CC BC 35 A4 BA 7A 21 E1 1D A1 76 2C
[2026-04-17 09:26:28] [INFO] [发送] 09:26:28.090 设备ID=12034 module=PERIODIC id=ReadFoupStatus uuid=68 sendCount=1/1 timeout=1000ms crc=30 0C len=8
frame=01 04 00 00 00 09 30 0C
[2026-04-17 09:26:28] [INFO] [接收-帧] 09:26:28.190 设备ID=12034 module=PERIODIC id=ReadFoupStatus uuid=68 len=23
frame=01 04 12 FC 83 3E FD 1F 2E 7F AF DA F9 99 07 C1 41 A4 FB D4 1E CF 3C
[2026-04-17 09:26:29] [INFO] [发送] 09:26:29.191 设备ID=12034 module=PERIODIC id=ReadFoupStatus uuid=68 sendCount=1/1 timeout=1000ms crc=30 0C len=8
frame=01 04 00 00 00 09 30 0C
[2026-04-17 09:26:29] [INFO] [接收-帧] 09:26:29.286 设备ID=12034 module=PERIODIC id=ReadFoupStatus uuid=68 len=23
frame=01 04 12 4A B5 4B 04 DF 71 18 5C 13 C5 4E 69 C3 DC 06 4B 5B E9 B0 23
[2026-04-17 09:26:30] [INFO] [发送] 09:26:30.279 设备ID=12034 module=PERIODIC id=ReadFoupStatus uuid=68 sendCount=1/1 timeout=1000ms crc=30 0C len=8
frame=01 04 00 00 00 09 30 0C
[2026-04-17 09:26:30] [INFO] [接收-帧] 09:26:30.385 设备ID=12034 module=PERIODIC id=ReadFoupStatus uuid=68 len=23
frame=01 04 12 D3 05 DD 4F 73 28 ED 9C 52 CE 42 C8 18 05 18 72 CF E7 BB 12
[2026-04-17 09:26:31] [INFO] [发送] 09:26:31.390 设备ID=12034 module=PERIODIC id=ReadFoupStatus uuid=68 sendCount=1/1 timeout=1000ms crc=30 0C len=8
frame=01 04 00 00 00 09 30 0C
[2026-04-17 09:26:31] [INFO] [接收-帧] 09:26:31.488 设备ID=12034 module=PERIODIC id=ReadFoupStatus uuid=68 len=23
frame=01 04 12 36 D4 43 AC 6F 6D A8 9F E1 D3 5F 6D E9 7C C1 E8 69 16 48 04
[2026-04-17 09:26:32] [INFO] [发送] 09:26:32.712 设备ID=12034 module=PERIODIC id=ReadFoupStatus uuid=68 sendCount=1/1 timeout=1000ms crc=30 0C len=8
frame=01 04 00 00 00 09 30 0C
[2026-04-17 09:26:32] [INFO] [接收-帧] 09:26:32.777 设备ID=12034 module=PERIODIC id=ReadFoupStatus uuid=68 len=23
frame=01 04 12 66 04 B7 48 78 6D 6B DC 42 81 B8 FA 8C 2E 3D 4C 8E B3 1C 7F
[2026-04-17 09:26:33] [INFO] [发送] 09:26:33.777 设备ID=12034 module=PERIODIC id=ReadFoupStatus uuid=68 sendCount=1/1 timeout=1000ms crc=30 0C len=8
frame=01 04 00 00 00 09 30 0C
[2026-04-17 09:26:33] [INFO] [接收-帧] 09:26:33.876 设备ID=12034 module=PERIODIC id=ReadFoupStatus uuid=68 len=23
frame=01 04 12 5A 25 25 F6 6A 17 34 38 35 D5 59 18 F3 C3 8B EE 07 00 1E E4
[2026-04-17 09:26:34] [INFO] [发送] 09:26:34.879 设备ID=12034 module=PERIODIC id=ReadFoupStatus uuid=68 sendCount=1/1 timeout=1000ms crc=30 0C len=8
frame=01 04 00 00 00 09 30 0C
[2026-04-17 09:26:34] [INFO] [接收-帧] 09:26:34.991 设备ID=12034 module=PERIODIC id=ReadFoupStatus uuid=68 len=23
frame=01 04 12 3A BE 1F 13 F8 35 4A 6C 23 4A 7F F9 BC 0A CD DF AA 0E EF 48
[2026-04-17 09:26:35] [INFO] [发送] 09:26:35.995 设备ID=12034 module=PERIODIC id=ReadFoupStatus uuid=68 sendCount=1/1 timeout=1000ms crc=30 0C len=8
frame=01 04 00 00 00 09 30 0C
[2026-04-17 09:26:36] [INFO] [接收-帧] 09:26:36.061 设备ID=12034 module=PERIODIC id=ReadFoupStatus uuid=68 len=23
frame=01 04 12 BC 14 48 C5 09 80 B0 37 04 51 C6 91 F4 8F 1C 39 96 FB 8A 82
[2026-04-17 09:26:37] [INFO] [发送] 09:26:37.061 设备ID=12034 module=PERIODIC id=ReadFoupStatus uuid=68 sendCount=1/1 timeout=1000ms crc=30 0C len=8
frame=01 04 00 00 00 09 30 0C
[2026-04-17 09:26:37] [INFO] [接收-帧] 09:26:37.152 设备ID=12034 module=PERIODIC id=ReadFoupStatus uuid=68 len=23
frame=01 04 12 85 A5 B3 80 63 FC A8 2A DE 64 C9 CD 6A 95 25 C9 F5 CF 8C 57
[2026-04-17 09:26:38] [INFO] [发送] 09:26:38.170 设备ID=12034 module=PERIODIC id=ReadFoupStatus uuid=68 sendCount=1/1 timeout=1000ms crc=30 0C len=8
frame=01 04 00 00 00 09 30 0C
[2026-04-17 09:26:38] [INFO] [接收-帧] 09:26:38.269 设备ID=12034 module=PERIODIC id=ReadFoupStatus uuid=68 len=23
frame=01 04 12 59 21 E8 DB F8 AF 11 7C 76 CC A0 25 42 48 C1 BF 29 8D 79 84
[2026-04-17 09:26:39] [INFO] [发送] 09:26:39.279 设备ID=12034 module=PERIODIC id=ReadFoupStatus uuid=68 sendCount=1/1 timeout=1000ms crc=30 0C len=8
frame=01 04 00 00 00 09 30 0C
[2026-04-17 09:26:39] [INFO] [接收-帧] 09:26:39.346 设备ID=12034 module=PERIODIC id=ReadFoupStatus uuid=68 len=23
frame=01 04 12 A3 46 82 BC 50 20 47 F0 BC 8C 8F 2F E3 0D 41 6F 86 2B 9B 91
[2026-04-17 09:26:40] [INFO] [发送] 09:26:40.347 设备ID=12034 module=PERIODIC id=ReadFoupStatus uuid=68 sendCount=1/1 timeout=1000ms crc=30 0C len=8
frame=01 04 00 00 00 09 30 0C
[2026-04-17 09:26:40] [INFO] [接收-帧] 09:26:40.437 设备ID=12034 module=PERIODIC id=ReadFoupStatus uuid=68 len=23
frame=01 04 12 FE 4A 83 1F A2 13 C5 65 B2 F2 E5 D7 03 89 0F 7B 8D 25 DF DA
[2026-04-17 09:26:41] [INFO] [发送] 09:26:41.453 设备ID=12034 module=PERIODIC id=ReadFoupStatus uuid=68 sendCount=1/1 timeout=1000ms crc=30 0C len=8
frame=01 04 00 00 00 09 30 0C
[2026-04-17 09:26:41] [INFO] [接收-帧] 09:26:41.536 设备ID=12034 module=PERIODIC id=ReadFoupStatus uuid=68 len=23
frame=01 04 12 27 95 65 54 E5 24 D9 15 67 78 B8 EA 50 12 57 F7 54 29 28 6C
[2026-04-17 09:26:42] [INFO] [发送] 09:26:42.542 设备ID=12034 module=PERIODIC id=ReadFoupStatus uuid=68 sendCount=1/1 timeout=1000ms crc=30 0C len=8
frame=01 04 00 00 00 09 30 0C
[2026-04-17 09:26:42] [INFO] [接收-帧] 09:26:42.627 设备ID=12034 module=PERIODIC id=ReadFoupStatus uuid=68 len=23
frame=01 04 12 98 5D DE 2B 2D BF 24 9E 10 F5 9E 9A BE D4 69 84 D9 0C 69 92
[2026-04-17 09:26:43] [INFO] [发送] 09:26:43.625 设备ID=12034 module=PERIODIC id=ReadFoupStatus uuid=68 sendCount=1/1 timeout=1000ms crc=30 0C len=8
frame=01 04 00 00 00 09 30 0C
[2026-04-17 09:26:43] [INFO] [接收-帧] 09:26:43.716 设备ID=12034 module=PERIODIC id=ReadFoupStatus uuid=68 len=23
frame=01 04 12 90 3D F4 8F 12 60 2B B8 8F 58 0E DA A4 95 3B E5 0C EF F3 2F
[2026-04-17 09:26:44] [INFO] [发送] 09:26:44.714 设备ID=12034 module=PERIODIC id=ReadFoupStatus uuid=68 sendCount=1/1 timeout=1000ms crc=30 0C len=8
frame=01 04 00 00 00 09 30 0C
[2026-04-17 09:26:44] [INFO] [接收-帧] 09:26:44.819 设备ID=12034 module=PERIODIC id=ReadFoupStatus uuid=68 len=23
frame=01 04 12 9C EE CA 94 7A 93 5D B1 2E 79 FD CB 4C 2F 55 CD 38 C2 14 F7
[2026-04-17 09:26:45] [INFO] [发送] 09:26:45.829 设备ID=12034 module=PERIODIC id=ReadFoupStatus uuid=68 sendCount=1/1 timeout=1000ms crc=30 0C len=8
frame=01 04 00 00 00 09 30 0C
[2026-04-17 09:26:45] [INFO] [接收-帧] 09:26:45.904 设备ID=12034 module=PERIODIC id=ReadFoupStatus uuid=68 len=23
frame=01 04 12 6C 3C 07 BE CA 1F 0B 8D 4A 77 BD C0 A8 DF 60 B4 FE 0D 98 89
[2026-04-17 09:26:46] [INFO] [发送] 09:26:46.900 设备ID=12034 module=PERIODIC id=ReadFoupStatus uuid=68 sendCount=1/1 timeout=1000ms crc=30 0C len=8
frame=01 04 00 00 00 09 30 0C
[2026-04-17 09:26:47] [INFO] [接收-帧] 09:26:47.002 设备ID=12034 module=PERIODIC id=ReadFoupStatus uuid=68 len=23
frame=01 04 12 F0 E5 DD 54 AC 5D DC 0C D5 6D A1 54 10 6E BE A7 74 B6 93 A6
[2026-04-17 09:26:47] [INFO] [发送] 09:26:47.998 设备ID=12034 module=PERIODIC id=ReadFoupStatus uuid=68 sendCount=1/1 timeout=1000ms crc=30 0C len=8
frame=01 04 00 00 00 09 30 0C
[2026-04-17 09:26:48] [INFO] [接收-帧] 09:26:48.092 设备ID=12034 module=PERIODIC id=ReadFoupStatus uuid=68 len=23
frame=01 04 12 86 65 1B 36 07 D4 1F 92 4A 1A 6D 9F 30 3B 91 6F 32 C8 8C 7B
[2026-04-17 09:26:49] [INFO] [发送] 09:26:49.103 设备ID=12034 module=PERIODIC id=ReadFoupStatus uuid=68 sendCount=1/1 timeout=1000ms crc=30 0C len=8
frame=01 04 00 00 00 09 30 0C
[2026-04-17 09:26:49] [INFO] [接收-帧] 09:26:49.188 设备ID=12034 module=PERIODIC id=ReadFoupStatus uuid=68 len=23
frame=01 04 12 0C 86 21 D8 3E 37 01 A5 9D EF 58 4A EB C5 51 D8 C3 7E F6 89
[2026-04-17 09:26:50] [INFO] [发送] 09:26:50.183 设备ID=12034 module=PERIODIC id=ReadFoupStatus uuid=68 sendCount=1/1 timeout=1000ms crc=30 0C len=8
frame=01 04 00 00 00 09 30 0C
[2026-04-17 09:26:50] [INFO] [接收-帧] 09:26:50.282 设备ID=12034 module=PERIODIC id=ReadFoupStatus uuid=68 len=23
frame=01 04 12 04 18 C7 61 E7 61 10 45 5B 63 F0 9C 24 44 D0 46 B5 F8 1B 8A
[2026-04-17 09:26:51] [INFO] [发送] 09:26:51.277 设备ID=12034 module=PERIODIC id=ReadFoupStatus uuid=68 sendCount=1/1 timeout=1000ms crc=30 0C len=8
frame=01 04 00 00 00 09 30 0C
[2026-04-17 09:26:51] [INFO] [接收-帧] 09:26:51.372 设备ID=12034 module=PERIODIC id=ReadFoupStatus uuid=68 len=23
frame=01 04 12 F9 06 CF CB 7A D8 2D 2E 9B 38 AA E6 FF 05 E6 4F EA 7F EB 6D
[2026-04-17 09:26:52] [INFO] [发送] 09:26:52.375 设备ID=12034 module=PERIODIC id=ReadFoupStatus uuid=68 sendCount=1/1 timeout=1000ms crc=30 0C len=8
frame=01 04 00 00 00 09 30 0C
[2026-04-17 09:26:52] [INFO] [接收-帧] 09:26:52.470 设备ID=12034 module=PERIODIC id=ReadFoupStatus uuid=68 len=23
frame=01 04 12 38 8E D0 49 8B 47 6D 10 B4 CB 3C DF B9 EE B1 25 FD 87 D0 26
[2026-04-17 09:26:53] [INFO] [发送] 09:26:53.530 设备ID=12034 module=PERIODIC id=ReadFoupStatus uuid=68 sendCount=1/1 timeout=1000ms crc=30 0C len=8
frame=01 04 00 00 00 09 30 0C
[2026-04-17 09:26:53] [INFO] [接收-帧] 09:26:53.562 设备ID=12034 module=PERIODIC id=ReadFoupStatus uuid=68 len=23
frame=01 04 12 C1 33 AD F2 B1 BE 95 EF 39 39 8B 3F 52 68 B9 E8 CA 8E C6 70
[2026-04-17 09:26:54] [INFO] [发送] 09:26:54.590 设备ID=12034 module=PERIODIC id=ReadFoupStatus uuid=68 sendCount=1/1 timeout=1000ms crc=30 0C len=8
frame=01 04 00 00 00 09 30 0C
[2026-04-17 09:26:54] [INFO] [接收-帧] 09:26:54.657 设备ID=12034 module=PERIODIC id=ReadFoupStatus uuid=68 len=23
frame=01 04 12 4F C9 FC F3 B9 95 48 58 29 26 B0 54 E9 0A FB 74 97 DB 07 08
[2026-04-17 09:26:55] [INFO] [发送] 09:26:55.674 设备ID=12034 module=PERIODIC id=ReadFoupStatus uuid=68 sendCount=1/1 timeout=1000ms crc=30 0C len=8
frame=01 04 00 00 00 09 30 0C
[2026-04-17 09:26:55] [INFO] [接收-帧] 09:26:55.751 设备ID=12034 module=PERIODIC id=ReadFoupStatus uuid=68 len=23
frame=01 04 12 5F 79 2F 77 7C AF D4 B3 BE A7 07 73 11 16 46 58 CF 4C 4F BD
[2026-04-17 09:26:56] [INFO] [发送] 09:26:56.742 设备ID=12034 module=PERIODIC id=ReadFoupStatus uuid=68 sendCount=1/1 timeout=1000ms crc=30 0C len=8
frame=01 04 00 00 00 09 30 0C
[2026-04-17 09:26:56] [INFO] [接收-帧] 09:26:56.846 设备ID=12034 module=PERIODIC id=ReadFoupStatus uuid=68 len=23
frame=01 04 12 C2 15 27 16 14 A9 D6 A1 61 DE 6E C9 F9 AB AA 13 0E 36 74 59
[2026-04-17 09:26:57] [INFO] [发送] 09:26:57.843 设备ID=12034 module=PERIODIC id=ReadFoupStatus uuid=68 sendCount=1/1 timeout=1000ms crc=30 0C len=8
frame=01 04 00 00 00 09 30 0C
[2026-04-17 09:26:57] [INFO] [接收-帧] 09:26:57.944 设备ID=12034 module=PERIODIC id=ReadFoupStatus uuid=68 len=23
frame=01 04 12 85 84 49 23 4C 43 75 5C 88 4E B8 D7 3D 1D D4 81 B8 42 29 53
[2026-04-17 09:26:58] [INFO] [发送] 09:26:58.939 设备ID=12034 module=PERIODIC id=ReadFoupStatus uuid=68 sendCount=1/1 timeout=1000ms crc=30 0C len=8
frame=01 04 00 00 00 09 30 0C
[2026-04-17 09:26:59] [INFO] [接收-帧] 09:26:59.033 设备ID=12034 module=PERIODIC id=ReadFoupStatus uuid=68 len=23
frame=01 04 12 63 CF 1D 74 52 85 48 60 25 00 73 B7 CE C0 9B EF F0 43 55 36
[2026-04-17 09:27:00] [INFO] [发送] 09:27:00.025 设备ID=12034 module=PERIODIC id=ReadFoupStatus uuid=68 sendCount=1/1 timeout=1000ms crc=30 0C len=8
frame=01 04 00 00 00 09 30 0C
[2026-04-17 09:27:00] [INFO] [接收-帧] 09:27:00.123 设备ID=12034 module=PERIODIC id=ReadFoupStatus uuid=68 len=23
frame=01 04 12 65 D9 A0 AF 18 D3 23 31 F9 C6 F4 59 E7 F7 F1 A8 37 92 A6 3C
[2026-04-17 09:27:01] [INFO] [发送] 09:27:01.123 设备ID=12034 module=PERIODIC id=ReadFoupStatus uuid=68 sendCount=1/1 timeout=1000ms crc=30 0C len=8
frame=01 04 00 00 00 09 30 0C
[2026-04-17 09:27:01] [INFO] [接收-帧] 09:27:01.222 设备ID=12034 module=PERIODIC id=ReadFoupStatus uuid=68 len=23
frame=01 04 12 BE 92 69 47 8A 68 4B 97 50 2C D5 07 74 FB 3F 35 E8 34 F9 86
[2026-04-17 09:27:37] [INFO] [发送] 09:27:37.345 设备ID=12034 module=INITIAL id=ReadVersion uuid=67 sendCount=1/4 timeout=1000ms crc=B1 CD len=8
frame=01 04 00 18 00 01 B1 CD
[2026-04-17 09:27:37] [INFO] [接收-帧] 09:27:37.744 设备ID=12034 module=INITIAL id=ReadVersion uuid=67 len=7
frame=01 04 02 00 00 B9 30
[2026-04-17 09:27:37] [INFO] [发送] 09:27:37.744 设备ID=12034 module=PERIODIC id=ReadFoupStatus uuid=68 sendCount=1/1 timeout=1000ms crc=30 0C len=8
frame=01 04 00 00 00 09 30 0C
[2026-04-17 09:27:37] [INFO] [接收-帧] 09:27:37.783 设备ID=12034 module=PERIODIC id=ReadFoupStatus uuid=68 len=23
frame=01 04 12 B3 7F 98 A9 7A 1D F7 35 9B 04 64 49 E6 93 C9 06 12 E3 17 E3
[2026-04-17 09:27:38] [INFO] [发送] 09:27:38.777 设备ID=12034 module=PERIODIC id=ReadFoupStatus uuid=68 sendCount=1/1 timeout=1000ms crc=30 0C len=8
frame=01 04 00 00 00 09 30 0C
[2026-04-17 09:27:38] [INFO] [接收-帧] 09:27:38.876 设备ID=12034 module=PERIODIC id=ReadFoupStatus uuid=68 len=23
frame=01 04 12 37 5C A2 B0 DF A7 47 B0 16 A7 83 2D 2C 26 DA BD 81 AF B1 4E
[2026-04-17 09:27:39] [INFO] [发送] 09:27:39.871 设备ID=12034 module=PERIODIC id=ReadFoupStatus uuid=68 sendCount=1/1 timeout=1000ms crc=30 0C len=8
frame=01 04 00 00 00 09 30 0C
[2026-04-17 09:27:39] [INFO] [接收-帧] 09:27:39.965 设备ID=12034 module=PERIODIC id=ReadFoupStatus uuid=68 len=23
frame=01 04 12 45 29 BD C7 3F B8 EC 30 85 35 B3 99 2E A2 63 06 94 2C 18 61
[2026-04-17 09:27:40] [INFO] [发送] 09:27:40.965 设备ID=12034 module=PERIODIC id=ReadFoupStatus uuid=68 sendCount=1/1 timeout=1000ms crc=30 0C len=8
frame=01 04 00 00 00 09 30 0C
[2026-04-17 09:27:41] [INFO] [接收-帧] 09:27:41.066 设备ID=12034 module=PERIODIC id=ReadFoupStatus uuid=68 len=23
frame=01 04 12 D9 75 24 4E C0 F2 9B 82 DF 54 EC 2D 95 B3 EC B3 D8 82 42 28
[2026-04-17 09:27:42] [INFO] [发送] 09:27:42.067 设备ID=12034 module=PERIODIC id=ReadFoupStatus uuid=68 sendCount=1/1 timeout=1000ms crc=30 0C len=8
frame=01 04 00 00 00 09 30 0C
[2026-04-17 09:27:42] [INFO] [接收-帧] 09:27:42.160 设备ID=12034 module=PERIODIC id=ReadFoupStatus uuid=68 len=23
frame=01 04 12 6B 84 BD 39 C1 78 AD F1 71 21 A6 3F E4 20 6C 6E E5 50 6B 6F
[2026-04-17 09:27:43] [INFO] [发送] 09:27:43.151 设备ID=12034 module=PERIODIC id=ReadFoupStatus uuid=68 sendCount=1/1 timeout=1000ms crc=30 0C len=8
frame=01 04 00 00 00 09 30 0C
[2026-04-17 09:27:43] [INFO] [接收-帧] 09:27:43.250 设备ID=12034 module=PERIODIC id=ReadFoupStatus uuid=68 len=23
frame=01 04 12 77 6B A4 4C E5 D1 D2 15 90 9D B1 18 AC 4A 21 B3 52 05 05 31
[2026-04-17 09:27:44] [INFO] [发送] 09:27:44.255 设备ID=12034 module=PERIODIC id=ReadFoupStatus uuid=68 sendCount=1/1 timeout=1000ms crc=30 0C len=8
frame=01 04 00 00 00 09 30 0C
[2026-04-17 09:27:44] [INFO] [接收-帧] 09:27:44.341 设备ID=12034 module=PERIODIC id=ReadFoupStatus uuid=68 len=23
frame=01 04 12 DB 35 9F 22 74 D9 72 8D 67 4A 83 C3 AE A9 5B 47 22 AD 84 0B
[2026-04-17 09:27:45] [INFO] [发送] 09:27:45.341 设备ID=12034 module=PERIODIC id=ReadFoupStatus uuid=68 sendCount=1/1 timeout=1000ms crc=30 0C len=8
frame=01 04 00 00 00 09 30 0C
[2026-04-17 09:27:45] [INFO] [接收-帧] 09:27:45.440 设备ID=12034 module=PERIODIC id=ReadFoupStatus uuid=68 len=23
frame=01 04 12 1B 8F A2 4F D9 93 58 9A 94 75 58 1F A0 9A 9C DA 54 A8 F5 A6
[2026-04-17 09:27:46] [INFO] [发送] 09:27:46.439 设备ID=12034 module=PERIODIC id=ReadFoupStatus uuid=68 sendCount=1/1 timeout=1000ms crc=30 0C len=8
frame=01 04 00 00 00 09 30 0C
[2026-04-17 09:27:46] [INFO] [接收-帧] 09:27:46.536 设备ID=12034 module=PERIODIC id=ReadFoupStatus uuid=68 len=23
frame=01 04 12 74 2B B4 BA F9 D0 0C 76 37 A6 F3 B3 EE DD 5A 04 4E FD AE 6F
[2026-04-17 09:27:47] [INFO] [发送] 09:27:47.526 设备ID=12034 module=PERIODIC id=ReadFoupStatus uuid=68 sendCount=1/1 timeout=1000ms crc=30 0C len=8
frame=01 04 00 00 00 09 30 0C
[2026-04-17 09:27:47] [INFO] [接收-帧] 09:27:47.627 设备ID=12034 module=PERIODIC id=ReadFoupStatus uuid=68 len=23
frame=01 04 12 19 EB 7F 89 C8 86 F5 E5 54 75 88 59 6F 0F DA F5 4F C4 2A C3
[2026-04-17 09:27:48] [INFO] [发送] 09:27:48.622 设备ID=12034 module=PERIODIC id=ReadFoupStatus uuid=68 sendCount=1/1 timeout=1000ms crc=30 0C len=8
frame=01 04 00 00 00 09 30 0C
[2026-04-17 09:27:48] [INFO] [接收-帧] 09:27:48.723 设备ID=12034 module=PERIODIC id=ReadFoupStatus uuid=68 len=23
frame=01 04 12 FF EC E9 09 1A 88 8E E9 58 C4 9B 05 77 46 1F 16 40 00 4D B0
[2026-04-17 09:27:49] [INFO] [发送] 09:27:49.718 设备ID=12034 module=PERIODIC id=ReadFoupStatus uuid=68 sendCount=1/1 timeout=1000ms crc=30 0C len=8
frame=01 04 00 00 00 09 30 0C
[2026-04-17 09:27:49] [INFO] [接收-帧] 09:27:49.815 设备ID=12034 module=PERIODIC id=ReadFoupStatus uuid=68 len=23
frame=01 04 12 14 DC 65 15 2B 3D D0 B1 2E 06 63 7C D2 7F 4B C5 B5 EB CB 22
[2026-04-17 09:27:50] [INFO] [发送] 09:27:50.811 设备ID=12034 module=PERIODIC id=ReadFoupStatus uuid=68 sendCount=1/1 timeout=1000ms crc=30 0C len=8
frame=01 04 00 00 00 09 30 0C
[2026-04-17 09:27:50] [INFO] [接收-帧] 09:27:50.905 设备ID=12034 module=PERIODIC id=ReadFoupStatus uuid=68 len=23
frame=01 04 12 B9 CF 50 B2 C5 28 F4 5A F3 C1 DF 55 4B BF 3A B8 DD D6 40 23
[2026-04-17 09:31:34] [INFO] [发送] 09:31:34.066 设备ID=12034 module=INITIAL id=ReadVersion uuid=67 sendCount=1/4 timeout=1000ms crc=B1 CD len=8
frame=01 04 00 18 00 01 B1 CD
[2026-04-17 09:31:34] [INFO] [接收-帧] 09:31:34.326 设备ID=12034 module=INITIAL id=ReadVersion uuid=67 len=7
frame=01 04 02 00 00 B9 30
[2026-04-17 09:31:34] [INFO] [发送] 09:31:34.327 设备ID=12034 module=PERIODIC id=ReadFoupStatus uuid=68 sendCount=1/1 timeout=1000ms crc=30 0C len=8
frame=01 04 00 00 00 09 30 0C
[2026-04-17 09:31:34] [INFO] [接收-帧] 09:31:34.393 设备ID=12034 module=PERIODIC id=ReadFoupStatus uuid=68 len=23
frame=01 04 12 1F FB 60 20 13 4D E8 35 C8 97 51 22 5C 29 55 68 32 48 25 6B
[2026-04-17 09:31:35] [INFO] [发送] 09:31:35.386 设备ID=12034 module=PERIODIC id=ReadFoupStatus uuid=68 sendCount=1/1 timeout=1000ms crc=30 0C len=8
frame=01 04 00 00 00 09 30 0C
[2026-04-17 09:31:35] [INFO] [接收-帧] 09:31:35.486 设备ID=12034 module=PERIODIC id=ReadFoupStatus uuid=68 len=23
frame=01 04 12 14 B2 76 43 91 D3 6F A1 E4 66 DE AF 1D 25 50 DE 25 F8 7A C1
[2026-04-17 09:31:36] [INFO] [发送] 09:31:36.487 设备ID=12034 module=PERIODIC id=ReadFoupStatus uuid=68 sendCount=1/1 timeout=1000ms crc=30 0C len=8
frame=01 04 00 00 00 09 30 0C
[2026-04-17 09:31:36] [INFO] [接收-帧] 09:31:36.587 设备ID=12034 module=PERIODIC id=ReadFoupStatus uuid=68 len=23
frame=01 04 12 4B C2 1F E5 00 E2 7A 03 63 23 98 B4 69 77 89 FD 47 53 24 FA
[2026-04-17 09:31:37] [INFO] [发送] 09:31:37.593 设备ID=12034 module=PERIODIC id=ReadFoupStatus uuid=68 sendCount=1/1 timeout=1000ms crc=30 0C len=8
frame=01 04 00 00 00 09 30 0C
[2026-04-17 09:31:37] [INFO] [接收-帧] 09:31:37.718 设备ID=12034 module=PERIODIC id=ReadFoupStatus uuid=68 len=23
frame=01 04 12 EC 81 8D BD E9 AA 95 78 20 09 98 98 94 31 59 51 89 5E DA 0E
[2026-04-17 09:31:38] [INFO] [发送] 09:31:38.741 设备ID=12034 module=PERIODIC id=ReadFoupStatus uuid=68 sendCount=1/1 timeout=1000ms crc=30 0C len=8
frame=01 04 00 00 00 09 30 0C
[2026-04-17 09:31:38] [INFO] [接收-帧] 09:31:38.876 设备ID=12034 module=PERIODIC id=ReadFoupStatus uuid=68 len=23
frame=01 04 12 C8 4E D9 5B 1E 0A 8E 5B 4E 81 82 44 9F FA B8 74 5B A6 7D 34
[2026-04-17 09:31:39] [INFO] [发送] 09:31:39.871 设备ID=12034 module=PERIODIC id=ReadFoupStatus uuid=68 sendCount=1/1 timeout=1000ms crc=30 0C len=8
frame=01 04 00 00 00 09 30 0C
[2026-04-17 09:31:39] [INFO] [接收-帧] 09:31:39.980 设备ID=12034 module=PERIODIC id=ReadFoupStatus uuid=68 len=23
frame=01 04 12 8E 36 59 76 F7 F8 B4 D2 FB AB 0A 32 9E F7 B5 08 C2 18 3D 72
[2026-04-17 09:31:40] [INFO] [发送] 09:31:40.981 设备ID=12034 module=PERIODIC id=ReadFoupStatus uuid=68 sendCount=1/1 timeout=1000ms crc=30 0C len=8
frame=01 04 00 00 00 09 30 0C
[2026-04-17 09:31:41] [INFO] [接收-帧] 09:31:41.063 设备ID=12034 module=PERIODIC id=ReadFoupStatus uuid=68 len=23
frame=01 04 12 80 FD D1 BE 77 C6 58 05 98 16 57 90 33 D6 6F 4D DD 88 7E 62
[2026-04-17 09:31:42] [INFO] [发送] 09:31:42.060 设备ID=12034 module=PERIODIC id=ReadFoupStatus uuid=68 sendCount=1/1 timeout=1000ms crc=30 0C len=8
frame=01 04 00 00 00 09 30 0C
[2026-04-17 09:31:42] [INFO] [接收-帧] 09:31:42.158 设备ID=12034 module=PERIODIC id=ReadFoupStatus uuid=68 len=23
frame=01 04 12 E6 72 64 86 A9 01 77 F2 6D 48 50 61 7C 94 DB E0 E8 19 10 1B
[2026-04-17 09:31:43] [INFO] [发送] 09:31:43.151 设备ID=12034 module=PERIODIC id=ReadFoupStatus uuid=68 sendCount=1/1 timeout=1000ms crc=30 0C len=8
frame=01 04 00 00 00 09 30 0C
[2026-04-17 09:31:43] [INFO] [接收-帧] 09:31:43.251 设备ID=12034 module=PERIODIC id=ReadFoupStatus uuid=68 len=23
frame=01 04 12 CF C3 EE 6E 20 2F 08 0D 4A 93 D1 66 29 8D DC 74 6B 65 B4 0D
[2026-04-17 09:31:44] [INFO] [发送] 09:31:44.245 设备ID=12034 module=PERIODIC id=ReadFoupStatus uuid=68 sendCount=1/1 timeout=1000ms crc=30 0C len=8
frame=01 04 00 00 00 09 30 0C
[2026-04-17 09:31:44] [INFO] [接收-帧] 09:31:44.347 设备ID=12034 module=PERIODIC id=ReadFoupStatus uuid=68 len=23
frame=01 04 12 9D B3 C5 45 FB CB 63 64 6A 65 E5 C6 30 03 E3 B5 B1 5C 2A D8
[2026-04-17 09:31:45] [INFO] [发送] 09:31:45.338 设备ID=12034 module=PERIODIC id=ReadFoupStatus uuid=68 sendCount=1/1 timeout=1000ms crc=30 0C len=8
frame=01 04 00 00 00 09 30 0C
[2026-04-17 09:31:45] [INFO] [接收-帧] 09:31:45.445 设备ID=12034 module=PERIODIC id=ReadFoupStatus uuid=68 len=23
frame=01 04 12 7E 40 DF C5 8E 97 35 A5 06 87 1F 13 E6 33 F1 08 9B 75 C7 7F
[2026-04-17 09:31:46] [INFO] [发送] 09:31:46.434 设备ID=12034 module=PERIODIC id=ReadFoupStatus uuid=68 sendCount=1/1 timeout=1000ms crc=30 0C len=8
frame=01 04 00 00 00 09 30 0C
[2026-04-17 09:31:46] [INFO] [接收-帧] 09:31:46.536 设备ID=12034 module=PERIODIC id=ReadFoupStatus uuid=68 len=23
frame=01 04 12 CD 80 EB F9 75 52 5A 05 B1 C9 CF 66 AA 2F 7C 23 BC EB F6 88
[2026-04-17 09:31:47] [INFO] [发送] 09:31:47.529 设备ID=12034 module=PERIODIC id=ReadFoupStatus uuid=68 sendCount=1/1 timeout=1000ms crc=30 0C len=8
frame=01 04 00 00 00 09 30 0C
[2026-04-17 09:31:47] [INFO] [接收-帧] 09:31:47.638 设备ID=12034 module=PERIODIC id=ReadFoupStatus uuid=68 len=23
frame=01 04 12 F7 1A C7 26 FB 0B F2 32 A7 11 2C 1E 26 33 FA 13 3B 84 AE AA
[2026-04-17 09:31:48] [INFO] [发送] 09:31:48.639 设备ID=12034 module=PERIODIC id=ReadFoupStatus uuid=68 sendCount=1/1 timeout=1000ms crc=30 0C len=8
frame=01 04 00 00 00 09 30 0C
[2026-04-17 09:31:48] [INFO] [接收-帧] 09:31:48.725 设备ID=12034 module=PERIODIC id=ReadFoupStatus uuid=68 len=23
frame=01 04 12 FC E0 11 EF 6A 4B BF B9 95 A6 57 E2 01 C5 E1 92 71 B9 C1 0B
[2026-04-17 09:31:49] [INFO] [发送] 09:31:49.712 设备ID=12034 module=PERIODIC id=ReadFoupStatus uuid=68 sendCount=1/1 timeout=1000ms crc=30 0C len=8
frame=01 04 00 00 00 09 30 0C
[2026-04-17 09:31:49] [INFO] [接收-帧] 09:31:49.813 设备ID=12034 module=PERIODIC id=ReadFoupStatus uuid=68 len=23
frame=01 04 12 C6 37 77 36 76 14 29 E6 9B 49 50 03 47 C3 AD A4 D2 D2 93 D7
[2026-04-17 09:31:50] [INFO] [发送] 09:31:50.807 设备ID=12034 module=PERIODIC id=ReadFoupStatus uuid=68 sendCount=1/1 timeout=1000ms crc=30 0C len=8
frame=01 04 00 00 00 09 30 0C
[2026-04-17 09:31:50] [INFO] [接收-帧] 09:31:50.912 设备ID=12034 module=PERIODIC id=ReadFoupStatus uuid=68 len=23
frame=01 04 12 44 88 10 4B 16 6D 58 48 1D D3 FE 04 CE D7 5D 68 92 49 A0 0C
[2026-04-17 09:31:51] [INFO] [发送] 09:31:51.904 设备ID=12034 module=PERIODIC id=ReadFoupStatus uuid=68 sendCount=1/1 timeout=1000ms crc=30 0C len=8
frame=01 04 00 00 00 09 30 0C
[2026-04-17 09:31:52] [INFO] [接收-帧] 09:31:52.004 设备ID=12034 module=PERIODIC id=ReadFoupStatus uuid=68 len=23
frame=01 04 12 74 62 5A 20 A0 1D E2 DC 16 E1 A7 2B 83 F5 03 FA AE 52 D5 B9
[2026-04-17 09:31:52] [INFO] [发送] 09:31:52.996 设备ID=12034 module=PERIODIC id=ReadFoupStatus uuid=68 sendCount=1/1 timeout=1000ms crc=30 0C len=8
frame=01 04 00 00 00 09 30 0C
[2026-04-17 09:31:53] [INFO] [接收-帧] 09:31:53.099 设备ID=12034 module=PERIODIC id=ReadFoupStatus uuid=68 len=23
frame=01 04 12 0B B3 DC B2 DF 55 FA 6D 58 18 29 F9 38 E8 94 D6 16 54 73 38
[2026-04-17 09:31:54] [INFO] [发送] 09:31:54.087 设备ID=12034 module=PERIODIC id=ReadFoupStatus uuid=68 sendCount=1/1 timeout=1000ms crc=30 0C len=8
frame=01 04 00 00 00 09 30 0C
[2026-04-17 09:31:54] [INFO] [接收-帧] 09:31:54.188 设备ID=12034 module=PERIODIC id=ReadFoupStatus uuid=68 len=23
frame=01 04 12 1E 7A 79 42 B7 77 9E 89 3B 2D E4 FA EC 58 FE 85 EA 7E 90 F6
[2026-04-17 09:31:55] [INFO] [发送] 09:31:55.184 设备ID=12034 module=PERIODIC id=ReadFoupStatus uuid=68 sendCount=1/1 timeout=1000ms crc=30 0C len=8
frame=01 04 00 00 00 09 30 0C
[2026-04-17 09:31:55] [INFO] [接收-帧] 09:31:55.280 设备ID=12034 module=PERIODIC id=ReadFoupStatus uuid=68 len=23
frame=01 04 12 D4 32 B0 68 80 0F 2E E7 DF 37 00 64 66 BC 4F 8B 57 CA C5 72
[2026-04-17 09:31:56] [INFO] [发送] 09:31:56.280 设备ID=12034 module=PERIODIC id=ReadFoupStatus uuid=68 sendCount=1/1 timeout=1000ms crc=30 0C len=8
frame=01 04 00 00 00 09 30 0C
[2026-04-17 09:31:56] [INFO] [接收-帧] 09:31:56.377 设备ID=12034 module=PERIODIC id=ReadFoupStatus uuid=68 len=23
frame=01 04 12 9F 71 3E BD C8 5D 9C A9 8D D2 3B AF 5A 82 5E B3 AC 07 80 6C
[2026-04-17 09:31:57] [INFO] [发送] 09:31:57.375 设备ID=12034 module=PERIODIC id=ReadFoupStatus uuid=68 sendCount=1/1 timeout=1000ms crc=30 0C len=8
frame=01 04 00 00 00 09 30 0C
[2026-04-17 09:31:57] [INFO] [接收-帧] 09:31:57.478 设备ID=12034 module=PERIODIC id=ReadFoupStatus uuid=68 len=23
frame=01 04 12 71 3A DB 75 1A E0 C4 18 47 AB CE F3 14 DC 2D 17 D4 48 3A D5
[2026-04-17 09:31:58] [INFO] [发送] 09:31:58.484 设备ID=12034 module=PERIODIC id=ReadFoupStatus uuid=68 sendCount=1/1 timeout=1000ms crc=30 0C len=8
frame=01 04 00 00 00 09 30 0C
[2026-04-17 09:31:58] [INFO] [接收-帧] 09:31:58.566 设备ID=12034 module=PERIODIC id=ReadFoupStatus uuid=68 len=23
frame=01 04 12 7E AB 92 25 A2 6D 58 76 3E D8 0F ED 96 63 C5 B9 30 A1 9B 34
[2026-04-17 09:31:59] [INFO] [发送] 09:31:59.559 设备ID=12034 module=PERIODIC id=ReadFoupStatus uuid=68 sendCount=1/1 timeout=1000ms crc=30 0C len=8
frame=01 04 00 00 00 09 30 0C
[2026-04-17 09:31:59] [INFO] [接收-帧] 09:31:59.657 设备ID=12034 module=PERIODIC id=ReadFoupStatus uuid=68 len=23
frame=01 04 12 D3 2D 32 FF DC 4B A5 41 D9 29 70 83 73 56 51 8E AC B6 92 D6
[2026-04-17 09:32:00] [INFO] [发送] 09:32:00.656 设备ID=12034 module=PERIODIC id=ReadFoupStatus uuid=68 sendCount=1/1 timeout=1000ms crc=30 0C len=8
frame=01 04 00 00 00 09 30 0C
[2026-04-17 09:32:00] [INFO] [接收-帧] 09:32:00.755 设备ID=12034 module=PERIODIC id=ReadFoupStatus uuid=68 len=23
frame=01 04 12 4D 6A 21 75 8D 15 44 C5 BB 81 C4 A1 73 98 47 11 49 15 3E 46
[2026-04-17 09:32:01] [INFO] [发送] 09:32:01.746 设备ID=12034 module=PERIODIC id=ReadFoupStatus uuid=68 sendCount=1/1 timeout=1000ms crc=30 0C len=8
frame=01 04 00 00 00 09 30 0C
[2026-04-17 09:32:01] [INFO] [接收-帧] 09:32:01.844 设备ID=12034 module=PERIODIC id=ReadFoupStatus uuid=68 len=23
frame=01 04 12 ED C3 CA 0C C1 59 28 B8 7B F2 5A EC 12 B4 4C 03 6F 21 E7 3F
[2026-04-17 09:32:02] [INFO] [发送] 09:32:02.838 设备ID=12034 module=PERIODIC id=ReadFoupStatus uuid=68 sendCount=1/1 timeout=1000ms crc=30 0C len=8
frame=01 04 00 00 00 09 30 0C
[2026-04-17 09:32:02] [INFO] [接收-帧] 09:32:02.940 设备ID=12034 module=PERIODIC id=ReadFoupStatus uuid=68 len=23
frame=01 04 12 F7 DB DD 6A B0 5C 7C A6 DF B6 4B E0 FB 41 A4 8A 45 BA A7 59
[2026-04-17 09:32:03] [INFO] [发送] 09:32:03.931 设备ID=12034 module=PERIODIC id=ReadFoupStatus uuid=68 sendCount=1/1 timeout=1000ms crc=30 0C len=8
frame=01 04 00 00 00 09 30 0C
[2026-04-17 09:32:04] [INFO] [接收-帧] 09:32:04.037 设备ID=12034 module=PERIODIC id=ReadFoupStatus uuid=68 len=23
frame=01 04 12 CF 35 23 34 CE E7 C4 C3 21 7C B8 18 40 6E B3 1D 75 26 9D E0
