[2026-04-17 09:24:09] [INFO] [发送] 09:24:09.440 设备ID=12055 module=INITIAL id=ReadVersion uuid=109 sendCount=1/4 timeout=1000ms crc=B1 CD len=8
frame=01 04 00 18 00 01 B1 CD
[2026-04-17 09:24:10] [INFO] [接收-帧] 09:24:10.166 设备ID=12055 module=INITIAL id=ReadVersion uuid=109 len=7
frame=01 04 02 00 00 B9 30
[2026-04-17 09:24:10] [INFO] [发送] 09:24:10.166 设备ID=12055 module=PERIODIC id=ReadFoupStatus uuid=110 sendCount=1/1 timeout=1000ms crc=30 0C len=8
frame=01 04 00 00 00 09 30 0C
[2026-04-17 09:24:12] [INFO] [发送] 09:24:12.169 设备ID=12055 module=PERIODIC id=ReadFoupStatus uuid=110 sendCount=1/1 timeout=1000ms crc=30 0C len=8
frame=01 04 00 00 00 09 30 0C
[2026-04-17 09:24:14] [INFO] [发送] 09:24:14.265 设备ID=12055 module=PERIODIC id=ReadFoupStatus uuid=110 sendCount=1/1 timeout=1000ms crc=30 0C len=8
frame=01 04 00 00 00 09 30 0C
[2026-04-17 09:24:16] [INFO] [发送] 09:24:16.261 设备ID=12055 module=PERIODIC id=ReadFoupStatus uuid=110 sendCount=1/1 timeout=1000ms crc=30 0C len=8
frame=01 04 00 00 00 09 30 0C
[2026-04-17 09:24:18] [INFO] [发送] 09:24:18.261 设备ID=12055 module=PERIODIC id=ReadFoupStatus uuid=110 sendCount=1/1 timeout=1000ms crc=30 0C len=8
frame=01 04 00 00 00 09 30 0C
[2026-04-17 09:24:20] [INFO] [发送] 09:24:20.265 设备ID=12055 module=PERIODIC id=ReadFoupStatus uuid=110 sendCount=1/1 timeout=1000ms crc=30 0C len=8
frame=01 04 00 00 00 09 30 0C
[2026-04-17 09:24:22] [INFO] [发送] 09:24:22.270 设备ID=12055 module=PERIODIC id=ReadFoupStatus uuid=110 sendCount=1/1 timeout=1000ms crc=30 0C len=8
frame=01 04 00 00 00 09 30 0C
[2026-04-17 09:24:24] [INFO] [发送] 09:24:24.268 设备ID=12055 module=PERIODIC id=ReadFoupStatus uuid=110 sendCount=1/1 timeout=1000ms crc=30 0C len=8
frame=01 04 00 00 00 09 30 0C
[2026-04-17 09:24:26] [INFO] [发送] 09:24:26.270 设备ID=12055 module=PERIODIC id=ReadFoupStatus uuid=110 sendCount=1/1 timeout=1000ms crc=30 0C len=8
frame=01 04 00 00 00 09 30 0C
[2026-04-17 09:24:28] [INFO] [发送] 09:24:28.265 设备ID=12055 module=PERIODIC id=ReadFoupStatus uuid=110 sendCount=1/1 timeout=1000ms crc=30 0C len=8
frame=01 04 00 00 00 09 30 0C
[2026-04-17 09:24:32] [INFO] [发送] 09:24:32.455 设备ID=12055 module=PERIODIC id=ReadFoupStatus uuid=110 sendCount=1/1 timeout=1000ms crc=30 0C len=8
frame=01 04 00 00 00 09 30 0C
[2026-04-17 09:24:34] [INFO] [发送] 09:24:34.452 设备ID=12055 module=PERIODIC id=ReadFoupStatus uuid=110 sendCount=1/1 timeout=1000ms crc=30 0C len=8
frame=01 04 00 00 00 09 30 0C
[2026-04-17 09:24:36] [INFO] [发送] 09:24:36.451 设备ID=12055 module=PERIODIC id=ReadFoupStatus uuid=110 sendCount=1/1 timeout=1000ms crc=30 0C len=8
frame=01 04 00 00 00 09 30 0C
[2026-04-17 09:24:38] [INFO] [发送] 09:24:38.448 设备ID=12055 module=PERIODIC id=ReadFoupStatus uuid=110 sendCount=1/1 timeout=1000ms crc=30 0C len=8
frame=01 04 00 00 00 09 30 0C
[2026-04-17 09:24:40] [INFO] [发送] 09:24:40.453 设备ID=12055 module=PERIODIC id=ReadFoupStatus uuid=110 sendCount=1/1 timeout=1000ms crc=30 0C len=8
frame=01 04 00 00 00 09 30 0C
[2026-04-17 09:24:42] [INFO] [发送] 09:24:42.449 设备ID=12055 module=PERIODIC id=ReadFoupStatus uuid=110 sendCount=1/1 timeout=1000ms crc=30 0C len=8
frame=01 04 00 00 00 09 30 0C
[2026-04-17 09:24:44] [INFO] [发送] 09:24:44.454 设备ID=12055 module=PERIODIC id=ReadFoupStatus uuid=110 sendCount=1/1 timeout=1000ms crc=30 0C len=8
frame=01 04 00 00 00 09 30 0C
[2026-04-17 09:24:48] [INFO] [发送] 09:24:48.445 设备ID=12055 module=PERIODIC id=ReadFoupStatus uuid=110 sendCount=1/1 timeout=1000ms crc=30 0C len=8
frame=01 04 00 00 00 09 30 0C
[2026-04-17 09:24:48] [INFO] [接收-帧] 09:24:48.561 设备ID=12055 module=PERIODIC id=ReadFoupStatus uuid=110 len=23
frame=01 04 12 F9 41 39 4D D2 D5 EA 3D 65 0D AF 25 FA 94 77 17 4A 32 6A E1
[2026-04-17 09:24:49] [INFO] [发送] 09:24:49.630 设备ID=12055 module=PERIODIC id=ReadFoupStatus uuid=110 sendCount=1/1 timeout=1000ms crc=30 0C len=8
frame=01 04 00 00 00 09 30 0C
[2026-04-17 09:24:49] [INFO] [接收-帧] 09:24:49.654 设备ID=12055 module=PERIODIC id=ReadFoupStatus uuid=110 len=23
frame=01 04 12 E0 A2 A9 53 32 E1 6D AA C5 E2 6A E2 42 7E 52 F9 73 68 47 A7
[2026-04-17 09:24:50] [INFO] [发送] 09:24:50.651 设备ID=12055 module=PERIODIC id=ReadFoupStatus uuid=110 sendCount=1/1 timeout=1000ms crc=30 0C len=8
frame=01 04 00 00 00 09 30 0C
[2026-04-17 09:24:50] [INFO] [接收-帧] 09:24:50.759 设备ID=12055 module=PERIODIC id=ReadFoupStatus uuid=110 len=23
frame=01 04 12 14 FF DA 2C 04 E6 27 B2 EE 7B 13 1A 0A CD 0E A6 A3 A1 20 3A
[2026-04-17 09:24:51] [INFO] [发送] 09:24:51.766 设备ID=12055 module=PERIODIC id=ReadFoupStatus uuid=110 sendCount=1/1 timeout=1000ms crc=30 0C len=8
frame=01 04 00 00 00 09 30 0C
[2026-04-17 09:24:51] [INFO] [接收-帧] 09:24:51.843 设备ID=12055 module=PERIODIC id=ReadFoupStatus uuid=110 len=23
frame=01 04 12 A8 AA A6 CC 46 40 D3 41 FE 33 6B 80 5B 08 24 66 9F 69 ED F4
[2026-04-17 09:24:52] [INFO] [发送] 09:24:52.841 设备ID=12055 module=PERIODIC id=ReadFoupStatus uuid=110 sendCount=1/1 timeout=1000ms crc=30 0C len=8
frame=01 04 00 00 00 09 30 0C
[2026-04-17 09:24:52] [INFO] [接收-帧] 09:24:52.934 设备ID=12055 module=PERIODIC id=ReadFoupStatus uuid=110 len=23
frame=01 04 12 DF 15 5F 07 D3 30 93 EB C2 78 25 24 E6 14 44 CE F5 03 1E 8E
[2026-04-17 09:24:53] [INFO] [发送] 09:24:53.933 设备ID=12055 module=PERIODIC id=ReadFoupStatus uuid=110 sendCount=1/1 timeout=1000ms crc=30 0C len=8
frame=01 04 00 00 00 09 30 0C
[2026-04-17 09:24:54] [INFO] [接收-帧] 09:24:54.034 设备ID=12055 module=PERIODIC id=ReadFoupStatus uuid=110 len=23
frame=01 04 12 E8 42 F9 C4 29 15 66 CD FC 1E 69 37 8D 96 E9 EC AC E2 EB F2
[2026-04-17 09:24:55] [INFO] [发送] 09:24:55.025 设备ID=12055 module=PERIODIC id=ReadFoupStatus uuid=110 sendCount=1/1 timeout=1000ms crc=30 0C len=8
frame=01 04 00 00 00 09 30 0C
[2026-04-17 09:24:55] [INFO] [接收-帧] 09:24:55.126 设备ID=12055 module=PERIODIC id=ReadFoupStatus uuid=110 len=23
frame=01 04 12 3B FC 56 F2 B1 FB DA FE E7 03 7B CF 08 8E E3 83 25 63 5D 14
[2026-04-17 09:24:56] [INFO] [发送] 09:24:56.125 设备ID=12055 module=PERIODIC id=ReadFoupStatus uuid=110 sendCount=1/1 timeout=1000ms crc=30 0C len=8
frame=01 04 00 00 00 09 30 0C
[2026-04-17 09:24:56] [INFO] [接收-帧] 09:24:56.218 设备ID=12055 module=PERIODIC id=ReadFoupStatus uuid=110 len=23
frame=01 04 12 44 E2 77 33 C0 ED D5 A1 9D 62 6E 3C E2 C0 8F B5 40 C2 4B 97
[2026-04-17 09:24:57] [INFO] [发送] 09:24:57.212 设备ID=12055 module=PERIODIC id=ReadFoupStatus uuid=110 sendCount=1/1 timeout=1000ms crc=30 0C len=8
frame=01 04 00 00 00 09 30 0C
[2026-04-17 09:24:57] [INFO] [接收-帧] 09:24:57.315 设备ID=12055 module=PERIODIC id=ReadFoupStatus uuid=110 len=23
frame=01 04 12 2B BD C9 48 80 66 18 39 58 60 C6 A3 35 F0 F8 4D 0F 89 EC 4F
[2026-04-17 09:24:58] [INFO] [发送] 09:24:58.314 设备ID=12055 module=PERIODIC id=ReadFoupStatus uuid=110 sendCount=1/1 timeout=1000ms crc=30 0C len=8
frame=01 04 00 00 00 09 30 0C
[2026-04-17 09:24:58] [INFO] [接收-帧] 09:24:58.408 设备ID=12055 module=PERIODIC id=ReadFoupStatus uuid=110 len=23
frame=01 04 12 38 0B 8B B8 79 E6 F1 BE AF FB A4 0B A7 24 D2 7D A1 94 B8 FB
[2026-04-17 09:24:59] [INFO] [发送] 09:24:59.405 设备ID=12055 module=PERIODIC id=ReadFoupStatus uuid=110 sendCount=1/1 timeout=1000ms crc=30 0C len=8
frame=01 04 00 00 00 09 30 0C
[2026-04-17 09:24:59] [INFO] [接收-帧] 09:24:59.499 设备ID=12055 module=PERIODIC id=ReadFoupStatus uuid=110 len=23
frame=01 04 12 6B 7A CC C2 1B 85 29 57 97 AA BD E7 52 36 70 E9 ED E3 3F C1
[2026-04-17 09:25:00] [INFO] [发送] 09:25:00.501 设备ID=12055 module=PERIODIC id=ReadFoupStatus uuid=110 sendCount=1/1 timeout=1000ms crc=30 0C len=8
frame=01 04 00 00 00 09 30 0C
[2026-04-17 09:25:00] [INFO] [接收-帧] 09:25:00.594 设备ID=12055 module=PERIODIC id=ReadFoupStatus uuid=110 len=23
frame=01 04 12 8B FF 35 85 2E 16 6D 42 EE 6A 94 80 63 F7 05 A7 38 88 B1 D4
[2026-04-17 09:25:01] [INFO] [发送] 09:25:01.664 设备ID=12055 module=PERIODIC id=ReadFoupStatus uuid=110 sendCount=1/1 timeout=1000ms crc=30 0C len=8
frame=01 04 00 00 00 09 30 0C
[2026-04-17 09:25:01] [INFO] [接收-帧] 09:25:01.686 设备ID=12055 module=PERIODIC id=ReadFoupStatus uuid=110 len=23
frame=01 04 12 B1 EC 8A 3F 42 DB 69 F8 4D 58 08 4E C5 FD 95 EA 00 09 E1 9B
[2026-04-17 09:25:02] [INFO] [发送] 09:25:02.725 设备ID=12055 module=PERIODIC id=ReadFoupStatus uuid=110 sendCount=1/1 timeout=1000ms crc=30 0C len=8
frame=01 04 00 00 00 09 30 0C
[2026-04-17 09:25:02] [INFO] [接收-帧] 09:25:02.781 设备ID=12055 module=PERIODIC id=ReadFoupStatus uuid=110 len=23
frame=01 04 12 E5 38 6C 50 80 71 A8 E5 3C B9 9D DA 3B 6A C5 5E B9 61 49 B9
[2026-04-17 09:25:03] [INFO] [发送] 09:25:03.774 设备ID=12055 module=PERIODIC id=ReadFoupStatus uuid=110 sendCount=1/1 timeout=1000ms crc=30 0C len=8
frame=01 04 00 00 00 09 30 0C
[2026-04-17 09:25:03] [INFO] [接收-帧] 09:25:03.877 设备ID=12055 module=PERIODIC id=ReadFoupStatus uuid=110 len=23
frame=01 04 12 6E 02 BD 70 CB C0 37 05 AE 3E 55 E1 B7 C4 A1 36 B3 F0 23 23
[2026-04-17 09:25:04] [INFO] [发送] 09:25:04.874 设备ID=12055 module=PERIODIC id=ReadFoupStatus uuid=110 sendCount=1/1 timeout=1000ms crc=30 0C len=8
frame=01 04 00 00 00 09 30 0C
[2026-04-17 09:25:04] [INFO] [接收-帧] 09:25:04.969 设备ID=12055 module=PERIODIC id=ReadFoupStatus uuid=110 len=23
frame=01 04 12 E4 27 35 5E EE 88 55 73 5F 74 4C 2B 04 E9 F8 57 E9 4E 1C 0B
[2026-04-17 09:25:05] [INFO] [发送] 09:25:05.969 设备ID=12055 module=PERIODIC id=ReadFoupStatus uuid=110 sendCount=1/1 timeout=1000ms crc=30 0C len=8
frame=01 04 00 00 00 09 30 0C
[2026-04-17 09:25:06] [INFO] [接收-帧] 09:25:06.121 设备ID=12055 module=PERIODIC id=ReadFoupStatus uuid=110 len=23
frame=01 04 12 A4 1F 92 92 74 A8 42 67 B3 B1 47 D3 D9 5A 9D C0 65 CE B2 64
[2026-04-17 09:25:07] [INFO] [发送] 09:25:07.121 设备ID=12055 module=PERIODIC id=ReadFoupStatus uuid=110 sendCount=1/1 timeout=1000ms crc=30 0C len=8
frame=01 04 00 00 00 09 30 0C
[2026-04-17 09:25:07] [INFO] [接收-帧] 09:25:07.226 设备ID=12055 module=PERIODIC id=ReadFoupStatus uuid=110 len=23
frame=01 04 12 2D 07 C1 97 C5 DC 96 5F 4B 75 DB E4 FF 5F 81 82 D4 2D 6D 82
[2026-04-17 09:25:08] [INFO] [发送] 09:25:08.294 设备ID=12055 module=PERIODIC id=ReadFoupStatus uuid=110 sendCount=1/1 timeout=1000ms crc=30 0C len=8
frame=01 04 00 00 00 09 30 0C
[2026-04-17 09:25:08] [INFO] [接收-帧] 09:25:08.362 设备ID=12055 module=PERIODIC id=ReadFoupStatus uuid=110 len=23
frame=01 04 12 F5 19 EC 6E D3 48 86 7B A4 68 6E E0 10 9C 86 D7 27 CB 54 91
[2026-04-17 09:25:09] [INFO] [发送] 09:25:09.352 设备ID=12055 module=PERIODIC id=ReadFoupStatus uuid=110 sendCount=1/1 timeout=1000ms crc=30 0C len=8
frame=01 04 00 00 00 09 30 0C
[2026-04-17 09:25:09] [INFO] [接收-帧] 09:25:09.454 设备ID=12055 module=PERIODIC id=ReadFoupStatus uuid=110 len=23
frame=01 04 12 0D D4 62 2C 84 3A AD A8 BB 8E 74 23 B9 4A 09 CC 94 FC B5 FC
[2026-04-17 09:25:10] [INFO] [发送] 09:25:10.451 设备ID=12055 module=PERIODIC id=ReadFoupStatus uuid=110 sendCount=1/1 timeout=1000ms crc=30 0C len=8
frame=01 04 00 00 00 09 30 0C
[2026-04-17 09:25:10] [INFO] [接收-帧] 09:25:10.547 设备ID=12055 module=PERIODIC id=ReadFoupStatus uuid=110 len=23
frame=01 04 12 C7 5E 72 D5 10 18 51 39 4D 62 22 D7 EF B8 34 F9 FF 75 11 51
[2026-04-17 09:25:11] [INFO] [发送] 09:25:11.545 设备ID=12055 module=PERIODIC id=ReadFoupStatus uuid=110 sendCount=1/1 timeout=1000ms crc=30 0C len=8
frame=01 04 00 00 00 09 30 0C
[2026-04-17 09:25:11] [INFO] [接收-帧] 09:25:11.640 设备ID=12055 module=PERIODIC id=ReadFoupStatus uuid=110 len=23
frame=01 04 12 15 8E C0 9A 57 40 07 5B DB AF 11 59 51 FC EF 7E 08 99 6E B9
[2026-04-17 09:25:12] [INFO] [发送] 09:25:12.634 设备ID=12055 module=PERIODIC id=ReadFoupStatus uuid=110 sendCount=1/1 timeout=1000ms crc=30 0C len=8
frame=01 04 00 00 00 09 30 0C
[2026-04-17 09:25:12] [INFO] [接收-帧] 09:25:12.733 设备ID=12055 module=PERIODIC id=ReadFoupStatus uuid=110 len=23
frame=01 04 12 E0 EE 24 82 8F 7A 46 23 DB B0 90 45 DA 82 27 29 68 18 02 5B
[2026-04-17 09:25:13] [INFO] [发送] 09:25:13.737 设备ID=12055 module=PERIODIC id=ReadFoupStatus uuid=110 sendCount=1/1 timeout=1000ms crc=30 0C len=8
frame=01 04 00 00 00 09 30 0C
[2026-04-17 09:25:13] [INFO] [接收-帧] 09:25:13.831 设备ID=12055 module=PERIODIC id=ReadFoupStatus uuid=110 len=23
frame=01 04 12 56 B6 C6 3C 42 BB 0E 05 2C E1 5B 24 95 83 F4 13 0E B9 AA 9B
[2026-04-17 09:25:14] [INFO] [发送] 09:25:14.823 设备ID=12055 module=PERIODIC id=ReadFoupStatus uuid=110 sendCount=1/1 timeout=1000ms crc=30 0C len=8
frame=01 04 00 00 00 09 30 0C
[2026-04-17 09:25:14] [INFO] [接收-帧] 09:25:14.920 设备ID=12055 module=PERIODIC id=ReadFoupStatus uuid=110 len=23
frame=01 04 12 7B 5B DB 4C 2E C3 E0 B2 5C 8F 80 41 83 C2 79 19 EC 35 5F 5F
[2026-04-17 09:25:15] [INFO] [发送] 09:25:15.915 设备ID=12055 module=PERIODIC id=ReadFoupStatus uuid=110 sendCount=1/1 timeout=1000ms crc=30 0C len=8
frame=01 04 00 00 00 09 30 0C
[2026-04-17 09:25:16] [INFO] [接收-帧] 09:25:16.016 设备ID=12055 module=PERIODIC id=ReadFoupStatus uuid=110 len=23
frame=01 04 12 7A 76 20 9F 7F 93 CF 6B 2A CA DB EF 0A 9E 3E 26 A4 7C 6B 19
[2026-04-17 09:25:17] [INFO] [发送] 09:25:17.010 设备ID=12055 module=PERIODIC id=ReadFoupStatus uuid=110 sendCount=1/1 timeout=1000ms crc=30 0C len=8
frame=01 04 00 00 00 09 30 0C
[2026-04-17 09:25:17] [INFO] [接收-帧] 09:25:17.110 设备ID=12055 module=PERIODIC id=ReadFoupStatus uuid=110 len=23
frame=01 04 12 65 43 20 43 EE B5 35 C2 99 D7 2E 11 86 D1 6D E0 EC A0 28 62
[2026-04-17 09:25:18] [INFO] [发送] 09:25:18.104 设备ID=12055 module=PERIODIC id=ReadFoupStatus uuid=110 sendCount=1/1 timeout=1000ms crc=30 0C len=8
frame=01 04 00 00 00 09 30 0C
[2026-04-17 09:25:18] [INFO] [接收-帧] 09:25:18.200 设备ID=12055 module=PERIODIC id=ReadFoupStatus uuid=110 len=23
frame=01 04 12 65 EF 01 66 53 57 8F F0 2C 69 FA B3 17 EA 2E 71 E8 55 5C 7F
[2026-04-17 09:25:19] [INFO] [发送] 09:25:19.199 设备ID=12055 module=PERIODIC id=ReadFoupStatus uuid=110 sendCount=1/1 timeout=1000ms crc=30 0C len=8
frame=01 04 00 00 00 09 30 0C
[2026-04-17 09:25:19] [INFO] [接收-帧] 09:25:19.299 设备ID=12055 module=PERIODIC id=ReadFoupStatus uuid=110 len=23
frame=01 04 12 C0 D9 B7 6A 56 A5 D7 FF 0C AA 62 76 26 65 F9 E1 D4 B9 90 23
[2026-04-17 09:25:20] [INFO] [发送] 09:25:20.302 设备ID=12055 module=PERIODIC id=ReadFoupStatus uuid=110 sendCount=1/1 timeout=1000ms crc=30 0C len=8
frame=01 04 00 00 00 09 30 0C
[2026-04-17 09:25:20] [INFO] [接收-帧] 09:25:20.431 设备ID=12055 module=PERIODIC id=ReadFoupStatus uuid=110 len=23
frame=01 04 12 29 AA 6F 7D D7 9D A5 86 D9 E6 EE ED B5 6F DF C8 B4 04 AA FD
[2026-04-17 09:25:21] [INFO] [发送] 09:25:21.436 设备ID=12055 module=PERIODIC id=ReadFoupStatus uuid=110 sendCount=1/1 timeout=1000ms crc=30 0C len=8
frame=01 04 00 00 00 09 30 0C
[2026-04-17 09:25:21] [INFO] [接收-帧] 09:25:21.481 设备ID=12055 module=PERIODIC id=ReadFoupStatus uuid=110 len=23
frame=01 04 12 C1 10 F4 2E 52 C4 AC BD 51 6D FA 70 8C D6 AB 9C 94 48 E9 CB
[2026-04-17 09:25:22] [INFO] [发送] 09:25:22.483 设备ID=12055 module=PERIODIC id=ReadFoupStatus uuid=110 sendCount=1/1 timeout=1000ms crc=30 0C len=8
frame=01 04 00 00 00 09 30 0C
[2026-04-17 09:25:22] [INFO] [接收-帧] 09:25:22.576 设备ID=12055 module=PERIODIC id=ReadFoupStatus uuid=110 len=23
frame=01 04 12 31 A4 F2 51 E5 3F 7D 71 9E CA C9 D3 9C 4E 61 14 E8 8B 87 A0
[2026-04-17 09:25:23] [INFO] [发送] 09:25:23.579 设备ID=12055 module=PERIODIC id=ReadFoupStatus uuid=110 sendCount=1/1 timeout=1000ms crc=30 0C len=8
frame=01 04 00 00 00 09 30 0C
[2026-04-17 09:25:23] [INFO] [接收-帧] 09:25:23.668 设备ID=12055 module=PERIODIC id=ReadFoupStatus uuid=110 len=23
frame=01 04 12 29 66 E1 B2 E6 94 86 BB D3 FE AA 11 36 6F 9A 50 19 A7 3D 68
[2026-04-17 09:25:24] [INFO] [发送] 09:25:24.667 设备ID=12055 module=PERIODIC id=ReadFoupStatus uuid=110 sendCount=1/1 timeout=1000ms crc=30 0C len=8
frame=01 04 00 00 00 09 30 0C
[2026-04-17 09:25:24] [INFO] [接收-帧] 09:25:24.763 设备ID=12055 module=PERIODIC id=ReadFoupStatus uuid=110 len=23
frame=01 04 12 17 2D 49 FC D7 1D 1B BE 16 D9 79 7A DC E6 D7 99 3C 6B 61 57
[2026-04-17 09:25:25] [INFO] [发送] 09:25:25.762 设备ID=12055 module=PERIODIC id=ReadFoupStatus uuid=110 sendCount=1/1 timeout=1000ms crc=30 0C len=8
frame=01 04 00 00 00 09 30 0C
[2026-04-17 09:25:25] [INFO] [接收-帧] 09:25:25.858 设备ID=12055 module=PERIODIC id=ReadFoupStatus uuid=110 len=23
frame=01 04 12 D5 F9 88 AC 75 28 F5 61 39 46 E8 1D 70 7E A0 2C 54 D7 20 27
[2026-04-17 09:25:26] [INFO] [发送] 09:25:26.852 设备ID=12055 module=PERIODIC id=ReadFoupStatus uuid=110 sendCount=1/1 timeout=1000ms crc=30 0C len=8
frame=01 04 00 00 00 09 30 0C
[2026-04-17 09:25:26] [INFO] [接收-帧] 09:25:26.956 设备ID=12055 module=PERIODIC id=ReadFoupStatus uuid=110 len=23
frame=01 04 12 0E 7A 8D 36 FB 1E 88 4A 91 B4 A3 29 62 BB 18 12 7A A3 FB EC
[2026-04-17 09:25:27] [INFO] [发送] 09:25:27.949 设备ID=12055 module=PERIODIC id=ReadFoupStatus uuid=110 sendCount=1/1 timeout=1000ms crc=30 0C len=8
frame=01 04 00 00 00 09 30 0C
[2026-04-17 09:25:28] [INFO] [接收-帧] 09:25:28.046 设备ID=12055 module=PERIODIC id=ReadFoupStatus uuid=110 len=23
frame=01 04 12 8D 81 62 F1 D4 A9 58 FB 5E 9C 66 DD 41 3D 1F 0E 7D 65 EF 86
[2026-04-17 09:25:29] [INFO] [发送] 09:25:29.044 设备ID=12055 module=PERIODIC id=ReadFoupStatus uuid=110 sendCount=1/1 timeout=1000ms crc=30 0C len=8
frame=01 04 00 00 00 09 30 0C
[2026-04-17 09:25:29] [INFO] [接收-帧] 09:25:29.137 设备ID=12055 module=PERIODIC id=ReadFoupStatus uuid=110 len=23
frame=01 04 12 C2 3C 0E 1D 59 8E 37 4E E5 D6 D9 CF 77 B6 BA 17 66 B7 5B EA
[2026-04-17 09:25:30] [INFO] [发送] 09:25:30.135 设备ID=12055 module=PERIODIC id=ReadFoupStatus uuid=110 sendCount=1/1 timeout=1000ms crc=30 0C len=8
frame=01 04 00 00 00 09 30 0C
[2026-04-17 09:25:30] [INFO] [接收-帧] 09:25:30.235 设备ID=12055 module=PERIODIC id=ReadFoupStatus uuid=110 len=23
frame=01 04 12 C3 56 1F 27 86 86 1D 44 32 FF 27 A4 23 E5 21 16 9D 0A 6D 5C
[2026-04-17 09:25:31] [INFO] [发送] 09:25:31.232 设备ID=12055 module=PERIODIC id=ReadFoupStatus uuid=110 sendCount=1/1 timeout=1000ms crc=30 0C len=8
frame=01 04 00 00 00 09 30 0C
[2026-04-17 09:25:31] [INFO] [接收-帧] 09:25:31.330 设备ID=12055 module=PERIODIC id=ReadFoupStatus uuid=110 len=23
frame=01 04 12 D0 17 BC 53 55 F2 A5 36 8D 3E 2D EA F6 C2 21 5C 4A 1E C9 2A
[2026-04-17 09:25:32] [INFO] [发送] 09:25:32.320 设备ID=12055 module=PERIODIC id=ReadFoupStatus uuid=110 sendCount=1/1 timeout=1000ms crc=30 0C len=8
frame=01 04 00 00 00 09 30 0C
[2026-04-17 09:25:32] [INFO] [接收-帧] 09:25:32.425 设备ID=12055 module=PERIODIC id=ReadFoupStatus uuid=110 len=23
frame=01 04 12 DC 6C D0 5D 57 5D F8 9D AA 76 C7 CD E1 92 13 CC 06 DB 60 4B
[2026-04-17 09:25:33] [INFO] [发送] 09:25:33.416 设备ID=12055 module=PERIODIC id=ReadFoupStatus uuid=110 sendCount=1/1 timeout=1000ms crc=30 0C len=8
frame=01 04 00 00 00 09 30 0C
[2026-04-17 09:25:33] [INFO] [接收-帧] 09:25:33.512 设备ID=12055 module=PERIODIC id=ReadFoupStatus uuid=110 len=23
frame=01 04 12 81 86 67 26 81 6D A9 B6 4A 95 C7 F3 AB 1A 93 A1 C5 D4 E5 38
[2026-04-17 09:25:34] [INFO] [发送] 09:25:34.513 设备ID=12055 module=PERIODIC id=ReadFoupStatus uuid=110 sendCount=1/1 timeout=1000ms crc=30 0C len=8
frame=01 04 00 00 00 09 30 0C
[2026-04-17 09:25:34] [INFO] [接收-帧] 09:25:34.610 设备ID=12055 module=PERIODIC id=ReadFoupStatus uuid=110 len=23
frame=01 04 12 31 B2 CF C9 76 E2 8B 20 EA 8B 7C BE 83 87 CF 7C E3 51 21 54
[2026-04-17 09:25:35] [INFO] [发送] 09:25:35.614 设备ID=12055 module=PERIODIC id=ReadFoupStatus uuid=110 sendCount=1/1 timeout=1000ms crc=30 0C len=8
frame=01 04 00 00 00 09 30 0C
[2026-04-17 09:25:35] [INFO] [接收-帧] 09:25:35.705 设备ID=12055 module=PERIODIC id=ReadFoupStatus uuid=110 len=23
frame=01 04 12 FB 56 29 A8 E2 D0 B2 89 2E 55 A3 4B 30 8C 08 1D 49 9E 6D 60
[2026-04-17 09:25:36] [INFO] [发送] 09:25:36.698 设备ID=12055 module=PERIODIC id=ReadFoupStatus uuid=110 sendCount=1/1 timeout=1000ms crc=30 0C len=8
frame=01 04 00 00 00 09 30 0C
[2026-04-17 09:25:36] [INFO] [接收-帧] 09:25:36.794 设备ID=12055 module=PERIODIC id=ReadFoupStatus uuid=110 len=23
frame=01 04 12 61 7C CD B3 53 76 36 9F 37 B2 E8 8D 78 0C 35 36 87 C0 B6 3B
[2026-04-17 09:25:37] [INFO] [发送] 09:25:37.798 设备ID=12055 module=PERIODIC id=ReadFoupStatus uuid=110 sendCount=1/1 timeout=1000ms crc=30 0C len=8
frame=01 04 00 00 00 09 30 0C
[2026-04-17 09:25:37] [INFO] [接收-帧] 09:25:37.892 设备ID=12055 module=PERIODIC id=ReadFoupStatus uuid=110 len=23
frame=01 04 12 FC A8 19 4F FC E2 17 41 DB 18 A8 01 22 0B A3 E8 F5 CB AF 6B
[2026-04-17 09:25:38] [INFO] [发送] 09:25:38.884 设备ID=12055 module=PERIODIC id=ReadFoupStatus uuid=110 sendCount=1/1 timeout=1000ms crc=30 0C len=8
frame=01 04 00 00 00 09 30 0C
[2026-04-17 09:25:38] [INFO] [接收-帧] 09:25:38.980 设备ID=12055 module=PERIODIC id=ReadFoupStatus uuid=110 len=23
frame=01 04 12 79 65 A7 D2 E0 5B 7D 0C 5D C6 7F CA 7E 61 1B 7E 8A 2E 87 0F
[2026-04-17 09:25:39] [INFO] [发送] 09:25:39.978 设备ID=12055 module=PERIODIC id=ReadFoupStatus uuid=110 sendCount=1/1 timeout=1000ms crc=30 0C len=8
frame=01 04 00 00 00 09 30 0C
[2026-04-17 09:25:40] [INFO] [接收-帧] 09:25:40.079 设备ID=12055 module=PERIODIC id=ReadFoupStatus uuid=110 len=23
frame=01 04 12 3F CC A6 4D AD 4F BB 99 5A 1C 60 58 54 7F A5 BE EE 4B 99 09
[2026-04-17 09:25:41] [INFO] [发送] 09:25:41.082 设备ID=12055 module=PERIODIC id=ReadFoupStatus uuid=110 sendCount=1/1 timeout=1000ms crc=30 0C len=8
frame=01 04 00 00 00 09 30 0C
[2026-04-17 09:25:41] [INFO] [接收-帧] 09:25:41.171 设备ID=12055 module=PERIODIC id=ReadFoupStatus uuid=110 len=23
frame=01 04 12 83 B6 2C CD A2 22 16 F2 3C 8D D4 37 26 11 AA 2E A9 6C 74 08
[2026-04-17 09:25:42] [INFO] [发送] 09:25:42.165 设备ID=12055 module=PERIODIC id=ReadFoupStatus uuid=110 sendCount=1/1 timeout=1000ms crc=30 0C len=8
frame=01 04 00 00 00 09 30 0C
[2026-04-17 09:25:42] [INFO] [接收-帧] 09:25:42.265 设备ID=12055 module=PERIODIC id=ReadFoupStatus uuid=110 len=23
frame=01 04 12 4B E5 9C 35 04 F2 32 4A DB C1 B9 9A 5B 1D 7B F5 28 C5 87 95
[2026-04-17 09:25:43] [INFO] [发送] 09:25:43.263 设备ID=12055 module=PERIODIC id=ReadFoupStatus uuid=110 sendCount=1/1 timeout=1000ms crc=30 0C len=8
frame=01 04 00 00 00 09 30 0C
[2026-04-17 09:25:43] [INFO] [接收-帧] 09:25:43.357 设备ID=12055 module=PERIODIC id=ReadFoupStatus uuid=110 len=23
frame=01 04 12 95 CD 22 A6 62 18 78 1C 95 BB CE 08 2B 24 6E 4E A0 BD 6F E7
[2026-04-17 09:25:44] [INFO] [发送] 09:25:44.352 设备ID=12055 module=PERIODIC id=ReadFoupStatus uuid=110 sendCount=1/1 timeout=1000ms crc=30 0C len=8
frame=01 04 00 00 00 09 30 0C
[2026-04-17 09:25:44] [INFO] [接收-帧] 09:25:44.455 设备ID=12055 module=PERIODIC id=ReadFoupStatus uuid=110 len=23
frame=01 04 12 2A 10 88 FD 89 20 0E 5F C3 77 83 23 71 93 1A 14 80 A0 52 02
[2026-04-17 09:25:45] [INFO] [发送] 09:25:45.450 设备ID=12055 module=PERIODIC id=ReadFoupStatus uuid=110 sendCount=1/1 timeout=1000ms crc=30 0C len=8
frame=01 04 00 00 00 09 30 0C
[2026-04-17 09:25:45] [INFO] [接收-帧] 09:25:45.550 设备ID=12055 module=PERIODIC id=ReadFoupStatus uuid=110 len=23
frame=01 04 12 85 4E 10 AF 77 68 1B AF D0 B2 79 88 E1 D3 D8 55 35 E5 BF FA
[2026-04-17 09:25:46] [INFO] [发送] 09:25:46.541 设备ID=12055 module=PERIODIC id=ReadFoupStatus uuid=110 sendCount=1/1 timeout=1000ms crc=30 0C len=8
frame=01 04 00 00 00 09 30 0C
[2026-04-17 09:25:46] [INFO] [接收-帧] 09:25:46.643 设备ID=12055 module=PERIODIC id=ReadFoupStatus uuid=110 len=23
frame=01 04 12 B6 07 60 7D 52 96 30 EB 10 65 CC AE 54 CE A7 72 B3 B2 C8 E7
[2026-04-17 09:25:47] [INFO] [发送] 09:25:47.735 设备ID=12055 module=PERIODIC id=ReadFoupStatus uuid=110 sendCount=1/1 timeout=1000ms crc=30 0C len=8
frame=01 04 00 00 00 09 30 0C
[2026-04-17 09:25:47] [INFO] [接收-帧] 09:25:47.843 设备ID=12055 module=PERIODIC id=ReadFoupStatus uuid=110 len=23
frame=01 04 12 47 A8 AB 06 7C E4 5A CF 6F FA AC 27 74 D6 02 C1 0C 24 BE 93
[2026-04-17 09:25:48] [INFO] [发送] 09:25:48.837 设备ID=12055 module=PERIODIC id=ReadFoupStatus uuid=110 sendCount=1/1 timeout=1000ms crc=30 0C len=8
frame=01 04 00 00 00 09 30 0C
[2026-04-17 09:25:48] [INFO] [接收-帧] 09:25:48.936 设备ID=12055 module=PERIODIC id=ReadFoupStatus uuid=110 len=23
frame=01 04 12 62 B2 A6 B7 8B E6 2B 36 14 13 33 E0 2B 65 AF 85 45 E4 2A F2
[2026-04-17 09:25:49] [INFO] [发送] 09:25:49.931 设备ID=12055 module=PERIODIC id=ReadFoupStatus uuid=110 sendCount=1/1 timeout=1000ms crc=30 0C len=8
frame=01 04 00 00 00 09 30 0C
[2026-04-17 09:25:50] [INFO] [接收-帧] 09:25:50.033 设备ID=12055 module=PERIODIC id=ReadFoupStatus uuid=110 len=23
frame=01 04 12 F5 88 72 9D 80 1D 77 48 72 E1 AA E3 B8 A7 8C E9 79 38 D4 7E
[2026-04-17 09:25:51] [INFO] [发送] 09:25:51.027 设备ID=12055 module=PERIODIC id=ReadFoupStatus uuid=110 sendCount=1/1 timeout=1000ms crc=30 0C len=8
frame=01 04 00 00 00 09 30 0C
[2026-04-17 09:25:51] [INFO] [接收-帧] 09:25:51.127 设备ID=12055 module=PERIODIC id=ReadFoupStatus uuid=110 len=23
frame=01 04 12 08 38 14 9E 2C A4 FE 6D F5 30 6C A5 43 4A DE 48 24 1A 8E 22
[2026-04-17 09:25:52] [INFO] [发送] 09:25:52.217 设备ID=12055 module=PERIODIC id=ReadFoupStatus uuid=110 sendCount=1/1 timeout=1000ms crc=30 0C len=8
frame=01 04 00 00 00 09 30 0C
[2026-04-17 09:25:52] [INFO] [接收-帧] 09:25:52.327 设备ID=12055 module=PERIODIC id=ReadFoupStatus uuid=110 len=23
frame=01 04 12 6D 90 B6 46 FA 36 1D D6 6B F3 45 E2 13 C8 30 72 0E 46 12 72
[2026-04-17 09:25:53] [INFO] [发送] 09:25:53.321 设备ID=12055 module=PERIODIC id=ReadFoupStatus uuid=110 sendCount=1/1 timeout=1000ms crc=30 0C len=8
frame=01 04 00 00 00 09 30 0C
[2026-04-17 09:25:53] [INFO] [接收-帧] 09:25:53.427 设备ID=12055 module=PERIODIC id=ReadFoupStatus uuid=110 len=23
frame=01 04 12 A6 0E 95 01 C3 F5 D2 2B E4 67 EB BD 38 2F 79 3A B0 3F 81 D6
[2026-04-17 09:25:54] [INFO] [发送] 09:25:54.424 设备ID=12055 module=PERIODIC id=ReadFoupStatus uuid=110 sendCount=1/1 timeout=1000ms crc=30 0C len=8
frame=01 04 00 00 00 09 30 0C
[2026-04-17 09:25:54] [INFO] [接收-帧] 09:25:54.526 设备ID=12055 module=PERIODIC id=ReadFoupStatus uuid=110 len=23
frame=01 04 12 E6 C4 8A 72 CA 42 E0 93 04 20 4F D0 BD 9B D8 75 48 B3 BB F2
[2026-04-17 09:25:55] [INFO] [发送] 09:25:55.535 设备ID=12055 module=PERIODIC id=ReadFoupStatus uuid=110 sendCount=1/1 timeout=1000ms crc=30 0C len=8
frame=01 04 00 00 00 09 30 0C
[2026-04-17 09:25:55] [INFO] [接收-帧] 09:25:55.611 设备ID=12055 module=PERIODIC id=ReadFoupStatus uuid=110 len=23
frame=01 04 12 E1 5B 07 72 1B F5 3F 01 95 E1 EF E8 94 34 DA B9 B1 37 5B 18
[2026-04-17 09:25:56] [INFO] [发送] 09:25:56.636 设备ID=12055 module=PERIODIC id=ReadFoupStatus uuid=110 sendCount=1/1 timeout=1000ms crc=30 0C len=8
frame=01 04 00 00 00 09 30 0C
[2026-04-17 09:25:56] [INFO] [接收-帧] 09:25:56.707 设备ID=12055 module=PERIODIC id=ReadFoupStatus uuid=110 len=23
frame=01 04 12 DD ED D9 4B F0 FB 9B DB 17 E2 21 61 E9 09 B3 F6 E2 5A B6 E0
[2026-04-17 09:25:57] [INFO] [发送] 09:25:57.706 设备ID=12055 module=PERIODIC id=ReadFoupStatus uuid=110 sendCount=1/1 timeout=1000ms crc=30 0C len=8
frame=01 04 00 00 00 09 30 0C
[2026-04-17 09:25:57] [INFO] [接收-帧] 09:25:57.806 设备ID=12055 module=PERIODIC id=ReadFoupStatus uuid=110 len=23
frame=01 04 12 22 38 5B F6 BA E8 3C 57 4C 18 4B 56 5A 94 3F 7B 43 0B C8 01
[2026-04-17 09:25:58] [INFO] [发送] 09:25:58.810 设备ID=12055 module=PERIODIC id=ReadFoupStatus uuid=110 sendCount=1/1 timeout=1000ms crc=30 0C len=8
frame=01 04 00 00 00 09 30 0C
[2026-04-17 09:25:58] [INFO] [接收-帧] 09:25:58.891 设备ID=12055 module=PERIODIC id=ReadFoupStatus uuid=110 len=23
frame=01 04 12 3A 6C 93 A0 26 84 46 59 18 5C E4 C3 D4 22 7F F2 4D 35 88 A9
[2026-04-17 09:25:59] [INFO] [发送] 09:25:59.885 设备ID=12055 module=PERIODIC id=ReadFoupStatus uuid=110 sendCount=1/1 timeout=1000ms crc=30 0C len=8
frame=01 04 00 00 00 09 30 0C
[2026-04-17 09:25:59] [INFO] [接收-帧] 09:25:59.986 设备ID=12055 module=PERIODIC id=ReadFoupStatus uuid=110 len=23
frame=01 04 12 B4 83 1D FB 11 21 90 7D B3 2D 65 3C 84 5C A6 31 36 83 1A AF
[2026-04-17 09:26:00] [INFO] [发送] 09:26:00.988 设备ID=12055 module=PERIODIC id=ReadFoupStatus uuid=110 sendCount=1/1 timeout=1000ms crc=30 0C len=8
frame=01 04 00 00 00 09 30 0C
[2026-04-17 09:26:01] [INFO] [接收-帧] 09:26:01.080 设备ID=12055 module=PERIODIC id=ReadFoupStatus uuid=110 len=23
frame=01 04 12 53 A3 42 99 6A 3C CB F5 A3 B9 E8 58 8C 30 86 DC A5 1F FB 59
[2026-04-17 09:26:02] [INFO] [发送] 09:26:02.077 设备ID=12055 module=PERIODIC id=ReadFoupStatus uuid=110 sendCount=1/1 timeout=1000ms crc=30 0C len=8
frame=01 04 00 00 00 09 30 0C
[2026-04-17 09:26:02] [INFO] [接收-帧] 09:26:02.172 设备ID=12055 module=PERIODIC id=ReadFoupStatus uuid=110 len=23
frame=01 04 12 8D 82 8A B5 B8 F2 FC 17 F9 97 D0 68 98 76 EB D5 26 8F 5D 6F
[2026-04-17 09:26:03] [INFO] [发送] 09:26:03.169 设备ID=12055 module=PERIODIC id=ReadFoupStatus uuid=110 sendCount=1/1 timeout=1000ms crc=30 0C len=8
frame=01 04 00 00 00 09 30 0C
[2026-04-17 09:26:03] [INFO] [接收-帧] 09:26:03.268 设备ID=12055 module=PERIODIC id=ReadFoupStatus uuid=110 len=23
frame=01 04 12 73 9C ED 11 17 C0 3F 17 7E 4E B1 C8 58 2F 9A 75 DC AA F6 09
[2026-04-17 09:26:04] [INFO] [发送] 09:26:04.261 设备ID=12055 module=PERIODIC id=ReadFoupStatus uuid=110 sendCount=1/1 timeout=1000ms crc=30 0C len=8
frame=01 04 00 00 00 09 30 0C
[2026-04-17 09:26:04] [INFO] [接收-帧] 09:26:04.390 设备ID=12055 module=PERIODIC id=ReadFoupStatus uuid=110 len=23
frame=01 04 12 BC 3A 9F 03 A9 7C 7A 18 60 9B 88 CB 58 7A AB 8F A9 F4 CF 6F
[2026-04-17 09:26:05] [INFO] [发送] 09:26:05.387 设备ID=12055 module=PERIODIC id=ReadFoupStatus uuid=110 sendCount=1/1 timeout=1000ms crc=30 0C len=8
frame=01 04 00 00 00 09 30 0C
[2026-04-17 09:26:05] [INFO] [接收-帧] 09:26:05.460 设备ID=12055 module=PERIODIC id=ReadFoupStatus uuid=110 len=23
frame=01 04 12 BA 1F 62 17 9E DB 8C 5B 05 3A CC 15 CC 07 B9 2F 2B B2 54 1F
[2026-04-17 09:26:06] [INFO] [发送] 09:26:06.466 设备ID=12055 module=PERIODIC id=ReadFoupStatus uuid=110 sendCount=1/1 timeout=1000ms crc=30 0C len=8
frame=01 04 00 00 00 09 30 0C
[2026-04-17 09:26:06] [INFO] [接收-帧] 09:26:06.630 设备ID=12055 module=PERIODIC id=ReadFoupStatus uuid=110 len=23
frame=01 04 12 38 B3 37 DF 54 32 CE EA A6 B3 0F DF 32 BD BE 02 7C 51 AC 60
[2026-04-17 09:26:07] [INFO] [发送] 09:26:07.728 设备ID=12055 module=PERIODIC id=ReadFoupStatus uuid=110 sendCount=1/1 timeout=1000ms crc=30 0C len=8
frame=01 04 00 00 00 09 30 0C
[2026-04-17 09:26:07] [INFO] [接收-帧] 09:26:07.765 设备ID=12055 module=PERIODIC id=ReadFoupStatus uuid=110 len=23
frame=01 04 12 C7 EF 19 1B 26 26 80 FB D4 8E E7 22 A5 B2 7E 37 B4 47 C8 BC
[2026-04-17 09:26:08] [INFO] [发送] 09:26:08.762 设备ID=12055 module=PERIODIC id=ReadFoupStatus uuid=110 sendCount=1/1 timeout=1000ms crc=30 0C len=8
frame=01 04 00 00 00 09 30 0C
[2026-04-17 09:26:08] [INFO] [接收-帧] 09:26:08.851 设备ID=12055 module=PERIODIC id=ReadFoupStatus uuid=110 len=23
frame=01 04 12 26 5C E6 2E EF 43 C6 E0 7A 09 68 93 8A B5 55 8D C1 9E 57 47
[2026-04-17 09:26:09] [INFO] [发送] 09:26:09.840 设备ID=12055 module=PERIODIC id=ReadFoupStatus uuid=110 sendCount=1/1 timeout=1000ms crc=30 0C len=8
frame=01 04 00 00 00 09 30 0C
[2026-04-17 09:26:09] [INFO] [接收-帧] 09:26:09.937 设备ID=12055 module=PERIODIC id=ReadFoupStatus uuid=110 len=23
frame=01 04 12 A3 2F 78 EA B3 36 12 D1 8A E9 5D 87 88 CD FF 0F A8 92 E5 96
[2026-04-17 09:26:10] [INFO] [发送] 09:26:10.941 设备ID=12055 module=PERIODIC id=ReadFoupStatus uuid=110 sendCount=1/1 timeout=1000ms crc=30 0C len=8
frame=01 04 00 00 00 09 30 0C
[2026-04-17 09:26:11] [INFO] [接收-帧] 09:26:11.033 设备ID=12055 module=PERIODIC id=ReadFoupStatus uuid=110 len=23
frame=01 04 12 3F AF 10 F2 3B 4D 86 26 58 50 28 C7 C0 54 15 F9 A4 14 64 D9
[2026-04-17 09:26:12] [INFO] [发送] 09:26:12.036 设备ID=12055 module=PERIODIC id=ReadFoupStatus uuid=110 sendCount=1/1 timeout=1000ms crc=30 0C len=8
frame=01 04 00 00 00 09 30 0C
[2026-04-17 09:26:12] [INFO] [接收-帧] 09:26:12.132 设备ID=12055 module=PERIODIC id=ReadFoupStatus uuid=110 len=23
frame=01 04 12 19 AC BC 7D 7D 9D 84 D0 51 10 B3 97 64 B3 25 46 10 98 CD 6D
[2026-04-17 09:26:13] [INFO] [发送] 09:26:13.123 设备ID=12055 module=PERIODIC id=ReadFoupStatus uuid=110 sendCount=1/1 timeout=1000ms crc=30 0C len=8
frame=01 04 00 00 00 09 30 0C
[2026-04-17 09:26:13] [INFO] [接收-帧] 09:26:13.221 设备ID=12055 module=PERIODIC id=ReadFoupStatus uuid=110 len=23
frame=01 04 12 F4 32 5E 79 BD 88 50 6B A4 16 95 B7 2D 6E 98 47 4E F2 AC 78
[2026-04-17 09:26:14] [INFO] [发送] 09:26:14.227 设备ID=12055 module=PERIODIC id=ReadFoupStatus uuid=110 sendCount=1/1 timeout=1000ms crc=30 0C len=8
frame=01 04 00 00 00 09 30 0C
[2026-04-17 09:26:14] [INFO] [接收-帧] 09:26:14.315 设备ID=12055 module=PERIODIC id=ReadFoupStatus uuid=110 len=23
frame=01 04 12 A3 35 33 EC 7B F8 4E 6A 47 00 96 0E DD AA 24 3F B0 DF E8 EF
[2026-04-17 09:26:15] [INFO] [发送] 09:26:15.643 设备ID=12055 module=PERIODIC id=ReadFoupStatus uuid=110 sendCount=1/1 timeout=1000ms crc=30 0C len=8
frame=01 04 00 00 00 09 30 0C
[2026-04-17 09:26:15] [INFO] [接收-帧] 09:26:15.739 设备ID=12055 module=PERIODIC id=ReadFoupStatus uuid=110 len=23
frame=01 04 12 50 6A 93 D5 39 55 7D 42 A6 6D C7 56 C7 C0 B0 8C 52 4B 81 85
[2026-04-17 09:26:16] [INFO] [发送] 09:26:16.734 设备ID=12055 module=PERIODIC id=ReadFoupStatus uuid=110 sendCount=1/1 timeout=1000ms crc=30 0C len=8
frame=01 04 00 00 00 09 30 0C
[2026-04-17 09:26:16] [INFO] [接收-帧] 09:26:16.828 设备ID=12055 module=PERIODIC id=ReadFoupStatus uuid=110 len=23
frame=01 04 12 F5 A7 99 7E 1D B8 4B ED C8 C9 38 0B 69 74 CB 09 AE 1B A3 A3
[2026-04-17 09:26:17] [INFO] [发送] 09:26:17.829 设备ID=12055 module=PERIODIC id=ReadFoupStatus uuid=110 sendCount=1/1 timeout=1000ms crc=30 0C len=8
frame=01 04 00 00 00 09 30 0C
[2026-04-17 09:26:18] [INFO] [接收-帧] 09:26:18.163 设备ID=12055 module=PERIODIC id=ReadFoupStatus uuid=110 len=23
frame=01 04 12 B9 B3 4E 0C 98 1A 14 E2 D2 6A E2 44 9C D2 5D 1D 1E 93 CA FE
[2026-04-17 09:26:19] [INFO] [发送] 09:26:19.172 设备ID=12055 module=PERIODIC id=ReadFoupStatus uuid=110 sendCount=1/1 timeout=1000ms crc=30 0C len=8
frame=01 04 00 00 00 09 30 0C
[2026-04-17 09:26:19] [INFO] [接收-帧] 09:26:19.236 设备ID=12055 module=PERIODIC id=ReadFoupStatus uuid=110 len=23
frame=01 04 12 5D BC 33 6D 7A 41 12 67 F1 B2 05 AD 0D 6D A2 B9 62 F9 A5 EE
[2026-04-17 09:26:20] [INFO] [发送] 09:26:20.235 设备ID=12055 module=PERIODIC id=ReadFoupStatus uuid=110 sendCount=1/1 timeout=1000ms crc=30 0C len=8
frame=01 04 00 00 00 09 30 0C
[2026-04-17 09:26:20] [INFO] [接收-帧] 09:26:20.332 设备ID=12055 module=PERIODIC id=ReadFoupStatus uuid=110 len=23
frame=01 04 12 B9 B4 E0 F9 2A 27 79 C8 47 19 EB 98 B7 17 A9 75 B1 6B 09 BC
[2026-04-17 09:26:21] [INFO] [发送] 09:26:21.353 设备ID=12055 module=PERIODIC id=ReadFoupStatus uuid=110 sendCount=1/1 timeout=1000ms crc=30 0C len=8
frame=01 04 00 00 00 09 30 0C
[2026-04-17 09:26:21] [INFO] [接收-帧] 09:26:21.423 设备ID=12055 module=PERIODIC id=ReadFoupStatus uuid=110 len=23
frame=01 04 12 FC 9F D3 75 B3 98 D5 3F 8A BA CC CC 4C 62 B1 66 E8 7D F9 6D
[2026-04-17 09:26:22] [INFO] [发送] 09:26:22.878 设备ID=12055 module=PERIODIC id=ReadFoupStatus uuid=110 sendCount=1/1 timeout=1000ms crc=30 0C len=8
frame=01 04 00 00 00 09 30 0C
[2026-04-17 09:26:22] [INFO] [接收-帧] 09:26:22.954 设备ID=12055 module=PERIODIC id=ReadFoupStatus uuid=110 len=23
frame=01 04 12 4B EE 74 8E 10 21 BF 20 47 17 41 CB 4B 42 E1 16 CB 3A 25 6B
[2026-04-17 09:26:23] [INFO] [发送] 09:26:23.950 设备ID=12055 module=PERIODIC id=ReadFoupStatus uuid=110 sendCount=1/1 timeout=1000ms crc=30 0C len=8
frame=01 04 00 00 00 09 30 0C
[2026-04-17 09:26:24] [INFO] [接收-帧] 09:26:24.045 设备ID=12055 module=PERIODIC id=ReadFoupStatus uuid=110 len=23
frame=01 04 12 32 94 CC 84 C6 8D D0 CA FC 0B 6A 22 A0 47 BA B5 4C F8 BC FD
[2026-04-17 09:26:25] [INFO] [发送] 09:26:25.602 设备ID=12055 module=PERIODIC id=ReadFoupStatus uuid=110 sendCount=1/1 timeout=1000ms crc=30 0C len=8
frame=01 04 00 00 00 09 30 0C
[2026-04-17 09:26:25] [INFO] [接收-帧] 09:26:25.751 设备ID=12055 module=PERIODIC id=ReadFoupStatus uuid=110 len=23
frame=01 04 12 B4 A2 EF 8D 3C A1 CC 79 BE 72 3F 1C DE 82 43 95 03 E4 7A CE
[2026-04-17 09:26:26] [INFO] [发送] 09:26:26.750 设备ID=12055 module=PERIODIC id=ReadFoupStatus uuid=110 sendCount=1/1 timeout=1000ms crc=30 0C len=8
frame=01 04 00 00 00 09 30 0C
[2026-04-17 09:26:27] [INFO] [接收-帧] 09:26:27.126 设备ID=12055 module=PERIODIC id=ReadFoupStatus uuid=110 len=23
frame=01 04 12 52 03 A1 3A 92 4A D8 A5 A4 4A E1 3C AE 02 02 7B 33 AA FF 73
[2026-04-17 09:26:28] [INFO] [发送] 09:26:28.118 设备ID=12055 module=PERIODIC id=ReadFoupStatus uuid=110 sendCount=1/1 timeout=1000ms crc=30 0C len=8
frame=01 04 00 00 00 09 30 0C
[2026-04-17 09:26:28] [INFO] [接收-帧] 09:26:28.204 设备ID=12055 module=PERIODIC id=ReadFoupStatus uuid=110 len=23
frame=01 04 12 DE B2 A5 E1 01 BD CC 6E 9E 87 9D 9B D5 99 BE 85 C7 52 0C 51
[2026-04-17 09:26:29] [INFO] [发送] 09:26:29.208 设备ID=12055 module=PERIODIC id=ReadFoupStatus uuid=110 sendCount=1/1 timeout=1000ms crc=30 0C len=8
frame=01 04 00 00 00 09 30 0C
[2026-04-17 09:26:29] [INFO] [接收-帧] 09:26:29.299 设备ID=12055 module=PERIODIC id=ReadFoupStatus uuid=110 len=23
frame=01 04 12 F9 E4 E3 08 F5 C8 41 A8 3B 96 5F F9 CB C9 91 DF 8C 3D 3C 41
[2026-04-17 09:26:30] [INFO] [发送] 09:26:30.295 设备ID=12055 module=PERIODIC id=ReadFoupStatus uuid=110 sendCount=1/1 timeout=1000ms crc=30 0C len=8
frame=01 04 00 00 00 09 30 0C
[2026-04-17 09:26:30] [INFO] [接收-帧] 09:26:30.392 设备ID=12055 module=PERIODIC id=ReadFoupStatus uuid=110 len=23
frame=01 04 12 C6 7C 91 84 22 E3 80 82 02 18 0B AB A1 5E 31 AA C5 B5 F7 77
[2026-04-17 09:26:31] [INFO] [发送] 09:26:31.390 设备ID=12055 module=PERIODIC id=ReadFoupStatus uuid=110 sendCount=1/1 timeout=1000ms crc=30 0C len=8
frame=01 04 00 00 00 09 30 0C
[2026-04-17 09:26:31] [INFO] [接收-帧] 09:26:31.697 设备ID=12055 module=PERIODIC id=ReadFoupStatus uuid=110 len=23
frame=01 04 12 4D 2B 42 64 D4 A2 1B 21 2E E3 A6 34 AC C9 D8 5E E5 F5 F5 C0
[2026-04-17 09:26:32] [INFO] [发送] 09:26:32.709 设备ID=12055 module=PERIODIC id=ReadFoupStatus uuid=110 sendCount=1/1 timeout=1000ms crc=30 0C len=8
frame=01 04 00 00 00 09 30 0C
[2026-04-17 09:26:32] [INFO] [接收-帧] 09:26:32.794 设备ID=12055 module=PERIODIC id=ReadFoupStatus uuid=110 len=23
frame=01 04 12 28 64 A6 EC 86 4D 71 AA CE FB 1E EE 2D A1 E4 0B 8B 90 41 01
[2026-04-17 09:26:33] [INFO] [发送] 09:26:33.796 设备ID=12055 module=PERIODIC id=ReadFoupStatus uuid=110 sendCount=1/1 timeout=1000ms crc=30 0C len=8
frame=01 04 00 00 00 09 30 0C
[2026-04-17 09:26:33] [INFO] [接收-帧] 09:26:33.890 设备ID=12055 module=PERIODIC id=ReadFoupStatus uuid=110 len=23
frame=01 04 12 F6 39 BF 26 33 91 A1 45 FF 3B 8B 1E 46 64 2C 6F E7 31 62 B3
[2026-04-17 09:26:34] [INFO] [发送] 09:26:34.887 设备ID=12055 module=PERIODIC id=ReadFoupStatus uuid=110 sendCount=1/1 timeout=1000ms crc=30 0C len=8
frame=01 04 00 00 00 09 30 0C
[2026-04-17 09:26:35] [INFO] [接收-帧] 09:26:35.004 设备ID=12055 module=PERIODIC id=ReadFoupStatus uuid=110 len=23
frame=01 04 12 B1 63 05 F8 EE 13 1E F7 D1 EA 4F DD DD 53 5D 99 1C EF 80 08
[2026-04-17 09:26:35] [INFO] [发送] 09:26:35.993 设备ID=12055 module=PERIODIC id=ReadFoupStatus uuid=110 sendCount=1/1 timeout=1000ms crc=30 0C len=8
frame=01 04 00 00 00 09 30 0C
[2026-04-17 09:26:36] [INFO] [接收-帧] 09:26:36.079 设备ID=12055 module=PERIODIC id=ReadFoupStatus uuid=110 len=23
frame=01 04 12 7A C6 03 A0 D3 F4 48 FE 17 D7 86 E9 E5 55 09 EF CB DC E3 8A
[2026-04-17 09:26:37] [INFO] [发送] 09:26:37.078 设备ID=12055 module=PERIODIC id=ReadFoupStatus uuid=110 sendCount=1/1 timeout=1000ms crc=30 0C len=8
frame=01 04 00 00 00 09 30 0C
[2026-04-17 09:26:37] [INFO] [接收-帧] 09:26:37.170 设备ID=12055 module=PERIODIC id=ReadFoupStatus uuid=110 len=23
frame=01 04 12 E0 22 47 AB CD 93 15 2D 3E D2 86 29 17 E7 AB 5C F7 D7 01 9A
[2026-04-17 09:26:38] [INFO] [发送] 09:26:38.185 设备ID=12055 module=PERIODIC id=ReadFoupStatus uuid=110 sendCount=1/1 timeout=1000ms crc=30 0C len=8
frame=01 04 00 00 00 09 30 0C
[2026-04-17 09:26:38] [INFO] [接收-帧] 09:26:38.271 设备ID=12055 module=PERIODIC id=ReadFoupStatus uuid=110 len=23
frame=01 04 12 6A EA 70 94 E9 71 7D 0C 45 A9 56 BB C8 CD 24 BB 7F 7E 8B 99
[2026-04-17 09:26:39] [INFO] [发送] 09:26:39.277 设备ID=12055 module=PERIODIC id=ReadFoupStatus uuid=110 sendCount=1/1 timeout=1000ms crc=30 0C len=8
frame=01 04 00 00 00 09 30 0C
[2026-04-17 09:26:39] [INFO] [接收-帧] 09:26:39.357 设备ID=12055 module=PERIODIC id=ReadFoupStatus uuid=110 len=23
frame=01 04 12 65 9B 61 70 65 1D D3 DB C1 D1 37 24 3B 66 F2 97 AA 4D 1B 9E
[2026-04-17 09:26:40] [INFO] [发送] 09:26:40.355 设备ID=12055 module=PERIODIC id=ReadFoupStatus uuid=110 sendCount=1/1 timeout=1000ms crc=30 0C len=8
frame=01 04 00 00 00 09 30 0C
[2026-04-17 09:26:40] [INFO] [接收-帧] 09:26:40.463 设备ID=12055 module=PERIODIC id=ReadFoupStatus uuid=110 len=23
frame=01 04 12 BD 72 44 B4 8D 0A 99 13 F2 EB 57 BD D4 C0 E0 28 C3 30 23 19
[2026-04-17 09:26:41] [INFO] [发送] 09:26:41.468 设备ID=12055 module=PERIODIC id=ReadFoupStatus uuid=110 sendCount=1/1 timeout=1000ms crc=30 0C len=8
frame=01 04 00 00 00 09 30 0C
[2026-04-17 09:26:41] [INFO] [接收-帧] 09:26:41.570 设备ID=12055 module=PERIODIC id=ReadFoupStatus uuid=110 len=23
frame=01 04 12 9B E7 9B 91 47 7F F2 7A 5A F7 A2 77 5A 7C A0 0F 13 F0 8B DD
[2026-04-17 09:26:42] [INFO] [发送] 09:26:42.593 设备ID=12055 module=PERIODIC id=ReadFoupStatus uuid=110 sendCount=1/1 timeout=1000ms crc=30 0C len=8
frame=01 04 00 00 00 09 30 0C
[2026-04-17 09:26:42] [INFO] [接收-帧] 09:26:42.642 设备ID=12055 module=PERIODIC id=ReadFoupStatus uuid=110 len=23
frame=01 04 12 61 33 01 F6 C9 6D 8D 5F 5C A2 0A A9 39 15 6A A3 4C 1F D5 56
[2026-04-17 09:26:43] [INFO] [发送] 09:26:43.640 设备ID=12055 module=PERIODIC id=ReadFoupStatus uuid=110 sendCount=1/1 timeout=1000ms crc=30 0C len=8
frame=01 04 00 00 00 09 30 0C
[2026-04-17 09:26:43] [INFO] [接收-帧] 09:26:43.737 设备ID=12055 module=PERIODIC id=ReadFoupStatus uuid=110 len=23
frame=01 04 12 A3 91 4F C5 7F 74 6E FF 88 11 88 B5 AE 2C AB B8 3E BA 5E 37
[2026-04-17 09:26:44] [INFO] [发送] 09:26:44.795 设备ID=12055 module=PERIODIC id=ReadFoupStatus uuid=110 sendCount=1/1 timeout=1000ms crc=30 0C len=8
frame=01 04 00 00 00 09 30 0C
[2026-04-17 09:26:44] [INFO] [接收-帧] 09:26:44.830 设备ID=12055 module=PERIODIC id=ReadFoupStatus uuid=110 len=23
frame=01 04 12 67 8F 30 12 4E 38 31 9B 39 B8 30 E6 97 41 B9 5B 9E 5F 15 3D
[2026-04-17 09:26:45] [INFO] [发送] 09:26:45.823 设备ID=12055 module=PERIODIC id=ReadFoupStatus uuid=110 sendCount=1/1 timeout=1000ms crc=30 0C len=8
frame=01 04 00 00 00 09 30 0C
[2026-04-17 09:26:45] [INFO] [接收-帧] 09:26:45.922 设备ID=12055 module=PERIODIC id=ReadFoupStatus uuid=110 len=23
frame=01 04 12 2D CE 1F A3 66 87 B3 AA 6F 8D 8C 07 17 91 55 E7 BD 58 ED C8
[2026-04-17 09:26:46] [INFO] [发送] 09:26:46.917 设备ID=12055 module=PERIODIC id=ReadFoupStatus uuid=110 sendCount=1/1 timeout=1000ms crc=30 0C len=8
frame=01 04 00 00 00 09 30 0C
[2026-04-17 09:26:47] [INFO] [接收-帧] 09:26:47.018 设备ID=12055 module=PERIODIC id=ReadFoupStatus uuid=110 len=23
frame=01 04 12 7A E8 09 37 46 2C 65 97 88 A4 9D 8C AB 94 1B A6 41 1F 35 31
[2026-04-17 09:26:48] [INFO] [发送] 09:26:48.016 设备ID=12055 module=PERIODIC id=ReadFoupStatus uuid=110 sendCount=1/1 timeout=1000ms crc=30 0C len=8
frame=01 04 00 00 00 09 30 0C
[2026-04-17 09:26:48] [INFO] [接收-帧] 09:26:48.109 设备ID=12055 module=PERIODIC id=ReadFoupStatus uuid=110 len=23
frame=01 04 12 C8 BC 25 D4 73 BB 64 A0 2E 1E 57 F4 FF 24 06 DC 84 D5 F5 D0
[2026-04-17 09:26:49] [INFO] [发送] 09:26:49.104 设备ID=12055 module=PERIODIC id=ReadFoupStatus uuid=110 sendCount=1/1 timeout=1000ms crc=30 0C len=8
frame=01 04 00 00 00 09 30 0C
[2026-04-17 09:26:49] [INFO] [接收-帧] 09:26:49.204 设备ID=12055 module=PERIODIC id=ReadFoupStatus uuid=110 len=23
frame=01 04 12 8C 7F F9 56 88 29 2A 16 93 63 DE 81 47 08 B9 48 EA 34 82 57
[2026-04-17 09:26:50] [INFO] [发送] 09:26:50.213 设备ID=12055 module=PERIODIC id=ReadFoupStatus uuid=110 sendCount=1/1 timeout=1000ms crc=30 0C len=8
frame=01 04 00 00 00 09 30 0C
[2026-04-17 09:26:50] [INFO] [接收-帧] 09:26:50.296 设备ID=12055 module=PERIODIC id=ReadFoupStatus uuid=110 len=23
frame=01 04 12 19 79 B9 DF 9C B2 2E 13 10 F4 D8 10 46 7E F2 6A 24 45 9D CF
[2026-04-17 09:26:51] [INFO] [发送] 09:26:51.293 设备ID=12055 module=PERIODIC id=ReadFoupStatus uuid=110 sendCount=1/1 timeout=1000ms crc=30 0C len=8
frame=01 04 00 00 00 09 30 0C
[2026-04-17 09:26:51] [INFO] [接收-帧] 09:26:51.393 设备ID=12055 module=PERIODIC id=ReadFoupStatus uuid=110 len=23
frame=01 04 12 34 95 65 D6 A4 1E 4F FC 31 D3 C8 D3 7E 8D EA CB FC 1F 3B 4B
[2026-04-17 09:26:52] [INFO] [发送] 09:26:52.385 设备ID=12055 module=PERIODIC id=ReadFoupStatus uuid=110 sendCount=1/1 timeout=1000ms crc=30 0C len=8
frame=01 04 00 00 00 09 30 0C
[2026-04-17 09:26:52] [INFO] [接收-帧] 09:26:52.484 设备ID=12055 module=PERIODIC id=ReadFoupStatus uuid=110 len=23
frame=01 04 12 A2 2F 5A 57 40 05 31 1C BB 1D D5 47 F0 C4 D5 E7 0D 7B EE C9
[2026-04-17 09:26:53] [INFO] [发送] 09:26:53.540 设备ID=12055 module=PERIODIC id=ReadFoupStatus uuid=110 sendCount=1/1 timeout=1000ms crc=30 0C len=8
frame=01 04 00 00 00 09 30 0C
[2026-04-17 09:26:53] [INFO] [接收-帧] 09:26:53.584 设备ID=12055 module=PERIODIC id=ReadFoupStatus uuid=110 len=23
frame=01 04 12 0F 8C C2 CE 9B 3E 7F 21 1F 21 14 CF 93 62 BF AC F1 91 67 BB
[2026-04-17 09:26:54] [INFO] [发送] 09:26:54.592 设备ID=12055 module=PERIODIC id=ReadFoupStatus uuid=110 sendCount=1/1 timeout=1000ms crc=30 0C len=8
frame=01 04 00 00 00 09 30 0C
[2026-04-17 09:26:54] [INFO] [接收-帧] 09:26:54.674 设备ID=12055 module=PERIODIC id=ReadFoupStatus uuid=110 len=23
frame=01 04 12 86 7D E1 BD 42 C9 11 99 23 35 21 97 46 65 7B ED DE CF 17 FF
[2026-04-17 09:26:55] [INFO] [发送] 09:26:55.677 设备ID=12055 module=PERIODIC id=ReadFoupStatus uuid=110 sendCount=1/1 timeout=1000ms crc=30 0C len=8
frame=01 04 00 00 00 09 30 0C
[2026-04-17 09:26:55] [INFO] [接收-帧] 09:26:55.771 设备ID=12055 module=PERIODIC id=ReadFoupStatus uuid=110 len=23
frame=01 04 12 CE 19 9B 1A 96 22 BD C8 39 4C 40 34 C5 8B 2A F8 B5 F6 EB 8A
[2026-04-17 09:26:56] [INFO] [发送] 09:26:56.768 设备ID=12055 module=PERIODIC id=ReadFoupStatus uuid=110 sendCount=1/1 timeout=1000ms crc=30 0C len=8
frame=01 04 00 00 00 09 30 0C
[2026-04-17 09:26:56] [INFO] [接收-帧] 09:26:56.857 设备ID=12055 module=PERIODIC id=ReadFoupStatus uuid=110 len=23
frame=01 04 12 0F 4F EC 27 57 3C 3F EF FD 4A E0 E6 55 C5 A7 0B 88 77 88 E2
[2026-04-17 09:26:57] [INFO] [发送] 09:26:57.868 设备ID=12055 module=PERIODIC id=ReadFoupStatus uuid=110 sendCount=1/1 timeout=1000ms crc=30 0C len=8
frame=01 04 00 00 00 09 30 0C
[2026-04-17 09:26:57] [INFO] [接收-帧] 09:26:57.969 设备ID=12055 module=PERIODIC id=ReadFoupStatus uuid=110 len=23
frame=01 04 12 A5 3A E1 F9 31 85 AA ED E1 D8 92 58 1A B2 17 EB 36 B0 65 FC
[2026-04-17 09:26:58] [INFO] [发送] 09:26:58.967 设备ID=12055 module=PERIODIC id=ReadFoupStatus uuid=110 sendCount=1/1 timeout=1000ms crc=30 0C len=8
frame=01 04 00 00 00 09 30 0C
[2026-04-17 09:26:59] [INFO] [接收-帧] 09:26:59.046 设备ID=12055 module=PERIODIC id=ReadFoupStatus uuid=110 len=23
frame=01 04 12 AE 2E 35 D1 44 6D B4 B1 31 70 AD 40 DC 89 10 9A 14 99 10 F3
[2026-04-17 09:27:00] [INFO] [发送] 09:27:00.049 设备ID=12055 module=PERIODIC id=ReadFoupStatus uuid=110 sendCount=1/1 timeout=1000ms crc=30 0C len=8
frame=01 04 00 00 00 09 30 0C
[2026-04-17 09:27:00] [INFO] [接收-帧] 09:27:00.141 设备ID=12055 module=PERIODIC id=ReadFoupStatus uuid=110 len=23
frame=01 04 12 03 DD A3 DA F9 F1 F6 EF FE 3E EE 46 A5 7F 61 92 C6 77 FF 61
[2026-04-17 09:27:01] [INFO] [发送] 09:27:01.138 设备ID=12055 module=PERIODIC id=ReadFoupStatus uuid=110 sendCount=1/1 timeout=1000ms crc=30 0C len=8
frame=01 04 00 00 00 09 30 0C
[2026-04-17 09:27:01] [INFO] [接收-帧] 09:27:01.234 设备ID=12055 module=PERIODIC id=ReadFoupStatus uuid=110 len=23
frame=01 04 12 CE CB C3 3D 82 BA 70 D7 CE 2C 3D 07 AF 3C 66 90 0A EE C8 7B
[2026-04-17 09:27:37] [INFO] [发送] 09:27:37.558 设备ID=12055 module=INITIAL id=ReadVersion uuid=109 sendCount=1/4 timeout=1000ms crc=B1 CD len=8
frame=01 04 00 18 00 01 B1 CD
[2026-04-17 09:27:37] [INFO] [接收-帧] 09:27:37.749 设备ID=12055 module=INITIAL id=ReadVersion uuid=109 len=7
frame=01 04 02 00 00 B9 30
[2026-04-17 09:27:37] [INFO] [发送] 09:27:37.749 设备ID=12055 module=PERIODIC id=ReadFoupStatus uuid=110 sendCount=1/1 timeout=1000ms crc=30 0C len=8
frame=01 04 00 00 00 09 30 0C
[2026-04-17 09:27:37] [INFO] [接收-帧] 09:27:37.783 设备ID=12055 module=PERIODIC id=ReadFoupStatus uuid=110 len=23
frame=01 04 12 18 49 8B 7D C5 EB 27 C9 48 3B E1 C6 56 5C A5 12 03 52 A8 1E
[2026-04-17 09:27:38] [INFO] [发送] 09:27:38.775 设备ID=12055 module=PERIODIC id=ReadFoupStatus uuid=110 sendCount=1/1 timeout=1000ms crc=30 0C len=8
frame=01 04 00 00 00 09 30 0C
[2026-04-17 09:27:38] [INFO] [接收-帧] 09:27:38.876 设备ID=12055 module=PERIODIC id=ReadFoupStatus uuid=110 len=23
frame=01 04 12 D6 8D 1F DC 70 4A 4D 8E DE 9C 94 A7 58 76 C0 DC 09 74 65 B2
[2026-04-17 09:27:39] [INFO] [发送] 09:27:39.871 设备ID=12055 module=PERIODIC id=ReadFoupStatus uuid=110 sendCount=1/1 timeout=1000ms crc=30 0C len=8
frame=01 04 00 00 00 09 30 0C
[2026-04-17 09:27:39] [INFO] [接收-帧] 09:27:39.971 设备ID=12055 module=PERIODIC id=ReadFoupStatus uuid=110 len=23
frame=01 04 12 B6 DA 79 54 53 B1 D7 43 B8 05 A3 49 15 54 0F 39 F2 35 81 FD
[2026-04-17 09:27:40] [INFO] [发送] 09:27:40.964 设备ID=12055 module=PERIODIC id=ReadFoupStatus uuid=110 sendCount=1/1 timeout=1000ms crc=30 0C len=8
frame=01 04 00 00 00 09 30 0C
[2026-04-17 09:27:41] [INFO] [接收-帧] 09:27:41.067 设备ID=12055 module=PERIODIC id=ReadFoupStatus uuid=110 len=23
frame=01 04 12 C3 40 BA EB DD 55 BD 35 D5 C9 2A B0 9F 79 1F 66 AD 09 74 14
[2026-04-17 09:27:42] [INFO] [发送] 09:27:42.067 设备ID=12055 module=PERIODIC id=ReadFoupStatus uuid=110 sendCount=1/1 timeout=1000ms crc=30 0C len=8
frame=01 04 00 00 00 09 30 0C
[2026-04-17 09:27:42] [INFO] [接收-帧] 09:27:42.160 设备ID=12055 module=PERIODIC id=ReadFoupStatus uuid=110 len=23
frame=01 04 12 D1 B1 5A 72 9C 02 04 EA 82 52 1B 45 EE E7 0B 57 93 D5 74 0A
[2026-04-17 09:27:43] [INFO] [发送] 09:27:43.150 设备ID=12055 module=PERIODIC id=ReadFoupStatus uuid=110 sendCount=1/1 timeout=1000ms crc=30 0C len=8
frame=01 04 00 00 00 09 30 0C
[2026-04-17 09:27:43] [INFO] [接收-帧] 09:27:43.252 设备ID=12055 module=PERIODIC id=ReadFoupStatus uuid=110 len=23
frame=01 04 12 0B EC 1A B9 02 F9 1E D6 08 4F 38 B8 4E DD C5 5F CB 06 78 17
[2026-04-17 09:27:44] [INFO] [发送] 09:27:44.254 设备ID=12055 module=PERIODIC id=ReadFoupStatus uuid=110 sendCount=1/1 timeout=1000ms crc=30 0C len=8
frame=01 04 00 00 00 09 30 0C
[2026-04-17 09:27:44] [INFO] [接收-帧] 09:27:44.343 设备ID=12055 module=PERIODIC id=ReadFoupStatus uuid=110 len=23
frame=01 04 12 DC 6D CF 56 5E 0E 51 27 98 8B 97 46 57 2A 23 87 15 75 9C FB
[2026-04-17 09:27:45] [INFO] [发送] 09:27:45.339 设备ID=12055 module=PERIODIC id=ReadFoupStatus uuid=110 sendCount=1/1 timeout=1000ms crc=30 0C len=8
frame=01 04 00 00 00 09 30 0C
[2026-04-17 09:27:45] [INFO] [接收-帧] 09:27:45.441 设备ID=12055 module=PERIODIC id=ReadFoupStatus uuid=110 len=23
frame=01 04 12 7C A7 94 28 05 91 19 89 FD D5 59 0D 94 C2 68 7F 3C FA 78 B3
[2026-04-17 09:27:46] [INFO] [发送] 09:27:46.437 设备ID=12055 module=PERIODIC id=ReadFoupStatus uuid=110 sendCount=1/1 timeout=1000ms crc=30 0C len=8
frame=01 04 00 00 00 09 30 0C
[2026-04-17 09:27:46] [INFO] [接收-帧] 09:27:46.538 设备ID=12055 module=PERIODIC id=ReadFoupStatus uuid=110 len=23
frame=01 04 12 04 7E CC 2E 05 72 DB 69 28 BB F4 5D 4F AA 2B A4 15 AB A3 70
[2026-04-17 09:27:47] [INFO] [发送] 09:27:47.525 设备ID=12055 module=PERIODIC id=ReadFoupStatus uuid=110 sendCount=1/1 timeout=1000ms crc=30 0C len=8
frame=01 04 00 00 00 09 30 0C
[2026-04-17 09:27:47] [INFO] [接收-帧] 09:27:47.627 设备ID=12055 module=PERIODIC id=ReadFoupStatus uuid=110 len=23
frame=01 04 12 70 51 D6 D2 DF B1 FF A9 E0 4B 90 41 87 FD 4C 7C 09 C8 18 C8
[2026-04-17 09:27:48] [INFO] [发送] 09:27:48.618 设备ID=12055 module=PERIODIC id=ReadFoupStatus uuid=110 sendCount=1/1 timeout=1000ms crc=30 0C len=8
frame=01 04 00 00 00 09 30 0C
[2026-04-17 09:27:48] [INFO] [接收-帧] 09:27:48.725 设备ID=12055 module=PERIODIC id=ReadFoupStatus uuid=110 len=23
frame=01 04 12 4C BD 21 A4 A7 61 E3 A7 2B 1D 6F CC 75 10 EF 6D 39 09 A5 7D
[2026-04-17 09:27:49] [INFO] [发送] 09:27:49.713 设备ID=12055 module=PERIODIC id=ReadFoupStatus uuid=110 sendCount=1/1 timeout=1000ms crc=30 0C len=8
frame=01 04 00 00 00 09 30 0C
[2026-04-17 09:27:49] [INFO] [接收-帧] 09:27:49.816 设备ID=12055 module=PERIODIC id=ReadFoupStatus uuid=110 len=23
frame=01 04 12 C7 38 89 79 1D E7 CC 63 A6 E0 F5 EF B8 A6 0A A7 FA D7 90 02
[2026-04-17 09:27:50] [INFO] [发送] 09:27:50.811 设备ID=12055 module=PERIODIC id=ReadFoupStatus uuid=110 sendCount=1/1 timeout=1000ms crc=30 0C len=8
frame=01 04 00 00 00 09 30 0C
[2026-04-17 09:27:50] [INFO] [接收-帧] 09:27:50.907 设备ID=12055 module=PERIODIC id=ReadFoupStatus uuid=110 len=23
frame=01 04 12 E1 AD 76 64 41 9F 6F 13 CA F1 3B 34 C0 C8 22 F5 E5 9A 6F 61
[2026-04-17 09:31:34] [INFO] [发送] 09:31:34.169 设备ID=12055 module=INITIAL id=ReadVersion uuid=109 sendCount=1/4 timeout=1000ms crc=B1 CD len=8
frame=01 04 00 18 00 01 B1 CD
[2026-04-17 09:31:34] [INFO] [接收-帧] 09:31:34.328 设备ID=12055 module=INITIAL id=ReadVersion uuid=109 len=7
frame=01 04 02 00 00 B9 30
[2026-04-17 09:31:34] [INFO] [发送] 09:31:34.328 设备ID=12055 module=PERIODIC id=ReadFoupStatus uuid=110 sendCount=1/1 timeout=1000ms crc=30 0C len=8
frame=01 04 00 00 00 09 30 0C
[2026-04-17 09:31:34] [INFO] [接收-帧] 09:31:34.393 设备ID=12055 module=PERIODIC id=ReadFoupStatus uuid=110 len=23
frame=01 04 12 F3 9A 0D EF 52 4F 34 2C F6 85 8F 59 A2 E1 E8 71 00 C6 43 84
[2026-04-17 09:31:35] [INFO] [发送] 09:31:35.386 设备ID=12055 module=PERIODIC id=ReadFoupStatus uuid=110 sendCount=1/1 timeout=1000ms crc=30 0C len=8
frame=01 04 00 00 00 09 30 0C
[2026-04-17 09:31:35] [INFO] [接收-帧] 09:31:35.485 设备ID=12055 module=PERIODIC id=ReadFoupStatus uuid=110 len=23
frame=01 04 12 02 12 79 A6 A4 30 44 12 02 6B BD 41 B5 9E 29 DE AE AE 03 EE
[2026-04-17 09:31:36] [INFO] [发送] 09:31:36.487 设备ID=12055 module=PERIODIC id=ReadFoupStatus uuid=110 sendCount=1/1 timeout=1000ms crc=30 0C len=8
frame=01 04 00 00 00 09 30 0C
[2026-04-17 09:31:36] [INFO] [接收-帧] 09:31:36.587 设备ID=12055 module=PERIODIC id=ReadFoupStatus uuid=110 len=23
frame=01 04 12 56 88 33 EB EA 4D D2 A8 57 8D E4 4D 82 31 EA 93 B9 50 77 9C
[2026-04-17 09:31:37] [INFO] [发送] 09:31:37.593 设备ID=12055 module=PERIODIC id=ReadFoupStatus uuid=110 sendCount=1/1 timeout=1000ms crc=30 0C len=8
frame=01 04 00 00 00 09 30 0C
[2026-04-17 09:31:37] [INFO] [接收-帧] 09:31:37.718 设备ID=12055 module=PERIODIC id=ReadFoupStatus uuid=110 len=23
frame=01 04 12 38 5D 6F 3A 87 60 DC BE D5 B5 8D D4 51 F9 C7 93 95 6F 33 DC
[2026-04-17 09:31:38] [INFO] [发送] 09:31:38.739 设备ID=12055 module=PERIODIC id=ReadFoupStatus uuid=110 sendCount=1/1 timeout=1000ms crc=30 0C len=8
frame=01 04 00 00 00 09 30 0C
[2026-04-17 09:31:38] [INFO] [接收-帧] 09:31:38.876 设备ID=12055 module=PERIODIC id=ReadFoupStatus uuid=110 len=23
frame=01 04 12 A0 74 61 AA FA 76 DE B1 DB 0D 8B 95 BF 6A F0 47 CB 99 43 1E
[2026-04-17 09:31:39] [INFO] [发送] 09:31:39.870 设备ID=12055 module=PERIODIC id=ReadFoupStatus uuid=110 sendCount=1/1 timeout=1000ms crc=30 0C len=8
frame=01 04 00 00 00 09 30 0C
[2026-04-17 09:31:39] [INFO] [接收-帧] 09:31:39.980 设备ID=12055 module=PERIODIC id=ReadFoupStatus uuid=110 len=23
frame=01 04 12 FB 31 68 70 78 25 0F 66 DC DB 03 9A AB 76 C2 E9 49 C1 79 D6
[2026-04-17 09:31:40] [INFO] [发送] 09:31:40.981 设备ID=12055 module=PERIODIC id=ReadFoupStatus uuid=110 sendCount=1/1 timeout=1000ms crc=30 0C len=8
frame=01 04 00 00 00 09 30 0C
[2026-04-17 09:31:41] [INFO] [接收-帧] 09:31:41.063 设备ID=12055 module=PERIODIC id=ReadFoupStatus uuid=110 len=23
frame=01 04 12 A8 E9 9F 3E 51 5B CF 88 10 EE C1 32 08 66 BA 76 00 AE E7 B4
[2026-04-17 09:31:42] [INFO] [发送] 09:31:42.060 设备ID=12055 module=PERIODIC id=ReadFoupStatus uuid=110 sendCount=1/1 timeout=1000ms crc=30 0C len=8
frame=01 04 00 00 00 09 30 0C
[2026-04-17 09:31:42] [INFO] [接收-帧] 09:31:42.160 设备ID=12055 module=PERIODIC id=ReadFoupStatus uuid=110 len=23
frame=01 04 12 B8 F9 76 C2 C9 73 51 3E 3F EB 60 96 AB 52 72 86 4D BB 45 A8
[2026-04-17 09:31:43] [INFO] [发送] 09:31:43.150 设备ID=12055 module=PERIODIC id=ReadFoupStatus uuid=110 sendCount=1/1 timeout=1000ms crc=30 0C len=8
frame=01 04 00 00 00 09 30 0C
[2026-04-17 09:31:43] [INFO] [接收-帧] 09:31:43.252 设备ID=12055 module=PERIODIC id=ReadFoupStatus uuid=110 len=23
frame=01 04 12 7A 20 7C CF D8 B3 11 F1 91 A3 0C 0C 97 6F 40 4B F9 3E 89 00
[2026-04-17 09:31:44] [INFO] [发送] 09:31:44.245 设备ID=12055 module=PERIODIC id=ReadFoupStatus uuid=110 sendCount=1/1 timeout=1000ms crc=30 0C len=8
frame=01 04 00 00 00 09 30 0C
[2026-04-17 09:31:44] [INFO] [接收-帧] 09:31:44.347 设备ID=12055 module=PERIODIC id=ReadFoupStatus uuid=110 len=23
frame=01 04 12 44 E6 6C B2 C3 C0 CD C4 D8 20 EF E4 F1 72 40 1A 67 4B E6 12
[2026-04-17 09:31:45] [INFO] [发送] 09:31:45.338 设备ID=12055 module=PERIODIC id=ReadFoupStatus uuid=110 sendCount=1/1 timeout=1000ms crc=30 0C len=8
frame=01 04 00 00 00 09 30 0C
[2026-04-17 09:31:45] [INFO] [接收-帧] 09:31:45.445 设备ID=12055 module=PERIODIC id=ReadFoupStatus uuid=110 len=23
frame=01 04 12 D0 A9 5A 5B 27 BB 12 EA 46 F0 D1 2B DC 8E 3C 00 AD 2D C7 61
[2026-04-17 09:31:46] [INFO] [发送] 09:31:46.432 设备ID=12055 module=PERIODIC id=ReadFoupStatus uuid=110 sendCount=1/1 timeout=1000ms crc=30 0C len=8
frame=01 04 00 00 00 09 30 0C
[2026-04-17 09:31:46] [INFO] [接收-帧] 09:31:46.536 设备ID=12055 module=PERIODIC id=ReadFoupStatus uuid=110 len=23
frame=01 04 12 62 4E 3C 2A 04 90 93 0F 8D 33 48 CE 73 60 1D 0B 30 A0 31 4A
[2026-04-17 09:31:47] [INFO] [发送] 09:31:47.529 设备ID=12055 module=PERIODIC id=ReadFoupStatus uuid=110 sendCount=1/1 timeout=1000ms crc=30 0C len=8
frame=01 04 00 00 00 09 30 0C
[2026-04-17 09:31:47] [INFO] [接收-帧] 09:31:47.638 设备ID=12055 module=PERIODIC id=ReadFoupStatus uuid=110 len=23
frame=01 04 12 9F 72 AD 55 A1 F0 67 B6 D8 E0 FB 66 92 8A CB FC 11 C2 DB 39
[2026-04-17 09:31:48] [INFO] [发送] 09:31:48.640 设备ID=12055 module=PERIODIC id=ReadFoupStatus uuid=110 sendCount=1/1 timeout=1000ms crc=30 0C len=8
frame=01 04 00 00 00 09 30 0C
[2026-04-17 09:31:48] [INFO] [接收-帧] 09:31:48.724 设备ID=12055 module=PERIODIC id=ReadFoupStatus uuid=110 len=23
frame=01 04 12 BB 43 A2 A1 4B 21 7A 39 A3 01 E7 D6 79 2E 3C A5 0B D9 CE E8
[2026-04-17 09:31:49] [INFO] [发送] 09:31:49.713 设备ID=12055 module=PERIODIC id=ReadFoupStatus uuid=110 sendCount=1/1 timeout=1000ms crc=30 0C len=8
frame=01 04 00 00 00 09 30 0C
[2026-04-17 09:31:49] [INFO] [接收-帧] 09:31:49.813 设备ID=12055 module=PERIODIC id=ReadFoupStatus uuid=110 len=23
frame=01 04 12 70 E0 9E 36 7F D6 4F 79 98 92 B6 A4 20 93 A7 09 D7 3E 61 D6
[2026-04-17 09:31:50] [INFO] [发送] 09:31:50.807 设备ID=12055 module=PERIODIC id=ReadFoupStatus uuid=110 sendCount=1/1 timeout=1000ms crc=30 0C len=8
frame=01 04 00 00 00 09 30 0C
[2026-04-17 09:31:50] [INFO] [接收-帧] 09:31:50.914 设备ID=12055 module=PERIODIC id=ReadFoupStatus uuid=110 len=23
frame=01 04 12 62 FB 51 E9 F8 54 66 93 89 B7 E4 52 38 64 E7 97 AD 47 24 96
[2026-04-17 09:31:51] [INFO] [发送] 09:31:51.922 设备ID=12055 module=PERIODIC id=ReadFoupStatus uuid=110 sendCount=1/1 timeout=1000ms crc=30 0C len=8
frame=01 04 00 00 00 09 30 0C
[2026-04-17 09:31:52] [INFO] [接收-帧] 09:31:52.006 设备ID=12055 module=PERIODIC id=ReadFoupStatus uuid=110 len=23
frame=01 04 12 17 46 68 B7 0C 68 ED 11 46 10 46 A6 44 70 55 D0 3A 23 35 45
[2026-04-17 09:31:52] [INFO] [发送] 09:31:52.996 设备ID=12055 module=PERIODIC id=ReadFoupStatus uuid=110 sendCount=1/1 timeout=1000ms crc=30 0C len=8
frame=01 04 00 00 00 09 30 0C
[2026-04-17 09:31:53] [INFO] [接收-帧] 09:31:53.101 设备ID=12055 module=PERIODIC id=ReadFoupStatus uuid=110 len=23
frame=01 04 12 80 99 E4 5B CD E3 55 B2 1F DF 20 5F BB C2 D2 36 A0 70 20 4E
[2026-04-17 09:31:54] [INFO] [发送] 09:31:54.086 设备ID=12055 module=PERIODIC id=ReadFoupStatus uuid=110 sendCount=1/1 timeout=1000ms crc=30 0C len=8
frame=01 04 00 00 00 09 30 0C
[2026-04-17 09:31:54] [INFO] [接收-帧] 09:31:54.189 设备ID=12055 module=PERIODIC id=ReadFoupStatus uuid=110 len=23
frame=01 04 12 4F AA 96 18 13 29 0A E2 D2 B8 FF EF DF 0E E7 F0 4E 31 E2 58
[2026-04-17 09:31:55] [INFO] [发送] 09:31:55.183 设备ID=12055 module=PERIODIC id=ReadFoupStatus uuid=110 sendCount=1/1 timeout=1000ms crc=30 0C len=8
frame=01 04 00 00 00 09 30 0C
[2026-04-17 09:31:55] [INFO] [接收-帧] 09:31:55.282 设备ID=12055 module=PERIODIC id=ReadFoupStatus uuid=110 len=23
frame=01 04 12 AB B3 40 28 8B 6B CA 27 F5 EA 89 60 1D B1 FC 33 B0 83 B0 97
[2026-04-17 09:31:56] [INFO] [发送] 09:31:56.280 设备ID=12055 module=PERIODIC id=ReadFoupStatus uuid=110 sendCount=1/1 timeout=1000ms crc=30 0C len=8
frame=01 04 00 00 00 09 30 0C
[2026-04-17 09:31:56] [INFO] [接收-帧] 09:31:56.377 设备ID=12055 module=PERIODIC id=ReadFoupStatus uuid=110 len=23
frame=01 04 12 AB 40 62 F4 24 29 CA A9 54 00 E7 D8 93 02 A7 0A 29 86 A6 71
[2026-04-17 09:31:57] [INFO] [发送] 09:31:57.375 设备ID=12055 module=PERIODIC id=ReadFoupStatus uuid=110 sendCount=1/1 timeout=1000ms crc=30 0C len=8
frame=01 04 00 00 00 09 30 0C
[2026-04-17 09:31:57] [INFO] [接收-帧] 09:31:57.477 设备ID=12055 module=PERIODIC id=ReadFoupStatus uuid=110 len=23
frame=01 04 12 F1 2D 21 13 69 AC F5 49 9E 54 AF 1C 52 E2 31 5C 12 89 27 4C
[2026-04-17 09:31:58] [INFO] [发送] 09:31:58.484 设备ID=12055 module=PERIODIC id=ReadFoupStatus uuid=110 sendCount=1/1 timeout=1000ms crc=30 0C len=8
frame=01 04 00 00 00 09 30 0C
[2026-04-17 09:31:58] [INFO] [接收-帧] 09:31:58.566 设备ID=12055 module=PERIODIC id=ReadFoupStatus uuid=110 len=23
frame=01 04 12 E6 6C E2 A4 69 4A 16 9D 54 30 FA C9 FB EA EF 50 59 3D 92 85
[2026-04-17 09:31:59] [INFO] [发送] 09:31:59.559 设备ID=12055 module=PERIODIC id=ReadFoupStatus uuid=110 sendCount=1/1 timeout=1000ms crc=30 0C len=8
frame=01 04 00 00 00 09 30 0C
[2026-04-17 09:31:59] [INFO] [接收-帧] 09:31:59.658 设备ID=12055 module=PERIODIC id=ReadFoupStatus uuid=110 len=23
frame=01 04 12 6D 44 64 9C EF AB AE 5D DB 35 2A 94 59 25 78 31 D4 FF 74 3F
[2026-04-17 09:32:00] [INFO] [发送] 09:32:00.655 设备ID=12055 module=PERIODIC id=ReadFoupStatus uuid=110 sendCount=1/1 timeout=1000ms crc=30 0C len=8
frame=01 04 00 00 00 09 30 0C
[2026-04-17 09:32:00] [INFO] [接收-帧] 09:32:00.754 设备ID=12055 module=PERIODIC id=ReadFoupStatus uuid=110 len=23
frame=01 04 12 E3 A1 CA 64 EF 7B B1 EE AE FA ED A7 48 2F B9 CF 34 90 51 E2
[2026-04-17 09:32:01] [INFO] [发送] 09:32:01.747 设备ID=12055 module=PERIODIC id=ReadFoupStatus uuid=110 sendCount=1/1 timeout=1000ms crc=30 0C len=8
frame=01 04 00 00 00 09 30 0C
[2026-04-17 09:32:01] [INFO] [接收-帧] 09:32:01.845 设备ID=12055 module=PERIODIC id=ReadFoupStatus uuid=110 len=23
frame=01 04 12 97 16 3A A6 2A E3 4C 27 F7 FD 70 B9 D6 3B DF 0B B2 07 3F 36
[2026-04-17 09:32:02] [INFO] [发送] 09:32:02.837 设备ID=12055 module=PERIODIC id=ReadFoupStatus uuid=110 sendCount=1/1 timeout=1000ms crc=30 0C len=8
frame=01 04 00 00 00 09 30 0C
[2026-04-17 09:32:02] [INFO] [接收-帧] 09:32:02.940 设备ID=12055 module=PERIODIC id=ReadFoupStatus uuid=110 len=23
frame=01 04 12 48 C9 66 53 79 21 08 CA 99 A3 01 98 B0 9B 6F FC 44 97 E5 C0
[2026-04-17 09:32:03] [INFO] [发送] 09:32:03.931 设备ID=12055 module=PERIODIC id=ReadFoupStatus uuid=110 sendCount=1/1 timeout=1000ms crc=30 0C len=8
frame=01 04 00 00 00 09 30 0C
[2026-04-17 09:32:04] [INFO] [接收-帧] 09:32:04.039 设备ID=12055 module=PERIODIC id=ReadFoupStatus uuid=110 len=23
frame=01 04 12 F5 FD 5B 2E C8 CA AB 9A 52 18 D6 AB 74 16 67 5F B9 B5 4A BE
