[2026-04-17 09:24:09] [INFO] [发送] 09:24:09.016 设备ID=12006 module=INITIAL id=ReadVersion uuid=11 sendCount=1/4 timeout=1000ms crc=B1 CD len=8
frame=01 04 00 18 00 01 B1 CD
[2026-04-17 09:24:10] [INFO] [发送] 09:24:10.011 设备ID=12006 module=INITIAL id=ReadVersion uuid=11 sendCount=2/4 timeout=1000ms crc=B1 CD len=8
frame=01 04 00 18 00 01 B1 CD
[2026-04-17 09:24:11] [INFO] [发送] 09:24:11.023 设备ID=12006 module=INITIAL id=ReadVersion uuid=11 sendCount=3/4 timeout=1000ms crc=B1 CD len=8
frame=01 04 00 18 00 01 B1 CD
[2026-04-17 09:24:11] [INFO] [接收-帧] 09:24:11.125 设备ID=12006 module=INITIAL id=ReadVersion uuid=11 len=7
frame=01 04 02 00 00 B9 30
[2026-04-17 09:24:11] [INFO] [发送] 09:24:11.125 设备ID=12006 module=PERIODIC id=ReadFoupStatus uuid=12 sendCount=1/1 timeout=1000ms crc=30 0C len=8
frame=01 04 00 00 00 09 30 0C
[2026-04-17 09:24:13] [INFO] [发送] 09:24:13.119 设备ID=12006 module=PERIODIC id=ReadFoupStatus uuid=12 sendCount=1/1 timeout=1000ms crc=30 0C len=8
frame=01 04 00 00 00 09 30 0C
[2026-04-17 09:24:15] [INFO] [发送] 09:24:15.145 设备ID=12006 module=PERIODIC id=ReadFoupStatus uuid=12 sendCount=1/1 timeout=1000ms crc=30 0C len=8
frame=01 04 00 00 00 09 30 0C
[2026-04-17 09:24:17] [INFO] [发送] 09:24:17.142 设备ID=12006 module=PERIODIC id=ReadFoupStatus uuid=12 sendCount=1/1 timeout=1000ms crc=30 0C len=8
frame=01 04 00 00 00 09 30 0C
[2026-04-17 09:24:19] [INFO] [发送] 09:24:19.146 设备ID=12006 module=PERIODIC id=ReadFoupStatus uuid=12 sendCount=1/1 timeout=1000ms crc=30 0C len=8
frame=01 04 00 00 00 09 30 0C
[2026-04-17 09:24:21] [INFO] [发送] 09:24:21.163 设备ID=12006 module=PERIODIC id=ReadFoupStatus uuid=12 sendCount=1/1 timeout=1000ms crc=30 0C len=8
frame=01 04 00 00 00 09 30 0C
[2026-04-17 09:24:23] [INFO] [发送] 09:24:23.168 设备ID=12006 module=PERIODIC id=ReadFoupStatus uuid=12 sendCount=1/1 timeout=1000ms crc=30 0C len=8
frame=01 04 00 00 00 09 30 0C
[2026-04-17 09:24:25] [INFO] [发送] 09:24:25.168 设备ID=12006 module=PERIODIC id=ReadFoupStatus uuid=12 sendCount=1/1 timeout=1000ms crc=30 0C len=8
frame=01 04 00 00 00 09 30 0C
[2026-04-17 09:24:27] [INFO] [发送] 09:24:27.167 设备ID=12006 module=PERIODIC id=ReadFoupStatus uuid=12 sendCount=1/1 timeout=1000ms crc=30 0C len=8
frame=01 04 00 00 00 09 30 0C
[2026-04-17 09:24:29] [INFO] [发送] 09:24:29.267 设备ID=12006 module=PERIODIC id=ReadFoupStatus uuid=12 sendCount=1/1 timeout=1000ms crc=30 0C len=8
frame=01 04 00 00 00 09 30 0C
[2026-04-17 09:24:33] [INFO] [发送] 09:24:33.284 设备ID=12006 module=PERIODIC id=ReadFoupStatus uuid=12 sendCount=1/1 timeout=1000ms crc=30 0C len=8
frame=01 04 00 00 00 09 30 0C
[2026-04-17 09:24:35] [INFO] [发送] 09:24:35.274 设备ID=12006 module=PERIODIC id=ReadFoupStatus uuid=12 sendCount=1/1 timeout=1000ms crc=30 0C len=8
frame=01 04 00 00 00 09 30 0C
[2026-04-17 09:24:37] [INFO] [发送] 09:24:37.281 设备ID=12006 module=PERIODIC id=ReadFoupStatus uuid=12 sendCount=1/1 timeout=1000ms crc=30 0C len=8
frame=01 04 00 00 00 09 30 0C
[2026-04-17 09:24:39] [INFO] [发送] 09:24:39.274 设备ID=12006 module=PERIODIC id=ReadFoupStatus uuid=12 sendCount=1/1 timeout=1000ms crc=30 0C len=8
frame=01 04 00 00 00 09 30 0C
[2026-04-17 09:24:41] [INFO] [发送] 09:24:41.278 设备ID=12006 module=PERIODIC id=ReadFoupStatus uuid=12 sendCount=1/1 timeout=1000ms crc=30 0C len=8
frame=01 04 00 00 00 09 30 0C
[2026-04-17 09:24:43] [INFO] [发送] 09:24:43.294 设备ID=12006 module=PERIODIC id=ReadFoupStatus uuid=12 sendCount=1/1 timeout=1000ms crc=30 0C len=8
frame=01 04 00 00 00 09 30 0C
[2026-04-17 09:24:48] [INFO] [发送] 09:24:48.095 设备ID=12006 module=PERIODIC id=ReadFoupStatus uuid=12 sendCount=1/1 timeout=1000ms crc=30 0C len=8
frame=01 04 00 00 00 09 30 0C
[2026-04-17 09:24:48] [INFO] [接收-帧] 09:24:48.201 设备ID=12006 module=PERIODIC id=ReadFoupStatus uuid=12 len=23
frame=01 04 12 FD 91 B7 96 05 A1 AF D0 66 74 47 F4 66 D7 34 64 8E BF 10 5E
[2026-04-17 09:24:49] [INFO] [发送] 09:24:49.195 设备ID=12006 module=PERIODIC id=ReadFoupStatus uuid=12 sendCount=1/1 timeout=1000ms crc=30 0C len=8
frame=01 04 00 00 00 09 30 0C
[2026-04-17 09:24:49] [INFO] [接收-帧] 09:24:49.278 设备ID=12006 module=PERIODIC id=ReadFoupStatus uuid=12 len=23
frame=01 04 12 6C 1D 4D B2 71 85 90 45 39 6B B3 5D 1D 98 A7 C9 AB 72 23 4F
[2026-04-17 09:24:50] [INFO] [发送] 09:24:50.380 设备ID=12006 module=PERIODIC id=ReadFoupStatus uuid=12 sendCount=1/1 timeout=1000ms crc=30 0C len=8
frame=01 04 00 00 00 09 30 0C
[2026-04-17 09:24:50] [INFO] [接收-帧] 09:24:50.487 设备ID=12006 module=PERIODIC id=ReadFoupStatus uuid=12 len=23
frame=01 04 12 64 EE 43 E3 31 D3 9D EA 7B BA 45 36 E4 6B 60 E7 DA 69 18 DC
[2026-04-17 09:24:51] [INFO] [发送] 09:24:51.478 设备ID=12006 module=PERIODIC id=ReadFoupStatus uuid=12 sendCount=1/1 timeout=1000ms crc=30 0C len=8
frame=01 04 00 00 00 09 30 0C
[2026-04-17 09:24:51] [INFO] [接收-帧] 09:24:51.575 设备ID=12006 module=PERIODIC id=ReadFoupStatus uuid=12 len=23
frame=01 04 12 EF 67 E5 E3 3F 7E FA 60 32 C0 4D 96 7F 01 8A 29 14 FD 02 3E
[2026-04-17 09:24:52] [INFO] [发送] 09:24:52.574 设备ID=12006 module=PERIODIC id=ReadFoupStatus uuid=12 sendCount=1/1 timeout=1000ms crc=30 0C len=8
frame=01 04 00 00 00 09 30 0C
[2026-04-17 09:24:52] [INFO] [接收-帧] 09:24:52.673 设备ID=12006 module=PERIODIC id=ReadFoupStatus uuid=12 len=23
frame=01 04 12 30 E3 1F C5 89 3B E5 03 AD 87 BA 0B 05 93 A6 52 A7 0D B3 72
[2026-04-17 09:24:53] [INFO] [发送] 09:24:53.665 设备ID=12006 module=PERIODIC id=ReadFoupStatus uuid=12 sendCount=1/1 timeout=1000ms crc=30 0C len=8
frame=01 04 00 00 00 09 30 0C
[2026-04-17 09:24:53] [INFO] [接收-帧] 09:24:53.764 设备ID=12006 module=PERIODIC id=ReadFoupStatus uuid=12 len=23
frame=01 04 12 F4 95 67 C6 9B D1 D3 93 41 B4 BB E7 0A 98 B3 60 BF 0E 8A 73
[2026-04-17 09:24:54] [INFO] [发送] 09:24:54.766 设备ID=12006 module=PERIODIC id=ReadFoupStatus uuid=12 sendCount=1/1 timeout=1000ms crc=30 0C len=8
frame=01 04 00 00 00 09 30 0C
[2026-04-17 09:24:54] [INFO] [接收-帧] 09:24:54.861 设备ID=12006 module=PERIODIC id=ReadFoupStatus uuid=12 len=23
frame=01 04 12 D5 30 5C AA 55 5A 6B BE D7 A6 45 D6 23 F3 DF 5A ED 25 63 2A
[2026-04-17 09:24:55] [INFO] [发送] 09:24:55.854 设备ID=12006 module=PERIODIC id=ReadFoupStatus uuid=12 sendCount=1/1 timeout=1000ms crc=30 0C len=8
frame=01 04 00 00 00 09 30 0C
[2026-04-17 09:24:55] [INFO] [接收-帧] 09:24:55.954 设备ID=12006 module=PERIODIC id=ReadFoupStatus uuid=12 len=23
frame=01 04 12 0B 5D D1 7E E7 F3 81 9B 8A 43 21 7F D0 03 EE F5 EA 46 89 03
[2026-04-17 09:24:56] [INFO] [发送] 09:24:56.949 设备ID=12006 module=PERIODIC id=ReadFoupStatus uuid=12 sendCount=1/1 timeout=1000ms crc=30 0C len=8
frame=01 04 00 00 00 09 30 0C
[2026-04-17 09:24:57] [INFO] [接收-帧] 09:24:57.045 设备ID=12006 module=PERIODIC id=ReadFoupStatus uuid=12 len=23
frame=01 04 12 10 7F D1 40 D8 68 DA 3C 78 B7 1C 6E 20 A2 A0 E5 93 EA ED BA
[2026-04-17 09:24:58] [INFO] [发送] 09:24:58.045 设备ID=12006 module=PERIODIC id=ReadFoupStatus uuid=12 sendCount=1/1 timeout=1000ms crc=30 0C len=8
frame=01 04 00 00 00 09 30 0C
[2026-04-17 09:24:58] [INFO] [接收-帧] 09:24:58.140 设备ID=12006 module=PERIODIC id=ReadFoupStatus uuid=12 len=23
frame=01 04 12 FC 5A 90 A9 71 EB A4 77 D5 76 78 E6 C8 38 12 31 29 4F 1F 1D
[2026-04-17 09:24:59] [INFO] [发送] 09:24:59.134 设备ID=12006 module=PERIODIC id=ReadFoupStatus uuid=12 sendCount=1/1 timeout=1000ms crc=30 0C len=8
frame=01 04 00 00 00 09 30 0C
[2026-04-17 09:24:59] [INFO] [接收-帧] 09:24:59.235 设备ID=12006 module=PERIODIC id=ReadFoupStatus uuid=12 len=23
frame=01 04 12 39 46 92 C4 95 5A 7A A1 01 48 CD 4A C1 BC F3 B7 89 70 F7 0E
[2026-04-17 09:25:00] [INFO] [发送] 09:25:00.228 设备ID=12006 module=PERIODIC id=ReadFoupStatus uuid=12 sendCount=1/1 timeout=1000ms crc=30 0C len=8
frame=01 04 00 00 00 09 30 0C
[2026-04-17 09:25:00] [INFO] [接收-帧] 09:25:00.327 设备ID=12006 module=PERIODIC id=ReadFoupStatus uuid=12 len=23
frame=01 04 12 8A E4 CA B6 82 29 1D 1D C4 AD 2C AB 84 05 2D BC 52 61 1F 67
[2026-04-17 09:25:01] [INFO] [发送] 09:25:01.323 设备ID=12006 module=PERIODIC id=ReadFoupStatus uuid=12 sendCount=1/1 timeout=1000ms crc=30 0C len=8
frame=01 04 00 00 00 09 30 0C
[2026-04-17 09:25:01] [INFO] [接收-帧] 09:25:01.421 设备ID=12006 module=PERIODIC id=ReadFoupStatus uuid=12 len=23
frame=01 04 12 A3 2F 34 66 41 92 E7 FB 53 C0 B4 43 5B 59 AE 3A EE C3 58 ED
[2026-04-17 09:25:02] [INFO] [发送] 09:25:02.418 设备ID=12006 module=PERIODIC id=ReadFoupStatus uuid=12 sendCount=1/1 timeout=1000ms crc=30 0C len=8
frame=01 04 00 00 00 09 30 0C
[2026-04-17 09:25:02] [INFO] [接收-帧] 09:25:02.520 设备ID=12006 module=PERIODIC id=ReadFoupStatus uuid=12 len=23
frame=01 04 12 08 FF 0A 22 03 AB B9 10 4A C2 DA F8 7F AB 96 54 E3 BC 96 51
[2026-04-17 09:25:03] [INFO] [发送] 09:25:03.508 设备ID=12006 module=PERIODIC id=ReadFoupStatus uuid=12 sendCount=1/1 timeout=1000ms crc=30 0C len=8
frame=01 04 00 00 00 09 30 0C
[2026-04-17 09:25:03] [INFO] [接收-帧] 09:25:03.612 设备ID=12006 module=PERIODIC id=ReadFoupStatus uuid=12 len=23
frame=01 04 12 11 0B 42 6B 5A A7 13 DF BD CC BD DE 00 2D 5A BC 86 80 09 E2
[2026-04-17 09:25:04] [INFO] [发送] 09:25:04.604 设备ID=12006 module=PERIODIC id=ReadFoupStatus uuid=12 sendCount=1/1 timeout=1000ms crc=30 0C len=8
frame=01 04 00 00 00 09 30 0C
[2026-04-17 09:25:04] [INFO] [接收-帧] 09:25:04.703 设备ID=12006 module=PERIODIC id=ReadFoupStatus uuid=12 len=23
frame=01 04 12 01 B9 49 AB FF 95 BD D6 37 06 D1 9F FD B1 44 F0 27 7B 9D 53
[2026-04-17 09:25:05] [INFO] [发送] 09:25:05.699 设备ID=12006 module=PERIODIC id=ReadFoupStatus uuid=12 sendCount=1/1 timeout=1000ms crc=30 0C len=8
frame=01 04 00 00 00 09 30 0C
[2026-04-17 09:25:05] [INFO] [接收-帧] 09:25:05.800 设备ID=12006 module=PERIODIC id=ReadFoupStatus uuid=12 len=23
frame=01 04 12 5B 08 D2 77 32 6F 47 ED 7E AD 3E FA 29 36 A3 F0 EA 50 CF D5
[2026-04-17 09:25:06] [INFO] [发送] 09:25:06.790 设备ID=12006 module=PERIODIC id=ReadFoupStatus uuid=12 sendCount=1/1 timeout=1000ms crc=30 0C len=8
frame=01 04 00 00 00 09 30 0C
[2026-04-17 09:25:06] [INFO] [接收-帧] 09:25:06.893 设备ID=12006 module=PERIODIC id=ReadFoupStatus uuid=12 len=23
frame=01 04 12 A4 F2 F0 8D 4A F2 4E 67 B7 37 B6 75 C6 44 14 E0 5F F7 3E 8C
[2026-04-17 09:25:07] [INFO] [发送] 09:25:07.886 设备ID=12006 module=PERIODIC id=ReadFoupStatus uuid=12 sendCount=1/1 timeout=1000ms crc=30 0C len=8
frame=01 04 00 00 00 09 30 0C
[2026-04-17 09:25:07] [INFO] [接收-帧] 09:25:07.981 设备ID=12006 module=PERIODIC id=ReadFoupStatus uuid=12 len=23
frame=01 04 12 1A F3 A7 BA 59 46 40 FF 1A 11 52 79 FF 36 AB 49 0F CD 2C FC
[2026-04-17 09:25:08] [INFO] [发送] 09:25:08.981 设备ID=12006 module=PERIODIC id=ReadFoupStatus uuid=12 sendCount=1/1 timeout=1000ms crc=30 0C len=8
frame=01 04 00 00 00 09 30 0C
[2026-04-17 09:25:09] [INFO] [接收-帧] 09:25:09.078 设备ID=12006 module=PERIODIC id=ReadFoupStatus uuid=12 len=23
frame=01 04 12 60 A8 66 08 1F E3 C7 8C 76 45 39 E9 38 81 6C 92 9A FE 38 0E
[2026-04-17 09:25:10] [INFO] [发送] 09:25:10.070 设备ID=12006 module=PERIODIC id=ReadFoupStatus uuid=12 sendCount=1/1 timeout=1000ms crc=30 0C len=8
frame=01 04 00 00 00 09 30 0C
[2026-04-17 09:25:10] [INFO] [接收-帧] 09:25:10.168 设备ID=12006 module=PERIODIC id=ReadFoupStatus uuid=12 len=23
frame=01 04 12 D7 64 E1 A8 B6 4F 14 A1 BE F0 BC AD 67 96 29 9D 99 20 48 4A
[2026-04-17 09:25:11] [INFO] [发送] 09:25:11.166 设备ID=12006 module=PERIODIC id=ReadFoupStatus uuid=12 sendCount=1/1 timeout=1000ms crc=30 0C len=8
frame=01 04 00 00 00 09 30 0C
[2026-04-17 09:25:11] [INFO] [接收-帧] 09:25:11.266 设备ID=12006 module=PERIODIC id=ReadFoupStatus uuid=12 len=23
frame=01 04 12 6E 48 C6 13 5E FE 86 9C 96 11 17 4B 5B 89 B9 9B B1 CD 60 B2
[2026-04-17 09:25:12] [INFO] [发送] 09:25:12.258 设备ID=12006 module=PERIODIC id=ReadFoupStatus uuid=12 sendCount=1/1 timeout=1000ms crc=30 0C len=8
frame=01 04 00 00 00 09 30 0C
[2026-04-17 09:25:12] [INFO] [接收-帧] 09:25:12.356 设备ID=12006 module=PERIODIC id=ReadFoupStatus uuid=12 len=23
frame=01 04 12 3B 6C 17 79 38 B6 FF 74 C5 52 05 E5 6B CE 9D 78 A4 E4 77 BD
[2026-04-17 09:25:13] [INFO] [发送] 09:25:13.352 设备ID=12006 module=PERIODIC id=ReadFoupStatus uuid=12 sendCount=1/1 timeout=1000ms crc=30 0C len=8
frame=01 04 00 00 00 09 30 0C
[2026-04-17 09:25:13] [INFO] [接收-帧] 09:25:13.456 设备ID=12006 module=PERIODIC id=ReadFoupStatus uuid=12 len=23
frame=01 04 12 4C 12 51 15 50 1B 0E 73 CB 5F C0 BB 1F 57 10 37 DD 20 79 F9
[2026-04-17 09:25:14] [INFO] [发送] 09:25:14.450 设备ID=12006 module=PERIODIC id=ReadFoupStatus uuid=12 sendCount=1/1 timeout=1000ms crc=30 0C len=8
frame=01 04 00 00 00 09 30 0C
[2026-04-17 09:25:14] [INFO] [接收-帧] 09:25:14.549 设备ID=12006 module=PERIODIC id=ReadFoupStatus uuid=12 len=23
frame=01 04 12 F9 98 ED C5 3F 11 67 0D 18 86 A7 3A FA E7 2B 24 90 95 57 B8
[2026-04-17 09:25:15] [INFO] [发送] 09:25:15.542 设备ID=12006 module=PERIODIC id=ReadFoupStatus uuid=12 sendCount=1/1 timeout=1000ms crc=30 0C len=8
frame=01 04 00 00 00 09 30 0C
[2026-04-17 09:25:15] [INFO] [接收-帧] 09:25:15.648 设备ID=12006 module=PERIODIC id=ReadFoupStatus uuid=12 len=23
frame=01 04 12 0B 7F 3D 02 E6 87 78 BF C0 78 77 03 EF EB 50 27 CD 3B 56 51
[2026-04-17 09:25:16] [INFO] [发送] 09:25:16.660 设备ID=12006 module=PERIODIC id=ReadFoupStatus uuid=12 sendCount=1/1 timeout=1000ms crc=30 0C len=8
frame=01 04 00 00 00 09 30 0C
[2026-04-17 09:25:16] [INFO] [接收-帧] 09:25:16.736 设备ID=12006 module=PERIODIC id=ReadFoupStatus uuid=12 len=23
frame=01 04 12 B0 E1 A9 0E F4 7D 8A 40 99 78 AE 96 D4 F7 87 DB 17 9A C6 08
[2026-04-17 09:25:17] [INFO] [发送] 09:25:17.734 设备ID=12006 module=PERIODIC id=ReadFoupStatus uuid=12 sendCount=1/1 timeout=1000ms crc=30 0C len=8
frame=01 04 00 00 00 09 30 0C
[2026-04-17 09:25:17] [INFO] [接收-帧] 09:25:17.832 设备ID=12006 module=PERIODIC id=ReadFoupStatus uuid=12 len=23
frame=01 04 12 53 8C 57 C9 A4 AF B3 EE FD 6B 2D 82 F7 A7 D3 CB 2E 34 3A 19
[2026-04-17 09:25:18] [INFO] [发送] 09:25:18.820 设备ID=12006 module=PERIODIC id=ReadFoupStatus uuid=12 sendCount=1/1 timeout=1000ms crc=30 0C len=8
frame=01 04 00 00 00 09 30 0C
[2026-04-17 09:25:18] [INFO] [接收-帧] 09:25:18.927 设备ID=12006 module=PERIODIC id=ReadFoupStatus uuid=12 len=23
frame=01 04 12 BA B5 EE B0 D7 C7 FA 6D 41 2F 62 CC DE 61 C9 C4 3F C1 1B A9
[2026-04-17 09:25:19] [INFO] [发送] 09:25:19.914 设备ID=12006 module=PERIODIC id=ReadFoupStatus uuid=12 sendCount=1/1 timeout=1000ms crc=30 0C len=8
frame=01 04 00 00 00 09 30 0C
[2026-04-17 09:25:20] [INFO] [接收-帧] 09:25:20.035 设备ID=12006 module=PERIODIC id=ReadFoupStatus uuid=12 len=23
frame=01 04 12 19 29 37 0E 5B 4F B2 BF 6D 0C 80 38 7B 97 E8 52 B3 19 C3 55
[2026-04-17 09:25:21] [INFO] [发送] 09:25:21.028 设备ID=12006 module=PERIODIC id=ReadFoupStatus uuid=12 sendCount=1/1 timeout=1000ms crc=30 0C len=8
frame=01 04 00 00 00 09 30 0C
[2026-04-17 09:25:21] [INFO] [接收-帧] 09:25:21.109 设备ID=12006 module=PERIODIC id=ReadFoupStatus uuid=12 len=23
frame=01 04 12 12 CE AC 10 29 85 C8 19 58 AF 62 3B 7C 85 5B 1E A7 82 81 B6
[2026-04-17 09:25:22] [INFO] [发送] 09:25:22.113 设备ID=12006 module=PERIODIC id=ReadFoupStatus uuid=12 sendCount=1/1 timeout=1000ms crc=30 0C len=8
frame=01 04 00 00 00 09 30 0C
[2026-04-17 09:25:22] [INFO] [接收-帧] 09:25:22.205 设备ID=12006 module=PERIODIC id=ReadFoupStatus uuid=12 len=23
frame=01 04 12 CB E7 8E 84 D3 38 CB CE 7C 0A 70 65 B8 0E 23 C1 37 BC 80 43
[2026-04-17 09:25:23] [INFO] [发送] 09:25:23.197 设备ID=12006 module=PERIODIC id=ReadFoupStatus uuid=12 sendCount=1/1 timeout=1000ms crc=30 0C len=8
frame=01 04 00 00 00 09 30 0C
[2026-04-17 09:25:23] [INFO] [接收-帧] 09:25:23.301 设备ID=12006 module=PERIODIC id=ReadFoupStatus uuid=12 len=23
frame=01 04 12 57 9F 64 39 B7 1D D2 85 D6 EF B5 98 A6 10 AF C2 14 F5 5C C1
[2026-04-17 09:25:24] [INFO] [发送] 09:25:24.290 设备ID=12006 module=PERIODIC id=ReadFoupStatus uuid=12 sendCount=1/1 timeout=1000ms crc=30 0C len=8
frame=01 04 00 00 00 09 30 0C
[2026-04-17 09:25:24] [INFO] [接收-帧] 09:25:24.390 设备ID=12006 module=PERIODIC id=ReadFoupStatus uuid=12 len=23
frame=01 04 12 3A DC F5 34 1F 0C 47 62 C3 E4 23 28 52 6C 20 15 F2 4D A8 96
[2026-04-17 09:25:25] [INFO] [发送] 09:25:25.387 设备ID=12006 module=PERIODIC id=ReadFoupStatus uuid=12 sendCount=1/1 timeout=1000ms crc=30 0C len=8
frame=01 04 00 00 00 09 30 0C
[2026-04-17 09:25:25] [INFO] [接收-帧] 09:25:25.482 设备ID=12006 module=PERIODIC id=ReadFoupStatus uuid=12 len=23
frame=01 04 12 AB 87 25 14 5F 41 62 11 A4 F7 E0 95 E4 1A 0A C5 69 2E DD A4
[2026-04-17 09:25:26] [INFO] [发送] 09:25:26.479 设备ID=12006 module=PERIODIC id=ReadFoupStatus uuid=12 sendCount=1/1 timeout=1000ms crc=30 0C len=8
frame=01 04 00 00 00 09 30 0C
[2026-04-17 09:25:26] [INFO] [接收-帧] 09:25:26.578 设备ID=12006 module=PERIODIC id=ReadFoupStatus uuid=12 len=23
frame=01 04 12 A3 F8 40 69 15 E0 8B 12 82 FA 57 4D C3 B6 F1 A6 F6 EE D4 97
[2026-04-17 09:25:27] [INFO] [发送] 09:25:27.572 设备ID=12006 module=PERIODIC id=ReadFoupStatus uuid=12 sendCount=1/1 timeout=1000ms crc=30 0C len=8
frame=01 04 00 00 00 09 30 0C
[2026-04-17 09:25:27] [INFO] [接收-帧] 09:25:27.669 设备ID=12006 module=PERIODIC id=ReadFoupStatus uuid=12 len=23
frame=01 04 12 0C FB EA A5 96 B7 37 D7 10 83 D6 2D 0B 14 47 7A 64 D5 D2 72
[2026-04-17 09:25:28] [INFO] [发送] 09:25:28.670 设备ID=12006 module=PERIODIC id=ReadFoupStatus uuid=12 sendCount=1/1 timeout=1000ms crc=30 0C len=8
frame=01 04 00 00 00 09 30 0C
[2026-04-17 09:25:28] [INFO] [接收-帧] 09:25:28.766 设备ID=12006 module=PERIODIC id=ReadFoupStatus uuid=12 len=23
frame=01 04 12 02 EE E3 CC B8 04 BB 6A 5A E0 36 7E 07 12 31 9A B8 8B 92 A8
[2026-04-17 09:25:29] [INFO] [发送] 09:25:29.759 设备ID=12006 module=PERIODIC id=ReadFoupStatus uuid=12 sendCount=1/1 timeout=1000ms crc=30 0C len=8
frame=01 04 00 00 00 09 30 0C
[2026-04-17 09:25:29] [INFO] [接收-帧] 09:25:29.857 设备ID=12006 module=PERIODIC id=ReadFoupStatus uuid=12 len=23
frame=01 04 12 31 5E A8 AE 60 E5 F1 CF 19 C3 53 8F AB F5 8D B4 B4 AA D7 F2
[2026-04-17 09:25:30] [INFO] [发送] 09:25:30.861 设备ID=12006 module=PERIODIC id=ReadFoupStatus uuid=12 sendCount=1/1 timeout=1000ms crc=30 0C len=8
frame=01 04 00 00 00 09 30 0C
[2026-04-17 09:25:30] [INFO] [接收-帧] 09:25:30.954 设备ID=12006 module=PERIODIC id=ReadFoupStatus uuid=12 len=23
frame=01 04 12 3C 37 2D 3D FA 5C 60 F9 70 9F 0D 0C ED 71 32 6F 17 8E B3 71
[2026-04-17 09:25:31] [INFO] [发送] 09:25:31.950 设备ID=12006 module=PERIODIC id=ReadFoupStatus uuid=12 sendCount=1/1 timeout=1000ms crc=30 0C len=8
frame=01 04 00 00 00 09 30 0C
[2026-04-17 09:25:32] [INFO] [接收-帧] 09:25:32.044 设备ID=12006 module=PERIODIC id=ReadFoupStatus uuid=12 len=23
frame=01 04 12 0B 49 1C 86 16 69 FA A9 F8 30 66 91 6B 56 40 4F 15 45 5D 46
[2026-04-17 09:25:33] [INFO] [发送] 09:25:33.044 设备ID=12006 module=PERIODIC id=ReadFoupStatus uuid=12 sendCount=1/1 timeout=1000ms crc=30 0C len=8
frame=01 04 00 00 00 09 30 0C
[2026-04-17 09:25:33] [INFO] [接收-帧] 09:25:33.139 设备ID=12006 module=PERIODIC id=ReadFoupStatus uuid=12 len=23
frame=01 04 12 70 63 F1 8C 9E 82 3F A5 B1 24 9E F3 94 75 96 08 96 22 C8 26
[2026-04-17 09:25:34] [INFO] [发送] 09:25:34.135 设备ID=12006 module=PERIODIC id=ReadFoupStatus uuid=12 sendCount=1/1 timeout=1000ms crc=30 0C len=8
frame=01 04 00 00 00 09 30 0C
[2026-04-17 09:25:34] [INFO] [接收-帧] 09:25:34.236 设备ID=12006 module=PERIODIC id=ReadFoupStatus uuid=12 len=23
frame=01 04 12 F3 BE A2 A3 DA 63 D6 5B CD 11 C8 C7 D1 06 1B F9 7C 9E 3C 1C
[2026-04-17 09:25:35] [INFO] [发送] 09:25:35.229 设备ID=12006 module=PERIODIC id=ReadFoupStatus uuid=12 sendCount=1/1 timeout=1000ms crc=30 0C len=8
frame=01 04 00 00 00 09 30 0C
[2026-04-17 09:25:35] [INFO] [接收-帧] 09:25:35.328 设备ID=12006 module=PERIODIC id=ReadFoupStatus uuid=12 len=23
frame=01 04 12 84 E8 D9 E3 89 84 FA 7B 0F 03 68 58 0F A2 D4 04 B0 43 3B 06
[2026-04-17 09:25:36] [INFO] [发送] 09:25:36.331 设备ID=12006 module=PERIODIC id=ReadFoupStatus uuid=12 sendCount=1/1 timeout=1000ms crc=30 0C len=8
frame=01 04 00 00 00 09 30 0C
[2026-04-17 09:25:36] [INFO] [接收-帧] 09:25:36.425 设备ID=12006 module=PERIODIC id=ReadFoupStatus uuid=12 len=23
frame=01 04 12 CA 23 F4 3F 7C 5D 0F 98 05 CB 5E F4 DB AB 79 A6 D0 0E F5 BB
[2026-04-17 09:25:37] [INFO] [发送] 09:25:37.420 设备ID=12006 module=PERIODIC id=ReadFoupStatus uuid=12 sendCount=1/1 timeout=1000ms crc=30 0C len=8
frame=01 04 00 00 00 09 30 0C
[2026-04-17 09:25:37] [INFO] [接收-帧] 09:25:37.519 设备ID=12006 module=PERIODIC id=ReadFoupStatus uuid=12 len=23
frame=01 04 12 E0 36 A4 E4 72 C4 86 25 D9 01 CB B3 E2 8C 62 C3 C0 67 3A 1D
[2026-04-17 09:25:38] [INFO] [发送] 09:25:38.509 设备ID=12006 module=PERIODIC id=ReadFoupStatus uuid=12 sendCount=1/1 timeout=1000ms crc=30 0C len=8
frame=01 04 00 00 00 09 30 0C
[2026-04-17 09:25:38] [INFO] [接收-帧] 09:25:38.605 设备ID=12006 module=PERIODIC id=ReadFoupStatus uuid=12 len=23
frame=01 04 12 7D 50 8A B0 80 34 5A CC 60 F6 3E 79 1E 4C 7C 0D 23 87 F4 A8
[2026-04-17 09:25:39] [INFO] [发送] 09:25:39.606 设备ID=12006 module=PERIODIC id=ReadFoupStatus uuid=12 sendCount=1/1 timeout=1000ms crc=30 0C len=8
frame=01 04 00 00 00 09 30 0C
[2026-04-17 09:25:39] [INFO] [接收-帧] 09:25:39.705 设备ID=12006 module=PERIODIC id=ReadFoupStatus uuid=12 len=23
frame=01 04 12 5F DF 8C 2F AF 28 2B 71 1C 48 EB 70 16 69 4B 3C 57 3A 9D FF
[2026-04-17 09:25:40] [INFO] [发送] 09:25:40.697 设备ID=12006 module=PERIODIC id=ReadFoupStatus uuid=12 sendCount=1/1 timeout=1000ms crc=30 0C len=8
frame=01 04 00 00 00 09 30 0C
[2026-04-17 09:25:40] [INFO] [接收-帧] 09:25:40.797 设备ID=12006 module=PERIODIC id=ReadFoupStatus uuid=12 len=23
frame=01 04 12 D7 97 C0 75 89 71 6F 71 56 D4 68 F6 A3 91 AA AA 3C 30 D2 FB
[2026-04-17 09:25:41] [INFO] [发送] 09:25:41.790 设备ID=12006 module=PERIODIC id=ReadFoupStatus uuid=12 sendCount=1/1 timeout=1000ms crc=30 0C len=8
frame=01 04 00 00 00 09 30 0C
[2026-04-17 09:25:41] [INFO] [接收-帧] 09:25:41.892 设备ID=12006 module=PERIODIC id=ReadFoupStatus uuid=12 len=23
frame=01 04 12 68 34 18 88 5C 77 81 06 3C 6B 3F 39 DC 04 95 52 4A 26 2F 6B
[2026-04-17 09:25:42] [INFO] [发送] 09:25:42.893 设备ID=12006 module=PERIODIC id=ReadFoupStatus uuid=12 sendCount=1/1 timeout=1000ms crc=30 0C len=8
frame=01 04 00 00 00 09 30 0C
[2026-04-17 09:25:42] [INFO] [接收-帧] 09:25:42.985 设备ID=12006 module=PERIODIC id=ReadFoupStatus uuid=12 len=23
frame=01 04 12 E7 F7 31 EC B1 26 BA 6C 39 C3 F8 49 30 85 B7 38 06 65 BD C2
[2026-04-17 09:25:43] [INFO] [发送] 09:25:43.979 设备ID=12006 module=PERIODIC id=ReadFoupStatus uuid=12 sendCount=1/1 timeout=1000ms crc=30 0C len=8
frame=01 04 00 00 00 09 30 0C
[2026-04-17 09:25:44] [INFO] [接收-帧] 09:25:44.078 设备ID=12006 module=PERIODIC id=ReadFoupStatus uuid=12 len=23
frame=01 04 12 BA C9 7D EE 7D 8D 31 DC ED 1F 1E E6 4C C2 6D A9 1D 84 5C 0A
[2026-04-17 09:25:45] [INFO] [发送] 09:25:45.073 设备ID=12006 module=PERIODIC id=ReadFoupStatus uuid=12 sendCount=1/1 timeout=1000ms crc=30 0C len=8
frame=01 04 00 00 00 09 30 0C
[2026-04-17 09:25:45] [INFO] [接收-帧] 09:25:45.174 设备ID=12006 module=PERIODIC id=ReadFoupStatus uuid=12 len=23
frame=01 04 12 FA 84 91 AA 61 B7 4F 29 95 AB D3 23 EF 0C E7 F8 E6 5C 8F 85
[2026-04-17 09:25:46] [INFO] [发送] 09:25:46.165 设备ID=12006 module=PERIODIC id=ReadFoupStatus uuid=12 sendCount=1/1 timeout=1000ms crc=30 0C len=8
frame=01 04 00 00 00 09 30 0C
[2026-04-17 09:25:46] [INFO] [接收-帧] 09:25:46.270 设备ID=12006 module=PERIODIC id=ReadFoupStatus uuid=12 len=23
frame=01 04 12 57 F6 12 13 45 0D 5F 16 92 A2 20 F8 6B 0F 13 BB A6 04 39 28
[2026-04-17 09:25:47] [INFO] [发送] 09:25:47.259 设备ID=12006 module=PERIODIC id=ReadFoupStatus uuid=12 sendCount=1/1 timeout=1000ms crc=30 0C len=8
frame=01 04 00 00 00 09 30 0C
[2026-04-17 09:25:47] [INFO] [接收-帧] 09:25:47.359 设备ID=12006 module=PERIODIC id=ReadFoupStatus uuid=12 len=23
frame=01 04 12 60 D1 AE CA 43 57 A1 06 30 86 BE 5D 71 F3 75 7D 22 88 DA 95
[2026-04-17 09:25:48] [INFO] [发送] 09:25:48.352 设备ID=12006 module=PERIODIC id=ReadFoupStatus uuid=12 sendCount=1/1 timeout=1000ms crc=30 0C len=8
frame=01 04 00 00 00 09 30 0C
[2026-04-17 09:25:48] [INFO] [接收-帧] 09:25:48.456 设备ID=12006 module=PERIODIC id=ReadFoupStatus uuid=12 len=23
frame=01 04 12 F5 1F EB 39 58 A4 4A C7 6F 5F 38 F8 09 4A 36 F1 CE 63 A5 D8
[2026-04-17 09:25:49] [INFO] [发送] 09:25:49.455 设备ID=12006 module=PERIODIC id=ReadFoupStatus uuid=12 sendCount=1/1 timeout=1000ms crc=30 0C len=8
frame=01 04 00 00 00 09 30 0C
[2026-04-17 09:25:49] [INFO] [接收-帧] 09:25:49.545 设备ID=12006 module=PERIODIC id=ReadFoupStatus uuid=12 len=23
frame=01 04 12 13 BC A7 4C FB 26 44 3C 5A BE E4 EA 45 52 68 EC FA 61 3E 25
[2026-04-17 09:25:50] [INFO] [发送] 09:25:50.548 设备ID=12006 module=PERIODIC id=ReadFoupStatus uuid=12 sendCount=1/1 timeout=1000ms crc=30 0C len=8
frame=01 04 00 00 00 09 30 0C
[2026-04-17 09:25:50] [INFO] [接收-帧] 09:25:50.742 设备ID=12006 module=PERIODIC id=ReadFoupStatus uuid=12 len=23
frame=01 04 12 F2 87 E4 2C 6D 4E 28 B9 18 F3 1D 1B AE A0 A4 75 1C 4D 65 7B
[2026-04-17 09:25:51] [INFO] [发送] 09:25:51.733 设备ID=12006 module=PERIODIC id=ReadFoupStatus uuid=12 sendCount=1/1 timeout=1000ms crc=30 0C len=8
frame=01 04 00 00 00 09 30 0C
[2026-04-17 09:25:52] [INFO] [接收-帧] 09:25:52.180 设备ID=12006 module=PERIODIC id=ReadFoupStatus uuid=12 len=23
frame=01 04 12 22 A8 BF 1B 06 53 40 4F 04 87 44 61 56 00 73 49 DF D6 B3 7F
[2026-04-17 09:25:53] [INFO] [发送] 09:25:53.204 设备ID=12006 module=PERIODIC id=ReadFoupStatus uuid=12 sendCount=1/1 timeout=1000ms crc=30 0C len=8
frame=01 04 00 00 00 09 30 0C
[2026-04-17 09:25:53] [INFO] [接收-帧] 09:25:53.263 设备ID=12006 module=PERIODIC id=ReadFoupStatus uuid=12 len=23
frame=01 04 12 12 61 E0 D7 01 DE 62 98 61 2A E1 FC A3 7F D6 DF CF 56 55 5F
[2026-04-17 09:25:54] [INFO] [发送] 09:25:54.268 设备ID=12006 module=PERIODIC id=ReadFoupStatus uuid=12 sendCount=1/1 timeout=1000ms crc=30 0C len=8
frame=01 04 00 00 00 09 30 0C
[2026-04-17 09:25:54] [INFO] [接收-帧] 09:25:54.361 设备ID=12006 module=PERIODIC id=ReadFoupStatus uuid=12 len=23
frame=01 04 12 38 2D F0 3D 93 FF EB D4 8E 9C 8B 09 45 72 10 27 3C 14 3F 7D
[2026-04-17 09:25:55] [INFO] [发送] 09:25:55.356 设备ID=12006 module=PERIODIC id=ReadFoupStatus uuid=12 sendCount=1/1 timeout=1000ms crc=30 0C len=8
frame=01 04 00 00 00 09 30 0C
[2026-04-17 09:25:55] [INFO] [接收-帧] 09:25:55.454 设备ID=12006 module=PERIODIC id=ReadFoupStatus uuid=12 len=23
frame=01 04 12 BF 1E DD EB 97 F1 B5 A4 5D 20 F0 D1 1E A1 CE 2B 9A E1 1B 5E
[2026-04-17 09:25:56] [INFO] [发送] 09:25:56.447 设备ID=12006 module=PERIODIC id=ReadFoupStatus uuid=12 sendCount=1/1 timeout=1000ms crc=30 0C len=8
frame=01 04 00 00 00 09 30 0C
[2026-04-17 09:25:56] [INFO] [接收-帧] 09:25:56.548 设备ID=12006 module=PERIODIC id=ReadFoupStatus uuid=12 len=23
frame=01 04 12 76 F0 7B 5D 17 F8 4A DF 73 46 EA D6 31 27 54 42 98 1D 35 96
[2026-04-17 09:25:57] [INFO] [发送] 09:25:57.541 设备ID=12006 module=PERIODIC id=ReadFoupStatus uuid=12 sendCount=1/1 timeout=1000ms crc=30 0C len=8
frame=01 04 00 00 00 09 30 0C
[2026-04-17 09:25:57] [INFO] [接收-帧] 09:25:57.644 设备ID=12006 module=PERIODIC id=ReadFoupStatus uuid=12 len=23
frame=01 04 12 1B 1A C7 96 77 2B 4F 7A 75 1D A1 FA 42 C0 B0 13 08 B1 9B 41
[2026-04-17 09:25:58] [INFO] [发送] 09:25:58.637 设备ID=12006 module=PERIODIC id=ReadFoupStatus uuid=12 sendCount=1/1 timeout=1000ms crc=30 0C len=8
frame=01 04 00 00 00 09 30 0C
[2026-04-17 09:25:58] [INFO] [接收-帧] 09:25:58.735 设备ID=12006 module=PERIODIC id=ReadFoupStatus uuid=12 len=23
frame=01 04 12 88 FF 3B 47 C1 5B 5C 5C 54 A5 53 F1 8A 11 9D 8E 6D 86 1C CC
[2026-04-17 09:25:59] [INFO] [发送] 09:25:59.730 设备ID=12006 module=PERIODIC id=ReadFoupStatus uuid=12 sendCount=1/1 timeout=1000ms crc=30 0C len=8
frame=01 04 00 00 00 09 30 0C
[2026-04-17 09:25:59] [INFO] [接收-帧] 09:25:59.828 设备ID=12006 module=PERIODIC id=ReadFoupStatus uuid=12 len=23
frame=01 04 12 BC D6 22 9F CC 64 3D 1A 8A 36 B6 24 F8 6A C0 97 EE 31 7B 77
[2026-04-17 09:26:00] [INFO] [发送] 09:26:00.823 设备ID=12006 module=PERIODIC id=ReadFoupStatus uuid=12 sendCount=1/1 timeout=1000ms crc=30 0C len=8
frame=01 04 00 00 00 09 30 0C
[2026-04-17 09:26:00] [INFO] [接收-帧] 09:26:00.925 设备ID=12006 module=PERIODIC id=ReadFoupStatus uuid=12 len=23
frame=01 04 12 B9 DB E4 B9 76 F9 ED 6C 82 D6 43 CD 7E 32 B0 73 4B 1F F5 1B
[2026-04-17 09:26:01] [INFO] [发送] 09:26:01.915 设备ID=12006 module=PERIODIC id=ReadFoupStatus uuid=12 sendCount=1/1 timeout=1000ms crc=30 0C len=8
frame=01 04 00 00 00 09 30 0C
[2026-04-17 09:26:02] [INFO] [接收-帧] 09:26:02.019 设备ID=12006 module=PERIODIC id=ReadFoupStatus uuid=12 len=23
frame=01 04 12 5E 4A 6D 76 46 99 63 74 5C 10 90 00 B2 39 11 3E 78 BE DF CC
[2026-04-17 09:26:03] [INFO] [发送] 09:26:03.013 设备ID=12006 module=PERIODIC id=ReadFoupStatus uuid=12 sendCount=1/1 timeout=1000ms crc=30 0C len=8
frame=01 04 00 00 00 09 30 0C
[2026-04-17 09:26:03] [INFO] [接收-帧] 09:26:03.116 设备ID=12006 module=PERIODIC id=ReadFoupStatus uuid=12 len=23
frame=01 04 12 00 27 87 AE D0 DE 5B BF 93 CD 9B 65 7D 0E 56 33 77 47 3C 75
[2026-04-17 09:26:04] [INFO] [发送] 09:26:04.102 设备ID=12006 module=PERIODIC id=ReadFoupStatus uuid=12 sendCount=1/1 timeout=1000ms crc=30 0C len=8
frame=01 04 00 00 00 09 30 0C
[2026-04-17 09:26:04] [INFO] [接收-帧] 09:26:04.205 设备ID=12006 module=PERIODIC id=ReadFoupStatus uuid=12 len=23
frame=01 04 12 F9 04 63 7A D4 F7 D7 47 D6 F4 A7 C0 F1 4F 13 3D CD A8 49 68
[2026-04-17 09:26:05] [INFO] [发送] 09:26:05.200 设备ID=12006 module=PERIODIC id=ReadFoupStatus uuid=12 sendCount=1/1 timeout=1000ms crc=30 0C len=8
frame=01 04 00 00 00 09 30 0C
[2026-04-17 09:26:05] [INFO] [接收-帧] 09:26:05.300 设备ID=12006 module=PERIODIC id=ReadFoupStatus uuid=12 len=23
frame=01 04 12 11 E5 44 DD 71 4C 8E F2 B4 8A E6 60 31 0B F5 4F C7 EB 1D EA
[2026-04-17 09:26:06] [INFO] [发送] 09:26:06.298 设备ID=12006 module=PERIODIC id=ReadFoupStatus uuid=12 sendCount=1/1 timeout=1000ms crc=30 0C len=8
frame=01 04 00 00 00 09 30 0C
[2026-04-17 09:26:06] [INFO] [接收-帧] 09:26:06.391 设备ID=12006 module=PERIODIC id=ReadFoupStatus uuid=12 len=23
frame=01 04 12 4D 9D 5A BC 4D A3 0C 96 BF 64 83 97 B2 0A 56 DD 65 2D EF DA
[2026-04-17 09:26:07] [INFO] [发送] 09:26:07.394 设备ID=12006 module=PERIODIC id=ReadFoupStatus uuid=12 sendCount=1/1 timeout=1000ms crc=30 0C len=8
frame=01 04 00 00 00 09 30 0C
[2026-04-17 09:26:07] [INFO] [接收-帧] 09:26:07.485 设备ID=12006 module=PERIODIC id=ReadFoupStatus uuid=12 len=23
frame=01 04 12 68 29 97 C8 02 60 A9 52 EE B7 34 84 66 54 29 D7 55 5F AA 62
[2026-04-17 09:26:08] [INFO] [发送] 09:26:08.478 设备ID=12006 module=PERIODIC id=ReadFoupStatus uuid=12 sendCount=1/1 timeout=1000ms crc=30 0C len=8
frame=01 04 00 00 00 09 30 0C
[2026-04-17 09:26:08] [INFO] [接收-帧] 09:26:08.580 设备ID=12006 module=PERIODIC id=ReadFoupStatus uuid=12 len=23
frame=01 04 12 41 FC E0 05 8F E4 23 F6 D6 F3 D8 03 3D D2 D6 8E 12 88 4B DE
[2026-04-17 09:26:09] [INFO] [发送] 09:26:09.704 设备ID=12006 module=PERIODIC id=ReadFoupStatus uuid=12 sendCount=1/1 timeout=1000ms crc=30 0C len=8
frame=01 04 00 00 00 09 30 0C
[2026-04-17 09:26:09] [INFO] [接收-帧] 09:26:09.806 设备ID=12006 module=PERIODIC id=ReadFoupStatus uuid=12 len=23
frame=01 04 12 00 D5 99 76 BC 9A D1 4A E1 CB 2E 36 1D F5 D9 28 5C 81 14 5F
[2026-04-17 09:26:10] [INFO] [发送] 09:26:10.807 设备ID=12006 module=PERIODIC id=ReadFoupStatus uuid=12 sendCount=1/1 timeout=1000ms crc=30 0C len=8
frame=01 04 00 00 00 09 30 0C
[2026-04-17 09:26:10] [INFO] [接收-帧] 09:26:10.879 设备ID=12006 module=PERIODIC id=ReadFoupStatus uuid=12 len=23
frame=01 04 12 E8 64 0C 3C AF CA F9 4D D2 59 F6 06 E8 72 9C F6 76 6A BB EE
[2026-04-17 09:26:11] [INFO] [发送] 09:26:11.867 设备ID=12006 module=PERIODIC id=ReadFoupStatus uuid=12 sendCount=1/1 timeout=1000ms crc=30 0C len=8
frame=01 04 00 00 00 09 30 0C
[2026-04-17 09:26:11] [INFO] [接收-帧] 09:26:11.970 设备ID=12006 module=PERIODIC id=ReadFoupStatus uuid=12 len=23
frame=01 04 12 00 C3 63 D5 A1 A6 4A 17 2C 2A F0 DF C6 82 1C 41 F3 B1 59 2F
[2026-04-17 09:26:12] [INFO] [发送] 09:26:12.962 设备ID=12006 module=PERIODIC id=ReadFoupStatus uuid=12 sendCount=1/1 timeout=1000ms crc=30 0C len=8
frame=01 04 00 00 00 09 30 0C
[2026-04-17 09:26:13] [INFO] [接收-帧] 09:26:13.068 设备ID=12006 module=PERIODIC id=ReadFoupStatus uuid=12 len=23
frame=01 04 12 AF BD 80 FA FA 54 E1 00 58 1F 36 73 F9 E7 5A 96 16 48 F4 3B
[2026-04-17 09:26:14] [INFO] [发送] 09:26:14.064 设备ID=12006 module=PERIODIC id=ReadFoupStatus uuid=12 sendCount=1/1 timeout=1000ms crc=30 0C len=8
frame=01 04 00 00 00 09 30 0C
[2026-04-17 09:26:14] [INFO] [接收-帧] 09:26:14.158 设备ID=12006 module=PERIODIC id=ReadFoupStatus uuid=12 len=23
frame=01 04 12 95 74 E9 F1 8F E1 28 61 DB 60 72 BA C8 2C AC 3C 8F CC 8F A8
[2026-04-17 09:26:15] [INFO] [发送] 09:26:15.151 设备ID=12006 module=PERIODIC id=ReadFoupStatus uuid=12 sendCount=1/1 timeout=1000ms crc=30 0C len=8
frame=01 04 00 00 00 09 30 0C
[2026-04-17 09:26:15] [INFO] [接收-帧] 09:26:15.326 设备ID=12006 module=PERIODIC id=ReadFoupStatus uuid=12 len=23
frame=01 04 12 67 42 A0 5E 56 02 89 81 62 56 84 6A FF 7A F4 D2 52 9D 29 A5
[2026-04-17 09:26:16] [INFO] [发送] 09:26:16.330 设备ID=12006 module=PERIODIC id=ReadFoupStatus uuid=12 sendCount=1/1 timeout=1000ms crc=30 0C len=8
frame=01 04 00 00 00 09 30 0C
[2026-04-17 09:26:16] [INFO] [接收-帧] 09:26:16.346 设备ID=12006 module=PERIODIC id=ReadFoupStatus uuid=12 len=23
frame=01 04 12 2C 5D 46 24 0B 40 03 AD CE 9F 0D B9 F9 C6 63 46 4E FC 4E A3
[2026-04-17 09:26:17] [INFO] [发送] 09:26:17.347 设备ID=12006 module=PERIODIC id=ReadFoupStatus uuid=12 sendCount=1/1 timeout=1000ms crc=30 0C len=8
frame=01 04 00 00 00 09 30 0C
[2026-04-17 09:26:17] [INFO] [接收-帧] 09:26:17.460 设备ID=12006 module=PERIODIC id=ReadFoupStatus uuid=12 len=23
frame=01 04 12 27 3F 31 60 B0 13 18 FA 1D E6 D0 93 71 50 30 09 79 79 CA C1
[2026-04-17 09:26:18] [INFO] [发送] 09:26:18.448 设备ID=12006 module=PERIODIC id=ReadFoupStatus uuid=12 sendCount=1/1 timeout=1000ms crc=30 0C len=8
frame=01 04 00 00 00 09 30 0C
[2026-04-17 09:26:18] [INFO] [接收-帧] 09:26:18.533 设备ID=12006 module=PERIODIC id=ReadFoupStatus uuid=12 len=23
frame=01 04 12 24 44 E0 58 2A 85 38 A4 DC 50 A4 A2 E4 F7 6A 2B F0 F0 7A 9B
[2026-04-17 09:26:19] [INFO] [发送] 09:26:19.571 设备ID=12006 module=PERIODIC id=ReadFoupStatus uuid=12 sendCount=1/1 timeout=1000ms crc=30 0C len=8
frame=01 04 00 00 00 09 30 0C
[2026-04-17 09:26:19] [INFO] [接收-帧] 09:26:19.628 设备ID=12006 module=PERIODIC id=ReadFoupStatus uuid=12 len=23
frame=01 04 12 46 99 80 75 28 10 9E A0 DC 45 1C 4A 5A F6 F4 56 61 A0 FD C3
[2026-04-17 09:26:20] [INFO] [发送] 09:26:20.624 设备ID=12006 module=PERIODIC id=ReadFoupStatus uuid=12 sendCount=1/1 timeout=1000ms crc=30 0C len=8
frame=01 04 00 00 00 09 30 0C
[2026-04-17 09:26:20] [INFO] [接收-帧] 09:26:20.719 设备ID=12006 module=PERIODIC id=ReadFoupStatus uuid=12 len=23
frame=01 04 12 0A E1 59 7E B4 36 EF 71 F1 83 12 E0 A8 12 D6 E4 E4 4E EE 1D
[2026-04-17 09:26:21] [INFO] [发送] 09:26:21.716 设备ID=12006 module=PERIODIC id=ReadFoupStatus uuid=12 sendCount=1/1 timeout=1000ms crc=30 0C len=8
frame=01 04 00 00 00 09 30 0C
[2026-04-17 09:26:21] [INFO] [接收-帧] 09:26:21.818 设备ID=12006 module=PERIODIC id=ReadFoupStatus uuid=12 len=23
frame=01 04 12 8B BB 90 80 06 D1 7D 89 7A 8B B8 AA 06 E5 00 1B A7 63 D5 4D
[2026-04-17 09:26:22] [INFO] [发送] 09:26:22.941 设备ID=12006 module=PERIODIC id=ReadFoupStatus uuid=12 sendCount=1/1 timeout=1000ms crc=30 0C len=8
frame=01 04 00 00 00 09 30 0C
[2026-04-17 09:26:23] [INFO] [接收-帧] 09:26:23.018 设备ID=12006 module=PERIODIC id=ReadFoupStatus uuid=12 len=23
frame=01 04 12 80 7C 33 F8 D8 26 49 5B 72 6A A8 3F 8E 55 69 96 91 9B C7 2D
[2026-04-17 09:26:24] [INFO] [发送] 09:26:24.018 设备ID=12006 module=PERIODIC id=ReadFoupStatus uuid=12 sendCount=1/1 timeout=1000ms crc=30 0C len=8
frame=01 04 00 00 00 09 30 0C
[2026-04-17 09:26:24] [INFO] [接收-帧] 09:26:24.111 设备ID=12006 module=PERIODIC id=ReadFoupStatus uuid=12 len=23
frame=01 04 12 BC 48 2F 63 0C 51 2B 85 09 1A 20 13 4E 73 A3 9A 6B 30 1D D9
[2026-04-17 09:26:25] [INFO] [发送] 09:26:25.616 设备ID=12006 module=PERIODIC id=ReadFoupStatus uuid=12 sendCount=1/1 timeout=1000ms crc=30 0C len=8
frame=01 04 00 00 00 09 30 0C
[2026-04-17 09:26:25] [INFO] [接收-帧] 09:26:25.642 设备ID=12006 module=PERIODIC id=ReadFoupStatus uuid=12 len=23
frame=01 04 12 BE 3F B2 B9 D2 E0 1A 23 EC FD A5 C5 69 FD A6 6D 64 4D 84 49
[2026-04-17 09:26:26] [INFO] [发送] 09:26:26.634 设备ID=12006 module=PERIODIC id=ReadFoupStatus uuid=12 sendCount=1/1 timeout=1000ms crc=30 0C len=8
frame=01 04 00 00 00 09 30 0C
[2026-04-17 09:26:26] [INFO] [接收-帧] 09:26:26.741 设备ID=12006 module=PERIODIC id=ReadFoupStatus uuid=12 len=23
frame=01 04 12 68 49 80 31 BF D2 48 7A 8E 9C 81 80 EC 4B 46 B6 D3 CA 0D 3A
[2026-04-17 09:26:27] [INFO] [发送] 09:26:27.727 设备ID=12006 module=PERIODIC id=ReadFoupStatus uuid=12 sendCount=1/1 timeout=1000ms crc=30 0C len=8
frame=01 04 00 00 00 09 30 0C
[2026-04-17 09:26:27] [INFO] [接收-帧] 09:26:27.830 设备ID=12006 module=PERIODIC id=ReadFoupStatus uuid=12 len=23
frame=01 04 12 A2 C6 4B 0E 9B 25 B9 A7 C8 E4 2F CA 7E 77 84 73 3F 56 C1 ED
[2026-04-17 09:26:28] [INFO] [发送] 09:26:28.835 设备ID=12006 module=PERIODIC id=ReadFoupStatus uuid=12 sendCount=1/1 timeout=1000ms crc=30 0C len=8
frame=01 04 00 00 00 09 30 0C
[2026-04-17 09:26:28] [INFO] [接收-帧] 09:26:28.922 设备ID=12006 module=PERIODIC id=ReadFoupStatus uuid=12 len=23
frame=01 04 12 20 F5 D5 7F 53 5C 2A 9C 72 8C EF 6B 83 15 26 48 F1 89 7D F9
[2026-04-17 09:26:29] [INFO] [发送] 09:26:29.915 设备ID=12006 module=PERIODIC id=ReadFoupStatus uuid=12 sendCount=1/1 timeout=1000ms crc=30 0C len=8
frame=01 04 00 00 00 09 30 0C
[2026-04-17 09:26:30] [INFO] [接收-帧] 09:26:30.043 设备ID=12006 module=PERIODIC id=ReadFoupStatus uuid=12 len=23
frame=01 04 12 E8 BC 19 58 81 6C E9 00 33 28 6C 5A 02 2F FD EE 42 73 58 9B
[2026-04-17 09:26:31] [INFO] [发送] 09:26:31.051 设备ID=12006 module=PERIODIC id=ReadFoupStatus uuid=12 sendCount=1/1 timeout=1000ms crc=30 0C len=8
frame=01 04 00 00 00 09 30 0C
[2026-04-17 09:26:31] [INFO] [接收-帧] 09:26:31.112 设备ID=12006 module=PERIODIC id=ReadFoupStatus uuid=12 len=23
frame=01 04 12 06 3C 63 F7 F7 13 BA B3 47 70 F0 92 CB F0 23 2F 1C F3 2F 0C
[2026-04-17 09:26:32] [INFO] [发送] 09:26:32.110 设备ID=12006 module=PERIODIC id=ReadFoupStatus uuid=12 sendCount=1/1 timeout=1000ms crc=30 0C len=8
frame=01 04 00 00 00 09 30 0C
[2026-04-17 09:26:32] [INFO] [接收-帧] 09:26:32.204 设备ID=12006 module=PERIODIC id=ReadFoupStatus uuid=12 len=23
frame=01 04 12 7B EE 18 AE 31 71 53 13 F0 F4 FD 39 5A 5F 9F 30 1E B5 1E 09
[2026-04-17 09:26:33] [INFO] [发送] 09:26:33.198 设备ID=12006 module=PERIODIC id=ReadFoupStatus uuid=12 sendCount=1/1 timeout=1000ms crc=30 0C len=8
frame=01 04 00 00 00 09 30 0C
[2026-04-17 09:26:33] [INFO] [接收-帧] 09:26:33.299 设备ID=12006 module=PERIODIC id=ReadFoupStatus uuid=12 len=23
frame=01 04 12 C4 88 9C F5 7B B7 7E 13 9E 9B D3 B5 3D AA 24 41 F9 BA 29 D3
[2026-04-17 09:26:34] [INFO] [发送] 09:26:34.291 设备ID=12006 module=PERIODIC id=ReadFoupStatus uuid=12 sendCount=1/1 timeout=1000ms crc=30 0C len=8
frame=01 04 00 00 00 09 30 0C
[2026-04-17 09:26:34] [INFO] [接收-帧] 09:26:34.393 设备ID=12006 module=PERIODIC id=ReadFoupStatus uuid=12 len=23
frame=01 04 12 81 C5 DF D7 F9 09 47 54 4F 3E C5 F3 22 5B 37 6A 37 B1 49 09
[2026-04-17 09:26:35] [INFO] [发送] 09:26:35.384 设备ID=12006 module=PERIODIC id=ReadFoupStatus uuid=12 sendCount=1/1 timeout=1000ms crc=30 0C len=8
frame=01 04 00 00 00 09 30 0C
[2026-04-17 09:26:35] [INFO] [接收-帧] 09:26:35.483 设备ID=12006 module=PERIODIC id=ReadFoupStatus uuid=12 len=23
frame=01 04 12 2C 3B 5C F0 21 2A 32 2F 59 F5 15 40 FD 06 47 51 1E 9B B9 BA
[2026-04-17 09:26:36] [INFO] [发送] 09:26:36.480 设备ID=12006 module=PERIODIC id=ReadFoupStatus uuid=12 sendCount=1/1 timeout=1000ms crc=30 0C len=8
frame=01 04 00 00 00 09 30 0C
[2026-04-17 09:26:36] [INFO] [接收-帧] 09:26:36.580 设备ID=12006 module=PERIODIC id=ReadFoupStatus uuid=12 len=23
frame=01 04 12 E0 C6 8C A0 D4 28 B5 37 09 83 BB 83 0D 07 9F CC D5 3B 00 9A
[2026-04-17 09:26:37] [INFO] [发送] 09:26:37.571 设备ID=12006 module=PERIODIC id=ReadFoupStatus uuid=12 sendCount=1/1 timeout=1000ms crc=30 0C len=8
frame=01 04 00 00 00 09 30 0C
[2026-04-17 09:26:37] [INFO] [接收-帧] 09:26:37.674 设备ID=12006 module=PERIODIC id=ReadFoupStatus uuid=12 len=23
frame=01 04 12 50 FE 61 E8 00 4B 26 A5 65 32 A3 68 AA A8 5C 2E 57 6A 41 40
[2026-04-17 09:26:38] [INFO] [发送] 09:26:38.666 设备ID=12006 module=PERIODIC id=ReadFoupStatus uuid=12 sendCount=1/1 timeout=1000ms crc=30 0C len=8
frame=01 04 00 00 00 09 30 0C
[2026-04-17 09:26:38] [INFO] [接收-帧] 09:26:38.767 设备ID=12006 module=PERIODIC id=ReadFoupStatus uuid=12 len=23
frame=01 04 12 13 37 63 57 5C 9D 03 AE FF 90 63 0C F6 E5 E5 0E 9E 0D 63 21
[2026-04-17 09:26:39] [INFO] [发送] 09:26:39.765 设备ID=12006 module=PERIODIC id=ReadFoupStatus uuid=12 sendCount=1/1 timeout=1000ms crc=30 0C len=8
frame=01 04 00 00 00 09 30 0C
[2026-04-17 09:26:39] [INFO] [接收-帧] 09:26:39.862 设备ID=12006 module=PERIODIC id=ReadFoupStatus uuid=12 len=23
frame=01 04 12 82 DA EE 93 C6 74 45 14 35 34 2D 86 46 39 7A 3D F3 B4 9D 99
[2026-04-17 09:26:40] [INFO] [发送] 09:26:40.865 设备ID=12006 module=PERIODIC id=ReadFoupStatus uuid=12 sendCount=1/1 timeout=1000ms crc=30 0C len=8
frame=01 04 00 00 00 09 30 0C
[2026-04-17 09:26:40] [INFO] [接收-帧] 09:26:40.954 设备ID=12006 module=PERIODIC id=ReadFoupStatus uuid=12 len=23
frame=01 04 12 BD 44 6C 61 14 93 3A AF 0C 55 9C 8A 5C 8E FC A3 80 08 53 CF
[2026-04-17 09:26:41] [INFO] [发送] 09:26:41.945 设备ID=12006 module=PERIODIC id=ReadFoupStatus uuid=12 sendCount=1/1 timeout=1000ms crc=30 0C len=8
frame=01 04 00 00 00 09 30 0C
[2026-04-17 09:26:42] [INFO] [接收-帧] 09:26:42.052 设备ID=12006 module=PERIODIC id=ReadFoupStatus uuid=12 len=23
frame=01 04 12 D3 DB 32 0F C9 93 2B 88 70 A9 7B AB 7A 6B 68 1F 96 AC 35 A6
[2026-04-17 09:26:43] [INFO] [发送] 09:26:43.041 设备ID=12006 module=PERIODIC id=ReadFoupStatus uuid=12 sendCount=1/1 timeout=1000ms crc=30 0C len=8
frame=01 04 00 00 00 09 30 0C
[2026-04-17 09:26:43] [INFO] [接收-帧] 09:26:43.139 设备ID=12006 module=PERIODIC id=ReadFoupStatus uuid=12 len=23
frame=01 04 12 BE AD 3C 0D 1F 0A 96 50 C8 49 2A 51 17 0C BF 66 77 22 93 22
[2026-04-17 09:26:44] [INFO] [发送] 09:26:44.147 设备ID=12006 module=PERIODIC id=ReadFoupStatus uuid=12 sendCount=1/1 timeout=1000ms crc=30 0C len=8
frame=01 04 00 00 00 09 30 0C
[2026-04-17 09:26:44] [INFO] [接收-帧] 09:26:44.238 设备ID=12006 module=PERIODIC id=ReadFoupStatus uuid=12 len=23
frame=01 04 12 59 92 E8 1A B6 76 AD 84 95 DE B3 F5 55 4F 12 6E CB 33 4C 3F
[2026-04-17 09:26:45] [INFO] [发送] 09:26:45.228 设备ID=12006 module=PERIODIC id=ReadFoupStatus uuid=12 sendCount=1/1 timeout=1000ms crc=30 0C len=8
frame=01 04 00 00 00 09 30 0C
[2026-04-17 09:26:45] [INFO] [接收-帧] 09:26:45.330 设备ID=12006 module=PERIODIC id=ReadFoupStatus uuid=12 len=23
frame=01 04 12 9C E0 4A 78 E1 27 27 5A 4A 57 22 F6 F6 FC AE 37 88 01 71 CE
[2026-04-17 09:26:46] [INFO] [发送] 09:26:46.321 设备ID=12006 module=PERIODIC id=ReadFoupStatus uuid=12 sendCount=1/1 timeout=1000ms crc=30 0C len=8
frame=01 04 00 00 00 09 30 0C
[2026-04-17 09:26:46] [INFO] [接收-帧] 09:26:46.426 设备ID=12006 module=PERIODIC id=ReadFoupStatus uuid=12 len=23
frame=01 04 12 F2 97 12 BC 1B 31 98 D2 62 6D 8F C2 42 AD 0C DA F9 7C D8 DB
[2026-04-17 09:26:47] [INFO] [发送] 09:26:47.426 设备ID=12006 module=PERIODIC id=ReadFoupStatus uuid=12 sendCount=1/1 timeout=1000ms crc=30 0C len=8
frame=01 04 00 00 00 09 30 0C
[2026-04-17 09:26:47] [INFO] [接收-帧] 09:26:47.554 设备ID=12006 module=PERIODIC id=ReadFoupStatus uuid=12 len=23
frame=01 04 12 DF 1B 49 1F FE 6E 02 5A 9E 27 BA EA 33 FE 36 30 EF 4C 59 65
[2026-04-17 09:26:48] [INFO] [发送] 09:26:48.552 设备ID=12006 module=PERIODIC id=ReadFoupStatus uuid=12 sendCount=1/1 timeout=1000ms crc=30 0C len=8
frame=01 04 00 00 00 09 30 0C
[2026-04-17 09:26:48] [INFO] [接收-帧] 09:26:48.611 设备ID=12006 module=PERIODIC id=ReadFoupStatus uuid=12 len=23
frame=01 04 12 9C 1C 63 C7 D6 87 05 26 B3 49 25 62 45 B0 2E 8D 0C 52 6B 09
[2026-04-17 09:26:49] [INFO] [发送] 09:26:49.603 设备ID=12006 module=PERIODIC id=ReadFoupStatus uuid=12 sendCount=1/1 timeout=1000ms crc=30 0C len=8
frame=01 04 00 00 00 09 30 0C
[2026-04-17 09:26:49] [INFO] [接收-帧] 09:26:49.716 设备ID=12006 module=PERIODIC id=ReadFoupStatus uuid=12 len=23
frame=01 04 12 70 1C 00 FE 70 EB 36 EA BE 4D AB AA 7F 8B 6F 4B 6D 5E E1 AB
[2026-04-17 09:26:50] [INFO] [发送] 09:26:50.715 设备ID=12006 module=PERIODIC id=ReadFoupStatus uuid=12 sendCount=1/1 timeout=1000ms crc=30 0C len=8
frame=01 04 00 00 00 09 30 0C
[2026-04-17 09:26:50] [INFO] [接收-帧] 09:26:50.800 设备ID=12006 module=PERIODIC id=ReadFoupStatus uuid=12 len=23
frame=01 04 12 09 1C F5 4D 98 ED 6E CE C6 C0 AF D5 2E 54 E2 A2 AD 96 24 B2
[2026-04-17 09:26:51] [INFO] [发送] 09:26:51.823 设备ID=12006 module=PERIODIC id=ReadFoupStatus uuid=12 sendCount=1/1 timeout=1000ms crc=30 0C len=8
frame=01 04 00 00 00 09 30 0C
[2026-04-17 09:26:51] [INFO] [接收-帧] 09:26:51.896 设备ID=12006 module=PERIODIC id=ReadFoupStatus uuid=12 len=23
frame=01 04 12 09 3D 72 E7 26 08 E1 B0 40 F2 91 8F AD 49 3E 78 42 E6 57 D9
[2026-04-17 09:26:52] [INFO] [发送] 09:26:52.893 设备ID=12006 module=PERIODIC id=ReadFoupStatus uuid=12 sendCount=1/1 timeout=1000ms crc=30 0C len=8
frame=01 04 00 00 00 09 30 0C
[2026-04-17 09:26:53] [INFO] [接收-帧] 09:26:53.510 设备ID=12006 module=PERIODIC id=ReadFoupStatus uuid=12 len=23
frame=01 04 12 0A E7 21 D4 BB 0F 29 D0 5A 34 7C 5F D2 5C D0 AB 73 1A CB 9B
[2026-04-17 09:26:54] [INFO] [发送] 09:26:54.547 设备ID=12006 module=PERIODIC id=ReadFoupStatus uuid=12 sendCount=1/1 timeout=1000ms crc=30 0C len=8
frame=01 04 00 00 00 09 30 0C
[2026-04-17 09:26:54] [INFO] [接收-帧] 09:26:54.636 设备ID=12006 module=PERIODIC id=ReadFoupStatus uuid=12 len=23
frame=01 04 12 6B 30 3B A2 1E 2F 44 8E E6 9E AF 17 46 F8 16 DC 52 19 E9 8F
[2026-04-17 09:26:55] [INFO] [发送] 09:26:55.639 设备ID=12006 module=PERIODIC id=ReadFoupStatus uuid=12 sendCount=1/1 timeout=1000ms crc=30 0C len=8
frame=01 04 00 00 00 09 30 0C
[2026-04-17 09:26:55] [INFO] [接收-帧] 09:26:55.721 设备ID=12006 module=PERIODIC id=ReadFoupStatus uuid=12 len=23
frame=01 04 12 17 FB 38 0B 8A BB 8D 0E 35 2C 13 00 05 A1 E7 13 07 B8 88 6C
[2026-04-17 09:26:56] [INFO] [发送] 09:26:56.724 设备ID=12006 module=PERIODIC id=ReadFoupStatus uuid=12 sendCount=1/1 timeout=1000ms crc=30 0C len=8
frame=01 04 00 00 00 09 30 0C
[2026-04-17 09:26:56] [INFO] [接收-帧] 09:26:56.813 设备ID=12006 module=PERIODIC id=ReadFoupStatus uuid=12 len=23
frame=01 04 12 29 E9 9A 4A EE DC D9 83 3D BB 6D 59 E6 B7 4B 21 9E EB CC 35
[2026-04-17 09:26:57] [INFO] [发送] 09:26:57.812 设备ID=12006 module=PERIODIC id=ReadFoupStatus uuid=12 sendCount=1/1 timeout=1000ms crc=30 0C len=8
frame=01 04 00 00 00 09 30 0C
[2026-04-17 09:26:57] [INFO] [接收-帧] 09:26:57.931 设备ID=12006 module=PERIODIC id=ReadFoupStatus uuid=12 len=23
frame=01 04 12 4C A5 60 1E 6D CB 3A 5C 7B 80 70 30 53 34 43 1A 99 78 9B 76
[2026-04-17 09:26:58] [INFO] [发送] 09:26:58.952 设备ID=12006 module=PERIODIC id=ReadFoupStatus uuid=12 sendCount=1/1 timeout=1000ms crc=30 0C len=8
frame=01 04 00 00 00 09 30 0C
[2026-04-17 09:26:59] [INFO] [接收-帧] 09:26:59.002 设备ID=12006 module=PERIODIC id=ReadFoupStatus uuid=12 len=23
frame=01 04 12 7D 50 E8 D8 58 72 CA 10 2F 3A 24 48 12 78 D0 60 2C 2C 9D 98
[2026-04-17 09:26:59] [INFO] [发送] 09:26:59.992 设备ID=12006 module=PERIODIC id=ReadFoupStatus uuid=12 sendCount=1/1 timeout=1000ms crc=30 0C len=8
frame=01 04 00 00 00 09 30 0C
[2026-04-17 09:27:00] [INFO] [接收-帧] 09:27:00.090 设备ID=12006 module=PERIODIC id=ReadFoupStatus uuid=12 len=23
frame=01 04 12 E2 74 A7 58 CA 5C D3 70 32 54 E0 39 8E E1 1B AF 59 19 04 26
[2026-04-17 09:27:01] [INFO] [发送] 09:27:01.087 设备ID=12006 module=PERIODIC id=ReadFoupStatus uuid=12 sendCount=1/1 timeout=1000ms crc=30 0C len=8
frame=01 04 00 00 00 09 30 0C
[2026-04-17 09:27:01] [INFO] [接收-帧] 09:27:01.187 设备ID=12006 module=PERIODIC id=ReadFoupStatus uuid=12 len=23
frame=01 04 12 3D 65 10 E3 56 C4 51 D8 68 B9 E5 2F 5A B2 F2 D6 B0 F6 76 7C
[2026-04-17 09:27:37] [INFO] [发送] 09:27:37.106 设备ID=12006 module=INITIAL id=ReadVersion uuid=11 sendCount=1/4 timeout=1000ms crc=B1 CD len=8
frame=01 04 00 18 00 01 B1 CD
[2026-04-17 09:27:37] [INFO] [接收-帧] 09:27:37.742 设备ID=12006 module=INITIAL id=ReadVersion uuid=11 len=7
frame=01 04 02 00 00 B9 30
[2026-04-17 09:27:37] [INFO] [发送] 09:27:37.742 设备ID=12006 module=PERIODIC id=ReadFoupStatus uuid=12 sendCount=1/1 timeout=1000ms crc=30 0C len=8
frame=01 04 00 00 00 09 30 0C
[2026-04-17 09:27:37] [INFO] [接收-帧] 09:27:37.768 设备ID=12006 module=PERIODIC id=ReadFoupStatus uuid=12 len=23
frame=01 04 12 F3 1C 8B F5 25 5E F7 FA 4B B3 90 C8 0F 7B B8 7D 53 8C 46 C0
[2026-04-17 09:27:38] [INFO] [发送] 09:27:38.768 设备ID=12006 module=PERIODIC id=ReadFoupStatus uuid=12 sendCount=1/1 timeout=1000ms crc=30 0C len=8
frame=01 04 00 00 00 09 30 0C
[2026-04-17 09:27:38] [INFO] [接收-帧] 09:27:38.861 设备ID=12006 module=PERIODIC id=ReadFoupStatus uuid=12 len=23
frame=01 04 12 3C 38 DB 54 36 3B E8 89 07 7E 53 59 34 E5 E9 F1 A8 8F D9 3F
[2026-04-17 09:27:39] [INFO] [发送] 09:27:39.865 设备ID=12006 module=PERIODIC id=ReadFoupStatus uuid=12 sendCount=1/1 timeout=1000ms crc=30 0C len=8
frame=01 04 00 00 00 09 30 0C
[2026-04-17 09:27:39] [INFO] [接收-帧] 09:27:39.955 设备ID=12006 module=PERIODIC id=ReadFoupStatus uuid=12 len=23
frame=01 04 12 79 99 85 8F C8 09 6C 3D 9B 6F 0F EB 7A 44 34 45 67 2F D3 DD
[2026-04-17 09:27:40] [INFO] [发送] 09:27:40.946 设备ID=12006 module=PERIODIC id=ReadFoupStatus uuid=12 sendCount=1/1 timeout=1000ms crc=30 0C len=8
frame=01 04 00 00 00 09 30 0C
[2026-04-17 09:27:41] [INFO] [接收-帧] 09:27:41.047 设备ID=12006 module=PERIODIC id=ReadFoupStatus uuid=12 len=23
frame=01 04 12 98 40 8A 08 F7 6D E8 54 CE 92 3D DD 0E F6 E1 13 28 85 EA 2B
[2026-04-17 09:27:42] [INFO] [发送] 09:27:42.040 设备ID=12006 module=PERIODIC id=ReadFoupStatus uuid=12 sendCount=1/1 timeout=1000ms crc=30 0C len=8
frame=01 04 00 00 00 09 30 0C
[2026-04-17 09:27:42] [INFO] [接收-帧] 09:27:42.141 设备ID=12006 module=PERIODIC id=ReadFoupStatus uuid=12 len=23
frame=01 04 12 8E CA 58 0F 56 A3 80 95 C0 81 0E 26 F9 06 BA D4 C1 D5 F5 B0
[2026-04-17 09:27:43] [INFO] [发送] 09:27:43.136 设备ID=12006 module=PERIODIC id=ReadFoupStatus uuid=12 sendCount=1/1 timeout=1000ms crc=30 0C len=8
frame=01 04 00 00 00 09 30 0C
[2026-04-17 09:27:43] [INFO] [接收-帧] 09:27:43.233 设备ID=12006 module=PERIODIC id=ReadFoupStatus uuid=12 len=23
frame=01 04 12 0B 0B C4 E4 20 1E D8 7D B2 B4 EB A0 08 6C 22 1F 37 3D 7C 3E
[2026-04-17 09:27:44] [INFO] [发送] 09:27:44.236 设备ID=12006 module=PERIODIC id=ReadFoupStatus uuid=12 sendCount=1/1 timeout=1000ms crc=30 0C len=8
frame=01 04 00 00 00 09 30 0C
[2026-04-17 09:27:44] [INFO] [接收-帧] 09:27:44.336 设备ID=12006 module=PERIODIC id=ReadFoupStatus uuid=12 len=23
frame=01 04 12 6D 8C 66 A4 37 F7 6F E9 2C EF ED CC 7D EA DB 82 07 B6 70 18
[2026-04-17 09:27:45] [INFO] [发送] 09:27:45.343 设备ID=12006 module=PERIODIC id=ReadFoupStatus uuid=12 sendCount=1/1 timeout=1000ms crc=30 0C len=8
frame=01 04 00 00 00 09 30 0C
[2026-04-17 09:27:45] [INFO] [接收-帧] 09:27:45.422 设备ID=12006 module=PERIODIC id=ReadFoupStatus uuid=12 len=23
frame=01 04 12 74 3A 89 4B 0C 9C 4F C3 54 38 B0 81 BA 6E EC 0D 94 D7 2B F9
[2026-04-17 09:27:46] [INFO] [发送] 09:27:46.423 设备ID=12006 module=PERIODIC id=ReadFoupStatus uuid=12 sendCount=1/1 timeout=1000ms crc=30 0C len=8
frame=01 04 00 00 00 09 30 0C
[2026-04-17 09:27:46] [INFO] [接收-帧] 09:27:46.514 设备ID=12006 module=PERIODIC id=ReadFoupStatus uuid=12 len=23
frame=01 04 12 0A 99 7C 3F 7C AE 0C 7C 8F 59 26 F6 6A FA 2C 93 58 FB 09 25
[2026-04-17 09:27:47] [INFO] [发送] 09:27:47.509 设备ID=12006 module=PERIODIC id=ReadFoupStatus uuid=12 sendCount=1/1 timeout=1000ms crc=30 0C len=8
frame=01 04 00 00 00 09 30 0C
[2026-04-17 09:27:47] [INFO] [接收-帧] 09:27:47.613 设备ID=12006 module=PERIODIC id=ReadFoupStatus uuid=12 len=23
frame=01 04 12 AC BB 8E 7A 79 B2 C4 CC 8A D0 36 57 91 BE 7A EA 31 7D 8D 50
[2026-04-17 09:27:48] [INFO] [发送] 09:27:48.602 设备ID=12006 module=PERIODIC id=ReadFoupStatus uuid=12 sendCount=1/1 timeout=1000ms crc=30 0C len=8
frame=01 04 00 00 00 09 30 0C
[2026-04-17 09:27:48] [INFO] [接收-帧] 09:27:48.702 设备ID=12006 module=PERIODIC id=ReadFoupStatus uuid=12 len=23
frame=01 04 12 FA E1 41 67 58 10 2D 10 87 17 E8 88 68 8D AC 98 85 93 3B C5
[2026-04-17 09:27:49] [INFO] [发送] 09:27:49.696 设备ID=12006 module=PERIODIC id=ReadFoupStatus uuid=12 sendCount=1/1 timeout=1000ms crc=30 0C len=8
frame=01 04 00 00 00 09 30 0C
[2026-04-17 09:27:49] [INFO] [接收-帧] 09:27:49.796 设备ID=12006 module=PERIODIC id=ReadFoupStatus uuid=12 len=23
frame=01 04 12 62 02 6E 38 E4 4F 89 D0 FC 5B AD C4 48 B7 1F 3B 26 77 A6 08
[2026-04-17 09:27:50] [INFO] [发送] 09:27:50.791 设备ID=12006 module=PERIODIC id=ReadFoupStatus uuid=12 sendCount=1/1 timeout=1000ms crc=30 0C len=8
frame=01 04 00 00 00 09 30 0C
[2026-04-17 09:27:50] [INFO] [接收-帧] 09:27:50.891 设备ID=12006 module=PERIODIC id=ReadFoupStatus uuid=12 len=23
frame=01 04 12 9C 6C 53 EA E2 75 80 A6 BD D1 B1 C8 A7 0D 5A 48 92 97 12 ED
[2026-04-17 09:31:33] [INFO] [发送] 09:31:33.944 设备ID=12006 module=INITIAL id=ReadVersion uuid=11 sendCount=1/4 timeout=1000ms crc=B1 CD len=8
frame=01 04 00 18 00 01 B1 CD
[2026-04-17 09:31:34] [INFO] [接收-帧] 09:31:34.311 设备ID=12006 module=INITIAL id=ReadVersion uuid=11 len=7
frame=01 04 02 00 00 B9 30
[2026-04-17 09:31:34] [INFO] [发送] 09:31:34.311 设备ID=12006 module=PERIODIC id=ReadFoupStatus uuid=12 sendCount=1/1 timeout=1000ms crc=30 0C len=8
frame=01 04 00 00 00 09 30 0C
[2026-04-17 09:31:34] [INFO] [接收-帧] 09:31:34.379 设备ID=12006 module=PERIODIC id=ReadFoupStatus uuid=12 len=23
frame=01 04 12 9E 5C B8 5F AC B7 43 D5 C2 01 3F 48 3E 4C C3 14 9E 98 1B E9
[2026-04-17 09:31:35] [INFO] [发送] 09:31:35.371 设备ID=12006 module=PERIODIC id=ReadFoupStatus uuid=12 sendCount=1/1 timeout=1000ms crc=30 0C len=8
frame=01 04 00 00 00 09 30 0C
[2026-04-17 09:31:35] [INFO] [接收-帧] 09:31:35.471 设备ID=12006 module=PERIODIC id=ReadFoupStatus uuid=12 len=23
frame=01 04 12 F7 61 FF 72 5D 97 80 22 C6 7D 2D 84 48 DF EF 3B 04 C7 38 0D
[2026-04-17 09:31:36] [INFO] [发送] 09:31:36.461 设备ID=12006 module=PERIODIC id=ReadFoupStatus uuid=12 sendCount=1/1 timeout=1000ms crc=30 0C len=8
frame=01 04 00 00 00 09 30 0C
[2026-04-17 09:31:36] [INFO] [接收-帧] 09:31:36.574 设备ID=12006 module=PERIODIC id=ReadFoupStatus uuid=12 len=23
frame=01 04 12 73 C6 92 72 18 B0 D4 8B A7 8B 5B 13 65 B7 2D 6A B0 B8 7A 6C
[2026-04-17 09:31:37] [INFO] [发送] 09:31:37.575 设备ID=12006 module=PERIODIC id=ReadFoupStatus uuid=12 sendCount=1/1 timeout=1000ms crc=30 0C len=8
frame=01 04 00 00 00 09 30 0C
[2026-04-17 09:31:37] [INFO] [接收-帧] 09:31:37.769 设备ID=12006 module=PERIODIC id=ReadFoupStatus uuid=12 len=23
frame=01 04 12 7E C1 FC BF C7 F2 66 68 9E F3 3E 7A 93 2C 49 20 03 3A 68 36
[2026-04-17 09:31:38] [INFO] [发送] 09:31:38.760 设备ID=12006 module=PERIODIC id=ReadFoupStatus uuid=12 sendCount=1/1 timeout=1000ms crc=30 0C len=8
frame=01 04 00 00 00 09 30 0C
[2026-04-17 09:31:38] [INFO] [接收-帧] 09:31:38.861 设备ID=12006 module=PERIODIC id=ReadFoupStatus uuid=12 len=23
frame=01 04 12 9B CE 66 06 35 7A 4B 75 6A D0 19 2D C7 0F 57 54 75 63 3D 9B
[2026-04-17 09:31:39] [INFO] [发送] 09:31:39.854 设备ID=12006 module=PERIODIC id=ReadFoupStatus uuid=12 sendCount=1/1 timeout=1000ms crc=30 0C len=8
frame=01 04 00 00 00 09 30 0C
[2026-04-17 09:31:39] [INFO] [接收-帧] 09:31:39.955 设备ID=12006 module=PERIODIC id=ReadFoupStatus uuid=12 len=23
frame=01 04 12 54 88 30 7B 7B 17 92 E6 17 25 52 C4 CF 66 E5 C1 FC CD 0B CC
[2026-04-17 09:31:40] [INFO] [发送] 09:31:40.948 设备ID=12006 module=PERIODIC id=ReadFoupStatus uuid=12 sendCount=1/1 timeout=1000ms crc=30 0C len=8
frame=01 04 00 00 00 09 30 0C
[2026-04-17 09:31:41] [INFO] [接收-帧] 09:31:41.052 设备ID=12006 module=PERIODIC id=ReadFoupStatus uuid=12 len=23
frame=01 04 12 77 C0 4E 2B 0B 9C 74 73 0F 70 6C 83 00 BA CD 8C E5 E5 E1 8F
[2026-04-17 09:31:42] [INFO] [发送] 09:31:42.045 设备ID=12006 module=PERIODIC id=ReadFoupStatus uuid=12 sendCount=1/1 timeout=1000ms crc=30 0C len=8
frame=01 04 00 00 00 09 30 0C
[2026-04-17 09:31:42] [INFO] [接收-帧] 09:31:42.147 设备ID=12006 module=PERIODIC id=ReadFoupStatus uuid=12 len=23
frame=01 04 12 D0 6D AA B8 A2 22 D0 86 92 AD 83 8E 8A 1C 70 F1 70 C7 EB CC
[2026-04-17 09:31:43] [INFO] [发送] 09:31:43.137 设备ID=12006 module=PERIODIC id=ReadFoupStatus uuid=12 sendCount=1/1 timeout=1000ms crc=30 0C len=8
frame=01 04 00 00 00 09 30 0C
[2026-04-17 09:31:43] [INFO] [接收-帧] 09:31:43.237 设备ID=12006 module=PERIODIC id=ReadFoupStatus uuid=12 len=23
frame=01 04 12 0C E2 34 CB 59 86 75 7F 63 B1 2B 39 9A A6 9B CC E9 15 DC 61
[2026-04-17 09:31:44] [INFO] [发送] 09:31:44.232 设备ID=12006 module=PERIODIC id=ReadFoupStatus uuid=12 sendCount=1/1 timeout=1000ms crc=30 0C len=8
frame=01 04 00 00 00 09 30 0C
[2026-04-17 09:31:44] [INFO] [接收-帧] 09:31:44.339 设备ID=12006 module=PERIODIC id=ReadFoupStatus uuid=12 len=23
frame=01 04 12 53 81 4E FB A9 7E 27 19 9D 1F 7E 6F 99 8E 83 1E 0E 10 AD 11
[2026-04-17 09:31:45] [INFO] [发送] 09:31:45.338 设备ID=12006 module=PERIODIC id=ReadFoupStatus uuid=12 sendCount=1/1 timeout=1000ms crc=30 0C len=8
frame=01 04 00 00 00 09 30 0C
[2026-04-17 09:31:45] [INFO] [接收-帧] 09:31:45.426 设备ID=12006 module=PERIODIC id=ReadFoupStatus uuid=12 len=23
frame=01 04 12 65 0F 1F D0 6F 23 E0 18 45 26 BA 65 FF 47 4D 14 50 18 D8 29
[2026-04-17 09:31:46] [INFO] [发送] 09:31:46.421 设备ID=12006 module=PERIODIC id=ReadFoupStatus uuid=12 sendCount=1/1 timeout=1000ms crc=30 0C len=8
frame=01 04 00 00 00 09 30 0C
[2026-04-17 09:31:46] [INFO] [接收-帧] 09:31:46.522 设备ID=12006 module=PERIODIC id=ReadFoupStatus uuid=12 len=23
frame=01 04 12 A9 F4 7F ED 0C 23 3F EA 0D B8 41 EC 27 6C 20 93 5E 5A 57 61
[2026-04-17 09:31:47] [INFO] [发送] 09:31:47.511 设备ID=12006 module=PERIODIC id=ReadFoupStatus uuid=12 sendCount=1/1 timeout=1000ms crc=30 0C len=8
frame=01 04 00 00 00 09 30 0C
[2026-04-17 09:31:47] [INFO] [接收-帧] 09:31:47.629 设备ID=12006 module=PERIODIC id=ReadFoupStatus uuid=12 len=23
frame=01 04 12 C2 B2 42 0A DE 1E 38 F9 54 D6 9F FB F4 10 09 A5 A6 26 84 00
[2026-04-17 09:31:48] [INFO] [发送] 09:31:48.622 设备ID=12006 module=PERIODIC id=ReadFoupStatus uuid=12 sendCount=1/1 timeout=1000ms crc=30 0C len=8
frame=01 04 00 00 00 09 30 0C
[2026-04-17 09:31:48] [INFO] [接收-帧] 09:31:48.713 设备ID=12006 module=PERIODIC id=ReadFoupStatus uuid=12 len=23
frame=01 04 12 EB 05 AF 32 48 4D A9 EA 42 68 1C CC A2 99 84 A4 0F 49 1B EC
[2026-04-17 09:31:49] [INFO] [发送] 09:31:49.715 设备ID=12006 module=PERIODIC id=ReadFoupStatus uuid=12 sendCount=1/1 timeout=1000ms crc=30 0C len=8
frame=01 04 00 00 00 09 30 0C
[2026-04-17 09:31:49] [INFO] [接收-帧] 09:31:49.802 设备ID=12006 module=PERIODIC id=ReadFoupStatus uuid=12 len=23
frame=01 04 12 1B D7 78 D0 EC 32 52 2E 5D D1 B6 C1 AD E0 AA 97 D4 5F 6F CA
[2026-04-17 09:31:50] [INFO] [发送] 09:31:50.790 设备ID=12006 module=PERIODIC id=ReadFoupStatus uuid=12 sendCount=1/1 timeout=1000ms crc=30 0C len=8
frame=01 04 00 00 00 09 30 0C
[2026-04-17 09:31:50] [INFO] [接收-帧] 09:31:50.893 设备ID=12006 module=PERIODIC id=ReadFoupStatus uuid=12 len=23
frame=01 04 12 91 8B 71 AF 25 48 C9 95 25 7D 13 B3 E4 52 B0 A4 41 97 47 C7
[2026-04-17 09:31:51] [INFO] [发送] 09:31:51.889 设备ID=12006 module=PERIODIC id=ReadFoupStatus uuid=12 sendCount=1/1 timeout=1000ms crc=30 0C len=8
frame=01 04 00 00 00 09 30 0C
[2026-04-17 09:31:51] [INFO] [接收-帧] 09:31:51.992 设备ID=12006 module=PERIODIC id=ReadFoupStatus uuid=12 len=23
frame=01 04 12 93 16 30 E9 FC 18 B5 6E D8 57 8F 96 1E 0F 72 AC AC 92 81 8F
[2026-04-17 09:31:52] [INFO] [发送] 09:31:52.999 设备ID=12006 module=PERIODIC id=ReadFoupStatus uuid=12 sendCount=1/1 timeout=1000ms crc=30 0C len=8
frame=01 04 00 00 00 09 30 0C
[2026-04-17 09:31:53] [INFO] [接收-帧] 09:31:53.090 设备ID=12006 module=PERIODIC id=ReadFoupStatus uuid=12 len=23
frame=01 04 12 3B 94 CD E3 D0 E6 D5 E9 D6 C6 2D 66 B1 FB C4 89 B9 D3 48 50
[2026-04-17 09:31:54] [INFO] [发送] 09:31:54.087 设备ID=12006 module=PERIODIC id=ReadFoupStatus uuid=12 sendCount=1/1 timeout=1000ms crc=30 0C len=8
frame=01 04 00 00 00 09 30 0C
[2026-04-17 09:31:54] [INFO] [接收-帧] 09:31:54.178 设备ID=12006 module=PERIODIC id=ReadFoupStatus uuid=12 len=23
frame=01 04 12 02 EC C1 48 B3 BB B4 D2 F8 EA 0B C5 F5 25 D8 5C D0 3C AC 3E
[2026-04-17 09:31:55] [INFO] [发送] 09:31:55.167 设备ID=12006 module=PERIODIC id=ReadFoupStatus uuid=12 sendCount=1/1 timeout=1000ms crc=30 0C len=8
frame=01 04 00 00 00 09 30 0C
[2026-04-17 09:31:55] [INFO] [接收-帧] 09:31:55.272 设备ID=12006 module=PERIODIC id=ReadFoupStatus uuid=12 len=23
frame=01 04 12 3C 7B 63 91 18 C1 93 B7 82 94 9C DE A9 F2 64 A2 02 FD 20 91
[2026-04-17 09:31:56] [INFO] [发送] 09:31:56.265 设备ID=12006 module=PERIODIC id=ReadFoupStatus uuid=12 sendCount=1/1 timeout=1000ms crc=30 0C len=8
frame=01 04 00 00 00 09 30 0C
[2026-04-17 09:31:56] [INFO] [接收-帧] 09:31:56.365 设备ID=12006 module=PERIODIC id=ReadFoupStatus uuid=12 len=23
frame=01 04 12 19 3E 57 AD 28 61 AD BF 02 12 9D 0D D7 61 6B 37 0A 9E B4 EE
[2026-04-17 09:31:57] [INFO] [发送] 09:31:57.352 设备ID=12006 module=PERIODIC id=ReadFoupStatus uuid=12 sendCount=1/1 timeout=1000ms crc=30 0C len=8
frame=01 04 00 00 00 09 30 0C
[2026-04-17 09:31:57] [INFO] [接收-帧] 09:31:57.460 设备ID=12006 module=PERIODIC id=ReadFoupStatus uuid=12 len=23
frame=01 04 12 D9 12 EC 4E C1 7E C2 EB 61 5C 9D C5 EF 2A 76 C7 E6 C9 EB CB
[2026-04-17 09:31:58] [INFO] [发送] 09:31:58.449 设备ID=12006 module=PERIODIC id=ReadFoupStatus uuid=12 sendCount=1/1 timeout=1000ms crc=30 0C len=8
frame=01 04 00 00 00 09 30 0C
[2026-04-17 09:31:58] [INFO] [接收-帧] 09:31:58.555 设备ID=12006 module=PERIODIC id=ReadFoupStatus uuid=12 len=23
frame=01 04 12 E3 2C 25 E1 E5 EE CC 3C 17 3F 7A B6 F2 E6 0A BD FD AE 43 7C
[2026-04-17 09:31:59] [INFO] [发送] 09:31:59.562 设备ID=12006 module=PERIODIC id=ReadFoupStatus uuid=12 sendCount=1/1 timeout=1000ms crc=30 0C len=8
frame=01 04 00 00 00 09 30 0C
[2026-04-17 09:31:59] [INFO] [接收-帧] 09:31:59.645 设备ID=12006 module=PERIODIC id=ReadFoupStatus uuid=12 len=23
frame=01 04 12 4A E0 27 91 DC 91 C8 E8 91 B1 A1 21 D3 F6 66 BD 5E 71 8B BD
[2026-04-17 09:32:00] [INFO] [发送] 09:32:00.637 设备ID=12006 module=PERIODIC id=ReadFoupStatus uuid=12 sendCount=1/1 timeout=1000ms crc=30 0C len=8
frame=01 04 00 00 00 09 30 0C
[2026-04-17 09:32:00] [INFO] [接收-帧] 09:32:00.740 设备ID=12006 module=PERIODIC id=ReadFoupStatus uuid=12 len=23
frame=01 04 12 97 E3 AA AD 37 FF C6 88 D1 13 0A 56 04 BB 3C 17 18 D7 32 98
[2026-04-17 09:32:01] [INFO] [发送] 09:32:01.732 设备ID=12006 module=PERIODIC id=ReadFoupStatus uuid=12 sendCount=1/1 timeout=1000ms crc=30 0C len=8
frame=01 04 00 00 00 09 30 0C
[2026-04-17 09:32:01] [INFO] [接收-帧] 09:32:01.834 设备ID=12006 module=PERIODIC id=ReadFoupStatus uuid=12 len=23
frame=01 04 12 23 68 7B B6 5C B0 B6 5F 82 E1 E2 E5 F0 0E FB 37 9B 87 51 2C
[2026-04-17 09:32:02] [INFO] [发送] 09:32:02.830 设备ID=12006 module=PERIODIC id=ReadFoupStatus uuid=12 sendCount=1/1 timeout=1000ms crc=30 0C len=8
frame=01 04 00 00 00 09 30 0C
[2026-04-17 09:32:02] [INFO] [接收-帧] 09:32:02.926 设备ID=12006 module=PERIODIC id=ReadFoupStatus uuid=12 len=23
frame=01 04 12 1C 03 01 F4 33 AB 6C 22 52 96 60 0D 4F 1D 46 A0 36 76 42 A1
[2026-04-17 09:32:03] [INFO] [发送] 09:32:03.917 设备ID=12006 module=PERIODIC id=ReadFoupStatus uuid=12 sendCount=1/1 timeout=1000ms crc=30 0C len=8
frame=01 04 00 00 00 09 30 0C
[2026-04-17 09:32:04] [INFO] [接收-帧] 09:32:04.020 设备ID=12006 module=PERIODIC id=ReadFoupStatus uuid=12 len=23
frame=01 04 12 17 BA 50 4E 94 FC 86 19 B4 C0 84 AD 3C 64 DF BA 21 16 73 4E
