[2026-04-17 09:24:09] [INFO] [发送] 09:24:09.407 设备ID=12053 module=INITIAL id=ReadVersion uuid=105 sendCount=1/4 timeout=1000ms crc=B1 CD len=8
frame=01 04 00 18 00 01 B1 CD
[2026-04-17 09:24:10] [INFO] [接收-帧] 09:24:10.186 设备ID=12053 module=INITIAL id=ReadVersion uuid=105 len=7
frame=01 04 02 00 00 B9 30
[2026-04-17 09:24:10] [INFO] [发送] 09:24:10.187 设备ID=12053 module=PERIODIC id=ReadFoupStatus uuid=106 sendCount=1/1 timeout=1000ms crc=30 0C len=8
frame=01 04 00 00 00 09 30 0C
[2026-04-17 09:24:12] [INFO] [发送] 09:24:12.185 设备ID=12053 module=PERIODIC id=ReadFoupStatus uuid=106 sendCount=1/1 timeout=1000ms crc=30 0C len=8
frame=01 04 00 00 00 09 30 0C
[2026-04-17 09:24:14] [INFO] [发送] 09:24:14.286 设备ID=12053 module=PERIODIC id=ReadFoupStatus uuid=106 sendCount=1/1 timeout=1000ms crc=30 0C len=8
frame=01 04 00 00 00 09 30 0C
[2026-04-17 09:24:16] [INFO] [发送] 09:24:16.282 设备ID=12053 module=PERIODIC id=ReadFoupStatus uuid=106 sendCount=1/1 timeout=1000ms crc=30 0C len=8
frame=01 04 00 00 00 09 30 0C
[2026-04-17 09:24:18] [INFO] [发送] 09:24:18.278 设备ID=12053 module=PERIODIC id=ReadFoupStatus uuid=106 sendCount=1/1 timeout=1000ms crc=30 0C len=8
frame=01 04 00 00 00 09 30 0C
[2026-04-17 09:24:20] [INFO] [发送] 09:24:20.279 设备ID=12053 module=PERIODIC id=ReadFoupStatus uuid=106 sendCount=1/1 timeout=1000ms crc=30 0C len=8
frame=01 04 00 00 00 09 30 0C
[2026-04-17 09:24:22] [INFO] [发送] 09:24:22.293 设备ID=12053 module=PERIODIC id=ReadFoupStatus uuid=106 sendCount=1/1 timeout=1000ms crc=30 0C len=8
frame=01 04 00 00 00 09 30 0C
[2026-04-17 09:24:24] [INFO] [发送] 09:24:24.296 设备ID=12053 module=PERIODIC id=ReadFoupStatus uuid=106 sendCount=1/1 timeout=1000ms crc=30 0C len=8
frame=01 04 00 00 00 09 30 0C
[2026-04-17 09:24:26] [INFO] [发送] 09:24:26.303 设备ID=12053 module=PERIODIC id=ReadFoupStatus uuid=106 sendCount=1/1 timeout=1000ms crc=30 0C len=8
frame=01 04 00 00 00 09 30 0C
[2026-04-17 09:24:28] [INFO] [发送] 09:24:28.296 设备ID=12053 module=PERIODIC id=ReadFoupStatus uuid=106 sendCount=1/1 timeout=1000ms crc=30 0C len=8
frame=01 04 00 00 00 09 30 0C
[2026-04-17 09:24:32] [INFO] [发送] 09:24:32.709 设备ID=12053 module=PERIODIC id=ReadFoupStatus uuid=106 sendCount=1/1 timeout=1000ms crc=30 0C len=8
frame=01 04 00 00 00 09 30 0C
[2026-04-17 09:24:34] [INFO] [发送] 09:24:34.705 设备ID=12053 module=PERIODIC id=ReadFoupStatus uuid=106 sendCount=1/1 timeout=1000ms crc=30 0C len=8
frame=01 04 00 00 00 09 30 0C
[2026-04-17 09:24:36] [INFO] [发送] 09:24:36.698 设备ID=12053 module=PERIODIC id=ReadFoupStatus uuid=106 sendCount=1/1 timeout=1000ms crc=30 0C len=8
frame=01 04 00 00 00 09 30 0C
[2026-04-17 09:24:38] [INFO] [发送] 09:24:38.697 设备ID=12053 module=PERIODIC id=ReadFoupStatus uuid=106 sendCount=1/1 timeout=1000ms crc=30 0C len=8
frame=01 04 00 00 00 09 30 0C
[2026-04-17 09:24:40] [INFO] [发送] 09:24:40.704 设备ID=12053 module=PERIODIC id=ReadFoupStatus uuid=106 sendCount=1/1 timeout=1000ms crc=30 0C len=8
frame=01 04 00 00 00 09 30 0C
[2026-04-17 09:24:42] [INFO] [发送] 09:24:42.705 设备ID=12053 module=PERIODIC id=ReadFoupStatus uuid=106 sendCount=1/1 timeout=1000ms crc=30 0C len=8
frame=01 04 00 00 00 09 30 0C
[2026-04-17 09:24:44] [INFO] [发送] 09:24:44.701 设备ID=12053 module=PERIODIC id=ReadFoupStatus uuid=106 sendCount=1/1 timeout=1000ms crc=30 0C len=8
frame=01 04 00 00 00 09 30 0C
[2026-04-17 09:24:48] [INFO] [发送] 09:24:48.348 设备ID=12053 module=PERIODIC id=ReadFoupStatus uuid=106 sendCount=1/1 timeout=1000ms crc=30 0C len=8
frame=01 04 00 00 00 09 30 0C
[2026-04-17 09:24:48] [INFO] [接收-帧] 09:24:48.452 设备ID=12053 module=PERIODIC id=ReadFoupStatus uuid=106 len=23
frame=01 04 12 28 06 70 0E A2 CE 4A C8 B3 EF BE 38 A6 DB ED 10 FF D0 B9 72
[2026-04-17 09:24:49] [INFO] [发送] 09:24:49.448 设备ID=12053 module=PERIODIC id=ReadFoupStatus uuid=106 sendCount=1/1 timeout=1000ms crc=30 0C len=8
frame=01 04 00 00 00 09 30 0C
[2026-04-17 09:24:49] [INFO] [接收-帧] 09:24:49.556 设备ID=12053 module=PERIODIC id=ReadFoupStatus uuid=106 len=23
frame=01 04 12 E4 BE F6 5F 2D E9 2B 38 1F C0 B2 EE 94 BE 2F 6D 7E B2 EE 39
[2026-04-17 09:24:50] [INFO] [发送] 09:24:50.555 设备ID=12053 module=PERIODIC id=ReadFoupStatus uuid=106 sendCount=1/1 timeout=1000ms crc=30 0C len=8
frame=01 04 00 00 00 09 30 0C
[2026-04-17 09:24:50] [INFO] [接收-帧] 09:24:50.643 设备ID=12053 module=PERIODIC id=ReadFoupStatus uuid=106 len=23
frame=01 04 12 DB 2D 25 80 CD 6D 71 B7 53 E9 92 E6 6F 5C 3A 18 C1 12 AF 03
[2026-04-17 09:24:51] [INFO] [发送] 09:24:51.640 设备ID=12053 module=PERIODIC id=ReadFoupStatus uuid=106 sendCount=1/1 timeout=1000ms crc=30 0C len=8
frame=01 04 00 00 00 09 30 0C
[2026-04-17 09:24:51] [INFO] [接收-帧] 09:24:51.735 设备ID=12053 module=PERIODIC id=ReadFoupStatus uuid=106 len=23
frame=01 04 12 D9 4F C9 C0 AF FB A6 9B 50 A2 BB 36 F7 93 34 75 E1 C6 E0 49
[2026-04-17 09:24:52] [INFO] [发送] 09:24:52.729 设备ID=12053 module=PERIODIC id=ReadFoupStatus uuid=106 sendCount=1/1 timeout=1000ms crc=30 0C len=8
frame=01 04 00 00 00 09 30 0C
[2026-04-17 09:24:52] [INFO] [接收-帧] 09:24:52.830 设备ID=12053 module=PERIODIC id=ReadFoupStatus uuid=106 len=23
frame=01 04 12 E3 12 CE A1 05 C0 12 DF 69 A4 87 7C 87 BD 10 D0 51 D7 DA 09
[2026-04-17 09:24:53] [INFO] [发送] 09:24:53.827 设备ID=12053 module=PERIODIC id=ReadFoupStatus uuid=106 sendCount=1/1 timeout=1000ms crc=30 0C len=8
frame=01 04 00 00 00 09 30 0C
[2026-04-17 09:24:53] [INFO] [接收-帧] 09:24:53.922 设备ID=12053 module=PERIODIC id=ReadFoupStatus uuid=106 len=23
frame=01 04 12 03 FC 5E 41 DE BC 20 E0 93 EA 19 66 9F 0F 93 EF DA CF 60 2B
[2026-04-17 09:24:54] [INFO] [发送] 09:24:54.920 设备ID=12053 module=PERIODIC id=ReadFoupStatus uuid=106 sendCount=1/1 timeout=1000ms crc=30 0C len=8
frame=01 04 00 00 00 09 30 0C
[2026-04-17 09:24:55] [INFO] [接收-帧] 09:24:55.016 设备ID=12053 module=PERIODIC id=ReadFoupStatus uuid=106 len=23
frame=01 04 12 52 C2 13 C9 E5 6F 39 6D 34 26 45 13 47 74 05 0C EB 30 8E 02
[2026-04-17 09:24:56] [INFO] [发送] 09:24:56.010 设备ID=12053 module=PERIODIC id=ReadFoupStatus uuid=106 sendCount=1/1 timeout=1000ms crc=30 0C len=8
frame=01 04 00 00 00 09 30 0C
[2026-04-17 09:24:56] [INFO] [接收-帧] 09:24:56.109 设备ID=12053 module=PERIODIC id=ReadFoupStatus uuid=106 len=23
frame=01 04 12 D3 0A DA B6 E3 99 5B F9 D0 7C 8A 26 3E 0D 35 7B 82 04 BE 47
[2026-04-17 09:24:57] [INFO] [发送] 09:24:57.103 设备ID=12053 module=PERIODIC id=ReadFoupStatus uuid=106 sendCount=1/1 timeout=1000ms crc=30 0C len=8
frame=01 04 00 00 00 09 30 0C
[2026-04-17 09:24:57] [INFO] [接收-帧] 09:24:57.200 设备ID=12053 module=PERIODIC id=ReadFoupStatus uuid=106 len=23
frame=01 04 12 17 74 58 50 51 0A ED 13 0B 7E 57 13 72 BA CA E6 CD AC E5 FC
[2026-04-17 09:24:58] [INFO] [发送] 09:24:58.204 设备ID=12053 module=PERIODIC id=ReadFoupStatus uuid=106 sendCount=1/1 timeout=1000ms crc=30 0C len=8
frame=01 04 00 00 00 09 30 0C
[2026-04-17 09:24:58] [INFO] [接收-帧] 09:24:58.299 设备ID=12053 module=PERIODIC id=ReadFoupStatus uuid=106 len=23
frame=01 04 12 5D 23 EC F3 5D DD 4D A8 C8 CD 92 F4 6A 1B 0B 5D 0E 24 2D 0A
[2026-04-17 09:24:59] [INFO] [发送] 09:24:59.290 设备ID=12053 module=PERIODIC id=ReadFoupStatus uuid=106 sendCount=1/1 timeout=1000ms crc=30 0C len=8
frame=01 04 00 00 00 09 30 0C
[2026-04-17 09:24:59] [INFO] [接收-帧] 09:24:59.390 设备ID=12053 module=PERIODIC id=ReadFoupStatus uuid=106 len=23
frame=01 04 12 43 96 6F 1B FD 35 6C 16 0D 9F 43 4B 35 31 F0 40 15 17 B7 E8
[2026-04-17 09:25:00] [INFO] [发送] 09:25:00.385 设备ID=12053 module=PERIODIC id=ReadFoupStatus uuid=106 sendCount=1/1 timeout=1000ms crc=30 0C len=8
frame=01 04 00 00 00 09 30 0C
[2026-04-17 09:25:00] [INFO] [接收-帧] 09:25:00.486 设备ID=12053 module=PERIODIC id=ReadFoupStatus uuid=106 len=23
frame=01 04 12 DA 99 40 30 D5 80 99 AF B0 E7 A7 A6 BE E4 70 6C 0A 83 B2 71
[2026-04-17 09:25:01] [INFO] [发送] 09:25:01.484 设备ID=12053 module=PERIODIC id=ReadFoupStatus uuid=106 sendCount=1/1 timeout=1000ms crc=30 0C len=8
frame=01 04 00 00 00 09 30 0C
[2026-04-17 09:25:01] [INFO] [接收-帧] 09:25:01.617 设备ID=12053 module=PERIODIC id=ReadFoupStatus uuid=106 len=23
frame=01 04 12 52 82 B6 DB 6E AB 5F D2 0F 24 D6 8D CE B7 94 58 68 07 B4 E8
[2026-04-17 09:25:02] [INFO] [发送] 09:25:02.725 设备ID=12053 module=PERIODIC id=ReadFoupStatus uuid=106 sendCount=1/1 timeout=1000ms crc=30 0C len=8
frame=01 04 00 00 00 09 30 0C
[2026-04-17 09:25:02] [INFO] [接收-帧] 09:25:02.781 设备ID=12053 module=PERIODIC id=ReadFoupStatus uuid=106 len=23
frame=01 04 12 4C 6F 7A A4 A8 25 71 8C 59 85 19 B0 FE 5A 61 88 96 9F 7B DC
[2026-04-17 09:25:03] [INFO] [发送] 09:25:03.775 设备ID=12053 module=PERIODIC id=ReadFoupStatus uuid=106 sendCount=1/1 timeout=1000ms crc=30 0C len=8
frame=01 04 00 00 00 09 30 0C
[2026-04-17 09:25:03] [INFO] [接收-帧] 09:25:03.877 设备ID=12053 module=PERIODIC id=ReadFoupStatus uuid=106 len=23
frame=01 04 12 B5 A7 38 66 3B 55 9C B0 A7 50 97 78 CE DE 51 A5 C3 5C 2E F4
[2026-04-17 09:25:04] [INFO] [发送] 09:25:04.874 设备ID=12053 module=PERIODIC id=ReadFoupStatus uuid=106 sendCount=1/1 timeout=1000ms crc=30 0C len=8
frame=01 04 00 00 00 09 30 0C
[2026-04-17 09:25:04] [INFO] [接收-帧] 09:25:04.969 设备ID=12053 module=PERIODIC id=ReadFoupStatus uuid=106 len=23
frame=01 04 12 01 D9 B8 12 BC 4E DE C5 0D 5F 1A 73 4D 7F 85 97 FC 1E 42 CB
[2026-04-17 09:25:06] [INFO] [发送] 09:25:06.120 设备ID=12053 module=PERIODIC id=ReadFoupStatus uuid=106 sendCount=1/1 timeout=1000ms crc=30 0C len=8
frame=01 04 00 00 00 09 30 0C
[2026-04-17 09:25:06] [INFO] [接收-帧] 09:25:06.171 设备ID=12053 module=PERIODIC id=ReadFoupStatus uuid=106 len=23
frame=01 04 12 D5 1A 6C CB 95 85 01 02 81 E0 C9 61 A3 02 BB 09 20 76 5C B0
[2026-04-17 09:25:07] [INFO] [发送] 09:25:07.306 设备ID=12053 module=PERIODIC id=ReadFoupStatus uuid=106 sendCount=1/1 timeout=1000ms crc=30 0C len=8
frame=01 04 00 00 00 09 30 0C
[2026-04-17 09:25:07] [INFO] [接收-帧] 09:25:07.378 设备ID=12053 module=PERIODIC id=ReadFoupStatus uuid=106 len=23
frame=01 04 12 F1 04 C6 3C AF 60 F9 5F 97 CE 93 7A BC 39 78 39 3A CC AD 02
[2026-04-17 09:25:08] [INFO] [发送] 09:25:08.370 设备ID=12053 module=PERIODIC id=ReadFoupStatus uuid=106 sendCount=1/1 timeout=1000ms crc=30 0C len=8
frame=01 04 00 00 00 09 30 0C
[2026-04-17 09:25:08] [INFO] [接收-帧] 09:25:08.469 设备ID=12053 module=PERIODIC id=ReadFoupStatus uuid=106 len=23
frame=01 04 12 C5 26 18 9E 7D BF 9F 60 A2 30 14 23 9E DD FB 75 ED 28 07 B3
[2026-04-17 09:25:09] [INFO] [发送] 09:25:09.464 设备ID=12053 module=PERIODIC id=ReadFoupStatus uuid=106 sendCount=1/1 timeout=1000ms crc=30 0C len=8
frame=01 04 00 00 00 09 30 0C
[2026-04-17 09:25:09] [INFO] [接收-帧] 09:25:09.566 设备ID=12053 module=PERIODIC id=ReadFoupStatus uuid=106 len=23
frame=01 04 12 FB F4 2F B8 59 8C EA CF 06 DA D4 06 38 36 24 13 25 97 00 4B
[2026-04-17 09:25:10] [INFO] [发送] 09:25:10.557 设备ID=12053 module=PERIODIC id=ReadFoupStatus uuid=106 sendCount=1/1 timeout=1000ms crc=30 0C len=8
frame=01 04 00 00 00 09 30 0C
[2026-04-17 09:25:10] [INFO] [接收-帧] 09:25:10.655 设备ID=12053 module=PERIODIC id=ReadFoupStatus uuid=106 len=23
frame=01 04 12 3C 3B 21 05 AE AC 53 7E AF 8F B4 21 98 96 3B 94 DE 15 3C 52
[2026-04-17 09:25:11] [INFO] [发送] 09:25:11.652 设备ID=12053 module=PERIODIC id=ReadFoupStatus uuid=106 sendCount=1/1 timeout=1000ms crc=30 0C len=8
frame=01 04 00 00 00 09 30 0C
[2026-04-17 09:25:11] [INFO] [接收-帧] 09:25:11.755 设备ID=12053 module=PERIODIC id=ReadFoupStatus uuid=106 len=23
frame=01 04 12 E0 8B F7 55 D1 B4 5D 17 ED A4 3C 7B B0 3C 18 26 87 6B EF FF
[2026-04-17 09:25:12] [INFO] [发送] 09:25:12.743 设备ID=12053 module=PERIODIC id=ReadFoupStatus uuid=106 sendCount=1/1 timeout=1000ms crc=30 0C len=8
frame=01 04 00 00 00 09 30 0C
[2026-04-17 09:25:12] [INFO] [接收-帧] 09:25:12.844 设备ID=12053 module=PERIODIC id=ReadFoupStatus uuid=106 len=23
frame=01 04 12 F6 0B D7 FF 24 0A F8 C9 99 B1 E5 AC C8 E4 5B 67 BD 2B B0 AE
[2026-04-17 09:25:13] [INFO] [发送] 09:25:13.848 设备ID=12053 module=PERIODIC id=ReadFoupStatus uuid=106 sendCount=1/1 timeout=1000ms crc=30 0C len=8
frame=01 04 00 00 00 09 30 0C
[2026-04-17 09:25:13] [INFO] [接收-帧] 09:25:13.942 设备ID=12053 module=PERIODIC id=ReadFoupStatus uuid=106 len=23
frame=01 04 12 C7 B4 8D 59 F2 3B 06 A7 68 79 2A F1 59 1A A7 D8 A5 87 5B 7A
[2026-04-17 09:25:14] [INFO] [发送] 09:25:14.931 设备ID=12053 module=PERIODIC id=ReadFoupStatus uuid=106 sendCount=1/1 timeout=1000ms crc=30 0C len=8
frame=01 04 00 00 00 09 30 0C
[2026-04-17 09:25:15] [INFO] [接收-帧] 09:25:15.038 设备ID=12053 module=PERIODIC id=ReadFoupStatus uuid=106 len=23
frame=01 04 12 A3 13 5C 84 14 09 6A 8F 98 D4 63 0E 15 E9 99 BF EE CA D1 5D
[2026-04-17 09:25:16] [INFO] [发送] 09:25:16.049 设备ID=12053 module=PERIODIC id=ReadFoupStatus uuid=106 sendCount=1/1 timeout=1000ms crc=30 0C len=8
frame=01 04 00 00 00 09 30 0C
[2026-04-17 09:25:16] [INFO] [接收-帧] 09:25:16.125 设备ID=12053 module=PERIODIC id=ReadFoupStatus uuid=106 len=23
frame=01 04 12 44 77 F3 98 D8 7C 0A DF CC 0B 5E 52 CE D1 82 BC F1 5C EF 41
[2026-04-17 09:25:17] [INFO] [发送] 09:25:17.118 设备ID=12053 module=PERIODIC id=ReadFoupStatus uuid=106 sendCount=1/1 timeout=1000ms crc=30 0C len=8
frame=01 04 00 00 00 09 30 0C
[2026-04-17 09:25:17] [INFO] [接收-帧] 09:25:17.220 设备ID=12053 module=PERIODIC id=ReadFoupStatus uuid=106 len=23
frame=01 04 12 8E E7 2A 73 75 E0 E5 6C 98 70 2D 9B E0 BB F9 F5 92 C6 2A 26
[2026-04-17 09:25:18] [INFO] [发送] 09:25:18.218 设备ID=12053 module=PERIODIC id=ReadFoupStatus uuid=106 sendCount=1/1 timeout=1000ms crc=30 0C len=8
frame=01 04 00 00 00 09 30 0C
[2026-04-17 09:25:18] [INFO] [接收-帧] 09:25:18.312 设备ID=12053 module=PERIODIC id=ReadFoupStatus uuid=106 len=23
frame=01 04 12 C4 51 2C 5C 49 72 DD DE DA 07 81 1C 0B C3 C1 20 E2 22 F3 D1
[2026-04-17 09:25:19] [INFO] [发送] 09:25:19.319 设备ID=12053 module=PERIODIC id=ReadFoupStatus uuid=106 sendCount=1/1 timeout=1000ms crc=30 0C len=8
frame=01 04 00 00 00 09 30 0C
[2026-04-17 09:25:19] [INFO] [接收-帧] 09:25:19.404 设备ID=12053 module=PERIODIC id=ReadFoupStatus uuid=106 len=23
frame=01 04 12 D2 59 E5 E3 BD 63 4B 95 3C F9 57 70 CF A4 FD B8 02 82 E7 76
[2026-04-17 09:25:20] [INFO] [发送] 09:25:20.409 设备ID=12053 module=PERIODIC id=ReadFoupStatus uuid=106 sendCount=1/1 timeout=1000ms crc=30 0C len=8
frame=01 04 00 00 00 09 30 0C
[2026-04-17 09:25:20] [INFO] [接收-帧] 09:25:20.501 设备ID=12053 module=PERIODIC id=ReadFoupStatus uuid=106 len=23
frame=01 04 12 59 E3 28 7E EE 07 F0 F9 97 3A D6 38 4F C3 8D 38 3B 3C 0D A8
[2026-04-17 09:25:21] [INFO] [发送] 09:25:21.494 设备ID=12053 module=PERIODIC id=ReadFoupStatus uuid=106 sendCount=1/1 timeout=1000ms crc=30 0C len=8
frame=01 04 00 00 00 09 30 0C
[2026-04-17 09:25:21] [INFO] [接收-帧] 09:25:21.599 设备ID=12053 module=PERIODIC id=ReadFoupStatus uuid=106 len=23
frame=01 04 12 0F 4A C3 C8 F8 25 2F 32 9E 68 27 2F 91 EC 9A A4 D6 A1 18 2E
[2026-04-17 09:25:22] [INFO] [发送] 09:25:22.587 设备ID=12053 module=PERIODIC id=ReadFoupStatus uuid=106 sendCount=1/1 timeout=1000ms crc=30 0C len=8
frame=01 04 00 00 00 09 30 0C
[2026-04-17 09:25:22] [INFO] [接收-帧] 09:25:22.687 设备ID=12053 module=PERIODIC id=ReadFoupStatus uuid=106 len=23
frame=01 04 12 E2 17 EB FF CB 77 F3 B4 46 02 03 F8 A9 19 DA 82 99 76 12 F7
[2026-04-17 09:25:23] [INFO] [发送] 09:25:23.685 设备ID=12053 module=PERIODIC id=ReadFoupStatus uuid=106 sendCount=1/1 timeout=1000ms crc=30 0C len=8
frame=01 04 00 00 00 09 30 0C
[2026-04-17 09:25:23] [INFO] [接收-帧] 09:25:23.785 设备ID=12053 module=PERIODIC id=ReadFoupStatus uuid=106 len=23
frame=01 04 12 9A 1E DD ED DA 1E 64 3B B4 28 83 80 4C F7 47 E3 5C 71 5A 8E
[2026-04-17 09:25:24] [INFO] [发送] 09:25:24.774 设备ID=12053 module=PERIODIC id=ReadFoupStatus uuid=106 sendCount=1/1 timeout=1000ms crc=30 0C len=8
frame=01 04 00 00 00 09 30 0C
[2026-04-17 09:25:24] [INFO] [接收-帧] 09:25:24.874 设备ID=12053 module=PERIODIC id=ReadFoupStatus uuid=106 len=23
frame=01 04 12 AE A7 4A EF F8 D9 31 E7 2C 6A BB 14 2A D7 12 B5 28 02 0F 16
[2026-04-17 09:25:25] [INFO] [发送] 09:25:25.869 设备ID=12053 module=PERIODIC id=ReadFoupStatus uuid=106 sendCount=1/1 timeout=1000ms crc=30 0C len=8
frame=01 04 00 00 00 09 30 0C
[2026-04-17 09:25:25] [INFO] [接收-帧] 09:25:25.974 设备ID=12053 module=PERIODIC id=ReadFoupStatus uuid=106 len=23
frame=01 04 12 06 73 3C 87 A3 98 EB 2D 91 B4 A0 4C DD CC 4D 07 A1 D7 64 EA
[2026-04-17 09:25:26] [INFO] [发送] 09:25:26.970 设备ID=12053 module=PERIODIC id=ReadFoupStatus uuid=106 sendCount=1/1 timeout=1000ms crc=30 0C len=8
frame=01 04 00 00 00 09 30 0C
[2026-04-17 09:25:27] [INFO] [接收-帧] 09:25:27.061 设备ID=12053 module=PERIODIC id=ReadFoupStatus uuid=106 len=23
frame=01 04 12 D8 EC 4E 16 DA 66 DC DF 8D AA 97 69 62 4D 53 A5 E8 B7 C1 A0
[2026-04-17 09:25:28] [INFO] [发送] 09:25:28.065 设备ID=12053 module=PERIODIC id=ReadFoupStatus uuid=106 sendCount=1/1 timeout=1000ms crc=30 0C len=8
frame=01 04 00 00 00 09 30 0C
[2026-04-17 09:25:28] [INFO] [接收-帧] 09:25:28.161 设备ID=12053 module=PERIODIC id=ReadFoupStatus uuid=106 len=23
frame=01 04 12 41 D0 D8 60 DE 94 B7 18 58 12 EF 3C D3 FC B0 85 A0 CB 15 C1
[2026-04-17 09:25:29] [INFO] [发送] 09:25:29.149 设备ID=12053 module=PERIODIC id=ReadFoupStatus uuid=106 sendCount=1/1 timeout=1000ms crc=30 0C len=8
frame=01 04 00 00 00 09 30 0C
[2026-04-17 09:25:29] [INFO] [接收-帧] 09:25:29.249 设备ID=12053 module=PERIODIC id=ReadFoupStatus uuid=106 len=23
frame=01 04 12 8F 50 91 2C E4 76 3C C2 DF 5D A1 6B 7D 50 6F E4 AC 83 3F 18
[2026-04-17 09:25:30] [INFO] [发送] 09:25:30.254 设备ID=12053 module=PERIODIC id=ReadFoupStatus uuid=106 sendCount=1/1 timeout=1000ms crc=30 0C len=8
frame=01 04 00 00 00 09 30 0C
[2026-04-17 09:25:30] [INFO] [接收-帧] 09:25:30.345 设备ID=12053 module=PERIODIC id=ReadFoupStatus uuid=106 len=23
frame=01 04 12 F8 72 CC 8B 8D 57 D7 B2 0B A9 7E FA 63 BA F6 ED B7 4B BB 5F
[2026-04-17 09:25:31] [INFO] [发送] 09:25:31.340 设备ID=12053 module=PERIODIC id=ReadFoupStatus uuid=106 sendCount=1/1 timeout=1000ms crc=30 0C len=8
frame=01 04 00 00 00 09 30 0C
[2026-04-17 09:25:31] [INFO] [接收-帧] 09:25:31.448 设备ID=12053 module=PERIODIC id=ReadFoupStatus uuid=106 len=23
frame=01 04 12 B8 BF D3 9B 7E 5C 80 BF 31 63 59 E5 C8 79 E3 AD FC 28 58 41
[2026-04-17 09:25:32] [INFO] [发送] 09:25:32.454 设备ID=12053 module=PERIODIC id=ReadFoupStatus uuid=106 sendCount=1/1 timeout=1000ms crc=30 0C len=8
frame=01 04 00 00 00 09 30 0C
[2026-04-17 09:25:32] [INFO] [接收-帧] 09:25:32.535 设备ID=12053 module=PERIODIC id=ReadFoupStatus uuid=106 len=23
frame=01 04 12 D6 4F 15 F2 B1 D5 63 3C 5E 96 A1 C9 04 60 1C 41 A3 04 39 D8
[2026-04-17 09:25:33] [INFO] [发送] 09:25:33.524 设备ID=12053 module=PERIODIC id=ReadFoupStatus uuid=106 sendCount=1/1 timeout=1000ms crc=30 0C len=8
frame=01 04 00 00 00 09 30 0C
[2026-04-17 09:25:33] [INFO] [接收-帧] 09:25:33.622 设备ID=12053 module=PERIODIC id=ReadFoupStatus uuid=106 len=23
frame=01 04 12 C3 F0 26 0E E8 3C E2 C1 FF 40 6F 24 2A F4 D9 80 87 58 28 E9
[2026-04-17 09:25:34] [INFO] [发送] 09:25:34.625 设备ID=12053 module=PERIODIC id=ReadFoupStatus uuid=106 sendCount=1/1 timeout=1000ms crc=30 0C len=8
frame=01 04 00 00 00 09 30 0C
[2026-04-17 09:25:34] [INFO] [接收-帧] 09:25:34.721 设备ID=12053 module=PERIODIC id=ReadFoupStatus uuid=106 len=23
frame=01 04 12 0B C4 24 3F B9 E2 87 E1 20 48 46 C1 2E 73 8B 76 DD 88 B5 07
[2026-04-17 09:25:35] [INFO] [发送] 09:25:35.720 设备ID=12053 module=PERIODIC id=ReadFoupStatus uuid=106 sendCount=1/1 timeout=1000ms crc=30 0C len=8
frame=01 04 00 00 00 09 30 0C
[2026-04-17 09:25:35] [INFO] [接收-帧] 09:25:35.813 设备ID=12053 module=PERIODIC id=ReadFoupStatus uuid=106 len=23
frame=01 04 12 89 F1 AE A8 F4 F6 B1 95 0F AA 45 D8 5E A2 A8 94 14 99 63 66
[2026-04-17 09:25:36] [INFO] [发送] 09:25:36.807 设备ID=12053 module=PERIODIC id=ReadFoupStatus uuid=106 sendCount=1/1 timeout=1000ms crc=30 0C len=8
frame=01 04 00 00 00 09 30 0C
[2026-04-17 09:25:36] [INFO] [接收-帧] 09:25:36.906 设备ID=12053 module=PERIODIC id=ReadFoupStatus uuid=106 len=23
frame=01 04 12 A1 0A 46 6B 4A D0 7F 7E 18 E1 46 5B 28 BF DB EB E6 43 4C 2B
[2026-04-17 09:25:37] [INFO] [发送] 09:25:37.899 设备ID=12053 module=PERIODIC id=ReadFoupStatus uuid=106 sendCount=1/1 timeout=1000ms crc=30 0C len=8
frame=01 04 00 00 00 09 30 0C
[2026-04-17 09:25:38] [INFO] [接收-帧] 09:25:38.002 设备ID=12053 module=PERIODIC id=ReadFoupStatus uuid=106 len=23
frame=01 04 12 AA AD E7 B3 B1 75 B8 41 B1 80 6C E2 DC 18 24 28 AD 35 54 AD
[2026-04-17 09:25:38] [INFO] [发送] 09:25:38.995 设备ID=12053 module=PERIODIC id=ReadFoupStatus uuid=106 sendCount=1/1 timeout=1000ms crc=30 0C len=8
frame=01 04 00 00 00 09 30 0C
[2026-04-17 09:25:39] [INFO] [接收-帧] 09:25:39.097 设备ID=12053 module=PERIODIC id=ReadFoupStatus uuid=106 len=23
frame=01 04 12 4A 9F 03 F6 0A E8 88 D9 8A B4 55 57 D8 74 82 1E BA C2 CB DA
[2026-04-17 09:25:40] [INFO] [发送] 09:25:40.093 设备ID=12053 module=PERIODIC id=ReadFoupStatus uuid=106 sendCount=1/1 timeout=1000ms crc=30 0C len=8
frame=01 04 00 00 00 09 30 0C
[2026-04-17 09:25:40] [INFO] [接收-帧] 09:25:40.190 设备ID=12053 module=PERIODIC id=ReadFoupStatus uuid=106 len=23
frame=01 04 12 70 D8 0F 61 65 16 51 A3 D0 4D B7 6E CC E4 A0 10 48 DA 5C 55
[2026-04-17 09:25:41] [INFO] [发送] 09:25:41.179 设备ID=12053 module=PERIODIC id=ReadFoupStatus uuid=106 sendCount=1/1 timeout=1000ms crc=30 0C len=8
frame=01 04 00 00 00 09 30 0C
[2026-04-17 09:25:41] [INFO] [接收-帧] 09:25:41.283 设备ID=12053 module=PERIODIC id=ReadFoupStatus uuid=106 len=23
frame=01 04 12 34 54 61 4B 8A 28 BD 70 DC 4D 4E 2C 71 93 8E EF 0E 3B 6F 33
[2026-04-17 09:25:42] [INFO] [发送] 09:25:42.274 设备ID=12053 module=PERIODIC id=ReadFoupStatus uuid=106 sendCount=1/1 timeout=1000ms crc=30 0C len=8
frame=01 04 00 00 00 09 30 0C
[2026-04-17 09:25:42] [INFO] [接收-帧] 09:25:42.375 设备ID=12053 module=PERIODIC id=ReadFoupStatus uuid=106 len=23
frame=01 04 12 C0 DF 33 E7 C6 8E 1D EC 64 9E 86 76 4A C0 F8 85 57 D4 A6 87
[2026-04-17 09:25:43] [INFO] [发送] 09:25:43.371 设备ID=12053 module=PERIODIC id=ReadFoupStatus uuid=106 sendCount=1/1 timeout=1000ms crc=30 0C len=8
frame=01 04 00 00 00 09 30 0C
[2026-04-17 09:25:43] [INFO] [接收-帧] 09:25:43.466 设备ID=12053 module=PERIODIC id=ReadFoupStatus uuid=106 len=23
frame=01 04 12 F3 E0 65 49 57 D7 2D A7 B7 E8 34 AD B7 03 6D 80 85 B8 FF 67
[2026-04-17 09:25:44] [INFO] [发送] 09:25:44.465 设备ID=12053 module=PERIODIC id=ReadFoupStatus uuid=106 sendCount=1/1 timeout=1000ms crc=30 0C len=8
frame=01 04 00 00 00 09 30 0C
[2026-04-17 09:25:44] [INFO] [接收-帧] 09:25:44.561 设备ID=12053 module=PERIODIC id=ReadFoupStatus uuid=106 len=23
frame=01 04 12 14 C7 EB F7 D9 5F 4C F1 59 53 6A 82 B5 F1 AB 2B C2 8E BA F9
[2026-04-17 09:25:45] [INFO] [发送] 09:25:45.560 设备ID=12053 module=PERIODIC id=ReadFoupStatus uuid=106 sendCount=1/1 timeout=1000ms crc=30 0C len=8
frame=01 04 00 00 00 09 30 0C
[2026-04-17 09:25:45] [INFO] [接收-帧] 09:25:45.655 设备ID=12053 module=PERIODIC id=ReadFoupStatus uuid=106 len=23
frame=01 04 12 C0 4E B3 10 EA 02 B6 FC 5E A7 7B 38 CD 31 CA 92 12 29 EC BF
[2026-04-17 09:25:46] [INFO] [发送] 09:25:46.649 设备ID=12053 module=PERIODIC id=ReadFoupStatus uuid=106 sendCount=1/1 timeout=1000ms crc=30 0C len=8
frame=01 04 00 00 00 09 30 0C
[2026-04-17 09:25:46] [INFO] [接收-帧] 09:25:46.755 设备ID=12053 module=PERIODIC id=ReadFoupStatus uuid=106 len=23
frame=01 04 12 02 C8 E2 19 BE C2 E9 0F EB 2D 13 0B CA 75 57 A7 42 95 B4 99
[2026-04-17 09:25:47] [INFO] [发送] 09:25:47.830 设备ID=12053 module=PERIODIC id=ReadFoupStatus uuid=106 sendCount=1/1 timeout=1000ms crc=30 0C len=8
frame=01 04 00 00 00 09 30 0C
[2026-04-17 09:25:47] [INFO] [接收-帧] 09:25:47.841 设备ID=12053 module=PERIODIC id=ReadFoupStatus uuid=106 len=23
frame=01 04 12 A3 87 95 11 5C 13 63 12 8F 4D AC 75 0C 9A BE 86 D9 26 B3 70
[2026-04-17 09:25:48] [INFO] [发送] 09:25:48.837 设备ID=12053 module=PERIODIC id=ReadFoupStatus uuid=106 sendCount=1/1 timeout=1000ms crc=30 0C len=8
frame=01 04 00 00 00 09 30 0C
[2026-04-17 09:25:48] [INFO] [接收-帧] 09:25:48.936 设备ID=12053 module=PERIODIC id=ReadFoupStatus uuid=106 len=23
frame=01 04 12 89 28 A9 36 49 05 51 2E E5 EC 84 3E C7 C5 0C 5F 3D A7 2D C8
[2026-04-17 09:25:49] [INFO] [发送] 09:25:49.930 设备ID=12053 module=PERIODIC id=ReadFoupStatus uuid=106 sendCount=1/1 timeout=1000ms crc=30 0C len=8
frame=01 04 00 00 00 09 30 0C
[2026-04-17 09:25:50] [INFO] [接收-帧] 09:25:50.033 设备ID=12053 module=PERIODIC id=ReadFoupStatus uuid=106 len=23
frame=01 04 12 B2 A6 49 16 C2 5C 21 6E 01 55 B8 B4 A4 1C 87 20 C7 DB 01 F6
[2026-04-17 09:25:51] [INFO] [发送] 09:25:51.027 设备ID=12053 module=PERIODIC id=ReadFoupStatus uuid=106 sendCount=1/1 timeout=1000ms crc=30 0C len=8
frame=01 04 00 00 00 09 30 0C
[2026-04-17 09:25:51] [INFO] [接收-帧] 09:25:51.127 设备ID=12053 module=PERIODIC id=ReadFoupStatus uuid=106 len=23
frame=01 04 12 25 F0 61 EA 85 44 E2 4D 74 3A 35 E3 75 28 2E BD 72 62 D5 3F
[2026-04-17 09:25:52] [INFO] [发送] 09:25:52.218 设备ID=12053 module=PERIODIC id=ReadFoupStatus uuid=106 sendCount=1/1 timeout=1000ms crc=30 0C len=8
frame=01 04 00 00 00 09 30 0C
[2026-04-17 09:25:52] [INFO] [接收-帧] 09:25:52.327 设备ID=12053 module=PERIODIC id=ReadFoupStatus uuid=106 len=23
frame=01 04 12 C1 A2 8F 3F 5E BF D4 97 17 BC EA A5 81 4D 59 5D 5E 82 2B B1
[2026-04-17 09:25:53] [INFO] [发送] 09:25:53.322 设备ID=12053 module=PERIODIC id=ReadFoupStatus uuid=106 sendCount=1/1 timeout=1000ms crc=30 0C len=8
frame=01 04 00 00 00 09 30 0C
[2026-04-17 09:25:53] [INFO] [接收-帧] 09:25:53.427 设备ID=12053 module=PERIODIC id=ReadFoupStatus uuid=106 len=23
frame=01 04 12 4C E4 D9 7B F5 8D 8B C7 20 6E ED 70 C5 BD 48 E9 E6 AB C9 1C
[2026-04-17 09:25:54] [INFO] [发送] 09:25:54.424 设备ID=12053 module=PERIODIC id=ReadFoupStatus uuid=106 sendCount=1/1 timeout=1000ms crc=30 0C len=8
frame=01 04 00 00 00 09 30 0C
[2026-04-17 09:25:54] [INFO] [接收-帧] 09:25:54.526 设备ID=12053 module=PERIODIC id=ReadFoupStatus uuid=106 len=23
frame=01 04 12 FB A2 89 C7 34 B9 0E 01 7A FA B6 55 86 03 AE 39 34 9F AF FE
[2026-04-17 09:25:55] [INFO] [发送] 09:25:55.534 设备ID=12053 module=PERIODIC id=ReadFoupStatus uuid=106 sendCount=1/1 timeout=1000ms crc=30 0C len=8
frame=01 04 00 00 00 09 30 0C
[2026-04-17 09:25:55] [INFO] [接收-帧] 09:25:55.612 设备ID=12053 module=PERIODIC id=ReadFoupStatus uuid=106 len=23
frame=01 04 12 83 AF 38 32 CB D4 3A 18 E0 0D 3F D0 FB 56 E0 AD 36 1E 0D 38
[2026-04-17 09:25:56] [INFO] [发送] 09:25:56.620 设备ID=12053 module=PERIODIC id=ReadFoupStatus uuid=106 sendCount=1/1 timeout=1000ms crc=30 0C len=8
frame=01 04 00 00 00 09 30 0C
[2026-04-17 09:25:56] [INFO] [接收-帧] 09:25:56.707 设备ID=12053 module=PERIODIC id=ReadFoupStatus uuid=106 len=23
frame=01 04 12 2C B3 10 E9 49 0A 8B 59 84 BA 02 E0 2B 3E 8C 52 F6 87 78 92
[2026-04-17 09:25:57] [INFO] [发送] 09:25:57.707 设备ID=12053 module=PERIODIC id=ReadFoupStatus uuid=106 sendCount=1/1 timeout=1000ms crc=30 0C len=8
frame=01 04 00 00 00 09 30 0C
[2026-04-17 09:25:57] [INFO] [接收-帧] 09:25:57.805 设备ID=12053 module=PERIODIC id=ReadFoupStatus uuid=106 len=23
frame=01 04 12 06 E0 79 2D D0 44 E5 E5 09 45 2A 00 22 47 95 F4 0F 26 0F 0E
[2026-04-17 09:25:58] [INFO] [发送] 09:25:58.811 设备ID=12053 module=PERIODIC id=ReadFoupStatus uuid=106 sendCount=1/1 timeout=1000ms crc=30 0C len=8
frame=01 04 00 00 00 09 30 0C
[2026-04-17 09:25:58] [INFO] [接收-帧] 09:25:58.890 设备ID=12053 module=PERIODIC id=ReadFoupStatus uuid=106 len=23
frame=01 04 12 61 BF 87 A9 8E D6 FE 3D 88 64 63 79 22 88 84 11 F9 60 BA A6
[2026-04-17 09:25:59] [INFO] [发送] 09:25:59.885 设备ID=12053 module=PERIODIC id=ReadFoupStatus uuid=106 sendCount=1/1 timeout=1000ms crc=30 0C len=8
frame=01 04 00 00 00 09 30 0C
[2026-04-17 09:25:59] [INFO] [接收-帧] 09:25:59.986 设备ID=12053 module=PERIODIC id=ReadFoupStatus uuid=106 len=23
frame=01 04 12 78 52 E3 EB A5 7E F4 0A 31 5E 0E 53 4D A9 F0 3A E9 64 72 A5
[2026-04-17 09:26:00] [INFO] [发送] 09:26:00.983 设备ID=12053 module=PERIODIC id=ReadFoupStatus uuid=106 sendCount=1/1 timeout=1000ms crc=30 0C len=8
frame=01 04 00 00 00 09 30 0C
[2026-04-17 09:26:01] [INFO] [接收-帧] 09:26:01.079 设备ID=12053 module=PERIODIC id=ReadFoupStatus uuid=106 len=23
frame=01 04 12 49 56 25 A8 AA EB B8 F9 3A 8C 34 E6 52 17 47 EC 48 5E E6 3C
[2026-04-17 09:26:02] [INFO] [发送] 09:26:02.077 设备ID=12053 module=PERIODIC id=ReadFoupStatus uuid=106 sendCount=1/1 timeout=1000ms crc=30 0C len=8
frame=01 04 00 00 00 09 30 0C
[2026-04-17 09:26:02] [INFO] [接收-帧] 09:26:02.171 设备ID=12053 module=PERIODIC id=ReadFoupStatus uuid=106 len=23
frame=01 04 12 5B 52 E0 BB ED 5D 2A 50 01 6C 3F E6 67 2F FC 02 16 D0 86 3E
[2026-04-17 09:26:03] [INFO] [发送] 09:26:03.172 设备ID=12053 module=PERIODIC id=ReadFoupStatus uuid=106 sendCount=1/1 timeout=1000ms crc=30 0C len=8
frame=01 04 00 00 00 09 30 0C
[2026-04-17 09:26:03] [INFO] [接收-帧] 09:26:03.269 设备ID=12053 module=PERIODIC id=ReadFoupStatus uuid=106 len=23
frame=01 04 12 23 61 68 59 9C 09 C9 11 F6 C2 14 D2 6D AF 10 C3 51 64 F7 BC
[2026-04-17 09:26:04] [INFO] [发送] 09:26:04.261 设备ID=12053 module=PERIODIC id=ReadFoupStatus uuid=106 sendCount=1/1 timeout=1000ms crc=30 0C len=8
frame=01 04 00 00 00 09 30 0C
[2026-04-17 09:26:04] [INFO] [接收-帧] 09:26:04.393 设备ID=12053 module=PERIODIC id=ReadFoupStatus uuid=106 len=23
frame=01 04 12 74 40 65 61 0B 59 E2 11 68 98 1B 46 8B 89 69 72 87 F3 E8 B0
[2026-04-17 09:26:05] [INFO] [发送] 09:26:05.384 设备ID=12053 module=PERIODIC id=ReadFoupStatus uuid=106 sendCount=1/1 timeout=1000ms crc=30 0C len=8
frame=01 04 00 00 00 09 30 0C
[2026-04-17 09:26:05] [INFO] [接收-帧] 09:26:05.459 设备ID=12053 module=PERIODIC id=ReadFoupStatus uuid=106 len=23
frame=01 04 12 A3 B2 80 18 48 C6 C5 3A D3 18 0B 24 A1 D6 B7 92 5A 4B 7E 1E
[2026-04-17 09:26:06] [INFO] [发送] 09:26:06.449 设备ID=12053 module=PERIODIC id=ReadFoupStatus uuid=106 sendCount=1/1 timeout=1000ms crc=30 0C len=8
frame=01 04 00 00 00 09 30 0C
[2026-04-17 09:26:06] [INFO] [接收-帧] 09:26:06.651 设备ID=12053 module=PERIODIC id=ReadFoupStatus uuid=106 len=23
frame=01 04 12 FA 39 03 D5 5E 08 79 F9 98 4A 2E 15 28 02 17 1B 70 05 10 3C
[2026-04-17 09:26:07] [INFO] [发送] 09:26:07.721 设备ID=12053 module=PERIODIC id=ReadFoupStatus uuid=106 sendCount=1/1 timeout=1000ms crc=30 0C len=8
frame=01 04 00 00 00 09 30 0C
[2026-04-17 09:26:07] [INFO] [接收-帧] 09:26:07.764 设备ID=12053 module=PERIODIC id=ReadFoupStatus uuid=106 len=23
frame=01 04 12 C2 37 D1 DD C8 A2 16 52 FB E7 16 89 38 49 48 58 2F A0 21 0E
[2026-04-17 09:26:08] [INFO] [发送] 09:26:08.762 设备ID=12053 module=PERIODIC id=ReadFoupStatus uuid=106 sendCount=1/1 timeout=1000ms crc=30 0C len=8
frame=01 04 00 00 00 09 30 0C
[2026-04-17 09:26:08] [INFO] [接收-帧] 09:26:08.851 设备ID=12053 module=PERIODIC id=ReadFoupStatus uuid=106 len=23
frame=01 04 12 B8 BC 6B C2 68 A2 14 88 77 D7 F4 E0 21 67 3A C7 92 15 E6 4D
[2026-04-17 09:26:09] [INFO] [发送] 09:26:09.837 设备ID=12053 module=PERIODIC id=ReadFoupStatus uuid=106 sendCount=1/1 timeout=1000ms crc=30 0C len=8
frame=01 04 00 00 00 09 30 0C
[2026-04-17 09:26:09] [INFO] [接收-帧] 09:26:09.937 设备ID=12053 module=PERIODIC id=ReadFoupStatus uuid=106 len=23
frame=01 04 12 1F 47 BD 29 E4 A6 D1 C0 9C 25 CE CC A6 E8 53 C6 DA 3C 36 1A
[2026-04-17 09:26:10] [INFO] [发送] 09:26:10.936 设备ID=12053 module=PERIODIC id=ReadFoupStatus uuid=106 sendCount=1/1 timeout=1000ms crc=30 0C len=8
frame=01 04 00 00 00 09 30 0C
[2026-04-17 09:26:11] [INFO] [接收-帧] 09:26:11.033 设备ID=12053 module=PERIODIC id=ReadFoupStatus uuid=106 len=23
frame=01 04 12 85 BA FA B3 29 5C 58 16 70 29 90 44 45 52 CE E9 B3 74 5F 61
[2026-04-17 09:26:12] [INFO] [发送] 09:26:12.036 设备ID=12053 module=PERIODIC id=ReadFoupStatus uuid=106 sendCount=1/1 timeout=1000ms crc=30 0C len=8
frame=01 04 00 00 00 09 30 0C
[2026-04-17 09:26:12] [INFO] [接收-帧] 09:26:12.133 设备ID=12053 module=PERIODIC id=ReadFoupStatus uuid=106 len=23
frame=01 04 12 5B BE E2 0F A6 88 99 E5 52 85 E9 F8 CA 82 36 C6 07 7C A3 F6
[2026-04-17 09:26:13] [INFO] [发送] 09:26:13.143 设备ID=12053 module=PERIODIC id=ReadFoupStatus uuid=106 sendCount=1/1 timeout=1000ms crc=30 0C len=8
frame=01 04 00 00 00 09 30 0C
[2026-04-17 09:26:13] [INFO] [接收-帧] 09:26:13.222 设备ID=12053 module=PERIODIC id=ReadFoupStatus uuid=106 len=23
frame=01 04 12 96 16 94 A1 A6 C1 C6 2B C4 D9 EE 27 1D 08 91 83 5B 9A A4 10
[2026-04-17 09:26:14] [INFO] [发送] 09:26:14.225 设备ID=12053 module=PERIODIC id=ReadFoupStatus uuid=106 sendCount=1/1 timeout=1000ms crc=30 0C len=8
frame=01 04 00 00 00 09 30 0C
[2026-04-17 09:26:14] [INFO] [接收-帧] 09:26:14.314 设备ID=12053 module=PERIODIC id=ReadFoupStatus uuid=106 len=23
frame=01 04 12 AA A8 16 49 43 91 9E 68 5D A1 29 C8 5F 5E A6 35 35 40 AC C7
[2026-04-17 09:26:15] [INFO] [发送] 09:26:15.644 设备ID=12053 module=PERIODIC id=ReadFoupStatus uuid=106 sendCount=1/1 timeout=1000ms crc=30 0C len=8
frame=01 04 00 00 00 09 30 0C
[2026-04-17 09:26:15] [INFO] [接收-帧] 09:26:15.739 设备ID=12053 module=PERIODIC id=ReadFoupStatus uuid=106 len=23
frame=01 04 12 BD 5B 20 30 25 41 E9 8E 33 57 1D E3 EE 64 09 2E 4F 42 C3 74
[2026-04-17 09:26:16] [INFO] [发送] 09:26:16.734 设备ID=12053 module=PERIODIC id=ReadFoupStatus uuid=106 sendCount=1/1 timeout=1000ms crc=30 0C len=8
frame=01 04 00 00 00 09 30 0C
[2026-04-17 09:26:16] [INFO] [接收-帧] 09:26:16.828 设备ID=12053 module=PERIODIC id=ReadFoupStatus uuid=106 len=23
frame=01 04 12 23 12 48 24 26 09 1B 1A 83 37 EC 12 1D 1D 39 56 2D 8D 0E DC
[2026-04-17 09:26:17] [INFO] [发送] 09:26:17.829 设备ID=12053 module=PERIODIC id=ReadFoupStatus uuid=106 sendCount=1/1 timeout=1000ms crc=30 0C len=8
frame=01 04 00 00 00 09 30 0C
[2026-04-17 09:26:18] [INFO] [接收-帧] 09:26:18.161 设备ID=12053 module=PERIODIC id=ReadFoupStatus uuid=106 len=23
frame=01 04 12 F3 78 37 38 9B 4D 1F 06 73 75 DF 71 B4 D9 92 43 60 E1 43 34
[2026-04-17 09:26:19] [INFO] [发送] 09:26:19.152 设备ID=12053 module=PERIODIC id=ReadFoupStatus uuid=106 sendCount=1/1 timeout=1000ms crc=30 0C len=8
frame=01 04 00 00 00 09 30 0C
[2026-04-17 09:26:19] [INFO] [接收-帧] 09:26:19.233 设备ID=12053 module=PERIODIC id=ReadFoupStatus uuid=106 len=23
frame=01 04 12 1F 9A 67 59 C6 50 64 DB E2 C3 3D C5 AD 15 2C 55 E4 C2 43 F1
[2026-04-17 09:26:20] [INFO] [发送] 09:26:20.236 设备ID=12053 module=PERIODIC id=ReadFoupStatus uuid=106 sendCount=1/1 timeout=1000ms crc=30 0C len=8
frame=01 04 00 00 00 09 30 0C
[2026-04-17 09:26:20] [INFO] [接收-帧] 09:26:20.330 设备ID=12053 module=PERIODIC id=ReadFoupStatus uuid=106 len=23
frame=01 04 12 4F A7 7B 9E AA C5 FE 4E 8A 57 28 B8 7F 48 52 4F EF B1 3B AB
[2026-04-17 09:26:21] [INFO] [发送] 09:26:21.370 设备ID=12053 module=PERIODIC id=ReadFoupStatus uuid=106 sendCount=1/1 timeout=1000ms crc=30 0C len=8
frame=01 04 00 00 00 09 30 0C
[2026-04-17 09:26:21] [INFO] [接收-帧] 09:26:21.421 设备ID=12053 module=PERIODIC id=ReadFoupStatus uuid=106 len=23
frame=01 04 12 F0 4E 2F 2A 3E 0C 77 DB D7 41 65 EA 2E 4A 3C 27 7A 38 C5 73
[2026-04-17 09:26:22] [INFO] [发送] 09:26:22.919 设备ID=12053 module=PERIODIC id=ReadFoupStatus uuid=106 sendCount=1/1 timeout=1000ms crc=30 0C len=8
frame=01 04 00 00 00 09 30 0C
[2026-04-17 09:26:22] [INFO] [接收-帧] 09:26:22.952 设备ID=12053 module=PERIODIC id=ReadFoupStatus uuid=106 len=23
frame=01 04 12 5C 61 F8 24 D7 CC DA B4 27 8F 46 21 F7 44 3D A0 39 EF 4B AA
[2026-04-17 09:26:23] [INFO] [发送] 09:26:23.950 设备ID=12053 module=PERIODIC id=ReadFoupStatus uuid=106 sendCount=1/1 timeout=1000ms crc=30 0C len=8
frame=01 04 00 00 00 09 30 0C
[2026-04-17 09:26:24] [INFO] [接收-帧] 09:26:24.045 设备ID=12053 module=PERIODIC id=ReadFoupStatus uuid=106 len=23
frame=01 04 12 E0 A0 F9 9E 1D 00 3A AD F9 41 63 12 ED 64 FE BF 25 C4 08 49
[2026-04-17 09:26:25] [INFO] [发送] 09:26:25.604 设备ID=12053 module=PERIODIC id=ReadFoupStatus uuid=106 sendCount=1/1 timeout=1000ms crc=30 0C len=8
frame=01 04 00 00 00 09 30 0C
[2026-04-17 09:26:25] [INFO] [接收-帧] 09:26:25.751 设备ID=12053 module=PERIODIC id=ReadFoupStatus uuid=106 len=23
frame=01 04 12 F5 2D 77 65 59 66 C9 1B 0E 7F 14 9A BA 58 4A A4 AB 7F B9 A4
[2026-04-17 09:26:26] [INFO] [发送] 09:26:26.825 设备ID=12053 module=PERIODIC id=ReadFoupStatus uuid=106 sendCount=1/1 timeout=1000ms crc=30 0C len=8
frame=01 04 00 00 00 09 30 0C
[2026-04-17 09:26:27] [INFO] [接收-帧] 09:26:27.216 设备ID=12053 module=PERIODIC id=ReadFoupStatus uuid=106 len=23
frame=01 04 12 AF 75 CF 14 BD F1 59 46 14 75 AA 50 C9 5B 28 EA 23 F2 0D 1C
[2026-04-17 09:26:28] [INFO] [发送] 09:26:28.230 设备ID=12053 module=PERIODIC id=ReadFoupStatus uuid=106 sendCount=1/1 timeout=1000ms crc=30 0C len=8
frame=01 04 00 00 00 09 30 0C
[2026-04-17 09:26:28] [INFO] [接收-帧] 09:26:28.355 设备ID=12053 module=PERIODIC id=ReadFoupStatus uuid=106 len=23
frame=01 04 12 33 A0 44 92 F5 EA 0E 14 A3 47 07 2D F2 D9 08 8A BD E4 DD 71
[2026-04-17 09:26:29] [INFO] [发送] 09:26:29.401 设备ID=12053 module=PERIODIC id=ReadFoupStatus uuid=106 sendCount=1/1 timeout=1000ms crc=30 0C len=8
frame=01 04 00 00 00 09 30 0C
[2026-04-17 09:26:29] [INFO] [接收-帧] 09:26:29.410 设备ID=12053 module=PERIODIC id=ReadFoupStatus uuid=106 len=23
frame=01 04 12 ED D5 BB C9 C0 2F 6F 24 9B DF C1 2A A7 BA 71 9A A9 F6 FE E0
[2026-04-17 09:26:30] [INFO] [发送] 09:26:30.410 设备ID=12053 module=PERIODIC id=ReadFoupStatus uuid=106 sendCount=1/1 timeout=1000ms crc=30 0C len=8
frame=01 04 00 00 00 09 30 0C
[2026-04-17 09:26:30] [INFO] [接收-帧] 09:26:30.504 设备ID=12053 module=PERIODIC id=ReadFoupStatus uuid=106 len=23
frame=01 04 12 42 69 A4 B0 12 15 DA F8 31 85 35 7B 4E EF 5E 7C BD 4D AA 74
[2026-04-17 09:26:31] [INFO] [发送] 09:26:31.734 设备ID=12053 module=PERIODIC id=ReadFoupStatus uuid=106 sendCount=1/1 timeout=1000ms crc=30 0C len=8
frame=01 04 00 00 00 09 30 0C
[2026-04-17 09:26:31] [INFO] [接收-帧] 09:26:31.816 设备ID=12053 module=PERIODIC id=ReadFoupStatus uuid=106 len=23
frame=01 04 12 F0 E8 0C C7 CD 76 DB 8C 7B C3 54 D2 D1 BE 16 BF 20 B6 A5 10
[2026-04-17 09:26:32] [INFO] [发送] 09:26:32.812 设备ID=12053 module=PERIODIC id=ReadFoupStatus uuid=106 sendCount=1/1 timeout=1000ms crc=30 0C len=8
frame=01 04 00 00 00 09 30 0C
[2026-04-17 09:26:32] [INFO] [接收-帧] 09:26:32.912 设备ID=12053 module=PERIODIC id=ReadFoupStatus uuid=106 len=23
frame=01 04 12 CD 10 F7 1B 97 6C C1 59 5C 1F 81 D9 E2 49 AC 5D 29 67 84 A1
[2026-04-17 09:26:33] [INFO] [发送] 09:26:33.910 设备ID=12053 module=PERIODIC id=ReadFoupStatus uuid=106 sendCount=1/1 timeout=1000ms crc=30 0C len=8
frame=01 04 00 00 00 09 30 0C
[2026-04-17 09:26:34] [INFO] [接收-帧] 09:26:34.004 设备ID=12053 module=PERIODIC id=ReadFoupStatus uuid=106 len=23
frame=01 04 12 C7 EE 5D 8D F1 B1 89 33 27 FC 1C 7F 1E 7A 78 2F C4 E4 3F 3E
[2026-04-17 09:26:35] [INFO] [发送] 09:26:35.075 设备ID=12053 module=PERIODIC id=ReadFoupStatus uuid=106 sendCount=1/1 timeout=1000ms crc=30 0C len=8
frame=01 04 00 00 00 09 30 0C
[2026-04-17 09:26:35] [INFO] [接收-帧] 09:26:35.099 设备ID=12053 module=PERIODIC id=ReadFoupStatus uuid=106 len=23
frame=01 04 12 FF 75 3E 18 34 8E 9B 38 A8 8B 63 D9 B5 82 94 1A F7 F9 A4 F0
[2026-04-17 09:26:36] [INFO] [发送] 09:26:36.095 设备ID=12053 module=PERIODIC id=ReadFoupStatus uuid=106 sendCount=1/1 timeout=1000ms crc=30 0C len=8
frame=01 04 00 00 00 09 30 0C
[2026-04-17 09:26:36] [INFO] [接收-帧] 09:26:36.193 设备ID=12053 module=PERIODIC id=ReadFoupStatus uuid=106 len=23
frame=01 04 12 24 31 90 3D CF BA 7C 25 71 F3 25 35 2D 9E FE 2B 00 B7 11 B2
[2026-04-17 09:26:37] [INFO] [发送] 09:26:37.183 设备ID=12053 module=PERIODIC id=ReadFoupStatus uuid=106 sendCount=1/1 timeout=1000ms crc=30 0C len=8
frame=01 04 00 00 00 09 30 0C
[2026-04-17 09:26:37] [INFO] [接收-帧] 09:26:37.297 设备ID=12053 module=PERIODIC id=ReadFoupStatus uuid=106 len=23
frame=01 04 12 4F 43 E3 85 D4 8A 3A 79 7F D6 56 CE 35 57 8A 20 C9 A8 21 23
[2026-04-17 09:26:38] [INFO] [发送] 09:26:38.306 设备ID=12053 module=PERIODIC id=ReadFoupStatus uuid=106 sendCount=1/1 timeout=1000ms crc=30 0C len=8
frame=01 04 00 00 00 09 30 0C
[2026-04-17 09:26:38] [INFO] [接收-帧] 09:26:38.377 设备ID=12053 module=PERIODIC id=ReadFoupStatus uuid=106 len=23
frame=01 04 12 5E 16 9A 22 D5 C7 69 7B FA 88 F7 F1 1A 2C 30 37 00 E5 3E 62
[2026-04-17 09:26:39] [INFO] [发送] 09:26:39.376 设备ID=12053 module=PERIODIC id=ReadFoupStatus uuid=106 sendCount=1/1 timeout=1000ms crc=30 0C len=8
frame=01 04 00 00 00 09 30 0C
[2026-04-17 09:26:39] [INFO] [接收-帧] 09:26:39.468 设备ID=12053 module=PERIODIC id=ReadFoupStatus uuid=106 len=23
frame=01 04 12 ED 59 2F 6E 08 1C 4B EB DC 03 CE 7F FA 27 83 FC 9A FB 3B 0F
[2026-04-17 09:26:40] [INFO] [发送] 09:26:40.494 设备ID=12053 module=PERIODIC id=ReadFoupStatus uuid=106 sendCount=1/1 timeout=1000ms crc=30 0C len=8
frame=01 04 00 00 00 09 30 0C
[2026-04-17 09:26:40] [INFO] [接收-帧] 09:26:40.564 设备ID=12053 module=PERIODIC id=ReadFoupStatus uuid=106 len=23
frame=01 04 12 8F 8B 74 A3 F3 56 53 0E BC 44 EE 00 0B F4 73 D2 35 D2 93 F6
[2026-04-17 09:26:41] [INFO] [发送] 09:26:41.609 设备ID=12053 module=PERIODIC id=ReadFoupStatus uuid=106 sendCount=1/1 timeout=1000ms crc=30 0C len=8
frame=01 04 00 00 00 09 30 0C
[2026-04-17 09:26:41] [INFO] [接收-帧] 09:26:41.702 设备ID=12053 module=PERIODIC id=ReadFoupStatus uuid=106 len=23
frame=01 04 12 1C 7F F4 F3 F2 F0 32 9D B7 7C 03 D0 9C 25 E6 C0 0B 18 DE 61
[2026-04-17 09:26:42] [INFO] [发送] 09:26:42.710 设备ID=12053 module=PERIODIC id=ReadFoupStatus uuid=106 sendCount=1/1 timeout=1000ms crc=30 0C len=8
frame=01 04 00 00 00 09 30 0C
[2026-04-17 09:26:42] [INFO] [接收-帧] 09:26:42.845 设备ID=12053 module=PERIODIC id=ReadFoupStatus uuid=106 len=23
frame=01 04 12 47 39 CB 4B 70 DF CF 1D AF 44 FB 51 89 71 24 82 4C 53 99 7A
[2026-04-17 09:26:43] [INFO] [发送] 09:26:43.857 设备ID=12053 module=PERIODIC id=ReadFoupStatus uuid=106 sendCount=1/1 timeout=1000ms crc=30 0C len=8
frame=01 04 00 00 00 09 30 0C
[2026-04-17 09:26:43] [INFO] [接收-帧] 09:26:43.952 设备ID=12053 module=PERIODIC id=ReadFoupStatus uuid=106 len=23
frame=01 04 12 82 5A 7E A8 BD 43 D8 7E 26 19 B6 F3 8F 17 1D 1C 74 86 23 5E
[2026-04-17 09:26:44] [INFO] [发送] 09:26:44.951 设备ID=12053 module=PERIODIC id=ReadFoupStatus uuid=106 sendCount=1/1 timeout=1000ms crc=30 0C len=8
frame=01 04 00 00 00 09 30 0C
[2026-04-17 09:26:45] [INFO] [接收-帧] 09:26:45.048 设备ID=12053 module=PERIODIC id=ReadFoupStatus uuid=106 len=23
frame=01 04 12 CF 8B 3B 0F 41 2E FC E4 4C F4 6B 35 49 64 36 41 69 33 E3 51
[2026-04-17 09:26:46] [INFO] [发送] 09:26:46.064 设备ID=12053 module=PERIODIC id=ReadFoupStatus uuid=106 sendCount=1/1 timeout=1000ms crc=30 0C len=8
frame=01 04 00 00 00 09 30 0C
[2026-04-17 09:26:46] [INFO] [接收-帧] 09:26:46.146 设备ID=12053 module=PERIODIC id=ReadFoupStatus uuid=106 len=23
frame=01 04 12 35 3F 78 87 4B 5F 0D BA 65 B3 D0 A8 7A 18 AE 5B F4 31 72 2E
[2026-04-17 09:26:47] [INFO] [发送] 09:26:47.136 设备ID=12053 module=PERIODIC id=ReadFoupStatus uuid=106 sendCount=1/1 timeout=1000ms crc=30 0C len=8
frame=01 04 00 00 00 09 30 0C
[2026-04-17 09:26:47] [INFO] [接收-帧] 09:26:47.239 设备ID=12053 module=PERIODIC id=ReadFoupStatus uuid=106 len=23
frame=01 04 12 21 2A AE 55 AD 1B 73 A4 D7 D6 7E 13 D4 1E 87 BA DC DD 1D D6
[2026-04-17 09:26:48] [INFO] [发送] 09:26:48.251 设备ID=12053 module=PERIODIC id=ReadFoupStatus uuid=106 sendCount=1/1 timeout=1000ms crc=30 0C len=8
frame=01 04 00 00 00 09 30 0C
[2026-04-17 09:26:48] [INFO] [接收-帧] 09:26:48.330 设备ID=12053 module=PERIODIC id=ReadFoupStatus uuid=106 len=23
frame=01 04 12 CB 28 45 1A 6F 4E E2 58 A0 DD 72 58 A9 C5 67 37 ED 35 43 CC
[2026-04-17 09:26:49] [INFO] [发送] 09:26:49.336 设备ID=12053 module=PERIODIC id=ReadFoupStatus uuid=106 sendCount=1/1 timeout=1000ms crc=30 0C len=8
frame=01 04 00 00 00 09 30 0C
[2026-04-17 09:26:49] [INFO] [接收-帧] 09:26:49.420 设备ID=12053 module=PERIODIC id=ReadFoupStatus uuid=106 len=23
frame=01 04 12 05 04 A5 52 28 F4 67 CA 3B D2 C8 02 BF 6F 43 9B 58 F4 F9 81
[2026-04-17 09:26:50] [INFO] [发送] 09:26:50.422 设备ID=12053 module=PERIODIC id=ReadFoupStatus uuid=106 sendCount=1/1 timeout=1000ms crc=30 0C len=8
frame=01 04 00 00 00 09 30 0C
[2026-04-17 09:26:50] [INFO] [接收-帧] 09:26:50.544 设备ID=12053 module=PERIODIC id=ReadFoupStatus uuid=106 len=23
frame=01 04 12 27 0D 76 A1 F8 ED 82 FA D1 E3 C3 71 59 17 C7 B8 AF 92 7F 8D
[2026-04-17 09:26:51] [INFO] [发送] 09:26:51.543 设备ID=12053 module=PERIODIC id=ReadFoupStatus uuid=106 sendCount=1/1 timeout=1000ms crc=30 0C len=8
frame=01 04 00 00 00 09 30 0C
[2026-04-17 09:26:51] [INFO] [接收-帧] 09:26:51.610 设备ID=12053 module=PERIODIC id=ReadFoupStatus uuid=106 len=23
frame=01 04 12 CD 12 BD F3 DE E8 91 E5 55 E1 D3 88 82 D6 CA A4 70 86 9F 30
[2026-04-17 09:26:52] [INFO] [发送] 09:26:52.609 设备ID=12053 module=PERIODIC id=ReadFoupStatus uuid=106 sendCount=1/1 timeout=1000ms crc=30 0C len=8
frame=01 04 00 00 00 09 30 0C
[2026-04-17 09:26:52] [INFO] [接收-帧] 09:26:52.702 设备ID=12053 module=PERIODIC id=ReadFoupStatus uuid=106 len=23
frame=01 04 12 3C 31 F7 F3 CA 44 75 E1 0C 65 76 9A 5E A1 77 DA 4D 4F 4B 21
[2026-04-17 09:26:53] [INFO] [发送] 09:26:53.701 设备ID=12053 module=PERIODIC id=ReadFoupStatus uuid=106 sendCount=1/1 timeout=1000ms crc=30 0C len=8
frame=01 04 00 00 00 09 30 0C
[2026-04-17 09:26:53] [INFO] [接收-帧] 09:26:53.802 设备ID=12053 module=PERIODIC id=ReadFoupStatus uuid=106 len=23
frame=01 04 12 8A 5F EC 0F 38 06 FC 72 08 DA 92 BF B7 1E C8 7A DF 66 55 ED
[2026-04-17 09:26:54] [INFO] [发送] 09:26:54.794 设备ID=12053 module=PERIODIC id=ReadFoupStatus uuid=106 sendCount=1/1 timeout=1000ms crc=30 0C len=8
frame=01 04 00 00 00 09 30 0C
[2026-04-17 09:26:54] [INFO] [接收-帧] 09:26:54.888 设备ID=12053 module=PERIODIC id=ReadFoupStatus uuid=106 len=23
frame=01 04 12 87 D0 CF 52 00 A1 19 1B 07 D4 12 56 7D CC DB EE 0E 42 07 5D
[2026-04-17 09:26:55] [INFO] [发送] 09:26:55.891 设备ID=12053 module=PERIODIC id=ReadFoupStatus uuid=106 sendCount=1/1 timeout=1000ms crc=30 0C len=8
frame=01 04 00 00 00 09 30 0C
[2026-04-17 09:26:55] [INFO] [接收-帧] 09:26:55.987 设备ID=12053 module=PERIODIC id=ReadFoupStatus uuid=106 len=23
frame=01 04 12 13 D6 8E FB 70 1E 8F 2B 01 81 BD 1C 85 57 AE 12 E2 A3 5A 99
[2026-04-17 09:26:56] [INFO] [发送] 09:26:56.989 设备ID=12053 module=PERIODIC id=ReadFoupStatus uuid=106 sendCount=1/1 timeout=1000ms crc=30 0C len=8
frame=01 04 00 00 00 09 30 0C
[2026-04-17 09:26:57] [INFO] [接收-帧] 09:26:57.076 设备ID=12053 module=PERIODIC id=ReadFoupStatus uuid=106 len=23
frame=01 04 12 A9 A4 3E BE 5F D5 29 54 F2 57 53 99 5D 07 53 11 0F 90 09 79
[2026-04-17 09:26:58] [INFO] [发送] 09:26:58.075 设备ID=12053 module=PERIODIC id=ReadFoupStatus uuid=106 sendCount=1/1 timeout=1000ms crc=30 0C len=8
frame=01 04 00 00 00 09 30 0C
[2026-04-17 09:26:58] [INFO] [接收-帧] 09:26:58.172 设备ID=12053 module=PERIODIC id=ReadFoupStatus uuid=106 len=23
frame=01 04 12 0F 84 F5 49 87 1F 9E DF 05 AB 3F DC FA 5C 16 5C 2F DA 1E AB
[2026-04-17 09:26:59] [INFO] [发送] 09:26:59.178 设备ID=12053 module=PERIODIC id=ReadFoupStatus uuid=106 sendCount=1/1 timeout=1000ms crc=30 0C len=8
frame=01 04 00 00 00 09 30 0C
[2026-04-17 09:26:59] [INFO] [接收-帧] 09:26:59.269 设备ID=12053 module=PERIODIC id=ReadFoupStatus uuid=106 len=23
frame=01 04 12 3E 27 4F 8B 20 86 B0 D5 4D FD 0C FF 8E AD C4 60 D4 DF 42 FF
[2026-04-17 09:27:00] [INFO] [发送] 09:27:00.259 设备ID=12053 module=PERIODIC id=ReadFoupStatus uuid=106 sendCount=1/1 timeout=1000ms crc=30 0C len=8
frame=01 04 00 00 00 09 30 0C
[2026-04-17 09:27:00] [INFO] [接收-帧] 09:27:00.359 设备ID=12053 module=PERIODIC id=ReadFoupStatus uuid=106 len=23
frame=01 04 12 83 4E A8 13 3A D9 CD EF 7E 41 00 65 24 9D E8 4D 17 F3 1D 0B
[2026-04-17 09:27:01] [INFO] [发送] 09:27:01.362 设备ID=12053 module=PERIODIC id=ReadFoupStatus uuid=106 sendCount=1/1 timeout=1000ms crc=30 0C len=8
frame=01 04 00 00 00 09 30 0C
[2026-04-17 09:27:01] [INFO] [接收-帧] 09:27:01.454 设备ID=12053 module=PERIODIC id=ReadFoupStatus uuid=106 len=23
frame=01 04 12 31 8B B3 75 FC 42 3D 4C 66 DB 84 F3 A1 F0 E2 0A 26 6A 5F 9B
[2026-04-17 09:27:37] [INFO] [发送] 09:27:37.526 设备ID=12053 module=INITIAL id=ReadVersion uuid=105 sendCount=1/4 timeout=1000ms crc=B1 CD len=8
frame=01 04 00 18 00 01 B1 CD
[2026-04-17 09:27:37] [INFO] [接收-帧] 09:27:37.747 设备ID=12053 module=INITIAL id=ReadVersion uuid=105 len=7
frame=01 04 02 00 00 B9 30
[2026-04-17 09:27:37] [INFO] [发送] 09:27:37.747 设备ID=12053 module=PERIODIC id=ReadFoupStatus uuid=106 sendCount=1/1 timeout=1000ms crc=30 0C len=8
frame=01 04 00 00 00 09 30 0C
[2026-04-17 09:27:37] [INFO] [接收-帧] 09:27:37.843 设备ID=12053 module=PERIODIC id=ReadFoupStatus uuid=106 len=23
frame=01 04 12 7B D7 DC B4 95 66 D1 75 66 B1 80 67 B8 1C 68 97 63 85 FE 58
[2026-04-17 09:27:38] [INFO] [发送] 09:27:38.840 设备ID=12053 module=PERIODIC id=ReadFoupStatus uuid=106 sendCount=1/1 timeout=1000ms crc=30 0C len=8
frame=01 04 00 00 00 09 30 0C
[2026-04-17 09:27:38] [INFO] [接收-帧] 09:27:38.942 设备ID=12053 module=PERIODIC id=ReadFoupStatus uuid=106 len=23
frame=01 04 12 70 58 70 6C E5 86 D0 64 31 2F D0 40 67 4D F5 FA 9E B6 8F F8
[2026-04-17 09:27:39] [INFO] [发送] 09:27:39.937 设备ID=12053 module=PERIODIC id=ReadFoupStatus uuid=106 sendCount=1/1 timeout=1000ms crc=30 0C len=8
frame=01 04 00 00 00 09 30 0C
[2026-04-17 09:27:40] [INFO] [接收-帧] 09:27:40.033 设备ID=12053 module=PERIODIC id=ReadFoupStatus uuid=106 len=23
frame=01 04 12 89 C4 06 AF C2 AF 1F F0 E0 B3 BB D3 F3 8A 58 A9 82 03 A1 B2
[2026-04-17 09:27:41] [INFO] [发送] 09:27:41.025 设备ID=12053 module=PERIODIC id=ReadFoupStatus uuid=106 sendCount=1/1 timeout=1000ms crc=30 0C len=8
frame=01 04 00 00 00 09 30 0C
[2026-04-17 09:27:41] [INFO] [接收-帧] 09:27:41.126 设备ID=12053 module=PERIODIC id=ReadFoupStatus uuid=106 len=23
frame=01 04 12 9E E1 AE 09 F7 6B A3 D3 AB 69 01 8C F8 B7 28 CC 00 E5 B8 56
[2026-04-17 09:27:42] [INFO] [发送] 09:27:42.126 设备ID=12053 module=PERIODIC id=ReadFoupStatus uuid=106 sendCount=1/1 timeout=1000ms crc=30 0C len=8
frame=01 04 00 00 00 09 30 0C
[2026-04-17 09:27:42] [INFO] [接收-帧] 09:27:42.218 设备ID=12053 module=PERIODIC id=ReadFoupStatus uuid=106 len=23
frame=01 04 12 B8 C1 4A 94 89 09 3A 6F 10 6E C1 96 B7 A2 42 38 47 92 D9 3D
[2026-04-17 09:27:43] [INFO] [发送] 09:27:43.213 设备ID=12053 module=PERIODIC id=ReadFoupStatus uuid=106 sendCount=1/1 timeout=1000ms crc=30 0C len=8
frame=01 04 00 00 00 09 30 0C
[2026-04-17 09:27:43] [INFO] [接收-帧] 09:27:43.321 设备ID=12053 module=PERIODIC id=ReadFoupStatus uuid=106 len=23
frame=01 04 12 46 E6 69 69 50 7F E3 A7 BA CA 59 38 BF E2 5B A8 BB 07 0C A4
[2026-04-17 09:27:44] [INFO] [发送] 09:27:44.328 设备ID=12053 module=PERIODIC id=ReadFoupStatus uuid=106 sendCount=1/1 timeout=1000ms crc=30 0C len=8
frame=01 04 00 00 00 09 30 0C
[2026-04-17 09:27:44] [INFO] [接收-帧] 09:27:44.409 设备ID=12053 module=PERIODIC id=ReadFoupStatus uuid=106 len=23
frame=01 04 12 26 95 19 08 BB 4F A3 A8 9D 5D 30 2D DF 75 13 9F CE AF 9D 55
[2026-04-17 09:27:45] [INFO] [发送] 09:27:45.400 设备ID=12053 module=PERIODIC id=ReadFoupStatus uuid=106 sendCount=1/1 timeout=1000ms crc=30 0C len=8
frame=01 04 00 00 00 09 30 0C
[2026-04-17 09:27:45] [INFO] [接收-帧] 09:27:45.501 设备ID=12053 module=PERIODIC id=ReadFoupStatus uuid=106 len=23
frame=01 04 12 77 6D 02 43 BF EC 69 10 D5 1E A2 A2 55 5B 27 03 34 64 D2 ED
[2026-04-17 09:27:46] [INFO] [发送] 09:27:46.496 设备ID=12053 module=PERIODIC id=ReadFoupStatus uuid=106 sendCount=1/1 timeout=1000ms crc=30 0C len=8
frame=01 04 00 00 00 09 30 0C
[2026-04-17 09:27:46] [INFO] [接收-帧] 09:27:46.594 设备ID=12053 module=PERIODIC id=ReadFoupStatus uuid=106 len=23
frame=01 04 12 19 8B C4 E7 7B FD E8 6F DA EA 27 11 ED 75 20 97 6A EE A9 FA
[2026-04-17 09:27:47] [INFO] [发送] 09:27:47.590 设备ID=12053 module=PERIODIC id=ReadFoupStatus uuid=106 sendCount=1/1 timeout=1000ms crc=30 0C len=8
frame=01 04 00 00 00 09 30 0C
[2026-04-17 09:27:47] [INFO] [接收-帧] 09:27:47.687 设备ID=12053 module=PERIODIC id=ReadFoupStatus uuid=106 len=23
frame=01 04 12 CE E1 1E EB 1F DD 33 A0 F8 5F EE 09 76 B0 4B 06 DC 66 1D BB
[2026-04-17 09:27:48] [INFO] [发送] 09:27:48.683 设备ID=12053 module=PERIODIC id=ReadFoupStatus uuid=106 sendCount=1/1 timeout=1000ms crc=30 0C len=8
frame=01 04 00 00 00 09 30 0C
[2026-04-17 09:27:48] [INFO] [接收-帧] 09:27:48.781 设备ID=12053 module=PERIODIC id=ReadFoupStatus uuid=106 len=23
frame=01 04 12 58 72 ED FA DA D0 4C F8 03 90 EF DF 98 B5 44 18 52 04 7E 3E
[2026-04-17 09:27:49] [INFO] [发送] 09:27:49.776 设备ID=12053 module=PERIODIC id=ReadFoupStatus uuid=106 sendCount=1/1 timeout=1000ms crc=30 0C len=8
frame=01 04 00 00 00 09 30 0C
[2026-04-17 09:27:49] [INFO] [接收-帧] 09:27:49.882 设备ID=12053 module=PERIODIC id=ReadFoupStatus uuid=106 len=23
frame=01 04 12 70 C7 1F 10 10 F9 B8 2A 74 4B 2A 02 07 9D 68 07 47 5E D1 AE
[2026-04-17 09:27:50] [INFO] [发送] 09:27:50.877 设备ID=12053 module=PERIODIC id=ReadFoupStatus uuid=106 sendCount=1/1 timeout=1000ms crc=30 0C len=8
frame=01 04 00 00 00 09 30 0C
[2026-04-17 09:27:50] [INFO] [接收-帧] 09:27:50.976 设备ID=12053 module=PERIODIC id=ReadFoupStatus uuid=106 len=23
frame=01 04 12 9C A7 55 63 2A 02 3E 6D 37 C8 BF 2F 4A 80 1A B1 95 9B 9A EA
[2026-04-17 09:31:34] [INFO] [发送] 09:31:34.162 设备ID=12053 module=INITIAL id=ReadVersion uuid=105 sendCount=1/4 timeout=1000ms crc=B1 CD len=8
frame=01 04 00 18 00 01 B1 CD
[2026-04-17 09:31:34] [INFO] [接收-帧] 09:31:34.332 设备ID=12053 module=INITIAL id=ReadVersion uuid=105 len=7
frame=01 04 02 00 00 B9 30
[2026-04-17 09:31:34] [INFO] [发送] 09:31:34.332 设备ID=12053 module=PERIODIC id=ReadFoupStatus uuid=106 sendCount=1/1 timeout=1000ms crc=30 0C len=8
frame=01 04 00 00 00 09 30 0C
[2026-04-17 09:31:34] [INFO] [接收-帧] 09:31:34.378 设备ID=12053 module=PERIODIC id=ReadFoupStatus uuid=106 len=23
frame=01 04 12 C4 B0 F5 F7 11 E7 18 46 8F 6F 13 57 04 48 30 7F FA EF 15 58
[2026-04-17 09:31:35] [INFO] [发送] 09:31:35.372 设备ID=12053 module=PERIODIC id=ReadFoupStatus uuid=106 sendCount=1/1 timeout=1000ms crc=30 0C len=8
frame=01 04 00 00 00 09 30 0C
[2026-04-17 09:31:35] [INFO] [接收-帧] 09:31:35.470 设备ID=12053 module=PERIODIC id=ReadFoupStatus uuid=106 len=23
frame=01 04 12 C5 6B 75 99 DE 21 DA 19 0B A3 D4 57 9B 5C D0 BA 7D 11 0B D7
[2026-04-17 09:31:36] [INFO] [发送] 09:31:36.464 设备ID=12053 module=PERIODIC id=ReadFoupStatus uuid=106 sendCount=1/1 timeout=1000ms crc=30 0C len=8
frame=01 04 00 00 00 09 30 0C
[2026-04-17 09:31:36] [INFO] [接收-帧] 09:31:36.569 设备ID=12053 module=PERIODIC id=ReadFoupStatus uuid=106 len=23
frame=01 04 12 CD 95 7A 1D 68 C3 A5 64 6D 07 0A 69 EA 6A 66 04 4E 76 C9 C7
[2026-04-17 09:31:37] [INFO] [发送] 09:31:37.557 设备ID=12053 module=PERIODIC id=ReadFoupStatus uuid=106 sendCount=1/1 timeout=1000ms crc=30 0C len=8
frame=01 04 00 00 00 09 30 0C
[2026-04-17 09:31:37] [INFO] [接收-帧] 09:31:37.767 设备ID=12053 module=PERIODIC id=ReadFoupStatus uuid=106 len=23
frame=01 04 12 F3 7E F6 32 D1 EC C7 EF BF EE D8 CF 02 BD BA 7D 52 77 BB E2
[2026-04-17 09:31:38] [INFO] [发送] 09:31:38.762 设备ID=12053 module=PERIODIC id=ReadFoupStatus uuid=106 sendCount=1/1 timeout=1000ms crc=30 0C len=8
frame=01 04 00 00 00 09 30 0C
[2026-04-17 09:31:38] [INFO] [接收-帧] 09:31:38.859 设备ID=12053 module=PERIODIC id=ReadFoupStatus uuid=106 len=23
frame=01 04 12 72 17 4C CD 7F 40 D3 4E 37 AF E9 47 5F AC 10 2E 33 8B 00 F3
[2026-04-17 09:31:39] [INFO] [发送] 09:31:39.857 设备ID=12053 module=PERIODIC id=ReadFoupStatus uuid=106 sendCount=1/1 timeout=1000ms crc=30 0C len=8
frame=01 04 00 00 00 09 30 0C
[2026-04-17 09:31:39] [INFO] [接收-帧] 09:31:39.954 设备ID=12053 module=PERIODIC id=ReadFoupStatus uuid=106 len=23
frame=01 04 12 0A 27 77 BE 59 DD 87 21 70 F2 A2 6A 58 62 93 77 96 04 E2 BB
[2026-04-17 09:31:40] [INFO] [发送] 09:31:40.952 设备ID=12053 module=PERIODIC id=ReadFoupStatus uuid=106 sendCount=1/1 timeout=1000ms crc=30 0C len=8
frame=01 04 00 00 00 09 30 0C
[2026-04-17 09:31:41] [INFO] [接收-帧] 09:31:41.051 设备ID=12053 module=PERIODIC id=ReadFoupStatus uuid=106 len=23
frame=01 04 12 4A E9 65 89 B9 E3 59 3C A8 C7 D9 11 11 A7 2B 10 72 5D 75 5F
[2026-04-17 09:31:42] [INFO] [发送] 09:31:42.046 设备ID=12053 module=PERIODIC id=ReadFoupStatus uuid=106 sendCount=1/1 timeout=1000ms crc=30 0C len=8
frame=01 04 00 00 00 09 30 0C
[2026-04-17 09:31:42] [INFO] [接收-帧] 09:31:42.145 设备ID=12053 module=PERIODIC id=ReadFoupStatus uuid=106 len=23
frame=01 04 12 E7 4D 26 71 72 38 5B BB 52 51 F2 30 4C B1 A1 19 7C A4 79 48
[2026-04-17 09:31:43] [INFO] [发送] 09:31:43.141 设备ID=12053 module=PERIODIC id=ReadFoupStatus uuid=106 sendCount=1/1 timeout=1000ms crc=30 0C len=8
frame=01 04 00 00 00 09 30 0C
[2026-04-17 09:31:43] [INFO] [接收-帧] 09:31:43.235 设备ID=12053 module=PERIODIC id=ReadFoupStatus uuid=106 len=23
frame=01 04 12 FD DE 07 ED 1F 00 7A AF ED E4 A8 60 61 F0 B4 22 D6 56 D1 52
[2026-04-17 09:31:44] [INFO] [发送] 09:31:44.236 设备ID=12053 module=PERIODIC id=ReadFoupStatus uuid=106 sendCount=1/1 timeout=1000ms crc=30 0C len=8
frame=01 04 00 00 00 09 30 0C
[2026-04-17 09:31:44] [INFO] [接收-帧] 09:31:44.333 设备ID=12053 module=PERIODIC id=ReadFoupStatus uuid=106 len=23
frame=01 04 12 2C D6 77 64 57 73 ED AF EF 39 08 AC CE 13 10 E0 25 38 6F 54
[2026-04-17 09:31:45] [INFO] [发送] 09:31:45.322 设备ID=12053 module=PERIODIC id=ReadFoupStatus uuid=106 sendCount=1/1 timeout=1000ms crc=30 0C len=8
frame=01 04 00 00 00 09 30 0C
[2026-04-17 09:31:45] [INFO] [接收-帧] 09:31:45.424 设备ID=12053 module=PERIODIC id=ReadFoupStatus uuid=106 len=23
frame=01 04 12 18 41 51 A6 CF 78 74 3C F0 79 76 2D E5 53 63 61 02 C1 08 59
[2026-04-17 09:31:46] [INFO] [发送] 09:31:46.421 设备ID=12053 module=PERIODIC id=ReadFoupStatus uuid=106 sendCount=1/1 timeout=1000ms crc=30 0C len=8
frame=01 04 00 00 00 09 30 0C
[2026-04-17 09:31:46] [INFO] [接收-帧] 09:31:46.521 设备ID=12053 module=PERIODIC id=ReadFoupStatus uuid=106 len=23
frame=01 04 12 C9 9B 73 B0 63 25 19 C6 C6 86 EE 5E 51 48 9A A4 9F 07 7C 45
[2026-04-17 09:31:47] [INFO] [发送] 09:31:47.511 设备ID=12053 module=PERIODIC id=ReadFoupStatus uuid=106 sendCount=1/1 timeout=1000ms crc=30 0C len=8
frame=01 04 00 00 00 09 30 0C
[2026-04-17 09:31:47] [INFO] [接收-帧] 09:31:47.621 设备ID=12053 module=PERIODIC id=ReadFoupStatus uuid=106 len=23
frame=01 04 12 3F B5 39 60 9A A8 AE FF 31 11 DA 72 D7 2B 05 C8 FD 34 4B 99
[2026-04-17 09:31:48] [INFO] [发送] 09:31:48.623 设备ID=12053 module=PERIODIC id=ReadFoupStatus uuid=106 sendCount=1/1 timeout=1000ms crc=30 0C len=8
frame=01 04 00 00 00 09 30 0C
[2026-04-17 09:31:48] [INFO] [接收-帧] 09:31:48.710 设备ID=12053 module=PERIODIC id=ReadFoupStatus uuid=106 len=23
frame=01 04 12 B4 B4 5D A5 36 30 62 30 EC 5B 24 2F A1 01 F4 E3 23 A5 D3 D9
[2026-04-17 09:31:49] [INFO] [发送] 09:31:49.717 设备ID=12053 module=PERIODIC id=ReadFoupStatus uuid=106 sendCount=1/1 timeout=1000ms crc=30 0C len=8
frame=01 04 00 00 00 09 30 0C
[2026-04-17 09:31:49] [INFO] [接收-帧] 09:31:49.799 设备ID=12053 module=PERIODIC id=ReadFoupStatus uuid=106 len=23
frame=01 04 12 53 E4 6E 98 F0 8E 1F 99 8E E0 E1 1E 0C 83 B7 79 F0 05 2F 9B
[2026-04-17 09:31:50] [INFO] [发送] 09:31:50.795 设备ID=12053 module=PERIODIC id=ReadFoupStatus uuid=106 sendCount=1/1 timeout=1000ms crc=30 0C len=8
frame=01 04 00 00 00 09 30 0C
[2026-04-17 09:31:50] [INFO] [接收-帧] 09:31:50.893 设备ID=12053 module=PERIODIC id=ReadFoupStatus uuid=106 len=23
frame=01 04 12 9E B3 CA F0 9B 6D 00 A4 ED E4 6D D4 54 91 01 75 92 5B 45 73
[2026-04-17 09:31:51] [INFO] [发送] 09:31:51.890 设备ID=12053 module=PERIODIC id=ReadFoupStatus uuid=106 sendCount=1/1 timeout=1000ms crc=30 0C len=8
frame=01 04 00 00 00 09 30 0C
[2026-04-17 09:31:51] [INFO] [接收-帧] 09:31:51.991 设备ID=12053 module=PERIODIC id=ReadFoupStatus uuid=106 len=23
frame=01 04 12 49 66 04 17 E7 83 1E 6D 30 A7 05 70 4D 24 45 64 D7 94 F5 0B
[2026-04-17 09:31:52] [INFO] [发送] 09:31:52.981 设备ID=12053 module=PERIODIC id=ReadFoupStatus uuid=106 sendCount=1/1 timeout=1000ms crc=30 0C len=8
frame=01 04 00 00 00 09 30 0C
[2026-04-17 09:31:53] [INFO] [接收-帧] 09:31:53.086 设备ID=12053 module=PERIODIC id=ReadFoupStatus uuid=106 len=23
frame=01 04 12 33 DE 0B 1A 62 A8 D2 9E CE E2 2F 86 9C 8B E8 08 D0 83 52 7D
[2026-04-17 09:31:54] [INFO] [发送] 09:31:54.088 设备ID=12053 module=PERIODIC id=ReadFoupStatus uuid=106 sendCount=1/1 timeout=1000ms crc=30 0C len=8
frame=01 04 00 00 00 09 30 0C
[2026-04-17 09:31:54] [INFO] [接收-帧] 09:31:54.175 设备ID=12053 module=PERIODIC id=ReadFoupStatus uuid=106 len=23
frame=01 04 12 94 D8 0E 2B 7B AC 9A A5 68 14 47 C7 EC 4C F7 F4 3D 79 17 F0
[2026-04-17 09:31:55] [INFO] [发送] 09:31:55.172 设备ID=12053 module=PERIODIC id=ReadFoupStatus uuid=106 sendCount=1/1 timeout=1000ms crc=30 0C len=8
frame=01 04 00 00 00 09 30 0C
[2026-04-17 09:31:55] [INFO] [接收-帧] 09:31:55.270 设备ID=12053 module=PERIODIC id=ReadFoupStatus uuid=106 len=23
frame=01 04 12 D7 E6 85 60 E6 1A 23 00 5A A9 12 01 B3 11 94 57 37 95 6E AE
[2026-04-17 09:31:56] [INFO] [发送] 09:31:56.270 设备ID=12053 module=PERIODIC id=ReadFoupStatus uuid=106 sendCount=1/1 timeout=1000ms crc=30 0C len=8
frame=01 04 00 00 00 09 30 0C
[2026-04-17 09:31:56] [INFO] [接收-帧] 09:31:56.364 设备ID=12053 module=PERIODIC id=ReadFoupStatus uuid=106 len=23
frame=01 04 12 D6 9D 14 C4 86 9C FD EF C6 D5 D7 4A BA F8 4C ED 13 21 22 72
[2026-04-17 09:31:57] [INFO] [发送] 09:31:57.355 设备ID=12053 module=PERIODIC id=ReadFoupStatus uuid=106 sendCount=1/1 timeout=1000ms crc=30 0C len=8
frame=01 04 00 00 00 09 30 0C
[2026-04-17 09:31:57] [INFO] [接收-帧] 09:31:57.459 设备ID=12053 module=PERIODIC id=ReadFoupStatus uuid=106 len=23
frame=01 04 12 08 95 72 9D 16 C9 65 E3 F5 CA 16 F0 37 F4 1B 5D 7A FC D7 08
[2026-04-17 09:31:58] [INFO] [发送] 09:31:58.451 设备ID=12053 module=PERIODIC id=ReadFoupStatus uuid=106 sendCount=1/1 timeout=1000ms crc=30 0C len=8
frame=01 04 00 00 00 09 30 0C
[2026-04-17 09:31:58] [INFO] [接收-帧] 09:31:58.552 设备ID=12053 module=PERIODIC id=ReadFoupStatus uuid=106 len=23
frame=01 04 12 14 07 CA EA 04 49 8D 2B 1D B0 5D 40 1D F6 F2 F6 12 DE 3E EF
[2026-04-17 09:31:59] [INFO] [发送] 09:31:59.542 设备ID=12053 module=PERIODIC id=ReadFoupStatus uuid=106 sendCount=1/1 timeout=1000ms crc=30 0C len=8
frame=01 04 00 00 00 09 30 0C
[2026-04-17 09:31:59] [INFO] [接收-帧] 09:31:59.644 设备ID=12053 module=PERIODIC id=ReadFoupStatus uuid=106 len=23
frame=01 04 12 29 94 4E EE 96 4E 38 B6 3E C9 E7 FD 2B 3D 7F 3C E7 89 FD 36
[2026-04-17 09:32:00] [INFO] [发送] 09:32:00.639 设备ID=12053 module=PERIODIC id=ReadFoupStatus uuid=106 sendCount=1/1 timeout=1000ms crc=30 0C len=8
frame=01 04 00 00 00 09 30 0C
[2026-04-17 09:32:00] [INFO] [接收-帧] 09:32:00.737 设备ID=12053 module=PERIODIC id=ReadFoupStatus uuid=106 len=23
frame=01 04 12 53 11 F8 2E 44 4D 6E 79 4A B8 97 E6 BC 9A BB F5 B0 02 6E E8
[2026-04-17 09:32:01] [INFO] [发送] 09:32:01.735 设备ID=12053 module=PERIODIC id=ReadFoupStatus uuid=106 sendCount=1/1 timeout=1000ms crc=30 0C len=8
frame=01 04 00 00 00 09 30 0C
[2026-04-17 09:32:01] [INFO] [接收-帧] 09:32:01.831 设备ID=12053 module=PERIODIC id=ReadFoupStatus uuid=106 len=23
frame=01 04 12 2A 32 AC 39 C5 8E 13 E5 04 F9 FC 7B 7A A6 AA 7B DB EF 53 F2
[2026-04-17 09:32:02] [INFO] [发送] 09:32:02.834 设备ID=12053 module=PERIODIC id=ReadFoupStatus uuid=106 sendCount=1/1 timeout=1000ms crc=30 0C len=8
frame=01 04 00 00 00 09 30 0C
[2026-04-17 09:32:02] [INFO] [接收-帧] 09:32:02.924 设备ID=12053 module=PERIODIC id=ReadFoupStatus uuid=106 len=23
frame=01 04 12 19 DD CB C0 39 2E 93 6B 33 30 5A 04 1A FA 52 3B 43 87 6C 3F
[2026-04-17 09:32:03] [INFO] [发送] 09:32:03.921 设备ID=12053 module=PERIODIC id=ReadFoupStatus uuid=106 sendCount=1/1 timeout=1000ms crc=30 0C len=8
frame=01 04 00 00 00 09 30 0C
[2026-04-17 09:32:04] [INFO] [接收-帧] 09:32:04.018 设备ID=12053 module=PERIODIC id=ReadFoupStatus uuid=106 len=23
frame=01 04 12 27 3C B4 2C 47 7A 87 31 D9 97 B5 87 DD 0C C4 F1 26 83 CC A5
