[2026-04-17 09:24:09] [INFO] [发送] 09:24:09.341 设备ID=12042 module=INITIAL id=ReadVersion uuid=83 sendCount=1/4 timeout=1000ms crc=B1 CD len=8
frame=01 04 00 18 00 01 B1 CD
[2026-04-17 09:24:10] [INFO] [接收-帧] 09:24:10.186 设备ID=12042 module=INITIAL id=ReadVersion uuid=83 len=7
frame=01 04 02 00 00 B9 30
[2026-04-17 09:24:10] [INFO] [发送] 09:24:10.186 设备ID=12042 module=PERIODIC id=ReadFoupStatus uuid=84 sendCount=1/1 timeout=1000ms crc=30 0C len=8
frame=01 04 00 00 00 09 30 0C
[2026-04-17 09:24:12] [INFO] [发送] 09:24:12.185 设备ID=12042 module=PERIODIC id=ReadFoupStatus uuid=84 sendCount=1/1 timeout=1000ms crc=30 0C len=8
frame=01 04 00 00 00 09 30 0C
[2026-04-17 09:24:14] [INFO] [发送] 09:24:14.286 设备ID=12042 module=PERIODIC id=ReadFoupStatus uuid=84 sendCount=1/1 timeout=1000ms crc=30 0C len=8
frame=01 04 00 00 00 09 30 0C
[2026-04-17 09:24:16] [INFO] [发送] 09:24:16.282 设备ID=12042 module=PERIODIC id=ReadFoupStatus uuid=84 sendCount=1/1 timeout=1000ms crc=30 0C len=8
frame=01 04 00 00 00 09 30 0C
[2026-04-17 09:24:18] [INFO] [发送] 09:24:18.277 设备ID=12042 module=PERIODIC id=ReadFoupStatus uuid=84 sendCount=1/1 timeout=1000ms crc=30 0C len=8
frame=01 04 00 00 00 09 30 0C
[2026-04-17 09:24:20] [INFO] [发送] 09:24:20.278 设备ID=12042 module=PERIODIC id=ReadFoupStatus uuid=84 sendCount=1/1 timeout=1000ms crc=30 0C len=8
frame=01 04 00 00 00 09 30 0C
[2026-04-17 09:24:22] [INFO] [发送] 09:24:22.293 设备ID=12042 module=PERIODIC id=ReadFoupStatus uuid=84 sendCount=1/1 timeout=1000ms crc=30 0C len=8
frame=01 04 00 00 00 09 30 0C
[2026-04-17 09:24:24] [INFO] [发送] 09:24:24.296 设备ID=12042 module=PERIODIC id=ReadFoupStatus uuid=84 sendCount=1/1 timeout=1000ms crc=30 0C len=8
frame=01 04 00 00 00 09 30 0C
[2026-04-17 09:24:26] [INFO] [发送] 09:24:26.303 设备ID=12042 module=PERIODIC id=ReadFoupStatus uuid=84 sendCount=1/1 timeout=1000ms crc=30 0C len=8
frame=01 04 00 00 00 09 30 0C
[2026-04-17 09:24:28] [INFO] [发送] 09:24:28.295 设备ID=12042 module=PERIODIC id=ReadFoupStatus uuid=84 sendCount=1/1 timeout=1000ms crc=30 0C len=8
frame=01 04 00 00 00 09 30 0C
[2026-04-17 09:24:32] [INFO] [发送] 09:24:32.706 设备ID=12042 module=PERIODIC id=ReadFoupStatus uuid=84 sendCount=1/1 timeout=1000ms crc=30 0C len=8
frame=01 04 00 00 00 09 30 0C
[2026-04-17 09:24:34] [INFO] [发送] 09:24:34.704 设备ID=12042 module=PERIODIC id=ReadFoupStatus uuid=84 sendCount=1/1 timeout=1000ms crc=30 0C len=8
frame=01 04 00 00 00 09 30 0C
[2026-04-17 09:24:36] [INFO] [发送] 09:24:36.698 设备ID=12042 module=PERIODIC id=ReadFoupStatus uuid=84 sendCount=1/1 timeout=1000ms crc=30 0C len=8
frame=01 04 00 00 00 09 30 0C
[2026-04-17 09:24:38] [INFO] [发送] 09:24:38.696 设备ID=12042 module=PERIODIC id=ReadFoupStatus uuid=84 sendCount=1/1 timeout=1000ms crc=30 0C len=8
frame=01 04 00 00 00 09 30 0C
[2026-04-17 09:24:40] [INFO] [发送] 09:24:40.704 设备ID=12042 module=PERIODIC id=ReadFoupStatus uuid=84 sendCount=1/1 timeout=1000ms crc=30 0C len=8
frame=01 04 00 00 00 09 30 0C
[2026-04-17 09:24:42] [INFO] [发送] 09:24:42.716 设备ID=12042 module=PERIODIC id=ReadFoupStatus uuid=84 sendCount=1/1 timeout=1000ms crc=30 0C len=8
frame=01 04 00 00 00 09 30 0C
[2026-04-17 09:24:44] [INFO] [发送] 09:24:44.719 设备ID=12042 module=PERIODIC id=ReadFoupStatus uuid=84 sendCount=1/1 timeout=1000ms crc=30 0C len=8
frame=01 04 00 00 00 09 30 0C
[2026-04-17 09:24:48] [INFO] [发送] 09:24:48.125 设备ID=12042 module=PERIODIC id=ReadFoupStatus uuid=84 sendCount=1/1 timeout=1000ms crc=30 0C len=8
frame=01 04 00 00 00 09 30 0C
[2026-04-17 09:24:48] [INFO] [接收-帧] 09:24:48.220 设备ID=12042 module=PERIODIC id=ReadFoupStatus uuid=84 len=23
frame=01 04 12 64 D2 6A 82 A2 F8 A1 FC 72 41 04 C6 CC ED 4C 77 D3 36 08 DD
[2026-04-17 09:24:49] [INFO] [发送] 09:24:49.215 设备ID=12042 module=PERIODIC id=ReadFoupStatus uuid=84 sendCount=1/1 timeout=1000ms crc=30 0C len=8
frame=01 04 00 00 00 09 30 0C
[2026-04-17 09:24:49] [INFO] [接收-帧] 09:24:49.316 设备ID=12042 module=PERIODIC id=ReadFoupStatus uuid=84 len=23
frame=01 04 12 E3 00 41 F9 F3 F0 93 2B E1 43 21 9B 17 5E 09 A0 3B 38 91 CD
[2026-04-17 09:24:50] [INFO] [发送] 09:24:50.381 设备ID=12042 module=PERIODIC id=ReadFoupStatus uuid=84 sendCount=1/1 timeout=1000ms crc=30 0C len=8
frame=01 04 00 00 00 09 30 0C
[2026-04-17 09:24:50] [INFO] [接收-帧] 09:24:50.407 设备ID=12042 module=PERIODIC id=ReadFoupStatus uuid=84 len=23
frame=01 04 12 46 A6 88 B3 38 89 CC 68 60 A7 95 03 9C 81 72 B5 A4 A2 57 87
[2026-04-17 09:24:51] [INFO] [发送] 09:24:51.403 设备ID=12042 module=PERIODIC id=ReadFoupStatus uuid=84 sendCount=1/1 timeout=1000ms crc=30 0C len=8
frame=01 04 00 00 00 09 30 0C
[2026-04-17 09:24:51] [INFO] [接收-帧] 09:24:51.496 设备ID=12042 module=PERIODIC id=ReadFoupStatus uuid=84 len=23
frame=01 04 12 FD 2B B1 F8 86 4F 7D 30 38 D4 4F 7E 99 24 0E 0E EE C3 0D 61
[2026-04-17 09:24:52] [INFO] [发送] 09:24:52.496 设备ID=12042 module=PERIODIC id=ReadFoupStatus uuid=84 sendCount=1/1 timeout=1000ms crc=30 0C len=8
frame=01 04 00 00 00 09 30 0C
[2026-04-17 09:24:52] [INFO] [接收-帧] 09:24:52.591 设备ID=12042 module=PERIODIC id=ReadFoupStatus uuid=84 len=23
frame=01 04 12 E4 11 F7 71 AA D4 69 65 7F D9 CC 3F 05 49 DF 26 A5 1C 49 8E
[2026-04-17 09:24:53] [INFO] [发送] 09:24:53.590 设备ID=12042 module=PERIODIC id=ReadFoupStatus uuid=84 sendCount=1/1 timeout=1000ms crc=30 0C len=8
frame=01 04 00 00 00 09 30 0C
[2026-04-17 09:24:53] [INFO] [接收-帧] 09:24:53.687 设备ID=12042 module=PERIODIC id=ReadFoupStatus uuid=84 len=23
frame=01 04 12 1A 58 0F 0C 3B CB E8 0F 7C C2 5E C7 36 6B F9 38 B5 E6 3F 55
[2026-04-17 09:24:54] [INFO] [发送] 09:24:54.687 设备ID=12042 module=PERIODIC id=ReadFoupStatus uuid=84 sendCount=1/1 timeout=1000ms crc=30 0C len=8
frame=01 04 00 00 00 09 30 0C
[2026-04-17 09:24:54] [INFO] [接收-帧] 09:24:54.779 设备ID=12042 module=PERIODIC id=ReadFoupStatus uuid=84 len=23
frame=01 04 12 05 CB 8E E1 A9 53 13 E6 01 EC 4C 95 C3 2A 8B A6 39 1D 49 F6
[2026-04-17 09:24:55] [INFO] [发送] 09:24:55.777 设备ID=12042 module=PERIODIC id=ReadFoupStatus uuid=84 sendCount=1/1 timeout=1000ms crc=30 0C len=8
frame=01 04 00 00 00 09 30 0C
[2026-04-17 09:24:55] [INFO] [接收-帧] 09:24:55.872 设备ID=12042 module=PERIODIC id=ReadFoupStatus uuid=84 len=23
frame=01 04 12 8D 15 A1 E1 5C 6A DD 5C F1 07 89 1A 29 7D 1C B9 A9 8B 2C C0
[2026-04-17 09:24:56] [INFO] [发送] 09:24:56.874 设备ID=12042 module=PERIODIC id=ReadFoupStatus uuid=84 sendCount=1/1 timeout=1000ms crc=30 0C len=8
frame=01 04 00 00 00 09 30 0C
[2026-04-17 09:24:56] [INFO] [接收-帧] 09:24:56.971 设备ID=12042 module=PERIODIC id=ReadFoupStatus uuid=84 len=23
frame=01 04 12 9D B4 FB 2F 66 C1 76 7B 5D 0F 65 F0 95 B9 01 0B F4 36 D3 EF
[2026-04-17 09:24:57] [INFO] [发送] 09:24:57.966 设备ID=12042 module=PERIODIC id=ReadFoupStatus uuid=84 sendCount=1/1 timeout=1000ms crc=30 0C len=8
frame=01 04 00 00 00 09 30 0C
[2026-04-17 09:24:58] [INFO] [接收-帧] 09:24:58.060 设备ID=12042 module=PERIODIC id=ReadFoupStatus uuid=84 len=23
frame=01 04 12 3C 47 DF D5 9A DF 1B E3 E3 54 F4 D6 48 AA 40 29 8A 98 FE AE
[2026-04-17 09:24:59] [INFO] [发送] 09:24:59.056 设备ID=12042 module=PERIODIC id=ReadFoupStatus uuid=84 sendCount=1/1 timeout=1000ms crc=30 0C len=8
frame=01 04 00 00 00 09 30 0C
[2026-04-17 09:24:59] [INFO] [接收-帧] 09:24:59.156 设备ID=12042 module=PERIODIC id=ReadFoupStatus uuid=84 len=23
frame=01 04 12 18 E9 1B D2 6D EE DE 26 7C CC 0F 54 94 79 60 99 79 A4 23 7D
[2026-04-17 09:25:00] [INFO] [发送] 09:25:00.151 设备ID=12042 module=PERIODIC id=ReadFoupStatus uuid=84 sendCount=1/1 timeout=1000ms crc=30 0C len=8
frame=01 04 00 00 00 09 30 0C
[2026-04-17 09:25:00] [INFO] [接收-帧] 09:25:00.251 设备ID=12042 module=PERIODIC id=ReadFoupStatus uuid=84 len=23
frame=01 04 12 42 41 CC 7B B4 86 99 2D 4E 5D B2 D9 11 AA 16 AC E8 F2 E5 4E
[2026-04-17 09:25:01] [INFO] [发送] 09:25:01.245 设备ID=12042 module=PERIODIC id=ReadFoupStatus uuid=84 sendCount=1/1 timeout=1000ms crc=30 0C len=8
frame=01 04 00 00 00 09 30 0C
[2026-04-17 09:25:01] [INFO] [接收-帧] 09:25:01.342 设备ID=12042 module=PERIODIC id=ReadFoupStatus uuid=84 len=23
frame=01 04 12 9A 95 6B ED A1 EE F9 7D DF 0B 34 94 87 FB 9E BE 58 C3 2D 6B
[2026-04-17 09:25:02] [INFO] [发送] 09:25:02.338 设备ID=12042 module=PERIODIC id=ReadFoupStatus uuid=84 sendCount=1/1 timeout=1000ms crc=30 0C len=8
frame=01 04 00 00 00 09 30 0C
[2026-04-17 09:25:02] [INFO] [接收-帧] 09:25:02.447 设备ID=12042 module=PERIODIC id=ReadFoupStatus uuid=84 len=23
frame=01 04 12 70 CB 6E 83 B8 32 E0 82 6F 6F C1 C8 EC DA C7 19 3F DB 67 08
[2026-04-17 09:25:03] [INFO] [发送] 09:25:03.454 设备ID=12042 module=PERIODIC id=ReadFoupStatus uuid=84 sendCount=1/1 timeout=1000ms crc=30 0C len=8
frame=01 04 00 00 00 09 30 0C
[2026-04-17 09:25:03] [INFO] [接收-帧] 09:25:03.534 设备ID=12042 module=PERIODIC id=ReadFoupStatus uuid=84 len=23
frame=01 04 12 7C D5 19 E3 CD 43 2D 1E AB 3C 6C 98 F7 B8 B2 10 87 CE 9B DB
[2026-04-17 09:25:04] [INFO] [发送] 09:25:04.538 设备ID=12042 module=PERIODIC id=ReadFoupStatus uuid=84 sendCount=1/1 timeout=1000ms crc=30 0C len=8
frame=01 04 00 00 00 09 30 0C
[2026-04-17 09:25:04] [INFO] [接收-帧] 09:25:04.624 设备ID=12042 module=PERIODIC id=ReadFoupStatus uuid=84 len=23
frame=01 04 12 9B D5 95 51 E3 A6 8D AE 54 4D F2 C3 06 8F 44 18 B5 ED FB 53
[2026-04-17 09:25:05] [INFO] [发送] 09:25:05.619 设备ID=12042 module=PERIODIC id=ReadFoupStatus uuid=84 sendCount=1/1 timeout=1000ms crc=30 0C len=8
frame=01 04 00 00 00 09 30 0C
[2026-04-17 09:25:05] [INFO] [接收-帧] 09:25:05.718 设备ID=12042 module=PERIODIC id=ReadFoupStatus uuid=84 len=23
frame=01 04 12 04 BE 19 00 0A 61 B5 54 EA 1A 0C 26 D7 42 05 43 8C 5E A1 BB
[2026-04-17 09:25:06] [INFO] [发送] 09:25:06.718 设备ID=12042 module=PERIODIC id=ReadFoupStatus uuid=84 sendCount=1/1 timeout=1000ms crc=30 0C len=8
frame=01 04 00 00 00 09 30 0C
[2026-04-17 09:25:06] [INFO] [接收-帧] 09:25:06.812 设备ID=12042 module=PERIODIC id=ReadFoupStatus uuid=84 len=23
frame=01 04 12 CD 5C BF AF 14 D2 3E 69 8A 58 DD 77 E0 17 0E 85 FF CF 9D 4A
[2026-04-17 09:25:07] [INFO] [发送] 09:25:07.814 设备ID=12042 module=PERIODIC id=ReadFoupStatus uuid=84 sendCount=1/1 timeout=1000ms crc=30 0C len=8
frame=01 04 00 00 00 09 30 0C
[2026-04-17 09:25:07] [INFO] [接收-帧] 09:25:07.908 设备ID=12042 module=PERIODIC id=ReadFoupStatus uuid=84 len=23
frame=01 04 12 87 BC 34 7D 86 4C 72 98 28 E7 8E BE F5 B1 79 52 34 58 BC B1
[2026-04-17 09:25:08] [INFO] [发送] 09:25:08.902 设备ID=12042 module=PERIODIC id=ReadFoupStatus uuid=84 sendCount=1/1 timeout=1000ms crc=30 0C len=8
frame=01 04 00 00 00 09 30 0C
[2026-04-17 09:25:09] [INFO] [接收-帧] 09:25:09.001 设备ID=12042 module=PERIODIC id=ReadFoupStatus uuid=84 len=23
frame=01 04 12 B0 03 C8 7D 49 7D DB FB 0F C8 13 0A 31 DF 4F C9 33 68 30 C9
[2026-04-17 09:25:09] [INFO] [发送] 09:25:09.992 设备ID=12042 module=PERIODIC id=ReadFoupStatus uuid=84 sendCount=1/1 timeout=1000ms crc=30 0C len=8
frame=01 04 00 00 00 09 30 0C
[2026-04-17 09:25:10] [INFO] [接收-帧] 09:25:10.095 设备ID=12042 module=PERIODIC id=ReadFoupStatus uuid=84 len=23
frame=01 04 12 31 D8 9F 90 38 BD A2 19 A3 6B 87 FD 40 92 3C 4D 63 37 E4 5D
[2026-04-17 09:25:11] [INFO] [发送] 09:25:11.089 设备ID=12042 module=PERIODIC id=ReadFoupStatus uuid=84 sendCount=1/1 timeout=1000ms crc=30 0C len=8
frame=01 04 00 00 00 09 30 0C
[2026-04-17 09:25:11] [INFO] [接收-帧] 09:25:11.190 设备ID=12042 module=PERIODIC id=ReadFoupStatus uuid=84 len=23
frame=01 04 12 1C D0 00 D0 FA 33 CE 85 C3 80 24 BE 7F 4A 5D 4A 2B 20 97 11
[2026-04-17 09:25:12] [INFO] [发送] 09:25:12.180 设备ID=12042 module=PERIODIC id=ReadFoupStatus uuid=84 sendCount=1/1 timeout=1000ms crc=30 0C len=8
frame=01 04 00 00 00 09 30 0C
[2026-04-17 09:25:12] [INFO] [接收-帧] 09:25:12.283 设备ID=12042 module=PERIODIC id=ReadFoupStatus uuid=84 len=23
frame=01 04 12 FE 95 0B 28 65 20 35 E4 32 F1 8E 96 36 D2 BB B7 28 BB B2 73
[2026-04-17 09:25:13] [INFO] [发送] 09:25:13.273 设备ID=12042 module=PERIODIC id=ReadFoupStatus uuid=84 sendCount=1/1 timeout=1000ms crc=30 0C len=8
frame=01 04 00 00 00 09 30 0C
[2026-04-17 09:25:13] [INFO] [接收-帧] 09:25:13.373 设备ID=12042 module=PERIODIC id=ReadFoupStatus uuid=84 len=23
frame=01 04 12 09 3C 91 96 85 FD 4E C0 C3 61 7A 90 E0 16 74 60 EF 26 F3 73
[2026-04-17 09:25:14] [INFO] [发送] 09:25:14.369 设备ID=12042 module=PERIODIC id=ReadFoupStatus uuid=84 sendCount=1/1 timeout=1000ms crc=30 0C len=8
frame=01 04 00 00 00 09 30 0C
[2026-04-17 09:25:14] [INFO] [接收-帧] 09:25:14.468 设备ID=12042 module=PERIODIC id=ReadFoupStatus uuid=84 len=23
frame=01 04 12 AD DA B7 8A 1A AD EE 1E DA 91 8E 05 30 23 7F 08 2C 30 2F 33
[2026-04-17 09:25:15] [INFO] [发送] 09:25:15.462 设备ID=12042 module=PERIODIC id=ReadFoupStatus uuid=84 sendCount=1/1 timeout=1000ms crc=30 0C len=8
frame=01 04 00 00 00 09 30 0C
[2026-04-17 09:25:15] [INFO] [接收-帧] 09:25:15.563 设备ID=12042 module=PERIODIC id=ReadFoupStatus uuid=84 len=23
frame=01 04 12 C8 F5 FA A9 6D 96 25 F0 82 59 17 1B F6 B8 EF 4C 30 47 E1 38
[2026-04-17 09:25:16] [INFO] [发送] 09:25:16.559 设备ID=12042 module=PERIODIC id=ReadFoupStatus uuid=84 sendCount=1/1 timeout=1000ms crc=30 0C len=8
frame=01 04 00 00 00 09 30 0C
[2026-04-17 09:25:16] [INFO] [接收-帧] 09:25:16.661 设备ID=12042 module=PERIODIC id=ReadFoupStatus uuid=84 len=23
frame=01 04 12 BA F5 E4 20 D7 AF AF 31 E7 40 C1 91 5D D3 72 A1 B4 C5 ED 25
[2026-04-17 09:25:17] [INFO] [发送] 09:25:17.648 设备ID=12042 module=PERIODIC id=ReadFoupStatus uuid=84 sendCount=1/1 timeout=1000ms crc=30 0C len=8
frame=01 04 00 00 00 09 30 0C
[2026-04-17 09:25:17] [INFO] [接收-帧] 09:25:17.752 设备ID=12042 module=PERIODIC id=ReadFoupStatus uuid=84 len=23
frame=01 04 12 43 58 D9 2E F5 CD 50 0C 7A EE 23 24 A3 6F 44 BC D8 A7 B7 1D
[2026-04-17 09:25:18] [INFO] [发送] 09:25:18.743 设备ID=12042 module=PERIODIC id=ReadFoupStatus uuid=84 sendCount=1/1 timeout=1000ms crc=30 0C len=8
frame=01 04 00 00 00 09 30 0C
[2026-04-17 09:25:18] [INFO] [接收-帧] 09:25:18.841 设备ID=12042 module=PERIODIC id=ReadFoupStatus uuid=84 len=23
frame=01 04 12 BD 8E 47 BE AB E2 B9 E5 AF AB 53 B4 3D F5 81 22 34 9D AB 21
[2026-04-17 09:25:19] [INFO] [发送] 09:25:19.837 设备ID=12042 module=PERIODIC id=ReadFoupStatus uuid=84 sendCount=1/1 timeout=1000ms crc=30 0C len=8
frame=01 04 00 00 00 09 30 0C
[2026-04-17 09:25:19] [INFO] [接收-帧] 09:25:19.934 设备ID=12042 module=PERIODIC id=ReadFoupStatus uuid=84 len=23
frame=01 04 12 09 75 9A 66 FB 44 FA FF 13 0C D4 9B 87 94 BC 72 86 1A 07 C7
[2026-04-17 09:25:20] [INFO] [发送] 09:25:20.934 设备ID=12042 module=PERIODIC id=ReadFoupStatus uuid=84 sendCount=1/1 timeout=1000ms crc=30 0C len=8
frame=01 04 00 00 00 09 30 0C
[2026-04-17 09:25:21] [INFO] [接收-帧] 09:25:21.034 设备ID=12042 module=PERIODIC id=ReadFoupStatus uuid=84 len=23
frame=01 04 12 2F E9 46 EA ED 02 A9 9C DA D2 9F 2B 6F 8E A8 3C 27 68 66 41
[2026-04-17 09:25:22] [INFO] [发送] 09:25:22.033 设备ID=12042 module=PERIODIC id=ReadFoupStatus uuid=84 sendCount=1/1 timeout=1000ms crc=30 0C len=8
frame=01 04 00 00 00 09 30 0C
[2026-04-17 09:25:22] [INFO] [接收-帧] 09:25:22.124 设备ID=12042 module=PERIODIC id=ReadFoupStatus uuid=84 len=23
frame=01 04 12 5E F4 7B AF 58 B0 C2 58 F4 38 EC D0 C4 C6 BB B9 63 17 24 B1
[2026-04-17 09:25:23] [INFO] [发送] 09:25:23.120 设备ID=12042 module=PERIODIC id=ReadFoupStatus uuid=84 sendCount=1/1 timeout=1000ms crc=30 0C len=8
frame=01 04 00 00 00 09 30 0C
[2026-04-17 09:25:23] [INFO] [接收-帧] 09:25:23.219 设备ID=12042 module=PERIODIC id=ReadFoupStatus uuid=84 len=23
frame=01 04 12 89 2A 86 B8 FC 56 17 DC 62 1C E1 D5 E9 A9 07 54 8C 26 D0 34
[2026-04-17 09:25:24] [INFO] [发送] 09:25:24.216 设备ID=12042 module=PERIODIC id=ReadFoupStatus uuid=84 sendCount=1/1 timeout=1000ms crc=30 0C len=8
frame=01 04 00 00 00 09 30 0C
[2026-04-17 09:25:24] [INFO] [接收-帧] 09:25:24.310 设备ID=12042 module=PERIODIC id=ReadFoupStatus uuid=84 len=23
frame=01 04 12 AE 32 3C F4 8C 82 CD E5 1C C7 EC D6 F8 0A C7 E5 73 66 80 F8
[2026-04-17 09:25:25] [INFO] [发送] 09:25:25.308 设备ID=12042 module=PERIODIC id=ReadFoupStatus uuid=84 sendCount=1/1 timeout=1000ms crc=30 0C len=8
frame=01 04 00 00 00 09 30 0C
[2026-04-17 09:25:25] [INFO] [接收-帧] 09:25:25.406 设备ID=12042 module=PERIODIC id=ReadFoupStatus uuid=84 len=23
frame=01 04 12 0E 49 C8 FB B6 3A 10 BD 37 17 6E E6 30 EE 44 A8 C4 64 1D F3
[2026-04-17 09:25:26] [INFO] [发送] 09:25:26.402 设备ID=12042 module=PERIODIC id=ReadFoupStatus uuid=84 sendCount=1/1 timeout=1000ms crc=30 0C len=8
frame=01 04 00 00 00 09 30 0C
[2026-04-17 09:25:26] [INFO] [接收-帧] 09:25:26.498 设备ID=12042 module=PERIODIC id=ReadFoupStatus uuid=84 len=23
frame=01 04 12 89 D7 D2 7A AB 89 1E 70 2F 5C A3 F7 35 3B DF 28 0F E5 75 E3
[2026-04-17 09:25:27] [INFO] [发送] 09:25:27.492 设备ID=12042 module=PERIODIC id=ReadFoupStatus uuid=84 sendCount=1/1 timeout=1000ms crc=30 0C len=8
frame=01 04 00 00 00 09 30 0C
[2026-04-17 09:25:27] [INFO] [接收-帧] 09:25:27.590 设备ID=12042 module=PERIODIC id=ReadFoupStatus uuid=84 len=23
frame=01 04 12 21 94 5C FB 36 04 4C 81 50 F7 10 52 0C C6 8D F0 05 89 07 FE
[2026-04-17 09:25:28] [INFO] [发送] 09:25:28.592 设备ID=12042 module=PERIODIC id=ReadFoupStatus uuid=84 sendCount=1/1 timeout=1000ms crc=30 0C len=8
frame=01 04 00 00 00 09 30 0C
[2026-04-17 09:25:28] [INFO] [接收-帧] 09:25:28.684 设备ID=12042 module=PERIODIC id=ReadFoupStatus uuid=84 len=23
frame=01 04 12 93 08 C1 14 29 1A 39 F8 66 39 76 F8 DC 0C C6 57 FF 10 0E 15
[2026-04-17 09:25:29] [INFO] [发送] 09:25:29.683 设备ID=12042 module=PERIODIC id=ReadFoupStatus uuid=84 sendCount=1/1 timeout=1000ms crc=30 0C len=8
frame=01 04 00 00 00 09 30 0C
[2026-04-17 09:25:29] [INFO] [接收-帧] 09:25:29.791 设备ID=12042 module=PERIODIC id=ReadFoupStatus uuid=84 len=23
frame=01 04 12 6F C1 47 E4 0C EA C8 21 72 48 7E D9 68 B6 C4 F4 42 37 2C DD
[2026-04-17 09:25:30] [INFO] [发送] 09:25:30.795 设备ID=12042 module=PERIODIC id=ReadFoupStatus uuid=84 sendCount=1/1 timeout=1000ms crc=30 0C len=8
frame=01 04 00 00 00 09 30 0C
[2026-04-17 09:25:30] [INFO] [接收-帧] 09:25:30.877 设备ID=12042 module=PERIODIC id=ReadFoupStatus uuid=84 len=23
frame=01 04 12 C5 A0 A6 48 14 58 72 63 F0 2C 7E C9 6F 4E 6B B1 FA C9 9B F9
[2026-04-17 09:25:31] [INFO] [发送] 09:25:31.875 设备ID=12042 module=PERIODIC id=ReadFoupStatus uuid=84 sendCount=1/1 timeout=1000ms crc=30 0C len=8
frame=01 04 00 00 00 09 30 0C
[2026-04-17 09:25:31] [INFO] [接收-帧] 09:25:31.970 设备ID=12042 module=PERIODIC id=ReadFoupStatus uuid=84 len=23
frame=01 04 12 30 D8 C6 82 59 F2 90 88 09 91 D2 96 64 5E 14 6B A5 CB F9 6C
[2026-04-17 09:25:32] [INFO] [发送] 09:25:32.969 设备ID=12042 module=PERIODIC id=ReadFoupStatus uuid=84 sendCount=1/1 timeout=1000ms crc=30 0C len=8
frame=01 04 00 00 00 09 30 0C
[2026-04-17 09:25:33] [INFO] [接收-帧] 09:25:33.059 设备ID=12042 module=PERIODIC id=ReadFoupStatus uuid=84 len=23
frame=01 04 12 56 66 B4 F1 FC 4F 38 64 5C 4F DE 2F 41 A5 30 C7 78 58 58 EC
[2026-04-17 09:25:34] [INFO] [发送] 09:25:34.062 设备ID=12042 module=PERIODIC id=ReadFoupStatus uuid=84 sendCount=1/1 timeout=1000ms crc=30 0C len=8
frame=01 04 00 00 00 09 30 0C
[2026-04-17 09:25:34] [INFO] [接收-帧] 09:25:34.153 设备ID=12042 module=PERIODIC id=ReadFoupStatus uuid=84 len=23
frame=01 04 12 9C BA 55 6B 8F CD C9 2B 69 4C 67 4C A1 76 53 6B 37 09 38 B8
[2026-04-17 09:25:35] [INFO] [发送] 09:25:35.156 设备ID=12042 module=PERIODIC id=ReadFoupStatus uuid=84 sendCount=1/1 timeout=1000ms crc=30 0C len=8
frame=01 04 00 00 00 09 30 0C
[2026-04-17 09:25:35] [INFO] [接收-帧] 09:25:35.252 设备ID=12042 module=PERIODIC id=ReadFoupStatus uuid=84 len=23
frame=01 04 12 2D A5 2B 66 0C 43 70 41 E7 A1 4D 1A 46 FA CE D6 27 50 C6 B6
[2026-04-17 09:25:36] [INFO] [发送] 09:25:36.244 设备ID=12042 module=PERIODIC id=ReadFoupStatus uuid=84 sendCount=1/1 timeout=1000ms crc=30 0C len=8
frame=01 04 00 00 00 09 30 0C
[2026-04-17 09:25:36] [INFO] [接收-帧] 09:25:36.344 设备ID=12042 module=PERIODIC id=ReadFoupStatus uuid=84 len=23
frame=01 04 12 5E 84 3B 54 B3 2C 36 0D B6 43 F2 B0 0E 28 76 B3 4E 5B BC 70
[2026-04-17 09:25:37] [INFO] [发送] 09:25:37.337 设备ID=12042 module=PERIODIC id=ReadFoupStatus uuid=84 sendCount=1/1 timeout=1000ms crc=30 0C len=8
frame=01 04 00 00 00 09 30 0C
[2026-04-17 09:25:37] [INFO] [接收-帧] 09:25:37.441 设备ID=12042 module=PERIODIC id=ReadFoupStatus uuid=84 len=23
frame=01 04 12 6F B2 7A 8E C3 35 1D 9C F4 E1 AD CB 0D 38 AA 73 7A 8C 10 A5
[2026-04-17 09:25:38] [INFO] [发送] 09:25:38.433 设备ID=12042 module=PERIODIC id=ReadFoupStatus uuid=84 sendCount=1/1 timeout=1000ms crc=30 0C len=8
frame=01 04 00 00 00 09 30 0C
[2026-04-17 09:25:38] [INFO] [接收-帧] 09:25:38.533 设备ID=12042 module=PERIODIC id=ReadFoupStatus uuid=84 len=23
frame=01 04 12 CA F0 B2 8E B1 A5 EB 43 C1 E5 36 DD F3 E2 63 00 0E 61 FD A3
[2026-04-17 09:25:39] [INFO] [发送] 09:25:39.526 设备ID=12042 module=PERIODIC id=ReadFoupStatus uuid=84 sendCount=1/1 timeout=1000ms crc=30 0C len=8
frame=01 04 00 00 00 09 30 0C
[2026-04-17 09:25:39] [INFO] [接收-帧] 09:25:39.625 设备ID=12042 module=PERIODIC id=ReadFoupStatus uuid=84 len=23
frame=01 04 12 94 D0 31 F7 DB A3 0C 66 42 7D 80 60 3B F4 B2 3E 29 4C A1 97
[2026-04-17 09:25:40] [INFO] [发送] 09:25:40.622 设备ID=12042 module=PERIODIC id=ReadFoupStatus uuid=84 sendCount=1/1 timeout=1000ms crc=30 0C len=8
frame=01 04 00 00 00 09 30 0C
[2026-04-17 09:25:40] [INFO] [接收-帧] 09:25:40.717 设备ID=12042 module=PERIODIC id=ReadFoupStatus uuid=84 len=23
frame=01 04 12 F2 19 F7 CC 4C C2 73 46 65 9F BD 08 B9 B4 A9 B2 68 2A B9 95
[2026-04-17 09:25:41] [INFO] [发送] 09:25:41.713 设备ID=12042 module=PERIODIC id=ReadFoupStatus uuid=84 sendCount=1/1 timeout=1000ms crc=30 0C len=8
frame=01 04 00 00 00 09 30 0C
[2026-04-17 09:25:41] [INFO] [接收-帧] 09:25:41.812 设备ID=12042 module=PERIODIC id=ReadFoupStatus uuid=84 len=23
frame=01 04 12 CA 83 61 F0 4F AA 7F D7 A3 1C 01 D5 86 1B 60 30 0C C1 6B B8
[2026-04-17 09:25:42] [INFO] [发送] 09:25:42.807 设备ID=12042 module=PERIODIC id=ReadFoupStatus uuid=84 sendCount=1/1 timeout=1000ms crc=30 0C len=8
frame=01 04 00 00 00 09 30 0C
[2026-04-17 09:25:42] [INFO] [接收-帧] 09:25:42.905 设备ID=12042 module=PERIODIC id=ReadFoupStatus uuid=84 len=23
frame=01 04 12 09 81 DA 98 F8 62 1A 26 DB D4 B9 D8 75 9C 2A FD 5B 05 04 0F
[2026-04-17 09:25:43] [INFO] [发送] 09:25:43.901 设备ID=12042 module=PERIODIC id=ReadFoupStatus uuid=84 sendCount=1/1 timeout=1000ms crc=30 0C len=8
frame=01 04 00 00 00 09 30 0C
[2026-04-17 09:25:44] [INFO] [接收-帧] 09:25:44.000 设备ID=12042 module=PERIODIC id=ReadFoupStatus uuid=84 len=23
frame=01 04 12 D7 33 9C B1 26 5D 6A FB AE A0 E3 C2 F9 E8 E6 74 0A 07 0E B0
[2026-04-17 09:25:44] [INFO] [发送] 09:25:44.992 设备ID=12042 module=PERIODIC id=ReadFoupStatus uuid=84 sendCount=1/1 timeout=1000ms crc=30 0C len=8
frame=01 04 00 00 00 09 30 0C
[2026-04-17 09:25:45] [INFO] [接收-帧] 09:25:45.097 设备ID=12042 module=PERIODIC id=ReadFoupStatus uuid=84 len=23
frame=01 04 12 31 5D 1A B0 C6 6F BE 27 13 D7 53 B1 B2 88 78 93 6B FC 51 13
[2026-04-17 09:25:46] [INFO] [发送] 09:25:46.086 设备ID=12042 module=PERIODIC id=ReadFoupStatus uuid=84 sendCount=1/1 timeout=1000ms crc=30 0C len=8
frame=01 04 00 00 00 09 30 0C
[2026-04-17 09:25:46] [INFO] [接收-帧] 09:25:46.185 设备ID=12042 module=PERIODIC id=ReadFoupStatus uuid=84 len=23
frame=01 04 12 6F 5A F6 87 37 7C DE 45 38 DB B0 FD 89 9D 4F 06 04 66 49 85
[2026-04-17 09:25:47] [INFO] [发送] 09:25:47.186 设备ID=12042 module=PERIODIC id=ReadFoupStatus uuid=84 sendCount=1/1 timeout=1000ms crc=30 0C len=8
frame=01 04 00 00 00 09 30 0C
[2026-04-17 09:25:47] [INFO] [接收-帧] 09:25:47.282 设备ID=12042 module=PERIODIC id=ReadFoupStatus uuid=84 len=23
frame=01 04 12 B4 B7 ED 86 8F 27 53 53 67 DA 3A 36 1C 29 82 31 AC 07 C2 25
[2026-04-17 09:25:48] [INFO] [发送] 09:25:48.276 设备ID=12042 module=PERIODIC id=ReadFoupStatus uuid=84 sendCount=1/1 timeout=1000ms crc=30 0C len=8
frame=01 04 00 00 00 09 30 0C
[2026-04-17 09:25:48] [INFO] [接收-帧] 09:25:48.374 设备ID=12042 module=PERIODIC id=ReadFoupStatus uuid=84 len=23
frame=01 04 12 67 57 4E BE 01 CB D8 86 34 8C 3A 08 F8 11 18 6F F3 6A 06 64
[2026-04-17 09:25:49] [INFO] [发送] 09:25:49.368 设备ID=12042 module=PERIODIC id=ReadFoupStatus uuid=84 sendCount=1/1 timeout=1000ms crc=30 0C len=8
frame=01 04 00 00 00 09 30 0C
[2026-04-17 09:25:49] [INFO] [接收-帧] 09:25:49.466 设备ID=12042 module=PERIODIC id=ReadFoupStatus uuid=84 len=23
frame=01 04 12 12 07 1E A1 96 30 F3 08 5A 9D 3D E8 96 91 62 5E 1A 54 EB C0
[2026-04-17 09:25:50] [INFO] [发送] 09:25:50.470 设备ID=12042 module=PERIODIC id=ReadFoupStatus uuid=84 sendCount=1/1 timeout=1000ms crc=30 0C len=8
frame=01 04 00 00 00 09 30 0C
[2026-04-17 09:25:50] [INFO] [接收-帧] 09:25:50.568 设备ID=12042 module=PERIODIC id=ReadFoupStatus uuid=84 len=23
frame=01 04 12 E3 D7 56 31 58 E8 33 01 A6 48 DA 47 D8 46 B9 C1 24 74 A7 E5
[2026-04-17 09:25:51] [INFO] [发送] 09:25:51.559 设备ID=12042 module=PERIODIC id=ReadFoupStatus uuid=84 sendCount=1/1 timeout=1000ms crc=30 0C len=8
frame=01 04 00 00 00 09 30 0C
[2026-04-17 09:25:51] [INFO] [接收-帧] 09:25:51.657 设备ID=12042 module=PERIODIC id=ReadFoupStatus uuid=84 len=23
frame=01 04 12 21 B4 8C F4 82 78 21 2E 6B 5B 9F 87 B8 DC D6 8D 02 11 9B 81
[2026-04-17 09:25:52] [INFO] [发送] 09:25:52.652 设备ID=12042 module=PERIODIC id=ReadFoupStatus uuid=84 sendCount=1/1 timeout=1000ms crc=30 0C len=8
frame=01 04 00 00 00 09 30 0C
[2026-04-17 09:25:52] [INFO] [接收-帧] 09:25:52.751 设备ID=12042 module=PERIODIC id=ReadFoupStatus uuid=84 len=23
frame=01 04 12 F9 52 E8 FA 9F A3 4B 7C 9D CA CB BA AF 1A 35 35 5B 9C EF 60
[2026-04-17 09:25:53] [INFO] [发送] 09:25:53.747 设备ID=12042 module=PERIODIC id=ReadFoupStatus uuid=84 sendCount=1/1 timeout=1000ms crc=30 0C len=8
frame=01 04 00 00 00 09 30 0C
[2026-04-17 09:25:53] [INFO] [接收-帧] 09:25:53.847 设备ID=12042 module=PERIODIC id=ReadFoupStatus uuid=84 len=23
frame=01 04 12 18 60 15 68 94 8D E1 A1 89 90 4F B9 1B CC D3 0D 7F 19 03 1A
[2026-04-17 09:25:54] [INFO] [发送] 09:25:54.840 设备ID=12042 module=PERIODIC id=ReadFoupStatus uuid=84 sendCount=1/1 timeout=1000ms crc=30 0C len=8
frame=01 04 00 00 00 09 30 0C
[2026-04-17 09:25:54] [INFO] [接收-帧] 09:25:54.940 设备ID=12042 module=PERIODIC id=ReadFoupStatus uuid=84 len=23
frame=01 04 12 8D AC 0B AF F2 2F FE AF 83 24 81 11 86 64 C6 47 9C 8C F7 98
[2026-04-17 09:25:55] [INFO] [发送] 09:25:55.934 设备ID=12042 module=PERIODIC id=ReadFoupStatus uuid=84 sendCount=1/1 timeout=1000ms crc=30 0C len=8
frame=01 04 00 00 00 09 30 0C
[2026-04-17 09:25:56] [INFO] [接收-帧] 09:25:56.029 设备ID=12042 module=PERIODIC id=ReadFoupStatus uuid=84 len=23
frame=01 04 12 FC 04 F7 D7 3A 01 2A 0B CE 9F 9E 63 A5 4B 0D A3 0B 2B BB 07
[2026-04-17 09:25:57] [INFO] [发送] 09:25:57.025 设备ID=12042 module=PERIODIC id=ReadFoupStatus uuid=84 sendCount=1/1 timeout=1000ms crc=30 0C len=8
frame=01 04 00 00 00 09 30 0C
[2026-04-17 09:25:57] [INFO] [接收-帧] 09:25:57.123 设备ID=12042 module=PERIODIC id=ReadFoupStatus uuid=84 len=23
frame=01 04 12 B9 01 41 AF ED FB 41 12 D2 79 42 6A 51 00 9C 51 FC D9 FF 57
[2026-04-17 09:25:58] [INFO] [发送] 09:25:58.119 设备ID=12042 module=PERIODIC id=ReadFoupStatus uuid=84 sendCount=1/1 timeout=1000ms crc=30 0C len=8
frame=01 04 00 00 00 09 30 0C
[2026-04-17 09:25:58] [INFO] [接收-帧] 09:25:58.215 设备ID=12042 module=PERIODIC id=ReadFoupStatus uuid=84 len=23
frame=01 04 12 66 E4 27 60 59 6A 66 A0 9E 3A 39 AF 0A C7 B1 F1 E2 3F D9 77
[2026-04-17 09:25:59] [INFO] [发送] 09:25:59.219 设备ID=12042 module=PERIODIC id=ReadFoupStatus uuid=84 sendCount=1/1 timeout=1000ms crc=30 0C len=8
frame=01 04 00 00 00 09 30 0C
[2026-04-17 09:25:59] [INFO] [接收-帧] 09:25:59.313 设备ID=12042 module=PERIODIC id=ReadFoupStatus uuid=84 len=23
frame=01 04 12 EF 95 35 B1 B7 38 D8 FD 7B 3B FB 21 F7 F0 59 39 03 D6 55 FD
[2026-04-17 09:26:00] [INFO] [发送] 09:26:00.314 设备ID=12042 module=PERIODIC id=ReadFoupStatus uuid=84 sendCount=1/1 timeout=1000ms crc=30 0C len=8
frame=01 04 00 00 00 09 30 0C
[2026-04-17 09:26:00] [INFO] [接收-帧] 09:26:00.406 设备ID=12042 module=PERIODIC id=ReadFoupStatus uuid=84 len=23
frame=01 04 12 4B 65 DE C4 6C B5 8E 97 CD CE 3D 77 DE F1 20 52 55 73 22 42
[2026-04-17 09:26:01] [INFO] [发送] 09:26:01.408 设备ID=12042 module=PERIODIC id=ReadFoupStatus uuid=84 sendCount=1/1 timeout=1000ms crc=30 0C len=8
frame=01 04 00 00 00 09 30 0C
[2026-04-17 09:26:01] [INFO] [接收-帧] 09:26:01.504 设备ID=12042 module=PERIODIC id=ReadFoupStatus uuid=84 len=23
frame=01 04 12 98 94 12 AC 2A F9 6E 55 D3 D5 0E 0A 68 52 DF 7C 5F A7 A7 D3
[2026-04-17 09:26:02] [INFO] [发送] 09:26:02.495 设备ID=12042 module=PERIODIC id=ReadFoupStatus uuid=84 sendCount=1/1 timeout=1000ms crc=30 0C len=8
frame=01 04 00 00 00 09 30 0C
[2026-04-17 09:26:02] [INFO] [接收-帧] 09:26:02.590 设备ID=12042 module=PERIODIC id=ReadFoupStatus uuid=84 len=23
frame=01 04 12 6F 7F E4 C8 2B EB 74 A2 2E 45 0A A5 33 97 3D 08 E4 BF E2 7B
[2026-04-17 09:26:03] [INFO] [发送] 09:26:03.587 设备ID=12042 module=PERIODIC id=ReadFoupStatus uuid=84 sendCount=1/1 timeout=1000ms crc=30 0C len=8
frame=01 04 00 00 00 09 30 0C
[2026-04-17 09:26:03] [INFO] [接收-帧] 09:26:03.690 设备ID=12042 module=PERIODIC id=ReadFoupStatus uuid=84 len=23
frame=01 04 12 05 3A BB 6D BB BE 16 55 96 F3 34 8D D9 CC 28 A1 1F 8B 8A B0
[2026-04-17 09:26:04] [INFO] [发送] 09:26:04.686 设备ID=12042 module=PERIODIC id=ReadFoupStatus uuid=84 sendCount=1/1 timeout=1000ms crc=30 0C len=8
frame=01 04 00 00 00 09 30 0C
[2026-04-17 09:26:04] [INFO] [接收-帧] 09:26:04.779 设备ID=12042 module=PERIODIC id=ReadFoupStatus uuid=84 len=23
frame=01 04 12 9B 06 3A 9D A2 23 3F 25 82 16 8E 30 F5 7A 3D 2F 92 42 E6 2A
[2026-04-17 09:26:05] [INFO] [发送] 09:26:05.776 设备ID=12042 module=PERIODIC id=ReadFoupStatus uuid=84 sendCount=1/1 timeout=1000ms crc=30 0C len=8
frame=01 04 00 00 00 09 30 0C
[2026-04-17 09:26:05] [INFO] [接收-帧] 09:26:05.872 设备ID=12042 module=PERIODIC id=ReadFoupStatus uuid=84 len=23
frame=01 04 12 AB AF 14 1B 4B 96 DC A6 D7 C7 72 2B 89 1F F9 9E 05 A4 44 A7
[2026-04-17 09:26:06] [INFO] [发送] 09:26:06.869 设备ID=12042 module=PERIODIC id=ReadFoupStatus uuid=84 sendCount=1/1 timeout=1000ms crc=30 0C len=8
frame=01 04 00 00 00 09 30 0C
[2026-04-17 09:26:06] [INFO] [接收-帧] 09:26:06.966 设备ID=12042 module=PERIODIC id=ReadFoupStatus uuid=84 len=23
frame=01 04 12 DB FC 09 CA 62 5B 18 64 B2 DF FA 51 80 5D 1A 54 17 3D BD 41
[2026-04-17 09:26:07] [INFO] [发送] 09:26:07.961 设备ID=12042 module=PERIODIC id=ReadFoupStatus uuid=84 sendCount=1/1 timeout=1000ms crc=30 0C len=8
frame=01 04 00 00 00 09 30 0C
[2026-04-17 09:26:08] [INFO] [接收-帧] 09:26:08.063 设备ID=12042 module=PERIODIC id=ReadFoupStatus uuid=84 len=23
frame=01 04 12 63 89 CF 4C 29 72 2E C7 9E A6 76 33 77 70 FE FE 30 15 A7 79
[2026-04-17 09:26:09] [INFO] [发送] 09:26:09.065 设备ID=12042 module=PERIODIC id=ReadFoupStatus uuid=84 sendCount=1/1 timeout=1000ms crc=30 0C len=8
frame=01 04 00 00 00 09 30 0C
[2026-04-17 09:26:09] [INFO] [接收-帧] 09:26:09.156 设备ID=12042 module=PERIODIC id=ReadFoupStatus uuid=84 len=23
frame=01 04 12 BC 2B E5 B8 FF 16 68 14 51 74 0B 83 F5 33 DE 03 0D 88 3E 54
[2026-04-17 09:26:10] [INFO] [发送] 09:26:10.151 设备ID=12042 module=PERIODIC id=ReadFoupStatus uuid=84 sendCount=1/1 timeout=1000ms crc=30 0C len=8
frame=01 04 00 00 00 09 30 0C
[2026-04-17 09:26:10] [INFO] [接收-帧] 09:26:10.254 设备ID=12042 module=PERIODIC id=ReadFoupStatus uuid=84 len=23
frame=01 04 12 D3 54 70 19 24 ED A6 14 75 76 0E FC 52 F5 18 B8 4A B6 DE A9
[2026-04-17 09:26:11] [INFO] [发送] 09:26:11.252 设备ID=12042 module=PERIODIC id=ReadFoupStatus uuid=84 sendCount=1/1 timeout=1000ms crc=30 0C len=8
frame=01 04 00 00 00 09 30 0C
[2026-04-17 09:26:11] [INFO] [接收-帧] 09:26:11.346 设备ID=12042 module=PERIODIC id=ReadFoupStatus uuid=84 len=23
frame=01 04 12 B7 5D 9A 30 58 C0 0E 0A 66 E9 17 82 71 9B 75 53 12 D3 58 A6
[2026-04-17 09:26:12] [INFO] [发送] 09:26:12.340 设备ID=12042 module=PERIODIC id=ReadFoupStatus uuid=84 sendCount=1/1 timeout=1000ms crc=30 0C len=8
frame=01 04 00 00 00 09 30 0C
[2026-04-17 09:26:12] [INFO] [接收-帧] 09:26:12.437 设备ID=12042 module=PERIODIC id=ReadFoupStatus uuid=84 len=23
frame=01 04 12 1A 11 22 9D 71 5E 85 1D 2E A0 7C 32 3D 42 06 26 C4 0E FD 91
[2026-04-17 09:26:13] [INFO] [发送] 09:26:13.435 设备ID=12042 module=PERIODIC id=ReadFoupStatus uuid=84 sendCount=1/1 timeout=1000ms crc=30 0C len=8
frame=01 04 00 00 00 09 30 0C
[2026-04-17 09:26:13] [INFO] [接收-帧] 09:26:13.531 设备ID=12042 module=PERIODIC id=ReadFoupStatus uuid=84 len=23
frame=01 04 12 D6 77 E1 49 D5 7D AD 03 CA AF 62 F4 BC 07 83 12 4A 4A 2E 40
[2026-04-17 09:26:14] [INFO] [发送] 09:26:14.530 设备ID=12042 module=PERIODIC id=ReadFoupStatus uuid=84 sendCount=1/1 timeout=1000ms crc=30 0C len=8
frame=01 04 00 00 00 09 30 0C
[2026-04-17 09:26:14] [INFO] [接收-帧] 09:26:14.627 设备ID=12042 module=PERIODIC id=ReadFoupStatus uuid=84 len=23
frame=01 04 12 2C C0 40 B1 5F 08 72 78 61 D5 00 71 92 FA EC 14 47 59 35 0B
[2026-04-17 09:26:15] [INFO] [发送] 09:26:15.668 设备ID=12042 module=PERIODIC id=ReadFoupStatus uuid=84 sendCount=1/1 timeout=1000ms crc=30 0C len=8
frame=01 04 00 00 00 09 30 0C
[2026-04-17 09:26:15] [INFO] [接收-帧] 09:26:15.737 设备ID=12042 module=PERIODIC id=ReadFoupStatus uuid=84 len=23
frame=01 04 12 80 2D 4D F0 60 4C 78 07 23 19 1C B3 A0 43 00 DD A8 CF F4 BB
[2026-04-17 09:26:16] [INFO] [发送] 09:26:16.735 设备ID=12042 module=PERIODIC id=ReadFoupStatus uuid=84 sendCount=1/1 timeout=1000ms crc=30 0C len=8
frame=01 04 00 00 00 09 30 0C
[2026-04-17 09:26:16] [INFO] [接收-帧] 09:26:16.815 设备ID=12042 module=PERIODIC id=ReadFoupStatus uuid=84 len=23
frame=01 04 12 73 43 9B F8 C5 F1 A7 F8 D1 AF 50 93 0A 07 78 9C D2 5B 5D 5A
[2026-04-17 09:26:17] [INFO] [发送] 09:26:17.813 设备ID=12042 module=PERIODIC id=ReadFoupStatus uuid=84 sendCount=1/1 timeout=1000ms crc=30 0C len=8
frame=01 04 00 00 00 09 30 0C
[2026-04-17 09:26:17] [INFO] [接收-帧] 09:26:17.974 设备ID=12042 module=PERIODIC id=ReadFoupStatus uuid=84 len=23
frame=01 04 12 AE 5F 1D 23 5D E0 02 C4 56 2A A4 31 68 FE A8 AE 2C 59 05 66
[2026-04-17 09:26:18] [INFO] [发送] 09:26:18.962 设备ID=12042 module=PERIODIC id=ReadFoupStatus uuid=84 sendCount=1/1 timeout=1000ms crc=30 0C len=8
frame=01 04 00 00 00 09 30 0C
[2026-04-17 09:26:19] [INFO] [接收-帧] 09:26:19.009 设备ID=12042 module=PERIODIC id=ReadFoupStatus uuid=84 len=23
frame=01 04 12 30 17 DD 5D FF CB 3F 0A A9 1B 0E 36 74 1E 91 D9 33 BA 17 27
[2026-04-17 09:26:20] [INFO] [发送] 09:26:20.023 设备ID=12042 module=PERIODIC id=ReadFoupStatus uuid=84 sendCount=1/1 timeout=1000ms crc=30 0C len=8
frame=01 04 00 00 00 09 30 0C
[2026-04-17 09:26:20] [INFO] [接收-帧] 09:26:20.093 设备ID=12042 module=PERIODIC id=ReadFoupStatus uuid=84 len=23
frame=01 04 12 4E 94 55 08 DF CA 49 C9 27 D5 B6 5D 72 C5 1B 46 1C 75 1C 4C
[2026-04-17 09:26:21] [INFO] [发送] 09:26:21.092 设备ID=12042 module=PERIODIC id=ReadFoupStatus uuid=84 sendCount=1/1 timeout=1000ms crc=30 0C len=8
frame=01 04 00 00 00 09 30 0C
[2026-04-17 09:26:21] [INFO] [接收-帧] 09:26:21.192 设备ID=12042 module=PERIODIC id=ReadFoupStatus uuid=84 len=23
frame=01 04 12 75 45 A4 AE 73 D1 FA BD D4 B6 8D EA 04 61 54 17 A7 86 7C 73
[2026-04-17 09:26:22] [INFO] [发送] 09:26:22.190 设备ID=12042 module=PERIODIC id=ReadFoupStatus uuid=84 sendCount=1/1 timeout=1000ms crc=30 0C len=8
frame=01 04 00 00 00 09 30 0C
[2026-04-17 09:26:22] [INFO] [接收-帧] 09:26:22.868 设备ID=12042 module=PERIODIC id=ReadFoupStatus uuid=84 len=23
frame=01 04 12 05 51 B0 2E D2 72 AD 65 93 E1 06 4C B8 7A 28 7D D4 1E B1 64
[2026-04-17 09:26:23] [INFO] [发送] 09:26:23.877 设备ID=12042 module=PERIODIC id=ReadFoupStatus uuid=84 sendCount=1/1 timeout=1000ms crc=30 0C len=8
frame=01 04 00 00 00 09 30 0C
[2026-04-17 09:26:23] [INFO] [接收-帧] 09:26:23.927 设备ID=12042 module=PERIODIC id=ReadFoupStatus uuid=84 len=23
frame=01 04 12 D4 B5 41 62 45 28 81 04 B5 C4 C4 D0 CB E7 42 0B 11 85 A1 AA
[2026-04-17 09:26:25] [INFO] [发送] 09:26:25.304 设备ID=12042 module=PERIODIC id=ReadFoupStatus uuid=84 sendCount=1/1 timeout=1000ms crc=30 0C len=8
frame=01 04 00 00 00 09 30 0C
[2026-04-17 09:26:25] [INFO] [接收-帧] 09:26:25.591 设备ID=12042 module=PERIODIC id=ReadFoupStatus uuid=84 len=23
frame=01 04 12 6A 5C F0 5B 5F 98 8D 0B F1 B0 EC FA BC 63 F2 01 6F 19 F3 36
[2026-04-17 09:26:26] [INFO] [发送] 09:26:26.590 设备ID=12042 module=PERIODIC id=ReadFoupStatus uuid=84 sendCount=1/1 timeout=1000ms crc=30 0C len=8
frame=01 04 00 00 00 09 30 0C
[2026-04-17 09:26:26] [INFO] [接收-帧] 09:26:26.659 设备ID=12042 module=PERIODIC id=ReadFoupStatus uuid=84 len=23
frame=01 04 12 F3 8C C4 4B 68 2D 90 18 2A 2A 9A B3 2C 54 58 2C 61 6E 40 EF
[2026-04-17 09:26:27] [INFO] [发送] 09:26:27.659 设备ID=12042 module=PERIODIC id=ReadFoupStatus uuid=84 sendCount=1/1 timeout=1000ms crc=30 0C len=8
frame=01 04 00 00 00 09 30 0C
[2026-04-17 09:26:27] [INFO] [接收-帧] 09:26:27.753 设备ID=12042 module=PERIODIC id=ReadFoupStatus uuid=84 len=23
frame=01 04 12 B8 21 A8 9B 21 17 DA CC 4F 1E 2C EE CC B9 20 B6 30 B2 4F 7F
[2026-04-17 09:26:28] [INFO] [发送] 09:26:28.745 设备ID=12042 module=PERIODIC id=ReadFoupStatus uuid=84 sendCount=1/1 timeout=1000ms crc=30 0C len=8
frame=01 04 00 00 00 09 30 0C
[2026-04-17 09:26:28] [INFO] [接收-帧] 09:26:28.846 设备ID=12042 module=PERIODIC id=ReadFoupStatus uuid=84 len=23
frame=01 04 12 3B DD 5F 4A F8 E3 7C 1A 49 C7 07 57 11 D7 5A B8 82 4B E0 B0
[2026-04-17 09:26:29] [INFO] [发送] 09:26:29.847 设备ID=12042 module=PERIODIC id=ReadFoupStatus uuid=84 sendCount=1/1 timeout=1000ms crc=30 0C len=8
frame=01 04 00 00 00 09 30 0C
[2026-04-17 09:26:29] [INFO] [接收-帧] 09:26:29.940 设备ID=12042 module=PERIODIC id=ReadFoupStatus uuid=84 len=23
frame=01 04 12 59 47 63 D8 97 91 AB 0A CC 96 6C CB 8E E0 F5 A2 E2 6A 5F 14
[2026-04-17 09:26:30] [INFO] [发送] 09:26:30.930 设备ID=12042 module=PERIODIC id=ReadFoupStatus uuid=84 sendCount=1/1 timeout=1000ms crc=30 0C len=8
frame=01 04 00 00 00 09 30 0C
[2026-04-17 09:26:31] [INFO] [接收-帧] 09:26:31.029 设备ID=12042 module=PERIODIC id=ReadFoupStatus uuid=84 len=23
frame=01 04 12 0B 86 39 9F BA 0A 07 FD 3D F8 69 61 CA 97 0B D9 C1 08 77 DF
[2026-04-17 09:26:32] [INFO] [发送] 09:26:32.024 设备ID=12042 module=PERIODIC id=ReadFoupStatus uuid=84 sendCount=1/1 timeout=1000ms crc=30 0C len=8
frame=01 04 00 00 00 09 30 0C
[2026-04-17 09:26:32] [INFO] [接收-帧] 09:26:32.124 设备ID=12042 module=PERIODIC id=ReadFoupStatus uuid=84 len=23
frame=01 04 12 E0 BA 02 0B 69 D5 8B 18 E7 73 BD 18 93 8C 2A D3 60 3C 61 06
[2026-04-17 09:26:33] [INFO] [发送] 09:26:33.125 设备ID=12042 module=PERIODIC id=ReadFoupStatus uuid=84 sendCount=1/1 timeout=1000ms crc=30 0C len=8
frame=01 04 00 00 00 09 30 0C
[2026-04-17 09:26:33] [INFO] [接收-帧] 09:26:33.216 设备ID=12042 module=PERIODIC id=ReadFoupStatus uuid=84 len=23
frame=01 04 12 EF 8B AD 46 DF 16 F0 D3 B9 17 50 0C 0F AC D9 CD EE 32 21 DB
[2026-04-17 09:26:34] [INFO] [发送] 09:26:34.221 设备ID=12042 module=PERIODIC id=ReadFoupStatus uuid=84 sendCount=1/1 timeout=1000ms crc=30 0C len=8
frame=01 04 00 00 00 09 30 0C
[2026-04-17 09:26:34] [INFO] [接收-帧] 09:26:34.314 设备ID=12042 module=PERIODIC id=ReadFoupStatus uuid=84 len=23
frame=01 04 12 6A 3A DD 8A BE 75 0A 9B 30 5E 1F B7 88 B3 22 0B 96 B7 6F 62
[2026-04-17 09:26:35] [INFO] [发送] 09:26:35.307 设备ID=12042 module=PERIODIC id=ReadFoupStatus uuid=84 sendCount=1/1 timeout=1000ms crc=30 0C len=8
frame=01 04 00 00 00 09 30 0C
[2026-04-17 09:26:35] [INFO] [接收-帧] 09:26:35.405 设备ID=12042 module=PERIODIC id=ReadFoupStatus uuid=84 len=23
frame=01 04 12 24 46 AE 76 BC 66 AA 77 93 2B 79 DC BE DD 21 01 C7 5F B3 0E
[2026-04-17 09:26:36] [INFO] [发送] 09:26:36.408 设备ID=12042 module=PERIODIC id=ReadFoupStatus uuid=84 sendCount=1/1 timeout=1000ms crc=30 0C len=8
frame=01 04 00 00 00 09 30 0C
[2026-04-17 09:26:36] [INFO] [接收-帧] 09:26:36.500 设备ID=12042 module=PERIODIC id=ReadFoupStatus uuid=84 len=23
frame=01 04 12 EF 7F EE 03 22 04 A7 B3 6C C4 65 14 F4 53 F2 28 E9 DB C1 6A
[2026-04-17 09:26:37] [INFO] [发送] 09:26:37.498 设备ID=12042 module=PERIODIC id=ReadFoupStatus uuid=84 sendCount=1/1 timeout=1000ms crc=30 0C len=8
frame=01 04 00 00 00 09 30 0C
[2026-04-17 09:26:37] [INFO] [接收-帧] 09:26:37.595 设备ID=12042 module=PERIODIC id=ReadFoupStatus uuid=84 len=23
frame=01 04 12 B9 BF C4 78 D7 37 F0 64 5E 59 FD C5 1B F7 34 4A 6B A6 34 1D
[2026-04-17 09:26:38] [INFO] [发送] 09:26:38.591 设备ID=12042 module=PERIODIC id=ReadFoupStatus uuid=84 sendCount=1/1 timeout=1000ms crc=30 0C len=8
frame=01 04 00 00 00 09 30 0C
[2026-04-17 09:26:38] [INFO] [接收-帧] 09:26:38.687 设备ID=12042 module=PERIODIC id=ReadFoupStatus uuid=84 len=23
frame=01 04 12 3B A7 88 65 FD 7E 31 A0 17 FD 9B 7B B0 46 46 09 AD 15 5D A9
[2026-04-17 09:26:39] [INFO] [发送] 09:26:39.681 设备ID=12042 module=PERIODIC id=ReadFoupStatus uuid=84 sendCount=1/1 timeout=1000ms crc=30 0C len=8
frame=01 04 00 00 00 09 30 0C
[2026-04-17 09:26:39] [INFO] [接收-帧] 09:26:39.783 设备ID=12042 module=PERIODIC id=ReadFoupStatus uuid=84 len=23
frame=01 04 12 C8 E5 4E 85 D9 9A 37 54 4B 01 FA 3C B3 08 3C 64 53 F8 75 65
[2026-04-17 09:26:40] [INFO] [发送] 09:26:40.778 设备ID=12042 module=PERIODIC id=ReadFoupStatus uuid=84 sendCount=1/1 timeout=1000ms crc=30 0C len=8
frame=01 04 00 00 00 09 30 0C
[2026-04-17 09:26:40] [INFO] [接收-帧] 09:26:40.875 设备ID=12042 module=PERIODIC id=ReadFoupStatus uuid=84 len=23
frame=01 04 12 A6 90 86 14 F6 FF FD 45 D8 D5 49 39 0E BA 1C 0F C4 15 61 8F
[2026-04-17 09:26:41] [INFO] [发送] 09:26:41.869 设备ID=12042 module=PERIODIC id=ReadFoupStatus uuid=84 sendCount=1/1 timeout=1000ms crc=30 0C len=8
frame=01 04 00 00 00 09 30 0C
[2026-04-17 09:26:41] [INFO] [接收-帧] 09:26:41.967 设备ID=12042 module=PERIODIC id=ReadFoupStatus uuid=84 len=23
frame=01 04 12 9A A4 49 44 4D B3 38 E7 1E 9B FD 90 DC E0 BA E4 99 D9 67 CE
[2026-04-17 09:26:42] [INFO] [发送] 09:26:42.964 设备ID=12042 module=PERIODIC id=ReadFoupStatus uuid=84 sendCount=1/1 timeout=1000ms crc=30 0C len=8
frame=01 04 00 00 00 09 30 0C
[2026-04-17 09:26:43] [INFO] [接收-帧] 09:26:43.066 设备ID=12042 module=PERIODIC id=ReadFoupStatus uuid=84 len=23
frame=01 04 12 4E EA F0 6F 6F 31 70 C1 60 A4 7F 52 A2 92 1B A0 B0 5D 4E 10
[2026-04-17 09:26:44] [INFO] [发送] 09:26:44.057 设备ID=12042 module=PERIODIC id=ReadFoupStatus uuid=84 sendCount=1/1 timeout=1000ms crc=30 0C len=8
frame=01 04 00 00 00 09 30 0C
[2026-04-17 09:26:44] [INFO] [接收-帧] 09:26:44.158 设备ID=12042 module=PERIODIC id=ReadFoupStatus uuid=84 len=23
frame=01 04 12 5F BB E5 7E 5A DD BE A3 4A EC AA F9 0C 06 46 DC 9C 18 AB 78
[2026-04-17 09:26:45] [INFO] [发送] 09:26:45.151 设备ID=12042 module=PERIODIC id=ReadFoupStatus uuid=84 sendCount=1/1 timeout=1000ms crc=30 0C len=8
frame=01 04 00 00 00 09 30 0C
[2026-04-17 09:26:45] [INFO] [接收-帧] 09:26:45.252 设备ID=12042 module=PERIODIC id=ReadFoupStatus uuid=84 len=23
frame=01 04 12 5F 00 02 28 0F AE 97 1C 17 73 DD 35 AE C9 71 16 BC 4F 6E 5F
[2026-04-17 09:26:46] [INFO] [发送] 09:26:46.243 设备ID=12042 module=PERIODIC id=ReadFoupStatus uuid=84 sendCount=1/1 timeout=1000ms crc=30 0C len=8
frame=01 04 00 00 00 09 30 0C
[2026-04-17 09:26:46] [INFO] [接收-帧] 09:26:46.343 设备ID=12042 module=PERIODIC id=ReadFoupStatus uuid=84 len=23
frame=01 04 12 70 FD 2A 77 52 89 F4 2E BA 18 DF 27 59 4A 32 4A 46 AF E6 37
[2026-04-17 09:26:47] [INFO] [发送] 09:26:47.337 设备ID=12042 module=PERIODIC id=ReadFoupStatus uuid=84 sendCount=1/1 timeout=1000ms crc=30 0C len=8
frame=01 04 00 00 00 09 30 0C
[2026-04-17 09:26:47] [INFO] [接收-帧] 09:26:47.436 设备ID=12042 module=PERIODIC id=ReadFoupStatus uuid=84 len=23
frame=01 04 12 CD B8 CE F8 60 FF E7 CE 97 D2 C7 9C 3A 68 F7 B0 B9 9E 3B 30
[2026-04-17 09:26:48] [INFO] [发送] 09:26:48.456 设备ID=12042 module=PERIODIC id=ReadFoupStatus uuid=84 sendCount=1/1 timeout=1000ms crc=30 0C len=8
frame=01 04 00 00 00 09 30 0C
[2026-04-17 09:26:48] [INFO] [接收-帧] 09:26:48.535 设备ID=12042 module=PERIODIC id=ReadFoupStatus uuid=84 len=23
frame=01 04 12 F5 23 5A 12 B8 32 D7 5B F5 D3 75 5E A7 0B 4D FF 15 19 F8 D5
[2026-04-17 09:26:49] [INFO] [发送] 09:26:49.593 设备ID=12042 module=PERIODIC id=ReadFoupStatus uuid=84 sendCount=1/1 timeout=1000ms crc=30 0C len=8
frame=01 04 00 00 00 09 30 0C
[2026-04-17 09:26:49] [INFO] [接收-帧] 09:26:49.626 设备ID=12042 module=PERIODIC id=ReadFoupStatus uuid=84 len=23
frame=01 04 12 40 65 F3 93 B6 FB 81 E6 92 9A EC 90 F3 E8 52 5B EF AA D7 79
[2026-04-17 09:26:50] [INFO] [发送] 09:26:50.619 设备ID=12042 module=PERIODIC id=ReadFoupStatus uuid=84 sendCount=1/1 timeout=1000ms crc=30 0C len=8
frame=01 04 00 00 00 09 30 0C
[2026-04-17 09:26:50] [INFO] [接收-帧] 09:26:50.718 设备ID=12042 module=PERIODIC id=ReadFoupStatus uuid=84 len=23
frame=01 04 12 52 26 8C B7 F7 17 76 57 69 B6 12 BC 79 AC 98 36 77 95 8C 6E
[2026-04-17 09:26:51] [INFO] [发送] 09:26:51.714 设备ID=12042 module=PERIODIC id=ReadFoupStatus uuid=84 sendCount=1/1 timeout=1000ms crc=30 0C len=8
frame=01 04 00 00 00 09 30 0C
[2026-04-17 09:26:51] [INFO] [接收-帧] 09:26:51.817 设备ID=12042 module=PERIODIC id=ReadFoupStatus uuid=84 len=23
frame=01 04 12 12 1E 5F 05 6C 88 EC 79 8E 4D FC 1F C6 04 B2 AD 5B AF 6E 9E
[2026-04-17 09:26:52] [INFO] [发送] 09:26:52.806 设备ID=12042 module=PERIODIC id=ReadFoupStatus uuid=84 sendCount=1/1 timeout=1000ms crc=30 0C len=8
frame=01 04 00 00 00 09 30 0C
[2026-04-17 09:26:52] [INFO] [接收-帧] 09:26:52.912 设备ID=12042 module=PERIODIC id=ReadFoupStatus uuid=84 len=23
frame=01 04 12 0F 75 5D D4 94 37 F6 90 2D A3 CB F8 EB 9E 19 4E 9D D5 3F 7E
[2026-04-17 09:26:53] [INFO] [发送] 09:26:53.962 设备ID=12042 module=PERIODIC id=ReadFoupStatus uuid=84 sendCount=1/1 timeout=1000ms crc=30 0C len=8
frame=01 04 00 00 00 09 30 0C
[2026-04-17 09:26:54] [INFO] [接收-帧] 09:26:54.001 设备ID=12042 module=PERIODIC id=ReadFoupStatus uuid=84 len=23
frame=01 04 12 34 29 06 58 C5 B3 8F 33 C5 55 78 66 C0 29 CD 9C EF 1E 2D 95
[2026-04-17 09:26:55] [INFO] [发送] 09:26:55.011 设备ID=12042 module=PERIODIC id=ReadFoupStatus uuid=84 sendCount=1/1 timeout=1000ms crc=30 0C len=8
frame=01 04 00 00 00 09 30 0C
[2026-04-17 09:26:55] [INFO] [接收-帧] 09:26:55.099 设备ID=12042 module=PERIODIC id=ReadFoupStatus uuid=84 len=23
frame=01 04 12 16 1B 1E 0F 45 FB 4C E8 5C 2D 15 6A 25 93 F1 81 3C 08 95 71
[2026-04-17 09:26:56] [INFO] [发送] 09:26:56.097 设备ID=12042 module=PERIODIC id=ReadFoupStatus uuid=84 sendCount=1/1 timeout=1000ms crc=30 0C len=8
frame=01 04 00 00 00 09 30 0C
[2026-04-17 09:26:56] [INFO] [接收-帧] 09:26:56.218 设备ID=12042 module=PERIODIC id=ReadFoupStatus uuid=84 len=23
frame=01 04 12 04 3D 18 C7 9B 15 0F AC D1 40 B8 8C 59 AC A9 B0 0A 4D D3 C2
[2026-04-17 09:26:57] [INFO] [发送] 09:26:57.216 设备ID=12042 module=PERIODIC id=ReadFoupStatus uuid=84 sendCount=1/1 timeout=1000ms crc=30 0C len=8
frame=01 04 00 00 00 09 30 0C
[2026-04-17 09:26:57] [INFO] [接收-帧] 09:26:57.302 设备ID=12042 module=PERIODIC id=ReadFoupStatus uuid=84 len=23
frame=01 04 12 D7 85 37 10 7F D8 9B E5 1F F5 18 4D C3 12 77 1B 86 7D 33 84
[2026-04-17 09:26:58] [INFO] [发送] 09:26:58.295 设备ID=12042 module=PERIODIC id=ReadFoupStatus uuid=84 sendCount=1/1 timeout=1000ms crc=30 0C len=8
frame=01 04 00 00 00 09 30 0C
[2026-04-17 09:26:58] [INFO] [接收-帧] 09:26:58.372 设备ID=12042 module=PERIODIC id=ReadFoupStatus uuid=84 len=23
frame=01 04 12 F1 3F 54 22 34 AE 75 86 12 4C 6D 20 FD DD F1 E1 66 3C 53 68
[2026-04-17 09:26:59] [INFO] [发送] 09:26:59.368 设备ID=12042 module=PERIODIC id=ReadFoupStatus uuid=84 sendCount=1/1 timeout=1000ms crc=30 0C len=8
frame=01 04 00 00 00 09 30 0C
[2026-04-17 09:26:59] [INFO] [接收-帧] 09:26:59.467 设备ID=12042 module=PERIODIC id=ReadFoupStatus uuid=84 len=23
frame=01 04 12 7E 81 CD D4 85 C2 CE 27 23 AD 2B 1C 6E 41 26 6F 14 A2 D8 36
[2026-04-17 09:27:00] [INFO] [发送] 09:27:00.466 设备ID=12042 module=PERIODIC id=ReadFoupStatus uuid=84 sendCount=1/1 timeout=1000ms crc=30 0C len=8
frame=01 04 00 00 00 09 30 0C
[2026-04-17 09:27:00] [INFO] [接收-帧] 09:27:00.559 设备ID=12042 module=PERIODIC id=ReadFoupStatus uuid=84 len=23
frame=01 04 12 DD 5E B6 9F B0 CE 57 0A AD 80 44 6E 95 1A E5 22 77 17 E6 C7
[2026-04-17 09:27:01] [INFO] [发送] 09:27:01.562 设备ID=12042 module=PERIODIC id=ReadFoupStatus uuid=84 sendCount=1/1 timeout=1000ms crc=30 0C len=8
frame=01 04 00 00 00 09 30 0C
[2026-04-17 09:27:01] [INFO] [接收-帧] 09:27:01.659 设备ID=12042 module=PERIODIC id=ReadFoupStatus uuid=84 len=23
frame=01 04 12 83 45 D7 77 13 12 BF F6 BB AC 19 E7 51 9C F3 A5 36 E4 90 B8
[2026-04-17 09:27:37] [INFO] [发送] 09:27:37.408 设备ID=12042 module=INITIAL id=ReadVersion uuid=83 sendCount=1/4 timeout=1000ms crc=B1 CD len=8
frame=01 04 00 18 00 01 B1 CD
[2026-04-17 09:27:37] [INFO] [接收-帧] 09:27:37.747 设备ID=12042 module=INITIAL id=ReadVersion uuid=83 len=7
frame=01 04 02 00 00 B9 30
[2026-04-17 09:27:37] [INFO] [发送] 09:27:37.747 设备ID=12042 module=PERIODIC id=ReadFoupStatus uuid=84 sendCount=1/1 timeout=1000ms crc=30 0C len=8
frame=01 04 00 00 00 09 30 0C
[2026-04-17 09:27:37] [INFO] [接收-帧] 09:27:37.830 设备ID=12042 module=PERIODIC id=ReadFoupStatus uuid=84 len=23
frame=01 04 12 F8 3E A8 AD B7 6C B7 4E A6 BE 22 E2 30 31 3F 71 DE 86 47 00
[2026-04-17 09:27:38] [INFO] [发送] 09:27:38.829 设备ID=12042 module=PERIODIC id=ReadFoupStatus uuid=84 sendCount=1/1 timeout=1000ms crc=30 0C len=8
frame=01 04 00 00 00 09 30 0C
[2026-04-17 09:27:38] [INFO] [接收-帧] 09:27:38.921 设备ID=12042 module=PERIODIC id=ReadFoupStatus uuid=84 len=23
frame=01 04 12 45 93 58 FE 58 77 88 61 E2 CE 98 AE 8D BC AB 3C D0 B8 63 9D
[2026-04-17 09:27:39] [INFO] [发送] 09:27:39.926 设备ID=12042 module=PERIODIC id=ReadFoupStatus uuid=84 sendCount=1/1 timeout=1000ms crc=30 0C len=8
frame=01 04 00 00 00 09 30 0C
[2026-04-17 09:27:40] [INFO] [接收-帧] 09:27:40.018 设备ID=12042 module=PERIODIC id=ReadFoupStatus uuid=84 len=23
frame=01 04 12 43 7F 60 61 68 31 50 B8 00 57 A0 55 FF 65 5C D3 64 22 69 0F
[2026-04-17 09:27:41] [INFO] [发送] 09:27:41.010 设备ID=12042 module=PERIODIC id=ReadFoupStatus uuid=84 sendCount=1/1 timeout=1000ms crc=30 0C len=8
frame=01 04 00 00 00 09 30 0C
[2026-04-17 09:27:41] [INFO] [接收-帧] 09:27:41.118 设备ID=12042 module=PERIODIC id=ReadFoupStatus uuid=84 len=23
frame=01 04 12 14 07 BE 6E 28 42 E8 11 50 23 7B CF B4 B5 04 4F 74 D8 3B 83
[2026-04-17 09:27:42] [INFO] [发送] 09:27:42.129 设备ID=12042 module=PERIODIC id=ReadFoupStatus uuid=84 sendCount=1/1 timeout=1000ms crc=30 0C len=8
frame=01 04 00 00 00 09 30 0C
[2026-04-17 09:27:42] [INFO] [接收-帧] 09:27:42.205 设备ID=12042 module=PERIODIC id=ReadFoupStatus uuid=84 len=23
frame=01 04 12 2C CA DA B0 C4 66 D9 0A 38 16 D3 2B 6C 07 63 FB 3F 77 13 94
[2026-04-17 09:27:43] [INFO] [发送] 09:27:43.199 设备ID=12042 module=PERIODIC id=ReadFoupStatus uuid=84 sendCount=1/1 timeout=1000ms crc=30 0C len=8
frame=01 04 00 00 00 09 30 0C
[2026-04-17 09:27:43] [INFO] [接收-帧] 09:27:43.310 设备ID=12042 module=PERIODIC id=ReadFoupStatus uuid=84 len=23
frame=01 04 12 74 6F A9 41 7A 6E EB A9 9A A3 A5 C5 8B 7C 3D D7 5D D3 87 0A
[2026-04-17 09:27:44] [INFO] [发送] 09:27:44.309 设备ID=12042 module=PERIODIC id=ReadFoupStatus uuid=84 sendCount=1/1 timeout=1000ms crc=30 0C len=8
frame=01 04 00 00 00 09 30 0C
[2026-04-17 09:27:44] [INFO] [接收-帧] 09:27:44.393 设备ID=12042 module=PERIODIC id=ReadFoupStatus uuid=84 len=23
frame=01 04 12 F2 C3 C5 80 61 33 A4 B2 37 4A 20 E1 07 06 BA 98 85 16 AE B9
[2026-04-17 09:27:45] [INFO] [发送] 09:27:45.390 设备ID=12042 module=PERIODIC id=ReadFoupStatus uuid=84 sendCount=1/1 timeout=1000ms crc=30 0C len=8
frame=01 04 00 00 00 09 30 0C
[2026-04-17 09:27:45] [INFO] [接收-帧] 09:27:45.487 设备ID=12042 module=PERIODIC id=ReadFoupStatus uuid=84 len=23
frame=01 04 12 F9 A6 9C 8C FF 08 07 66 64 11 A5 D9 3C 11 EE 88 C1 42 B1 CF
[2026-04-17 09:27:46] [INFO] [发送] 09:27:46.486 设备ID=12042 module=PERIODIC id=ReadFoupStatus uuid=84 sendCount=1/1 timeout=1000ms crc=30 0C len=8
frame=01 04 00 00 00 09 30 0C
[2026-04-17 09:27:46] [INFO] [接收-帧] 09:27:46.583 设备ID=12042 module=PERIODIC id=ReadFoupStatus uuid=84 len=23
frame=01 04 12 BF AD 38 7B 79 9B 92 8D C1 1B 74 7D 82 90 A1 1D 72 E1 55 3A
[2026-04-17 09:27:47] [INFO] [发送] 09:27:47.575 设备ID=12042 module=PERIODIC id=ReadFoupStatus uuid=84 sendCount=1/1 timeout=1000ms crc=30 0C len=8
frame=01 04 00 00 00 09 30 0C
[2026-04-17 09:27:47] [INFO] [接收-帧] 09:27:47.682 设备ID=12042 module=PERIODIC id=ReadFoupStatus uuid=84 len=23
frame=01 04 12 56 AC CC 79 30 10 23 CA 99 9C 83 55 20 52 98 F4 93 13 2E 1C
[2026-04-17 09:27:48] [INFO] [发送] 09:27:48.686 设备ID=12042 module=PERIODIC id=ReadFoupStatus uuid=84 sendCount=1/1 timeout=1000ms crc=30 0C len=8
frame=01 04 00 00 00 09 30 0C
[2026-04-17 09:27:48] [INFO] [接收-帧] 09:27:48.768 设备ID=12042 module=PERIODIC id=ReadFoupStatus uuid=84 len=23
frame=01 04 12 1F A6 B1 9B 72 96 CE 63 6E 24 D9 C6 2C F0 13 8E 48 1C 93 B2
[2026-04-17 09:27:49] [INFO] [发送] 09:27:49.769 设备ID=12042 module=PERIODIC id=ReadFoupStatus uuid=84 sendCount=1/1 timeout=1000ms crc=30 0C len=8
frame=01 04 00 00 00 09 30 0C
[2026-04-17 09:27:49] [INFO] [接收-帧] 09:27:49.860 设备ID=12042 module=PERIODIC id=ReadFoupStatus uuid=84 len=23
frame=01 04 12 73 AA EE 79 24 0D 5B 4F D6 6A 7F 30 C8 DF 3A 43 3D 1C DC FE
[2026-04-17 09:27:50] [INFO] [发送] 09:27:50.854 设备ID=12042 module=PERIODIC id=ReadFoupStatus uuid=84 sendCount=1/1 timeout=1000ms crc=30 0C len=8
frame=01 04 00 00 00 09 30 0C
[2026-04-17 09:27:50] [INFO] [接收-帧] 09:27:50.956 设备ID=12042 module=PERIODIC id=ReadFoupStatus uuid=84 len=23
frame=01 04 12 6F 0E 2E F0 69 CD 39 EB C7 98 D9 21 7C CE 1A 2D CD E8 14 CE
[2026-04-17 09:31:34] [INFO] [发送] 09:31:34.104 设备ID=12042 module=INITIAL id=ReadVersion uuid=83 sendCount=1/4 timeout=1000ms crc=B1 CD len=8
frame=01 04 00 18 00 01 B1 CD
[2026-04-17 09:31:34] [INFO] [接收-帧] 09:31:34.340 设备ID=12042 module=INITIAL id=ReadVersion uuid=83 len=7
frame=01 04 02 00 00 B9 30
[2026-04-17 09:31:34] [INFO] [发送] 09:31:34.341 设备ID=12042 module=PERIODIC id=ReadFoupStatus uuid=84 sendCount=1/1 timeout=1000ms crc=30 0C len=8
frame=01 04 00 00 00 09 30 0C
[2026-04-17 09:31:34] [INFO] [接收-帧] 09:31:34.430 设备ID=12042 module=PERIODIC id=ReadFoupStatus uuid=84 len=23
frame=01 04 12 A2 3C 7B AF 73 99 FF AB BD 9E 4E 72 75 D7 B2 6E D5 8F C1 C2
[2026-04-17 09:31:35] [INFO] [发送] 09:31:35.443 设备ID=12042 module=PERIODIC id=ReadFoupStatus uuid=84 sendCount=1/1 timeout=1000ms crc=30 0C len=8
frame=01 04 00 00 00 09 30 0C
[2026-04-17 09:31:35] [INFO] [接收-帧] 09:31:35.522 设备ID=12042 module=PERIODIC id=ReadFoupStatus uuid=84 len=23
frame=01 04 12 4E A5 B5 B0 E8 D0 3F E0 CD E8 12 7D E2 33 78 42 94 AF 1B 9A
[2026-04-17 09:31:36] [INFO] [发送] 09:31:36.511 设备ID=12042 module=PERIODIC id=ReadFoupStatus uuid=84 sendCount=1/1 timeout=1000ms crc=30 0C len=8
frame=01 04 00 00 00 09 30 0C
[2026-04-17 09:31:36] [INFO] [接收-帧] 09:31:36.610 设备ID=12042 module=PERIODIC id=ReadFoupStatus uuid=84 len=23
frame=01 04 12 CA 7E EC 09 54 8D 96 7B 9D 90 1B 0D 38 D9 83 7B 8C DA 63 C7
[2026-04-17 09:31:37] [INFO] [发送] 09:31:37.603 设备ID=12042 module=PERIODIC id=ReadFoupStatus uuid=84 sendCount=1/1 timeout=1000ms crc=30 0C len=8
frame=01 04 00 00 00 09 30 0C
[2026-04-17 09:31:37] [INFO] [接收-帧] 09:31:37.724 设备ID=12042 module=PERIODIC id=ReadFoupStatus uuid=84 len=23
frame=01 04 12 3F 0E 33 5D C1 B2 C1 7F 76 C7 91 DC 67 FD 30 3A C5 26 12 9F
[2026-04-17 09:31:38] [INFO] [发送] 09:31:38.729 设备ID=12042 module=PERIODIC id=ReadFoupStatus uuid=84 sendCount=1/1 timeout=1000ms crc=30 0C len=8
frame=01 04 00 00 00 09 30 0C
[2026-04-17 09:31:38] [INFO] [接收-帧] 09:31:38.805 设备ID=12042 module=PERIODIC id=ReadFoupStatus uuid=84 len=23
frame=01 04 12 DD 32 AE 8C 28 11 13 0B CF AD 96 1B 5D 83 B5 D3 5B D4 CF 46
[2026-04-17 09:31:39] [INFO] [发送] 09:31:39.814 设备ID=12042 module=PERIODIC id=ReadFoupStatus uuid=84 sendCount=1/1 timeout=1000ms crc=30 0C len=8
frame=01 04 00 00 00 09 30 0C
[2026-04-17 09:31:39] [INFO] [接收-帧] 09:31:39.898 设备ID=12042 module=PERIODIC id=ReadFoupStatus uuid=84 len=23
frame=01 04 12 C8 CF 92 A3 DA 0B 8C 80 EC E2 D1 C4 4A 86 E0 8E B6 F5 D3 04
[2026-04-17 09:31:40] [INFO] [发送] 09:31:40.904 设备ID=12042 module=PERIODIC id=ReadFoupStatus uuid=84 sendCount=1/1 timeout=1000ms crc=30 0C len=8
frame=01 04 00 00 00 09 30 0C
[2026-04-17 09:31:40] [INFO] [接收-帧] 09:31:40.990 设备ID=12042 module=PERIODIC id=ReadFoupStatus uuid=84 len=23
frame=01 04 12 31 82 87 34 4E 5B 9D 2D 73 9B 01 B5 8C 5F 50 CA 9D 67 7F 30
[2026-04-17 09:31:41] [INFO] [发送] 09:31:41.988 设备ID=12042 module=PERIODIC id=ReadFoupStatus uuid=84 sendCount=1/1 timeout=1000ms crc=30 0C len=8
frame=01 04 00 00 00 09 30 0C
[2026-04-17 09:31:42] [INFO] [接收-帧] 09:31:42.088 设备ID=12042 module=PERIODIC id=ReadFoupStatus uuid=84 len=23
frame=01 04 12 BC 2C F4 D3 12 13 FF 9E 37 36 CD CC 57 C7 85 1D 92 4F 3E C5
[2026-04-17 09:31:43] [INFO] [发送] 09:31:43.095 设备ID=12042 module=PERIODIC id=ReadFoupStatus uuid=84 sendCount=1/1 timeout=1000ms crc=30 0C len=8
frame=01 04 00 00 00 09 30 0C
[2026-04-17 09:31:43] [INFO] [接收-帧] 09:31:43.172 设备ID=12042 module=PERIODIC id=ReadFoupStatus uuid=84 len=23
frame=01 04 12 F1 BF EA 99 55 A1 9E BA 72 89 13 6F 12 0E C1 3F 14 91 A6 15
[2026-04-17 09:31:44] [INFO] [发送] 09:31:44.174 设备ID=12042 module=PERIODIC id=ReadFoupStatus uuid=84 sendCount=1/1 timeout=1000ms crc=30 0C len=8
frame=01 04 00 00 00 09 30 0C
[2026-04-17 09:31:44] [INFO] [接收-帧] 09:31:44.270 设备ID=12042 module=PERIODIC id=ReadFoupStatus uuid=84 len=23
frame=01 04 12 AE 82 D3 31 13 D2 64 D7 EC E0 28 AC BD 7F 75 4E 06 51 16 4C
[2026-04-17 09:31:45] [INFO] [发送] 09:31:45.260 设备ID=12042 module=PERIODIC id=ReadFoupStatus uuid=84 sendCount=1/1 timeout=1000ms crc=30 0C len=8
frame=01 04 00 00 00 09 30 0C
[2026-04-17 09:31:45] [INFO] [接收-帧] 09:31:45.361 设备ID=12042 module=PERIODIC id=ReadFoupStatus uuid=84 len=23
frame=01 04 12 3A 12 B0 CC F2 90 84 F3 50 5F 90 F1 12 72 25 4E E7 C9 3F E4
[2026-04-17 09:31:46] [INFO] [发送] 09:31:46.365 设备ID=12042 module=PERIODIC id=ReadFoupStatus uuid=84 sendCount=1/1 timeout=1000ms crc=30 0C len=8
frame=01 04 00 00 00 09 30 0C
[2026-04-17 09:31:46] [INFO] [接收-帧] 09:31:46.453 设备ID=12042 module=PERIODIC id=ReadFoupStatus uuid=84 len=23
frame=01 04 12 18 A9 EB 91 AD 61 84 EC 8E DE A2 38 3E 9C 35 6A 09 74 FC E0
[2026-04-17 09:31:47] [INFO] [发送] 09:31:47.449 设备ID=12042 module=PERIODIC id=ReadFoupStatus uuid=84 sendCount=1/1 timeout=1000ms crc=30 0C len=8
frame=01 04 00 00 00 09 30 0C
[2026-04-17 09:31:47] [INFO] [接收-帧] 09:31:47.552 设备ID=12042 module=PERIODIC id=ReadFoupStatus uuid=84 len=23
frame=01 04 12 5A EF AC 39 85 D8 14 5E 06 8C 6C 66 2F 14 D0 60 50 BB 8B 42
[2026-04-17 09:31:48] [INFO] [发送] 09:31:48.545 设备ID=12042 module=PERIODIC id=ReadFoupStatus uuid=84 sendCount=1/1 timeout=1000ms crc=30 0C len=8
frame=01 04 00 00 00 09 30 0C
[2026-04-17 09:31:48] [INFO] [接收-帧] 09:31:48.646 设备ID=12042 module=PERIODIC id=ReadFoupStatus uuid=84 len=23
frame=01 04 12 E8 32 84 1D 73 DF B7 F1 52 43 E6 B4 46 2A 49 9A BF E1 7C 39
[2026-04-17 09:31:49] [INFO] [发送] 09:31:49.637 设备ID=12042 module=PERIODIC id=ReadFoupStatus uuid=84 sendCount=1/1 timeout=1000ms crc=30 0C len=8
frame=01 04 00 00 00 09 30 0C
[2026-04-17 09:31:49] [INFO] [接收-帧] 09:31:49.740 设备ID=12042 module=PERIODIC id=ReadFoupStatus uuid=84 len=23
frame=01 04 12 82 99 CF A7 B2 8F 9F 81 20 FC FA 67 A7 F4 3B 10 D1 92 14 5E
[2026-04-17 09:31:50] [INFO] [发送] 09:31:50.742 设备ID=12042 module=PERIODIC id=ReadFoupStatus uuid=84 sendCount=1/1 timeout=1000ms crc=30 0C len=8
frame=01 04 00 00 00 09 30 0C
[2026-04-17 09:31:50] [INFO] [接收-帧] 09:31:50.835 设备ID=12042 module=PERIODIC id=ReadFoupStatus uuid=84 len=23
frame=01 04 12 A0 DF CA 6E 14 1F 46 4B 62 57 C9 2B 11 CA 0B AE 39 66 37 0E
[2026-04-17 09:31:51] [INFO] [发送] 09:31:51.830 设备ID=12042 module=PERIODIC id=ReadFoupStatus uuid=84 sendCount=1/1 timeout=1000ms crc=30 0C len=8
frame=01 04 00 00 00 09 30 0C
[2026-04-17 09:31:51] [INFO] [接收-帧] 09:31:51.925 设备ID=12042 module=PERIODIC id=ReadFoupStatus uuid=84 len=23
frame=01 04 12 D9 C4 4C 57 80 C4 5C 60 A2 EB A4 86 C3 49 2A CE F9 8F 6A 61
[2026-04-17 09:31:52] [INFO] [发送] 09:31:52.923 设备ID=12042 module=PERIODIC id=ReadFoupStatus uuid=84 sendCount=1/1 timeout=1000ms crc=30 0C len=8
frame=01 04 00 00 00 09 30 0C
[2026-04-17 09:31:53] [INFO] [接收-帧] 09:31:53.028 设备ID=12042 module=PERIODIC id=ReadFoupStatus uuid=84 len=23
frame=01 04 12 49 58 19 72 90 A0 7A EB 82 4C F4 3F CB 9F C2 DB 04 92 71 7E
[2026-04-17 09:31:54] [INFO] [发送] 09:31:54.036 设备ID=12042 module=PERIODIC id=ReadFoupStatus uuid=84 sendCount=1/1 timeout=1000ms crc=30 0C len=8
frame=01 04 00 00 00 09 30 0C
[2026-04-17 09:31:54] [INFO] [接收-帧] 09:31:54.123 设备ID=12042 module=PERIODIC id=ReadFoupStatus uuid=84 len=23
frame=01 04 12 AF 2D 5C 1D 62 30 50 1D 02 BB 1E 8F BF 7B F7 9C FC 15 27 B2
[2026-04-17 09:31:55] [INFO] [发送] 09:31:55.122 设备ID=12042 module=PERIODIC id=ReadFoupStatus uuid=84 sendCount=1/1 timeout=1000ms crc=30 0C len=8
frame=01 04 00 00 00 09 30 0C
[2026-04-17 09:31:55] [INFO] [接收-帧] 09:31:55.210 设备ID=12042 module=PERIODIC id=ReadFoupStatus uuid=84 len=23
frame=01 04 12 6C ED 62 47 BC 82 3E 03 5C 0E 3B 8D 54 09 50 7D DC 4A 13 01
[2026-04-17 09:31:56] [INFO] [发送] 09:31:56.197 设备ID=12042 module=PERIODIC id=ReadFoupStatus uuid=84 sendCount=1/1 timeout=1000ms crc=30 0C len=8
frame=01 04 00 00 00 09 30 0C
[2026-04-17 09:31:56] [INFO] [接收-帧] 09:31:56.304 设备ID=12042 module=PERIODIC id=ReadFoupStatus uuid=84 len=23
frame=01 04 12 02 00 1D 9E F9 3B 90 A7 BD F1 7B 1C 67 08 73 EB 51 6B B3 FF
[2026-04-17 09:31:57] [INFO] [发送] 09:31:57.293 设备ID=12042 module=PERIODIC id=ReadFoupStatus uuid=84 sendCount=1/1 timeout=1000ms crc=30 0C len=8
frame=01 04 00 00 00 09 30 0C
[2026-04-17 09:31:57] [INFO] [接收-帧] 09:31:57.395 设备ID=12042 module=PERIODIC id=ReadFoupStatus uuid=84 len=23
frame=01 04 12 CA 85 C2 49 0A BA 89 E2 02 93 66 91 98 47 0A 07 8D CD 3D 79
[2026-04-17 09:31:58] [INFO] [发送] 09:31:58.387 设备ID=12042 module=PERIODIC id=ReadFoupStatus uuid=84 sendCount=1/1 timeout=1000ms crc=30 0C len=8
frame=01 04 00 00 00 09 30 0C
[2026-04-17 09:31:58] [INFO] [接收-帧] 09:31:58.487 设备ID=12042 module=PERIODIC id=ReadFoupStatus uuid=84 len=23
frame=01 04 12 8F 95 58 0C 8D 4A AD 7C 32 0E E4 C0 F3 A7 66 DF 8C 48 CD F1
[2026-04-17 09:31:59] [INFO] [发送] 09:31:59.482 设备ID=12042 module=PERIODIC id=ReadFoupStatus uuid=84 sendCount=1/1 timeout=1000ms crc=30 0C len=8
frame=01 04 00 00 00 09 30 0C
[2026-04-17 09:31:59] [INFO] [接收-帧] 09:31:59.580 设备ID=12042 module=PERIODIC id=ReadFoupStatus uuid=84 len=23
frame=01 04 12 A0 B6 58 C8 2D 16 7C 5F 61 99 64 0D 90 02 BF A6 23 B7 CD EB
[2026-04-17 09:32:00] [INFO] [发送] 09:32:00.578 设备ID=12042 module=PERIODIC id=ReadFoupStatus uuid=84 sendCount=1/1 timeout=1000ms crc=30 0C len=8
frame=01 04 00 00 00 09 30 0C
[2026-04-17 09:32:00] [INFO] [接收-帧] 09:32:00.678 设备ID=12042 module=PERIODIC id=ReadFoupStatus uuid=84 len=23
frame=01 04 12 22 B1 06 36 60 FC 3F 46 D5 72 F6 5E 94 0C 44 84 46 67 A1 F2
[2026-04-17 09:32:01] [INFO] [发送] 09:32:01.678 设备ID=12042 module=PERIODIC id=ReadFoupStatus uuid=84 sendCount=1/1 timeout=1000ms crc=30 0C len=8
frame=01 04 00 00 00 09 30 0C
[2026-04-17 09:32:01] [INFO] [接收-帧] 09:32:01.771 设备ID=12042 module=PERIODIC id=ReadFoupStatus uuid=84 len=23
frame=01 04 12 DF 2E 5F 46 9F B5 F4 18 45 05 4F EF 1B 92 1C A3 E2 43 5C B2
[2026-04-17 09:32:02] [INFO] [发送] 09:32:02.774 设备ID=12042 module=PERIODIC id=ReadFoupStatus uuid=84 sendCount=1/1 timeout=1000ms crc=30 0C len=8
frame=01 04 00 00 00 09 30 0C
[2026-04-17 09:32:02] [INFO] [接收-帧] 09:32:02.865 设备ID=12042 module=PERIODIC id=ReadFoupStatus uuid=84 len=23
frame=01 04 12 A9 15 89 99 10 95 FB B1 29 AB 4E 4A D7 DF 2E 22 BF FA 94 4E
[2026-04-17 09:32:03] [INFO] [发送] 09:32:03.868 设备ID=12042 module=PERIODIC id=ReadFoupStatus uuid=84 sendCount=1/1 timeout=1000ms crc=30 0C len=8
frame=01 04 00 00 00 09 30 0C
[2026-04-17 09:32:03] [INFO] [接收-帧] 09:32:03.959 设备ID=12042 module=PERIODIC id=ReadFoupStatus uuid=84 len=23
frame=01 04 12 56 0C 6B EB F0 57 3B C2 93 14 7C 79 F2 C2 F8 A3 77 F7 F3 0A
