[2026-04-17 09:24:09] [INFO] [发送] 09:24:09.171 设备ID=12020 module=INITIAL id=ReadVersion uuid=39 sendCount=1/4 timeout=1000ms crc=B1 CD len=8
frame=01 04 00 18 00 01 B1 CD
[2026-04-17 09:24:10] [INFO] [接收-帧] 09:24:10.140 设备ID=12020 module=INITIAL id=ReadVersion uuid=39 len=7
frame=01 04 02 00 00 B9 30
[2026-04-17 09:24:10] [INFO] [发送] 09:24:10.141 设备ID=12020 module=PERIODIC id=ReadFoupStatus uuid=40 sendCount=1/1 timeout=1000ms crc=30 0C len=8
frame=01 04 00 00 00 09 30 0C
[2026-04-17 09:24:12] [INFO] [发送] 09:24:12.137 设备ID=12020 module=PERIODIC id=ReadFoupStatus uuid=40 sendCount=1/1 timeout=1000ms crc=30 0C len=8
frame=01 04 00 00 00 09 30 0C
[2026-04-17 09:24:14] [INFO] [发送] 09:24:14.135 设备ID=12020 module=PERIODIC id=ReadFoupStatus uuid=40 sendCount=1/1 timeout=1000ms crc=30 0C len=8
frame=01 04 00 00 00 09 30 0C
[2026-04-17 09:24:16] [INFO] [发送] 09:24:16.144 设备ID=12020 module=PERIODIC id=ReadFoupStatus uuid=40 sendCount=1/1 timeout=1000ms crc=30 0C len=8
frame=01 04 00 00 00 09 30 0C
[2026-04-17 09:24:18] [INFO] [发送] 09:24:18.149 设备ID=12020 module=PERIODIC id=ReadFoupStatus uuid=40 sendCount=1/1 timeout=1000ms crc=30 0C len=8
frame=01 04 00 00 00 09 30 0C
[2026-04-17 09:24:20] [INFO] [发送] 09:24:20.154 设备ID=12020 module=PERIODIC id=ReadFoupStatus uuid=40 sendCount=1/1 timeout=1000ms crc=30 0C len=8
frame=01 04 00 00 00 09 30 0C
[2026-04-17 09:24:22] [INFO] [发送] 09:24:22.156 设备ID=12020 module=PERIODIC id=ReadFoupStatus uuid=40 sendCount=1/1 timeout=1000ms crc=30 0C len=8
frame=01 04 00 00 00 09 30 0C
[2026-04-17 09:24:24] [INFO] [发送] 09:24:24.155 设备ID=12020 module=PERIODIC id=ReadFoupStatus uuid=40 sendCount=1/1 timeout=1000ms crc=30 0C len=8
frame=01 04 00 00 00 09 30 0C
[2026-04-17 09:24:26] [INFO] [发送] 09:24:26.160 设备ID=12020 module=PERIODIC id=ReadFoupStatus uuid=40 sendCount=1/1 timeout=1000ms crc=30 0C len=8
frame=01 04 00 00 00 09 30 0C
[2026-04-17 09:24:28] [INFO] [发送] 09:24:28.165 设备ID=12020 module=PERIODIC id=ReadFoupStatus uuid=40 sendCount=1/1 timeout=1000ms crc=30 0C len=8
frame=01 04 00 00 00 09 30 0C
[2026-04-17 09:24:32] [INFO] [发送] 09:24:32.259 设备ID=12020 module=PERIODIC id=ReadFoupStatus uuid=40 sendCount=1/1 timeout=1000ms crc=30 0C len=8
frame=01 04 00 00 00 09 30 0C
[2026-04-17 09:24:34] [INFO] [发送] 09:24:34.262 设备ID=12020 module=PERIODIC id=ReadFoupStatus uuid=40 sendCount=1/1 timeout=1000ms crc=30 0C len=8
frame=01 04 00 00 00 09 30 0C
[2026-04-17 09:24:36] [INFO] [发送] 09:24:36.259 设备ID=12020 module=PERIODIC id=ReadFoupStatus uuid=40 sendCount=1/1 timeout=1000ms crc=30 0C len=8
frame=01 04 00 00 00 09 30 0C
[2026-04-17 09:24:38] [INFO] [发送] 09:24:38.264 设备ID=12020 module=PERIODIC id=ReadFoupStatus uuid=40 sendCount=1/1 timeout=1000ms crc=30 0C len=8
frame=01 04 00 00 00 09 30 0C
[2026-04-17 09:24:40] [INFO] [发送] 09:24:40.270 设备ID=12020 module=PERIODIC id=ReadFoupStatus uuid=40 sendCount=1/1 timeout=1000ms crc=30 0C len=8
frame=01 04 00 00 00 09 30 0C
[2026-04-17 09:24:42] [INFO] [发送] 09:24:42.265 设备ID=12020 module=PERIODIC id=ReadFoupStatus uuid=40 sendCount=1/1 timeout=1000ms crc=30 0C len=8
frame=01 04 00 00 00 09 30 0C
[2026-04-17 09:24:44] [INFO] [发送] 09:24:44.269 设备ID=12020 module=PERIODIC id=ReadFoupStatus uuid=40 sendCount=1/1 timeout=1000ms crc=30 0C len=8
frame=01 04 00 00 00 09 30 0C
[2026-04-17 09:24:48] [INFO] [发送] 09:24:48.231 设备ID=12020 module=PERIODIC id=ReadFoupStatus uuid=40 sendCount=1/1 timeout=1000ms crc=30 0C len=8
frame=01 04 00 00 00 09 30 0C
[2026-04-17 09:24:48] [INFO] [接收-帧] 09:24:48.345 设备ID=12020 module=PERIODIC id=ReadFoupStatus uuid=40 len=23
frame=01 04 12 23 27 E0 A6 C6 65 95 FC 2F CA 80 45 94 89 BB 6F 30 8F 43 02
[2026-04-17 09:24:49] [INFO] [发送] 09:24:49.340 设备ID=12020 module=PERIODIC id=ReadFoupStatus uuid=40 sendCount=1/1 timeout=1000ms crc=30 0C len=8
frame=01 04 00 00 00 09 30 0C
[2026-04-17 09:24:49] [INFO] [接收-帧] 09:24:49.437 设备ID=12020 module=PERIODIC id=ReadFoupStatus uuid=40 len=23
frame=01 04 12 66 5A 69 94 03 09 A4 45 5A 85 0A 64 DF 3C 30 0F 6A C6 FB 1C
[2026-04-17 09:24:50] [INFO] [发送] 09:24:50.433 设备ID=12020 module=PERIODIC id=ReadFoupStatus uuid=40 sendCount=1/1 timeout=1000ms crc=30 0C len=8
frame=01 04 00 00 00 09 30 0C
[2026-04-17 09:24:50] [INFO] [接收-帧] 09:24:50.533 设备ID=12020 module=PERIODIC id=ReadFoupStatus uuid=40 len=23
frame=01 04 12 62 45 A6 40 24 6F C8 59 8F 84 D7 C2 69 5E 35 C6 D9 5D 03 B0
[2026-04-17 09:24:51] [INFO] [发送] 09:24:51.533 设备ID=12020 module=PERIODIC id=ReadFoupStatus uuid=40 sendCount=1/1 timeout=1000ms crc=30 0C len=8
frame=01 04 00 00 00 09 30 0C
[2026-04-17 09:24:51] [INFO] [接收-帧] 09:24:51.628 设备ID=12020 module=PERIODIC id=ReadFoupStatus uuid=40 len=23
frame=01 04 12 FE BD 2D F8 59 A7 89 96 56 2B 3B 9F A0 80 F7 C6 22 CA 8A 00
[2026-04-17 09:24:52] [INFO] [发送] 09:24:52.619 设备ID=12020 module=PERIODIC id=ReadFoupStatus uuid=40 sendCount=1/1 timeout=1000ms crc=30 0C len=8
frame=01 04 00 00 00 09 30 0C
[2026-04-17 09:24:52] [INFO] [接收-帧] 09:24:52.724 设备ID=12020 module=PERIODIC id=ReadFoupStatus uuid=40 len=23
frame=01 04 12 50 A6 D3 68 82 C4 0C A6 EE 14 4F 4A 35 15 E8 5F 90 E9 AC 34
[2026-04-17 09:24:53] [INFO] [发送] 09:24:53.718 设备ID=12020 module=PERIODIC id=ReadFoupStatus uuid=40 sendCount=1/1 timeout=1000ms crc=30 0C len=8
frame=01 04 00 00 00 09 30 0C
[2026-04-17 09:24:53] [INFO] [接收-帧] 09:24:53.817 设备ID=12020 module=PERIODIC id=ReadFoupStatus uuid=40 len=23
frame=01 04 12 17 76 AB 52 41 30 92 8B 0B CB AE EF 8A E6 D7 55 DE 26 4F 14
[2026-04-17 09:24:54] [INFO] [发送] 09:24:54.813 设备ID=12020 module=PERIODIC id=ReadFoupStatus uuid=40 sendCount=1/1 timeout=1000ms crc=30 0C len=8
frame=01 04 00 00 00 09 30 0C
[2026-04-17 09:24:54] [INFO] [接收-帧] 09:24:54.910 设备ID=12020 module=PERIODIC id=ReadFoupStatus uuid=40 len=23
frame=01 04 12 6B F2 65 59 83 B9 5B 81 60 99 03 E0 30 39 FB 39 97 E0 66 D6
[2026-04-17 09:24:55] [INFO] [发送] 09:24:55.902 设备ID=12020 module=PERIODIC id=ReadFoupStatus uuid=40 sendCount=1/1 timeout=1000ms crc=30 0C len=8
frame=01 04 00 00 00 09 30 0C
[2026-04-17 09:24:56] [INFO] [接收-帧] 09:24:56.002 设备ID=12020 module=PERIODIC id=ReadFoupStatus uuid=40 len=23
frame=01 04 12 1D DE 11 6B 01 D1 F8 15 F9 19 F6 75 0E 7C BD 9B 56 36 B6 B1
[2026-04-17 09:24:56] [INFO] [发送] 09:24:56.993 设备ID=12020 module=PERIODIC id=ReadFoupStatus uuid=40 sendCount=1/1 timeout=1000ms crc=30 0C len=8
frame=01 04 00 00 00 09 30 0C
[2026-04-17 09:24:57] [INFO] [接收-帧] 09:24:57.091 设备ID=12020 module=PERIODIC id=ReadFoupStatus uuid=40 len=23
frame=01 04 12 6C F0 7E 0E F3 87 76 10 25 23 EB F4 D7 B9 B5 C5 0B 9C 33 E6
[2026-04-17 09:24:58] [INFO] [发送] 09:24:58.087 设备ID=12020 module=PERIODIC id=ReadFoupStatus uuid=40 sendCount=1/1 timeout=1000ms crc=30 0C len=8
frame=01 04 00 00 00 09 30 0C
[2026-04-17 09:24:58] [INFO] [接收-帧] 09:24:58.192 设备ID=12020 module=PERIODIC id=ReadFoupStatus uuid=40 len=23
frame=01 04 12 E9 CB 06 44 A5 A3 A2 B3 F1 99 E7 F5 6D 51 4E 01 7A C2 29 1C
[2026-04-17 09:24:59] [INFO] [发送] 09:24:59.180 设备ID=12020 module=PERIODIC id=ReadFoupStatus uuid=40 sendCount=1/1 timeout=1000ms crc=30 0C len=8
frame=01 04 00 00 00 09 30 0C
[2026-04-17 09:24:59] [INFO] [接收-帧] 09:24:59.280 设备ID=12020 module=PERIODIC id=ReadFoupStatus uuid=40 len=23
frame=01 04 12 5F 94 21 A0 0F 21 CB 08 48 73 B3 CC 44 22 F9 35 8A FA 08 68
[2026-04-17 09:25:00] [INFO] [发送] 09:25:00.275 设备ID=12020 module=PERIODIC id=ReadFoupStatus uuid=40 sendCount=1/1 timeout=1000ms crc=30 0C len=8
frame=01 04 00 00 00 09 30 0C
[2026-04-17 09:25:00] [INFO] [接收-帧] 09:25:00.374 设备ID=12020 module=PERIODIC id=ReadFoupStatus uuid=40 len=23
frame=01 04 12 73 80 0C 5F 7F 55 5A EE FF CA 53 78 0B C9 C8 95 76 02 2D 98
[2026-04-17 09:25:01] [INFO] [发送] 09:25:01.370 设备ID=12020 module=PERIODIC id=ReadFoupStatus uuid=40 sendCount=1/1 timeout=1000ms crc=30 0C len=8
frame=01 04 00 00 00 09 30 0C
[2026-04-17 09:25:01] [INFO] [接收-帧] 09:25:01.466 设备ID=12020 module=PERIODIC id=ReadFoupStatus uuid=40 len=23
frame=01 04 12 82 3F 9D E1 F8 FC D7 C8 62 D1 B4 98 F8 9B 89 B6 AB E6 4A 30
[2026-04-17 09:25:02] [INFO] [发送] 09:25:02.463 设备ID=12020 module=PERIODIC id=ReadFoupStatus uuid=40 sendCount=1/1 timeout=1000ms crc=30 0C len=8
frame=01 04 00 00 00 09 30 0C
[2026-04-17 09:25:02] [INFO] [接收-帧] 09:25:02.566 设备ID=12020 module=PERIODIC id=ReadFoupStatus uuid=40 len=23
frame=01 04 12 EE 31 C2 E2 C7 23 A5 30 4E D5 6A A7 2E 80 C4 92 49 B1 D5 26
[2026-04-17 09:25:03] [INFO] [发送] 09:25:03.563 设备ID=12020 module=PERIODIC id=ReadFoupStatus uuid=40 sendCount=1/1 timeout=1000ms crc=30 0C len=8
frame=01 04 00 00 00 09 30 0C
[2026-04-17 09:25:03] [INFO] [接收-帧] 09:25:03.656 设备ID=12020 module=PERIODIC id=ReadFoupStatus uuid=40 len=23
frame=01 04 12 95 F6 6B C8 E6 25 60 56 0B 8D 1E FF 5E 88 1C 1E 6B 48 13 89
[2026-04-17 09:25:04] [INFO] [发送] 09:25:04.653 设备ID=12020 module=PERIODIC id=ReadFoupStatus uuid=40 sendCount=1/1 timeout=1000ms crc=30 0C len=8
frame=01 04 00 00 00 09 30 0C
[2026-04-17 09:25:04] [INFO] [接收-帧] 09:25:04.751 设备ID=12020 module=PERIODIC id=ReadFoupStatus uuid=40 len=23
frame=01 04 12 7F 81 FA 03 FB 55 CC 09 FC 4E DB 42 82 02 97 92 2B BD 76 8E
[2026-04-17 09:25:05] [INFO] [发送] 09:25:05.747 设备ID=12020 module=PERIODIC id=ReadFoupStatus uuid=40 sendCount=1/1 timeout=1000ms crc=30 0C len=8
frame=01 04 00 00 00 09 30 0C
[2026-04-17 09:25:05] [INFO] [接收-帧] 09:25:05.842 设备ID=12020 module=PERIODIC id=ReadFoupStatus uuid=40 len=23
frame=01 04 12 CD 93 AF 4C EC F3 05 0E D2 B9 44 9B 8C 99 AE 12 56 10 FC 57
[2026-04-17 09:25:06] [INFO] [发送] 09:25:06.843 设备ID=12020 module=PERIODIC id=ReadFoupStatus uuid=40 sendCount=1/1 timeout=1000ms crc=30 0C len=8
frame=01 04 00 00 00 09 30 0C
[2026-04-17 09:25:06] [INFO] [接收-帧] 09:25:06.934 设备ID=12020 module=PERIODIC id=ReadFoupStatus uuid=40 len=23
frame=01 04 12 5B 3C D0 D3 67 0E 38 39 F0 CE 3D 4D 09 22 E3 94 15 CD 3C 39
[2026-04-17 09:25:07] [INFO] [发送] 09:25:07.940 设备ID=12020 module=PERIODIC id=ReadFoupStatus uuid=40 sendCount=1/1 timeout=1000ms crc=30 0C len=8
frame=01 04 00 00 00 09 30 0C
[2026-04-17 09:25:08] [INFO] [接收-帧] 09:25:08.033 设备ID=12020 module=PERIODIC id=ReadFoupStatus uuid=40 len=23
frame=01 04 12 17 32 14 29 EA 22 3A 2D 53 4B 61 65 BD 30 80 2C F3 F1 8F CC
[2026-04-17 09:25:09] [INFO] [发送] 09:25:09.024 设备ID=12020 module=PERIODIC id=ReadFoupStatus uuid=40 sendCount=1/1 timeout=1000ms crc=30 0C len=8
frame=01 04 00 00 00 09 30 0C
[2026-04-17 09:25:09] [INFO] [接收-帧] 09:25:09.123 设备ID=12020 module=PERIODIC id=ReadFoupStatus uuid=40 len=23
frame=01 04 12 93 14 9A BA 97 88 7D FD 38 A1 BF BB 21 14 2A 6B 1A E9 56 18
[2026-04-17 09:25:10] [INFO] [发送] 09:25:10.121 设备ID=12020 module=PERIODIC id=ReadFoupStatus uuid=40 sendCount=1/1 timeout=1000ms crc=30 0C len=8
frame=01 04 00 00 00 09 30 0C
[2026-04-17 09:25:10] [INFO] [接收-帧] 09:25:10.218 设备ID=12020 module=PERIODIC id=ReadFoupStatus uuid=40 len=23
frame=01 04 12 A0 0B 81 DB 83 6C A6 B6 A0 93 E8 FD 50 DF 24 F8 1A 7F 3D B5
[2026-04-17 09:25:11] [INFO] [发送] 09:25:11.214 设备ID=12020 module=PERIODIC id=ReadFoupStatus uuid=40 sendCount=1/1 timeout=1000ms crc=30 0C len=8
frame=01 04 00 00 00 09 30 0C
[2026-04-17 09:25:11] [INFO] [接收-帧] 09:25:11.320 设备ID=12020 module=PERIODIC id=ReadFoupStatus uuid=40 len=23
frame=01 04 12 67 50 8B 18 F4 8F 31 48 E5 A3 70 88 44 EF 6E 5C 02 8B 86 F9
[2026-04-17 09:25:12] [INFO] [发送] 09:25:12.311 设备ID=12020 module=PERIODIC id=ReadFoupStatus uuid=40 sendCount=1/1 timeout=1000ms crc=30 0C len=8
frame=01 04 00 00 00 09 30 0C
[2026-04-17 09:25:12] [INFO] [接收-帧] 09:25:12.408 设备ID=12020 module=PERIODIC id=ReadFoupStatus uuid=40 len=23
frame=01 04 12 51 4D A0 A7 8F E0 D2 D9 3B 97 0E 40 98 5C A8 47 1F C6 9F F3
[2026-04-17 09:25:13] [INFO] [发送] 09:25:13.398 设备ID=12020 module=PERIODIC id=ReadFoupStatus uuid=40 sendCount=1/1 timeout=1000ms crc=30 0C len=8
frame=01 04 00 00 00 09 30 0C
[2026-04-17 09:25:13] [INFO] [接收-帧] 09:25:13.500 设备ID=12020 module=PERIODIC id=ReadFoupStatus uuid=40 len=23
frame=01 04 12 9E A9 5B 43 DA 01 1E 9F 9B 9D 14 67 B3 74 58 00 14 96 41 2D
[2026-04-17 09:25:14] [INFO] [发送] 09:25:14.494 设备ID=12020 module=PERIODIC id=ReadFoupStatus uuid=40 sendCount=1/1 timeout=1000ms crc=30 0C len=8
frame=01 04 00 00 00 09 30 0C
[2026-04-17 09:25:14] [INFO] [接收-帧] 09:25:14.612 设备ID=12020 module=PERIODIC id=ReadFoupStatus uuid=40 len=23
frame=01 04 12 82 8E E2 5A 89 BA 18 65 87 DC EE C9 46 7F 9A 86 59 4F 3E 65
[2026-04-17 09:25:15] [INFO] [发送] 09:25:15.604 设备ID=12020 module=PERIODIC id=ReadFoupStatus uuid=40 sendCount=1/1 timeout=1000ms crc=30 0C len=8
frame=01 04 00 00 00 09 30 0C
[2026-04-17 09:25:15] [INFO] [接收-帧] 09:25:15.684 设备ID=12020 module=PERIODIC id=ReadFoupStatus uuid=40 len=23
frame=01 04 12 83 A5 CF 0B B1 FB 57 3B 59 15 C5 91 A2 B8 6A 5F C9 47 40 04
[2026-04-17 09:25:16] [INFO] [发送] 09:25:16.685 设备ID=12020 module=PERIODIC id=ReadFoupStatus uuid=40 sendCount=1/1 timeout=1000ms crc=30 0C len=8
frame=01 04 00 00 00 09 30 0C
[2026-04-17 09:25:16] [INFO] [接收-帧] 09:25:16.794 设备ID=12020 module=PERIODIC id=ReadFoupStatus uuid=40 len=23
frame=01 04 12 D5 5E 6B A8 63 2A FB C8 7D 83 D3 BE F2 97 D2 B9 B4 2F CF 89
[2026-04-17 09:25:17] [INFO] [发送] 09:25:17.796 设备ID=12020 module=PERIODIC id=ReadFoupStatus uuid=40 sendCount=1/1 timeout=1000ms crc=30 0C len=8
frame=01 04 00 00 00 09 30 0C
[2026-04-17 09:25:17] [INFO] [接收-帧] 09:25:17.875 设备ID=12020 module=PERIODIC id=ReadFoupStatus uuid=40 len=23
frame=01 04 12 1E 15 1E C8 7B B5 4A 27 A1 A6 A3 0E 15 71 EB 2B 01 9C 04 3B
[2026-04-17 09:25:18] [INFO] [发送] 09:25:18.867 设备ID=12020 module=PERIODIC id=ReadFoupStatus uuid=40 sendCount=1/1 timeout=1000ms crc=30 0C len=8
frame=01 04 00 00 00 09 30 0C
[2026-04-17 09:25:18] [INFO] [接收-帧] 09:25:18.974 设备ID=12020 module=PERIODIC id=ReadFoupStatus uuid=40 len=23
frame=01 04 12 41 13 94 0C E2 40 03 4B 2C 6F 71 D5 04 D5 CB 54 EE 3C A0 D0
[2026-04-17 09:25:19] [INFO] [发送] 09:25:19.961 设备ID=12020 module=PERIODIC id=ReadFoupStatus uuid=40 sendCount=1/1 timeout=1000ms crc=30 0C len=8
frame=01 04 00 00 00 09 30 0C
[2026-04-17 09:25:20] [INFO] [接收-帧] 09:25:20.060 设备ID=12020 module=PERIODIC id=ReadFoupStatus uuid=40 len=23
frame=01 04 12 89 EB 21 87 BF 62 DD ED 93 6A 11 DB 85 0A 59 5E E5 9C D2 0C
[2026-04-17 09:25:21] [INFO] [发送] 09:25:21.057 设备ID=12020 module=PERIODIC id=ReadFoupStatus uuid=40 sendCount=1/1 timeout=1000ms crc=30 0C len=8
frame=01 04 00 00 00 09 30 0C
[2026-04-17 09:25:21] [INFO] [接收-帧] 09:25:21.153 设备ID=12020 module=PERIODIC id=ReadFoupStatus uuid=40 len=23
frame=01 04 12 5A 9B 0E 6F 16 27 D2 AF 5F 08 5E F0 86 62 95 9D 98 97 FF 1B
[2026-04-17 09:25:22] [INFO] [发送] 09:25:22.153 设备ID=12020 module=PERIODIC id=ReadFoupStatus uuid=40 sendCount=1/1 timeout=1000ms crc=30 0C len=8
frame=01 04 00 00 00 09 30 0C
[2026-04-17 09:25:22] [INFO] [接收-帧] 09:25:22.249 设备ID=12020 module=PERIODIC id=ReadFoupStatus uuid=40 len=23
frame=01 04 12 F0 32 04 4A EC ED 7F A9 F6 98 91 67 E5 42 EA 9F 5B 22 D1 31
[2026-04-17 09:25:23] [INFO] [发送] 09:25:23.245 设备ID=12020 module=PERIODIC id=ReadFoupStatus uuid=40 sendCount=1/1 timeout=1000ms crc=30 0C len=8
frame=01 04 00 00 00 09 30 0C
[2026-04-17 09:25:23] [INFO] [接收-帧] 09:25:23.342 设备ID=12020 module=PERIODIC id=ReadFoupStatus uuid=40 len=23
frame=01 04 12 74 7C 69 73 54 00 73 7A A5 BF 00 B3 B2 69 9E 09 63 E8 CA 4B
[2026-04-17 09:25:24] [INFO] [发送] 09:25:24.344 设备ID=12020 module=PERIODIC id=ReadFoupStatus uuid=40 sendCount=1/1 timeout=1000ms crc=30 0C len=8
frame=01 04 00 00 00 09 30 0C
[2026-04-17 09:25:24] [INFO] [接收-帧] 09:25:24.442 设备ID=12020 module=PERIODIC id=ReadFoupStatus uuid=40 len=23
frame=01 04 12 6F 72 BA 4B C4 E2 20 EB A7 A6 83 8B 9E 21 74 08 11 6D B9 A8
[2026-04-17 09:25:25] [INFO] [发送] 09:25:25.430 设备ID=12020 module=PERIODIC id=ReadFoupStatus uuid=40 sendCount=1/1 timeout=1000ms crc=30 0C len=8
frame=01 04 00 00 00 09 30 0C
[2026-04-17 09:25:25] [INFO] [接收-帧] 09:25:25.535 设备ID=12020 module=PERIODIC id=ReadFoupStatus uuid=40 len=23
frame=01 04 12 B9 D6 EE C8 83 5D D7 C6 D4 FC D5 29 CE 32 7C DE 41 9D 4D 6E
[2026-04-17 09:25:26] [INFO] [发送] 09:25:26.524 设备ID=12020 module=PERIODIC id=ReadFoupStatus uuid=40 sendCount=1/1 timeout=1000ms crc=30 0C len=8
frame=01 04 00 00 00 09 30 0C
[2026-04-17 09:25:26] [INFO] [接收-帧] 09:25:26.621 设备ID=12020 module=PERIODIC id=ReadFoupStatus uuid=40 len=23
frame=01 04 12 85 F4 AA E5 52 E0 62 D1 44 2C A6 EA 2B 3C FD 1D 83 75 42 C2
[2026-04-17 09:25:27] [INFO] [发送] 09:25:27.618 设备ID=12020 module=PERIODIC id=ReadFoupStatus uuid=40 sendCount=1/1 timeout=1000ms crc=30 0C len=8
frame=01 04 00 00 00 09 30 0C
[2026-04-17 09:25:27] [INFO] [接收-帧] 09:25:27.721 设备ID=12020 module=PERIODIC id=ReadFoupStatus uuid=40 len=23
frame=01 04 12 C4 84 BD E1 1C 2B 40 36 DF 94 7F F1 98 57 68 A3 77 BC BF DB
[2026-04-17 09:25:28] [INFO] [发送] 09:25:28.716 设备ID=12020 module=PERIODIC id=ReadFoupStatus uuid=40 sendCount=1/1 timeout=1000ms crc=30 0C len=8
frame=01 04 00 00 00 09 30 0C
[2026-04-17 09:25:28] [INFO] [接收-帧] 09:25:28.818 设备ID=12020 module=PERIODIC id=ReadFoupStatus uuid=40 len=23
frame=01 04 12 90 F9 59 4E 8C CC 35 56 E4 C6 29 DA 12 8A A2 A9 9F 0E 04 FB
[2026-04-17 09:25:29] [INFO] [发送] 09:25:29.806 设备ID=12020 module=PERIODIC id=ReadFoupStatus uuid=40 sendCount=1/1 timeout=1000ms crc=30 0C len=8
frame=01 04 00 00 00 09 30 0C
[2026-04-17 09:25:29] [INFO] [接收-帧] 09:25:29.909 设备ID=12020 module=PERIODIC id=ReadFoupStatus uuid=40 len=23
frame=01 04 12 34 8F 0C 79 60 CD 36 75 49 E8 C1 17 E4 EC 6C D2 49 13 FB 3B
[2026-04-17 09:25:30] [INFO] [发送] 09:25:30.904 设备ID=12020 module=PERIODIC id=ReadFoupStatus uuid=40 sendCount=1/1 timeout=1000ms crc=30 0C len=8
frame=01 04 00 00 00 09 30 0C
[2026-04-17 09:25:31] [INFO] [接收-帧] 09:25:31.000 设备ID=12020 module=PERIODIC id=ReadFoupStatus uuid=40 len=23
frame=01 04 12 6C D0 DD 90 4D 7F CC 3F 01 8F 43 9B 76 F5 27 17 9E 88 BE 39
[2026-04-17 09:25:31] [INFO] [发送] 09:25:31.994 设备ID=12020 module=PERIODIC id=ReadFoupStatus uuid=40 sendCount=1/1 timeout=1000ms crc=30 0C len=8
frame=01 04 00 00 00 09 30 0C
[2026-04-17 09:25:32] [INFO] [接收-帧] 09:25:32.096 设备ID=12020 module=PERIODIC id=ReadFoupStatus uuid=40 len=23
frame=01 04 12 B7 B8 7B A7 85 C3 F6 F2 78 85 02 96 C3 99 C2 15 F2 0F EA AE
[2026-04-17 09:25:33] [INFO] [发送] 09:25:33.089 设备ID=12020 module=PERIODIC id=ReadFoupStatus uuid=40 sendCount=1/1 timeout=1000ms crc=30 0C len=8
frame=01 04 00 00 00 09 30 0C
[2026-04-17 09:25:33] [INFO] [接收-帧] 09:25:33.191 设备ID=12020 module=PERIODIC id=ReadFoupStatus uuid=40 len=23
frame=01 04 12 A3 D0 22 7B 6B A2 58 E0 81 93 40 FA 77 E7 9A ED B4 D3 F6 A1
[2026-04-17 09:25:34] [INFO] [发送] 09:25:34.180 设备ID=12020 module=PERIODIC id=ReadFoupStatus uuid=40 sendCount=1/1 timeout=1000ms crc=30 0C len=8
frame=01 04 00 00 00 09 30 0C
[2026-04-17 09:25:34] [INFO] [接收-帧] 09:25:34.284 设备ID=12020 module=PERIODIC id=ReadFoupStatus uuid=40 len=23
frame=01 04 12 35 47 B7 59 6E 4B 30 D1 BA 40 D8 7C 49 10 C8 69 2A F6 0B 3D
[2026-04-17 09:25:35] [INFO] [发送] 09:25:35.275 设备ID=12020 module=PERIODIC id=ReadFoupStatus uuid=40 sendCount=1/1 timeout=1000ms crc=30 0C len=8
frame=01 04 00 00 00 09 30 0C
[2026-04-17 09:25:35] [INFO] [接收-帧] 09:25:35.378 设备ID=12020 module=PERIODIC id=ReadFoupStatus uuid=40 len=23
frame=01 04 12 F9 EE A3 38 CC 22 1A 15 68 32 7E 66 9B 0D F9 D1 CD EA 69 58
[2026-04-17 09:25:36] [INFO] [发送] 09:25:36.371 设备ID=12020 module=PERIODIC id=ReadFoupStatus uuid=40 sendCount=1/1 timeout=1000ms crc=30 0C len=8
frame=01 04 00 00 00 09 30 0C
[2026-04-17 09:25:36] [INFO] [接收-帧] 09:25:36.472 设备ID=12020 module=PERIODIC id=ReadFoupStatus uuid=40 len=23
frame=01 04 12 83 AA C3 42 ED 77 EB 6F 5B 63 CA D1 46 16 E2 97 A1 1D 18 3F
[2026-04-17 09:25:37] [INFO] [发送] 09:25:37.463 设备ID=12020 module=PERIODIC id=ReadFoupStatus uuid=40 sendCount=1/1 timeout=1000ms crc=30 0C len=8
frame=01 04 00 00 00 09 30 0C
[2026-04-17 09:25:37] [INFO] [接收-帧] 09:25:37.561 设备ID=12020 module=PERIODIC id=ReadFoupStatus uuid=40 len=23
frame=01 04 12 B4 4F F5 C4 34 F2 AC 31 F4 76 01 C5 74 70 80 B7 B1 C7 C4 05
[2026-04-17 09:25:38] [INFO] [发送] 09:25:38.554 设备ID=12020 module=PERIODIC id=ReadFoupStatus uuid=40 sendCount=1/1 timeout=1000ms crc=30 0C len=8
frame=01 04 00 00 00 09 30 0C
[2026-04-17 09:25:38] [INFO] [接收-帧] 09:25:38.653 设备ID=12020 module=PERIODIC id=ReadFoupStatus uuid=40 len=23
frame=01 04 12 28 21 FC 9F 58 EB 40 F1 19 F5 4A 77 8D 7C CF 48 B2 23 8F 96
[2026-04-17 09:25:39] [INFO] [发送] 09:25:39.652 设备ID=12020 module=PERIODIC id=ReadFoupStatus uuid=40 sendCount=1/1 timeout=1000ms crc=30 0C len=8
frame=01 04 00 00 00 09 30 0C
[2026-04-17 09:25:39] [INFO] [接收-帧] 09:25:39.749 设备ID=12020 module=PERIODIC id=ReadFoupStatus uuid=40 len=23
frame=01 04 12 24 AA 7F 30 AC 81 61 D2 3D D5 20 FB EC FC F3 19 E5 5F 59 4A
[2026-04-17 09:25:40] [INFO] [发送] 09:25:40.742 设备ID=12020 module=PERIODIC id=ReadFoupStatus uuid=40 sendCount=1/1 timeout=1000ms crc=30 0C len=8
frame=01 04 00 00 00 09 30 0C
[2026-04-17 09:25:40] [INFO] [接收-帧] 09:25:40.843 设备ID=12020 module=PERIODIC id=ReadFoupStatus uuid=40 len=23
frame=01 04 12 9E 6D 1B F3 27 30 92 EB DE D3 29 D6 AB 32 53 C4 7C 01 6B C6
[2026-04-17 09:25:41] [INFO] [发送] 09:25:41.842 设备ID=12020 module=PERIODIC id=ReadFoupStatus uuid=40 sendCount=1/1 timeout=1000ms crc=30 0C len=8
frame=01 04 00 00 00 09 30 0C
[2026-04-17 09:25:41] [INFO] [接收-帧] 09:25:41.935 设备ID=12020 module=PERIODIC id=ReadFoupStatus uuid=40 len=23
frame=01 04 12 7E 40 21 A3 B4 43 B6 F9 0B 00 7E 0C 0A BA 05 41 9D EA 46 05
[2026-04-17 09:25:42] [INFO] [发送] 09:25:42.932 设备ID=12020 module=PERIODIC id=ReadFoupStatus uuid=40 sendCount=1/1 timeout=1000ms crc=30 0C len=8
frame=01 04 00 00 00 09 30 0C
[2026-04-17 09:25:43] [INFO] [接收-帧] 09:25:43.036 设备ID=12020 module=PERIODIC id=ReadFoupStatus uuid=40 len=23
frame=01 04 12 3C DF E6 0A 71 1F A2 EC CE 57 64 75 74 39 19 F8 30 07 32 0D
[2026-04-17 09:25:44] [INFO] [发送] 09:25:44.030 设备ID=12020 module=PERIODIC id=ReadFoupStatus uuid=40 sendCount=1/1 timeout=1000ms crc=30 0C len=8
frame=01 04 00 00 00 09 30 0C
[2026-04-17 09:25:44] [INFO] [接收-帧] 09:25:44.123 设备ID=12020 module=PERIODIC id=ReadFoupStatus uuid=40 len=23
frame=01 04 12 52 C4 5B 5B B2 1D 7A E8 C2 31 C0 1F 8E CC F8 BB 1E 18 67 1D
[2026-04-17 09:25:45] [INFO] [发送] 09:25:45.120 设备ID=12020 module=PERIODIC id=ReadFoupStatus uuid=40 sendCount=1/1 timeout=1000ms crc=30 0C len=8
frame=01 04 00 00 00 09 30 0C
[2026-04-17 09:25:45] [INFO] [接收-帧] 09:25:45.220 设备ID=12020 module=PERIODIC id=ReadFoupStatus uuid=40 len=23
frame=01 04 12 8A CD 6D B9 79 EF D0 C9 83 00 93 6A 10 0B 3A 4F 2D F2 6C 82
[2026-04-17 09:25:46] [INFO] [发送] 09:25:46.213 设备ID=12020 module=PERIODIC id=ReadFoupStatus uuid=40 sendCount=1/1 timeout=1000ms crc=30 0C len=8
frame=01 04 00 00 00 09 30 0C
[2026-04-17 09:25:46] [INFO] [接收-帧] 09:25:46.345 设备ID=12020 module=PERIODIC id=ReadFoupStatus uuid=40 len=23
frame=01 04 12 47 3A FD 95 B5 67 FC AE F5 FB 14 26 32 C4 C9 14 7D 7E 51 1F
[2026-04-17 09:25:47] [INFO] [发送] 09:25:47.338 设备ID=12020 module=PERIODIC id=ReadFoupStatus uuid=40 sendCount=1/1 timeout=1000ms crc=30 0C len=8
frame=01 04 00 00 00 09 30 0C
[2026-04-17 09:25:47] [INFO] [接收-帧] 09:25:47.428 设备ID=12020 module=PERIODIC id=ReadFoupStatus uuid=40 len=23
frame=01 04 12 38 8E 09 BA C9 94 F5 DA 48 F5 D9 0B F1 D9 E9 8D BB 6D 23 F8
[2026-04-17 09:25:48] [INFO] [发送] 09:25:48.416 设备ID=12020 module=PERIODIC id=ReadFoupStatus uuid=40 sendCount=1/1 timeout=1000ms crc=30 0C len=8
frame=01 04 00 00 00 09 30 0C
[2026-04-17 09:25:48] [INFO] [接收-帧] 09:25:48.500 设备ID=12020 module=PERIODIC id=ReadFoupStatus uuid=40 len=23
frame=01 04 12 AD D8 DD E3 FF 2A 34 B4 D5 A2 24 22 3D AC 41 D4 36 00 5E 4D
[2026-04-17 09:25:49] [INFO] [发送] 09:25:49.500 设备ID=12020 module=PERIODIC id=ReadFoupStatus uuid=40 sendCount=1/1 timeout=1000ms crc=30 0C len=8
frame=01 04 00 00 00 09 30 0C
[2026-04-17 09:25:49] [INFO] [接收-帧] 09:25:49.593 设备ID=12020 module=PERIODIC id=ReadFoupStatus uuid=40 len=23
frame=01 04 12 DE 4D 80 E1 FF 55 6F C1 38 0C 82 FE B7 97 2B A4 6D FE 6E 67
[2026-04-17 09:25:50] [INFO] [发送] 09:25:50.742 设备ID=12020 module=PERIODIC id=ReadFoupStatus uuid=40 sendCount=1/1 timeout=1000ms crc=30 0C len=8
frame=01 04 00 00 00 09 30 0C
[2026-04-17 09:25:50] [INFO] [接收-帧] 09:25:50.798 设备ID=12020 module=PERIODIC id=ReadFoupStatus uuid=40 len=23
frame=01 04 12 E4 AE 40 B0 81 CF 67 74 FD 48 6C E2 8A 85 3D C8 0A 21 6C 15
[2026-04-17 09:25:51] [INFO] [发送] 09:25:51.794 设备ID=12020 module=PERIODIC id=ReadFoupStatus uuid=40 sendCount=1/1 timeout=1000ms crc=30 0C len=8
frame=01 04 00 00 00 09 30 0C
[2026-04-17 09:25:52] [INFO] [接收-帧] 09:25:52.205 设备ID=12020 module=PERIODIC id=ReadFoupStatus uuid=40 len=23
frame=01 04 12 A8 B0 B2 27 D0 33 C1 00 4A 8F 0B B6 0A B3 0F 56 C5 64 4A 89
[2026-04-17 09:25:53] [INFO] [发送] 09:25:53.200 设备ID=12020 module=PERIODIC id=ReadFoupStatus uuid=40 sendCount=1/1 timeout=1000ms crc=30 0C len=8
frame=01 04 00 00 00 09 30 0C
[2026-04-17 09:25:53] [INFO] [接收-帧] 09:25:53.206 设备ID=12020 module=PERIODIC id=ReadFoupStatus uuid=40 len=23
frame=01 04 12 81 35 1E AC 23 17 6C 3D 68 80 C8 73 A1 67 16 F4 1D 51 53 AE
[2026-04-17 09:25:54] [INFO] [发送] 09:25:54.210 设备ID=12020 module=PERIODIC id=ReadFoupStatus uuid=40 sendCount=1/1 timeout=1000ms crc=30 0C len=8
frame=01 04 00 00 00 09 30 0C
[2026-04-17 09:25:54] [INFO] [接收-帧] 09:25:54.296 设备ID=12020 module=PERIODIC id=ReadFoupStatus uuid=40 len=23
frame=01 04 12 3D CA C8 B4 D9 9B 03 1E 64 0F BB A6 D5 39 17 96 BF C0 BD 6B
[2026-04-17 09:25:55] [INFO] [发送] 09:25:55.304 设备ID=12020 module=PERIODIC id=ReadFoupStatus uuid=40 sendCount=1/1 timeout=1000ms crc=30 0C len=8
frame=01 04 00 00 00 09 30 0C
[2026-04-17 09:25:55] [INFO] [接收-帧] 09:25:55.392 设备ID=12020 module=PERIODIC id=ReadFoupStatus uuid=40 len=23
frame=01 04 12 6B 58 A0 71 08 FB 4B 0B 18 08 8A 19 2B A6 53 BC D8 26 29 E9
[2026-04-17 09:25:56] [INFO] [发送] 09:25:56.388 设备ID=12020 module=PERIODIC id=ReadFoupStatus uuid=40 sendCount=1/1 timeout=1000ms crc=30 0C len=8
frame=01 04 00 00 00 09 30 0C
[2026-04-17 09:25:56] [INFO] [接收-帧] 09:25:56.483 设备ID=12020 module=PERIODIC id=ReadFoupStatus uuid=40 len=23
frame=01 04 12 3A A4 39 0A 87 C2 E0 CC 3F F3 B9 A4 FF 66 68 95 E3 14 9E B4
[2026-04-17 09:25:57] [INFO] [发送] 09:25:57.490 设备ID=12020 module=PERIODIC id=ReadFoupStatus uuid=40 sendCount=1/1 timeout=1000ms crc=30 0C len=8
frame=01 04 00 00 00 09 30 0C
[2026-04-17 09:25:57] [INFO] [接收-帧] 09:25:57.578 设备ID=12020 module=PERIODIC id=ReadFoupStatus uuid=40 len=23
frame=01 04 12 1D B1 52 22 38 47 FA AF 3B 07 68 F1 CF C8 E5 7A A6 8C 63 88
[2026-04-17 09:25:58] [INFO] [发送] 09:25:58.571 设备ID=12020 module=PERIODIC id=ReadFoupStatus uuid=40 sendCount=1/1 timeout=1000ms crc=30 0C len=8
frame=01 04 00 00 00 09 30 0C
[2026-04-17 09:25:58] [INFO] [接收-帧] 09:25:58.685 设备ID=12020 module=PERIODIC id=ReadFoupStatus uuid=40 len=23
frame=01 04 12 CF 33 04 F8 20 D1 EF 8F 47 2A 3D A4 92 F3 A9 F5 D5 70 40 F9
[2026-04-17 09:25:59] [INFO] [发送] 09:25:59.685 设备ID=12020 module=PERIODIC id=ReadFoupStatus uuid=40 sendCount=1/1 timeout=1000ms crc=30 0C len=8
frame=01 04 00 00 00 09 30 0C
[2026-04-17 09:25:59] [INFO] [接收-帧] 09:25:59.769 设备ID=12020 module=PERIODIC id=ReadFoupStatus uuid=40 len=23
frame=01 04 12 D8 BB EC 4F 70 17 5F 89 DD 3E 2C B6 F2 D1 DB 3F 41 3F 60 33
[2026-04-17 09:26:00] [INFO] [发送] 09:26:00.769 设备ID=12020 module=PERIODIC id=ReadFoupStatus uuid=40 sendCount=1/1 timeout=1000ms crc=30 0C len=8
frame=01 04 00 00 00 09 30 0C
[2026-04-17 09:26:00] [INFO] [接收-帧] 09:26:00.863 设备ID=12020 module=PERIODIC id=ReadFoupStatus uuid=40 len=23
frame=01 04 12 9F E8 FB DE D6 73 9D FE 4E EC 02 90 5D CC 21 2A B2 F3 52 35
[2026-04-17 09:26:01] [INFO] [发送] 09:26:01.860 设备ID=12020 module=PERIODIC id=ReadFoupStatus uuid=40 sendCount=1/1 timeout=1000ms crc=30 0C len=8
frame=01 04 00 00 00 09 30 0C
[2026-04-17 09:26:01] [INFO] [接收-帧] 09:26:01.953 设备ID=12020 module=PERIODIC id=ReadFoupStatus uuid=40 len=23
frame=01 04 12 DD FD 83 1F 81 D5 15 2A EB 36 BB AC 0C 5F 23 F3 2B 46 6A CF
[2026-04-17 09:26:02] [INFO] [发送] 09:26:02.952 设备ID=12020 module=PERIODIC id=ReadFoupStatus uuid=40 sendCount=1/1 timeout=1000ms crc=30 0C len=8
frame=01 04 00 00 00 09 30 0C
[2026-04-17 09:26:03] [INFO] [接收-帧] 09:26:03.047 设备ID=12020 module=PERIODIC id=ReadFoupStatus uuid=40 len=23
frame=01 04 12 68 F8 A0 84 53 41 9F ED 9C 51 43 E3 0A 43 37 D3 04 99 29 33
[2026-04-17 09:26:04] [INFO] [发送] 09:26:04.044 设备ID=12020 module=PERIODIC id=ReadFoupStatus uuid=40 sendCount=1/1 timeout=1000ms crc=30 0C len=8
frame=01 04 00 00 00 09 30 0C
[2026-04-17 09:26:04] [INFO] [接收-帧] 09:26:04.141 设备ID=12020 module=PERIODIC id=ReadFoupStatus uuid=40 len=23
frame=01 04 12 D7 0D 6F 0B BC 17 7B 15 47 3D 41 92 B6 A6 F8 53 EF E0 42 DE
[2026-04-17 09:26:05] [INFO] [发送] 09:26:05.134 设备ID=12020 module=PERIODIC id=ReadFoupStatus uuid=40 sendCount=1/1 timeout=1000ms crc=30 0C len=8
frame=01 04 00 00 00 09 30 0C
[2026-04-17 09:26:05] [INFO] [接收-帧] 09:26:05.234 设备ID=12020 module=PERIODIC id=ReadFoupStatus uuid=40 len=23
frame=01 04 12 7A D7 F1 92 A3 71 7E 8C D7 37 7A E0 59 6C 38 A2 49 CF C0 3C
[2026-04-17 09:26:06] [INFO] [发送] 09:26:06.230 设备ID=12020 module=PERIODIC id=ReadFoupStatus uuid=40 sendCount=1/1 timeout=1000ms crc=30 0C len=8
frame=01 04 00 00 00 09 30 0C
[2026-04-17 09:26:06] [INFO] [接收-帧] 09:26:06.327 设备ID=12020 module=PERIODIC id=ReadFoupStatus uuid=40 len=23
frame=01 04 12 32 7C 7F 86 ED A8 A3 4A DA 44 0B 21 7D 34 4E 85 2B B5 DB A4
[2026-04-17 09:26:07] [INFO] [发送] 09:26:07.323 设备ID=12020 module=PERIODIC id=ReadFoupStatus uuid=40 sendCount=1/1 timeout=1000ms crc=30 0C len=8
frame=01 04 00 00 00 09 30 0C
[2026-04-17 09:26:07] [INFO] [接收-帧] 09:26:07.424 设备ID=12020 module=PERIODIC id=ReadFoupStatus uuid=40 len=23
frame=01 04 12 33 24 FC D2 F3 71 B9 FF D0 85 65 D1 B3 28 90 CB 15 A4 A7 EB
[2026-04-17 09:26:08] [INFO] [发送] 09:26:08.420 设备ID=12020 module=PERIODIC id=ReadFoupStatus uuid=40 sendCount=1/1 timeout=1000ms crc=30 0C len=8
frame=01 04 00 00 00 09 30 0C
[2026-04-17 09:26:08] [INFO] [接收-帧] 09:26:08.540 设备ID=12020 module=PERIODIC id=ReadFoupStatus uuid=40 len=23
frame=01 04 12 9A 70 67 6B B2 FB 1B 0C 2A 2B 3D 0D 88 78 E5 B0 75 76 24 79
[2026-04-17 09:26:09] [INFO] [发送] 09:26:09.681 设备ID=12020 module=PERIODIC id=ReadFoupStatus uuid=40 sendCount=1/1 timeout=1000ms crc=30 0C len=8
frame=01 04 00 00 00 09 30 0C
[2026-04-17 09:26:09] [INFO] [接收-帧] 09:26:09.724 设备ID=12020 module=PERIODIC id=ReadFoupStatus uuid=40 len=23
frame=01 04 12 B0 CE 3D F9 2B 11 43 EE BE AA 47 C3 33 48 C3 10 FF C5 C2 14
[2026-04-17 09:26:10] [INFO] [发送] 09:26:10.720 设备ID=12020 module=PERIODIC id=ReadFoupStatus uuid=40 sendCount=1/1 timeout=1000ms crc=30 0C len=8
frame=01 04 00 00 00 09 30 0C
[2026-04-17 09:26:10] [INFO] [接收-帧] 09:26:10.816 设备ID=12020 module=PERIODIC id=ReadFoupStatus uuid=40 len=23
frame=01 04 12 68 C8 D3 B4 B9 A7 06 46 65 EA 81 84 E9 9D 98 46 83 48 28 8B
[2026-04-17 09:26:11] [INFO] [发送] 09:26:11.807 设备ID=12020 module=PERIODIC id=ReadFoupStatus uuid=40 sendCount=1/1 timeout=1000ms crc=30 0C len=8
frame=01 04 00 00 00 09 30 0C
[2026-04-17 09:26:11] [INFO] [接收-帧] 09:26:11.908 设备ID=12020 module=PERIODIC id=ReadFoupStatus uuid=40 len=23
frame=01 04 12 E3 5B D7 15 51 6D 31 40 FA 02 29 80 9A 6C 6B D9 45 64 27 55
[2026-04-17 09:26:12] [INFO] [发送] 09:26:12.899 设备ID=12020 module=PERIODIC id=ReadFoupStatus uuid=40 sendCount=1/1 timeout=1000ms crc=30 0C len=8
frame=01 04 00 00 00 09 30 0C
[2026-04-17 09:26:13] [INFO] [接收-帧] 09:26:13.001 设备ID=12020 module=PERIODIC id=ReadFoupStatus uuid=40 len=23
frame=01 04 12 A7 A3 3D 61 5B A5 0B 8F AB E7 8E BD C4 EC B2 C8 11 0A 50 DD
[2026-04-17 09:26:14] [INFO] [发送] 09:26:14.004 设备ID=12020 module=PERIODIC id=ReadFoupStatus uuid=40 sendCount=1/1 timeout=1000ms crc=30 0C len=8
frame=01 04 00 00 00 09 30 0C
[2026-04-17 09:26:14] [INFO] [接收-帧] 09:26:14.094 设备ID=12020 module=PERIODIC id=ReadFoupStatus uuid=40 len=23
frame=01 04 12 1D F9 37 6F 94 02 7D A8 A9 8B 82 D9 A7 49 35 A8 C0 95 F3 59
[2026-04-17 09:26:15] [INFO] [发送] 09:26:15.100 设备ID=12020 module=PERIODIC id=ReadFoupStatus uuid=40 sendCount=1/1 timeout=1000ms crc=30 0C len=8
frame=01 04 00 00 00 09 30 0C
[2026-04-17 09:26:15] [INFO] [接收-帧] 09:26:15.197 设备ID=12020 module=PERIODIC id=ReadFoupStatus uuid=40 len=23
frame=01 04 12 E6 F8 82 0B 18 B0 D5 99 DB 9E 7E 67 CE F6 7E A3 E0 B6 BE 7B
[2026-04-17 09:26:16] [INFO] [发送] 09:26:16.197 设备ID=12020 module=PERIODIC id=ReadFoupStatus uuid=40 sendCount=1/1 timeout=1000ms crc=30 0C len=8
frame=01 04 00 00 00 09 30 0C
[2026-04-17 09:26:16] [INFO] [接收-帧] 09:26:16.287 设备ID=12020 module=PERIODIC id=ReadFoupStatus uuid=40 len=23
frame=01 04 12 DB 26 64 C4 32 CA 80 6A 0D 45 B8 77 3D 5D 05 45 06 28 87 5C
[2026-04-17 09:26:17] [INFO] [发送] 09:26:17.275 设备ID=12020 module=PERIODIC id=ReadFoupStatus uuid=40 sendCount=1/1 timeout=1000ms crc=30 0C len=8
frame=01 04 00 00 00 09 30 0C
[2026-04-17 09:26:17] [INFO] [接收-帧] 09:26:17.376 设备ID=12020 module=PERIODIC id=ReadFoupStatus uuid=40 len=23
frame=01 04 12 26 84 CD 37 0B 72 FF 4A E3 31 99 A9 ED 80 A9 4A 76 25 51 AF
[2026-04-17 09:26:18] [INFO] [发送] 09:26:18.383 设备ID=12020 module=PERIODIC id=ReadFoupStatus uuid=40 sendCount=1/1 timeout=1000ms crc=30 0C len=8
frame=01 04 00 00 00 09 30 0C
[2026-04-17 09:26:18] [INFO] [接收-帧] 09:26:18.469 设备ID=12020 module=PERIODIC id=ReadFoupStatus uuid=40 len=23
frame=01 04 12 C8 44 6E 3E 22 82 B3 43 43 25 6B 7F 53 57 86 04 1D C8 DA CA
[2026-04-17 09:26:19] [INFO] [发送] 09:26:19.466 设备ID=12020 module=PERIODIC id=ReadFoupStatus uuid=40 sendCount=1/1 timeout=1000ms crc=30 0C len=8
frame=01 04 00 00 00 09 30 0C
[2026-04-17 09:26:19] [INFO] [接收-帧] 09:26:19.567 设备ID=12020 module=PERIODIC id=ReadFoupStatus uuid=40 len=23
frame=01 04 12 65 85 2B E9 66 9F 8C B6 7C F5 F1 BB 7F B7 0A 1E 98 8D AE 8F
[2026-04-17 09:26:20] [INFO] [发送] 09:26:20.566 设备ID=12020 module=PERIODIC id=ReadFoupStatus uuid=40 sendCount=1/1 timeout=1000ms crc=30 0C len=8
frame=01 04 00 00 00 09 30 0C
[2026-04-17 09:26:20] [INFO] [接收-帧] 09:26:20.658 设备ID=12020 module=PERIODIC id=ReadFoupStatus uuid=40 len=23
frame=01 04 12 7C E2 2F 96 82 C8 E7 5E 0D DE 19 77 58 18 19 14 E6 CF 04 36
[2026-04-17 09:26:21] [INFO] [发送] 09:26:21.664 设备ID=12020 module=PERIODIC id=ReadFoupStatus uuid=40 sendCount=1/1 timeout=1000ms crc=30 0C len=8
frame=01 04 00 00 00 09 30 0C
[2026-04-17 09:26:21] [INFO] [接收-帧] 09:26:21.753 设备ID=12020 module=PERIODIC id=ReadFoupStatus uuid=40 len=23
frame=01 04 12 2E F8 79 2B 4F E4 0A 91 0A 4F 95 45 93 92 65 B9 8C 03 78 16
[2026-04-17 09:26:22] [INFO] [发送] 09:26:22.938 设备ID=12020 module=PERIODIC id=ReadFoupStatus uuid=40 sendCount=1/1 timeout=1000ms crc=30 0C len=8
frame=01 04 00 00 00 09 30 0C
[2026-04-17 09:26:22] [INFO] [接收-帧] 09:26:22.956 设备ID=12020 module=PERIODIC id=ReadFoupStatus uuid=40 len=23
frame=01 04 12 A7 1E 4F B5 9D FF 9D B2 43 F5 D2 BB 5E 96 EE AC 40 97 89 39
[2026-04-17 09:26:23] [INFO] [发送] 09:26:23.949 设备ID=12020 module=PERIODIC id=ReadFoupStatus uuid=40 sendCount=1/1 timeout=1000ms crc=30 0C len=8
frame=01 04 00 00 00 09 30 0C
[2026-04-17 09:26:24] [INFO] [接收-帧] 09:26:24.047 设备ID=12020 module=PERIODIC id=ReadFoupStatus uuid=40 len=23
frame=01 04 12 52 5F 3C 93 58 7C 0F 12 4B FD 50 62 23 E8 43 64 1F 08 D3 BC
[2026-04-17 09:26:25] [INFO] [发送] 09:26:25.600 设备ID=12020 module=PERIODIC id=ReadFoupStatus uuid=40 sendCount=1/1 timeout=1000ms crc=30 0C len=8
frame=01 04 00 00 00 09 30 0C
[2026-04-17 09:26:25] [INFO] [接收-帧] 09:26:25.757 设备ID=12020 module=PERIODIC id=ReadFoupStatus uuid=40 len=23
frame=01 04 12 1A 08 D8 A9 CE AC B1 5D 7E 26 43 5C 65 9D 60 A4 19 73 F7 DF
[2026-04-17 09:26:27] [INFO] [发送] 09:26:27.148 设备ID=12020 module=PERIODIC id=ReadFoupStatus uuid=40 sendCount=1/1 timeout=1000ms crc=30 0C len=8
frame=01 04 00 00 00 09 30 0C
[2026-04-17 09:26:27] [INFO] [接收-帧] 09:26:27.216 设备ID=12020 module=PERIODIC id=ReadFoupStatus uuid=40 len=23
frame=01 04 12 54 5D 0B CC AD B2 CC 98 DB 07 97 6A AA CF 6D 4E C6 CE D6 BD
[2026-04-17 09:26:28] [INFO] [发送] 09:26:28.232 设备ID=12020 module=PERIODIC id=ReadFoupStatus uuid=40 sendCount=1/1 timeout=1000ms crc=30 0C len=8
frame=01 04 00 00 00 09 30 0C
[2026-04-17 09:26:28] [INFO] [接收-帧] 09:26:28.356 设备ID=12020 module=PERIODIC id=ReadFoupStatus uuid=40 len=23
frame=01 04 12 43 01 0D 37 22 E9 C1 88 B1 17 91 C8 8D 7B 73 6F 47 10 A2 20
[2026-04-17 09:26:29] [INFO] [发送] 09:26:29.401 设备ID=12020 module=PERIODIC id=ReadFoupStatus uuid=40 sendCount=1/1 timeout=1000ms crc=30 0C len=8
frame=01 04 00 00 00 09 30 0C
[2026-04-17 09:26:29] [INFO] [接收-帧] 09:26:29.409 设备ID=12020 module=PERIODIC id=ReadFoupStatus uuid=40 len=23
frame=01 04 12 EB E8 B9 C5 AC E7 C8 F1 FF 00 53 98 43 1A E5 A4 D9 0E D4 12
[2026-04-17 09:26:30] [INFO] [发送] 09:26:30.411 设备ID=12020 module=PERIODIC id=ReadFoupStatus uuid=40 sendCount=1/1 timeout=1000ms crc=30 0C len=8
frame=01 04 00 00 00 09 30 0C
[2026-04-17 09:26:30] [INFO] [接收-帧] 09:26:30.501 设备ID=12020 module=PERIODIC id=ReadFoupStatus uuid=40 len=23
frame=01 04 12 F4 11 C6 30 F1 91 3D F1 DA A8 BC F5 B9 CA AF 90 81 D1 05 E5
[2026-04-17 09:26:31] [INFO] [发送] 09:26:31.735 设备ID=12020 module=PERIODIC id=ReadFoupStatus uuid=40 sendCount=1/1 timeout=1000ms crc=30 0C len=8
frame=01 04 00 00 00 09 30 0C
[2026-04-17 09:26:31] [INFO] [接收-帧] 09:26:31.816 设备ID=12020 module=PERIODIC id=ReadFoupStatus uuid=40 len=23
frame=01 04 12 54 F8 23 D8 37 60 37 99 99 AB 8D 92 9B A2 A6 69 44 B2 07 93
[2026-04-17 09:26:32] [INFO] [发送] 09:26:32.812 设备ID=12020 module=PERIODIC id=ReadFoupStatus uuid=40 sendCount=1/1 timeout=1000ms crc=30 0C len=8
frame=01 04 00 00 00 09 30 0C
[2026-04-17 09:26:32] [INFO] [接收-帧] 09:26:32.913 设备ID=12020 module=PERIODIC id=ReadFoupStatus uuid=40 len=23
frame=01 04 12 91 FD 01 95 D2 4D 37 D2 D8 F7 D8 69 31 03 1D 72 3D 62 73 B0
[2026-04-17 09:26:33] [INFO] [发送] 09:26:33.910 设备ID=12020 module=PERIODIC id=ReadFoupStatus uuid=40 sendCount=1/1 timeout=1000ms crc=30 0C len=8
frame=01 04 00 00 00 09 30 0C
[2026-04-17 09:26:34] [INFO] [接收-帧] 09:26:34.005 设备ID=12020 module=PERIODIC id=ReadFoupStatus uuid=40 len=23
frame=01 04 12 7A FE DD E1 A0 2F 1E E5 1F 67 5A 5C 09 44 FF 06 90 57 E8 61
[2026-04-17 09:26:35] [INFO] [发送] 09:26:35.075 设备ID=12020 module=PERIODIC id=ReadFoupStatus uuid=40 sendCount=1/1 timeout=1000ms crc=30 0C len=8
frame=01 04 00 00 00 09 30 0C
[2026-04-17 09:26:35] [INFO] [接收-帧] 09:26:35.099 设备ID=12020 module=PERIODIC id=ReadFoupStatus uuid=40 len=23
frame=01 04 12 23 C9 02 FF DD B1 DD 0B 0E B6 1E 56 05 6B 7C E5 88 04 EC FF
[2026-04-17 09:26:36] [INFO] [发送] 09:26:36.094 设备ID=12020 module=PERIODIC id=ReadFoupStatus uuid=40 sendCount=1/1 timeout=1000ms crc=30 0C len=8
frame=01 04 00 00 00 09 30 0C
[2026-04-17 09:26:36] [INFO] [接收-帧] 09:26:36.194 设备ID=12020 module=PERIODIC id=ReadFoupStatus uuid=40 len=23
frame=01 04 12 B6 50 9C 7E BE CB 26 F8 19 E3 B2 14 C4 08 45 81 DD 86 91 52
[2026-04-17 09:26:37] [INFO] [发送] 09:26:37.183 设备ID=12020 module=PERIODIC id=ReadFoupStatus uuid=40 sendCount=1/1 timeout=1000ms crc=30 0C len=8
frame=01 04 00 00 00 09 30 0C
[2026-04-17 09:26:37] [INFO] [接收-帧] 09:26:37.298 设备ID=12020 module=PERIODIC id=ReadFoupStatus uuid=40 len=23
frame=01 04 12 44 50 60 A6 C9 99 F3 97 60 7C 53 29 1E 36 7F A6 91 AB 44 44
[2026-04-17 09:26:38] [INFO] [发送] 09:26:38.306 设备ID=12020 module=PERIODIC id=ReadFoupStatus uuid=40 sendCount=1/1 timeout=1000ms crc=30 0C len=8
frame=01 04 00 00 00 09 30 0C
[2026-04-17 09:26:38] [INFO] [接收-帧] 09:26:38.378 设备ID=12020 module=PERIODIC id=ReadFoupStatus uuid=40 len=23
frame=01 04 12 03 C7 E9 D1 11 88 D0 A9 C0 B0 4A BD E8 CB D1 86 20 03 3E 15
[2026-04-17 09:26:39] [INFO] [发送] 09:26:39.375 设备ID=12020 module=PERIODIC id=ReadFoupStatus uuid=40 sendCount=1/1 timeout=1000ms crc=30 0C len=8
frame=01 04 00 00 00 09 30 0C
[2026-04-17 09:26:39] [INFO] [接收-帧] 09:26:39.468 设备ID=12020 module=PERIODIC id=ReadFoupStatus uuid=40 len=23
frame=01 04 12 C1 3A D3 49 DF CC 25 6C 3C 65 6E 19 7E 7E CF 4B BD 8A CB 25
[2026-04-17 09:26:40] [INFO] [发送] 09:26:40.471 设备ID=12020 module=PERIODIC id=ReadFoupStatus uuid=40 sendCount=1/1 timeout=1000ms crc=30 0C len=8
frame=01 04 00 00 00 09 30 0C
[2026-04-17 09:26:40] [INFO] [接收-帧] 09:26:40.564 设备ID=12020 module=PERIODIC id=ReadFoupStatus uuid=40 len=23
frame=01 04 12 3C 3A F8 A0 02 D2 8F DC 21 33 C4 F8 5C DD 05 C3 29 7D 4B 2A
[2026-04-17 09:26:41] [INFO] [发送] 09:26:41.610 设备ID=12020 module=PERIODIC id=ReadFoupStatus uuid=40 sendCount=1/1 timeout=1000ms crc=30 0C len=8
frame=01 04 00 00 00 09 30 0C
[2026-04-17 09:26:41] [INFO] [接收-帧] 09:26:41.706 设备ID=12020 module=PERIODIC id=ReadFoupStatus uuid=40 len=23
frame=01 04 12 9E C2 FF C8 B1 17 3E AD EB FB 88 A1 D5 AD 39 7A 51 09 F1 53
[2026-04-17 09:26:42] [INFO] [发送] 09:26:42.710 设备ID=12020 module=PERIODIC id=ReadFoupStatus uuid=40 sendCount=1/1 timeout=1000ms crc=30 0C len=8
frame=01 04 00 00 00 09 30 0C
[2026-04-17 09:26:42] [INFO] [接收-帧] 09:26:42.854 设备ID=12020 module=PERIODIC id=ReadFoupStatus uuid=40 len=23
frame=01 04 12 5F 04 DA CA 91 E4 97 D0 00 54 7D 9C F6 84 F6 95 30 91 8E 54
[2026-04-17 09:26:43] [INFO] [发送] 09:26:43.857 设备ID=12020 module=PERIODIC id=ReadFoupStatus uuid=40 sendCount=1/1 timeout=1000ms crc=30 0C len=8
frame=01 04 00 00 00 09 30 0C
[2026-04-17 09:26:43] [INFO] [接收-帧] 09:26:43.954 设备ID=12020 module=PERIODIC id=ReadFoupStatus uuid=40 len=23
frame=01 04 12 3A 49 DE 05 95 9D C4 C2 11 87 26 4A 3D 63 60 A1 9B 78 48 64
[2026-04-17 09:26:44] [INFO] [发送] 09:26:44.950 设备ID=12020 module=PERIODIC id=ReadFoupStatus uuid=40 sendCount=1/1 timeout=1000ms crc=30 0C len=8
frame=01 04 00 00 00 09 30 0C
[2026-04-17 09:26:45] [INFO] [接收-帧] 09:26:45.049 设备ID=12020 module=PERIODIC id=ReadFoupStatus uuid=40 len=23
frame=01 04 12 63 9D 2B 60 FB EC CD 8F 5E A7 24 02 FC C3 D2 9B 94 B4 67 61
[2026-04-17 09:26:46] [INFO] [发送] 09:26:46.063 设备ID=12020 module=PERIODIC id=ReadFoupStatus uuid=40 sendCount=1/1 timeout=1000ms crc=30 0C len=8
frame=01 04 00 00 00 09 30 0C
[2026-04-17 09:26:46] [INFO] [接收-帧] 09:26:46.148 设备ID=12020 module=PERIODIC id=ReadFoupStatus uuid=40 len=23
frame=01 04 12 29 73 B4 D1 9D 2D 0D 03 06 9B F7 93 A8 96 48 59 BC 13 4B 4F
[2026-04-17 09:26:47] [INFO] [发送] 09:26:47.150 设备ID=12020 module=PERIODIC id=ReadFoupStatus uuid=40 sendCount=1/1 timeout=1000ms crc=30 0C len=8
frame=01 04 00 00 00 09 30 0C
[2026-04-17 09:26:47] [INFO] [接收-帧] 09:26:47.240 设备ID=12020 module=PERIODIC id=ReadFoupStatus uuid=40 len=23
frame=01 04 12 0C 9E 66 AA AD B5 07 AC 14 9B E6 DF B1 56 B0 1A B4 CE 46 BA
[2026-04-17 09:26:48] [INFO] [发送] 09:26:48.233 设备ID=12020 module=PERIODIC id=ReadFoupStatus uuid=40 sendCount=1/1 timeout=1000ms crc=30 0C len=8
frame=01 04 00 00 00 09 30 0C
[2026-04-17 09:26:48] [INFO] [接收-帧] 09:26:48.330 设备ID=12020 module=PERIODIC id=ReadFoupStatus uuid=40 len=23
frame=01 04 12 6E 3E F8 D8 F3 30 3B 18 B8 25 FF 26 92 ED 85 58 2D 1F D5 04
[2026-04-17 09:26:49] [INFO] [发送] 09:26:49.332 设备ID=12020 module=PERIODIC id=ReadFoupStatus uuid=40 sendCount=1/1 timeout=1000ms crc=30 0C len=8
frame=01 04 00 00 00 09 30 0C
[2026-04-17 09:26:49] [INFO] [接收-帧] 09:26:49.421 设备ID=12020 module=PERIODIC id=ReadFoupStatus uuid=40 len=23
frame=01 04 12 AA F0 EA A5 5E 3F A4 D6 3F D4 0E D5 CE 4F 06 F3 8C 1A AC 55
[2026-04-17 09:26:50] [INFO] [发送] 09:26:50.422 设备ID=12020 module=PERIODIC id=ReadFoupStatus uuid=40 sendCount=1/1 timeout=1000ms crc=30 0C len=8
frame=01 04 00 00 00 09 30 0C
[2026-04-17 09:26:50] [INFO] [接收-帧] 09:26:50.583 设备ID=12020 module=PERIODIC id=ReadFoupStatus uuid=40 len=23
frame=01 04 12 9D 77 F5 D9 F6 6B 00 37 60 EE BA AD B3 FE 35 96 25 AD 0F 78
[2026-04-17 09:26:51] [INFO] [发送] 09:26:51.572 设备ID=12020 module=PERIODIC id=ReadFoupStatus uuid=40 sendCount=1/1 timeout=1000ms crc=30 0C len=8
frame=01 04 00 00 00 09 30 0C
[2026-04-17 09:26:51] [INFO] [接收-帧] 09:26:51.611 设备ID=12020 module=PERIODIC id=ReadFoupStatus uuid=40 len=23
frame=01 04 12 1F F4 B1 0A F7 D9 32 03 05 63 B3 A3 27 72 E1 54 D1 00 4B 73
[2026-04-17 09:26:52] [INFO] [发送] 09:26:52.607 设备ID=12020 module=PERIODIC id=ReadFoupStatus uuid=40 sendCount=1/1 timeout=1000ms crc=30 0C len=8
frame=01 04 00 00 00 09 30 0C
[2026-04-17 09:26:52] [INFO] [接收-帧] 09:26:52.702 设备ID=12020 module=PERIODIC id=ReadFoupStatus uuid=40 len=23
frame=01 04 12 E8 AC EC 18 E3 54 D4 09 1D 90 2C E9 64 A6 FB BE E8 87 33 A8
[2026-04-17 09:26:53] [INFO] [发送] 09:26:53.699 设备ID=12020 module=PERIODIC id=ReadFoupStatus uuid=40 sendCount=1/1 timeout=1000ms crc=30 0C len=8
frame=01 04 00 00 00 09 30 0C
[2026-04-17 09:26:53] [INFO] [接收-帧] 09:26:53.804 设备ID=12020 module=PERIODIC id=ReadFoupStatus uuid=40 len=23
frame=01 04 12 F0 77 5E 35 3D 12 DA 9E 23 31 76 06 E3 02 14 D0 40 78 AB 42
[2026-04-17 09:26:54] [INFO] [发送] 09:26:54.793 设备ID=12020 module=PERIODIC id=ReadFoupStatus uuid=40 sendCount=1/1 timeout=1000ms crc=30 0C len=8
frame=01 04 00 00 00 09 30 0C
[2026-04-17 09:26:54] [INFO] [接收-帧] 09:26:54.888 设备ID=12020 module=PERIODIC id=ReadFoupStatus uuid=40 len=23
frame=01 04 12 B3 7F BB 5D 1A D9 86 4A 6B 6F E8 71 4A 4E 96 30 2D 32 4B CF
[2026-04-17 09:26:55] [INFO] [发送] 09:26:55.891 设备ID=12020 module=PERIODIC id=ReadFoupStatus uuid=40 sendCount=1/1 timeout=1000ms crc=30 0C len=8
frame=01 04 00 00 00 09 30 0C
[2026-04-17 09:26:55] [INFO] [接收-帧] 09:26:55.987 设备ID=12020 module=PERIODIC id=ReadFoupStatus uuid=40 len=23
frame=01 04 12 72 DE 33 03 A4 B4 AD C6 5A 36 1B A0 73 66 09 FB C3 51 17 7F
[2026-04-17 09:26:56] [INFO] [发送] 09:26:56.988 设备ID=12020 module=PERIODIC id=ReadFoupStatus uuid=40 sendCount=1/1 timeout=1000ms crc=30 0C len=8
frame=01 04 00 00 00 09 30 0C
[2026-04-17 09:26:57] [INFO] [接收-帧] 09:26:57.077 设备ID=12020 module=PERIODIC id=ReadFoupStatus uuid=40 len=23
frame=01 04 12 C7 C5 A7 02 57 E4 88 80 3B 9C F2 47 91 E7 A9 60 B5 9C 13 22
[2026-04-17 09:26:58] [INFO] [发送] 09:26:58.074 设备ID=12020 module=PERIODIC id=ReadFoupStatus uuid=40 sendCount=1/1 timeout=1000ms crc=30 0C len=8
frame=01 04 00 00 00 09 30 0C
[2026-04-17 09:26:58] [INFO] [接收-帧] 09:26:58.172 设备ID=12020 module=PERIODIC id=ReadFoupStatus uuid=40 len=23
frame=01 04 12 E7 02 E0 24 12 68 80 49 FC E0 EA 07 64 90 DD B1 35 F2 38 F4
[2026-04-17 09:26:59] [INFO] [发送] 09:26:59.178 设备ID=12020 module=PERIODIC id=ReadFoupStatus uuid=40 sendCount=1/1 timeout=1000ms crc=30 0C len=8
frame=01 04 00 00 00 09 30 0C
[2026-04-17 09:26:59] [INFO] [接收-帧] 09:26:59.269 设备ID=12020 module=PERIODIC id=ReadFoupStatus uuid=40 len=23
frame=01 04 12 36 EB 06 62 7C 4E 1D 71 E1 92 41 F5 2C 97 C6 44 52 8A D2 32
[2026-04-17 09:27:00] [INFO] [发送] 09:27:00.259 设备ID=12020 module=PERIODIC id=ReadFoupStatus uuid=40 sendCount=1/1 timeout=1000ms crc=30 0C len=8
frame=01 04 00 00 00 09 30 0C
[2026-04-17 09:27:00] [INFO] [接收-帧] 09:27:00.359 设备ID=12020 module=PERIODIC id=ReadFoupStatus uuid=40 len=23
frame=01 04 12 1C 54 6C 75 06 4E 3B 0B 2E DF BB E8 4E 5C CE EB 7C 94 26 BD
[2026-04-17 09:27:01] [INFO] [发送] 09:27:01.362 设备ID=12020 module=PERIODIC id=ReadFoupStatus uuid=40 sendCount=1/1 timeout=1000ms crc=30 0C len=8
frame=01 04 00 00 00 09 30 0C
[2026-04-17 09:27:01] [INFO] [接收-帧] 09:27:01.454 设备ID=12020 module=PERIODIC id=ReadFoupStatus uuid=40 len=23
frame=01 04 12 45 FB 4B E8 2D 1E 7C 8A 14 8A 70 9F D2 36 7C F2 C5 86 B4 0E
[2026-04-17 09:27:37] [INFO] [发送] 09:27:37.228 设备ID=12020 module=INITIAL id=ReadVersion uuid=39 sendCount=1/4 timeout=1000ms crc=B1 CD len=8
frame=01 04 00 18 00 01 B1 CD
[2026-04-17 09:27:37] [INFO] [接收-帧] 09:27:37.756 设备ID=12020 module=INITIAL id=ReadVersion uuid=39 len=7
frame=01 04 02 00 00 B9 30
[2026-04-17 09:27:37] [INFO] [发送] 09:27:37.756 设备ID=12020 module=PERIODIC id=ReadFoupStatus uuid=40 sendCount=1/1 timeout=1000ms crc=30 0C len=8
frame=01 04 00 00 00 09 30 0C
[2026-04-17 09:27:37] [INFO] [接收-帧] 09:27:37.863 设备ID=12020 module=PERIODIC id=ReadFoupStatus uuid=40 len=23
frame=01 04 12 BB 00 52 9A 7F 84 8B BC 95 6F 64 3A D7 AE E4 10 2D 41 C6 E2
[2026-04-17 09:27:38] [INFO] [发送] 09:27:38.858 设备ID=12020 module=PERIODIC id=ReadFoupStatus uuid=40 sendCount=1/1 timeout=1000ms crc=30 0C len=8
frame=01 04 00 00 00 09 30 0C
[2026-04-17 09:27:38] [INFO] [接收-帧] 09:27:38.972 设备ID=12020 module=PERIODIC id=ReadFoupStatus uuid=40 len=23
frame=01 04 12 BE AD 92 34 DA 43 6A 09 61 4F CB 8B 20 14 4F 0F 8C 4B C1 6F
[2026-04-17 09:27:39] [INFO] [发送] 09:27:39.976 设备ID=12020 module=PERIODIC id=ReadFoupStatus uuid=40 sendCount=1/1 timeout=1000ms crc=30 0C len=8
frame=01 04 00 00 00 09 30 0C
[2026-04-17 09:27:40] [INFO] [接收-帧] 09:27:40.049 设备ID=12020 module=PERIODIC id=ReadFoupStatus uuid=40 len=23
frame=01 04 12 B6 70 B3 39 42 42 65 DE 69 A5 2B D5 AE 65 00 11 7B D7 77 3D
[2026-04-17 09:27:41] [INFO] [发送] 09:27:41.041 设备ID=12020 module=PERIODIC id=ReadFoupStatus uuid=40 sendCount=1/1 timeout=1000ms crc=30 0C len=8
frame=01 04 00 00 00 09 30 0C
[2026-04-17 09:27:41] [INFO] [接收-帧] 09:27:41.137 设备ID=12020 module=PERIODIC id=ReadFoupStatus uuid=40 len=23
frame=01 04 12 80 64 DD 43 64 42 7D E8 89 83 F0 F2 BC 1D BD F6 AA 42 61 58
[2026-04-17 09:27:42] [INFO] [发送] 09:27:42.140 设备ID=12020 module=PERIODIC id=ReadFoupStatus uuid=40 sendCount=1/1 timeout=1000ms crc=30 0C len=8
frame=01 04 00 00 00 09 30 0C
[2026-04-17 09:27:42] [INFO] [接收-帧] 09:27:42.233 设备ID=12020 module=PERIODIC id=ReadFoupStatus uuid=40 len=23
frame=01 04 12 DC EB 68 8F E6 8E 79 FC DA 35 3B AF 94 DB D1 2A E8 A8 70 70
[2026-04-17 09:27:43] [INFO] [发送] 09:27:43.228 设备ID=12020 module=PERIODIC id=ReadFoupStatus uuid=40 sendCount=1/1 timeout=1000ms crc=30 0C len=8
frame=01 04 00 00 00 09 30 0C
[2026-04-17 09:27:43] [INFO] [接收-帧] 09:27:43.329 设备ID=12020 module=PERIODIC id=ReadFoupStatus uuid=40 len=23
frame=01 04 12 2D 33 D9 17 15 8F 2D 85 FF 94 AF FF 97 B2 6C 25 B1 1F 2E EE
[2026-04-17 09:27:44] [INFO] [发送] 09:27:44.321 设备ID=12020 module=PERIODIC id=ReadFoupStatus uuid=40 sendCount=1/1 timeout=1000ms crc=30 0C len=8
frame=01 04 00 00 00 09 30 0C
[2026-04-17 09:27:44] [INFO] [接收-帧] 09:27:44.422 设备ID=12020 module=PERIODIC id=ReadFoupStatus uuid=40 len=23
frame=01 04 12 35 6A 05 AC 5D 6C 6F 2F 39 3F 62 D2 E5 8B 61 EE 3C FA 16 A9
[2026-04-17 09:27:45] [INFO] [发送] 09:27:45.418 设备ID=12020 module=PERIODIC id=ReadFoupStatus uuid=40 sendCount=1/1 timeout=1000ms crc=30 0C len=8
frame=01 04 00 00 00 09 30 0C
[2026-04-17 09:27:45] [INFO] [接收-帧] 09:27:45.520 设备ID=12020 module=PERIODIC id=ReadFoupStatus uuid=40 len=23
frame=01 04 12 83 4D 69 70 86 3E 2B A5 47 60 52 BE F0 5E DF 64 ED 26 C8 48
[2026-04-17 09:27:46] [INFO] [发送] 09:27:46.512 设备ID=12020 module=PERIODIC id=ReadFoupStatus uuid=40 sendCount=1/1 timeout=1000ms crc=30 0C len=8
frame=01 04 00 00 00 09 30 0C
[2026-04-17 09:27:46] [INFO] [接收-帧] 09:27:46.621 设备ID=12020 module=PERIODIC id=ReadFoupStatus uuid=40 len=23
frame=01 04 12 82 C9 2E E1 34 1F 14 DA DC F1 DD D4 7B A8 DB 96 0F 65 B2 F5
[2026-04-17 09:27:47] [INFO] [发送] 09:27:47.620 设备ID=12020 module=PERIODIC id=ReadFoupStatus uuid=40 sendCount=1/1 timeout=1000ms crc=30 0C len=8
frame=01 04 00 00 00 09 30 0C
[2026-04-17 09:27:47] [INFO] [接收-帧] 09:27:47.702 设备ID=12020 module=PERIODIC id=ReadFoupStatus uuid=40 len=23
frame=01 04 12 B0 59 50 74 32 8C F1 15 58 E3 95 FC 41 BF EF AA 98 F6 AA C0
[2026-04-17 09:27:48] [INFO] [发送] 09:27:48.696 设备ID=12020 module=PERIODIC id=ReadFoupStatus uuid=40 sendCount=1/1 timeout=1000ms crc=30 0C len=8
frame=01 04 00 00 00 09 30 0C
[2026-04-17 09:27:48] [INFO] [接收-帧] 09:27:48.797 设备ID=12020 module=PERIODIC id=ReadFoupStatus uuid=40 len=23
frame=01 04 12 00 2C F5 9D 8C 35 FC 68 AB 0F 3E 46 F7 DB 00 F5 8D 60 91 9E
[2026-04-17 09:27:49] [INFO] [发送] 09:27:49.793 设备ID=12020 module=PERIODIC id=ReadFoupStatus uuid=40 sendCount=1/1 timeout=1000ms crc=30 0C len=8
frame=01 04 00 00 00 09 30 0C
[2026-04-17 09:27:49] [INFO] [接收-帧] 09:27:49.900 设备ID=12020 module=PERIODIC id=ReadFoupStatus uuid=40 len=23
frame=01 04 12 3C D1 CD FE 99 94 DC 86 AD AA C5 63 A9 06 F2 6B 1B 75 C8 D1
[2026-04-17 09:27:50] [INFO] [发送] 09:27:50.911 设备ID=12020 module=PERIODIC id=ReadFoupStatus uuid=40 sendCount=1/1 timeout=1000ms crc=30 0C len=8
frame=01 04 00 00 00 09 30 0C
[2026-04-17 09:27:50] [INFO] [接收-帧] 09:27:50.983 设备ID=12020 module=PERIODIC id=ReadFoupStatus uuid=40 len=23
frame=01 04 12 D7 E6 D8 0A 1D ED F8 BD 1E 80 E2 31 F6 20 55 05 8D 66 D4 20
[2026-04-17 09:31:34] [INFO] [发送] 09:31:34.004 设备ID=12020 module=INITIAL id=ReadVersion uuid=39 sendCount=1/4 timeout=1000ms crc=B1 CD len=8
frame=01 04 00 18 00 01 B1 CD
[2026-04-17 09:31:34] [INFO] [接收-帧] 09:31:34.319 设备ID=12020 module=INITIAL id=ReadVersion uuid=39 len=7
frame=01 04 02 00 00 B9 30
[2026-04-17 09:31:34] [INFO] [发送] 09:31:34.319 设备ID=12020 module=PERIODIC id=ReadFoupStatus uuid=40 sendCount=1/1 timeout=1000ms crc=30 0C len=8
frame=01 04 00 00 00 09 30 0C
[2026-04-17 09:31:34] [INFO] [接收-帧] 09:31:34.343 设备ID=12020 module=PERIODIC id=ReadFoupStatus uuid=40 len=23
frame=01 04 12 06 BB 6D 69 96 B8 44 20 C2 08 D2 D6 64 CE D1 55 5A A7 47 99
[2026-04-17 09:31:35] [INFO] [发送] 09:31:35.344 设备ID=12020 module=PERIODIC id=ReadFoupStatus uuid=40 sendCount=1/1 timeout=1000ms crc=30 0C len=8
frame=01 04 00 00 00 09 30 0C
[2026-04-17 09:31:35] [INFO] [接收-帧] 09:31:35.424 设备ID=12020 module=PERIODIC id=ReadFoupStatus uuid=40 len=23
frame=01 04 12 62 45 DF 6B D0 6B 6B F9 E9 29 BB 31 74 03 D2 0F 13 14 EC B2
[2026-04-17 09:31:36] [INFO] [发送] 09:31:36.420 设备ID=12020 module=PERIODIC id=ReadFoupStatus uuid=40 sendCount=1/1 timeout=1000ms crc=30 0C len=8
frame=01 04 00 00 00 09 30 0C
[2026-04-17 09:31:36] [INFO] [接收-帧] 09:31:36.517 设备ID=12020 module=PERIODIC id=ReadFoupStatus uuid=40 len=23
frame=01 04 12 3D 0C 60 DD 27 CF 42 3A 14 25 AA 35 C6 3F D7 07 88 5A 5C 16
[2026-04-17 09:31:37] [INFO] [发送] 09:31:37.511 设备ID=12020 module=PERIODIC id=ReadFoupStatus uuid=40 sendCount=1/1 timeout=1000ms crc=30 0C len=8
frame=01 04 00 00 00 09 30 0C
[2026-04-17 09:31:37] [INFO] [接收-帧] 09:31:37.727 设备ID=12020 module=PERIODIC id=ReadFoupStatus uuid=40 len=23
frame=01 04 12 B8 94 93 19 EE 97 CD 32 DF 2F 85 81 B8 4D 1A E3 64 40 59 4E
[2026-04-17 09:31:38] [INFO] [发送] 09:31:38.743 设备ID=12020 module=PERIODIC id=ReadFoupStatus uuid=40 sendCount=1/1 timeout=1000ms crc=30 0C len=8
frame=01 04 00 00 00 09 30 0C
[2026-04-17 09:31:38] [INFO] [接收-帧] 09:31:38.817 设备ID=12020 module=PERIODIC id=ReadFoupStatus uuid=40 len=23
frame=01 04 12 B0 BC 78 4E 66 CE 82 1D 60 CA CB D2 07 A4 71 DD 39 FA 23 92
[2026-04-17 09:31:39] [INFO] [发送] 09:31:39.811 设备ID=12020 module=PERIODIC id=ReadFoupStatus uuid=40 sendCount=1/1 timeout=1000ms crc=30 0C len=8
frame=01 04 00 00 00 09 30 0C
[2026-04-17 09:31:39] [INFO] [接收-帧] 09:31:39.911 设备ID=12020 module=PERIODIC id=ReadFoupStatus uuid=40 len=23
frame=01 04 12 FF 24 AF A3 AB BF 0F 0B C3 07 EB 89 69 A3 E3 78 60 52 A4 FA
[2026-04-17 09:31:40] [INFO] [发送] 09:31:40.902 设备ID=12020 module=PERIODIC id=ReadFoupStatus uuid=40 sendCount=1/1 timeout=1000ms crc=30 0C len=8
frame=01 04 00 00 00 09 30 0C
[2026-04-17 09:31:41] [INFO] [接收-帧] 09:31:41.003 设备ID=12020 module=PERIODIC id=ReadFoupStatus uuid=40 len=23
frame=01 04 12 CB 09 0C CB FB 95 7F 4B 50 FE 29 57 65 AE E6 2A B5 FA EC 22
[2026-04-17 09:31:41] [INFO] [发送] 09:31:41.998 设备ID=12020 module=PERIODIC id=ReadFoupStatus uuid=40 sendCount=1/1 timeout=1000ms crc=30 0C len=8
frame=01 04 00 00 00 09 30 0C
[2026-04-17 09:31:42] [INFO] [接收-帧] 09:31:42.102 设备ID=12020 module=PERIODIC id=ReadFoupStatus uuid=40 len=23
frame=01 04 12 0E 49 2C 01 6D 30 DA B1 EB F6 1F 0E 19 98 40 2E 2B 90 06 5B
[2026-04-17 09:31:43] [INFO] [发送] 09:31:43.116 设备ID=12020 module=PERIODIC id=ReadFoupStatus uuid=40 sendCount=1/1 timeout=1000ms crc=30 0C len=8
frame=01 04 00 00 00 09 30 0C
[2026-04-17 09:31:43] [INFO] [接收-帧] 09:31:43.193 设备ID=12020 module=PERIODIC id=ReadFoupStatus uuid=40 len=23
frame=01 04 12 AD AF CC C2 49 1A 84 05 83 73 BF 79 6E 91 3B E5 69 D8 C3 AF
[2026-04-17 09:31:44] [INFO] [发送] 09:31:44.182 设备ID=12020 module=PERIODIC id=ReadFoupStatus uuid=40 sendCount=1/1 timeout=1000ms crc=30 0C len=8
frame=01 04 00 00 00 09 30 0C
[2026-04-17 09:31:44] [INFO] [接收-帧] 09:31:44.286 设备ID=12020 module=PERIODIC id=ReadFoupStatus uuid=40 len=23
frame=01 04 12 D1 31 FB 4E C0 AA BC B7 D1 03 C8 AA 11 CB 79 3B 80 5D C8 42
[2026-04-17 09:31:45] [INFO] [发送] 09:31:45.278 设备ID=12020 module=PERIODIC id=ReadFoupStatus uuid=40 sendCount=1/1 timeout=1000ms crc=30 0C len=8
frame=01 04 00 00 00 09 30 0C
[2026-04-17 09:31:45] [INFO] [接收-帧] 09:31:45.377 设备ID=12020 module=PERIODIC id=ReadFoupStatus uuid=40 len=23
frame=01 04 12 B4 46 35 B5 BB AF 29 A1 BB B3 91 54 72 2E 71 15 A7 5D 3D AB
[2026-04-17 09:31:46] [INFO] [发送] 09:31:46.369 设备ID=12020 module=PERIODIC id=ReadFoupStatus uuid=40 sendCount=1/1 timeout=1000ms crc=30 0C len=8
frame=01 04 00 00 00 09 30 0C
[2026-04-17 09:31:46] [INFO] [接收-帧] 09:31:46.470 设备ID=12020 module=PERIODIC id=ReadFoupStatus uuid=40 len=23
frame=01 04 12 D4 68 FE 6A 86 EB 99 2D 6A D6 BF E6 D6 08 B1 E9 ED 59 C7 E7
[2026-04-17 09:31:47] [INFO] [发送] 09:31:47.467 设备ID=12020 module=PERIODIC id=ReadFoupStatus uuid=40 sendCount=1/1 timeout=1000ms crc=30 0C len=8
frame=01 04 00 00 00 09 30 0C
[2026-04-17 09:31:47] [INFO] [接收-帧] 09:31:47.564 设备ID=12020 module=PERIODIC id=ReadFoupStatus uuid=40 len=23
frame=01 04 12 EA 01 93 6E 88 5E 44 6E 11 CB 00 17 9C 09 DD 31 B0 C2 EE 7C
[2026-04-17 09:31:48] [INFO] [发送] 09:31:48.557 设备ID=12020 module=PERIODIC id=ReadFoupStatus uuid=40 sendCount=1/1 timeout=1000ms crc=30 0C len=8
frame=01 04 00 00 00 09 30 0C
[2026-04-17 09:31:48] [INFO] [接收-帧] 09:31:48.661 设备ID=12020 module=PERIODIC id=ReadFoupStatus uuid=40 len=23
frame=01 04 12 9C F9 26 F3 7B AF 79 8D 03 66 20 91 9C 5A 4C 0A B1 40 C5 12
[2026-04-17 09:31:49] [INFO] [发送] 09:31:49.653 设备ID=12020 module=PERIODIC id=ReadFoupStatus uuid=40 sendCount=1/1 timeout=1000ms crc=30 0C len=8
frame=01 04 00 00 00 09 30 0C
[2026-04-17 09:31:49] [INFO] [接收-帧] 09:31:49.755 设备ID=12020 module=PERIODIC id=ReadFoupStatus uuid=40 len=23
frame=01 04 12 42 E6 98 A7 B4 99 8F 8A 95 C5 AA CC 1D 69 42 01 55 57 B8 23
[2026-04-17 09:31:50] [INFO] [发送] 09:31:50.748 设备ID=12020 module=PERIODIC id=ReadFoupStatus uuid=40 sendCount=1/1 timeout=1000ms crc=30 0C len=8
frame=01 04 00 00 00 09 30 0C
[2026-04-17 09:31:50] [INFO] [接收-帧] 09:31:50.847 设备ID=12020 module=PERIODIC id=ReadFoupStatus uuid=40 len=23
frame=01 04 12 B4 75 67 29 04 9B 66 FC 33 2F B0 C6 DD 93 C9 98 6F 02 FE C3
[2026-04-17 09:31:51] [INFO] [发送] 09:31:51.846 设备ID=12020 module=PERIODIC id=ReadFoupStatus uuid=40 sendCount=1/1 timeout=1000ms crc=30 0C len=8
frame=01 04 00 00 00 09 30 0C
[2026-04-17 09:31:51] [INFO] [接收-帧] 09:31:51.944 设备ID=12020 module=PERIODIC id=ReadFoupStatus uuid=40 len=23
frame=01 04 12 BB 96 28 10 82 F2 C2 05 B2 54 61 F0 8E 66 21 30 00 62 7E D8
[2026-04-17 09:31:52] [INFO] [发送] 09:31:52.939 设备ID=12020 module=PERIODIC id=ReadFoupStatus uuid=40 sendCount=1/1 timeout=1000ms crc=30 0C len=8
frame=01 04 00 00 00 09 30 0C
[2026-04-17 09:31:53] [INFO] [接收-帧] 09:31:53.045 设备ID=12020 module=PERIODIC id=ReadFoupStatus uuid=40 len=23
frame=01 04 12 27 23 63 3C C9 AD 86 90 DC D5 15 24 C0 46 D8 3E BE 2B DC 07
[2026-04-17 09:31:54] [INFO] [发送] 09:31:54.049 设备ID=12020 module=PERIODIC id=ReadFoupStatus uuid=40 sendCount=1/1 timeout=1000ms crc=30 0C len=8
frame=01 04 00 00 00 09 30 0C
[2026-04-17 09:31:54] [INFO] [接收-帧] 09:31:54.130 设备ID=12020 module=PERIODIC id=ReadFoupStatus uuid=40 len=23
frame=01 04 12 67 F6 C7 CF 9A 5F 38 5F F6 3E 1E CB A3 CF 02 B5 D8 AB 4C 26
[2026-04-17 09:31:55] [INFO] [发送] 09:31:55.120 设备ID=12020 module=PERIODIC id=ReadFoupStatus uuid=40 sendCount=1/1 timeout=1000ms crc=30 0C len=8
frame=01 04 00 00 00 09 30 0C
[2026-04-17 09:31:55] [INFO] [接收-帧] 09:31:55.223 设备ID=12020 module=PERIODIC id=ReadFoupStatus uuid=40 len=23
frame=01 04 12 C5 0B 6C A6 D5 4F 21 54 74 C6 83 54 39 14 7B 9C 1B D9 02 17
[2026-04-17 09:31:56] [INFO] [发送] 09:31:56.213 设备ID=12020 module=PERIODIC id=ReadFoupStatus uuid=40 sendCount=1/1 timeout=1000ms crc=30 0C len=8
frame=01 04 00 00 00 09 30 0C
[2026-04-17 09:31:56] [INFO] [接收-帧] 09:31:56.313 设备ID=12020 module=PERIODIC id=ReadFoupStatus uuid=40 len=23
frame=01 04 12 95 BF 29 AD 2F EE 9C EB 57 38 6E B3 3C 71 25 2B 4A 4C DF D7
[2026-04-17 09:31:57] [INFO] [发送] 09:31:57.307 设备ID=12020 module=PERIODIC id=ReadFoupStatus uuid=40 sendCount=1/1 timeout=1000ms crc=30 0C len=8
frame=01 04 00 00 00 09 30 0C
[2026-04-17 09:31:57] [INFO] [接收-帧] 09:31:57.407 设备ID=12020 module=PERIODIC id=ReadFoupStatus uuid=40 len=23
frame=01 04 12 AE 8E CE BD 1F F6 1B E4 32 E4 C1 A7 01 69 22 2B 40 4B 8D 35
[2026-04-17 09:31:58] [INFO] [发送] 09:31:58.402 设备ID=12020 module=PERIODIC id=ReadFoupStatus uuid=40 sendCount=1/1 timeout=1000ms crc=30 0C len=8
frame=01 04 00 00 00 09 30 0C
[2026-04-17 09:31:58] [INFO] [接收-帧] 09:31:58.501 设备ID=12020 module=PERIODIC id=ReadFoupStatus uuid=40 len=23
frame=01 04 12 78 05 3B 73 CD 57 EE 47 8A F9 D5 76 57 17 C3 97 12 E6 65 03
[2026-04-17 09:31:59] [INFO] [发送] 09:31:59.501 设备ID=12020 module=PERIODIC id=ReadFoupStatus uuid=40 sendCount=1/1 timeout=1000ms crc=30 0C len=8
frame=01 04 00 00 00 09 30 0C
[2026-04-17 09:31:59] [INFO] [接收-帧] 09:31:59.600 设备ID=12020 module=PERIODIC id=ReadFoupStatus uuid=40 len=23
frame=01 04 12 1F 4C C8 8C D4 66 27 01 5C A5 39 F4 FE D9 66 2D AC 56 7A D3
[2026-04-17 09:32:00] [INFO] [发送] 09:32:00.591 设备ID=12020 module=PERIODIC id=ReadFoupStatus uuid=40 sendCount=1/1 timeout=1000ms crc=30 0C len=8
frame=01 04 00 00 00 09 30 0C
[2026-04-17 09:32:00] [INFO] [接收-帧] 09:32:00.688 设备ID=12020 module=PERIODIC id=ReadFoupStatus uuid=40 len=23
frame=01 04 12 93 32 5B 5C 25 F0 9A 9A 4C D7 52 91 BB 15 1C D3 6C 54 DA 7A
[2026-04-17 09:32:01] [INFO] [发送] 09:32:01.683 设备ID=12020 module=PERIODIC id=ReadFoupStatus uuid=40 sendCount=1/1 timeout=1000ms crc=30 0C len=8
frame=01 04 00 00 00 09 30 0C
[2026-04-17 09:32:01] [INFO] [接收-帧] 09:32:01.779 设备ID=12020 module=PERIODIC id=ReadFoupStatus uuid=40 len=23
frame=01 04 12 09 F5 F3 1F B3 F1 02 6A 72 0C 29 5A 03 A9 C4 36 8F 19 A4 10
[2026-04-17 09:32:02] [INFO] [发送] 09:32:02.779 设备ID=12020 module=PERIODIC id=ReadFoupStatus uuid=40 sendCount=1/1 timeout=1000ms crc=30 0C len=8
frame=01 04 00 00 00 09 30 0C
[2026-04-17 09:32:02] [INFO] [接收-帧] 09:32:02.881 设备ID=12020 module=PERIODIC id=ReadFoupStatus uuid=40 len=23
frame=01 04 12 11 1C 3F 7C D0 00 16 61 14 73 1B C9 9B 2D CF DA 1B DE 19 BA
[2026-04-17 09:32:03] [INFO] [发送] 09:32:03.872 设备ID=12020 module=PERIODIC id=ReadFoupStatus uuid=40 sendCount=1/1 timeout=1000ms crc=30 0C len=8
frame=01 04 00 00 00 09 30 0C
[2026-04-17 09:32:03] [INFO] [接收-帧] 09:32:03.973 设备ID=12020 module=PERIODIC id=ReadFoupStatus uuid=40 len=23
frame=01 04 12 BE B7 0C D7 02 AA 69 2A 27 B6 72 2B F4 4A 9B C5 C5 D3 C9 1F
