[2026-04-17 09:24:09] [INFO] [发送] 09:24:09.509 设备ID=12068 module=INITIAL id=ReadVersion uuid=135 sendCount=1/4 timeout=1000ms crc=B1 CD len=8
frame=01 04 00 18 00 01 B1 CD
[2026-04-17 09:24:10] [INFO] [接收-帧] 09:24:10.159 设备ID=12068 module=INITIAL id=ReadVersion uuid=135 len=7
frame=01 04 02 00 00 B9 30
[2026-04-17 09:24:10] [INFO] [发送] 09:24:10.159 设备ID=12068 module=PERIODIC id=ReadFoupStatus uuid=136 sendCount=1/1 timeout=1000ms crc=30 0C len=8
frame=01 04 00 00 00 09 30 0C
[2026-04-17 09:24:12] [INFO] [发送] 09:24:12.152 设备ID=12068 module=PERIODIC id=ReadFoupStatus uuid=136 sendCount=1/1 timeout=1000ms crc=30 0C len=8
frame=01 04 00 00 00 09 30 0C
[2026-04-17 09:24:14] [INFO] [发送] 09:24:14.156 设备ID=12068 module=PERIODIC id=ReadFoupStatus uuid=136 sendCount=1/1 timeout=1000ms crc=30 0C len=8
frame=01 04 00 00 00 09 30 0C
[2026-04-17 09:24:16] [INFO] [发送] 09:24:16.149 设备ID=12068 module=PERIODIC id=ReadFoupStatus uuid=136 sendCount=1/1 timeout=1000ms crc=30 0C len=8
frame=01 04 00 00 00 09 30 0C
[2026-04-17 09:24:18] [INFO] [发送] 09:24:18.150 设备ID=12068 module=PERIODIC id=ReadFoupStatus uuid=136 sendCount=1/1 timeout=1000ms crc=30 0C len=8
frame=01 04 00 00 00 09 30 0C
[2026-04-17 09:24:20] [INFO] [发送] 09:24:20.187 设备ID=12068 module=PERIODIC id=ReadFoupStatus uuid=136 sendCount=1/1 timeout=1000ms crc=30 0C len=8
frame=01 04 00 00 00 09 30 0C
[2026-04-17 09:24:22] [INFO] [发送] 09:24:22.202 设备ID=12068 module=PERIODIC id=ReadFoupStatus uuid=136 sendCount=1/1 timeout=1000ms crc=30 0C len=8
frame=01 04 00 00 00 09 30 0C
[2026-04-17 09:24:24] [INFO] [发送] 09:24:24.200 设备ID=12068 module=PERIODIC id=ReadFoupStatus uuid=136 sendCount=1/1 timeout=1000ms crc=30 0C len=8
frame=01 04 00 00 00 09 30 0C
[2026-04-17 09:24:26] [INFO] [发送] 09:24:26.204 设备ID=12068 module=PERIODIC id=ReadFoupStatus uuid=136 sendCount=1/1 timeout=1000ms crc=30 0C len=8
frame=01 04 00 00 00 09 30 0C
[2026-04-17 09:24:28] [INFO] [发送] 09:24:28.204 设备ID=12068 module=PERIODIC id=ReadFoupStatus uuid=136 sendCount=1/1 timeout=1000ms crc=30 0C len=8
frame=01 04 00 00 00 09 30 0C
[2026-04-17 09:24:32] [INFO] [发送] 09:24:32.404 设备ID=12068 module=PERIODIC id=ReadFoupStatus uuid=136 sendCount=1/1 timeout=1000ms crc=30 0C len=8
frame=01 04 00 00 00 09 30 0C
[2026-04-17 09:24:34] [INFO] [发送] 09:24:34.408 设备ID=12068 module=PERIODIC id=ReadFoupStatus uuid=136 sendCount=1/1 timeout=1000ms crc=30 0C len=8
frame=01 04 00 00 00 09 30 0C
[2026-04-17 09:24:36] [INFO] [发送] 09:24:36.402 设备ID=12068 module=PERIODIC id=ReadFoupStatus uuid=136 sendCount=1/1 timeout=1000ms crc=30 0C len=8
frame=01 04 00 00 00 09 30 0C
[2026-04-17 09:24:38] [INFO] [发送] 09:24:38.401 设备ID=12068 module=PERIODIC id=ReadFoupStatus uuid=136 sendCount=1/1 timeout=1000ms crc=30 0C len=8
frame=01 04 00 00 00 09 30 0C
[2026-04-17 09:24:40] [INFO] [发送] 09:24:40.407 设备ID=12068 module=PERIODIC id=ReadFoupStatus uuid=136 sendCount=1/1 timeout=1000ms crc=30 0C len=8
frame=01 04 00 00 00 09 30 0C
[2026-04-17 09:24:42] [INFO] [发送] 09:24:42.402 设备ID=12068 module=PERIODIC id=ReadFoupStatus uuid=136 sendCount=1/1 timeout=1000ms crc=30 0C len=8
frame=01 04 00 00 00 09 30 0C
[2026-04-17 09:24:44] [INFO] [发送] 09:24:44.403 设备ID=12068 module=PERIODIC id=ReadFoupStatus uuid=136 sendCount=1/1 timeout=1000ms crc=30 0C len=8
frame=01 04 00 00 00 09 30 0C
[2026-04-17 09:24:47] [INFO] [发送] 09:24:47.929 设备ID=12068 module=PERIODIC id=ReadFoupStatus uuid=136 sendCount=1/1 timeout=1000ms crc=30 0C len=8
frame=01 04 00 00 00 09 30 0C
[2026-04-17 09:24:48] [INFO] [接收-帧] 09:24:48.013 设备ID=12068 module=PERIODIC id=ReadFoupStatus uuid=136 len=23
frame=01 04 12 CB B7 70 0C 7C 3C EA 57 61 54 F8 FC 5A F7 CB 25 2F 1E AF A6
[2026-04-17 09:24:49] [INFO] [发送] 09:24:49.015 设备ID=12068 module=PERIODIC id=ReadFoupStatus uuid=136 sendCount=1/1 timeout=1000ms crc=30 0C len=8
frame=01 04 00 00 00 09 30 0C
[2026-04-17 09:24:49] [INFO] [接收-帧] 09:24:49.111 设备ID=12068 module=PERIODIC id=ReadFoupStatus uuid=136 len=23
frame=01 04 12 25 47 34 B1 E8 7F 82 FC 4B CF E7 E2 41 5B 63 6B 32 D1 03 55
[2026-04-17 09:24:50] [INFO] [发送] 09:24:50.106 设备ID=12068 module=PERIODIC id=ReadFoupStatus uuid=136 sendCount=1/1 timeout=1000ms crc=30 0C len=8
frame=01 04 00 00 00 09 30 0C
[2026-04-17 09:24:50] [INFO] [接收-帧] 09:24:50.209 设备ID=12068 module=PERIODIC id=ReadFoupStatus uuid=136 len=23
frame=01 04 12 02 64 0A E7 6D 83 FF B1 DF DC B6 5F 1B 78 97 2C C6 E7 BB 8A
[2026-04-17 09:24:51] [INFO] [发送] 09:24:51.205 设备ID=12068 module=PERIODIC id=ReadFoupStatus uuid=136 sendCount=1/1 timeout=1000ms crc=30 0C len=8
frame=01 04 00 00 00 09 30 0C
[2026-04-17 09:24:51] [INFO] [接收-帧] 09:24:51.300 设备ID=12068 module=PERIODIC id=ReadFoupStatus uuid=136 len=23
frame=01 04 12 B1 D9 F1 68 DF A1 8D 55 12 12 57 3E 10 09 E9 CA AC 41 6D 05
[2026-04-17 09:24:52] [INFO] [发送] 09:24:52.303 设备ID=12068 module=PERIODIC id=ReadFoupStatus uuid=136 sendCount=1/1 timeout=1000ms crc=30 0C len=8
frame=01 04 00 00 00 09 30 0C
[2026-04-17 09:24:52] [INFO] [接收-帧] 09:24:52.396 设备ID=12068 module=PERIODIC id=ReadFoupStatus uuid=136 len=23
frame=01 04 12 DF 49 42 EE DB E6 A4 D1 AD 05 3B D5 1D F4 AB 9F CD 0D 5E 88
[2026-04-17 09:24:53] [INFO] [发送] 09:24:53.401 设备ID=12068 module=PERIODIC id=ReadFoupStatus uuid=136 sendCount=1/1 timeout=1000ms crc=30 0C len=8
frame=01 04 00 00 00 09 30 0C
[2026-04-17 09:24:53] [INFO] [接收-帧] 09:24:53.482 设备ID=12068 module=PERIODIC id=ReadFoupStatus uuid=136 len=23
frame=01 04 12 0F 5B EF AA F8 76 68 03 D4 16 74 A5 B5 F9 2C 5B AB 18 E8 1E
[2026-04-17 09:24:54] [INFO] [发送] 09:24:54.478 设备ID=12068 module=PERIODIC id=ReadFoupStatus uuid=136 sendCount=1/1 timeout=1000ms crc=30 0C len=8
frame=01 04 00 00 00 09 30 0C
[2026-04-17 09:24:54] [INFO] [接收-帧] 09:24:54.582 设备ID=12068 module=PERIODIC id=ReadFoupStatus uuid=136 len=23
frame=01 04 12 DF 93 0A 53 44 1A 2E B4 43 17 BA 36 AA D5 00 A1 41 B3 FD 24
[2026-04-17 09:24:55] [INFO] [发送] 09:24:55.573 设备ID=12068 module=PERIODIC id=ReadFoupStatus uuid=136 sendCount=1/1 timeout=1000ms crc=30 0C len=8
frame=01 04 00 00 00 09 30 0C
[2026-04-17 09:24:55] [INFO] [接收-帧] 09:24:55.671 设备ID=12068 module=PERIODIC id=ReadFoupStatus uuid=136 len=23
frame=01 04 12 F7 0A 7F E5 A5 E4 CE BA C4 6E D0 43 D7 F4 1C ED 06 EA 87 2D
[2026-04-17 09:24:56] [INFO] [发送] 09:24:56.665 设备ID=12068 module=PERIODIC id=ReadFoupStatus uuid=136 sendCount=1/1 timeout=1000ms crc=30 0C len=8
frame=01 04 00 00 00 09 30 0C
[2026-04-17 09:24:56] [INFO] [接收-帧] 09:24:56.766 设备ID=12068 module=PERIODIC id=ReadFoupStatus uuid=136 len=23
frame=01 04 12 F0 36 90 FF C2 76 26 27 03 B2 E7 A7 5C 25 82 CA F0 CC 55 F7
[2026-04-17 09:24:57] [INFO] [发送] 09:24:57.772 设备ID=12068 module=PERIODIC id=ReadFoupStatus uuid=136 sendCount=1/1 timeout=1000ms crc=30 0C len=8
frame=01 04 00 00 00 09 30 0C
[2026-04-17 09:24:57] [INFO] [接收-帧] 09:24:57.858 设备ID=12068 module=PERIODIC id=ReadFoupStatus uuid=136 len=23
frame=01 04 12 CC 3A 87 DA 06 8E 98 F0 23 2C 83 AA DA 68 B6 48 A6 31 2C 28
[2026-04-17 09:24:58] [INFO] [发送] 09:24:58.854 设备ID=12068 module=PERIODIC id=ReadFoupStatus uuid=136 sendCount=1/1 timeout=1000ms crc=30 0C len=8
frame=01 04 00 00 00 09 30 0C
[2026-04-17 09:24:58] [INFO] [接收-帧] 09:24:58.951 设备ID=12068 module=PERIODIC id=ReadFoupStatus uuid=136 len=23
frame=01 04 12 31 D0 76 EA AE 83 61 C1 AF 24 A0 C4 B2 4F B2 F5 20 1C 2B BE
[2026-04-17 09:24:59] [INFO] [发送] 09:24:59.953 设备ID=12068 module=PERIODIC id=ReadFoupStatus uuid=136 sendCount=1/1 timeout=1000ms crc=30 0C len=8
frame=01 04 00 00 00 09 30 0C
[2026-04-17 09:25:00] [INFO] [接收-帧] 09:25:00.051 设备ID=12068 module=PERIODIC id=ReadFoupStatus uuid=136 len=23
frame=01 04 12 17 FC 42 9E F1 E7 88 B8 34 8D C0 A9 D1 47 AD 5F 74 D2 9B D3
[2026-04-17 09:25:01] [INFO] [发送] 09:25:01.045 设备ID=12068 module=PERIODIC id=ReadFoupStatus uuid=136 sendCount=1/1 timeout=1000ms crc=30 0C len=8
frame=01 04 00 00 00 09 30 0C
[2026-04-17 09:25:01] [INFO] [接收-帧] 09:25:01.141 设备ID=12068 module=PERIODIC id=ReadFoupStatus uuid=136 len=23
frame=01 04 12 0C 41 8A A3 52 08 07 DB BF AB 1A 26 05 1C F5 5D 33 BC C8 C3
[2026-04-17 09:25:02] [INFO] [发送] 09:25:02.148 设备ID=12068 module=PERIODIC id=ReadFoupStatus uuid=136 sendCount=1/1 timeout=1000ms crc=30 0C len=8
frame=01 04 00 00 00 09 30 0C
[2026-04-17 09:25:02] [INFO] [接收-帧] 09:25:02.239 设备ID=12068 module=PERIODIC id=ReadFoupStatus uuid=136 len=23
frame=01 04 12 E9 F6 91 68 75 A6 26 BD 54 FA 2B 64 1B E0 79 E2 F6 41 3A 8C
[2026-04-17 09:25:03] [INFO] [发送] 09:25:03.235 设备ID=12068 module=PERIODIC id=ReadFoupStatus uuid=136 sendCount=1/1 timeout=1000ms crc=30 0C len=8
frame=01 04 00 00 00 09 30 0C
[2026-04-17 09:25:03] [INFO] [接收-帧] 09:25:03.331 设备ID=12068 module=PERIODIC id=ReadFoupStatus uuid=136 len=23
frame=01 04 12 3A DC 46 9C 33 7B D8 84 A3 F2 BF 10 92 B5 E6 4A C6 16 30 BE
[2026-04-17 09:25:04] [INFO] [发送] 09:25:04.327 设备ID=12068 module=PERIODIC id=ReadFoupStatus uuid=136 sendCount=1/1 timeout=1000ms crc=30 0C len=8
frame=01 04 00 00 00 09 30 0C
[2026-04-17 09:25:04] [INFO] [接收-帧] 09:25:04.421 设备ID=12068 module=PERIODIC id=ReadFoupStatus uuid=136 len=23
frame=01 04 12 44 BF CC E0 88 BA 68 99 26 31 0D D9 01 C4 76 16 D3 38 1C 75
[2026-04-17 09:25:05] [INFO] [发送] 09:25:05.422 设备ID=12068 module=PERIODIC id=ReadFoupStatus uuid=136 sendCount=1/1 timeout=1000ms crc=30 0C len=8
frame=01 04 00 00 00 09 30 0C
[2026-04-17 09:25:05] [INFO] [接收-帧] 09:25:05.542 设备ID=12068 module=PERIODIC id=ReadFoupStatus uuid=136 len=23
frame=01 04 12 05 9E C1 B6 09 56 EA 43 E7 32 31 48 58 61 F3 E6 63 85 81 FD
[2026-04-17 09:25:06] [INFO] [发送] 09:25:06.541 设备ID=12068 module=PERIODIC id=ReadFoupStatus uuid=136 sendCount=1/1 timeout=1000ms crc=30 0C len=8
frame=01 04 00 00 00 09 30 0C
[2026-04-17 09:25:06] [INFO] [接收-帧] 09:25:06.610 设备ID=12068 module=PERIODIC id=ReadFoupStatus uuid=136 len=23
frame=01 04 12 0C 3E C6 C0 2E 9A FB 69 15 1E FF 05 F4 D6 15 68 AC F2 C9 48
[2026-04-17 09:25:07] [INFO] [发送] 09:25:07.602 设备ID=12068 module=PERIODIC id=ReadFoupStatus uuid=136 sendCount=1/1 timeout=1000ms crc=30 0C len=8
frame=01 04 00 00 00 09 30 0C
[2026-04-17 09:25:07] [INFO] [接收-帧] 09:25:07.702 设备ID=12068 module=PERIODIC id=ReadFoupStatus uuid=136 len=23
frame=01 04 12 17 91 9A 85 65 2F D4 38 43 80 70 B3 BF 08 F5 C8 CC 49 43 B3
[2026-04-17 09:25:08] [INFO] [发送] 09:25:08.700 设备ID=12068 module=PERIODIC id=ReadFoupStatus uuid=136 sendCount=1/1 timeout=1000ms crc=30 0C len=8
frame=01 04 00 00 00 09 30 0C
[2026-04-17 09:25:08] [INFO] [接收-帧] 09:25:08.800 设备ID=12068 module=PERIODIC id=ReadFoupStatus uuid=136 len=23
frame=01 04 12 DB 1C 4C 1D 75 5A 18 F3 DF 7E 60 69 9B B1 68 66 BF 46 23 C1
[2026-04-17 09:25:09] [INFO] [发送] 09:25:09.794 设备ID=12068 module=PERIODIC id=ReadFoupStatus uuid=136 sendCount=1/1 timeout=1000ms crc=30 0C len=8
frame=01 04 00 00 00 09 30 0C
[2026-04-17 09:25:09] [INFO] [接收-帧] 09:25:09.892 设备ID=12068 module=PERIODIC id=ReadFoupStatus uuid=136 len=23
frame=01 04 12 A4 06 75 1F 3B 76 81 EE 98 8B EC 51 17 0A 6E C5 4B 55 D4 26
[2026-04-17 09:25:10] [INFO] [发送] 09:25:10.888 设备ID=12068 module=PERIODIC id=ReadFoupStatus uuid=136 sendCount=1/1 timeout=1000ms crc=30 0C len=8
frame=01 04 00 00 00 09 30 0C
[2026-04-17 09:25:10] [INFO] [接收-帧] 09:25:10.984 设备ID=12068 module=PERIODIC id=ReadFoupStatus uuid=136 len=23
frame=01 04 12 7B 56 BF 1A A2 6E 6F C5 22 17 A8 01 D5 D0 CC DB 88 D8 BC 4C
[2026-04-17 09:25:11] [INFO] [发送] 09:25:11.979 设备ID=12068 module=PERIODIC id=ReadFoupStatus uuid=136 sendCount=1/1 timeout=1000ms crc=30 0C len=8
frame=01 04 00 00 00 09 30 0C
[2026-04-17 09:25:12] [INFO] [接收-帧] 09:25:12.077 设备ID=12068 module=PERIODIC id=ReadFoupStatus uuid=136 len=23
frame=01 04 12 84 A5 36 34 F9 6A 1A C1 B9 42 20 77 A4 A7 22 20 E2 53 73 23
[2026-04-17 09:25:13] [INFO] [发送] 09:25:13.078 设备ID=12068 module=PERIODIC id=ReadFoupStatus uuid=136 sendCount=1/1 timeout=1000ms crc=30 0C len=8
frame=01 04 00 00 00 09 30 0C
[2026-04-17 09:25:13] [INFO] [接收-帧] 09:25:13.172 设备ID=12068 module=PERIODIC id=ReadFoupStatus uuid=136 len=23
frame=01 04 12 32 25 F8 CE 75 00 EE 50 3D 61 55 D0 F0 4E 17 2D 02 CF 78 7C
[2026-04-17 09:25:14] [INFO] [发送] 09:25:14.165 设备ID=12068 module=PERIODIC id=ReadFoupStatus uuid=136 sendCount=1/1 timeout=1000ms crc=30 0C len=8
frame=01 04 00 00 00 09 30 0C
[2026-04-17 09:25:14] [INFO] [接收-帧] 09:25:14.263 设备ID=12068 module=PERIODIC id=ReadFoupStatus uuid=136 len=23
frame=01 04 12 BC 9D 56 74 42 9B 3F 83 F4 CE CB 6F 49 E9 DD 06 AB E9 47 07
[2026-04-17 09:25:15] [INFO] [发送] 09:25:15.261 设备ID=12068 module=PERIODIC id=ReadFoupStatus uuid=136 sendCount=1/1 timeout=1000ms crc=30 0C len=8
frame=01 04 00 00 00 09 30 0C
[2026-04-17 09:25:15] [INFO] [接收-帧] 09:25:15.359 设备ID=12068 module=PERIODIC id=ReadFoupStatus uuid=136 len=23
frame=01 04 12 47 CB B1 1B 95 BB 27 1D 8E AD 77 B3 0D 53 EF AF 90 85 2F 46
[2026-04-17 09:25:16] [INFO] [发送] 09:25:16.354 设备ID=12068 module=PERIODIC id=ReadFoupStatus uuid=136 sendCount=1/1 timeout=1000ms crc=30 0C len=8
frame=01 04 00 00 00 09 30 0C
[2026-04-17 09:25:16] [INFO] [接收-帧] 09:25:16.458 设备ID=12068 module=PERIODIC id=ReadFoupStatus uuid=136 len=23
frame=01 04 12 46 03 BB BD 1B C6 FB 77 21 84 C1 6F 1F 43 9B 9D 94 E3 8F C9
[2026-04-17 09:25:17] [INFO] [发送] 09:25:17.447 设备ID=12068 module=PERIODIC id=ReadFoupStatus uuid=136 sendCount=1/1 timeout=1000ms crc=30 0C len=8
frame=01 04 00 00 00 09 30 0C
[2026-04-17 09:25:17] [INFO] [接收-帧] 09:25:17.544 设备ID=12068 module=PERIODIC id=ReadFoupStatus uuid=136 len=23
frame=01 04 12 06 43 73 16 12 3A 49 15 29 A0 9F 6E D3 8C 9E E1 9A 08 7F 28
[2026-04-17 09:25:18] [INFO] [发送] 09:25:18.545 设备ID=12068 module=PERIODIC id=ReadFoupStatus uuid=136 sendCount=1/1 timeout=1000ms crc=30 0C len=8
frame=01 04 00 00 00 09 30 0C
[2026-04-17 09:25:18] [INFO] [接收-帧] 09:25:18.643 设备ID=12068 module=PERIODIC id=ReadFoupStatus uuid=136 len=23
frame=01 04 12 78 38 0E 1F FD 8F 7E A7 B1 5B 7B 8E 53 EC AB B3 85 42 6F A8
[2026-04-17 09:25:19] [INFO] [发送] 09:25:19.647 设备ID=12068 module=PERIODIC id=ReadFoupStatus uuid=136 sendCount=1/1 timeout=1000ms crc=30 0C len=8
frame=01 04 00 00 00 09 30 0C
[2026-04-17 09:25:19] [INFO] [接收-帧] 09:25:19.777 设备ID=12068 module=PERIODIC id=ReadFoupStatus uuid=136 len=23
frame=01 04 12 4C 7F 8C A8 0F FA 7A 61 8F 25 55 C1 0A 32 93 8E 4B 88 7F 3E
[2026-04-17 09:25:20] [INFO] [发送] 09:25:20.781 设备ID=12068 module=PERIODIC id=ReadFoupStatus uuid=136 sendCount=1/1 timeout=1000ms crc=30 0C len=8
frame=01 04 00 00 00 09 30 0C
[2026-04-17 09:25:20] [INFO] [接收-帧] 09:25:20.845 设备ID=12068 module=PERIODIC id=ReadFoupStatus uuid=136 len=23
frame=01 04 12 04 E5 6F 1B AB 32 58 FC 7E D1 74 48 58 2E 4E 2E 26 61 EF 0E
[2026-04-17 09:25:21] [INFO] [发送] 09:25:21.849 设备ID=12068 module=PERIODIC id=ReadFoupStatus uuid=136 sendCount=1/1 timeout=1000ms crc=30 0C len=8
frame=01 04 00 00 00 09 30 0C
[2026-04-17 09:25:21] [INFO] [接收-帧] 09:25:21.928 设备ID=12068 module=PERIODIC id=ReadFoupStatus uuid=136 len=23
frame=01 04 12 F8 21 36 E7 11 8D 08 8D 10 4D CB E1 D7 B5 79 0C E9 1C DC 3E
[2026-04-17 09:25:22] [INFO] [发送] 09:25:22.916 设备ID=12068 module=PERIODIC id=ReadFoupStatus uuid=136 sendCount=1/1 timeout=1000ms crc=30 0C len=8
frame=01 04 00 00 00 09 30 0C
[2026-04-17 09:25:23] [INFO] [接收-帧] 09:25:23.019 设备ID=12068 module=PERIODIC id=ReadFoupStatus uuid=136 len=23
frame=01 04 12 1C 9F 06 4B 03 CA A0 52 A7 9D 75 2D 30 54 6F 2A 08 A0 B4 17
[2026-04-17 09:25:24] [INFO] [发送] 09:25:24.012 设备ID=12068 module=PERIODIC id=ReadFoupStatus uuid=136 sendCount=1/1 timeout=1000ms crc=30 0C len=8
frame=01 04 00 00 00 09 30 0C
[2026-04-17 09:25:24] [INFO] [接收-帧] 09:25:24.108 设备ID=12068 module=PERIODIC id=ReadFoupStatus uuid=136 len=23
frame=01 04 12 C2 D5 62 01 6E 6C D0 97 34 E5 20 2E 11 93 86 C4 63 04 9B 24
[2026-04-17 09:25:25] [INFO] [发送] 09:25:25.107 设备ID=12068 module=PERIODIC id=ReadFoupStatus uuid=136 sendCount=1/1 timeout=1000ms crc=30 0C len=8
frame=01 04 00 00 00 09 30 0C
[2026-04-17 09:25:25] [INFO] [接收-帧] 09:25:25.203 设备ID=12068 module=PERIODIC id=ReadFoupStatus uuid=136 len=23
frame=01 04 12 BE 27 D8 CB 98 5A E2 78 23 D6 06 DF 24 C5 31 A5 CD 6B EB E7
[2026-04-17 09:25:26] [INFO] [发送] 09:25:26.208 设备ID=12068 module=PERIODIC id=ReadFoupStatus uuid=136 sendCount=1/1 timeout=1000ms crc=30 0C len=8
frame=01 04 00 00 00 09 30 0C
[2026-04-17 09:25:26] [INFO] [接收-帧] 09:25:26.300 设备ID=12068 module=PERIODIC id=ReadFoupStatus uuid=136 len=23
frame=01 04 12 D4 A1 A7 B9 28 75 70 70 87 3F FD B5 C2 39 92 6E 12 C5 A0 70
[2026-04-17 09:25:27] [INFO] [发送] 09:25:27.297 设备ID=12068 module=PERIODIC id=ReadFoupStatus uuid=136 sendCount=1/1 timeout=1000ms crc=30 0C len=8
frame=01 04 00 00 00 09 30 0C
[2026-04-17 09:25:27] [INFO] [接收-帧] 09:25:27.393 设备ID=12068 module=PERIODIC id=ReadFoupStatus uuid=136 len=23
frame=01 04 12 46 74 16 3C 43 10 DA AA 32 92 D9 84 BB 96 C4 3F 3E 17 F1 0B
[2026-04-17 09:25:28] [INFO] [发送] 09:25:28.387 设备ID=12068 module=PERIODIC id=ReadFoupStatus uuid=136 sendCount=1/1 timeout=1000ms crc=30 0C len=8
frame=01 04 00 00 00 09 30 0C
[2026-04-17 09:25:28] [INFO] [接收-帧] 09:25:28.483 设备ID=12068 module=PERIODIC id=ReadFoupStatus uuid=136 len=23
frame=01 04 12 D6 52 CD 9C 43 83 10 66 54 5C 48 1D 4A 8E 94 FE F9 5F 99 B2
[2026-04-17 09:25:29] [INFO] [发送] 09:25:29.491 设备ID=12068 module=PERIODIC id=ReadFoupStatus uuid=136 sendCount=1/1 timeout=1000ms crc=30 0C len=8
frame=01 04 00 00 00 09 30 0C
[2026-04-17 09:25:29] [INFO] [接收-帧] 09:25:29.578 设备ID=12068 module=PERIODIC id=ReadFoupStatus uuid=136 len=23
frame=01 04 12 2E AC 8D 11 4C 0C 2F E3 69 33 26 54 96 3D 35 49 06 2E 5F A2
[2026-04-17 09:25:30] [INFO] [发送] 09:25:30.580 设备ID=12068 module=PERIODIC id=ReadFoupStatus uuid=136 sendCount=1/1 timeout=1000ms crc=30 0C len=8
frame=01 04 00 00 00 09 30 0C
[2026-04-17 09:25:30] [INFO] [接收-帧] 09:25:30.671 设备ID=12068 module=PERIODIC id=ReadFoupStatus uuid=136 len=23
frame=01 04 12 A2 B8 ED E6 F2 C9 35 78 5B B4 A2 ED DA C9 06 5B 73 1F E7 4F
[2026-04-17 09:25:31] [INFO] [发送] 09:25:31.669 设备ID=12068 module=PERIODIC id=ReadFoupStatus uuid=136 sendCount=1/1 timeout=1000ms crc=30 0C len=8
frame=01 04 00 00 00 09 30 0C
[2026-04-17 09:25:31] [INFO] [接收-帧] 09:25:31.770 设备ID=12068 module=PERIODIC id=ReadFoupStatus uuid=136 len=23
frame=01 04 12 F5 86 FD 0E E7 EF 6E 25 AE 3B 7B 5C 8B 5B 6D 6F 67 98 50 0C
[2026-04-17 09:25:32] [INFO] [发送] 09:25:32.759 设备ID=12068 module=PERIODIC id=ReadFoupStatus uuid=136 sendCount=1/1 timeout=1000ms crc=30 0C len=8
frame=01 04 00 00 00 09 30 0C
[2026-04-17 09:25:32] [INFO] [接收-帧] 09:25:32.857 设备ID=12068 module=PERIODIC id=ReadFoupStatus uuid=136 len=23
frame=01 04 12 75 5B AB EE A1 70 43 EA 00 2B 57 EF 08 27 DE F0 CF 03 91 32
[2026-04-17 09:25:33] [INFO] [发送] 09:25:33.852 设备ID=12068 module=PERIODIC id=ReadFoupStatus uuid=136 sendCount=1/1 timeout=1000ms crc=30 0C len=8
frame=01 04 00 00 00 09 30 0C
[2026-04-17 09:25:33] [INFO] [接收-帧] 09:25:33.954 设备ID=12068 module=PERIODIC id=ReadFoupStatus uuid=136 len=23
frame=01 04 12 93 29 86 DE 47 DB CD 4B 51 B1 03 B6 BD A3 41 05 7E 81 D2 70
[2026-04-17 09:25:34] [INFO] [发送] 09:25:34.947 设备ID=12068 module=PERIODIC id=ReadFoupStatus uuid=136 sendCount=1/1 timeout=1000ms crc=30 0C len=8
frame=01 04 00 00 00 09 30 0C
[2026-04-17 09:25:35] [INFO] [接收-帧] 09:25:35.052 设备ID=12068 module=PERIODIC id=ReadFoupStatus uuid=136 len=23
frame=01 04 12 7B E4 F1 29 62 3C C8 8D 46 5A 3F D8 41 ED 63 6C FA 9C 4F FC
[2026-04-17 09:25:36] [INFO] [发送] 09:25:36.049 设备ID=12068 module=PERIODIC id=ReadFoupStatus uuid=136 sendCount=1/1 timeout=1000ms crc=30 0C len=8
frame=01 04 00 00 00 09 30 0C
[2026-04-17 09:25:36] [INFO] [接收-帧] 09:25:36.143 设备ID=12068 module=PERIODIC id=ReadFoupStatus uuid=136 len=23
frame=01 04 12 DE 02 3C 81 9B 5D 88 0F DF 8F BE EE D8 77 C3 92 1E 77 D4 60
[2026-04-17 09:25:37] [INFO] [发送] 09:25:37.137 设备ID=12068 module=PERIODIC id=ReadFoupStatus uuid=136 sendCount=1/1 timeout=1000ms crc=30 0C len=8
frame=01 04 00 00 00 09 30 0C
[2026-04-17 09:25:37] [INFO] [接收-帧] 09:25:37.236 设备ID=12068 module=PERIODIC id=ReadFoupStatus uuid=136 len=23
frame=01 04 12 DF A5 4B 85 C3 F4 69 47 40 07 03 8F 2C 8F 6B 13 40 DC DF 61
[2026-04-17 09:25:38] [INFO] [发送] 09:25:38.230 设备ID=12068 module=PERIODIC id=ReadFoupStatus uuid=136 sendCount=1/1 timeout=1000ms crc=30 0C len=8
frame=01 04 00 00 00 09 30 0C
[2026-04-17 09:25:38] [INFO] [接收-帧] 09:25:38.326 设备ID=12068 module=PERIODIC id=ReadFoupStatus uuid=136 len=23
frame=01 04 12 EF FA 6B 40 54 6C 05 E7 83 B6 D9 7A 0E FA 26 4D 2D 31 EB B9
[2026-04-17 09:25:39] [INFO] [发送] 09:25:39.323 设备ID=12068 module=PERIODIC id=ReadFoupStatus uuid=136 sendCount=1/1 timeout=1000ms crc=30 0C len=8
frame=01 04 00 00 00 09 30 0C
[2026-04-17 09:25:39] [INFO] [接收-帧] 09:25:39.425 设备ID=12068 module=PERIODIC id=ReadFoupStatus uuid=136 len=23
frame=01 04 12 9A 55 BD B4 83 E8 C8 19 86 3D 75 5E F7 47 E2 DD 7A 4C AE 5B
[2026-04-17 09:25:40] [INFO] [发送] 09:25:40.427 设备ID=12068 module=PERIODIC id=ReadFoupStatus uuid=136 sendCount=1/1 timeout=1000ms crc=30 0C len=8
frame=01 04 00 00 00 09 30 0C
[2026-04-17 09:25:40] [INFO] [接收-帧] 09:25:40.515 设备ID=12068 module=PERIODIC id=ReadFoupStatus uuid=136 len=23
frame=01 04 12 EF 0B 4C 77 41 85 C0 E6 E1 25 DA 42 3C 17 10 F9 B3 4C 02 94
[2026-04-17 09:25:41] [INFO] [发送] 09:25:41.508 设备ID=12068 module=PERIODIC id=ReadFoupStatus uuid=136 sendCount=1/1 timeout=1000ms crc=30 0C len=8
frame=01 04 00 00 00 09 30 0C
[2026-04-17 09:25:41] [INFO] [接收-帧] 09:25:41.611 设备ID=12068 module=PERIODIC id=ReadFoupStatus uuid=136 len=23
frame=01 04 12 35 79 0C 2F 26 89 66 42 1A 99 0E 2A C1 98 2E 84 5E 30 7F AD
[2026-04-17 09:25:42] [INFO] [发送] 09:25:42.608 设备ID=12068 module=PERIODIC id=ReadFoupStatus uuid=136 sendCount=1/1 timeout=1000ms crc=30 0C len=8
frame=01 04 00 00 00 09 30 0C
[2026-04-17 09:25:42] [INFO] [接收-帧] 09:25:42.705 设备ID=12068 module=PERIODIC id=ReadFoupStatus uuid=136 len=23
frame=01 04 12 B3 40 6F 83 E7 F0 CF F2 46 FB 82 3D EB 18 D4 8B 79 63 5B F8
[2026-04-17 09:25:43] [INFO] [发送] 09:25:43.701 设备ID=12068 module=PERIODIC id=ReadFoupStatus uuid=136 sendCount=1/1 timeout=1000ms crc=30 0C len=8
frame=01 04 00 00 00 09 30 0C
[2026-04-17 09:25:43] [INFO] [接收-帧] 09:25:43.799 设备ID=12068 module=PERIODIC id=ReadFoupStatus uuid=136 len=23
frame=01 04 12 7A 7D 6A E1 B0 AF AB 27 4C 2B 93 90 EF 48 4B 38 3E 92 B2 D4
[2026-04-17 09:25:44] [INFO] [发送] 09:25:44.790 设备ID=12068 module=PERIODIC id=ReadFoupStatus uuid=136 sendCount=1/1 timeout=1000ms crc=30 0C len=8
frame=01 04 00 00 00 09 30 0C
[2026-04-17 09:25:44] [INFO] [接收-帧] 09:25:44.895 设备ID=12068 module=PERIODIC id=ReadFoupStatus uuid=136 len=23
frame=01 04 12 A6 57 1A 52 52 82 BA 78 CE F7 C1 D5 A7 F7 2D 8F B2 D9 4D AD
[2026-04-17 09:25:45] [INFO] [发送] 09:25:45.891 设备ID=12068 module=PERIODIC id=ReadFoupStatus uuid=136 sendCount=1/1 timeout=1000ms crc=30 0C len=8
frame=01 04 00 00 00 09 30 0C
[2026-04-17 09:25:45] [INFO] [接收-帧] 09:25:45.986 设备ID=12068 module=PERIODIC id=ReadFoupStatus uuid=136 len=23
frame=01 04 12 04 C2 0D B2 4E 62 32 36 5B 09 C7 A8 51 9C AF ED 94 C8 EE 79
[2026-04-17 09:25:46] [INFO] [发送] 09:25:46.993 设备ID=12068 module=PERIODIC id=ReadFoupStatus uuid=136 sendCount=1/1 timeout=1000ms crc=30 0C len=8
frame=01 04 00 00 00 09 30 0C
[2026-04-17 09:25:47] [INFO] [接收-帧] 09:25:47.079 设备ID=12068 module=PERIODIC id=ReadFoupStatus uuid=136 len=23
frame=01 04 12 C9 4C CC A8 06 EC DE EC 43 32 73 E5 D1 21 AE 69 13 DD 54 A4
[2026-04-17 09:25:48] [INFO] [发送] 09:25:48.074 设备ID=12068 module=PERIODIC id=ReadFoupStatus uuid=136 sendCount=1/1 timeout=1000ms crc=30 0C len=8
frame=01 04 00 00 00 09 30 0C
[2026-04-17 09:25:48] [INFO] [接收-帧] 09:25:48.177 设备ID=12068 module=PERIODIC id=ReadFoupStatus uuid=136 len=23
frame=01 04 12 E8 7E 64 3A 9A C4 B1 8C F3 AF D9 E5 96 C6 D9 C6 3B 10 F6 E8
[2026-04-17 09:25:49] [INFO] [发送] 09:25:49.178 设备ID=12068 module=PERIODIC id=ReadFoupStatus uuid=136 sendCount=1/1 timeout=1000ms crc=30 0C len=8
frame=01 04 00 00 00 09 30 0C
[2026-04-17 09:25:49] [INFO] [接收-帧] 09:25:49.266 设备ID=12068 module=PERIODIC id=ReadFoupStatus uuid=136 len=23
frame=01 04 12 22 67 97 16 6B 7B 0F FD 14 06 A1 A8 3C 38 3C A2 3B F9 7F 34
[2026-04-17 09:25:50] [INFO] [发送] 09:25:50.262 设备ID=12068 module=PERIODIC id=ReadFoupStatus uuid=136 sendCount=1/1 timeout=1000ms crc=30 0C len=8
frame=01 04 00 00 00 09 30 0C
[2026-04-17 09:25:50] [INFO] [接收-帧] 09:25:50.363 设备ID=12068 module=PERIODIC id=ReadFoupStatus uuid=136 len=23
frame=01 04 12 F9 34 EC F5 B8 A0 CF 85 41 94 C7 57 AF BA 6A EE 18 56 8F 2D
[2026-04-17 09:25:51] [INFO] [发送] 09:25:51.352 设备ID=12068 module=PERIODIC id=ReadFoupStatus uuid=136 sendCount=1/1 timeout=1000ms crc=30 0C len=8
frame=01 04 00 00 00 09 30 0C
[2026-04-17 09:25:51] [INFO] [接收-帧] 09:25:51.458 设备ID=12068 module=PERIODIC id=ReadFoupStatus uuid=136 len=23
frame=01 04 12 78 F7 90 2E A7 3E AF 19 F3 3B 06 4D A0 6B 84 17 BE CA 6C D7
[2026-04-17 09:25:52] [INFO] [发送] 09:25:52.448 设备ID=12068 module=PERIODIC id=ReadFoupStatus uuid=136 sendCount=1/1 timeout=1000ms crc=30 0C len=8
frame=01 04 00 00 00 09 30 0C
[2026-04-17 09:25:52] [INFO] [接收-帧] 09:25:52.571 设备ID=12068 module=PERIODIC id=ReadFoupStatus uuid=136 len=23
frame=01 04 12 2B 53 03 DA 85 A1 B1 AD 25 E8 44 90 26 D9 11 35 01 A6 CC 1D
[2026-04-17 09:25:53] [INFO] [发送] 09:25:53.574 设备ID=12068 module=PERIODIC id=ReadFoupStatus uuid=136 sendCount=1/1 timeout=1000ms crc=30 0C len=8
frame=01 04 00 00 00 09 30 0C
[2026-04-17 09:25:53] [INFO] [接收-帧] 09:25:53.637 设备ID=12068 module=PERIODIC id=ReadFoupStatus uuid=136 len=23
frame=01 04 12 27 F9 A5 08 56 22 D7 32 37 8A D2 7C 92 7D 04 E4 EE 88 D2 07
[2026-04-17 09:25:54] [INFO] [发送] 09:25:54.634 设备ID=12068 module=PERIODIC id=ReadFoupStatus uuid=136 sendCount=1/1 timeout=1000ms crc=30 0C len=8
frame=01 04 00 00 00 09 30 0C
[2026-04-17 09:25:54] [INFO] [接收-帧] 09:25:54.738 设备ID=12068 module=PERIODIC id=ReadFoupStatus uuid=136 len=23
frame=01 04 12 CD 4C 3F B4 C0 64 2D 84 2A 68 F5 84 B5 01 17 45 1E AD 79 BE
[2026-04-17 09:25:55] [INFO] [发送] 09:25:55.728 设备ID=12068 module=PERIODIC id=ReadFoupStatus uuid=136 sendCount=1/1 timeout=1000ms crc=30 0C len=8
frame=01 04 00 00 00 09 30 0C
[2026-04-17 09:25:55] [INFO] [接收-帧] 09:25:55.830 设备ID=12068 module=PERIODIC id=ReadFoupStatus uuid=136 len=23
frame=01 04 12 F0 02 8C 9C 23 B5 D9 89 A8 0F 54 A9 DA 8F 63 84 91 99 AA AE
[2026-04-17 09:25:56] [INFO] [发送] 09:25:56.822 设备ID=12068 module=PERIODIC id=ReadFoupStatus uuid=136 sendCount=1/1 timeout=1000ms crc=30 0C len=8
frame=01 04 00 00 00 09 30 0C
[2026-04-17 09:25:56] [INFO] [接收-帧] 09:25:56.925 设备ID=12068 module=PERIODIC id=ReadFoupStatus uuid=136 len=23
frame=01 04 12 B2 55 89 7D 53 9C 7E B9 D7 80 DB AE 00 7B 5E 92 66 37 4D 2C
[2026-04-17 09:25:57] [INFO] [发送] 09:25:57.918 设备ID=12068 module=PERIODIC id=ReadFoupStatus uuid=136 sendCount=1/1 timeout=1000ms crc=30 0C len=8
frame=01 04 00 00 00 09 30 0C
[2026-04-17 09:25:58] [INFO] [接收-帧] 09:25:58.019 设备ID=12068 module=PERIODIC id=ReadFoupStatus uuid=136 len=23
frame=01 04 12 51 C4 EA E9 D8 2A A0 0C 0F 05 D4 89 A8 09 30 BF F7 AC 56 20
[2026-04-17 09:25:59] [INFO] [发送] 09:25:59.011 设备ID=12068 module=PERIODIC id=ReadFoupStatus uuid=136 sendCount=1/1 timeout=1000ms crc=30 0C len=8
frame=01 04 00 00 00 09 30 0C
[2026-04-17 09:25:59] [INFO] [接收-帧] 09:25:59.111 设备ID=12068 module=PERIODIC id=ReadFoupStatus uuid=136 len=23
frame=01 04 12 37 44 D9 E1 7F 6E 9C 8F CC 8B 21 59 34 C1 E4 63 8A A2 57 B8
[2026-04-17 09:26:00] [INFO] [发送] 09:26:00.116 设备ID=12068 module=PERIODIC id=ReadFoupStatus uuid=136 sendCount=1/1 timeout=1000ms crc=30 0C len=8
frame=01 04 00 00 00 09 30 0C
[2026-04-17 09:26:00] [INFO] [接收-帧] 09:26:00.202 设备ID=12068 module=PERIODIC id=ReadFoupStatus uuid=136 len=23
frame=01 04 12 E0 BC 55 DD 75 AD 5C FB 8B 53 A8 BF CD D0 C2 52 D4 6C FA DF
[2026-04-17 09:26:01] [INFO] [发送] 09:26:01.199 设备ID=12068 module=PERIODIC id=ReadFoupStatus uuid=136 sendCount=1/1 timeout=1000ms crc=30 0C len=8
frame=01 04 00 00 00 09 30 0C
[2026-04-17 09:26:01] [INFO] [接收-帧] 09:26:01.294 设备ID=12068 module=PERIODIC id=ReadFoupStatus uuid=136 len=23
frame=01 04 12 80 25 10 8A C5 C5 CB DC AB 0C 37 A6 AA B4 A4 FF 1A 0E 4D 0E
[2026-04-17 09:26:02] [INFO] [发送] 09:26:02.294 设备ID=12068 module=PERIODIC id=ReadFoupStatus uuid=136 sendCount=1/1 timeout=1000ms crc=30 0C len=8
frame=01 04 00 00 00 09 30 0C
[2026-04-17 09:26:02] [INFO] [接收-帧] 09:26:02.393 设备ID=12068 module=PERIODIC id=ReadFoupStatus uuid=136 len=23
frame=01 04 12 F1 D1 E2 12 65 B0 D9 76 33 81 73 64 47 5D D7 37 28 F6 C8 1F
[2026-04-17 09:26:03] [INFO] [发送] 09:26:03.390 设备ID=12068 module=PERIODIC id=ReadFoupStatus uuid=136 sendCount=1/1 timeout=1000ms crc=30 0C len=8
frame=01 04 00 00 00 09 30 0C
[2026-04-17 09:26:03] [INFO] [接收-帧] 09:26:03.487 设备ID=12068 module=PERIODIC id=ReadFoupStatus uuid=136 len=23
frame=01 04 12 B4 27 F5 18 0E F6 8D 8E 1E B5 E4 CD 0F 50 A6 7D 2D 72 B6 ED
[2026-04-17 09:26:04] [INFO] [发送] 09:26:04.477 设备ID=12068 module=PERIODIC id=ReadFoupStatus uuid=136 sendCount=1/1 timeout=1000ms crc=30 0C len=8
frame=01 04 00 00 00 09 30 0C
[2026-04-17 09:26:04] [INFO] [接收-帧] 09:26:04.577 设备ID=12068 module=PERIODIC id=ReadFoupStatus uuid=136 len=23
frame=01 04 12 5E AF B9 0D 6C AB FD 30 5C 6D 8C E2 72 D6 2B 62 91 57 9E EE
[2026-04-17 09:26:05] [INFO] [发送] 09:26:05.574 设备ID=12068 module=PERIODIC id=ReadFoupStatus uuid=136 sendCount=1/1 timeout=1000ms crc=30 0C len=8
frame=01 04 00 00 00 09 30 0C
[2026-04-17 09:26:05] [INFO] [接收-帧] 09:26:05.675 设备ID=12068 module=PERIODIC id=ReadFoupStatus uuid=136 len=23
frame=01 04 12 36 EE 91 4E 5B 6D A9 F3 D2 3C 59 7E 1C EF 1E 09 A4 10 38 9C
[2026-04-17 09:26:06] [INFO] [发送] 09:26:06.665 设备ID=12068 module=PERIODIC id=ReadFoupStatus uuid=136 sendCount=1/1 timeout=1000ms crc=30 0C len=8
frame=01 04 00 00 00 09 30 0C
[2026-04-17 09:26:06] [INFO] [接收-帧] 09:26:06.769 设备ID=12068 module=PERIODIC id=ReadFoupStatus uuid=136 len=23
frame=01 04 12 44 18 FC 2E 37 E4 53 2A 16 0A 2E A0 96 34 49 93 95 8C E6 86
[2026-04-17 09:26:07] [INFO] [发送] 09:26:07.820 设备ID=12068 module=PERIODIC id=ReadFoupStatus uuid=136 sendCount=1/1 timeout=1000ms crc=30 0C len=8
frame=01 04 00 00 00 09 30 0C
[2026-04-17 09:26:07] [INFO] [接收-帧] 09:26:07.858 设备ID=12068 module=PERIODIC id=ReadFoupStatus uuid=136 len=23
frame=01 04 12 CB 9A 50 74 6C 66 6A 8B 80 16 20 DC AE 0F 09 79 D3 94 C6 C7
[2026-04-17 09:26:08] [INFO] [发送] 09:26:08.856 设备ID=12068 module=PERIODIC id=ReadFoupStatus uuid=136 sendCount=1/1 timeout=1000ms crc=30 0C len=8
frame=01 04 00 00 00 09 30 0C
[2026-04-17 09:26:08] [INFO] [接收-帧] 09:26:08.955 设备ID=12068 module=PERIODIC id=ReadFoupStatus uuid=136 len=23
frame=01 04 12 C6 D9 E2 79 C1 1B 03 D6 F9 E1 75 0B 03 08 14 AA 71 D2 3B F9
[2026-04-17 09:26:09] [INFO] [发送] 09:26:09.949 设备ID=12068 module=PERIODIC id=ReadFoupStatus uuid=136 sendCount=1/1 timeout=1000ms crc=30 0C len=8
frame=01 04 00 00 00 09 30 0C
[2026-04-17 09:26:10] [INFO] [接收-帧] 09:26:10.050 设备ID=12068 module=PERIODIC id=ReadFoupStatus uuid=136 len=23
frame=01 04 12 F1 60 2E D9 D0 FD 79 AC AC 42 9F 45 79 98 21 2B 7A BE 2B 38
[2026-04-17 09:26:11] [INFO] [发送] 09:26:11.052 设备ID=12068 module=PERIODIC id=ReadFoupStatus uuid=136 sendCount=1/1 timeout=1000ms crc=30 0C len=8
frame=01 04 00 00 00 09 30 0C
[2026-04-17 09:26:11] [INFO] [接收-帧] 09:26:11.143 设备ID=12068 module=PERIODIC id=ReadFoupStatus uuid=136 len=23
frame=01 04 12 03 3E 2D 6F BB 21 E8 13 CA 19 A9 79 4C DB DF BB B4 C0 3D 64
[2026-04-17 09:26:12] [INFO] [发送] 09:26:12.133 设备ID=12068 module=PERIODIC id=ReadFoupStatus uuid=136 sendCount=1/1 timeout=1000ms crc=30 0C len=8
frame=01 04 00 00 00 09 30 0C
[2026-04-17 09:26:12] [INFO] [接收-帧] 09:26:12.236 设备ID=12068 module=PERIODIC id=ReadFoupStatus uuid=136 len=23
frame=01 04 12 BA 68 28 D3 E0 E6 70 97 AB E3 6D 2F 61 FD 27 2F 7C 32 1C F4
[2026-04-17 09:26:13] [INFO] [发送] 09:26:13.233 设备ID=12068 module=PERIODIC id=ReadFoupStatus uuid=136 sendCount=1/1 timeout=1000ms crc=30 0C len=8
frame=01 04 00 00 00 09 30 0C
[2026-04-17 09:26:13] [INFO] [接收-帧] 09:26:13.329 设备ID=12068 module=PERIODIC id=ReadFoupStatus uuid=136 len=23
frame=01 04 12 32 57 06 A6 E1 47 DA F3 19 9A 52 36 5C CC C6 D8 69 25 9E B3
[2026-04-17 09:26:14] [INFO] [发送] 09:26:14.323 设备ID=12068 module=PERIODIC id=ReadFoupStatus uuid=136 sendCount=1/1 timeout=1000ms crc=30 0C len=8
frame=01 04 00 00 00 09 30 0C
[2026-04-17 09:26:14] [INFO] [接收-帧] 09:26:14.421 设备ID=12068 module=PERIODIC id=ReadFoupStatus uuid=136 len=23
frame=01 04 12 93 B4 D3 6D 29 9A E0 03 05 28 2F A5 5D 7C 80 AF 11 D1 B1 1B
[2026-04-17 09:26:15] [INFO] [发送] 09:26:15.647 设备ID=12068 module=PERIODIC id=ReadFoupStatus uuid=136 sendCount=1/1 timeout=1000ms crc=30 0C len=8
frame=01 04 00 00 00 09 30 0C
[2026-04-17 09:26:15] [INFO] [接收-帧] 09:26:15.740 设备ID=12068 module=PERIODIC id=ReadFoupStatus uuid=136 len=23
frame=01 04 12 1F 32 DB FF C6 82 D8 1B B0 0F 73 AE A2 6B 68 EF 78 E3 30 28
[2026-04-17 09:26:16] [INFO] [发送] 09:26:16.732 设备ID=12068 module=PERIODIC id=ReadFoupStatus uuid=136 sendCount=1/1 timeout=1000ms crc=30 0C len=8
frame=01 04 00 00 00 09 30 0C
[2026-04-17 09:26:16] [INFO] [接收-帧] 09:26:16.831 设备ID=12068 module=PERIODIC id=ReadFoupStatus uuid=136 len=23
frame=01 04 12 CE B9 A9 66 4F E4 0F 30 CD 4C FA 47 ED D0 D2 99 FF 0E 80 DB
[2026-04-17 09:26:17] [INFO] [发送] 09:26:17.827 设备ID=12068 module=PERIODIC id=ReadFoupStatus uuid=136 sendCount=1/1 timeout=1000ms crc=30 0C len=8
frame=01 04 00 00 00 09 30 0C
[2026-04-17 09:26:18] [INFO] [接收-帧] 09:26:18.166 设备ID=12068 module=PERIODIC id=ReadFoupStatus uuid=136 len=23
frame=01 04 12 F7 FA 2A 5D C3 B7 37 66 8E 32 41 68 3A E3 B8 28 7D CC C4 74
[2026-04-17 09:26:19] [INFO] [发送] 09:26:19.169 设备ID=12068 module=PERIODIC id=ReadFoupStatus uuid=136 sendCount=1/1 timeout=1000ms crc=30 0C len=8
frame=01 04 00 00 00 09 30 0C
[2026-04-17 09:26:19] [INFO] [接收-帧] 09:26:19.240 设备ID=12068 module=PERIODIC id=ReadFoupStatus uuid=136 len=23
frame=01 04 12 05 F4 B5 D4 99 68 13 ED 77 67 EE AC 16 3B D8 64 02 CD 1F E3
[2026-04-17 09:26:20] [INFO] [发送] 09:26:20.233 设备ID=12068 module=PERIODIC id=ReadFoupStatus uuid=136 sendCount=1/1 timeout=1000ms crc=30 0C len=8
frame=01 04 00 00 00 09 30 0C
[2026-04-17 09:26:20] [INFO] [接收-帧] 09:26:20.336 设备ID=12068 module=PERIODIC id=ReadFoupStatus uuid=136 len=23
frame=01 04 12 D0 41 1B 67 26 52 B7 44 64 0C 54 83 06 76 7B 41 69 81 AB A8
[2026-04-17 09:26:21] [INFO] [发送] 09:26:21.371 设备ID=12068 module=PERIODIC id=ReadFoupStatus uuid=136 sendCount=1/1 timeout=1000ms crc=30 0C len=8
frame=01 04 00 00 00 09 30 0C
[2026-04-17 09:26:21] [INFO] [接收-帧] 09:26:21.426 设备ID=12068 module=PERIODIC id=ReadFoupStatus uuid=136 len=23
frame=01 04 12 7D 25 D8 F8 A0 3D FA 48 65 D1 B5 94 3D FC B5 CF 96 33 41 61
[2026-04-17 09:26:22] [INFO] [发送] 09:26:22.877 设备ID=12068 module=PERIODIC id=ReadFoupStatus uuid=136 sendCount=1/1 timeout=1000ms crc=30 0C len=8
frame=01 04 00 00 00 09 30 0C
[2026-04-17 09:26:22] [INFO] [接收-帧] 09:26:22.957 设备ID=12068 module=PERIODIC id=ReadFoupStatus uuid=136 len=23
frame=01 04 12 DB B0 76 AD E6 3A EF A7 15 6A D6 B3 91 AD 68 FC E6 2D AC 98
[2026-04-17 09:26:23] [INFO] [发送] 09:26:23.948 设备ID=12068 module=PERIODIC id=ReadFoupStatus uuid=136 sendCount=1/1 timeout=1000ms crc=30 0C len=8
frame=01 04 00 00 00 09 30 0C
[2026-04-17 09:26:24] [INFO] [接收-帧] 09:26:24.057 设备ID=12068 module=PERIODIC id=ReadFoupStatus uuid=136 len=23
frame=01 04 12 9F 62 B9 EE 94 85 5A 0C 53 34 79 7B 44 77 C3 32 0D F0 77 11
[2026-04-17 09:26:25] [INFO] [发送] 09:26:25.608 设备ID=12068 module=PERIODIC id=ReadFoupStatus uuid=136 sendCount=1/1 timeout=1000ms crc=30 0C len=8
frame=01 04 00 00 00 09 30 0C
[2026-04-17 09:26:25] [INFO] [接收-帧] 09:26:25.768 设备ID=12068 module=PERIODIC id=ReadFoupStatus uuid=136 len=23
frame=01 04 12 F3 F7 4C 54 65 AE 69 88 45 26 1F 3C EB DA F4 8F 8D C8 CA C1
[2026-04-17 09:26:27] [INFO] [发送] 09:26:27.148 设备ID=12068 module=PERIODIC id=ReadFoupStatus uuid=136 sendCount=1/1 timeout=1000ms crc=30 0C len=8
frame=01 04 00 00 00 09 30 0C
[2026-04-17 09:26:27] [INFO] [接收-帧] 09:26:27.218 设备ID=12068 module=PERIODIC id=ReadFoupStatus uuid=136 len=23
frame=01 04 12 76 C8 06 46 AA 06 79 C4 6F 6B EC A0 B3 6E 0A 07 13 67 73 97
[2026-04-17 09:26:28] [INFO] [发送] 09:26:28.230 设备ID=12068 module=PERIODIC id=ReadFoupStatus uuid=136 sendCount=1/1 timeout=1000ms crc=30 0C len=8
frame=01 04 00 00 00 09 30 0C
[2026-04-17 09:26:28] [INFO] [接收-帧] 09:26:28.357 设备ID=12068 module=PERIODIC id=ReadFoupStatus uuid=136 len=23
frame=01 04 12 96 29 DB EF 4F C6 9A 0E 41 8A 41 41 78 F6 B1 92 54 14 FB 2B
[2026-04-17 09:26:29] [INFO] [发送] 09:26:29.400 设备ID=12068 module=PERIODIC id=ReadFoupStatus uuid=136 sendCount=1/1 timeout=1000ms crc=30 0C len=8
frame=01 04 00 00 00 09 30 0C
[2026-04-17 09:26:29] [INFO] [接收-帧] 09:26:29.411 设备ID=12068 module=PERIODIC id=ReadFoupStatus uuid=136 len=23
frame=01 04 12 87 28 03 27 51 FA D5 1B 23 20 A4 11 52 73 C7 82 B3 9A D3 27
[2026-04-17 09:26:30] [INFO] [发送] 09:26:30.409 设备ID=12068 module=PERIODIC id=ReadFoupStatus uuid=136 sendCount=1/1 timeout=1000ms crc=30 0C len=8
frame=01 04 00 00 00 09 30 0C
[2026-04-17 09:26:30] [INFO] [接收-帧] 09:26:30.510 设备ID=12068 module=PERIODIC id=ReadFoupStatus uuid=136 len=23
frame=01 04 12 D4 C8 EF D4 DC D4 2D 20 DF B7 DA 60 FF 06 89 47 13 2A 5A 67
[2026-04-17 09:26:31] [INFO] [发送] 09:26:31.743 设备ID=12068 module=PERIODIC id=ReadFoupStatus uuid=136 sendCount=1/1 timeout=1000ms crc=30 0C len=8
frame=01 04 00 00 00 09 30 0C
[2026-04-17 09:26:31] [INFO] [接收-帧] 09:26:31.818 设备ID=12068 module=PERIODIC id=ReadFoupStatus uuid=136 len=23
frame=01 04 12 C4 13 49 1B 04 6D BD 25 BE 22 2D F1 7E D7 6A 5A 2B DD B1 0B
[2026-04-17 09:26:32] [INFO] [发送] 09:26:32.811 设备ID=12068 module=PERIODIC id=ReadFoupStatus uuid=136 sendCount=1/1 timeout=1000ms crc=30 0C len=8
frame=01 04 00 00 00 09 30 0C
[2026-04-17 09:26:32] [INFO] [接收-帧] 09:26:32.916 设备ID=12068 module=PERIODIC id=ReadFoupStatus uuid=136 len=23
frame=01 04 12 9C 40 E5 E2 A7 41 20 8C 65 BB 28 5D 37 AE 75 E3 88 58 86 BB
[2026-04-17 09:26:33] [INFO] [发送] 09:26:33.927 设备ID=12068 module=PERIODIC id=ReadFoupStatus uuid=136 sendCount=1/1 timeout=1000ms crc=30 0C len=8
frame=01 04 00 00 00 09 30 0C
[2026-04-17 09:26:34] [INFO] [接收-帧] 09:26:34.007 设备ID=12068 module=PERIODIC id=ReadFoupStatus uuid=136 len=23
frame=01 04 12 4D BA 9C BF DC B0 45 D2 AE 6C A2 98 CA EA 9B ED C1 B2 A6 E3
[2026-04-17 09:26:35] [INFO] [发送] 09:26:35.071 设备ID=12068 module=PERIODIC id=ReadFoupStatus uuid=136 sendCount=1/1 timeout=1000ms crc=30 0C len=8
frame=01 04 00 00 00 09 30 0C
[2026-04-17 09:26:35] [INFO] [接收-帧] 09:26:35.101 设备ID=12068 module=PERIODIC id=ReadFoupStatus uuid=136 len=23
frame=01 04 12 3C 06 9A AD F4 B4 9D A9 AB 1B 82 0E 7F 93 86 E8 A2 03 18 12
[2026-04-17 09:26:36] [INFO] [发送] 09:26:36.115 设备ID=12068 module=PERIODIC id=ReadFoupStatus uuid=136 sendCount=1/1 timeout=1000ms crc=30 0C len=8
frame=01 04 00 00 00 09 30 0C
[2026-04-17 09:26:36] [INFO] [接收-帧] 09:26:36.197 设备ID=12068 module=PERIODIC id=ReadFoupStatus uuid=136 len=23
frame=01 04 12 B2 0C 34 9E DA 8E 0E E4 26 92 FD 2E 73 2E C0 E7 2B C8 B0 3F
[2026-04-17 09:26:37] [INFO] [发送] 09:26:37.210 设备ID=12068 module=PERIODIC id=ReadFoupStatus uuid=136 sendCount=1/1 timeout=1000ms crc=30 0C len=8
frame=01 04 00 00 00 09 30 0C
[2026-04-17 09:26:37] [INFO] [接收-帧] 09:26:37.301 设备ID=12068 module=PERIODIC id=ReadFoupStatus uuid=136 len=23
frame=01 04 12 7E 2B 34 E2 36 CE 35 54 1F E3 9E AB FC 9C 0D 58 CB DA B3 E8
[2026-04-17 09:26:38] [INFO] [发送] 09:26:38.302 设备ID=12068 module=PERIODIC id=ReadFoupStatus uuid=136 sendCount=1/1 timeout=1000ms crc=30 0C len=8
frame=01 04 00 00 00 09 30 0C
[2026-04-17 09:26:38] [INFO] [接收-帧] 09:26:38.380 设备ID=12068 module=PERIODIC id=ReadFoupStatus uuid=136 len=23
frame=01 04 12 90 08 9E B3 42 0F 7E FD 33 A9 55 7A C3 EF C8 44 D4 CC A9 4A
[2026-04-17 09:26:39] [INFO] [发送] 09:26:39.371 设备ID=12068 module=PERIODIC id=ReadFoupStatus uuid=136 sendCount=1/1 timeout=1000ms crc=30 0C len=8
frame=01 04 00 00 00 09 30 0C
[2026-04-17 09:26:39] [INFO] [接收-帧] 09:26:39.469 设备ID=12068 module=PERIODIC id=ReadFoupStatus uuid=136 len=23
frame=01 04 12 D5 BF C8 20 ED 32 4B 40 84 13 AD AF 09 23 1C 4B 24 91 21 73
[2026-04-17 09:26:40] [INFO] [发送] 09:26:40.470 设备ID=12068 module=PERIODIC id=ReadFoupStatus uuid=136 sendCount=1/1 timeout=1000ms crc=30 0C len=8
frame=01 04 00 00 00 09 30 0C
[2026-04-17 09:26:40] [INFO] [接收-帧] 09:26:40.567 设备ID=12068 module=PERIODIC id=ReadFoupStatus uuid=136 len=23
frame=01 04 12 41 51 B7 C8 84 3C B8 DF BE AF 50 37 D3 29 35 A7 1C 13 5B 6F
[2026-04-17 09:26:41] [INFO] [发送] 09:26:41.606 设备ID=12068 module=PERIODIC id=ReadFoupStatus uuid=136 sendCount=1/1 timeout=1000ms crc=30 0C len=8
frame=01 04 00 00 00 09 30 0C
[2026-04-17 09:26:41] [INFO] [接收-帧] 09:26:41.707 设备ID=12068 module=PERIODIC id=ReadFoupStatus uuid=136 len=23
frame=01 04 12 3D 25 25 F2 DD 66 93 43 26 4C 30 71 89 54 0E 6B 82 FF 2A 9F
[2026-04-17 09:26:42] [INFO] [发送] 09:26:42.704 设备ID=12068 module=PERIODIC id=ReadFoupStatus uuid=136 sendCount=1/1 timeout=1000ms crc=30 0C len=8
frame=01 04 00 00 00 09 30 0C
[2026-04-17 09:26:42] [INFO] [接收-帧] 09:26:42.856 设备ID=12068 module=PERIODIC id=ReadFoupStatus uuid=136 len=23
frame=01 04 12 05 2C DD 7F 93 3B E7 36 81 46 CE DF 0D 0E E1 65 83 C6 33 8F
[2026-04-17 09:26:43] [INFO] [发送] 09:26:43.856 设备ID=12068 module=PERIODIC id=ReadFoupStatus uuid=136 sendCount=1/1 timeout=1000ms crc=30 0C len=8
frame=01 04 00 00 00 09 30 0C
[2026-04-17 09:26:43] [INFO] [接收-帧] 09:26:43.959 设备ID=12068 module=PERIODIC id=ReadFoupStatus uuid=136 len=23
frame=01 04 12 FB 22 0B F7 04 7F 55 58 CD E8 01 0A AE 1A 97 A9 40 4B 9B 4C
[2026-04-17 09:26:44] [INFO] [发送] 09:26:44.962 设备ID=12068 module=PERIODIC id=ReadFoupStatus uuid=136 sendCount=1/1 timeout=1000ms crc=30 0C len=8
frame=01 04 00 00 00 09 30 0C
[2026-04-17 09:26:45] [INFO] [接收-帧] 09:26:45.050 设备ID=12068 module=PERIODIC id=ReadFoupStatus uuid=136 len=23
frame=01 04 12 D2 BB 10 EC C4 66 A6 0A 2D 6C 33 24 F1 4B 31 5B 93 69 F2 1C
[2026-04-17 09:26:46] [INFO] [发送] 09:26:46.044 设备ID=12068 module=PERIODIC id=ReadFoupStatus uuid=136 sendCount=1/1 timeout=1000ms crc=30 0C len=8
frame=01 04 00 00 00 09 30 0C
[2026-04-17 09:26:46] [INFO] [接收-帧] 09:26:46.152 设备ID=12068 module=PERIODIC id=ReadFoupStatus uuid=136 len=23
frame=01 04 12 27 F9 1C CD 9C 06 FA 49 EC 87 4B A9 9B 49 6A E8 BE 8D CD B3
[2026-04-17 09:26:47] [INFO] [发送] 09:26:47.149 设备ID=12068 module=PERIODIC id=ReadFoupStatus uuid=136 sendCount=1/1 timeout=1000ms crc=30 0C len=8
frame=01 04 00 00 00 09 30 0C
[2026-04-17 09:26:47] [INFO] [接收-帧] 09:26:47.242 设备ID=12068 module=PERIODIC id=ReadFoupStatus uuid=136 len=23
frame=01 04 12 78 E4 46 E4 5D 39 A8 5F 11 F1 CC B9 F8 64 98 59 99 BA DC E7
[2026-04-17 09:26:48] [INFO] [发送] 09:26:48.266 设备ID=12068 module=PERIODIC id=ReadFoupStatus uuid=136 sendCount=1/1 timeout=1000ms crc=30 0C len=8
frame=01 04 00 00 00 09 30 0C
[2026-04-17 09:26:48] [INFO] [接收-帧] 09:26:48.332 设备ID=12068 module=PERIODIC id=ReadFoupStatus uuid=136 len=23
frame=01 04 12 95 A9 86 7F E0 33 33 3D B4 C9 4B 5D D0 57 70 A1 E3 4E 7D D7
[2026-04-17 09:26:49] [INFO] [发送] 09:26:49.326 设备ID=12068 module=PERIODIC id=ReadFoupStatus uuid=136 sendCount=1/1 timeout=1000ms crc=30 0C len=8
frame=01 04 00 00 00 09 30 0C
[2026-04-17 09:26:49] [INFO] [接收-帧] 09:26:49.422 设备ID=12068 module=PERIODIC id=ReadFoupStatus uuid=136 len=23
frame=01 04 12 87 5D C6 9C A6 17 67 D1 85 E0 A2 87 7D EC 46 2C B0 7B AA B9
[2026-04-17 09:26:50] [INFO] [发送] 09:26:50.418 设备ID=12068 module=PERIODIC id=ReadFoupStatus uuid=136 sendCount=1/1 timeout=1000ms crc=30 0C len=8
frame=01 04 00 00 00 09 30 0C
[2026-04-17 09:26:50] [INFO] [接收-帧] 09:26:50.587 设备ID=12068 module=PERIODIC id=ReadFoupStatus uuid=136 len=23
frame=01 04 12 BC D4 D9 1C 15 8C 83 8A 5D C6 81 6D 85 58 5C C0 A3 64 87 99
[2026-04-17 09:26:51] [INFO] [发送] 09:26:51.589 设备ID=12068 module=PERIODIC id=ReadFoupStatus uuid=136 sendCount=1/1 timeout=1000ms crc=30 0C len=8
frame=01 04 00 00 00 09 30 0C
[2026-04-17 09:26:51] [INFO] [接收-帧] 09:26:51.613 设备ID=12068 module=PERIODIC id=ReadFoupStatus uuid=136 len=23
frame=01 04 12 F4 67 CB 60 E3 B3 66 0E 00 00 62 6B 9F FC DE 5F 47 75 D5 47
[2026-04-17 09:26:52] [INFO] [发送] 09:26:52.606 设备ID=12068 module=PERIODIC id=ReadFoupStatus uuid=136 sendCount=1/1 timeout=1000ms crc=30 0C len=8
frame=01 04 00 00 00 09 30 0C
[2026-04-17 09:26:52] [INFO] [接收-帧] 09:26:52.704 设备ID=12068 module=PERIODIC id=ReadFoupStatus uuid=136 len=23
frame=01 04 12 69 49 C6 DE 3D A0 9A CD AA 57 14 B6 90 32 F1 B4 9A 8D 97 DD
[2026-04-17 09:26:53] [INFO] [发送] 09:26:53.699 设备ID=12068 module=PERIODIC id=ReadFoupStatus uuid=136 sendCount=1/1 timeout=1000ms crc=30 0C len=8
frame=01 04 00 00 00 09 30 0C
[2026-04-17 09:26:53] [INFO] [接收-帧] 09:26:53.805 设备ID=12068 module=PERIODIC id=ReadFoupStatus uuid=136 len=23
frame=01 04 12 07 9F 79 AD F2 4F 0E EC 49 6D 7D 4B 5D 90 4E B0 6E 10 50 0B
[2026-04-17 09:26:54] [INFO] [发送] 09:26:54.824 设备ID=12068 module=PERIODIC id=ReadFoupStatus uuid=136 sendCount=1/1 timeout=1000ms crc=30 0C len=8
frame=01 04 00 00 00 09 30 0C
[2026-04-17 09:26:54] [INFO] [接收-帧] 09:26:54.889 设备ID=12068 module=PERIODIC id=ReadFoupStatus uuid=136 len=23
frame=01 04 12 CA 91 16 49 8D D5 DC 35 64 30 7B 97 F0 44 F3 D1 0A 5C D7 62
[2026-04-17 09:26:55] [INFO] [发送] 09:26:55.891 设备ID=12068 module=PERIODIC id=ReadFoupStatus uuid=136 sendCount=1/1 timeout=1000ms crc=30 0C len=8
frame=01 04 00 00 00 09 30 0C
[2026-04-17 09:26:55] [INFO] [接收-帧] 09:26:55.988 设备ID=12068 module=PERIODIC id=ReadFoupStatus uuid=136 len=23
frame=01 04 12 1E 0C 53 3F 1D 8D B2 77 D1 6A A9 9F EF 1A D7 F0 96 8B 62 D0
[2026-04-17 09:26:56] [INFO] [发送] 09:26:56.985 设备ID=12068 module=PERIODIC id=ReadFoupStatus uuid=136 sendCount=1/1 timeout=1000ms crc=30 0C len=8
frame=01 04 00 00 00 09 30 0C
[2026-04-17 09:26:57] [INFO] [接收-帧] 09:26:57.079 设备ID=12068 module=PERIODIC id=ReadFoupStatus uuid=136 len=23
frame=01 04 12 1B 8F CF DA A9 C3 D2 4B D5 37 DE E9 48 96 B7 E8 1D CE 36 82
[2026-04-17 09:26:58] [INFO] [发送] 09:26:58.074 设备ID=12068 module=PERIODIC id=ReadFoupStatus uuid=136 sendCount=1/1 timeout=1000ms crc=30 0C len=8
frame=01 04 00 00 00 09 30 0C
[2026-04-17 09:26:58] [INFO] [接收-帧] 09:26:58.174 设备ID=12068 module=PERIODIC id=ReadFoupStatus uuid=136 len=23
frame=01 04 12 15 82 A0 D4 D0 15 E8 39 AA 5B 6C 63 42 CC 1E 6C FB 45 C9 84
[2026-04-17 09:26:59] [INFO] [发送] 09:26:59.174 设备ID=12068 module=PERIODIC id=ReadFoupStatus uuid=136 sendCount=1/1 timeout=1000ms crc=30 0C len=8
frame=01 04 00 00 00 09 30 0C
[2026-04-17 09:26:59] [INFO] [接收-帧] 09:26:59.269 设备ID=12068 module=PERIODIC id=ReadFoupStatus uuid=136 len=23
frame=01 04 12 E9 FB 95 C9 1E EE 0E A9 EC CB 15 B8 1C 7A BE 7C 5D C9 5D 49
[2026-04-17 09:27:00] [INFO] [发送] 09:27:00.259 设备ID=12068 module=PERIODIC id=ReadFoupStatus uuid=136 sendCount=1/1 timeout=1000ms crc=30 0C len=8
frame=01 04 00 00 00 09 30 0C
[2026-04-17 09:27:00] [INFO] [接收-帧] 09:27:00.359 设备ID=12068 module=PERIODIC id=ReadFoupStatus uuid=136 len=23
frame=01 04 12 67 E3 9E E0 37 1A BC D5 31 CA 61 1A 6E 2F 85 1A B5 EC 03 70
[2026-04-17 09:27:01] [INFO] [发送] 09:27:01.359 设备ID=12068 module=PERIODIC id=ReadFoupStatus uuid=136 sendCount=1/1 timeout=1000ms crc=30 0C len=8
frame=01 04 00 00 00 09 30 0C
[2026-04-17 09:27:01] [INFO] [接收-帧] 09:27:01.458 设备ID=12068 module=PERIODIC id=ReadFoupStatus uuid=136 len=23
frame=01 04 12 73 0B 33 33 CC 0E E2 AE 68 8C C6 81 4E 1F F0 F4 78 FC 0B 86
[2026-04-17 09:27:37] [INFO] [发送] 09:27:37.647 设备ID=12068 module=INITIAL id=ReadVersion uuid=135 sendCount=1/4 timeout=1000ms crc=B1 CD len=8
frame=01 04 00 18 00 01 B1 CD
[2026-04-17 09:27:37] [INFO] [接收-帧] 09:27:37.764 设备ID=12068 module=INITIAL id=ReadVersion uuid=135 len=7
frame=01 04 02 00 00 B9 30
[2026-04-17 09:27:37] [INFO] [发送] 09:27:37.765 设备ID=12068 module=PERIODIC id=ReadFoupStatus uuid=136 sendCount=1/1 timeout=1000ms crc=30 0C len=8
frame=01 04 00 00 00 09 30 0C
[2026-04-17 09:27:37] [INFO] [接收-帧] 09:27:37.862 设备ID=12068 module=PERIODIC id=ReadFoupStatus uuid=136 len=23
frame=01 04 12 6C 2D 08 5A 15 3A 4B C5 02 A6 38 5D 41 D6 0A A2 69 1B F8 60
[2026-04-17 09:27:38] [INFO] [发送] 09:27:38.859 设备ID=12068 module=PERIODIC id=ReadFoupStatus uuid=136 sendCount=1/1 timeout=1000ms crc=30 0C len=8
frame=01 04 00 00 00 09 30 0C
[2026-04-17 09:27:38] [INFO] [接收-帧] 09:27:38.970 设备ID=12068 module=PERIODIC id=ReadFoupStatus uuid=136 len=23
frame=01 04 12 E7 64 C3 F7 5E 07 9C 90 62 21 DF 4B D6 E3 17 71 74 D8 52 2C
[2026-04-17 09:27:39] [INFO] [发送] 09:27:39.976 设备ID=12068 module=PERIODIC id=ReadFoupStatus uuid=136 sendCount=1/1 timeout=1000ms crc=30 0C len=8
frame=01 04 00 00 00 09 30 0C
[2026-04-17 09:27:40] [INFO] [接收-帧] 09:27:40.047 设备ID=12068 module=PERIODIC id=ReadFoupStatus uuid=136 len=23
frame=01 04 12 73 78 13 04 7A 22 FF CB 94 AD B2 46 7D E3 EB 6E 55 B8 25 91
[2026-04-17 09:27:41] [INFO] [发送] 09:27:41.043 设备ID=12068 module=PERIODIC id=ReadFoupStatus uuid=136 sendCount=1/1 timeout=1000ms crc=30 0C len=8
frame=01 04 00 00 00 09 30 0C
[2026-04-17 09:27:41] [INFO] [接收-帧] 09:27:41.137 设备ID=12068 module=PERIODIC id=ReadFoupStatus uuid=136 len=23
frame=01 04 12 05 F2 DF 6B D2 07 62 3C 0D B0 4F 8C C9 7C 00 00 09 B1 CA 9C
[2026-04-17 09:27:42] [INFO] [发送] 09:27:42.142 设备ID=12068 module=PERIODIC id=ReadFoupStatus uuid=136 sendCount=1/1 timeout=1000ms crc=30 0C len=8
frame=01 04 00 00 00 09 30 0C
[2026-04-17 09:27:42] [INFO] [接收-帧] 09:27:42.232 设备ID=12068 module=PERIODIC id=ReadFoupStatus uuid=136 len=23
frame=01 04 12 A2 DD BB B1 5A D1 7A 86 05 49 40 1B 1C 0E 87 66 9C 7A 68 32
[2026-04-17 09:27:43] [INFO] [发送] 09:27:43.228 设备ID=12068 module=PERIODIC id=ReadFoupStatus uuid=136 sendCount=1/1 timeout=1000ms crc=30 0C len=8
frame=01 04 00 00 00 09 30 0C
[2026-04-17 09:27:43] [INFO] [接收-帧] 09:27:43.327 设备ID=12068 module=PERIODIC id=ReadFoupStatus uuid=136 len=23
frame=01 04 12 FD AC E4 AA A5 E1 F1 5A 3A E0 4F C3 31 2E 0E 13 64 D8 16 15
[2026-04-17 09:27:44] [INFO] [发送] 09:27:44.326 设备ID=12068 module=PERIODIC id=ReadFoupStatus uuid=136 sendCount=1/1 timeout=1000ms crc=30 0C len=8
frame=01 04 00 00 00 09 30 0C
[2026-04-17 09:27:44] [INFO] [接收-帧] 09:27:44.421 设备ID=12068 module=PERIODIC id=ReadFoupStatus uuid=136 len=23
frame=01 04 12 9A 10 F9 00 34 AC 61 05 7F 01 9B 87 07 01 94 59 6B DC 60 A2
[2026-04-17 09:27:45] [INFO] [发送] 09:27:45.420 设备ID=12068 module=PERIODIC id=ReadFoupStatus uuid=136 sendCount=1/1 timeout=1000ms crc=30 0C len=8
frame=01 04 00 00 00 09 30 0C
[2026-04-17 09:27:45] [INFO] [接收-帧] 09:27:45.519 设备ID=12068 module=PERIODIC id=ReadFoupStatus uuid=136 len=23
frame=01 04 12 C2 7A 60 9F BB 34 D2 65 86 97 EB E0 4F 69 7F FE 64 5F 8D ED
[2026-04-17 09:27:46] [INFO] [发送] 09:27:46.513 设备ID=12068 module=PERIODIC id=ReadFoupStatus uuid=136 sendCount=1/1 timeout=1000ms crc=30 0C len=8
frame=01 04 00 00 00 09 30 0C
[2026-04-17 09:27:46] [INFO] [接收-帧] 09:27:46.620 设备ID=12068 module=PERIODIC id=ReadFoupStatus uuid=136 len=23
frame=01 04 12 9E D7 55 9A 03 BF 11 03 AF 7B 76 70 5A A1 84 92 0D B1 B2 29
[2026-04-17 09:27:47] [INFO] [发送] 09:27:47.622 设备ID=12068 module=PERIODIC id=ReadFoupStatus uuid=136 sendCount=1/1 timeout=1000ms crc=30 0C len=8
frame=01 04 00 00 00 09 30 0C
[2026-04-17 09:27:47] [INFO] [接收-帧] 09:27:47.701 设备ID=12068 module=PERIODIC id=ReadFoupStatus uuid=136 len=23
frame=01 04 12 6E E3 03 43 A4 F1 3D BC EA BE D6 62 4C AF 81 98 8C 26 E7 AF
[2026-04-17 09:27:48] [INFO] [发送] 09:27:48.697 设备ID=12068 module=PERIODIC id=ReadFoupStatus uuid=136 sendCount=1/1 timeout=1000ms crc=30 0C len=8
frame=01 04 00 00 00 09 30 0C
[2026-04-17 09:27:48] [INFO] [接收-帧] 09:27:48.795 设备ID=12068 module=PERIODIC id=ReadFoupStatus uuid=136 len=23
frame=01 04 12 24 A0 13 C0 56 8D 5D 2F FE 42 AF 25 E8 90 3E 82 11 17 B0 58
[2026-04-17 09:27:49] [INFO] [发送] 09:27:49.797 设备ID=12068 module=PERIODIC id=ReadFoupStatus uuid=136 sendCount=1/1 timeout=1000ms crc=30 0C len=8
frame=01 04 00 00 00 09 30 0C
[2026-04-17 09:27:49] [INFO] [接收-帧] 09:27:49.897 设备ID=12068 module=PERIODIC id=ReadFoupStatus uuid=136 len=23
frame=01 04 12 B3 1D C3 C7 8C F5 79 09 57 39 F2 77 E9 3F 0D 73 07 D0 DA 03
[2026-04-17 09:27:50] [INFO] [发送] 09:27:50.888 设备ID=12068 module=PERIODIC id=ReadFoupStatus uuid=136 sendCount=1/1 timeout=1000ms crc=30 0C len=8
frame=01 04 00 00 00 09 30 0C
[2026-04-17 09:27:50] [INFO] [接收-帧] 09:27:50.983 设备ID=12068 module=PERIODIC id=ReadFoupStatus uuid=136 len=23
frame=01 04 12 8C 43 D6 B4 8B 99 11 AB 97 71 7F D6 2F 59 F6 69 64 EE 37 3C
[2026-04-17 09:31:34] [INFO] [发送] 09:31:34.219 设备ID=12068 module=INITIAL id=ReadVersion uuid=135 sendCount=1/4 timeout=1000ms crc=B1 CD len=8
frame=01 04 00 18 00 01 B1 CD
[2026-04-17 09:31:34] [INFO] [接收-帧] 09:31:34.330 设备ID=12068 module=INITIAL id=ReadVersion uuid=135 len=7
frame=01 04 02 00 00 B9 30
[2026-04-17 09:31:34] [INFO] [发送] 09:31:34.331 设备ID=12068 module=PERIODIC id=ReadFoupStatus uuid=136 sendCount=1/1 timeout=1000ms crc=30 0C len=8
frame=01 04 00 00 00 09 30 0C
[2026-04-17 09:31:34] [INFO] [接收-帧] 09:31:34.431 设备ID=12068 module=PERIODIC id=ReadFoupStatus uuid=136 len=23
frame=01 04 12 E1 52 34 8F 15 26 44 4C 34 B8 80 AC 00 32 44 97 93 2D DA 9D
[2026-04-17 09:31:35] [INFO] [发送] 09:31:35.442 设备ID=12068 module=PERIODIC id=ReadFoupStatus uuid=136 sendCount=1/1 timeout=1000ms crc=30 0C len=8
frame=01 04 00 00 00 09 30 0C
[2026-04-17 09:31:35] [INFO] [接收-帧] 09:31:35.519 设备ID=12068 module=PERIODIC id=ReadFoupStatus uuid=136 len=23
frame=01 04 12 C6 BD 87 76 0E 61 E3 88 AB 8F AC 78 E1 86 3A B3 53 FA 5C 6F
[2026-04-17 09:31:36] [INFO] [发送] 09:31:36.512 设备ID=12068 module=PERIODIC id=ReadFoupStatus uuid=136 sendCount=1/1 timeout=1000ms crc=30 0C len=8
frame=01 04 00 00 00 09 30 0C
[2026-04-17 09:31:36] [INFO] [接收-帧] 09:31:36.609 设备ID=12068 module=PERIODIC id=ReadFoupStatus uuid=136 len=23
frame=01 04 12 F8 03 5D 81 B8 EA 9E BC 6B 81 1B 85 E0 83 2B 40 26 DF A8 46
[2026-04-17 09:31:37] [INFO] [发送] 09:31:37.603 设备ID=12068 module=PERIODIC id=ReadFoupStatus uuid=136 sendCount=1/1 timeout=1000ms crc=30 0C len=8
frame=01 04 00 00 00 09 30 0C
[2026-04-17 09:31:37] [INFO] [接收-帧] 09:31:37.724 设备ID=12068 module=PERIODIC id=ReadFoupStatus uuid=136 len=23
frame=01 04 12 64 2B E1 8D FD F2 74 35 F1 68 A7 33 E2 88 DB EE 1F 51 E1 B4
[2026-04-17 09:31:38] [INFO] [发送] 09:31:38.729 设备ID=12068 module=PERIODIC id=ReadFoupStatus uuid=136 sendCount=1/1 timeout=1000ms crc=30 0C len=8
frame=01 04 00 00 00 09 30 0C
[2026-04-17 09:31:38] [INFO] [接收-帧] 09:31:38.803 设备ID=12068 module=PERIODIC id=ReadFoupStatus uuid=136 len=23
frame=01 04 12 0D CD 65 06 D8 2B E9 25 D0 91 A2 FB 50 76 01 C0 F4 C1 C2 CB
[2026-04-17 09:31:39] [INFO] [发送] 09:31:39.815 设备ID=12068 module=PERIODIC id=ReadFoupStatus uuid=136 sendCount=1/1 timeout=1000ms crc=30 0C len=8
frame=01 04 00 00 00 09 30 0C
[2026-04-17 09:31:39] [INFO] [接收-帧] 09:31:39.897 设备ID=12068 module=PERIODIC id=ReadFoupStatus uuid=136 len=23
frame=01 04 12 37 E4 9F 91 F4 F3 F8 7D A9 FB 86 47 F3 C3 95 32 AF A1 77 77
[2026-04-17 09:31:40] [INFO] [发送] 09:31:40.889 设备ID=12068 module=PERIODIC id=ReadFoupStatus uuid=136 sendCount=1/1 timeout=1000ms crc=30 0C len=8
frame=01 04 00 00 00 09 30 0C
[2026-04-17 09:31:40] [INFO] [接收-帧] 09:31:40.989 设备ID=12068 module=PERIODIC id=ReadFoupStatus uuid=136 len=23
frame=01 04 12 FD 46 AC 35 58 37 95 5F C5 53 EC 11 81 BC 56 86 44 FC 2F 28
[2026-04-17 09:31:41] [INFO] [发送] 09:31:41.989 设备ID=12068 module=PERIODIC id=ReadFoupStatus uuid=136 sendCount=1/1 timeout=1000ms crc=30 0C len=8
frame=01 04 00 00 00 09 30 0C
[2026-04-17 09:31:42] [INFO] [接收-帧] 09:31:42.087 设备ID=12068 module=PERIODIC id=ReadFoupStatus uuid=136 len=23
frame=01 04 12 D2 5C 14 92 07 DB BC CD 1C 09 AC BB D7 36 69 E9 64 12 9A 02
[2026-04-17 09:31:43] [INFO] [发送] 09:31:43.096 设备ID=12068 module=PERIODIC id=ReadFoupStatus uuid=136 sendCount=1/1 timeout=1000ms crc=30 0C len=8
frame=01 04 00 00 00 09 30 0C
[2026-04-17 09:31:43] [INFO] [接收-帧] 09:31:43.171 设备ID=12068 module=PERIODIC id=ReadFoupStatus uuid=136 len=23
frame=01 04 12 D8 EC 2E 1E 0B 89 65 7F 76 08 31 DA 91 2B 66 61 3B 5A 54 4E
[2026-04-17 09:31:44] [INFO] [发送] 09:31:44.174 设备ID=12068 module=PERIODIC id=ReadFoupStatus uuid=136 sendCount=1/1 timeout=1000ms crc=30 0C len=8
frame=01 04 00 00 00 09 30 0C
[2026-04-17 09:31:44] [INFO] [接收-帧] 09:31:44.270 设备ID=12068 module=PERIODIC id=ReadFoupStatus uuid=136 len=23
frame=01 04 12 46 3B 17 67 1F E9 1F E6 4A 70 A4 E0 92 01 12 71 E7 23 8B 1D
[2026-04-17 09:31:45] [INFO] [发送] 09:31:45.261 设备ID=12068 module=PERIODIC id=ReadFoupStatus uuid=136 sendCount=1/1 timeout=1000ms crc=30 0C len=8
frame=01 04 00 00 00 09 30 0C
[2026-04-17 09:31:45] [INFO] [接收-帧] 09:31:45.360 设备ID=12068 module=PERIODIC id=ReadFoupStatus uuid=136 len=23
frame=01 04 12 11 5C FF 7F 97 5D 97 C6 67 54 DC 21 C5 DD 43 9E CF 0A 58 72
[2026-04-17 09:31:46] [INFO] [发送] 09:31:46.366 设备ID=12068 module=PERIODIC id=ReadFoupStatus uuid=136 sendCount=1/1 timeout=1000ms crc=30 0C len=8
frame=01 04 00 00 00 09 30 0C
[2026-04-17 09:31:46] [INFO] [接收-帧] 09:31:46.453 设备ID=12068 module=PERIODIC id=ReadFoupStatus uuid=136 len=23
frame=01 04 12 9D F4 15 DA 82 4D 8F A2 F1 DB 23 41 D6 2A FB 92 B6 14 5F 32
[2026-04-17 09:31:47] [INFO] [发送] 09:31:47.453 设备ID=12068 module=PERIODIC id=ReadFoupStatus uuid=136 sendCount=1/1 timeout=1000ms crc=30 0C len=8
frame=01 04 00 00 00 09 30 0C
[2026-04-17 09:31:47] [INFO] [接收-帧] 09:31:47.550 设备ID=12068 module=PERIODIC id=ReadFoupStatus uuid=136 len=23
frame=01 04 12 7C E2 72 B0 3A 7F A8 18 EC 76 2A 44 E9 90 6B 20 F0 15 AD CC
[2026-04-17 09:31:48] [INFO] [发送] 09:31:48.546 设备ID=12068 module=PERIODIC id=ReadFoupStatus uuid=136 sendCount=1/1 timeout=1000ms crc=30 0C len=8
frame=01 04 00 00 00 09 30 0C
[2026-04-17 09:31:48] [INFO] [接收-帧] 09:31:48.644 设备ID=12068 module=PERIODIC id=ReadFoupStatus uuid=136 len=23
frame=01 04 12 F6 E7 77 6E E8 30 F7 6D 93 88 FF 5F C3 8B A5 62 16 5B 55 1D
[2026-04-17 09:31:49] [INFO] [发送] 09:31:49.638 设备ID=12068 module=PERIODIC id=ReadFoupStatus uuid=136 sendCount=1/1 timeout=1000ms crc=30 0C len=8
frame=01 04 00 00 00 09 30 0C
[2026-04-17 09:31:49] [INFO] [接收-帧] 09:31:49.743 设备ID=12068 module=PERIODIC id=ReadFoupStatus uuid=136 len=23
frame=01 04 12 6B 48 8E 8B A6 27 F4 A5 36 C0 F6 20 D4 05 99 FA 45 F5 FC 1E
[2026-04-17 09:31:50] [INFO] [发送] 09:31:50.750 设备ID=12068 module=PERIODIC id=ReadFoupStatus uuid=136 sendCount=1/1 timeout=1000ms crc=30 0C len=8
frame=01 04 00 00 00 09 30 0C
[2026-04-17 09:31:50] [INFO] [接收-帧] 09:31:50.834 设备ID=12068 module=PERIODIC id=ReadFoupStatus uuid=136 len=23
frame=01 04 12 7A 23 65 3B 3E 15 D4 A6 B4 E3 80 F3 89 AB ED 27 E2 5A 02 12
[2026-04-17 09:31:51] [INFO] [发送] 09:31:51.832 设备ID=12068 module=PERIODIC id=ReadFoupStatus uuid=136 sendCount=1/1 timeout=1000ms crc=30 0C len=8
frame=01 04 00 00 00 09 30 0C
[2026-04-17 09:31:51] [INFO] [接收-帧] 09:31:51.923 设备ID=12068 module=PERIODIC id=ReadFoupStatus uuid=136 len=23
frame=01 04 12 2E E2 DA 47 5D 4A 3E A1 E6 81 45 6C 81 8B 1E B5 73 F7 26 D5
[2026-04-17 09:31:52] [INFO] [发送] 09:31:52.924 设备ID=12068 module=PERIODIC id=ReadFoupStatus uuid=136 sendCount=1/1 timeout=1000ms crc=30 0C len=8
frame=01 04 00 00 00 09 30 0C
[2026-04-17 09:31:53] [INFO] [接收-帧] 09:31:53.027 设备ID=12068 module=PERIODIC id=ReadFoupStatus uuid=136 len=23
frame=01 04 12 74 4A D8 C0 54 83 A1 1E D7 0B C4 41 F8 62 AD 7C 42 73 C6 BA
[2026-04-17 09:31:54] [INFO] [发送] 09:31:54.036 设备ID=12068 module=PERIODIC id=ReadFoupStatus uuid=136 sendCount=1/1 timeout=1000ms crc=30 0C len=8
frame=01 04 00 00 00 09 30 0C
[2026-04-17 09:31:54] [INFO] [接收-帧] 09:31:54.122 设备ID=12068 module=PERIODIC id=ReadFoupStatus uuid=136 len=23
frame=01 04 12 72 B8 40 8A 88 6B 62 80 70 8B 6B F4 31 D8 59 66 DE EB DB 15
[2026-04-17 09:31:55] [INFO] [发送] 09:31:55.123 设备ID=12068 module=PERIODIC id=ReadFoupStatus uuid=136 sendCount=1/1 timeout=1000ms crc=30 0C len=8
frame=01 04 00 00 00 09 30 0C
[2026-04-17 09:31:55] [INFO] [接收-帧] 09:31:55.210 设备ID=12068 module=PERIODIC id=ReadFoupStatus uuid=136 len=23
frame=01 04 12 BD B2 E9 0F D7 B5 58 5D E4 1E E2 36 3C 59 D2 38 11 11 E9 18
[2026-04-17 09:31:56] [INFO] [发送] 09:31:56.198 设备ID=12068 module=PERIODIC id=ReadFoupStatus uuid=136 sendCount=1/1 timeout=1000ms crc=30 0C len=8
frame=01 04 00 00 00 09 30 0C
[2026-04-17 09:31:56] [INFO] [接收-帧] 09:31:56.300 设备ID=12068 module=PERIODIC id=ReadFoupStatus uuid=136 len=23
frame=01 04 12 A3 04 2D 8A 6F 7F CF 82 9A 66 9D 92 47 BA CB DF B0 2A 82 69
[2026-04-17 09:31:57] [INFO] [发送] 09:31:57.295 设备ID=12068 module=PERIODIC id=ReadFoupStatus uuid=136 sendCount=1/1 timeout=1000ms crc=30 0C len=8
frame=01 04 00 00 00 09 30 0C
[2026-04-17 09:31:57] [INFO] [接收-帧] 09:31:57.394 设备ID=12068 module=PERIODIC id=ReadFoupStatus uuid=136 len=23
frame=01 04 12 FA E4 14 AA 41 42 01 91 11 8A 13 A5 A0 D8 4A 0D 4B 88 B7 BE
[2026-04-17 09:31:58] [INFO] [发送] 09:31:58.387 设备ID=12068 module=PERIODIC id=ReadFoupStatus uuid=136 sendCount=1/1 timeout=1000ms crc=30 0C len=8
frame=01 04 00 00 00 09 30 0C
[2026-04-17 09:31:58] [INFO] [接收-帧] 09:31:58.487 设备ID=12068 module=PERIODIC id=ReadFoupStatus uuid=136 len=23
frame=01 04 12 74 64 98 20 E0 4F 71 C6 84 0B 51 9B 2E BF 1F 5C BC EA 96 42
[2026-04-17 09:31:59] [INFO] [发送] 09:31:59.483 设备ID=12068 module=PERIODIC id=ReadFoupStatus uuid=136 sendCount=1/1 timeout=1000ms crc=30 0C len=8
frame=01 04 00 00 00 09 30 0C
[2026-04-17 09:31:59] [INFO] [接收-帧] 09:31:59.578 设备ID=12068 module=PERIODIC id=ReadFoupStatus uuid=136 len=23
frame=01 04 12 20 A2 5C 39 47 18 81 9F 3D 78 23 EA FA 1D 3F 22 8C 38 AA 32
[2026-04-17 09:32:00] [INFO] [发送] 09:32:00.581 设备ID=12068 module=PERIODIC id=ReadFoupStatus uuid=136 sendCount=1/1 timeout=1000ms crc=30 0C len=8
frame=01 04 00 00 00 09 30 0C
[2026-04-17 09:32:00] [INFO] [接收-帧] 09:32:00.676 设备ID=12068 module=PERIODIC id=ReadFoupStatus uuid=136 len=23
frame=01 04 12 A8 11 FF BC 96 2E 8A B6 DA 6E 91 ED 18 D7 94 8D 46 C1 A6 D1
[2026-04-17 09:32:01] [INFO] [发送] 09:32:01.679 设备ID=12068 module=PERIODIC id=ReadFoupStatus uuid=136 sendCount=1/1 timeout=1000ms crc=30 0C len=8
frame=01 04 00 00 00 09 30 0C
[2026-04-17 09:32:01] [INFO] [接收-帧] 09:32:01.771 设备ID=12068 module=PERIODIC id=ReadFoupStatus uuid=136 len=23
frame=01 04 12 62 3A D9 54 50 27 52 75 B8 E0 2B C9 F6 FA E6 80 EC 18 40 C0
[2026-04-17 09:32:02] [INFO] [发送] 09:32:02.775 设备ID=12068 module=PERIODIC id=ReadFoupStatus uuid=136 sendCount=1/1 timeout=1000ms crc=30 0C len=8
frame=01 04 00 00 00 09 30 0C
[2026-04-17 09:32:02] [INFO] [接收-帧] 09:32:02.864 设备ID=12068 module=PERIODIC id=ReadFoupStatus uuid=136 len=23
frame=01 04 12 D5 8A 6A 7E FB 72 26 E7 CF 3F B0 41 AE A6 E2 80 A9 73 9D 92
[2026-04-17 09:32:03] [INFO] [发送] 09:32:03.869 设备ID=12068 module=PERIODIC id=ReadFoupStatus uuid=136 sendCount=1/1 timeout=1000ms crc=30 0C len=8
frame=01 04 00 00 00 09 30 0C
[2026-04-17 09:32:03] [INFO] [接收-帧] 09:32:03.958 设备ID=12068 module=PERIODIC id=ReadFoupStatus uuid=136 len=23
frame=01 04 12 FB 6D 8B 0C A7 28 9B 3E BD 67 98 58 89 CE 14 4C F3 BF C5 FC
