[2026-04-17 09:24:09] [INFO] [发送] 09:24:09.122 设备ID=12013 module=INITIAL id=ReadVersion uuid=25 sendCount=1/4 timeout=1000ms crc=B1 CD len=8
frame=01 04 00 18 00 01 B1 CD
[2026-04-17 09:24:10] [INFO] [发送] 09:24:10.123 设备ID=12013 module=INITIAL id=ReadVersion uuid=25 sendCount=2/4 timeout=1000ms crc=B1 CD len=8
frame=01 04 00 18 00 01 B1 CD
[2026-04-17 09:24:10] [INFO] [接收-帧] 09:24:10.167 设备ID=12013 module=INITIAL id=ReadVersion uuid=25 len=7
frame=01 04 02 00 00 B9 30
[2026-04-17 09:24:10] [INFO] [发送] 09:24:10.167 设备ID=12013 module=PERIODIC id=ReadFoupStatus uuid=26 sendCount=1/1 timeout=1000ms crc=30 0C len=8
frame=01 04 00 00 00 09 30 0C
[2026-04-17 09:24:12] [INFO] [发送] 09:24:12.170 设备ID=12013 module=PERIODIC id=ReadFoupStatus uuid=26 sendCount=1/1 timeout=1000ms crc=30 0C len=8
frame=01 04 00 00 00 09 30 0C
[2026-04-17 09:24:14] [INFO] [发送] 09:24:14.267 设备ID=12013 module=PERIODIC id=ReadFoupStatus uuid=26 sendCount=1/1 timeout=1000ms crc=30 0C len=8
frame=01 04 00 00 00 09 30 0C
[2026-04-17 09:24:16] [INFO] [发送] 09:24:16.263 设备ID=12013 module=PERIODIC id=ReadFoupStatus uuid=26 sendCount=1/1 timeout=1000ms crc=30 0C len=8
frame=01 04 00 00 00 09 30 0C
[2026-04-17 09:24:18] [INFO] [发送] 09:24:18.262 设备ID=12013 module=PERIODIC id=ReadFoupStatus uuid=26 sendCount=1/1 timeout=1000ms crc=30 0C len=8
frame=01 04 00 00 00 09 30 0C
[2026-04-17 09:24:20] [INFO] [发送] 09:24:20.269 设备ID=12013 module=PERIODIC id=ReadFoupStatus uuid=26 sendCount=1/1 timeout=1000ms crc=30 0C len=8
frame=01 04 00 00 00 09 30 0C
[2026-04-17 09:24:22] [INFO] [发送] 09:24:22.271 设备ID=12013 module=PERIODIC id=ReadFoupStatus uuid=26 sendCount=1/1 timeout=1000ms crc=30 0C len=8
frame=01 04 00 00 00 09 30 0C
[2026-04-17 09:24:24] [INFO] [发送] 09:24:24.268 设备ID=12013 module=PERIODIC id=ReadFoupStatus uuid=26 sendCount=1/1 timeout=1000ms crc=30 0C len=8
frame=01 04 00 00 00 09 30 0C
[2026-04-17 09:24:26] [INFO] [发送] 09:24:26.272 设备ID=12013 module=PERIODIC id=ReadFoupStatus uuid=26 sendCount=1/1 timeout=1000ms crc=30 0C len=8
frame=01 04 00 00 00 09 30 0C
[2026-04-17 09:24:28] [INFO] [发送] 09:24:28.268 设备ID=12013 module=PERIODIC id=ReadFoupStatus uuid=26 sendCount=1/1 timeout=1000ms crc=30 0C len=8
frame=01 04 00 00 00 09 30 0C
[2026-04-17 09:24:32] [INFO] [发送] 09:24:32.477 设备ID=12013 module=PERIODIC id=ReadFoupStatus uuid=26 sendCount=1/1 timeout=1000ms crc=30 0C len=8
frame=01 04 00 00 00 09 30 0C
[2026-04-17 09:24:34] [INFO] [发送] 09:24:34.479 设备ID=12013 module=PERIODIC id=ReadFoupStatus uuid=26 sendCount=1/1 timeout=1000ms crc=30 0C len=8
frame=01 04 00 00 00 09 30 0C
[2026-04-17 09:24:36] [INFO] [发送] 09:24:36.482 设备ID=12013 module=PERIODIC id=ReadFoupStatus uuid=26 sendCount=1/1 timeout=1000ms crc=30 0C len=8
frame=01 04 00 00 00 09 30 0C
[2026-04-17 09:24:38] [INFO] [发送] 09:24:38.478 设备ID=12013 module=PERIODIC id=ReadFoupStatus uuid=26 sendCount=1/1 timeout=1000ms crc=30 0C len=8
frame=01 04 00 00 00 09 30 0C
[2026-04-17 09:24:40] [INFO] [发送] 09:24:40.482 设备ID=12013 module=PERIODIC id=ReadFoupStatus uuid=26 sendCount=1/1 timeout=1000ms crc=30 0C len=8
frame=01 04 00 00 00 09 30 0C
[2026-04-17 09:24:42] [INFO] [发送] 09:24:42.479 设备ID=12013 module=PERIODIC id=ReadFoupStatus uuid=26 sendCount=1/1 timeout=1000ms crc=30 0C len=8
frame=01 04 00 00 00 09 30 0C
[2026-04-17 09:24:44] [INFO] [发送] 09:24:44.485 设备ID=12013 module=PERIODIC id=ReadFoupStatus uuid=26 sendCount=1/1 timeout=1000ms crc=30 0C len=8
frame=01 04 00 00 00 09 30 0C
[2026-04-17 09:24:48] [INFO] [发送] 09:24:48.161 设备ID=12013 module=PERIODIC id=ReadFoupStatus uuid=26 sendCount=1/1 timeout=1000ms crc=30 0C len=8
frame=01 04 00 00 00 09 30 0C
[2026-04-17 09:24:48] [INFO] [接收-帧] 09:24:48.270 设备ID=12013 module=PERIODIC id=ReadFoupStatus uuid=26 len=23
frame=01 04 12 6A C0 4E EA 40 E2 0B 3E 84 B5 5B 12 64 21 73 CA 1F CA DF 5C
[2026-04-17 09:24:49] [INFO] [发送] 09:24:49.260 设备ID=12013 module=PERIODIC id=ReadFoupStatus uuid=26 sendCount=1/1 timeout=1000ms crc=30 0C len=8
frame=01 04 00 00 00 09 30 0C
[2026-04-17 09:24:49] [INFO] [接收-帧] 09:24:49.363 设备ID=12013 module=PERIODIC id=ReadFoupStatus uuid=26 len=23
frame=01 04 12 8A F3 FC 88 AA 72 62 BA 83 8F A8 F0 6E 07 62 97 5E 47 6B 2E
[2026-04-17 09:24:50] [INFO] [发送] 09:24:50.384 设备ID=12013 module=PERIODIC id=ReadFoupStatus uuid=26 sendCount=1/1 timeout=1000ms crc=30 0C len=8
frame=01 04 00 00 00 09 30 0C
[2026-04-17 09:24:50] [INFO] [接收-帧] 09:24:50.454 设备ID=12013 module=PERIODIC id=ReadFoupStatus uuid=26 len=23
frame=01 04 12 02 65 2F 61 3E 15 C4 82 7B 19 1F 10 2A 7C 46 FB 52 8A 77 F4
[2026-04-17 09:24:51] [INFO] [发送] 09:24:51.454 设备ID=12013 module=PERIODIC id=ReadFoupStatus uuid=26 sendCount=1/1 timeout=1000ms crc=30 0C len=8
frame=01 04 00 00 00 09 30 0C
[2026-04-17 09:24:51] [INFO] [接收-帧] 09:24:51.549 设备ID=12013 module=PERIODIC id=ReadFoupStatus uuid=26 len=23
frame=01 04 12 2E 8E 47 C6 DE 2A 5C 4C 22 2B 89 E3 3E 29 5D B7 AD 7B 8B 4E
[2026-04-17 09:24:52] [INFO] [发送] 09:24:52.540 设备ID=12013 module=PERIODIC id=ReadFoupStatus uuid=26 sendCount=1/1 timeout=1000ms crc=30 0C len=8
frame=01 04 00 00 00 09 30 0C
[2026-04-17 09:24:52] [INFO] [接收-帧] 09:24:52.643 设备ID=12013 module=PERIODIC id=ReadFoupStatus uuid=26 len=23
frame=01 04 12 68 D0 1D 89 D8 AC 96 50 F5 68 A2 91 54 02 35 81 C8 0F 68 FF
[2026-04-17 09:24:53] [INFO] [发送] 09:24:53.634 设备ID=12013 module=PERIODIC id=ReadFoupStatus uuid=26 sendCount=1/1 timeout=1000ms crc=30 0C len=8
frame=01 04 00 00 00 09 30 0C
[2026-04-17 09:24:53] [INFO] [接收-帧] 09:24:53.735 设备ID=12013 module=PERIODIC id=ReadFoupStatus uuid=26 len=23
frame=01 04 12 90 95 EB 63 9C E0 B8 6E 44 C0 00 EE 41 41 3F 8A 95 1D 1F B4
[2026-04-17 09:24:54] [INFO] [发送] 09:24:54.736 设备ID=12013 module=PERIODIC id=ReadFoupStatus uuid=26 sendCount=1/1 timeout=1000ms crc=30 0C len=8
frame=01 04 00 00 00 09 30 0C
[2026-04-17 09:24:54] [INFO] [接收-帧] 09:24:54.829 设备ID=12013 module=PERIODIC id=ReadFoupStatus uuid=26 len=23
frame=01 04 12 D5 BF 9E EA 6A B7 DD 09 50 1C 49 C5 5E 51 DD CC 92 DA 5F 72
[2026-04-17 09:24:55] [INFO] [发送] 09:24:55.820 设备ID=12013 module=PERIODIC id=ReadFoupStatus uuid=26 sendCount=1/1 timeout=1000ms crc=30 0C len=8
frame=01 04 00 00 00 09 30 0C
[2026-04-17 09:24:55] [INFO] [接收-帧] 09:24:55.924 设备ID=12013 module=PERIODIC id=ReadFoupStatus uuid=26 len=23
frame=01 04 12 C6 3A 04 81 C9 E3 FF 53 F0 F7 FD D0 F9 EC B6 43 E1 69 E3 0E
[2026-04-17 09:24:56] [INFO] [发送] 09:24:56.921 设备ID=12013 module=PERIODIC id=ReadFoupStatus uuid=26 sendCount=1/1 timeout=1000ms crc=30 0C len=8
frame=01 04 00 00 00 09 30 0C
[2026-04-17 09:24:57] [INFO] [接收-帧] 09:24:57.017 设备ID=12013 module=PERIODIC id=ReadFoupStatus uuid=26 len=23
frame=01 04 12 FA 32 E4 02 6C 56 0A A8 E7 52 9B 29 8D D1 55 2A 96 1F E2 28
[2026-04-17 09:24:58] [INFO] [发送] 09:24:58.010 设备ID=12013 module=PERIODIC id=ReadFoupStatus uuid=26 sendCount=1/1 timeout=1000ms crc=30 0C len=8
frame=01 04 00 00 00 09 30 0C
[2026-04-17 09:24:58] [INFO] [接收-帧] 09:24:58.110 设备ID=12013 module=PERIODIC id=ReadFoupStatus uuid=26 len=23
frame=01 04 12 D5 80 0D 6B 0F 2F 86 50 62 64 16 1D D8 83 1A 7B 4D 6E 6E 6E
[2026-04-17 09:24:59] [INFO] [发送] 09:24:59.102 设备ID=12013 module=PERIODIC id=ReadFoupStatus uuid=26 sendCount=1/1 timeout=1000ms crc=30 0C len=8
frame=01 04 00 00 00 09 30 0C
[2026-04-17 09:24:59] [INFO] [接收-帧] 09:24:59.200 设备ID=12013 module=PERIODIC id=ReadFoupStatus uuid=26 len=23
frame=01 04 12 B3 01 E5 56 2B 3F E4 29 E1 98 1E 17 BA 93 FE 6A 5A 53 98 60
[2026-04-17 09:25:00] [INFO] [发送] 09:25:00.203 设备ID=12013 module=PERIODIC id=ReadFoupStatus uuid=26 sendCount=1/1 timeout=1000ms crc=30 0C len=8
frame=01 04 00 00 00 09 30 0C
[2026-04-17 09:25:00] [INFO] [接收-帧] 09:25:00.294 设备ID=12013 module=PERIODIC id=ReadFoupStatus uuid=26 len=23
frame=01 04 12 63 AC A2 46 FE 6E 04 24 93 CB AB 46 38 5A BC 55 2D 15 00 A8
[2026-04-17 09:25:01] [INFO] [发送] 09:25:01.298 设备ID=12013 module=PERIODIC id=ReadFoupStatus uuid=26 sendCount=1/1 timeout=1000ms crc=30 0C len=8
frame=01 04 00 00 00 09 30 0C
[2026-04-17 09:25:01] [INFO] [接收-帧] 09:25:01.387 设备ID=12013 module=PERIODIC id=ReadFoupStatus uuid=26 len=23
frame=01 04 12 65 CE 10 EE 97 2C 93 81 16 81 C1 6B 06 DD 0F BA C8 BD 4F CA
[2026-04-17 09:25:02] [INFO] [发送] 09:25:02.387 设备ID=12013 module=PERIODIC id=ReadFoupStatus uuid=26 sendCount=1/1 timeout=1000ms crc=30 0C len=8
frame=01 04 00 00 00 09 30 0C
[2026-04-17 09:25:02] [INFO] [接收-帧] 09:25:02.510 设备ID=12013 module=PERIODIC id=ReadFoupStatus uuid=26 len=23
frame=01 04 12 FD 63 2C 47 92 E0 97 85 3D F0 44 63 AB E8 B1 23 31 31 FE 65
[2026-04-17 09:25:03] [INFO] [发送] 09:25:03.535 设备ID=12013 module=PERIODIC id=ReadFoupStatus uuid=26 sendCount=1/1 timeout=1000ms crc=30 0C len=8
frame=01 04 00 00 00 09 30 0C
[2026-04-17 09:25:03] [INFO] [接收-帧] 09:25:03.575 设备ID=12013 module=PERIODIC id=ReadFoupStatus uuid=26 len=23
frame=01 04 12 7C C5 0B 36 43 63 DA BA 4B 39 BC 17 9B 03 39 D2 25 07 C9 31
[2026-04-17 09:25:04] [INFO] [发送] 09:25:04.574 设备ID=12013 module=PERIODIC id=ReadFoupStatus uuid=26 sendCount=1/1 timeout=1000ms crc=30 0C len=8
frame=01 04 00 00 00 09 30 0C
[2026-04-17 09:25:04] [INFO] [接收-帧] 09:25:04.675 设备ID=12013 module=PERIODIC id=ReadFoupStatus uuid=26 len=23
frame=01 04 12 4A 01 00 6B CE 54 81 64 2F 29 E0 6F 8C 8D E0 EF 30 54 6D 8E
[2026-04-17 09:25:05] [INFO] [发送] 09:25:05.666 设备ID=12013 module=PERIODIC id=ReadFoupStatus uuid=26 sendCount=1/1 timeout=1000ms crc=30 0C len=8
frame=01 04 00 00 00 09 30 0C
[2026-04-17 09:25:05] [INFO] [接收-帧] 09:25:05.763 设备ID=12013 module=PERIODIC id=ReadFoupStatus uuid=26 len=23
frame=01 04 12 A6 72 BB 89 D8 36 7C 05 99 5F F7 81 A5 50 79 EF 16 91 21 1A
[2026-04-17 09:25:06] [INFO] [发送] 09:25:06.767 设备ID=12013 module=PERIODIC id=ReadFoupStatus uuid=26 sendCount=1/1 timeout=1000ms crc=30 0C len=8
frame=01 04 00 00 00 09 30 0C
[2026-04-17 09:25:06] [INFO] [接收-帧] 09:25:06.862 设备ID=12013 module=PERIODIC id=ReadFoupStatus uuid=26 len=23
frame=01 04 12 38 C2 E9 C2 4E EC 99 09 8F 85 2F 06 62 EA 88 5C 0A E6 16 72
[2026-04-17 09:25:07] [INFO] [发送] 09:25:07.861 设备ID=12013 module=PERIODIC id=ReadFoupStatus uuid=26 sendCount=1/1 timeout=1000ms crc=30 0C len=8
frame=01 04 00 00 00 09 30 0C
[2026-04-17 09:25:07] [INFO] [接收-帧] 09:25:07.952 设备ID=12013 module=PERIODIC id=ReadFoupStatus uuid=26 len=23
frame=01 04 12 1D 36 1A FA C6 B9 58 37 79 E7 8F 18 2B 29 1A BB 72 44 93 2E
[2026-04-17 09:25:08] [INFO] [发送] 09:25:08.951 设备ID=12013 module=PERIODIC id=ReadFoupStatus uuid=26 sendCount=1/1 timeout=1000ms crc=30 0C len=8
frame=01 04 00 00 00 09 30 0C
[2026-04-17 09:25:09] [INFO] [接收-帧] 09:25:09.050 设备ID=12013 module=PERIODIC id=ReadFoupStatus uuid=26 len=23
frame=01 04 12 47 EA 83 D7 4E 36 F6 2D 8C B1 49 B8 88 DD 11 16 1C BB BA D3
[2026-04-17 09:25:10] [INFO] [发送] 09:25:10.048 设备ID=12013 module=PERIODIC id=ReadFoupStatus uuid=26 sendCount=1/1 timeout=1000ms crc=30 0C len=8
frame=01 04 00 00 00 09 30 0C
[2026-04-17 09:25:10] [INFO] [接收-帧] 09:25:10.146 设备ID=12013 module=PERIODIC id=ReadFoupStatus uuid=26 len=23
frame=01 04 12 98 87 5B 49 67 0B 69 DC 54 5A 43 14 C5 DA 8B 83 BE 9C 8D ED
[2026-04-17 09:25:11] [INFO] [发送] 09:25:11.135 设备ID=12013 module=PERIODIC id=ReadFoupStatus uuid=26 sendCount=1/1 timeout=1000ms crc=30 0C len=8
frame=01 04 00 00 00 09 30 0C
[2026-04-17 09:25:11] [INFO] [接收-帧] 09:25:11.247 设备ID=12013 module=PERIODIC id=ReadFoupStatus uuid=26 len=23
frame=01 04 12 74 90 84 16 6C C5 A7 D9 E1 C5 63 59 C9 F6 48 A2 C7 60 9C 8A
[2026-04-17 09:25:12] [INFO] [发送] 09:25:12.252 设备ID=12013 module=PERIODIC id=ReadFoupStatus uuid=26 sendCount=1/1 timeout=1000ms crc=30 0C len=8
frame=01 04 00 00 00 09 30 0C
[2026-04-17 09:25:12] [INFO] [接收-帧] 09:25:12.327 设备ID=12013 module=PERIODIC id=ReadFoupStatus uuid=26 len=23
frame=01 04 12 83 D4 2C C0 F3 F8 3E AD 1A 18 63 32 DD D2 19 A0 BB 23 21 DC
[2026-04-17 09:25:13] [INFO] [发送] 09:25:13.323 设备ID=12013 module=PERIODIC id=ReadFoupStatus uuid=26 sendCount=1/1 timeout=1000ms crc=30 0C len=8
frame=01 04 00 00 00 09 30 0C
[2026-04-17 09:25:13] [INFO] [接收-帧] 09:25:13.425 设备ID=12013 module=PERIODIC id=ReadFoupStatus uuid=26 len=23
frame=01 04 12 CA 13 6E 11 10 2F 31 93 5F 81 8C 5B E1 10 69 5E 7C 63 9A DE
[2026-04-17 09:25:14] [INFO] [发送] 09:25:14.416 设备ID=12013 module=PERIODIC id=ReadFoupStatus uuid=26 sendCount=1/1 timeout=1000ms crc=30 0C len=8
frame=01 04 00 00 00 09 30 0C
[2026-04-17 09:25:14] [INFO] [接收-帧] 09:25:14.516 设备ID=12013 module=PERIODIC id=ReadFoupStatus uuid=26 len=23
frame=01 04 12 ED E1 D1 64 13 E6 37 E4 E8 97 D9 78 0D D6 34 B4 24 C8 B6 D5
[2026-04-17 09:25:15] [INFO] [发送] 09:25:15.508 设备ID=12013 module=PERIODIC id=ReadFoupStatus uuid=26 sendCount=1/1 timeout=1000ms crc=30 0C len=8
frame=01 04 00 00 00 09 30 0C
[2026-04-17 09:25:15] [INFO] [接收-帧] 09:25:15.612 设备ID=12013 module=PERIODIC id=ReadFoupStatus uuid=26 len=23
frame=01 04 12 9B AE C7 17 2B D5 26 16 98 0C 60 0D 3A 67 AB E8 AF 77 3F 78
[2026-04-17 09:25:16] [INFO] [发送] 09:25:16.609 设备ID=12013 module=PERIODIC id=ReadFoupStatus uuid=26 sendCount=1/1 timeout=1000ms crc=30 0C len=8
frame=01 04 00 00 00 09 30 0C
[2026-04-17 09:25:16] [INFO] [接收-帧] 09:25:16.701 设备ID=12013 module=PERIODIC id=ReadFoupStatus uuid=26 len=23
frame=01 04 12 1E 24 B3 D9 16 05 7C 85 DC ED 33 0D 7C C0 55 48 4B FD 03 F8
[2026-04-17 09:25:17] [INFO] [发送] 09:25:17.710 设备ID=12013 module=PERIODIC id=ReadFoupStatus uuid=26 sendCount=1/1 timeout=1000ms crc=30 0C len=8
frame=01 04 00 00 00 09 30 0C
[2026-04-17 09:25:17] [INFO] [接收-帧] 09:25:17.801 设备ID=12013 module=PERIODIC id=ReadFoupStatus uuid=26 len=23
frame=01 04 12 1E 21 58 A4 C9 CD 7E B5 4E AB 13 53 E7 12 AF F5 71 15 73 84
[2026-04-17 09:25:18] [INFO] [发送] 09:25:18.809 设备ID=12013 module=PERIODIC id=ReadFoupStatus uuid=26 sendCount=1/1 timeout=1000ms crc=30 0C len=8
frame=01 04 00 00 00 09 30 0C
[2026-04-17 09:25:18] [INFO] [接收-帧] 09:25:18.896 设备ID=12013 module=PERIODIC id=ReadFoupStatus uuid=26 len=23
frame=01 04 12 94 CD BB 83 C3 7F CF 1F 8E 76 74 63 33 BC E0 CE EF 1C 37 69
[2026-04-17 09:25:19] [INFO] [发送] 09:25:19.901 设备ID=12013 module=PERIODIC id=ReadFoupStatus uuid=26 sendCount=1/1 timeout=1000ms crc=30 0C len=8
frame=01 04 00 00 00 09 30 0C
[2026-04-17 09:25:20] [INFO] [接收-帧] 09:25:20.033 设备ID=12013 module=PERIODIC id=ReadFoupStatus uuid=26 len=23
frame=01 04 12 50 D7 D5 26 06 97 98 66 00 31 0E BE A0 9D 2C F5 A3 0F DC C2
[2026-04-17 09:25:21] [INFO] [发送] 09:25:21.030 设备ID=12013 module=PERIODIC id=ReadFoupStatus uuid=26 sendCount=1/1 timeout=1000ms crc=30 0C len=8
frame=01 04 00 00 00 09 30 0C
[2026-04-17 09:25:21] [INFO] [接收-帧] 09:25:21.076 设备ID=12013 module=PERIODIC id=ReadFoupStatus uuid=26 len=23
frame=01 04 12 E6 6B 7F 99 80 C9 79 EC 25 5B 03 FA 49 94 5B 21 F2 8B A3 9A
[2026-04-17 09:25:22] [INFO] [发送] 09:25:22.074 设备ID=12013 module=PERIODIC id=ReadFoupStatus uuid=26 sendCount=1/1 timeout=1000ms crc=30 0C len=8
frame=01 04 00 00 00 09 30 0C
[2026-04-17 09:25:22] [INFO] [接收-帧] 09:25:22.175 设备ID=12013 module=PERIODIC id=ReadFoupStatus uuid=26 len=23
frame=01 04 12 49 B0 35 38 EC 9B 6A 3A 9D 57 29 E6 9E 6F 51 A2 95 7B 35 69
[2026-04-17 09:25:23] [INFO] [发送] 09:25:23.173 设备ID=12013 module=PERIODIC id=ReadFoupStatus uuid=26 sendCount=1/1 timeout=1000ms crc=30 0C len=8
frame=01 04 00 00 00 09 30 0C
[2026-04-17 09:25:23] [INFO] [接收-帧] 09:25:23.262 设备ID=12013 module=PERIODIC id=ReadFoupStatus uuid=26 len=23
frame=01 04 12 29 9C 1D 3E 1A DB EE 98 1C 88 22 8B D4 CE 80 26 56 71 F0 A3
[2026-04-17 09:25:24] [INFO] [发送] 09:25:24.260 设备ID=12013 module=PERIODIC id=ReadFoupStatus uuid=26 sendCount=1/1 timeout=1000ms crc=30 0C len=8
frame=01 04 00 00 00 09 30 0C
[2026-04-17 09:25:24] [INFO] [接收-帧] 09:25:24.362 设备ID=12013 module=PERIODIC id=ReadFoupStatus uuid=26 len=23
frame=01 04 12 8D 35 02 69 39 C0 D3 90 D9 3F 13 57 12 5F FF C1 17 4B CF 18
[2026-04-17 09:25:25] [INFO] [发送] 09:25:25.358 设备ID=12013 module=PERIODIC id=ReadFoupStatus uuid=26 sendCount=1/1 timeout=1000ms crc=30 0C len=8
frame=01 04 00 00 00 09 30 0C
[2026-04-17 09:25:25] [INFO] [接收-帧] 09:25:25.448 设备ID=12013 module=PERIODIC id=ReadFoupStatus uuid=26 len=23
frame=01 04 12 64 5B 53 15 FB B6 00 40 BC 08 C5 38 1D E3 7F A9 EE 56 F5 83
[2026-04-17 09:25:26] [INFO] [发送] 09:25:26.448 设备ID=12013 module=PERIODIC id=ReadFoupStatus uuid=26 sendCount=1/1 timeout=1000ms crc=30 0C len=8
frame=01 04 00 00 00 09 30 0C
[2026-04-17 09:25:26] [INFO] [接收-帧] 09:25:26.552 设备ID=12013 module=PERIODIC id=ReadFoupStatus uuid=26 len=23
frame=01 04 12 84 BA 1B E0 DF 91 4E 05 B5 91 A3 D0 65 3C 9C 3A B5 53 7E C0
[2026-04-17 09:25:27] [INFO] [发送] 09:25:27.541 设备ID=12013 module=PERIODIC id=ReadFoupStatus uuid=26 sendCount=1/1 timeout=1000ms crc=30 0C len=8
frame=01 04 00 00 00 09 30 0C
[2026-04-17 09:25:27] [INFO] [接收-帧] 09:25:27.641 设备ID=12013 module=PERIODIC id=ReadFoupStatus uuid=26 len=23
frame=01 04 12 62 BD 79 6F BC 6B 92 44 D9 05 2E 6C A0 13 1E D6 4B F8 00 1C
[2026-04-17 09:25:28] [INFO] [发送] 09:25:28.634 设备ID=12013 module=PERIODIC id=ReadFoupStatus uuid=26 sendCount=1/1 timeout=1000ms crc=30 0C len=8
frame=01 04 00 00 00 09 30 0C
[2026-04-17 09:25:28] [INFO] [接收-帧] 09:25:28.736 设备ID=12013 module=PERIODIC id=ReadFoupStatus uuid=26 len=23
frame=01 04 12 85 91 25 15 14 3D 2B F0 DB 2E 22 4A CD B4 AC 91 B7 CF 42 11
[2026-04-17 09:25:29] [INFO] [发送] 09:25:29.727 设备ID=12013 module=PERIODIC id=ReadFoupStatus uuid=26 sendCount=1/1 timeout=1000ms crc=30 0C len=8
frame=01 04 00 00 00 09 30 0C
[2026-04-17 09:25:29] [INFO] [接收-帧] 09:25:29.835 设备ID=12013 module=PERIODIC id=ReadFoupStatus uuid=26 len=23
frame=01 04 12 1E 03 73 C0 21 9B 3E 79 02 3F A8 C4 E2 F2 F8 80 DE 4D 1E FC
[2026-04-17 09:25:30] [INFO] [发送] 09:25:30.831 设备ID=12013 module=PERIODIC id=ReadFoupStatus uuid=26 sendCount=1/1 timeout=1000ms crc=30 0C len=8
frame=01 04 00 00 00 09 30 0C
[2026-04-17 09:25:30] [INFO] [接收-帧] 09:25:30.923 设备ID=12013 module=PERIODIC id=ReadFoupStatus uuid=26 len=23
frame=01 04 12 51 33 B8 37 6D DA 84 D4 16 91 15 13 A6 AE 2D 99 EC 20 25 9C
[2026-04-17 09:25:31] [INFO] [发送] 09:25:31.918 设备ID=12013 module=PERIODIC id=ReadFoupStatus uuid=26 sendCount=1/1 timeout=1000ms crc=30 0C len=8
frame=01 04 00 00 00 09 30 0C
[2026-04-17 09:25:32] [INFO] [接收-帧] 09:25:32.014 设备ID=12013 module=PERIODIC id=ReadFoupStatus uuid=26 len=23
frame=01 04 12 8C A1 4E 27 F9 C8 06 1C 6A 2D A8 6E 65 AD DF C4 9E 5C 02 10
[2026-04-17 09:25:33] [INFO] [发送] 09:25:33.015 设备ID=12013 module=PERIODIC id=ReadFoupStatus uuid=26 sendCount=1/1 timeout=1000ms crc=30 0C len=8
frame=01 04 00 00 00 09 30 0C
[2026-04-17 09:25:33] [INFO] [接收-帧] 09:25:33.109 设备ID=12013 module=PERIODIC id=ReadFoupStatus uuid=26 len=23
frame=01 04 12 E2 E2 EE 5C C3 90 CF EB 74 9E 7F 80 94 3C 1E DD F2 3D F4 5E
[2026-04-17 09:25:34] [INFO] [发送] 09:25:34.104 设备ID=12013 module=PERIODIC id=ReadFoupStatus uuid=26 sendCount=1/1 timeout=1000ms crc=30 0C len=8
frame=01 04 00 00 00 09 30 0C
[2026-04-17 09:25:34] [INFO] [接收-帧] 09:25:34.221 设备ID=12013 module=PERIODIC id=ReadFoupStatus uuid=26 len=23
frame=01 04 12 4E 72 01 0F DA 55 19 2F AC 5D 87 6D FB 46 FD D3 C9 5D 37 8B
[2026-04-17 09:25:35] [INFO] [发送] 09:25:35.214 设备ID=12013 module=PERIODIC id=ReadFoupStatus uuid=26 sendCount=1/1 timeout=1000ms crc=30 0C len=8
frame=01 04 00 00 00 09 30 0C
[2026-04-17 09:25:35] [INFO] [接收-帧] 09:25:35.295 设备ID=12013 module=PERIODIC id=ReadFoupStatus uuid=26 len=23
frame=01 04 12 61 36 75 74 A5 74 2F 91 81 A3 5E 4C D5 7A 15 0E A2 0C 70 A6
[2026-04-17 09:25:36] [INFO] [发送] 09:25:36.290 设备ID=12013 module=PERIODIC id=ReadFoupStatus uuid=26 sendCount=1/1 timeout=1000ms crc=30 0C len=8
frame=01 04 00 00 00 09 30 0C
[2026-04-17 09:25:36] [INFO] [接收-帧] 09:25:36.388 设备ID=12013 module=PERIODIC id=ReadFoupStatus uuid=26 len=23
frame=01 04 12 8D 03 EA B8 DD D4 F7 4C 00 63 CE B0 34 E7 F0 31 6F 48 B4 C2
[2026-04-17 09:25:37] [INFO] [发送] 09:25:37.390 设备ID=12013 module=PERIODIC id=ReadFoupStatus uuid=26 sendCount=1/1 timeout=1000ms crc=30 0C len=8
frame=01 04 00 00 00 09 30 0C
[2026-04-17 09:25:37] [INFO] [接收-帧] 09:25:37.482 设备ID=12013 module=PERIODIC id=ReadFoupStatus uuid=26 len=23
frame=01 04 12 5B 80 B9 60 91 F0 1E C8 B4 FB 5D B6 52 73 87 B5 6D 2C 86 35
[2026-04-17 09:25:38] [INFO] [发送] 09:25:38.478 设备ID=12013 module=PERIODIC id=ReadFoupStatus uuid=26 sendCount=1/1 timeout=1000ms crc=30 0C len=8
frame=01 04 00 00 00 09 30 0C
[2026-04-17 09:25:38] [INFO] [接收-帧] 09:25:38.578 设备ID=12013 module=PERIODIC id=ReadFoupStatus uuid=26 len=23
frame=01 04 12 11 04 86 14 B8 99 70 4A 73 98 C5 3C E4 F3 8F 16 F8 24 65 32
[2026-04-17 09:25:39] [INFO] [发送] 09:25:39.574 设备ID=12013 module=PERIODIC id=ReadFoupStatus uuid=26 sendCount=1/1 timeout=1000ms crc=30 0C len=8
frame=01 04 00 00 00 09 30 0C
[2026-04-17 09:25:39] [INFO] [接收-帧] 09:25:39.670 设备ID=12013 module=PERIODIC id=ReadFoupStatus uuid=26 len=23
frame=01 04 12 36 2F 24 20 0E 91 B6 68 3B 9C 30 F8 9C 5D 32 AA 2B 94 DE 91
[2026-04-17 09:25:40] [INFO] [发送] 09:25:40.666 设备ID=12013 module=PERIODIC id=ReadFoupStatus uuid=26 sendCount=1/1 timeout=1000ms crc=30 0C len=8
frame=01 04 00 00 00 09 30 0C
[2026-04-17 09:25:40] [INFO] [接收-帧] 09:25:40.766 设备ID=12013 module=PERIODIC id=ReadFoupStatus uuid=26 len=23
frame=01 04 12 52 36 D0 8C D7 FA 25 F4 9A C9 E0 00 00 92 E3 E1 CF 07 1D 7A
[2026-04-17 09:25:41] [INFO] [发送] 09:25:41.758 设备ID=12013 module=PERIODIC id=ReadFoupStatus uuid=26 sendCount=1/1 timeout=1000ms crc=30 0C len=8
frame=01 04 00 00 00 09 30 0C
[2026-04-17 09:25:41] [INFO] [接收-帧] 09:25:41.861 设备ID=12013 module=PERIODIC id=ReadFoupStatus uuid=26 len=23
frame=01 04 12 D1 DC 63 ED 95 A6 92 0E F7 8C 64 12 F7 1C CD AE BF CC BF AA
[2026-04-17 09:25:42] [INFO] [发送] 09:25:42.852 设备ID=12013 module=PERIODIC id=ReadFoupStatus uuid=26 sendCount=1/1 timeout=1000ms crc=30 0C len=8
frame=01 04 00 00 00 09 30 0C
[2026-04-17 09:25:42] [INFO] [接收-帧] 09:25:42.949 设备ID=12013 module=PERIODIC id=ReadFoupStatus uuid=26 len=23
frame=01 04 12 74 17 3B 7C 3D 27 D1 DE 27 45 1F A1 64 51 12 A4 6F 64 B5 68
[2026-04-17 09:25:43] [INFO] [发送] 09:25:43.946 设备ID=12013 module=PERIODIC id=ReadFoupStatus uuid=26 sendCount=1/1 timeout=1000ms crc=30 0C len=8
frame=01 04 00 00 00 09 30 0C
[2026-04-17 09:25:44] [INFO] [接收-帧] 09:25:44.050 设备ID=12013 module=PERIODIC id=ReadFoupStatus uuid=26 len=23
frame=01 04 12 91 B1 0A 18 3D 95 8D 44 86 8C 63 AA 30 FE 67 E7 CE 7A 16 29
[2026-04-17 09:25:45] [INFO] [发送] 09:25:45.043 设备ID=12013 module=PERIODIC id=ReadFoupStatus uuid=26 sendCount=1/1 timeout=1000ms crc=30 0C len=8
frame=01 04 00 00 00 09 30 0C
[2026-04-17 09:25:45] [INFO] [接收-帧] 09:25:45.140 设备ID=12013 module=PERIODIC id=ReadFoupStatus uuid=26 len=23
frame=01 04 12 04 21 6C 5A 74 FC D1 70 5E 91 BB 1C CF 66 A4 F9 55 A4 89 84
[2026-04-17 09:25:46] [INFO] [发送] 09:25:46.133 设备ID=12013 module=PERIODIC id=ReadFoupStatus uuid=26 sendCount=1/1 timeout=1000ms crc=30 0C len=8
frame=01 04 00 00 00 09 30 0C
[2026-04-17 09:25:46] [INFO] [接收-帧] 09:25:46.233 设备ID=12013 module=PERIODIC id=ReadFoupStatus uuid=26 len=23
frame=01 04 12 DC CA 2F C0 28 0C F2 A1 A7 E9 00 0E A2 B5 65 00 AB 8E 5D AD
[2026-04-17 09:25:47] [INFO] [发送] 09:25:47.229 设备ID=12013 module=PERIODIC id=ReadFoupStatus uuid=26 sendCount=1/1 timeout=1000ms crc=30 0C len=8
frame=01 04 00 00 00 09 30 0C
[2026-04-17 09:25:47] [INFO] [接收-帧] 09:25:47.326 设备ID=12013 module=PERIODIC id=ReadFoupStatus uuid=26 len=23
frame=01 04 12 24 4E 8C AA A0 AA 4F 65 EC 7C 31 18 E7 64 E8 32 D3 4E 55 48
[2026-04-17 09:25:48] [INFO] [发送] 09:25:48.322 设备ID=12013 module=PERIODIC id=ReadFoupStatus uuid=26 sendCount=1/1 timeout=1000ms crc=30 0C len=8
frame=01 04 00 00 00 09 30 0C
[2026-04-17 09:25:48] [INFO] [接收-帧] 09:25:48.420 设备ID=12013 module=PERIODIC id=ReadFoupStatus uuid=26 len=23
frame=01 04 12 3F 6E DD 58 3B D4 A7 28 65 BE F9 3C 16 44 67 2B 63 44 E6 45
[2026-04-17 09:25:49] [INFO] [发送] 09:25:49.417 设备ID=12013 module=PERIODIC id=ReadFoupStatus uuid=26 sendCount=1/1 timeout=1000ms crc=30 0C len=8
frame=01 04 00 00 00 09 30 0C
[2026-04-17 09:25:49] [INFO] [接收-帧] 09:25:49.519 设备ID=12013 module=PERIODIC id=ReadFoupStatus uuid=26 len=23
frame=01 04 12 DC 11 FE 89 6E 91 2D C0 5F BC 25 25 4D A3 CD 09 1A 80 9F 64
[2026-04-17 09:25:50] [INFO] [发送] 09:25:50.513 设备ID=12013 module=PERIODIC id=ReadFoupStatus uuid=26 sendCount=1/1 timeout=1000ms crc=30 0C len=8
frame=01 04 00 00 00 09 30 0C
[2026-04-17 09:25:50] [INFO] [接收-帧] 09:25:50.718 设备ID=12013 module=PERIODIC id=ReadFoupStatus uuid=26 len=23
frame=01 04 12 8A F7 71 1E 73 BA 07 D3 CE 0B F3 18 91 FD D5 AB 2A 6E 21 21
[2026-04-17 09:25:51] [INFO] [发送] 09:25:51.720 设备ID=12013 module=PERIODIC id=ReadFoupStatus uuid=26 sendCount=1/1 timeout=1000ms crc=30 0C len=8
frame=01 04 00 00 00 09 30 0C
[2026-04-17 09:25:51] [INFO] [接收-帧] 09:25:51.817 设备ID=12013 module=PERIODIC id=ReadFoupStatus uuid=26 len=23
frame=01 04 12 82 E8 D1 D6 6B F3 0F 1E 8F 5A 48 D9 CE 9D 97 A2 54 AC 26 5F
[2026-04-17 09:25:52] [INFO] [发送] 09:25:52.809 设备ID=12013 module=PERIODIC id=ReadFoupStatus uuid=26 sendCount=1/1 timeout=1000ms crc=30 0C len=8
frame=01 04 00 00 00 09 30 0C
[2026-04-17 09:25:52] [INFO] [接收-帧] 09:25:52.907 设备ID=12013 module=PERIODIC id=ReadFoupStatus uuid=26 len=23
frame=01 04 12 28 9E 86 F0 96 72 AE A5 13 3D D0 E9 01 20 56 89 4E BA FF 57
[2026-04-17 09:25:53] [INFO] [发送] 09:25:53.902 设备ID=12013 module=PERIODIC id=ReadFoupStatus uuid=26 sendCount=1/1 timeout=1000ms crc=30 0C len=8
frame=01 04 00 00 00 09 30 0C
[2026-04-17 09:25:53] [INFO] [接收-帧] 09:25:53.999 设备ID=12013 module=PERIODIC id=ReadFoupStatus uuid=26 len=23
frame=01 04 12 6D 67 28 A5 20 47 4D EE 24 19 1E 6D DD E4 F7 7A 35 A4 CD DA
[2026-04-17 09:25:54] [INFO] [发送] 09:25:54.994 设备ID=12013 module=PERIODIC id=ReadFoupStatus uuid=26 sendCount=1/1 timeout=1000ms crc=30 0C len=8
frame=01 04 00 00 00 09 30 0C
[2026-04-17 09:25:55] [INFO] [接收-帧] 09:25:55.097 设备ID=12013 module=PERIODIC id=ReadFoupStatus uuid=26 len=23
frame=01 04 12 06 60 6A CF 59 D8 A0 9E 93 D8 65 C5 48 76 8D 2E 40 50 7E 64
[2026-04-17 09:25:56] [INFO] [发送] 09:25:56.093 设备ID=12013 module=PERIODIC id=ReadFoupStatus uuid=26 sendCount=1/1 timeout=1000ms crc=30 0C len=8
frame=01 04 00 00 00 09 30 0C
[2026-04-17 09:25:56] [INFO] [接收-帧] 09:25:56.189 设备ID=12013 module=PERIODIC id=ReadFoupStatus uuid=26 len=23
frame=01 04 12 51 6E 4D 39 15 E0 02 CA 97 AC 99 18 2E 11 0B 6A 8C 3D 3F B9
[2026-04-17 09:25:57] [INFO] [发送] 09:25:57.186 设备ID=12013 module=PERIODIC id=ReadFoupStatus uuid=26 sendCount=1/1 timeout=1000ms crc=30 0C len=8
frame=01 04 00 00 00 09 30 0C
[2026-04-17 09:25:57] [INFO] [接收-帧] 09:25:57.284 设备ID=12013 module=PERIODIC id=ReadFoupStatus uuid=26 len=23
frame=01 04 12 6F 47 88 FF C7 6F 37 A4 3F D5 DB 66 A9 BA B5 0E 81 79 3E C2
[2026-04-17 09:25:58] [INFO] [发送] 09:25:58.281 设备ID=12013 module=PERIODIC id=ReadFoupStatus uuid=26 sendCount=1/1 timeout=1000ms crc=30 0C len=8
frame=01 04 00 00 00 09 30 0C
[2026-04-17 09:25:58] [INFO] [接收-帧] 09:25:58.377 设备ID=12013 module=PERIODIC id=ReadFoupStatus uuid=26 len=23
frame=01 04 12 0E 91 A1 02 82 42 35 10 24 EB 0D 62 F0 F6 44 F5 9D 95 48 CA
[2026-04-17 09:25:59] [INFO] [发送] 09:25:59.368 设备ID=12013 module=PERIODIC id=ReadFoupStatus uuid=26 sendCount=1/1 timeout=1000ms crc=30 0C len=8
frame=01 04 00 00 00 09 30 0C
[2026-04-17 09:25:59] [INFO] [接收-帧] 09:25:59.470 设备ID=12013 module=PERIODIC id=ReadFoupStatus uuid=26 len=23
frame=01 04 12 89 89 3E 3F 9C B9 03 4E 70 08 FE 06 96 CB E0 9F D2 AC D1 26
[2026-04-17 09:26:00] [INFO] [发送] 09:26:00.462 设备ID=12013 module=PERIODIC id=ReadFoupStatus uuid=26 sendCount=1/1 timeout=1000ms crc=30 0C len=8
frame=01 04 00 00 00 09 30 0C
[2026-04-17 09:26:00] [INFO] [接收-帧] 09:26:00.573 设备ID=12013 module=PERIODIC id=ReadFoupStatus uuid=26 len=23
frame=01 04 12 BB 2E 37 FA 51 ED 2C 95 19 80 7B C3 57 29 0F 24 F1 E7 11 E7
[2026-04-17 09:26:01] [INFO] [发送] 09:26:01.581 设备ID=12013 module=PERIODIC id=ReadFoupStatus uuid=26 sendCount=1/1 timeout=1000ms crc=30 0C len=8
frame=01 04 00 00 00 09 30 0C
[2026-04-17 09:26:01] [INFO] [接收-帧] 09:26:01.670 设备ID=12013 module=PERIODIC id=ReadFoupStatus uuid=26 len=23
frame=01 04 12 A2 DD 19 91 3C D1 B8 02 E6 3E 9B 7B 10 03 42 F0 72 CD F6 58
[2026-04-17 09:26:02] [INFO] [发送] 09:26:02.679 设备ID=12013 module=PERIODIC id=ReadFoupStatus uuid=26 sendCount=1/1 timeout=1000ms crc=30 0C len=8
frame=01 04 00 00 00 09 30 0C
[2026-04-17 09:26:02] [INFO] [接收-帧] 09:26:02.752 设备ID=12013 module=PERIODIC id=ReadFoupStatus uuid=26 len=23
frame=01 04 12 31 D2 21 3D A2 42 4E 14 3E F3 E8 91 F7 E1 CB BF 55 52 D5 1B
[2026-04-17 09:26:03] [INFO] [发送] 09:26:03.743 设备ID=12013 module=PERIODIC id=ReadFoupStatus uuid=26 sendCount=1/1 timeout=1000ms crc=30 0C len=8
frame=01 04 00 00 00 09 30 0C
[2026-04-17 09:26:03] [INFO] [接收-帧] 09:26:03.848 设备ID=12013 module=PERIODIC id=ReadFoupStatus uuid=26 len=23
frame=01 04 12 72 DC 47 B8 86 FC E5 B5 0B 8C 17 FE B4 07 72 89 E8 9A 00 10
[2026-04-17 09:26:04] [INFO] [发送] 09:26:04.838 设备ID=12013 module=PERIODIC id=ReadFoupStatus uuid=26 sendCount=1/1 timeout=1000ms crc=30 0C len=8
frame=01 04 00 00 00 09 30 0C
[2026-04-17 09:26:04] [INFO] [接收-帧] 09:26:04.996 设备ID=12013 module=PERIODIC id=ReadFoupStatus uuid=26 len=23
frame=01 04 12 F8 6C D7 E4 55 FC 76 C8 50 4A 01 FA 51 E3 DD 86 DF 4F A6 17
[2026-04-17 09:26:05] [INFO] [发送] 09:26:05.993 设备ID=12013 module=PERIODIC id=ReadFoupStatus uuid=26 sendCount=1/1 timeout=1000ms crc=30 0C len=8
frame=01 04 00 00 00 09 30 0C
[2026-04-17 09:26:06] [INFO] [接收-帧] 09:26:06.042 设备ID=12013 module=PERIODIC id=ReadFoupStatus uuid=26 len=23
frame=01 04 12 69 5C A8 7E 6F 87 54 2D 60 0C 73 E9 C6 04 C0 0C 31 FD 69 46
[2026-04-17 09:26:07] [INFO] [发送] 09:26:07.051 设备ID=12013 module=PERIODIC id=ReadFoupStatus uuid=26 sendCount=1/1 timeout=1000ms crc=30 0C len=8
frame=01 04 00 00 00 09 30 0C
[2026-04-17 09:26:07] [INFO] [接收-帧] 09:26:07.128 设备ID=12013 module=PERIODIC id=ReadFoupStatus uuid=26 len=23
frame=01 04 12 DE D1 15 46 24 A7 49 86 43 99 00 98 A8 83 F2 7E 12 F4 32 BD
[2026-04-17 09:26:08] [INFO] [发送] 09:26:08.133 设备ID=12013 module=PERIODIC id=ReadFoupStatus uuid=26 sendCount=1/1 timeout=1000ms crc=30 0C len=8
frame=01 04 00 00 00 09 30 0C
[2026-04-17 09:26:08] [INFO] [接收-帧] 09:26:08.229 设备ID=12013 module=PERIODIC id=ReadFoupStatus uuid=26 len=23
frame=01 04 12 20 D0 6A CA 01 16 5C D7 BE 2B 49 4D 4D EC F5 FE F5 07 BF C7
[2026-04-17 09:26:09] [INFO] [发送] 09:26:09.245 设备ID=12013 module=PERIODIC id=ReadFoupStatus uuid=26 sendCount=1/1 timeout=1000ms crc=30 0C len=8
frame=01 04 00 00 00 09 30 0C
[2026-04-17 09:26:09] [INFO] [接收-帧] 09:26:09.667 设备ID=12013 module=PERIODIC id=ReadFoupStatus uuid=26 len=23
frame=01 04 12 CA E8 41 43 D5 38 40 D4 08 29 DF A4 6B 90 45 D4 42 93 64 45
[2026-04-17 09:26:10] [INFO] [发送] 09:26:10.687 设备ID=12013 module=PERIODIC id=ReadFoupStatus uuid=26 sendCount=1/1 timeout=1000ms crc=30 0C len=8
frame=01 04 00 00 00 09 30 0C
[2026-04-17 09:26:10] [INFO] [接收-帧] 09:26:10.737 设备ID=12013 module=PERIODIC id=ReadFoupStatus uuid=26 len=23
frame=01 04 12 83 9E 14 9B B7 57 7A DC 3A 52 FE 8E E2 C1 B0 C9 3B 84 1A 65
[2026-04-17 09:26:11] [INFO] [发送] 09:26:11.740 设备ID=12013 module=PERIODIC id=ReadFoupStatus uuid=26 sendCount=1/1 timeout=1000ms crc=30 0C len=8
frame=01 04 00 00 00 09 30 0C
[2026-04-17 09:26:11] [INFO] [接收-帧] 09:26:11.825 设备ID=12013 module=PERIODIC id=ReadFoupStatus uuid=26 len=23
frame=01 04 12 3D 2F E8 EA 2D 4C 82 5F F0 FD 1B FF 98 50 B4 D2 F4 C4 D0 49
[2026-04-17 09:26:12] [INFO] [发送] 09:26:12.833 设备ID=12013 module=PERIODIC id=ReadFoupStatus uuid=26 sendCount=1/1 timeout=1000ms crc=30 0C len=8
frame=01 04 00 00 00 09 30 0C
[2026-04-17 09:26:12] [INFO] [接收-帧] 09:26:12.926 设备ID=12013 module=PERIODIC id=ReadFoupStatus uuid=26 len=23
frame=01 04 12 DA A4 41 C9 66 5E FE 5C 00 99 66 03 B5 DC AD F7 7F 46 33 82
[2026-04-17 09:26:13] [INFO] [发送] 09:26:13.920 设备ID=12013 module=PERIODIC id=ReadFoupStatus uuid=26 sendCount=1/1 timeout=1000ms crc=30 0C len=8
frame=01 04 00 00 00 09 30 0C
[2026-04-17 09:26:14] [INFO] [接收-帧] 09:26:14.016 设备ID=12013 module=PERIODIC id=ReadFoupStatus uuid=26 len=23
frame=01 04 12 5A 3F 86 77 F4 ED D4 37 DB 88 EA D9 67 88 F1 43 E1 BE 99 8B
[2026-04-17 09:26:15] [INFO] [发送] 09:26:15.011 设备ID=12013 module=PERIODIC id=ReadFoupStatus uuid=26 sendCount=1/1 timeout=1000ms crc=30 0C len=8
frame=01 04 00 00 00 09 30 0C
[2026-04-17 09:26:15] [INFO] [接收-帧] 09:26:15.116 设备ID=12013 module=PERIODIC id=ReadFoupStatus uuid=26 len=23
frame=01 04 12 14 B0 CC DD D6 40 08 A7 30 CA FB B9 C6 18 0A 2A 2E 2C A8 3A
[2026-04-17 09:26:16] [INFO] [发送] 09:26:16.129 设备ID=12013 module=PERIODIC id=ReadFoupStatus uuid=26 sendCount=1/1 timeout=1000ms crc=30 0C len=8
frame=01 04 00 00 00 09 30 0C
[2026-04-17 09:26:16] [INFO] [接收-帧] 09:26:16.201 设备ID=12013 module=PERIODIC id=ReadFoupStatus uuid=26 len=23
frame=01 04 12 44 D4 18 DF ED F4 3C FA 64 22 EC F1 13 57 83 22 48 A8 AD EE
[2026-04-17 09:26:17] [INFO] [发送] 09:26:17.207 设备ID=12013 module=PERIODIC id=ReadFoupStatus uuid=26 sendCount=1/1 timeout=1000ms crc=30 0C len=8
frame=01 04 00 00 00 09 30 0C
[2026-04-17 09:26:17] [INFO] [接收-帧] 09:26:17.296 设备ID=12013 module=PERIODIC id=ReadFoupStatus uuid=26 len=23
frame=01 04 12 1A 86 1B 07 8D F5 93 FF 92 C9 2C 32 66 10 A1 95 82 7C CC 89
[2026-04-17 09:26:18] [INFO] [发送] 09:26:18.294 设备ID=12013 module=PERIODIC id=ReadFoupStatus uuid=26 sendCount=1/1 timeout=1000ms crc=30 0C len=8
frame=01 04 00 00 00 09 30 0C
[2026-04-17 09:26:18] [INFO] [接收-帧] 09:26:18.391 设备ID=12013 module=PERIODIC id=ReadFoupStatus uuid=26 len=23
frame=01 04 12 7F CF 32 55 06 18 4C 15 BA 01 6E E1 BE 7C 20 65 9A 0C 1F 22
[2026-04-17 09:26:19] [INFO] [发送] 09:26:19.391 设备ID=12013 module=PERIODIC id=ReadFoupStatus uuid=26 sendCount=1/1 timeout=1000ms crc=30 0C len=8
frame=01 04 00 00 00 09 30 0C
[2026-04-17 09:26:19] [INFO] [接收-帧] 09:26:19.509 设备ID=12013 module=PERIODIC id=ReadFoupStatus uuid=26 len=23
frame=01 04 12 45 DA 27 69 30 91 5F 6D 21 B8 9B EB 3B F0 9C AA A8 D7 4D 23
[2026-04-17 09:26:20] [INFO] [发送] 09:26:20.512 设备ID=12013 module=PERIODIC id=ReadFoupStatus uuid=26 sendCount=1/1 timeout=1000ms crc=30 0C len=8
frame=01 04 00 00 00 09 30 0C
[2026-04-17 09:26:20] [INFO] [接收-帧] 09:26:20.581 设备ID=12013 module=PERIODIC id=ReadFoupStatus uuid=26 len=23
frame=01 04 12 FF F2 9D 36 17 53 87 B7 E4 43 F5 C3 DC 0E DA 63 24 65 E3 5D
[2026-04-17 09:26:21] [INFO] [发送] 09:26:21.572 设备ID=12013 module=PERIODIC id=ReadFoupStatus uuid=26 sendCount=1/1 timeout=1000ms crc=30 0C len=8
frame=01 04 00 00 00 09 30 0C
[2026-04-17 09:26:21] [INFO] [接收-帧] 09:26:21.674 设备ID=12013 module=PERIODIC id=ReadFoupStatus uuid=26 len=23
frame=01 04 12 FA E0 A8 4C 8C 6E C5 4A 4C A9 3B 2B 38 D9 67 9F C6 66 20 35
[2026-04-17 09:26:22] [INFO] [发送] 09:26:22.936 设备ID=12013 module=PERIODIC id=ReadFoupStatus uuid=26 sendCount=1/1 timeout=1000ms crc=30 0C len=8
frame=01 04 00 00 00 09 30 0C
[2026-04-17 09:26:22] [INFO] [接收-帧] 09:26:22.991 设备ID=12013 module=PERIODIC id=ReadFoupStatus uuid=26 len=23
frame=01 04 12 97 F9 23 B1 04 7F 97 F2 9D 95 9A 63 56 15 18 4A DC F2 D0 59
[2026-04-17 09:26:23] [INFO] [发送] 09:26:23.990 设备ID=12013 module=PERIODIC id=ReadFoupStatus uuid=26 sendCount=1/1 timeout=1000ms crc=30 0C len=8
frame=01 04 00 00 00 09 30 0C
[2026-04-17 09:26:24] [INFO] [接收-帧] 09:26:24.081 设备ID=12013 module=PERIODIC id=ReadFoupStatus uuid=26 len=23
frame=01 04 12 DF 58 D3 39 9A 7E 1C 5C 63 86 8B 66 81 92 A3 E3 6C E5 A1 1A
[2026-04-17 09:26:25] [INFO] [发送] 09:26:25.612 设备ID=12013 module=PERIODIC id=ReadFoupStatus uuid=26 sendCount=1/1 timeout=1000ms crc=30 0C len=8
frame=01 04 00 00 00 09 30 0C
[2026-04-17 09:26:25] [INFO] [接收-帧] 09:26:25.786 设备ID=12013 module=PERIODIC id=ReadFoupStatus uuid=26 len=23
frame=01 04 12 DC 50 19 8B 79 8C CF 04 E6 C2 5E 84 41 1C 3C 9D 56 4A 04 0C
[2026-04-17 09:26:27] [INFO] [发送] 09:26:27.154 设备ID=12013 module=PERIODIC id=ReadFoupStatus uuid=26 sendCount=1/1 timeout=1000ms crc=30 0C len=8
frame=01 04 00 00 00 09 30 0C
[2026-04-17 09:26:27] [INFO] [接收-帧] 09:26:27.266 设备ID=12013 module=PERIODIC id=ReadFoupStatus uuid=26 len=23
frame=01 04 12 51 04 83 E4 53 2A 3F 2C 0E A9 C6 C6 7A F7 25 8A E1 B8 31 A1
[2026-04-17 09:26:28] [INFO] [发送] 09:26:28.367 设备ID=12013 module=PERIODIC id=ReadFoupStatus uuid=26 sendCount=1/1 timeout=1000ms crc=30 0C len=8
frame=01 04 00 00 00 09 30 0C
[2026-04-17 09:26:28] [INFO] [接收-帧] 09:26:28.478 设备ID=12013 module=PERIODIC id=ReadFoupStatus uuid=26 len=23
frame=01 04 12 99 47 93 96 1B 28 01 2B D4 4D B9 3A 87 37 77 20 A7 F6 7E 0D
[2026-04-17 09:26:29] [INFO] [发送] 09:26:29.488 设备ID=12013 module=PERIODIC id=ReadFoupStatus uuid=26 sendCount=1/1 timeout=1000ms crc=30 0C len=8
frame=01 04 00 00 00 09 30 0C
[2026-04-17 09:26:29] [INFO] [接收-帧] 09:26:29.594 设备ID=12013 module=PERIODIC id=ReadFoupStatus uuid=26 len=23
frame=01 04 12 28 0D 15 88 E3 DB E1 AB 7B FF 80 64 0E 7A AA 16 02 38 80 03
[2026-04-17 09:26:30] [INFO] [发送] 09:26:30.825 设备ID=12013 module=PERIODIC id=ReadFoupStatus uuid=26 sendCount=1/1 timeout=1000ms crc=30 0C len=8
frame=01 04 00 00 00 09 30 0C
[2026-04-17 09:26:30] [INFO] [接收-帧] 09:26:30.861 设备ID=12013 module=PERIODIC id=ReadFoupStatus uuid=26 len=23
frame=01 04 12 8B 0C B1 1B BE 4A EC F1 C8 D3 38 E7 DE 0A D8 05 98 D4 A8 6C
[2026-04-17 09:26:31] [INFO] [发送] 09:26:31.859 设备ID=12013 module=PERIODIC id=ReadFoupStatus uuid=26 sendCount=1/1 timeout=1000ms crc=30 0C len=8
frame=01 04 00 00 00 09 30 0C
[2026-04-17 09:26:31] [INFO] [接收-帧] 09:26:31.979 设备ID=12013 module=PERIODIC id=ReadFoupStatus uuid=26 len=23
frame=01 04 12 A2 86 69 AA EA 45 D7 3E 95 6F F3 43 7C F4 F7 F9 15 0D 32 A6
[2026-04-17 09:26:32] [INFO] [发送] 09:26:32.985 设备ID=12013 module=PERIODIC id=ReadFoupStatus uuid=26 sendCount=1/1 timeout=1000ms crc=30 0C len=8
frame=01 04 00 00 00 09 30 0C
[2026-04-17 09:26:33] [INFO] [接收-帧] 09:26:33.048 设备ID=12013 module=PERIODIC id=ReadFoupStatus uuid=26 len=23
frame=01 04 12 A3 1C 4E CC 6B 8B AF 69 B6 84 0B 2E 4B 30 2B 08 32 2A 84 64
[2026-04-17 09:26:34] [INFO] [发送] 09:26:34.046 设备ID=12013 module=PERIODIC id=ReadFoupStatus uuid=26 sendCount=1/1 timeout=1000ms crc=30 0C len=8
frame=01 04 00 00 00 09 30 0C
[2026-04-17 09:26:34] [INFO] [接收-帧] 09:26:34.162 设备ID=12013 module=PERIODIC id=ReadFoupStatus uuid=26 len=23
frame=01 04 12 78 25 A8 19 EB 74 7F 8C 9B 12 ED 22 7E F1 9E 76 A6 1C 47 7E
[2026-04-17 09:26:35] [INFO] [发送] 09:26:35.151 设备ID=12013 module=PERIODIC id=ReadFoupStatus uuid=26 sendCount=1/1 timeout=1000ms crc=30 0C len=8
frame=01 04 00 00 00 09 30 0C
[2026-04-17 09:26:35] [INFO] [接收-帧] 09:26:35.256 设备ID=12013 module=PERIODIC id=ReadFoupStatus uuid=26 len=23
frame=01 04 12 E3 62 32 B6 C4 5E 55 A1 33 C0 2D DF FF 20 EB 6A 1B FE 35 EB
[2026-04-17 09:26:36] [INFO] [发送] 09:26:36.253 设备ID=12013 module=PERIODIC id=ReadFoupStatus uuid=26 sendCount=1/1 timeout=1000ms crc=30 0C len=8
frame=01 04 00 00 00 09 30 0C
[2026-04-17 09:26:36] [INFO] [接收-帧] 09:26:36.337 设备ID=12013 module=PERIODIC id=ReadFoupStatus uuid=26 len=23
frame=01 04 12 DD 7D 0B D0 91 1E 72 88 42 BB 1C FF F5 03 E0 18 0E 37 01 7E
[2026-04-17 09:26:37] [INFO] [发送] 09:26:37.352 设备ID=12013 module=PERIODIC id=ReadFoupStatus uuid=26 sendCount=1/1 timeout=1000ms crc=30 0C len=8
frame=01 04 00 00 00 09 30 0C
[2026-04-17 09:26:37] [INFO] [接收-帧] 09:26:37.425 设备ID=12013 module=PERIODIC id=ReadFoupStatus uuid=26 len=23
frame=01 04 12 89 E5 13 24 C2 4A D6 33 AB C0 97 31 36 7A 1C D2 CC 14 F0 29
[2026-04-17 09:26:38] [INFO] [发送] 09:26:38.419 设备ID=12013 module=PERIODIC id=ReadFoupStatus uuid=26 sendCount=1/1 timeout=1000ms crc=30 0C len=8
frame=01 04 00 00 00 09 30 0C
[2026-04-17 09:26:38] [INFO] [接收-帧] 09:26:38.562 设备ID=12013 module=PERIODIC id=ReadFoupStatus uuid=26 len=23
frame=01 04 12 9E F3 46 18 32 4E 9F 8B 1B EE 7B 6A 46 B5 05 36 D6 61 13 D4
[2026-04-17 09:26:39] [INFO] [发送] 09:26:39.564 设备ID=12013 module=PERIODIC id=ReadFoupStatus uuid=26 sendCount=1/1 timeout=1000ms crc=30 0C len=8
frame=01 04 00 00 00 09 30 0C
[2026-04-17 09:26:39] [INFO] [接收-帧] 09:26:39.614 设备ID=12013 module=PERIODIC id=ReadFoupStatus uuid=26 len=23
frame=01 04 12 15 C1 77 B4 A5 41 5F 08 BF D0 43 BD 29 E8 B2 84 A5 CD 1F D6
[2026-04-17 09:26:40] [INFO] [发送] 09:26:40.618 设备ID=12013 module=PERIODIC id=ReadFoupStatus uuid=26 sendCount=1/1 timeout=1000ms crc=30 0C len=8
frame=01 04 00 00 00 09 30 0C
[2026-04-17 09:26:40] [INFO] [接收-帧] 09:26:40.707 设备ID=12013 module=PERIODIC id=ReadFoupStatus uuid=26 len=23
frame=01 04 12 51 4A 36 20 83 0D FC 7D BC 7A 46 2E ED 21 94 F0 27 9F BE C1
[2026-04-17 09:26:41] [INFO] [发送] 09:26:41.715 设备ID=12013 module=PERIODIC id=ReadFoupStatus uuid=26 sendCount=1/1 timeout=1000ms crc=30 0C len=8
frame=01 04 00 00 00 09 30 0C
[2026-04-17 09:26:41] [INFO] [接收-帧] 09:26:41.802 设备ID=12013 module=PERIODIC id=ReadFoupStatus uuid=26 len=23
frame=01 04 12 B8 15 52 05 17 35 37 A2 38 91 1E D8 69 27 CE 28 20 3E 80 69
[2026-04-17 09:26:42] [INFO] [发送] 09:26:42.870 设备ID=12013 module=PERIODIC id=ReadFoupStatus uuid=26 sendCount=1/1 timeout=1000ms crc=30 0C len=8
frame=01 04 00 00 00 09 30 0C
[2026-04-17 09:26:42] [INFO] [接收-帧] 09:26:42.935 设备ID=12013 module=PERIODIC id=ReadFoupStatus uuid=26 len=23
frame=01 04 12 47 6A 2E DF 6F E2 E2 3E BA E9 E1 38 8C 9F 1A 23 7F C3 A6 16
[2026-04-17 09:26:43] [INFO] [发送] 09:26:43.940 设备ID=12013 module=PERIODIC id=ReadFoupStatus uuid=26 sendCount=1/1 timeout=1000ms crc=30 0C len=8
frame=01 04 00 00 00 09 30 0C
[2026-04-17 09:26:43] [INFO] [接收-帧] 09:26:43.986 设备ID=12013 module=PERIODIC id=ReadFoupStatus uuid=26 len=23
frame=01 04 12 77 5F 41 04 8B C0 95 32 6F F3 C3 87 EF 85 62 E5 23 8E 74 C8
[2026-04-17 09:26:44] [INFO] [发送] 09:26:44.990 设备ID=12013 module=PERIODIC id=ReadFoupStatus uuid=26 sendCount=1/1 timeout=1000ms crc=30 0C len=8
frame=01 04 00 00 00 09 30 0C
[2026-04-17 09:26:45] [INFO] [接收-帧] 09:26:45.078 设备ID=12013 module=PERIODIC id=ReadFoupStatus uuid=26 len=23
frame=01 04 12 EA 8B 4B 15 C7 E3 E8 A7 09 F9 C7 82 31 39 A7 01 20 A1 43 D4
[2026-04-17 09:26:46] [INFO] [发送] 09:26:46.074 设备ID=12013 module=PERIODIC id=ReadFoupStatus uuid=26 sendCount=1/1 timeout=1000ms crc=30 0C len=8
frame=01 04 00 00 00 09 30 0C
[2026-04-17 09:26:46] [INFO] [接收-帧] 09:26:46.177 设备ID=12013 module=PERIODIC id=ReadFoupStatus uuid=26 len=23
frame=01 04 12 FB 2C 58 9F 32 92 83 7D 0A 71 C1 3C BF A7 D0 DC 5D 13 8A 11
[2026-04-17 09:26:47] [INFO] [发送] 09:26:47.172 设备ID=12013 module=PERIODIC id=ReadFoupStatus uuid=26 sendCount=1/1 timeout=1000ms crc=30 0C len=8
frame=01 04 00 00 00 09 30 0C
[2026-04-17 09:26:47] [INFO] [接收-帧] 09:26:47.266 设备ID=12013 module=PERIODIC id=ReadFoupStatus uuid=26 len=23
frame=01 04 12 AB 70 F6 57 3A 96 66 CC DD 4A 0D 50 14 F4 70 65 37 80 BF 66
[2026-04-17 09:26:48] [INFO] [发送] 09:26:48.268 设备ID=12013 module=PERIODIC id=ReadFoupStatus uuid=26 sendCount=1/1 timeout=1000ms crc=30 0C len=8
frame=01 04 00 00 00 09 30 0C
[2026-04-17 09:26:48] [INFO] [接收-帧] 09:26:48.361 设备ID=12013 module=PERIODIC id=ReadFoupStatus uuid=26 len=23
frame=01 04 12 A1 B5 2F 6C BC 38 CF D7 C6 BB 7B 3D FA EE 5C B7 B9 4B 40 66
[2026-04-17 09:26:49] [INFO] [发送] 09:26:49.355 设备ID=12013 module=PERIODIC id=ReadFoupStatus uuid=26 sendCount=1/1 timeout=1000ms crc=30 0C len=8
frame=01 04 00 00 00 09 30 0C
[2026-04-17 09:26:49] [INFO] [接收-帧] 09:26:49.454 设备ID=12013 module=PERIODIC id=ReadFoupStatus uuid=26 len=23
frame=01 04 12 1F 5B AD 1A 32 41 99 C7 3F 68 1B 96 C1 4C 1D E2 67 50 2F 89
[2026-04-17 09:26:50] [INFO] [发送] 09:26:50.470 设备ID=12013 module=PERIODIC id=ReadFoupStatus uuid=26 sendCount=1/1 timeout=1000ms crc=30 0C len=8
frame=01 04 00 00 00 09 30 0C
[2026-04-17 09:26:50] [INFO] [接收-帧] 09:26:50.593 设备ID=12013 module=PERIODIC id=ReadFoupStatus uuid=26 len=23
frame=01 04 12 58 80 57 FE CA B6 73 B1 3A 74 CA 3F 6B 5C 4B E2 00 74 84 4A
[2026-04-17 09:26:51] [INFO] [发送] 09:26:51.587 设备ID=12013 module=PERIODIC id=ReadFoupStatus uuid=26 sendCount=1/1 timeout=1000ms crc=30 0C len=8
frame=01 04 00 00 00 09 30 0C
[2026-04-17 09:26:51] [INFO] [接收-帧] 09:26:51.638 设备ID=12013 module=PERIODIC id=ReadFoupStatus uuid=26 len=23
frame=01 04 12 41 40 4D 29 94 A4 84 DE A7 16 73 67 5B 91 39 8E 18 24 CC CC
[2026-04-17 09:26:52] [INFO] [发送] 09:26:52.636 设备ID=12013 module=PERIODIC id=ReadFoupStatus uuid=26 sendCount=1/1 timeout=1000ms crc=30 0C len=8
frame=01 04 00 00 00 09 30 0C
[2026-04-17 09:26:52] [INFO] [接收-帧] 09:26:52.735 设备ID=12013 module=PERIODIC id=ReadFoupStatus uuid=26 len=23
frame=01 04 12 86 EA B0 59 5D FF B4 FA 1F B9 CF 07 03 F5 B5 1A 67 54 60 07
[2026-04-17 09:26:53] [INFO] [发送] 09:26:53.735 设备ID=12013 module=PERIODIC id=ReadFoupStatus uuid=26 sendCount=1/1 timeout=1000ms crc=30 0C len=8
frame=01 04 00 00 00 09 30 0C
[2026-04-17 09:26:53] [INFO] [接收-帧] 09:26:53.828 设备ID=12013 module=PERIODIC id=ReadFoupStatus uuid=26 len=23
frame=01 04 12 78 F2 7D B6 DE 6B B6 70 94 2A 34 73 C8 BA 93 A5 35 27 0B 8D
[2026-04-17 09:26:54] [INFO] [发送] 09:26:54.829 设备ID=12013 module=PERIODIC id=ReadFoupStatus uuid=26 sendCount=1/1 timeout=1000ms crc=30 0C len=8
frame=01 04 00 00 00 09 30 0C
[2026-04-17 09:26:54] [INFO] [接收-帧] 09:26:54.924 设备ID=12013 module=PERIODIC id=ReadFoupStatus uuid=26 len=23
frame=01 04 12 2F 82 43 78 5E EE BE 79 29 CA 0A AB 5C 02 F7 69 33 66 C8 3D
[2026-04-17 09:26:55] [INFO] [发送] 09:26:55.917 设备ID=12013 module=PERIODIC id=ReadFoupStatus uuid=26 sendCount=1/1 timeout=1000ms crc=30 0C len=8
frame=01 04 00 00 00 09 30 0C
[2026-04-17 09:26:56] [INFO] [接收-帧] 09:26:56.016 设备ID=12013 module=PERIODIC id=ReadFoupStatus uuid=26 len=23
frame=01 04 12 97 E0 37 BA C0 C2 27 F9 5B 1D 36 F5 71 32 7A 7F 26 4A 20 11
[2026-04-17 09:26:57] [INFO] [发送] 09:26:57.015 设备ID=12013 module=PERIODIC id=ReadFoupStatus uuid=26 sendCount=1/1 timeout=1000ms crc=30 0C len=8
frame=01 04 00 00 00 09 30 0C
[2026-04-17 09:26:57] [INFO] [接收-帧] 09:26:57.110 设备ID=12013 module=PERIODIC id=ReadFoupStatus uuid=26 len=23
frame=01 04 12 A6 77 A5 1D D1 98 08 D8 0A A0 08 42 F1 70 C1 EA E4 47 E0 B7
[2026-04-17 09:26:58] [INFO] [发送] 09:26:58.118 设备ID=12013 module=PERIODIC id=ReadFoupStatus uuid=26 sendCount=1/1 timeout=1000ms crc=30 0C len=8
frame=01 04 00 00 00 09 30 0C
[2026-04-17 09:26:58] [INFO] [接收-帧] 09:26:58.205 设备ID=12013 module=PERIODIC id=ReadFoupStatus uuid=26 len=23
frame=01 04 12 03 6B E3 F9 25 2F A6 DF 56 5E 3A 4A 3C 05 5B 47 5E 16 6C C3
[2026-04-17 09:26:59] [INFO] [发送] 09:26:59.197 设备ID=12013 module=PERIODIC id=ReadFoupStatus uuid=26 sendCount=1/1 timeout=1000ms crc=30 0C len=8
frame=01 04 00 00 00 09 30 0C
[2026-04-17 09:26:59] [INFO] [接收-帧] 09:26:59.296 设备ID=12013 module=PERIODIC id=ReadFoupStatus uuid=26 len=23
frame=01 04 12 73 63 68 43 E1 AC 17 15 A8 EF C4 61 B6 B3 53 DC 8C 8D 41 81
[2026-04-17 09:27:00] [INFO] [发送] 09:27:00.294 设备ID=12013 module=PERIODIC id=ReadFoupStatus uuid=26 sendCount=1/1 timeout=1000ms crc=30 0C len=8
frame=01 04 00 00 00 09 30 0C
[2026-04-17 09:27:00] [INFO] [接收-帧] 09:27:00.387 设备ID=12013 module=PERIODIC id=ReadFoupStatus uuid=26 len=23
frame=01 04 12 F4 86 A4 AD 89 7D 65 32 C9 81 D8 91 13 57 F7 5D 39 74 0F 70
[2026-04-17 09:27:01] [INFO] [发送] 09:27:01.390 设备ID=12013 module=PERIODIC id=ReadFoupStatus uuid=26 sendCount=1/1 timeout=1000ms crc=30 0C len=8
frame=01 04 00 00 00 09 30 0C
[2026-04-17 09:27:01] [INFO] [接收-帧] 09:27:01.487 设备ID=12013 module=PERIODIC id=ReadFoupStatus uuid=26 len=23
frame=01 04 12 B1 19 F8 4D B2 DE 03 24 F7 4C 71 9E 3B 18 A7 FC 1A 95 61 6E
[2026-04-17 09:27:37] [INFO] [发送] 09:27:37.152 设备ID=12013 module=INITIAL id=ReadVersion uuid=25 sendCount=1/4 timeout=1000ms crc=B1 CD len=8
frame=01 04 00 18 00 01 B1 CD
[2026-04-17 09:27:37] [INFO] [接收-帧] 09:27:37.751 设备ID=12013 module=INITIAL id=ReadVersion uuid=25 len=7
frame=01 04 02 00 00 B9 30
[2026-04-17 09:27:37] [INFO] [发送] 09:27:37.751 设备ID=12013 module=PERIODIC id=ReadFoupStatus uuid=26 sendCount=1/1 timeout=1000ms crc=30 0C len=8
frame=01 04 00 00 00 09 30 0C
[2026-04-17 09:27:37] [INFO] [接收-帧] 09:27:37.815 设备ID=12013 module=PERIODIC id=ReadFoupStatus uuid=26 len=23
frame=01 04 12 BE BB 52 62 EE B4 35 E6 CA 90 BF EA 1D 30 D4 27 40 07 36 54
[2026-04-17 09:27:38] [INFO] [发送] 09:27:38.811 设备ID=12013 module=PERIODIC id=ReadFoupStatus uuid=26 sendCount=1/1 timeout=1000ms crc=30 0C len=8
frame=01 04 00 00 00 09 30 0C
[2026-04-17 09:27:38] [INFO] [接收-帧] 09:27:38.906 设备ID=12013 module=PERIODIC id=ReadFoupStatus uuid=26 len=23
frame=01 04 12 0F 81 5E A1 4A 9C C0 30 BB 04 0D A8 3A 14 2B 2A 33 66 DF E2
[2026-04-17 09:27:39] [INFO] [发送] 09:27:39.910 设备ID=12013 module=PERIODIC id=ReadFoupStatus uuid=26 sendCount=1/1 timeout=1000ms crc=30 0C len=8
frame=01 04 00 00 00 09 30 0C
[2026-04-17 09:27:40] [INFO] [接收-帧] 09:27:40.004 设备ID=12013 module=PERIODIC id=ReadFoupStatus uuid=26 len=23
frame=01 04 12 92 C6 1E B2 D2 99 4E 0C 8C 3C 66 1A 7E 29 0F 60 25 80 AE E5
[2026-04-17 09:27:40] [INFO] [发送] 09:27:40.994 设备ID=12013 module=PERIODIC id=ReadFoupStatus uuid=26 sendCount=1/1 timeout=1000ms crc=30 0C len=8
frame=01 04 00 00 00 09 30 0C
[2026-04-17 09:27:41] [INFO] [接收-帧] 09:27:41.096 设备ID=12013 module=PERIODIC id=ReadFoupStatus uuid=26 len=23
frame=01 04 12 AE 07 AD F2 A7 5A 18 5B BF 10 F4 C2 24 E7 A2 77 34 90 A1 3D
[2026-04-17 09:27:42] [INFO] [发送] 09:27:42.100 设备ID=12013 module=PERIODIC id=ReadFoupStatus uuid=26 sendCount=1/1 timeout=1000ms crc=30 0C len=8
frame=01 04 00 00 00 09 30 0C
[2026-04-17 09:27:42] [INFO] [接收-帧] 09:27:42.192 设备ID=12013 module=PERIODIC id=ReadFoupStatus uuid=26 len=23
frame=01 04 12 EA 04 C1 10 53 EF 9E 6B 4E BD E9 CB AA C6 B8 1E 3A B6 A5 69
[2026-04-17 09:27:43] [INFO] [发送] 09:27:43.185 设备ID=12013 module=PERIODIC id=ReadFoupStatus uuid=26 sendCount=1/1 timeout=1000ms crc=30 0C len=8
frame=01 04 00 00 00 09 30 0C
[2026-04-17 09:27:43] [INFO] [接收-帧] 09:27:43.292 设备ID=12013 module=PERIODIC id=ReadFoupStatus uuid=26 len=23
frame=01 04 12 B3 EB 97 39 5F 73 04 F0 85 81 00 46 1C 9A 2E 33 80 34 F0 64
[2026-04-17 09:27:44] [INFO] [发送] 09:27:44.296 设备ID=12013 module=PERIODIC id=ReadFoupStatus uuid=26 sendCount=1/1 timeout=1000ms crc=30 0C len=8
frame=01 04 00 00 00 09 30 0C
[2026-04-17 09:27:44] [INFO] [接收-帧] 09:27:44.387 设备ID=12013 module=PERIODIC id=ReadFoupStatus uuid=26 len=23
frame=01 04 12 53 63 90 CD 03 D9 AB B1 38 1C B5 14 EC 39 DB 9E 19 99 96 0E
[2026-04-17 09:27:45] [INFO] [发送] 09:27:45.392 设备ID=12013 module=PERIODIC id=ReadFoupStatus uuid=26 sendCount=1/1 timeout=1000ms crc=30 0C len=8
frame=01 04 00 00 00 09 30 0C
[2026-04-17 09:27:45] [INFO] [接收-帧] 09:27:45.474 设备ID=12013 module=PERIODIC id=ReadFoupStatus uuid=26 len=23
frame=01 04 12 A4 95 07 8F 33 3D FB E3 F9 65 8A 25 C3 0C C6 43 49 33 4C 57
[2026-04-17 09:27:46] [INFO] [发送] 09:27:46.463 设备ID=12013 module=PERIODIC id=ReadFoupStatus uuid=26 sendCount=1/1 timeout=1000ms crc=30 0C len=8
frame=01 04 00 00 00 09 30 0C
[2026-04-17 09:27:46] [INFO] [接收-帧] 09:27:46.577 设备ID=12013 module=PERIODIC id=ReadFoupStatus uuid=26 len=23
frame=01 04 12 7C 52 19 BF 59 A0 FE 47 F0 58 7C AD 7D BE 1A E7 C5 D9 E9 D5
[2026-04-17 09:27:47] [INFO] [发送] 09:27:47.576 设备ID=12013 module=PERIODIC id=ReadFoupStatus uuid=26 sendCount=1/1 timeout=1000ms crc=30 0C len=8
frame=01 04 00 00 00 09 30 0C
[2026-04-17 09:27:47] [INFO] [接收-帧] 09:27:47.679 设备ID=12013 module=PERIODIC id=ReadFoupStatus uuid=26 len=23
frame=01 04 12 85 77 03 23 C4 14 03 E6 6D 18 97 55 5B 47 E2 E1 AF 21 65 04
[2026-04-17 09:27:48] [INFO] [发送] 09:27:48.687 设备ID=12013 module=PERIODIC id=ReadFoupStatus uuid=26 sendCount=1/1 timeout=1000ms crc=30 0C len=8
frame=01 04 00 00 00 09 30 0C
[2026-04-17 09:27:48] [INFO] [接收-帧] 09:27:48.754 设备ID=12013 module=PERIODIC id=ReadFoupStatus uuid=26 len=23
frame=01 04 12 87 FD 09 F7 A1 21 BF 8D 5F A0 3C D4 9A 72 51 A5 EC C7 13 9A
[2026-04-17 09:27:49] [INFO] [发送] 09:27:49.742 设备ID=12013 module=PERIODIC id=ReadFoupStatus uuid=26 sendCount=1/1 timeout=1000ms crc=30 0C len=8
frame=01 04 00 00 00 09 30 0C
[2026-04-17 09:27:49] [INFO] [接收-帧] 09:27:49.844 设备ID=12013 module=PERIODIC id=ReadFoupStatus uuid=26 len=23
frame=01 04 12 90 D7 E7 F1 35 98 3B CE 6C 50 ED 6E 66 4E D0 1C 23 C9 07 4F
[2026-04-17 09:27:50] [INFO] [发送] 09:27:50.837 设备ID=12013 module=PERIODIC id=ReadFoupStatus uuid=26 sendCount=1/1 timeout=1000ms crc=30 0C len=8
frame=01 04 00 00 00 09 30 0C
[2026-04-17 09:27:50] [INFO] [接收-帧] 09:27:50.942 设备ID=12013 module=PERIODIC id=ReadFoupStatus uuid=26 len=23
frame=01 04 12 2D 16 31 E9 C0 6D 54 D7 44 C8 5F 88 6E 70 D1 17 6F 38 C8 84
[2026-04-17 09:31:33] [INFO] [发送] 09:31:33.980 设备ID=12013 module=INITIAL id=ReadVersion uuid=25 sendCount=1/4 timeout=1000ms crc=B1 CD len=8
frame=01 04 00 18 00 01 B1 CD
[2026-04-17 09:31:34] [INFO] [接收-帧] 09:31:34.318 设备ID=12013 module=INITIAL id=ReadVersion uuid=25 len=7
frame=01 04 02 00 00 B9 30
[2026-04-17 09:31:34] [INFO] [发送] 09:31:34.319 设备ID=12013 module=PERIODIC id=ReadFoupStatus uuid=26 sendCount=1/1 timeout=1000ms crc=30 0C len=8
frame=01 04 00 00 00 09 30 0C
[2026-04-17 09:31:34] [INFO] [接收-帧] 09:31:34.431 设备ID=12013 module=PERIODIC id=ReadFoupStatus uuid=26 len=23
frame=01 04 12 80 7B 36 BD 2C 1E 22 AA 6D 05 E1 70 1D E0 0F D0 15 5A 95 E9
[2026-04-17 09:31:35] [INFO] [发送] 09:31:35.441 设备ID=12013 module=PERIODIC id=ReadFoupStatus uuid=26 sendCount=1/1 timeout=1000ms crc=30 0C len=8
frame=01 04 00 00 00 09 30 0C
[2026-04-17 09:31:35] [INFO] [接收-帧] 09:31:35.522 设备ID=12013 module=PERIODIC id=ReadFoupStatus uuid=26 len=23
frame=01 04 12 F3 BD 62 B3 8C 77 94 90 0A 83 A1 E5 2F 2E C6 30 12 AE BD 13
[2026-04-17 09:31:36] [INFO] [发送] 09:31:36.511 设备ID=12013 module=PERIODIC id=ReadFoupStatus uuid=26 sendCount=1/1 timeout=1000ms crc=30 0C len=8
frame=01 04 00 00 00 09 30 0C
[2026-04-17 09:31:36] [INFO] [接收-帧] 09:31:36.610 设备ID=12013 module=PERIODIC id=ReadFoupStatus uuid=26 len=23
frame=01 04 12 71 EF AF 16 E1 E0 94 D1 C1 B1 0A FC 84 4A A6 CB 18 FE 55 C6
[2026-04-17 09:31:37] [INFO] [发送] 09:31:37.602 设备ID=12013 module=PERIODIC id=ReadFoupStatus uuid=26 sendCount=1/1 timeout=1000ms crc=30 0C len=8
frame=01 04 00 00 00 09 30 0C
[2026-04-17 09:31:37] [INFO] [接收-帧] 09:31:37.725 设备ID=12013 module=PERIODIC id=ReadFoupStatus uuid=26 len=23
frame=01 04 12 FB 86 3B 9C 9E A5 3A 35 01 56 3E C5 B0 B4 19 56 E9 3B 3C 9A
[2026-04-17 09:31:38] [INFO] [发送] 09:31:38.725 设备ID=12013 module=PERIODIC id=ReadFoupStatus uuid=26 sendCount=1/1 timeout=1000ms crc=30 0C len=8
frame=01 04 00 00 00 09 30 0C
[2026-04-17 09:31:38] [INFO] [接收-帧] 09:31:38.808 设备ID=12013 module=PERIODIC id=ReadFoupStatus uuid=26 len=23
frame=01 04 12 DC BA 60 6C 59 B8 3F 10 39 85 70 CA 8D 5B CB DC 4C F3 40 4E
[2026-04-17 09:31:39] [INFO] [发送] 09:31:39.812 设备ID=12013 module=PERIODIC id=ReadFoupStatus uuid=26 sendCount=1/1 timeout=1000ms crc=30 0C len=8
frame=01 04 00 00 00 09 30 0C
[2026-04-17 09:31:39] [INFO] [接收-帧] 09:31:39.899 设备ID=12013 module=PERIODIC id=ReadFoupStatus uuid=26 len=23
frame=01 04 12 2C 71 8E 70 87 AE 62 C0 A2 D8 CB C5 56 8F 3F 8E 20 1A D2 94
[2026-04-17 09:31:40] [INFO] [发送] 09:31:40.904 设备ID=12013 module=PERIODIC id=ReadFoupStatus uuid=26 sendCount=1/1 timeout=1000ms crc=30 0C len=8
frame=01 04 00 00 00 09 30 0C
[2026-04-17 09:31:40] [INFO] [接收-帧] 09:31:40.990 设备ID=12013 module=PERIODIC id=ReadFoupStatus uuid=26 len=23
frame=01 04 12 E2 68 E1 51 49 B2 9A B9 75 29 DD CB 13 E2 9B 6B D9 D7 DD 9E
[2026-04-17 09:31:41] [INFO] [发送] 09:31:41.987 设备ID=12013 module=PERIODIC id=ReadFoupStatus uuid=26 sendCount=1/1 timeout=1000ms crc=30 0C len=8
frame=01 04 00 00 00 09 30 0C
[2026-04-17 09:31:42] [INFO] [接收-帧] 09:31:42.096 设备ID=12013 module=PERIODIC id=ReadFoupStatus uuid=26 len=23
frame=01 04 12 9D 60 FB 4E 09 DD 16 50 C7 B4 FC 46 48 58 32 71 11 FF 57 0F
[2026-04-17 09:31:43] [INFO] [发送] 09:31:43.092 设备ID=12013 module=PERIODIC id=ReadFoupStatus uuid=26 sendCount=1/1 timeout=1000ms crc=30 0C len=8
frame=01 04 00 00 00 09 30 0C
[2026-04-17 09:31:43] [INFO] [接收-帧] 09:31:43.173 设备ID=12013 module=PERIODIC id=ReadFoupStatus uuid=26 len=23
frame=01 04 12 52 EC F4 C1 08 B1 10 71 C0 DD FC 68 AF FE 88 7B 92 45 06 1B
[2026-04-17 09:31:44] [INFO] [发送] 09:31:44.173 设备ID=12013 module=PERIODIC id=ReadFoupStatus uuid=26 sendCount=1/1 timeout=1000ms crc=30 0C len=8
frame=01 04 00 00 00 09 30 0C
[2026-04-17 09:31:44] [INFO] [接收-帧] 09:31:44.271 设备ID=12013 module=PERIODIC id=ReadFoupStatus uuid=26 len=23
frame=01 04 12 7F 66 D8 FD 58 50 26 3F B4 69 11 46 42 EB 76 03 73 AC 9A 92
[2026-04-17 09:31:45] [INFO] [发送] 09:31:45.260 设备ID=12013 module=PERIODIC id=ReadFoupStatus uuid=26 sendCount=1/1 timeout=1000ms crc=30 0C len=8
frame=01 04 00 00 00 09 30 0C
[2026-04-17 09:31:45] [INFO] [接收-帧] 09:31:45.361 设备ID=12013 module=PERIODIC id=ReadFoupStatus uuid=26 len=23
frame=01 04 12 4B 86 A5 7A F1 D2 74 78 F2 A3 D2 7A 23 DB 63 C9 3C DD 78 AA
[2026-04-17 09:31:46] [INFO] [发送] 09:31:46.364 设备ID=12013 module=PERIODIC id=ReadFoupStatus uuid=26 sendCount=1/1 timeout=1000ms crc=30 0C len=8
frame=01 04 00 00 00 09 30 0C
[2026-04-17 09:31:46] [INFO] [接收-帧] 09:31:46.455 设备ID=12013 module=PERIODIC id=ReadFoupStatus uuid=26 len=23
frame=01 04 12 6C F9 8D B1 79 C8 70 07 73 AC 29 79 94 2C D9 2A B3 B3 37 36
[2026-04-17 09:31:47] [INFO] [发送] 09:31:47.449 设备ID=12013 module=PERIODIC id=ReadFoupStatus uuid=26 sendCount=1/1 timeout=1000ms crc=30 0C len=8
frame=01 04 00 00 00 09 30 0C
[2026-04-17 09:31:47] [INFO] [接收-帧] 09:31:47.552 设备ID=12013 module=PERIODIC id=ReadFoupStatus uuid=26 len=23
frame=01 04 12 29 15 22 D2 3E 57 6A 49 ED 5D 34 11 00 EB 5C 76 26 09 63 1F
[2026-04-17 09:31:48] [INFO] [发送] 09:31:48.544 设备ID=12013 module=PERIODIC id=ReadFoupStatus uuid=26 sendCount=1/1 timeout=1000ms crc=30 0C len=8
frame=01 04 00 00 00 09 30 0C
[2026-04-17 09:31:48] [INFO] [接收-帧] 09:31:48.646 设备ID=12013 module=PERIODIC id=ReadFoupStatus uuid=26 len=23
frame=01 04 12 B5 4D 00 6C 6A 09 56 B9 BC D7 1F 31 DE 99 13 DE C5 EF 1A D2
[2026-04-17 09:31:49] [INFO] [发送] 09:31:49.636 设备ID=12013 module=PERIODIC id=ReadFoupStatus uuid=26 sendCount=1/1 timeout=1000ms crc=30 0C len=8
frame=01 04 00 00 00 09 30 0C
[2026-04-17 09:31:49] [INFO] [接收-帧] 09:31:49.741 设备ID=12013 module=PERIODIC id=ReadFoupStatus uuid=26 len=23
frame=01 04 12 0F 56 C1 CC E3 2A DC 67 95 D8 38 F0 E5 EB 46 45 76 28 4B 81
[2026-04-17 09:31:50] [INFO] [发送] 09:31:50.750 设备ID=12013 module=PERIODIC id=ReadFoupStatus uuid=26 sendCount=1/1 timeout=1000ms crc=30 0C len=8
frame=01 04 00 00 00 09 30 0C
[2026-04-17 09:31:50] [INFO] [接收-帧] 09:31:50.836 设备ID=12013 module=PERIODIC id=ReadFoupStatus uuid=26 len=23
frame=01 04 12 71 27 49 87 7B D3 48 68 12 C0 2A AA CE 4F F4 8A AB 07 F2 7A
[2026-04-17 09:31:51] [INFO] [发送] 09:31:51.850 设备ID=12013 module=PERIODIC id=ReadFoupStatus uuid=26 sendCount=1/1 timeout=1000ms crc=30 0C len=8
frame=01 04 00 00 00 09 30 0C
[2026-04-17 09:31:51] [INFO] [接收-帧] 09:31:51.928 设备ID=12013 module=PERIODIC id=ReadFoupStatus uuid=26 len=23
frame=01 04 12 65 D5 73 A1 DE B2 C5 40 2F 05 05 9B 9A 6D 28 0D 8F DB D6 C5
[2026-04-17 09:31:52] [INFO] [发送] 09:31:52.916 设备ID=12013 module=PERIODIC id=ReadFoupStatus uuid=26 sendCount=1/1 timeout=1000ms crc=30 0C len=8
frame=01 04 00 00 00 09 30 0C
[2026-04-17 09:31:53] [INFO] [接收-帧] 09:31:53.030 设备ID=12013 module=PERIODIC id=ReadFoupStatus uuid=26 len=23
frame=01 04 12 97 36 5A 2B 9F 49 B7 D6 8A A7 49 E4 E1 94 6F 2E 25 BB 18 56
[2026-04-17 09:31:54] [INFO] [发送] 09:31:54.034 设备ID=12013 module=PERIODIC id=ReadFoupStatus uuid=26 sendCount=1/1 timeout=1000ms crc=30 0C len=8
frame=01 04 00 00 00 09 30 0C
[2026-04-17 09:31:54] [INFO] [接收-帧] 09:31:54.123 设备ID=12013 module=PERIODIC id=ReadFoupStatus uuid=26 len=23
frame=01 04 12 D1 22 A7 FE E0 12 8B 11 7C 14 74 BC 20 62 0E F3 23 79 2F 52
[2026-04-17 09:31:55] [INFO] [发送] 09:31:55.122 设备ID=12013 module=PERIODIC id=ReadFoupStatus uuid=26 sendCount=1/1 timeout=1000ms crc=30 0C len=8
frame=01 04 00 00 00 09 30 0C
[2026-04-17 09:31:55] [INFO] [接收-帧] 09:31:55.213 设备ID=12013 module=PERIODIC id=ReadFoupStatus uuid=26 len=23
frame=01 04 12 B8 6B 4E 45 B0 00 FE 0C DB 01 30 22 31 78 6C 5E 97 8F 26 3A
[2026-04-17 09:31:56] [INFO] [发送] 09:31:56.219 设备ID=12013 module=PERIODIC id=ReadFoupStatus uuid=26 sendCount=1/1 timeout=1000ms crc=30 0C len=8
frame=01 04 00 00 00 09 30 0C
[2026-04-17 09:31:56] [INFO] [接收-帧] 09:31:56.303 设备ID=12013 module=PERIODIC id=ReadFoupStatus uuid=26 len=23
frame=01 04 12 C0 DD 7B 43 8D D0 28 C5 29 C0 1B 4A 36 FA F8 20 70 76 8F 07
[2026-04-17 09:31:57] [INFO] [发送] 09:31:57.294 设备ID=12013 module=PERIODIC id=ReadFoupStatus uuid=26 sendCount=1/1 timeout=1000ms crc=30 0C len=8
frame=01 04 00 00 00 09 30 0C
[2026-04-17 09:31:57] [INFO] [接收-帧] 09:31:57.398 设备ID=12013 module=PERIODIC id=ReadFoupStatus uuid=26 len=23
frame=01 04 12 E1 73 7F FE 7B 69 14 8E 12 89 CD 2E 5A A5 36 55 94 9F 79 9D
[2026-04-17 09:31:58] [INFO] [发送] 09:31:58.405 设备ID=12013 module=PERIODIC id=ReadFoupStatus uuid=26 sendCount=1/1 timeout=1000ms crc=30 0C len=8
frame=01 04 00 00 00 09 30 0C
[2026-04-17 09:31:58] [INFO] [接收-帧] 09:31:58.488 设备ID=12013 module=PERIODIC id=ReadFoupStatus uuid=26 len=23
frame=01 04 12 E7 6F A7 70 14 4E 02 65 2F AC 0F 7C B7 F1 9E C8 69 4B BB 9C
[2026-04-17 09:31:59] [INFO] [发送] 09:31:59.481 设备ID=12013 module=PERIODIC id=ReadFoupStatus uuid=26 sendCount=1/1 timeout=1000ms crc=30 0C len=8
frame=01 04 00 00 00 09 30 0C
[2026-04-17 09:31:59] [INFO] [接收-帧] 09:31:59.580 设备ID=12013 module=PERIODIC id=ReadFoupStatus uuid=26 len=23
frame=01 04 12 23 1E 0A 0D F6 A4 88 65 B8 C9 BB 97 1E 2D 0C CC A5 7E 6D 01
[2026-04-17 09:32:00] [INFO] [发送] 09:32:00.579 设备ID=12013 module=PERIODIC id=ReadFoupStatus uuid=26 sendCount=1/1 timeout=1000ms crc=30 0C len=8
frame=01 04 00 00 00 09 30 0C
[2026-04-17 09:32:00] [INFO] [接收-帧] 09:32:00.679 设备ID=12013 module=PERIODIC id=ReadFoupStatus uuid=26 len=23
frame=01 04 12 2E 6C C2 46 48 76 39 F9 7A F5 38 9C FB 7B B5 2F 77 5E 5C DF
[2026-04-17 09:32:01] [INFO] [发送] 09:32:01.687 设备ID=12013 module=PERIODIC id=ReadFoupStatus uuid=26 sendCount=1/1 timeout=1000ms crc=30 0C len=8
frame=01 04 00 00 00 09 30 0C
[2026-04-17 09:32:01] [INFO] [接收-帧] 09:32:01.772 设备ID=12013 module=PERIODIC id=ReadFoupStatus uuid=26 len=23
frame=01 04 12 E4 EE AD 81 1A 3E 73 05 88 C6 F8 37 F8 75 27 F6 E8 0E F1 4E
[2026-04-17 09:32:02] [INFO] [发送] 09:32:02.772 设备ID=12013 module=PERIODIC id=ReadFoupStatus uuid=26 sendCount=1/1 timeout=1000ms crc=30 0C len=8
frame=01 04 00 00 00 09 30 0C
[2026-04-17 09:32:02] [INFO] [接收-帧] 09:32:02.866 设备ID=12013 module=PERIODIC id=ReadFoupStatus uuid=26 len=23
frame=01 04 12 9E 00 AA C7 1B AF 71 B3 CA 40 6C E2 27 81 A3 06 56 DC 0D E8
[2026-04-17 09:32:03] [INFO] [发送] 09:32:03.866 设备ID=12013 module=PERIODIC id=ReadFoupStatus uuid=26 sendCount=1/1 timeout=1000ms crc=30 0C len=8
frame=01 04 00 00 00 09 30 0C
[2026-04-17 09:32:03] [INFO] [接收-帧] 09:32:03.960 设备ID=12013 module=PERIODIC id=ReadFoupStatus uuid=26 len=23
frame=01 04 12 3F 7A 29 EF 82 9F 3B D2 F2 E5 B2 FA 3C 1F 89 D4 82 AC 41 D2
