[2026-04-17 09:24:09] [INFO] [发送] 09:24:09.055 设备ID=12009 module=INITIAL id=ReadVersion uuid=17 sendCount=1/4 timeout=1000ms crc=B1 CD len=8
frame=01 04 00 18 00 01 B1 CD
[2026-04-17 09:24:10] [INFO] [发送] 09:24:10.057 设备ID=12009 module=INITIAL id=ReadVersion uuid=17 sendCount=2/4 timeout=1000ms crc=B1 CD len=8
frame=01 04 00 18 00 01 B1 CD
[2026-04-17 09:24:10] [INFO] [接收-帧] 09:24:10.189 设备ID=12009 module=INITIAL id=ReadVersion uuid=17 len=7
frame=01 04 02 00 00 B9 30
[2026-04-17 09:24:10] [INFO] [发送] 09:24:10.190 设备ID=12009 module=PERIODIC id=ReadFoupStatus uuid=18 sendCount=1/1 timeout=1000ms crc=30 0C len=8
frame=01 04 00 00 00 09 30 0C
[2026-04-17 09:24:12] [INFO] [发送] 09:24:12.186 设备ID=12009 module=PERIODIC id=ReadFoupStatus uuid=18 sendCount=1/1 timeout=1000ms crc=30 0C len=8
frame=01 04 00 00 00 09 30 0C
[2026-04-17 09:24:14] [INFO] [发送] 09:24:14.287 设备ID=12009 module=PERIODIC id=ReadFoupStatus uuid=18 sendCount=1/1 timeout=1000ms crc=30 0C len=8
frame=01 04 00 00 00 09 30 0C
[2026-04-17 09:24:16] [INFO] [发送] 09:24:16.283 设备ID=12009 module=PERIODIC id=ReadFoupStatus uuid=18 sendCount=1/1 timeout=1000ms crc=30 0C len=8
frame=01 04 00 00 00 09 30 0C
[2026-04-17 09:24:18] [INFO] [发送] 09:24:18.280 设备ID=12009 module=PERIODIC id=ReadFoupStatus uuid=18 sendCount=1/1 timeout=1000ms crc=30 0C len=8
frame=01 04 00 00 00 09 30 0C
[2026-04-17 09:24:20] [INFO] [发送] 09:24:20.281 设备ID=12009 module=PERIODIC id=ReadFoupStatus uuid=18 sendCount=1/1 timeout=1000ms crc=30 0C len=8
frame=01 04 00 00 00 09 30 0C
[2026-04-17 09:24:22] [INFO] [发送] 09:24:22.295 设备ID=12009 module=PERIODIC id=ReadFoupStatus uuid=18 sendCount=1/1 timeout=1000ms crc=30 0C len=8
frame=01 04 00 00 00 09 30 0C
[2026-04-17 09:24:24] [INFO] [发送] 09:24:24.297 设备ID=12009 module=PERIODIC id=ReadFoupStatus uuid=18 sendCount=1/1 timeout=1000ms crc=30 0C len=8
frame=01 04 00 00 00 09 30 0C
[2026-04-17 09:24:26] [INFO] [发送] 09:24:26.307 设备ID=12009 module=PERIODIC id=ReadFoupStatus uuid=18 sendCount=1/1 timeout=1000ms crc=30 0C len=8
frame=01 04 00 00 00 09 30 0C
[2026-04-17 09:24:28] [INFO] [发送] 09:24:28.311 设备ID=12009 module=PERIODIC id=ReadFoupStatus uuid=18 sendCount=1/1 timeout=1000ms crc=30 0C len=8
frame=01 04 00 00 00 09 30 0C
[2026-04-17 09:24:32] [INFO] [发送] 09:24:32.640 设备ID=12009 module=PERIODIC id=ReadFoupStatus uuid=18 sendCount=1/1 timeout=1000ms crc=30 0C len=8
frame=01 04 00 00 00 09 30 0C
[2026-04-17 09:24:34] [INFO] [发送] 09:24:34.644 设备ID=12009 module=PERIODIC id=ReadFoupStatus uuid=18 sendCount=1/1 timeout=1000ms crc=30 0C len=8
frame=01 04 00 00 00 09 30 0C
[2026-04-17 09:24:36] [INFO] [发送] 09:24:36.641 设备ID=12009 module=PERIODIC id=ReadFoupStatus uuid=18 sendCount=1/1 timeout=1000ms crc=30 0C len=8
frame=01 04 00 00 00 09 30 0C
[2026-04-17 09:24:38] [INFO] [发送] 09:24:38.635 设备ID=12009 module=PERIODIC id=ReadFoupStatus uuid=18 sendCount=1/1 timeout=1000ms crc=30 0C len=8
frame=01 04 00 00 00 09 30 0C
[2026-04-17 09:24:40] [INFO] [发送] 09:24:40.637 设备ID=12009 module=PERIODIC id=ReadFoupStatus uuid=18 sendCount=1/1 timeout=1000ms crc=30 0C len=8
frame=01 04 00 00 00 09 30 0C
[2026-04-17 09:24:42] [INFO] [发送] 09:24:42.633 设备ID=12009 module=PERIODIC id=ReadFoupStatus uuid=18 sendCount=1/1 timeout=1000ms crc=30 0C len=8
frame=01 04 00 00 00 09 30 0C
[2026-04-17 09:24:44] [INFO] [发送] 09:24:44.639 设备ID=12009 module=PERIODIC id=ReadFoupStatus uuid=18 sendCount=1/1 timeout=1000ms crc=30 0C len=8
frame=01 04 00 00 00 09 30 0C
[2026-04-17 09:24:48] [INFO] [发送] 09:24:48.274 设备ID=12009 module=PERIODIC id=ReadFoupStatus uuid=18 sendCount=1/1 timeout=1000ms crc=30 0C len=8
frame=01 04 00 00 00 09 30 0C
[2026-04-17 09:24:48] [INFO] [接收-帧] 09:24:48.402 设备ID=12009 module=PERIODIC id=ReadFoupStatus uuid=18 len=23
frame=01 04 12 6A 34 0C CA 24 CF 6D E7 D1 2F 84 C0 C2 13 91 6D C3 94 4F 3E
[2026-04-17 09:24:49] [INFO] [发送] 09:24:49.400 设备ID=12009 module=PERIODIC id=ReadFoupStatus uuid=18 sendCount=1/1 timeout=1000ms crc=30 0C len=8
frame=01 04 00 00 00 09 30 0C
[2026-04-17 09:24:49] [INFO] [接收-帧] 09:24:49.483 设备ID=12009 module=PERIODIC id=ReadFoupStatus uuid=18 len=23
frame=01 04 12 18 32 EB 01 C3 F5 69 3B AA 37 52 49 00 F0 51 39 CB 91 6C 07
[2026-04-17 09:24:50] [INFO] [发送] 09:24:50.478 设备ID=12009 module=PERIODIC id=ReadFoupStatus uuid=18 sendCount=1/1 timeout=1000ms crc=30 0C len=8
frame=01 04 00 00 00 09 30 0C
[2026-04-17 09:24:50] [INFO] [接收-帧] 09:24:50.578 设备ID=12009 module=PERIODIC id=ReadFoupStatus uuid=18 len=23
frame=01 04 12 84 86 28 61 54 51 1D 93 99 A6 A4 C7 63 80 22 54 F3 10 E5 D7
[2026-04-17 09:24:51] [INFO] [发送] 09:24:51.574 设备ID=12009 module=PERIODIC id=ReadFoupStatus uuid=18 sendCount=1/1 timeout=1000ms crc=30 0C len=8
frame=01 04 00 00 00 09 30 0C
[2026-04-17 09:24:51] [INFO] [接收-帧] 09:24:51.673 设备ID=12009 module=PERIODIC id=ReadFoupStatus uuid=18 len=23
frame=01 04 12 0D 12 85 A8 96 58 15 0E E1 66 23 5F 69 DE 66 0D 31 B2 43 9A
[2026-04-17 09:24:52] [INFO] [发送] 09:24:52.666 设备ID=12009 module=PERIODIC id=ReadFoupStatus uuid=18 sendCount=1/1 timeout=1000ms crc=30 0C len=8
frame=01 04 00 00 00 09 30 0C
[2026-04-17 09:24:52] [INFO] [接收-帧] 09:24:52.766 设备ID=12009 module=PERIODIC id=ReadFoupStatus uuid=18 len=23
frame=01 04 12 94 B9 EC 63 17 78 68 A8 43 19 BD 57 8F A3 19 3E 56 04 23 DC
[2026-04-17 09:24:53] [INFO] [发送] 09:24:53.766 设备ID=12009 module=PERIODIC id=ReadFoupStatus uuid=18 sendCount=1/1 timeout=1000ms crc=30 0C len=8
frame=01 04 00 00 00 09 30 0C
[2026-04-17 09:24:53] [INFO] [接收-帧] 09:24:53.859 设备ID=12009 module=PERIODIC id=ReadFoupStatus uuid=18 len=23
frame=01 04 12 40 82 41 A0 84 21 75 1D 7C 9E FD 29 6E 11 A0 0A D3 2C E7 04
[2026-04-17 09:24:54] [INFO] [发送] 09:24:54.853 设备ID=12009 module=PERIODIC id=ReadFoupStatus uuid=18 sendCount=1/1 timeout=1000ms crc=30 0C len=8
frame=01 04 00 00 00 09 30 0C
[2026-04-17 09:24:54] [INFO] [接收-帧] 09:24:54.952 设备ID=12009 module=PERIODIC id=ReadFoupStatus uuid=18 len=23
frame=01 04 12 68 80 B6 6D BF B7 41 8E E3 12 65 89 4F 02 6B 13 FF BE 2E FD
[2026-04-17 09:24:55] [INFO] [发送] 09:24:55.950 设备ID=12009 module=PERIODIC id=ReadFoupStatus uuid=18 sendCount=1/1 timeout=1000ms crc=30 0C len=8
frame=01 04 00 00 00 09 30 0C
[2026-04-17 09:24:56] [INFO] [接收-帧] 09:24:56.047 设备ID=12009 module=PERIODIC id=ReadFoupStatus uuid=18 len=23
frame=01 04 12 5B 19 21 E2 EF A6 7D 65 66 BB 96 36 6C 33 76 85 64 A9 F7 D9
[2026-04-17 09:24:57] [INFO] [发送] 09:24:57.040 设备ID=12009 module=PERIODIC id=ReadFoupStatus uuid=18 sendCount=1/1 timeout=1000ms crc=30 0C len=8
frame=01 04 00 00 00 09 30 0C
[2026-04-17 09:24:57] [INFO] [接收-帧] 09:24:57.143 设备ID=12009 module=PERIODIC id=ReadFoupStatus uuid=18 len=23
frame=01 04 12 64 FB 4D A9 AC 76 3A DB F6 8C 60 AF 19 E7 75 B6 99 65 97 53
[2026-04-17 09:24:58] [INFO] [发送] 09:24:58.140 设备ID=12009 module=PERIODIC id=ReadFoupStatus uuid=18 sendCount=1/1 timeout=1000ms crc=30 0C len=8
frame=01 04 00 00 00 09 30 0C
[2026-04-17 09:24:58] [INFO] [接收-帧] 09:24:58.235 设备ID=12009 module=PERIODIC id=ReadFoupStatus uuid=18 len=23
frame=01 04 12 84 6F 1F C3 0E DB FF 3D 26 F7 9F 40 A5 68 60 31 20 D5 65 00
[2026-04-17 09:24:59] [INFO] [发送] 09:24:59.234 设备ID=12009 module=PERIODIC id=ReadFoupStatus uuid=18 sendCount=1/1 timeout=1000ms crc=30 0C len=8
frame=01 04 00 00 00 09 30 0C
[2026-04-17 09:24:59] [INFO] [接收-帧] 09:24:59.331 设备ID=12009 module=PERIODIC id=ReadFoupStatus uuid=18 len=23
frame=01 04 12 A8 31 5E 5F 54 F6 0A 09 DD 3C 6E B3 56 D1 CE E1 8E F4 44 4D
[2026-04-17 09:25:00] [INFO] [发送] 09:25:00.321 设备ID=12009 module=PERIODIC id=ReadFoupStatus uuid=18 sendCount=1/1 timeout=1000ms crc=30 0C len=8
frame=01 04 00 00 00 09 30 0C
[2026-04-17 09:25:00] [INFO] [接收-帧] 09:25:00.423 设备ID=12009 module=PERIODIC id=ReadFoupStatus uuid=18 len=23
frame=01 04 12 A6 48 D6 52 E2 89 1D 1B 24 AD 0D D5 42 BB 24 24 79 60 45 AF
[2026-04-17 09:25:01] [INFO] [发送] 09:25:01.421 设备ID=12009 module=PERIODIC id=ReadFoupStatus uuid=18 sendCount=1/1 timeout=1000ms crc=30 0C len=8
frame=01 04 00 00 00 09 30 0C
[2026-04-17 09:25:01] [INFO] [接收-帧] 09:25:01.515 设备ID=12009 module=PERIODIC id=ReadFoupStatus uuid=18 len=23
frame=01 04 12 AA 6A 34 03 0D 3D 85 0F 10 6A 60 82 9F 3D 66 78 8D F9 45 4F
[2026-04-17 09:25:02] [INFO] [发送] 09:25:02.509 设备ID=12009 module=PERIODIC id=ReadFoupStatus uuid=18 sendCount=1/1 timeout=1000ms crc=30 0C len=8
frame=01 04 00 00 00 09 30 0C
[2026-04-17 09:25:02] [INFO] [接收-帧] 09:25:02.606 设备ID=12009 module=PERIODIC id=ReadFoupStatus uuid=18 len=23
frame=01 04 12 D6 07 00 58 BC 33 BF C7 EC C7 93 AF B9 E4 2B 3D A4 D3 51 B9
[2026-04-17 09:25:03] [INFO] [发送] 09:25:03.602 设备ID=12009 module=PERIODIC id=ReadFoupStatus uuid=18 sendCount=1/1 timeout=1000ms crc=30 0C len=8
frame=01 04 00 00 00 09 30 0C
[2026-04-17 09:25:03] [INFO] [接收-帧] 09:25:03.709 设备ID=12009 module=PERIODIC id=ReadFoupStatus uuid=18 len=23
frame=01 04 12 7D 71 B2 B2 B2 D1 7F C9 D3 E9 AB 62 DB 4C 85 EA 71 73 44 AB
[2026-04-17 09:25:04] [INFO] [发送] 09:25:04.696 设备ID=12009 module=PERIODIC id=ReadFoupStatus uuid=18 sendCount=1/1 timeout=1000ms crc=30 0C len=8
frame=01 04 00 00 00 09 30 0C
[2026-04-17 09:25:04] [INFO] [接收-帧] 09:25:04.801 设备ID=12009 module=PERIODIC id=ReadFoupStatus uuid=18 len=23
frame=01 04 12 1D 67 2F 49 0F D2 7C 74 CF 35 8E D5 80 70 84 AE 5D 47 7B EC
[2026-04-17 09:25:05] [INFO] [发送] 09:25:05.793 设备ID=12009 module=PERIODIC id=ReadFoupStatus uuid=18 sendCount=1/1 timeout=1000ms crc=30 0C len=8
frame=01 04 00 00 00 09 30 0C
[2026-04-17 09:25:05] [INFO] [接收-帧] 09:25:05.894 设备ID=12009 module=PERIODIC id=ReadFoupStatus uuid=18 len=23
frame=01 04 12 0A 66 0A 69 FB 08 A4 23 9F 96 D7 10 AD BC D2 E1 10 F4 72 DF
[2026-04-17 09:25:06] [INFO] [发送] 09:25:06.886 设备ID=12009 module=PERIODIC id=ReadFoupStatus uuid=18 sendCount=1/1 timeout=1000ms crc=30 0C len=8
frame=01 04 00 00 00 09 30 0C
[2026-04-17 09:25:06] [INFO] [接收-帧] 09:25:06.984 设备ID=12009 module=PERIODIC id=ReadFoupStatus uuid=18 len=23
frame=01 04 12 FE 4F 64 A0 6B 7F C8 A6 D5 76 02 9A 23 C1 3D D4 9C D7 18 9A
[2026-04-17 09:25:07] [INFO] [发送] 09:25:07.981 设备ID=12009 module=PERIODIC id=ReadFoupStatus uuid=18 sendCount=1/1 timeout=1000ms crc=30 0C len=8
frame=01 04 00 00 00 09 30 0C
[2026-04-17 09:25:08] [INFO] [接收-帧] 09:25:08.077 设备ID=12009 module=PERIODIC id=ReadFoupStatus uuid=18 len=23
frame=01 04 12 47 69 50 6D A7 93 2B B4 C7 CA 13 43 B8 31 28 23 B8 ED 4C AF
[2026-04-17 09:25:09] [INFO] [发送] 09:25:09.078 设备ID=12009 module=PERIODIC id=ReadFoupStatus uuid=18 sendCount=1/1 timeout=1000ms crc=30 0C len=8
frame=01 04 00 00 00 09 30 0C
[2026-04-17 09:25:09] [INFO] [接收-帧] 09:25:09.174 设备ID=12009 module=PERIODIC id=ReadFoupStatus uuid=18 len=23
frame=01 04 12 D5 BF DA FA AF BE E9 3C 3C 29 4A 71 04 10 69 09 BF CE FD AB
[2026-04-17 09:25:10] [INFO] [发送] 09:25:10.168 设备ID=12009 module=PERIODIC id=ReadFoupStatus uuid=18 sendCount=1/1 timeout=1000ms crc=30 0C len=8
frame=01 04 00 00 00 09 30 0C
[2026-04-17 09:25:10] [INFO] [接收-帧] 09:25:10.258 设备ID=12009 module=PERIODIC id=ReadFoupStatus uuid=18 len=23
frame=01 04 12 A6 60 A2 22 64 09 6C 6F 68 AE 2F AE 36 B8 30 F2 3B 7D 33 A6
[2026-04-17 09:25:11] [INFO] [发送] 09:25:11.261 设备ID=12009 module=PERIODIC id=ReadFoupStatus uuid=18 sendCount=1/1 timeout=1000ms crc=30 0C len=8
frame=01 04 00 00 00 09 30 0C
[2026-04-17 09:25:11] [INFO] [接收-帧] 09:25:11.361 设备ID=12009 module=PERIODIC id=ReadFoupStatus uuid=18 len=23
frame=01 04 12 B2 A9 28 48 00 5C F2 9B 9D A5 58 AF B5 7F 6D D5 3C B3 D2 40
[2026-04-17 09:25:12] [INFO] [发送] 09:25:12.355 设备ID=12009 module=PERIODIC id=ReadFoupStatus uuid=18 sendCount=1/1 timeout=1000ms crc=30 0C len=8
frame=01 04 00 00 00 09 30 0C
[2026-04-17 09:25:12] [INFO] [接收-帧] 09:25:12.451 设备ID=12009 module=PERIODIC id=ReadFoupStatus uuid=18 len=23
frame=01 04 12 BC DE 63 4A CB 94 D1 76 88 91 21 61 99 65 25 62 18 D1 12 D6
[2026-04-17 09:25:13] [INFO] [发送] 09:25:13.451 设备ID=12009 module=PERIODIC id=ReadFoupStatus uuid=18 sendCount=1/1 timeout=1000ms crc=30 0C len=8
frame=01 04 00 00 00 09 30 0C
[2026-04-17 09:25:13] [INFO] [接收-帧] 09:25:13.550 设备ID=12009 module=PERIODIC id=ReadFoupStatus uuid=18 len=23
frame=01 04 12 A7 9B 40 12 70 F8 07 5C 38 3F AA 5F 24 DA E5 73 D2 83 BC 14
[2026-04-17 09:25:14] [INFO] [发送] 09:25:14.545 设备ID=12009 module=PERIODIC id=ReadFoupStatus uuid=18 sendCount=1/1 timeout=1000ms crc=30 0C len=8
frame=01 04 00 00 00 09 30 0C
[2026-04-17 09:25:14] [INFO] [接收-帧] 09:25:14.639 设备ID=12009 module=PERIODIC id=ReadFoupStatus uuid=18 len=23
frame=01 04 12 B1 45 9F 2C AE 92 3F 72 20 4B 90 A1 99 3F 5D 0C C2 D2 7A 1F
[2026-04-17 09:25:15] [INFO] [发送] 09:25:15.636 设备ID=12009 module=PERIODIC id=ReadFoupStatus uuid=18 sendCount=1/1 timeout=1000ms crc=30 0C len=8
frame=01 04 00 00 00 09 30 0C
[2026-04-17 09:25:15] [INFO] [接收-帧] 09:25:15.733 设备ID=12009 module=PERIODIC id=ReadFoupStatus uuid=18 len=23
frame=01 04 12 13 14 79 38 69 76 DB 79 61 08 BD 4F 88 AF 08 F3 72 D7 46 18
[2026-04-17 09:25:16] [INFO] [发送] 09:25:16.730 设备ID=12009 module=PERIODIC id=ReadFoupStatus uuid=18 sendCount=1/1 timeout=1000ms crc=30 0C len=8
frame=01 04 00 00 00 09 30 0C
[2026-04-17 09:25:16] [INFO] [接收-帧] 09:25:16.832 设备ID=12009 module=PERIODIC id=ReadFoupStatus uuid=18 len=23
frame=01 04 12 18 40 10 6A 4B 9F 4F 0B E0 D2 38 BA 83 2F BD C2 EE 73 63 D5
[2026-04-17 09:25:17] [INFO] [发送] 09:25:17.829 设备ID=12009 module=PERIODIC id=ReadFoupStatus uuid=18 sendCount=1/1 timeout=1000ms crc=30 0C len=8
frame=01 04 00 00 00 09 30 0C
[2026-04-17 09:25:17] [INFO] [接收-帧] 09:25:17.921 设备ID=12009 module=PERIODIC id=ReadFoupStatus uuid=18 len=23
frame=01 04 12 F5 DE 00 CE 24 D3 C3 8F E7 4E 65 52 B9 D2 99 59 AE B7 8E 3F
[2026-04-17 09:25:18] [INFO] [发送] 09:25:18.929 设备ID=12009 module=PERIODIC id=ReadFoupStatus uuid=18 sendCount=1/1 timeout=1000ms crc=30 0C len=8
frame=01 04 00 00 00 09 30 0C
[2026-04-17 09:25:19] [INFO] [接收-帧] 09:25:19.020 设备ID=12009 module=PERIODIC id=ReadFoupStatus uuid=18 len=23
frame=01 04 12 31 23 8D D5 8B 2A 29 D9 D2 E4 C2 18 E7 20 F5 BD C6 42 1A 0D
[2026-04-17 09:25:20] [INFO] [发送] 09:25:20.008 设备ID=12009 module=PERIODIC id=ReadFoupStatus uuid=18 sendCount=1/1 timeout=1000ms crc=30 0C len=8
frame=01 04 00 00 00 09 30 0C
[2026-04-17 09:25:20] [INFO] [接收-帧] 09:25:20.113 设备ID=12009 module=PERIODIC id=ReadFoupStatus uuid=18 len=23
frame=01 04 12 DC EF 26 13 53 66 08 99 11 29 99 62 76 AC 07 59 80 EC E3 FC
[2026-04-17 09:25:21] [INFO] [发送] 09:25:21.103 设备ID=12009 module=PERIODIC id=ReadFoupStatus uuid=18 sendCount=1/1 timeout=1000ms crc=30 0C len=8
frame=01 04 00 00 00 09 30 0C
[2026-04-17 09:25:21] [INFO] [接收-帧] 09:25:21.205 设备ID=12009 module=PERIODIC id=ReadFoupStatus uuid=18 len=23
frame=01 04 12 D2 4F 9B 1E 70 02 43 79 44 56 0A 81 02 18 A3 2B 20 0D B6 E8
[2026-04-17 09:25:22] [INFO] [发送] 09:25:22.198 设备ID=12009 module=PERIODIC id=ReadFoupStatus uuid=18 sendCount=1/1 timeout=1000ms crc=30 0C len=8
frame=01 04 00 00 00 09 30 0C
[2026-04-17 09:25:22] [INFO] [接收-帧] 09:25:22.300 设备ID=12009 module=PERIODIC id=ReadFoupStatus uuid=18 len=23
frame=01 04 12 70 DA 1A 2A 7F 67 8B 2C 38 0A 39 5A 83 B1 2D 87 9A E9 37 E0
[2026-04-17 09:25:23] [INFO] [发送] 09:25:23.290 设备ID=12009 module=PERIODIC id=ReadFoupStatus uuid=18 sendCount=1/1 timeout=1000ms crc=30 0C len=8
frame=01 04 00 00 00 09 30 0C
[2026-04-17 09:25:23] [INFO] [接收-帧] 09:25:23.393 设备ID=12009 module=PERIODIC id=ReadFoupStatus uuid=18 len=23
frame=01 04 12 38 AE 94 EF 74 81 5A 09 81 D1 87 BC EA 86 09 09 07 4C D5 F0
[2026-04-17 09:25:24] [INFO] [发送] 09:25:24.383 设备ID=12009 module=PERIODIC id=ReadFoupStatus uuid=18 sendCount=1/1 timeout=1000ms crc=30 0C len=8
frame=01 04 00 00 00 09 30 0C
[2026-04-17 09:25:24] [INFO] [接收-帧] 09:25:24.483 设备ID=12009 module=PERIODIC id=ReadFoupStatus uuid=18 len=23
frame=01 04 12 6E C2 FD 88 E9 C5 38 B8 72 DC 86 0A E1 B8 3E 9B 97 2E 96 D4
[2026-04-17 09:25:25] [INFO] [发送] 09:25:25.477 设备ID=12009 module=PERIODIC id=ReadFoupStatus uuid=18 sendCount=1/1 timeout=1000ms crc=30 0C len=8
frame=01 04 00 00 00 09 30 0C
[2026-04-17 09:25:25] [INFO] [接收-帧] 09:25:25.577 设备ID=12009 module=PERIODIC id=ReadFoupStatus uuid=18 len=23
frame=01 04 12 CC 72 26 57 12 3C 0E CC 79 B3 31 F8 74 6A F1 D5 E4 0E 6A 56
[2026-04-17 09:25:26] [INFO] [发送] 09:25:26.578 设备ID=12009 module=PERIODIC id=ReadFoupStatus uuid=18 sendCount=1/1 timeout=1000ms crc=30 0C len=8
frame=01 04 00 00 00 09 30 0C
[2026-04-17 09:25:26] [INFO] [接收-帧] 09:25:26.675 设备ID=12009 module=PERIODIC id=ReadFoupStatus uuid=18 len=23
frame=01 04 12 D5 3F A1 63 0B D2 EB D5 69 06 AD 41 1C 2D BC 14 75 14 B7 8B
[2026-04-17 09:25:27] [INFO] [发送] 09:25:27.667 设备ID=12009 module=PERIODIC id=ReadFoupStatus uuid=18 sendCount=1/1 timeout=1000ms crc=30 0C len=8
frame=01 04 00 00 00 09 30 0C
[2026-04-17 09:25:27] [INFO] [接收-帧] 09:25:27.765 设备ID=12009 module=PERIODIC id=ReadFoupStatus uuid=18 len=23
frame=01 04 12 40 F1 EA 9C A7 9A A3 05 F7 E2 00 EB FA A6 03 48 1E 09 97 35
[2026-04-17 09:25:28] [INFO] [发送] 09:25:28.759 设备ID=12009 module=PERIODIC id=ReadFoupStatus uuid=18 sendCount=1/1 timeout=1000ms crc=30 0C len=8
frame=01 04 00 00 00 09 30 0C
[2026-04-17 09:25:28] [INFO] [接收-帧] 09:25:28.864 设备ID=12009 module=PERIODIC id=ReadFoupStatus uuid=18 len=23
frame=01 04 12 76 EE 71 F9 89 FD 62 3E 36 15 50 11 9E 88 01 BF 18 5C F4 93
[2026-04-17 09:25:29] [INFO] [发送] 09:25:29.853 设备ID=12009 module=PERIODIC id=ReadFoupStatus uuid=18 sendCount=1/1 timeout=1000ms crc=30 0C len=8
frame=01 04 00 00 00 09 30 0C
[2026-04-17 09:25:29] [INFO] [接收-帧] 09:25:29.956 设备ID=12009 module=PERIODIC id=ReadFoupStatus uuid=18 len=23
frame=01 04 12 82 9A 2E A7 58 62 ED 1C 29 17 7B 56 B9 9B 32 B0 58 CF 65 72
[2026-04-17 09:25:30] [INFO] [发送] 09:25:30.948 设备ID=12009 module=PERIODIC id=ReadFoupStatus uuid=18 sendCount=1/1 timeout=1000ms crc=30 0C len=8
frame=01 04 00 00 00 09 30 0C
[2026-04-17 09:25:31] [INFO] [接收-帧] 09:25:31.050 设备ID=12009 module=PERIODIC id=ReadFoupStatus uuid=18 len=23
frame=01 04 12 F3 A5 08 C5 7A 1C 62 46 31 36 21 13 99 B7 77 57 4A B4 30 62
[2026-04-17 09:25:32] [INFO] [发送] 09:25:32.040 设备ID=12009 module=PERIODIC id=ReadFoupStatus uuid=18 sendCount=1/1 timeout=1000ms crc=30 0C len=8
frame=01 04 00 00 00 09 30 0C
[2026-04-17 09:25:32] [INFO] [接收-帧] 09:25:32.145 设备ID=12009 module=PERIODIC id=ReadFoupStatus uuid=18 len=23
frame=01 04 12 3A BD EB 63 45 76 C4 77 AC 76 CA 7A 62 D2 C1 C5 57 A7 2A 66
[2026-04-17 09:25:33] [INFO] [发送] 09:25:33.133 设备ID=12009 module=PERIODIC id=ReadFoupStatus uuid=18 sendCount=1/1 timeout=1000ms crc=30 0C len=8
frame=01 04 00 00 00 09 30 0C
[2026-04-17 09:25:33] [INFO] [接收-帧] 09:25:33.232 设备ID=12009 module=PERIODIC id=ReadFoupStatus uuid=18 len=23
frame=01 04 12 30 15 3E 68 9E 31 1E 91 71 AD 33 7C 71 5B 1E 9E 9A 22 4C E5
[2026-04-17 09:25:34] [INFO] [发送] 09:25:34.235 设备ID=12009 module=PERIODIC id=ReadFoupStatus uuid=18 sendCount=1/1 timeout=1000ms crc=30 0C len=8
frame=01 04 00 00 00 09 30 0C
[2026-04-17 09:25:34] [INFO] [接收-帧] 09:25:34.327 设备ID=12009 module=PERIODIC id=ReadFoupStatus uuid=18 len=23
frame=01 04 12 04 E9 7C AD 34 08 2B EB 33 24 DA 52 18 CA D7 D9 47 21 CD 7B
[2026-04-17 09:25:35] [INFO] [发送] 09:25:35.320 设备ID=12009 module=PERIODIC id=ReadFoupStatus uuid=18 sendCount=1/1 timeout=1000ms crc=30 0C len=8
frame=01 04 00 00 00 09 30 0C
[2026-04-17 09:25:35] [INFO] [接收-帧] 09:25:35.426 设备ID=12009 module=PERIODIC id=ReadFoupStatus uuid=18 len=23
frame=01 04 12 FB E1 EE 0C 4D 98 27 C6 74 02 7A D0 C6 6C 7C D3 5A 00 85 AA
[2026-04-17 09:25:36] [INFO] [发送] 09:25:36.416 设备ID=12009 module=PERIODIC id=ReadFoupStatus uuid=18 sendCount=1/1 timeout=1000ms crc=30 0C len=8
frame=01 04 00 00 00 09 30 0C
[2026-04-17 09:25:36] [INFO] [接收-帧] 09:25:36.515 设备ID=12009 module=PERIODIC id=ReadFoupStatus uuid=18 len=23
frame=01 04 12 18 A1 26 1B 65 D1 C1 08 C5 AD 71 98 DC 12 AA F7 BC E0 85 61
[2026-04-17 09:25:37] [INFO] [发送] 09:25:37.509 设备ID=12009 module=PERIODIC id=ReadFoupStatus uuid=18 sendCount=1/1 timeout=1000ms crc=30 0C len=8
frame=01 04 00 00 00 09 30 0C
[2026-04-17 09:25:37] [INFO] [接收-帧] 09:25:37.612 设备ID=12009 module=PERIODIC id=ReadFoupStatus uuid=18 len=23
frame=01 04 12 99 C6 F1 9B DF 5A AA 90 FD D5 30 7B E8 DA F6 2F E6 6F 8C 73
[2026-04-17 09:25:38] [INFO] [发送] 09:25:38.603 设备ID=12009 module=PERIODIC id=ReadFoupStatus uuid=18 sendCount=1/1 timeout=1000ms crc=30 0C len=8
frame=01 04 00 00 00 09 30 0C
[2026-04-17 09:25:38] [INFO] [接收-帧] 09:25:38.701 设备ID=12009 module=PERIODIC id=ReadFoupStatus uuid=18 len=23
frame=01 04 12 6A 2C 06 D1 45 D5 E2 6F 42 79 CE AA 5B E0 32 68 A1 92 26 05
[2026-04-17 09:25:39] [INFO] [发送] 09:25:39.700 设备ID=12009 module=PERIODIC id=ReadFoupStatus uuid=18 sendCount=1/1 timeout=1000ms crc=30 0C len=8
frame=01 04 00 00 00 09 30 0C
[2026-04-17 09:25:39] [INFO] [接收-帧] 09:25:39.801 设备ID=12009 module=PERIODIC id=ReadFoupStatus uuid=18 len=23
frame=01 04 12 BF 83 D9 C9 BD 10 C5 F4 97 FB 4E 83 81 22 4F 89 C6 EA CF F2
[2026-04-17 09:25:40] [INFO] [发送] 09:25:40.789 设备ID=12009 module=PERIODIC id=ReadFoupStatus uuid=18 sendCount=1/1 timeout=1000ms crc=30 0C len=8
frame=01 04 00 00 00 09 30 0C
[2026-04-17 09:25:40] [INFO] [接收-帧] 09:25:40.892 设备ID=12009 module=PERIODIC id=ReadFoupStatus uuid=18 len=23
frame=01 04 12 3F 5D 82 62 45 FB 8B 1E 89 A6 7D C1 8C 5C 3B 39 A7 E6 B3 B6
[2026-04-17 09:25:41] [INFO] [发送] 09:25:41.884 设备ID=12009 module=PERIODIC id=ReadFoupStatus uuid=18 sendCount=1/1 timeout=1000ms crc=30 0C len=8
frame=01 04 00 00 00 09 30 0C
[2026-04-17 09:25:41] [INFO] [接收-帧] 09:25:41.983 设备ID=12009 module=PERIODIC id=ReadFoupStatus uuid=18 len=23
frame=01 04 12 5D 3B 72 05 A4 6D E4 AB 72 22 4A 43 6C 1F 8B A4 79 1C A4 95
[2026-04-17 09:25:42] [INFO] [发送] 09:25:42.981 设备ID=12009 module=PERIODIC id=ReadFoupStatus uuid=18 sendCount=1/1 timeout=1000ms crc=30 0C len=8
frame=01 04 00 00 00 09 30 0C
[2026-04-17 09:25:43] [INFO] [接收-帧] 09:25:43.077 设备ID=12009 module=PERIODIC id=ReadFoupStatus uuid=18 len=23
frame=01 04 12 31 95 C3 52 3F 0D 4E DE E9 4B D2 2D FF B2 BA 1E E0 3F 7B 41
[2026-04-17 09:25:44] [INFO] [发送] 09:25:44.073 设备ID=12009 module=PERIODIC id=ReadFoupStatus uuid=18 sendCount=1/1 timeout=1000ms crc=30 0C len=8
frame=01 04 00 00 00 09 30 0C
[2026-04-17 09:25:44] [INFO] [接收-帧] 09:25:44.173 设备ID=12009 module=PERIODIC id=ReadFoupStatus uuid=18 len=23
frame=01 04 12 7E 18 B2 45 85 06 1C 20 A0 92 3A CC 93 B7 D5 DC 68 32 B1 51
[2026-04-17 09:25:45] [INFO] [发送] 09:25:45.170 设备ID=12009 module=PERIODIC id=ReadFoupStatus uuid=18 sendCount=1/1 timeout=1000ms crc=30 0C len=8
frame=01 04 00 00 00 09 30 0C
[2026-04-17 09:25:45] [INFO] [接收-帧] 09:25:45.271 设备ID=12009 module=PERIODIC id=ReadFoupStatus uuid=18 len=23
frame=01 04 12 78 02 44 4C 1A 28 75 1F 8B 5B 67 A0 CF 42 4D 41 6B D1 8C A1
[2026-04-17 09:25:46] [INFO] [发送] 09:25:46.259 设备ID=12009 module=PERIODIC id=ReadFoupStatus uuid=18 sendCount=1/1 timeout=1000ms crc=30 0C len=8
frame=01 04 00 00 00 09 30 0C
[2026-04-17 09:25:46] [INFO] [接收-帧] 09:25:46.368 设备ID=12009 module=PERIODIC id=ReadFoupStatus uuid=18 len=23
frame=01 04 12 E0 CC 66 28 6B FF 45 83 45 1F 9A BE ED 75 49 1F F4 C5 81 DB
[2026-04-17 09:25:47] [INFO] [发送] 09:25:47.368 设备ID=12009 module=PERIODIC id=ReadFoupStatus uuid=18 sendCount=1/1 timeout=1000ms crc=30 0C len=8
frame=01 04 00 00 00 09 30 0C
[2026-04-17 09:25:47] [INFO] [接收-帧] 09:25:47.713 设备ID=12009 module=PERIODIC id=ReadFoupStatus uuid=18 len=23
frame=01 04 12 CD 7E 4C 2A D6 6A C6 C3 5C FB F1 12 48 B2 15 6B 98 3B A0 D4
[2026-04-17 09:25:48] [INFO] [发送] 09:25:48.722 设备ID=12009 module=PERIODIC id=ReadFoupStatus uuid=18 sendCount=1/1 timeout=1000ms crc=30 0C len=8
frame=01 04 00 00 00 09 30 0C
[2026-04-17 09:25:48] [INFO] [接收-帧] 09:25:48.767 设备ID=12009 module=PERIODIC id=ReadFoupStatus uuid=18 len=23
frame=01 04 12 A4 F1 35 03 E8 E6 89 17 EC A8 EA 8D 86 70 1D 1B CE 9C 9E C4
[2026-04-17 09:25:49] [INFO] [发送] 09:25:49.759 设备ID=12009 module=PERIODIC id=ReadFoupStatus uuid=18 sendCount=1/1 timeout=1000ms crc=30 0C len=8
frame=01 04 00 00 00 09 30 0C
[2026-04-17 09:25:49] [INFO] [接收-帧] 09:25:49.861 设备ID=12009 module=PERIODIC id=ReadFoupStatus uuid=18 len=23
frame=01 04 12 47 E4 D3 9A 11 BB AF 25 22 3C A2 C5 97 FE 12 D6 4E 8C 2D 6D
[2026-04-17 09:25:50] [INFO] [发送] 09:25:50.855 设备ID=12009 module=PERIODIC id=ReadFoupStatus uuid=18 sendCount=1/1 timeout=1000ms crc=30 0C len=8
frame=01 04 00 00 00 09 30 0C
[2026-04-17 09:25:50] [INFO] [接收-帧] 09:25:50.955 设备ID=12009 module=PERIODIC id=ReadFoupStatus uuid=18 len=23
frame=01 04 12 32 F5 48 B3 E1 50 C8 76 BC A1 0B F2 BB 89 90 75 BC 09 E6 8E
[2026-04-17 09:25:52] [INFO] [发送] 09:25:52.213 设备ID=12009 module=PERIODIC id=ReadFoupStatus uuid=18 sendCount=1/1 timeout=1000ms crc=30 0C len=8
frame=01 04 00 00 00 09 30 0C
[2026-04-17 09:25:52] [INFO] [接收-帧] 09:25:52.276 设备ID=12009 module=PERIODIC id=ReadFoupStatus uuid=18 len=23
frame=01 04 12 11 C7 06 9D F1 C4 90 A6 49 D8 73 2F 9D 03 8E 01 38 0C 8E 18
[2026-04-17 09:25:53] [INFO] [发送] 09:25:53.277 设备ID=12009 module=PERIODIC id=ReadFoupStatus uuid=18 sendCount=1/1 timeout=1000ms crc=30 0C len=8
frame=01 04 00 00 00 09 30 0C
[2026-04-17 09:25:53] [INFO] [接收-帧] 09:25:53.359 设备ID=12009 module=PERIODIC id=ReadFoupStatus uuid=18 len=23
frame=01 04 12 1D 01 FF 9A 2D 27 42 28 BC 1D B3 1A 63 BC FC BF 2F B3 1D E7
[2026-04-17 09:25:54] [INFO] [发送] 09:25:54.354 设备ID=12009 module=PERIODIC id=ReadFoupStatus uuid=18 sendCount=1/1 timeout=1000ms crc=30 0C len=8
frame=01 04 00 00 00 09 30 0C
[2026-04-17 09:25:54] [INFO] [接收-帧] 09:25:54.459 设备ID=12009 module=PERIODIC id=ReadFoupStatus uuid=18 len=23
frame=01 04 12 A0 EA DE 29 FE 6F E4 D7 56 4E 3F 48 CB 3F 19 4B B0 00 82 EB
[2026-04-17 09:25:55] [INFO] [发送] 09:25:55.452 设备ID=12009 module=PERIODIC id=ReadFoupStatus uuid=18 sendCount=1/1 timeout=1000ms crc=30 0C len=8
frame=01 04 00 00 00 09 30 0C
[2026-04-17 09:25:55] [INFO] [接收-帧] 09:25:55.552 设备ID=12009 module=PERIODIC id=ReadFoupStatus uuid=18 len=23
frame=01 04 12 0A 84 B9 EF 74 7C 1F 0C E8 11 31 E4 EB 50 9B 0C A1 36 89 D7
[2026-04-17 09:25:56] [INFO] [发送] 09:25:56.544 设备ID=12009 module=PERIODIC id=ReadFoupStatus uuid=18 sendCount=1/1 timeout=1000ms crc=30 0C len=8
frame=01 04 00 00 00 09 30 0C
[2026-04-17 09:25:56] [INFO] [接收-帧] 09:25:56.650 设备ID=12009 module=PERIODIC id=ReadFoupStatus uuid=18 len=23
frame=01 04 12 66 38 D4 08 C8 5C 45 DD 6F 78 94 C4 B9 D2 E5 7F 5E B1 1B 5A
[2026-04-17 09:25:57] [INFO] [发送] 09:25:57.652 设备ID=12009 module=PERIODIC id=ReadFoupStatus uuid=18 sendCount=1/1 timeout=1000ms crc=30 0C len=8
frame=01 04 00 00 00 09 30 0C
[2026-04-17 09:25:57] [INFO] [接收-帧] 09:25:57.740 设备ID=12009 module=PERIODIC id=ReadFoupStatus uuid=18 len=23
frame=01 04 12 C0 20 3F 75 DA 49 19 C7 33 44 6E EC 67 74 CD 73 19 13 E1 2C
[2026-04-17 09:25:58] [INFO] [发送] 09:25:58.747 设备ID=12009 module=PERIODIC id=ReadFoupStatus uuid=18 sendCount=1/1 timeout=1000ms crc=30 0C len=8
frame=01 04 00 00 00 09 30 0C
[2026-04-17 09:25:58] [INFO] [接收-帧] 09:25:58.833 设备ID=12009 module=PERIODIC id=ReadFoupStatus uuid=18 len=23
frame=01 04 12 65 F4 2A 6E E5 83 39 CF 0F F6 9D 45 AF FB 19 37 F5 51 BE 3B
[2026-04-17 09:25:59] [INFO] [发送] 09:25:59.824 设备ID=12009 module=PERIODIC id=ReadFoupStatus uuid=18 sendCount=1/1 timeout=1000ms crc=30 0C len=8
frame=01 04 00 00 00 09 30 0C
[2026-04-17 09:25:59] [INFO] [接收-帧] 09:25:59.927 设备ID=12009 module=PERIODIC id=ReadFoupStatus uuid=18 len=23
frame=01 04 12 45 AB 19 2E 19 7A 8B E6 B6 14 63 20 5E 8D FA C2 DA 0A 2D 62
[2026-04-17 09:26:00] [INFO] [发送] 09:26:00.929 设备ID=12009 module=PERIODIC id=ReadFoupStatus uuid=18 sendCount=1/1 timeout=1000ms crc=30 0C len=8
frame=01 04 00 00 00 09 30 0C
[2026-04-17 09:26:01] [INFO] [接收-帧] 09:26:01.016 设备ID=12009 module=PERIODIC id=ReadFoupStatus uuid=18 len=23
frame=01 04 12 74 6A 83 35 5A 68 F1 53 84 49 EE 59 6F 54 EB AA 55 23 BA A1
[2026-04-17 09:26:02] [INFO] [发送] 09:26:02.019 设备ID=12009 module=PERIODIC id=ReadFoupStatus uuid=18 sendCount=1/1 timeout=1000ms crc=30 0C len=8
frame=01 04 00 00 00 09 30 0C
[2026-04-17 09:26:02] [INFO] [接收-帧] 09:26:02.112 设备ID=12009 module=PERIODIC id=ReadFoupStatus uuid=18 len=23
frame=01 04 12 83 19 E3 82 AD 54 39 F8 28 D3 D0 89 53 E9 D7 B4 44 E0 5F 1F
[2026-04-17 09:26:03] [INFO] [发送] 09:26:03.116 设备ID=12009 module=PERIODIC id=ReadFoupStatus uuid=18 sendCount=1/1 timeout=1000ms crc=30 0C len=8
frame=01 04 00 00 00 09 30 0C
[2026-04-17 09:26:03] [INFO] [接收-帧] 09:26:03.205 设备ID=12009 module=PERIODIC id=ReadFoupStatus uuid=18 len=23
frame=01 04 12 06 FA F6 C2 41 3E 6C 9C 47 AB 39 5B 89 2F AF 95 C7 DD 7C 2B
[2026-04-17 09:26:04] [INFO] [发送] 09:26:04.200 设备ID=12009 module=PERIODIC id=ReadFoupStatus uuid=18 sendCount=1/1 timeout=1000ms crc=30 0C len=8
frame=01 04 00 00 00 09 30 0C
[2026-04-17 09:26:04] [INFO] [接收-帧] 09:26:04.302 设备ID=12009 module=PERIODIC id=ReadFoupStatus uuid=18 len=23
frame=01 04 12 B9 9C 24 A8 F3 F7 F9 C6 9C 7E AA 5C CA 3C 2C 1B 99 98 06 F4
[2026-04-17 09:26:05] [INFO] [发送] 09:26:05.292 设备ID=12009 module=PERIODIC id=ReadFoupStatus uuid=18 sendCount=1/1 timeout=1000ms crc=30 0C len=8
frame=01 04 00 00 00 09 30 0C
[2026-04-17 09:26:05] [INFO] [接收-帧] 09:26:05.397 设备ID=12009 module=PERIODIC id=ReadFoupStatus uuid=18 len=23
frame=01 04 12 BF CC E2 0F B8 FF 4A 5A CF A5 DB 7D F7 F3 86 11 4F 00 DA 33
[2026-04-17 09:26:06] [INFO] [发送] 09:26:06.392 设备ID=12009 module=PERIODIC id=ReadFoupStatus uuid=18 sendCount=1/1 timeout=1000ms crc=30 0C len=8
frame=01 04 00 00 00 09 30 0C
[2026-04-17 09:26:06] [INFO] [接收-帧] 09:26:06.486 设备ID=12009 module=PERIODIC id=ReadFoupStatus uuid=18 len=23
frame=01 04 12 FC 93 70 16 33 38 C3 EF 67 EC 8B 8C F8 1F C3 EB DC 63 6B 23
[2026-04-17 09:26:07] [INFO] [发送] 09:26:07.485 设备ID=12009 module=PERIODIC id=ReadFoupStatus uuid=18 sendCount=1/1 timeout=1000ms crc=30 0C len=8
frame=01 04 00 00 00 09 30 0C
[2026-04-17 09:26:07] [INFO] [接收-帧] 09:26:07.708 设备ID=12009 module=PERIODIC id=ReadFoupStatus uuid=18 len=23
frame=01 04 12 B4 2C 49 29 D3 48 59 AA F4 A9 A9 08 BB 42 CA 1F 4D D4 E3 C9
[2026-04-17 09:26:08] [INFO] [发送] 09:26:08.697 设备ID=12009 module=PERIODIC id=ReadFoupStatus uuid=18 sendCount=1/1 timeout=1000ms crc=30 0C len=8
frame=01 04 00 00 00 09 30 0C
[2026-04-17 09:26:08] [INFO] [接收-帧] 09:26:08.788 设备ID=12009 module=PERIODIC id=ReadFoupStatus uuid=18 len=23
frame=01 04 12 AC 05 ED 28 F6 13 EA 12 E8 BD 80 40 83 48 BD 9F E2 32 9B A8
[2026-04-17 09:26:09] [INFO] [发送] 09:26:09.806 设备ID=12009 module=PERIODIC id=ReadFoupStatus uuid=18 sendCount=1/1 timeout=1000ms crc=30 0C len=8
frame=01 04 00 00 00 09 30 0C
[2026-04-17 09:26:09] [INFO] [接收-帧] 09:26:09.883 设备ID=12009 module=PERIODIC id=ReadFoupStatus uuid=18 len=23
frame=01 04 12 B9 C6 E7 7C F0 0F E8 3D 11 90 21 05 00 30 02 25 8C 2C 6A D0
[2026-04-17 09:26:10] [INFO] [发送] 09:26:10.886 设备ID=12009 module=PERIODIC id=ReadFoupStatus uuid=18 sendCount=1/1 timeout=1000ms crc=30 0C len=8
frame=01 04 00 00 00 09 30 0C
[2026-04-17 09:26:10] [INFO] [接收-帧] 09:26:10.972 设备ID=12009 module=PERIODIC id=ReadFoupStatus uuid=18 len=23
frame=01 04 12 73 3A 32 68 8F E9 89 1A B1 E6 5B E5 F1 FB 72 21 9C F8 73 33
[2026-04-17 09:26:11] [INFO] [发送] 09:26:11.965 设备ID=12009 module=PERIODIC id=ReadFoupStatus uuid=18 sendCount=1/1 timeout=1000ms crc=30 0C len=8
frame=01 04 00 00 00 09 30 0C
[2026-04-17 09:26:12] [INFO] [接收-帧] 09:26:12.070 设备ID=12009 module=PERIODIC id=ReadFoupStatus uuid=18 len=23
frame=01 04 12 DE 27 23 8E 16 5E 8A D4 AE E5 B9 93 D3 62 39 6A C8 73 AE 36
[2026-04-17 09:26:13] [INFO] [发送] 09:26:13.071 设备ID=12009 module=PERIODIC id=ReadFoupStatus uuid=18 sendCount=1/1 timeout=1000ms crc=30 0C len=8
frame=01 04 00 00 00 09 30 0C
[2026-04-17 09:26:13] [INFO] [接收-帧] 09:26:13.159 设备ID=12009 module=PERIODIC id=ReadFoupStatus uuid=18 len=23
frame=01 04 12 99 CC 42 B7 25 7A D8 5A 4F C7 20 9B 44 F4 55 60 64 5F 42 82
[2026-04-17 09:26:14] [INFO] [发送] 09:26:14.149 设备ID=12009 module=PERIODIC id=ReadFoupStatus uuid=18 sendCount=1/1 timeout=1000ms crc=30 0C len=8
frame=01 04 00 00 00 09 30 0C
[2026-04-17 09:26:14] [INFO] [接收-帧] 09:26:14.252 设备ID=12009 module=PERIODIC id=ReadFoupStatus uuid=18 len=23
frame=01 04 12 0C D3 4A 39 B2 79 CF 25 E7 86 03 2D 0D 11 31 D1 2C 37 66 08
[2026-04-17 09:26:15] [INFO] [发送] 09:26:15.615 设备ID=12009 module=PERIODIC id=ReadFoupStatus uuid=18 sendCount=1/1 timeout=1000ms crc=30 0C len=8
frame=01 04 00 00 00 09 30 0C
[2026-04-17 09:26:15] [INFO] [接收-帧] 09:26:15.712 设备ID=12009 module=PERIODIC id=ReadFoupStatus uuid=18 len=23
frame=01 04 12 B7 9C F0 7B 60 5A CD 00 9D AB E6 DF C2 AC A6 98 47 E5 3D BF
[2026-04-17 09:26:16] [INFO] [发送] 09:26:16.718 设备ID=12009 module=PERIODIC id=ReadFoupStatus uuid=18 sendCount=1/1 timeout=1000ms crc=30 0C len=8
frame=01 04 00 00 00 09 30 0C
[2026-04-17 09:26:16] [INFO] [接收-帧] 09:26:16.772 设备ID=12009 module=PERIODIC id=ReadFoupStatus uuid=18 len=23
frame=01 04 12 1F 8F 75 B3 11 CC 62 69 AB 3C DC 8A EF 7F EB 63 49 E2 B8 E9
[2026-04-17 09:26:17] [INFO] [发送] 09:26:17.768 设备ID=12009 module=PERIODIC id=ReadFoupStatus uuid=18 sendCount=1/1 timeout=1000ms crc=30 0C len=8
frame=01 04 00 00 00 09 30 0C
[2026-04-17 09:26:17] [INFO] [接收-帧] 09:26:17.870 设备ID=12009 module=PERIODIC id=ReadFoupStatus uuid=18 len=23
frame=01 04 12 20 97 27 32 13 41 BA 1F B3 4B CE 76 03 55 D5 F5 5C 0E 18 49
[2026-04-17 09:26:18] [INFO] [发送] 09:26:18.876 设备ID=12009 module=PERIODIC id=ReadFoupStatus uuid=18 sendCount=1/1 timeout=1000ms crc=30 0C len=8
frame=01 04 00 00 00 09 30 0C
[2026-04-17 09:26:18] [INFO] [接收-帧] 09:26:18.959 设备ID=12009 module=PERIODIC id=ReadFoupStatus uuid=18 len=23
frame=01 04 12 21 23 43 F4 02 AA A4 03 32 6E AC 22 B9 05 BB AA 40 CE B8 1D
[2026-04-17 09:26:19] [INFO] [发送] 09:26:19.951 设备ID=12009 module=PERIODIC id=ReadFoupStatus uuid=18 sendCount=1/1 timeout=1000ms crc=30 0C len=8
frame=01 04 00 00 00 09 30 0C
[2026-04-17 09:26:20] [INFO] [接收-帧] 09:26:20.058 设备ID=12009 module=PERIODIC id=ReadFoupStatus uuid=18 len=23
frame=01 04 12 40 D0 A8 7A 42 9E 0A 50 44 EE 40 D3 13 C4 AB 76 92 16 F8 7B
[2026-04-17 09:26:21] [INFO] [发送] 09:26:21.062 设备ID=12009 module=PERIODIC id=ReadFoupStatus uuid=18 sendCount=1/1 timeout=1000ms crc=30 0C len=8
frame=01 04 00 00 00 09 30 0C
[2026-04-17 09:26:21] [INFO] [接收-帧] 09:26:21.144 设备ID=12009 module=PERIODIC id=ReadFoupStatus uuid=18 len=23
frame=01 04 12 ED E0 DE 3E 1A B9 F6 9B C4 8A 97 E6 0D 20 2A 40 35 05 2D F1
[2026-04-17 09:26:22] [INFO] [发送] 09:26:22.149 设备ID=12009 module=PERIODIC id=ReadFoupStatus uuid=18 sendCount=1/1 timeout=1000ms crc=30 0C len=8
frame=01 04 00 00 00 09 30 0C
[2026-04-17 09:26:22] [INFO] [接收-帧] 09:26:22.244 设备ID=12009 module=PERIODIC id=ReadFoupStatus uuid=18 len=23
frame=01 04 12 58 1F 70 CD 02 8F 00 65 EF 39 78 79 AF 69 87 E0 9B BC 20 E7
[2026-04-17 09:26:23] [INFO] [发送] 09:26:23.430 设备ID=12009 module=PERIODIC id=ReadFoupStatus uuid=18 sendCount=1/1 timeout=1000ms crc=30 0C len=8
frame=01 04 00 00 00 09 30 0C
[2026-04-17 09:26:23] [INFO] [接收-帧] 09:26:23.452 设备ID=12009 module=PERIODIC id=ReadFoupStatus uuid=18 len=23
frame=01 04 12 78 77 CF FD 8D F1 F1 83 CB EA B2 92 31 2B 1A 09 E7 45 30 DD
[2026-04-17 09:26:24] [INFO] [发送] 09:26:24.510 设备ID=12009 module=PERIODIC id=ReadFoupStatus uuid=18 sendCount=1/1 timeout=1000ms crc=30 0C len=8
frame=01 04 00 00 00 09 30 0C
[2026-04-17 09:26:24] [INFO] [接收-帧] 09:26:24.535 设备ID=12009 module=PERIODIC id=ReadFoupStatus uuid=18 len=23
frame=01 04 12 32 F8 77 4F 38 F9 1F B6 13 69 6B F2 C2 4B 78 D0 30 7A 24 3A
[2026-04-17 09:26:25] [INFO] [发送] 09:26:25.624 设备ID=12009 module=PERIODIC id=ReadFoupStatus uuid=18 sendCount=1/1 timeout=1000ms crc=30 0C len=8
frame=01 04 00 00 00 09 30 0C
[2026-04-17 09:26:25] [INFO] [接收-帧] 09:26:25.796 设备ID=12009 module=PERIODIC id=ReadFoupStatus uuid=18 len=23
frame=01 04 12 36 5A 53 BE 42 ED 7B F8 A8 62 71 62 01 93 70 A5 C2 80 3E DF
[2026-04-17 09:26:27] [INFO] [发送] 09:26:27.165 设备ID=12009 module=PERIODIC id=ReadFoupStatus uuid=18 sendCount=1/1 timeout=1000ms crc=30 0C len=8
frame=01 04 00 00 00 09 30 0C
[2026-04-17 09:26:27] [INFO] [接收-帧] 09:26:27.272 设备ID=12009 module=PERIODIC id=ReadFoupStatus uuid=18 len=23
frame=01 04 12 52 52 D8 C6 E8 73 D3 FB 68 51 BA 0B B7 8B E2 14 A7 8A B4 1C
[2026-04-17 09:26:28] [INFO] [发送] 09:26:28.379 设备ID=12009 module=PERIODIC id=ReadFoupStatus uuid=18 sendCount=1/1 timeout=1000ms crc=30 0C len=8
frame=01 04 00 00 00 09 30 0C
[2026-04-17 09:26:28] [INFO] [接收-帧] 09:26:28.490 设备ID=12009 module=PERIODIC id=ReadFoupStatus uuid=18 len=23
frame=01 04 12 60 AF 2A 3C 8D 63 0C 7A E1 76 DE C3 17 5F 46 F9 C7 49 80 CB
[2026-04-17 09:26:29] [INFO] [发送] 09:26:29.484 设备ID=12009 module=PERIODIC id=ReadFoupStatus uuid=18 sendCount=1/1 timeout=1000ms crc=30 0C len=8
frame=01 04 00 00 00 09 30 0C
[2026-04-17 09:26:29] [INFO] [接收-帧] 09:26:29.596 设备ID=12009 module=PERIODIC id=ReadFoupStatus uuid=18 len=23
frame=01 04 12 AA A5 24 52 47 FD B4 3A D8 04 E6 77 23 95 F3 4B 4B F4 DC C7
[2026-04-17 09:26:30] [INFO] [发送] 09:26:30.595 设备ID=12009 module=PERIODIC id=ReadFoupStatus uuid=18 sendCount=1/1 timeout=1000ms crc=30 0C len=8
frame=01 04 00 00 00 09 30 0C
[2026-04-17 09:26:30] [INFO] [接收-帧] 09:26:30.818 设备ID=12009 module=PERIODIC id=ReadFoupStatus uuid=18 len=23
frame=01 04 12 A8 65 BF A3 FA 34 FE 8A 24 DC 73 1B C2 DA A3 F6 D5 BB 69 AF
[2026-04-17 09:26:31] [INFO] [发送] 09:26:31.822 设备ID=12009 module=PERIODIC id=ReadFoupStatus uuid=18 sendCount=1/1 timeout=1000ms crc=30 0C len=8
frame=01 04 00 00 00 09 30 0C
[2026-04-17 09:26:31] [INFO] [接收-帧] 09:26:31.857 设备ID=12009 module=PERIODIC id=ReadFoupStatus uuid=18 len=23
frame=01 04 12 36 DB C8 FD A2 E2 E6 58 51 64 94 E7 AB A8 D4 ED B6 77 23 2E
[2026-04-17 09:26:32] [INFO] [发送] 09:26:32.854 设备ID=12009 module=PERIODIC id=ReadFoupStatus uuid=18 sendCount=1/1 timeout=1000ms crc=30 0C len=8
frame=01 04 00 00 00 09 30 0C
[2026-04-17 09:26:32] [INFO] [接收-帧] 09:26:32.953 设备ID=12009 module=PERIODIC id=ReadFoupStatus uuid=18 len=23
frame=01 04 12 10 89 9C 16 42 D9 4E C9 5A 9D 69 CB 39 94 08 A6 22 71 34 4A
[2026-04-17 09:26:33] [INFO] [发送] 09:26:33.949 设备ID=12009 module=PERIODIC id=ReadFoupStatus uuid=18 sendCount=1/1 timeout=1000ms crc=30 0C len=8
frame=01 04 00 00 00 09 30 0C
[2026-04-17 09:26:34] [INFO] [接收-帧] 09:26:34.045 设备ID=12009 module=PERIODIC id=ReadFoupStatus uuid=18 len=23
frame=01 04 12 81 D6 FF 02 48 F5 2A BF 75 B5 57 96 58 C6 EB 82 A1 84 3A 4C
[2026-04-17 09:26:35] [INFO] [发送] 09:26:35.081 设备ID=12009 module=PERIODIC id=ReadFoupStatus uuid=18 sendCount=1/1 timeout=1000ms crc=30 0C len=8
frame=01 04 00 00 00 09 30 0C
[2026-04-17 09:26:35] [INFO] [接收-帧] 09:26:35.140 设备ID=12009 module=PERIODIC id=ReadFoupStatus uuid=18 len=23
frame=01 04 12 42 1C 8D 55 2C 12 2A 15 D3 D4 B3 B4 77 34 7C A3 6F 54 59 37
[2026-04-17 09:26:36] [INFO] [发送] 09:26:36.134 设备ID=12009 module=PERIODIC id=ReadFoupStatus uuid=18 sendCount=1/1 timeout=1000ms crc=30 0C len=8
frame=01 04 00 00 00 09 30 0C
[2026-04-17 09:26:36] [INFO] [接收-帧] 09:26:36.234 设备ID=12009 module=PERIODIC id=ReadFoupStatus uuid=18 len=23
frame=01 04 12 BF 8A 27 4E E1 4C 7A DC 53 81 0F 2D 47 21 74 0A 6E 46 47 02
[2026-04-17 09:26:37] [INFO] [发送] 09:26:37.232 设备ID=12009 module=PERIODIC id=ReadFoupStatus uuid=18 sendCount=1/1 timeout=1000ms crc=30 0C len=8
frame=01 04 00 00 00 09 30 0C
[2026-04-17 09:26:37] [INFO] [接收-帧] 09:26:37.327 设备ID=12009 module=PERIODIC id=ReadFoupStatus uuid=18 len=23
frame=01 04 12 27 4F E8 BE 66 A2 97 AA 21 AF 9C BD 89 5C 92 50 DC 08 4A 17
[2026-04-17 09:26:38] [INFO] [发送] 09:26:38.328 设备ID=12009 module=PERIODIC id=ReadFoupStatus uuid=18 sendCount=1/1 timeout=1000ms crc=30 0C len=8
frame=01 04 00 00 00 09 30 0C
[2026-04-17 09:26:38] [INFO] [接收-帧] 09:26:38.425 设备ID=12009 module=PERIODIC id=ReadFoupStatus uuid=18 len=23
frame=01 04 12 82 53 A5 09 DB 7C 08 93 0A BF 4D 7A 46 42 E2 22 E3 A6 74 FF
[2026-04-17 09:26:39] [INFO] [发送] 09:26:39.419 设备ID=12009 module=PERIODIC id=ReadFoupStatus uuid=18 sendCount=1/1 timeout=1000ms crc=30 0C len=8
frame=01 04 00 00 00 09 30 0C
[2026-04-17 09:26:39] [INFO] [接收-帧] 09:26:39.522 设备ID=12009 module=PERIODIC id=ReadFoupStatus uuid=18 len=23
frame=01 04 12 C6 8B 52 8D 27 40 43 45 23 25 13 FE CB C2 ED A9 03 5D A1 7E
[2026-04-17 09:26:40] [INFO] [发送] 09:26:40.523 设备ID=12009 module=PERIODIC id=ReadFoupStatus uuid=18 sendCount=1/1 timeout=1000ms crc=30 0C len=8
frame=01 04 00 00 00 09 30 0C
[2026-04-17 09:26:40] [INFO] [接收-帧] 09:26:40.618 设备ID=12009 module=PERIODIC id=ReadFoupStatus uuid=18 len=23
frame=01 04 12 12 69 BC D2 FD C4 CA 9E D5 09 2E 94 41 11 DE 37 DB 40 14 A3
[2026-04-17 09:26:41] [INFO] [发送] 09:26:41.713 设备ID=12009 module=PERIODIC id=ReadFoupStatus uuid=18 sendCount=1/1 timeout=1000ms crc=30 0C len=8
frame=01 04 00 00 00 09 30 0C
[2026-04-17 09:26:41] [INFO] [接收-帧] 09:26:41.813 设备ID=12009 module=PERIODIC id=ReadFoupStatus uuid=18 len=23
frame=01 04 12 F4 A9 B7 BF 67 EE 7D 4D 0E 20 26 CD 33 FA 18 31 67 37 18 AC
[2026-04-17 09:26:42] [INFO] [发送] 09:26:42.944 设备ID=12009 module=PERIODIC id=ReadFoupStatus uuid=18 sendCount=1/1 timeout=1000ms crc=30 0C len=8
frame=01 04 00 00 00 09 30 0C
[2026-04-17 09:26:43] [INFO] [接收-帧] 09:26:43.018 设备ID=12009 module=PERIODIC id=ReadFoupStatus uuid=18 len=23
frame=01 04 12 D2 09 F0 19 06 D0 9D 45 60 06 C5 47 7E 10 C5 6F D0 C2 0E 88
[2026-04-17 09:26:44] [INFO] [发送] 09:26:44.012 设备ID=12009 module=PERIODIC id=ReadFoupStatus uuid=18 sendCount=1/1 timeout=1000ms crc=30 0C len=8
frame=01 04 00 00 00 09 30 0C
[2026-04-17 09:26:44] [INFO] [接收-帧] 09:26:44.111 设备ID=12009 module=PERIODIC id=ReadFoupStatus uuid=18 len=23
frame=01 04 12 D2 9E 5F 34 BE E0 78 B8 89 0F 2E E5 C8 AC 9F 32 26 D5 F2 21
[2026-04-17 09:26:45] [INFO] [发送] 09:26:45.104 设备ID=12009 module=PERIODIC id=ReadFoupStatus uuid=18 sendCount=1/1 timeout=1000ms crc=30 0C len=8
frame=01 04 00 00 00 09 30 0C
[2026-04-17 09:26:45] [INFO] [接收-帧] 09:26:45.205 设备ID=12009 module=PERIODIC id=ReadFoupStatus uuid=18 len=23
frame=01 04 12 20 C9 0A BC 3D 91 CA 05 25 B2 88 92 D8 C7 E5 88 87 AE 70 4E
[2026-04-17 09:26:46] [INFO] [发送] 09:26:46.207 设备ID=12009 module=PERIODIC id=ReadFoupStatus uuid=18 sendCount=1/1 timeout=1000ms crc=30 0C len=8
frame=01 04 00 00 00 09 30 0C
[2026-04-17 09:26:46] [INFO] [接收-帧] 09:26:46.298 设备ID=12009 module=PERIODIC id=ReadFoupStatus uuid=18 len=23
frame=01 04 12 94 5F BA F6 49 ED E6 5C AE CA F4 9C 6B C0 CF 21 5A F5 B0 C3
[2026-04-17 09:26:47] [INFO] [发送] 09:26:47.295 设备ID=12009 module=PERIODIC id=ReadFoupStatus uuid=18 sendCount=1/1 timeout=1000ms crc=30 0C len=8
frame=01 04 00 00 00 09 30 0C
[2026-04-17 09:26:47] [INFO] [接收-帧] 09:26:47.395 设备ID=12009 module=PERIODIC id=ReadFoupStatus uuid=18 len=23
frame=01 04 12 31 7C 9D 4D E1 F2 D4 DC 3A A0 C7 1C DD 42 E8 EF 55 72 47 6F
[2026-04-17 09:26:48] [INFO] [发送] 09:26:48.423 设备ID=12009 module=PERIODIC id=ReadFoupStatus uuid=18 sendCount=1/1 timeout=1000ms crc=30 0C len=8
frame=01 04 00 00 00 09 30 0C
[2026-04-17 09:26:48] [INFO] [接收-帧] 09:26:48.483 设备ID=12009 module=PERIODIC id=ReadFoupStatus uuid=18 len=23
frame=01 04 12 7B D6 98 72 1B 4F 31 03 90 D6 ED 95 92 9A 60 BE E9 40 85 26
[2026-04-17 09:26:49] [INFO] [发送] 09:26:49.492 设备ID=12009 module=PERIODIC id=ReadFoupStatus uuid=18 sendCount=1/1 timeout=1000ms crc=30 0C len=8
frame=01 04 00 00 00 09 30 0C
[2026-04-17 09:26:49] [INFO] [接收-帧] 09:26:49.591 设备ID=12009 module=PERIODIC id=ReadFoupStatus uuid=18 len=23
frame=01 04 12 02 D2 4A F0 00 FB 9F 7D 29 51 5B 30 81 F2 F4 85 7C 02 B0 C3
[2026-04-17 09:26:50] [INFO] [发送] 09:26:50.610 设备ID=12009 module=PERIODIC id=ReadFoupStatus uuid=18 sendCount=1/1 timeout=1000ms crc=30 0C len=8
frame=01 04 00 00 00 09 30 0C
[2026-04-17 09:26:50] [INFO] [接收-帧] 09:26:50.671 设备ID=12009 module=PERIODIC id=ReadFoupStatus uuid=18 len=23
frame=01 04 12 91 2E 80 27 F1 93 CB 28 F3 21 96 D0 5D 7A 7F FA 9D FA 2F C9
[2026-04-17 09:26:51] [INFO] [发送] 09:26:51.670 设备ID=12009 module=PERIODIC id=ReadFoupStatus uuid=18 sendCount=1/1 timeout=1000ms crc=30 0C len=8
frame=01 04 00 00 00 09 30 0C
[2026-04-17 09:26:51] [INFO] [接收-帧] 09:26:51.799 设备ID=12009 module=PERIODIC id=ReadFoupStatus uuid=18 len=23
frame=01 04 12 1E 3C 6A D3 AD B0 F7 32 32 53 1A 49 C2 7E 95 69 BC C7 79 F0
[2026-04-17 09:26:52] [INFO] [发送] 09:26:52.798 设备ID=12009 module=PERIODIC id=ReadFoupStatus uuid=18 sendCount=1/1 timeout=1000ms crc=30 0C len=8
frame=01 04 00 00 00 09 30 0C
[2026-04-17 09:26:52] [INFO] [接收-帧] 09:26:52.857 设备ID=12009 module=PERIODIC id=ReadFoupStatus uuid=18 len=23
frame=01 04 12 87 C4 40 E7 8B F4 93 A7 56 B6 34 FC 15 15 C6 77 16 55 CF F8
[2026-04-17 09:26:53] [INFO] [发送] 09:26:53.870 设备ID=12009 module=PERIODIC id=ReadFoupStatus uuid=18 sendCount=1/1 timeout=1000ms crc=30 0C len=8
frame=01 04 00 00 00 09 30 0C
[2026-04-17 09:26:53] [INFO] [接收-帧] 09:26:53.954 设备ID=12009 module=PERIODIC id=ReadFoupStatus uuid=18 len=23
frame=01 04 12 F4 1F A6 8B 09 8A 33 08 DD 1E 7E 11 F1 3D 73 EE 5F 97 54 0B
[2026-04-17 09:26:54] [INFO] [发送] 09:26:54.949 设备ID=12009 module=PERIODIC id=ReadFoupStatus uuid=18 sendCount=1/1 timeout=1000ms crc=30 0C len=8
frame=01 04 00 00 00 09 30 0C
[2026-04-17 09:26:55] [INFO] [接收-帧] 09:26:55.093 设备ID=12009 module=PERIODIC id=ReadFoupStatus uuid=18 len=23
frame=01 04 12 59 9C CF 60 1A 4F E2 05 CF A6 E2 19 29 FF 32 BF 2F 4A 92 75
[2026-04-17 09:26:56] [INFO] [发送] 09:26:56.099 设备ID=12009 module=PERIODIC id=ReadFoupStatus uuid=18 sendCount=1/1 timeout=1000ms crc=30 0C len=8
frame=01 04 00 00 00 09 30 0C
[2026-04-17 09:26:56] [INFO] [接收-帧] 09:26:56.153 设备ID=12009 module=PERIODIC id=ReadFoupStatus uuid=18 len=23
frame=01 04 12 78 D0 7D F4 15 BF 13 1B C8 CB 57 C0 DF F5 3E B4 64 8C 47 53
[2026-04-17 09:26:57] [INFO] [发送] 09:26:57.157 设备ID=12009 module=PERIODIC id=ReadFoupStatus uuid=18 sendCount=1/1 timeout=1000ms crc=30 0C len=8
frame=01 04 00 00 00 09 30 0C
[2026-04-17 09:26:57] [INFO] [接收-帧] 09:26:57.240 设备ID=12009 module=PERIODIC id=ReadFoupStatus uuid=18 len=23
frame=01 04 12 B4 35 51 E0 B8 F9 AE 38 1E 5C 83 72 70 DB D5 61 4C FB C0 0C
[2026-04-17 09:26:58] [INFO] [发送] 09:26:58.247 设备ID=12009 module=PERIODIC id=ReadFoupStatus uuid=18 sendCount=1/1 timeout=1000ms crc=30 0C len=8
frame=01 04 00 00 00 09 30 0C
[2026-04-17 09:26:58] [INFO] [接收-帧] 09:26:58.328 设备ID=12009 module=PERIODIC id=ReadFoupStatus uuid=18 len=23
frame=01 04 12 46 3A 1D F7 C0 C5 D2 C9 17 0B 37 09 C7 A1 42 14 54 63 45 8E
[2026-04-17 09:26:59] [INFO] [发送] 09:26:59.323 设备ID=12009 module=PERIODIC id=ReadFoupStatus uuid=18 sendCount=1/1 timeout=1000ms crc=30 0C len=8
frame=01 04 00 00 00 09 30 0C
[2026-04-17 09:26:59] [INFO] [接收-帧] 09:26:59.420 设备ID=12009 module=PERIODIC id=ReadFoupStatus uuid=18 len=23
frame=01 04 12 D5 11 C3 0E AF C0 68 AD 3D C7 6D E9 25 6A CC 76 F3 77 C6 81
[2026-04-17 09:27:00] [INFO] [发送] 09:27:00.419 设备ID=12009 module=PERIODIC id=ReadFoupStatus uuid=18 sendCount=1/1 timeout=1000ms crc=30 0C len=8
frame=01 04 00 00 00 09 30 0C
[2026-04-17 09:27:00] [INFO] [接收-帧] 09:27:00.516 设备ID=12009 module=PERIODIC id=ReadFoupStatus uuid=18 len=23
frame=01 04 12 C9 8C 92 B3 06 13 9B 4F A7 D0 FE E1 68 19 4A 24 B9 05 C9 2F
[2026-04-17 09:27:01] [INFO] [发送] 09:27:01.510 设备ID=12009 module=PERIODIC id=ReadFoupStatus uuid=18 sendCount=1/1 timeout=1000ms crc=30 0C len=8
frame=01 04 00 00 00 09 30 0C
[2026-04-17 09:27:01] [INFO] [接收-帧] 09:27:01.612 设备ID=12009 module=PERIODIC id=ReadFoupStatus uuid=18 len=23
frame=01 04 12 1E 7E 51 40 82 90 AF B4 ED D9 97 98 AB 97 F3 AE 4C 16 F2 1C
[2026-04-17 09:27:37] [INFO] [发送] 09:27:37.140 设备ID=12009 module=INITIAL id=ReadVersion uuid=17 sendCount=1/4 timeout=1000ms crc=B1 CD len=8
frame=01 04 00 18 00 01 B1 CD
[2026-04-17 09:27:37] [INFO] [接收-帧] 09:27:37.763 设备ID=12009 module=INITIAL id=ReadVersion uuid=17 len=7
frame=01 04 02 00 00 B9 30
[2026-04-17 09:27:37] [INFO] [发送] 09:27:37.763 设备ID=12009 module=PERIODIC id=ReadFoupStatus uuid=18 sendCount=1/1 timeout=1000ms crc=30 0C len=8
frame=01 04 00 00 00 09 30 0C
[2026-04-17 09:27:37] [INFO] [接收-帧] 09:27:37.785 设备ID=12009 module=PERIODIC id=ReadFoupStatus uuid=18 len=23
frame=01 04 12 A4 93 4F CB D3 CC 6F 0B F5 6C 85 95 B8 79 35 27 1D BF A0 D4
[2026-04-17 09:27:38] [INFO] [发送] 09:27:38.774 设备ID=12009 module=PERIODIC id=ReadFoupStatus uuid=18 sendCount=1/1 timeout=1000ms crc=30 0C len=8
frame=01 04 00 00 00 09 30 0C
[2026-04-17 09:27:38] [INFO] [接收-帧] 09:27:38.878 设备ID=12009 module=PERIODIC id=ReadFoupStatus uuid=18 len=23
frame=01 04 12 88 1C CF 13 CE 1F DB 52 14 0B C1 45 CC 6D 85 91 4E 70 B0 15
[2026-04-17 09:27:39] [INFO] [发送] 09:27:39.868 设备ID=12009 module=PERIODIC id=ReadFoupStatus uuid=18 sendCount=1/1 timeout=1000ms crc=30 0C len=8
frame=01 04 00 00 00 09 30 0C
[2026-04-17 09:27:39] [INFO] [接收-帧] 09:27:39.974 设备ID=12009 module=PERIODIC id=ReadFoupStatus uuid=18 len=23
frame=01 04 12 3B E8 46 66 65 1B 37 CF FF 1D F0 40 62 33 B6 3A 98 98 16 F8
[2026-04-17 09:27:40] [INFO] [发送] 09:27:40.962 设备ID=12009 module=PERIODIC id=ReadFoupStatus uuid=18 sendCount=1/1 timeout=1000ms crc=30 0C len=8
frame=01 04 00 00 00 09 30 0C
[2026-04-17 09:27:41] [INFO] [接收-帧] 09:27:41.069 设备ID=12009 module=PERIODIC id=ReadFoupStatus uuid=18 len=23
frame=01 04 12 73 D0 0A 16 17 AE 92 0C 9E 06 E2 D6 BB 61 41 CE A0 D9 7A 7A
[2026-04-17 09:27:42] [INFO] [发送] 09:27:42.065 设备ID=12009 module=PERIODIC id=ReadFoupStatus uuid=18 sendCount=1/1 timeout=1000ms crc=30 0C len=8
frame=01 04 00 00 00 09 30 0C
[2026-04-17 09:27:42] [INFO] [接收-帧] 09:27:42.161 设备ID=12009 module=PERIODIC id=ReadFoupStatus uuid=18 len=23
frame=01 04 12 6D 4A 84 BD 32 74 40 5E 39 BE 84 6A AA 17 62 38 22 9C F4 27
[2026-04-17 09:27:43] [INFO] [发送] 09:27:43.149 设备ID=12009 module=PERIODIC id=ReadFoupStatus uuid=18 sendCount=1/1 timeout=1000ms crc=30 0C len=8
frame=01 04 00 00 00 09 30 0C
[2026-04-17 09:27:43] [INFO] [接收-帧] 09:27:43.255 设备ID=12009 module=PERIODIC id=ReadFoupStatus uuid=18 len=23
frame=01 04 12 57 06 BE 89 4D F3 9C F5 64 C4 B5 1C E8 FF FE 16 C5 C7 82 91
[2026-04-17 09:27:44] [INFO] [发送] 09:27:44.253 设备ID=12009 module=PERIODIC id=ReadFoupStatus uuid=18 sendCount=1/1 timeout=1000ms crc=30 0C len=8
frame=01 04 00 00 00 09 30 0C
[2026-04-17 09:27:44] [INFO] [接收-帧] 09:27:44.345 设备ID=12009 module=PERIODIC id=ReadFoupStatus uuid=18 len=23
frame=01 04 12 B4 EF B5 DD D8 71 2F E8 69 8F C2 91 51 19 2F FE 20 AA 64 06
[2026-04-17 09:27:45] [INFO] [发送] 09:27:45.337 设备ID=12009 module=PERIODIC id=ReadFoupStatus uuid=18 sendCount=1/1 timeout=1000ms crc=30 0C len=8
frame=01 04 00 00 00 09 30 0C
[2026-04-17 09:27:45] [INFO] [接收-帧] 09:27:45.442 设备ID=12009 module=PERIODIC id=ReadFoupStatus uuid=18 len=23
frame=01 04 12 A2 A1 32 96 59 B8 BF 53 21 4C 18 ED F9 29 1D 77 0E FC 3C 79
[2026-04-17 09:27:46] [INFO] [发送] 09:27:46.430 设备ID=12009 module=PERIODIC id=ReadFoupStatus uuid=18 sendCount=1/1 timeout=1000ms crc=30 0C len=8
frame=01 04 00 00 00 09 30 0C
[2026-04-17 09:27:46] [INFO] [接收-帧] 09:27:46.539 设备ID=12009 module=PERIODIC id=ReadFoupStatus uuid=18 len=23
frame=01 04 12 75 3E 83 ED DC 9F 39 D9 62 66 5A F7 57 A5 C0 D0 9E 4C D4 DA
[2026-04-17 09:27:47] [INFO] [发送] 09:27:47.559 设备ID=12009 module=PERIODIC id=ReadFoupStatus uuid=18 sendCount=1/1 timeout=1000ms crc=30 0C len=8
frame=01 04 00 00 00 09 30 0C
[2026-04-17 09:27:47] [INFO] [接收-帧] 09:27:47.630 设备ID=12009 module=PERIODIC id=ReadFoupStatus uuid=18 len=23
frame=01 04 12 2C FF DB 58 3D A5 D2 51 29 0E B0 08 BA 89 D3 28 00 53 12 45
[2026-04-17 09:27:48] [INFO] [发送] 09:27:48.618 设备ID=12009 module=PERIODIC id=ReadFoupStatus uuid=18 sendCount=1/1 timeout=1000ms crc=30 0C len=8
frame=01 04 00 00 00 09 30 0C
[2026-04-17 09:27:48] [INFO] [接收-帧] 09:27:48.726 设备ID=12009 module=PERIODIC id=ReadFoupStatus uuid=18 len=23
frame=01 04 12 3C 8D 7A 7C FF E6 38 0D 3E D5 C4 A0 8C 02 D5 B0 60 5A 2A 31
[2026-04-17 09:27:49] [INFO] [发送] 09:27:49.712 设备ID=12009 module=PERIODIC id=ReadFoupStatus uuid=18 sendCount=1/1 timeout=1000ms crc=30 0C len=8
frame=01 04 00 00 00 09 30 0C
[2026-04-17 09:27:49] [INFO] [接收-帧] 09:27:49.818 设备ID=12009 module=PERIODIC id=ReadFoupStatus uuid=18 len=23
frame=01 04 12 C9 47 FA 07 09 3F A5 6B E8 5A 76 05 D7 99 0C 32 FF 35 5E DF
[2026-04-17 09:27:50] [INFO] [发送] 09:27:50.808 设备ID=12009 module=PERIODIC id=ReadFoupStatus uuid=18 sendCount=1/1 timeout=1000ms crc=30 0C len=8
frame=01 04 00 00 00 09 30 0C
[2026-04-17 09:27:50] [INFO] [接收-帧] 09:27:50.911 设备ID=12009 module=PERIODIC id=ReadFoupStatus uuid=18 len=23
frame=01 04 12 25 D1 C3 92 8A 8E 9B 45 01 CB 65 9E F8 47 2B D1 C3 DE B1 29
[2026-04-17 09:31:33] [INFO] [发送] 09:31:33.966 设备ID=12009 module=INITIAL id=ReadVersion uuid=17 sendCount=1/4 timeout=1000ms crc=B1 CD len=8
frame=01 04 00 18 00 01 B1 CD
[2026-04-17 09:31:34] [INFO] [接收-帧] 09:31:34.316 设备ID=12009 module=INITIAL id=ReadVersion uuid=17 len=7
frame=01 04 02 00 00 B9 30
[2026-04-17 09:31:34] [INFO] [发送] 09:31:34.316 设备ID=12009 module=PERIODIC id=ReadFoupStatus uuid=18 sendCount=1/1 timeout=1000ms crc=30 0C len=8
frame=01 04 00 00 00 09 30 0C
[2026-04-17 09:31:34] [INFO] [接收-帧] 09:31:34.416 设备ID=12009 module=PERIODIC id=ReadFoupStatus uuid=18 len=23
frame=01 04 12 A5 DE C1 9D 3B 68 6D DB 2E D7 44 66 5F 29 71 E9 E5 6D 0C 3D
[2026-04-17 09:31:35] [INFO] [发送] 09:31:35.418 设备ID=12009 module=PERIODIC id=ReadFoupStatus uuid=18 sendCount=1/1 timeout=1000ms crc=30 0C len=8
frame=01 04 00 00 00 09 30 0C
[2026-04-17 09:31:35] [INFO] [接收-帧] 09:31:35.502 设备ID=12009 module=PERIODIC id=ReadFoupStatus uuid=18 len=23
frame=01 04 12 36 44 7D E0 A3 14 B6 8B F0 D5 D1 F4 0A F4 BB A0 44 ED 37 05
[2026-04-17 09:31:36] [INFO] [发送] 09:31:36.501 设备ID=12009 module=PERIODIC id=ReadFoupStatus uuid=18 sendCount=1/1 timeout=1000ms crc=30 0C len=8
frame=01 04 00 00 00 09 30 0C
[2026-04-17 09:31:36] [INFO] [接收-帧] 09:31:36.597 设备ID=12009 module=PERIODIC id=ReadFoupStatus uuid=18 len=23
frame=01 04 12 92 6C 7D 5A CD 59 E5 EB 32 ED 0B 64 F2 01 3C 6C 1A 5A CB A6
[2026-04-17 09:31:37] [INFO] [发送] 09:31:37.588 设备ID=12009 module=PERIODIC id=ReadFoupStatus uuid=18 sendCount=1/1 timeout=1000ms crc=30 0C len=8
frame=01 04 00 00 00 09 30 0C
[2026-04-17 09:31:37] [INFO] [接收-帧] 09:31:37.723 设备ID=12009 module=PERIODIC id=ReadFoupStatus uuid=18 len=23
frame=01 04 12 A0 13 85 42 7E 35 B2 55 A4 A3 F2 06 F7 1B 19 68 E8 1B DA AC
[2026-04-17 09:31:38] [INFO] [发送] 09:31:38.730 设备ID=12009 module=PERIODIC id=ReadFoupStatus uuid=18 sendCount=1/1 timeout=1000ms crc=30 0C len=8
frame=01 04 00 00 00 09 30 0C
[2026-04-17 09:31:38] [INFO] [接收-帧] 09:31:38.900 设备ID=12009 module=PERIODIC id=ReadFoupStatus uuid=18 len=23
frame=01 04 12 38 1C 00 2E 8D D7 52 1F 89 3C CA 04 5A C8 4B 6D 18 70 37 D4
[2026-04-17 09:31:39] [INFO] [发送] 09:31:39.901 设备ID=12009 module=PERIODIC id=ReadFoupStatus uuid=18 sendCount=1/1 timeout=1000ms crc=30 0C len=8
frame=01 04 00 00 00 09 30 0C
[2026-04-17 09:31:39] [INFO] [接收-帧] 09:31:39.993 设备ID=12009 module=PERIODIC id=ReadFoupStatus uuid=18 len=23
frame=01 04 12 9C 49 53 C2 08 7C 8E 68 20 2C 60 E0 7A B6 FB 31 77 4F 06 4F
[2026-04-17 09:31:40] [INFO] [发送] 09:31:40.996 设备ID=12009 module=PERIODIC id=ReadFoupStatus uuid=18 sendCount=1/1 timeout=1000ms crc=30 0C len=8
frame=01 04 00 00 00 09 30 0C
[2026-04-17 09:31:41] [INFO] [接收-帧] 09:31:41.087 设备ID=12009 module=PERIODIC id=ReadFoupStatus uuid=18 len=23
frame=01 04 12 92 68 DC 39 48 C6 74 52 FF 89 15 D9 80 E3 7F 1B 96 83 15 2E
[2026-04-17 09:31:42] [INFO] [发送] 09:31:42.097 设备ID=12009 module=PERIODIC id=ReadFoupStatus uuid=18 sendCount=1/1 timeout=1000ms crc=30 0C len=8
frame=01 04 00 00 00 09 30 0C
[2026-04-17 09:31:42] [INFO] [接收-帧] 09:31:42.177 设备ID=12009 module=PERIODIC id=ReadFoupStatus uuid=18 len=23
frame=01 04 12 60 F9 6D F3 53 0C 7D 8E 31 55 7A 8F F0 BB 61 DB B4 5D A5 84
[2026-04-17 09:31:43] [INFO] [发送] 09:31:43.173 设备ID=12009 module=PERIODIC id=ReadFoupStatus uuid=18 sendCount=1/1 timeout=1000ms crc=30 0C len=8
frame=01 04 00 00 00 09 30 0C
[2026-04-17 09:31:43] [INFO] [接收-帧] 09:31:43.276 设备ID=12009 module=PERIODIC id=ReadFoupStatus uuid=18 len=23
frame=01 04 12 AD A1 13 2B BE 12 C6 CB B5 64 F6 5A E2 69 BB A8 9B CD 11 AE
[2026-04-17 09:31:44] [INFO] [发送] 09:31:44.278 设备ID=12009 module=PERIODIC id=ReadFoupStatus uuid=18 sendCount=1/1 timeout=1000ms crc=30 0C len=8
frame=01 04 00 00 00 09 30 0C
[2026-04-17 09:31:44] [INFO] [接收-帧] 09:31:44.363 设备ID=12009 module=PERIODIC id=ReadFoupStatus uuid=18 len=23
frame=01 04 12 B9 3B 3A 83 CE 38 B3 63 0A 31 D9 65 FB 77 69 93 8F 2A CE 35
[2026-04-17 09:31:45] [INFO] [发送] 09:31:45.353 设备ID=12009 module=PERIODIC id=ReadFoupStatus uuid=18 sendCount=1/1 timeout=1000ms crc=30 0C len=8
frame=01 04 00 00 00 09 30 0C
[2026-04-17 09:31:45] [INFO] [接收-帧] 09:31:45.459 设备ID=12009 module=PERIODIC id=ReadFoupStatus uuid=18 len=23
frame=01 04 12 E4 B7 AC AD 7D FC E0 0A F0 64 CE 7D 9E B7 AE 12 37 73 E9 C4
[2026-04-17 09:31:46] [INFO] [发送] 09:31:46.448 设备ID=12009 module=PERIODIC id=ReadFoupStatus uuid=18 sendCount=1/1 timeout=1000ms crc=30 0C len=8
frame=01 04 00 00 00 09 30 0C
[2026-04-17 09:31:46] [INFO] [接收-帧] 09:31:46.554 设备ID=12009 module=PERIODIC id=ReadFoupStatus uuid=18 len=23
frame=01 04 12 90 5B FF 6D 74 F5 7D E8 2C 89 57 22 60 02 79 09 33 A7 04 46
[2026-04-17 09:31:47] [INFO] [发送] 09:31:47.559 设备ID=12009 module=PERIODIC id=ReadFoupStatus uuid=18 sendCount=1/1 timeout=1000ms crc=30 0C len=8
frame=01 04 00 00 00 09 30 0C
[2026-04-17 09:31:47] [INFO] [接收-帧] 09:31:47.647 设备ID=12009 module=PERIODIC id=ReadFoupStatus uuid=18 len=23
frame=01 04 12 0C 60 9C 77 BE 19 70 16 15 1E 30 84 35 0F 11 FE B0 33 33 63
[2026-04-17 09:31:48] [INFO] [发送] 09:31:48.634 设备ID=12009 module=PERIODIC id=ReadFoupStatus uuid=18 sendCount=1/1 timeout=1000ms crc=30 0C len=8
frame=01 04 00 00 00 09 30 0C
[2026-04-17 09:31:48] [INFO] [接收-帧] 09:31:48.740 设备ID=12009 module=PERIODIC id=ReadFoupStatus uuid=18 len=23
frame=01 04 12 60 DE 17 A3 95 CA FA 58 7E CD 7C 78 8B 66 4E 19 FE 79 F5 33
[2026-04-17 09:31:49] [INFO] [发送] 09:31:49.730 设备ID=12009 module=PERIODIC id=ReadFoupStatus uuid=18 sendCount=1/1 timeout=1000ms crc=30 0C len=8
frame=01 04 00 00 00 09 30 0C
[2026-04-17 09:31:49] [INFO] [接收-帧] 09:31:49.840 设备ID=12009 module=PERIODIC id=ReadFoupStatus uuid=18 len=23
frame=01 04 12 C1 1F 05 5C DC 7B C8 CA F3 C2 4B 3E D3 64 59 98 9A B2 F7 6F
[2026-04-17 09:31:50] [INFO] [发送] 09:31:50.837 设备ID=12009 module=PERIODIC id=ReadFoupStatus uuid=18 sendCount=1/1 timeout=1000ms crc=30 0C len=8
frame=01 04 00 00 00 09 30 0C
[2026-04-17 09:31:50] [INFO] [接收-帧] 09:31:50.931 设备ID=12009 module=PERIODIC id=ReadFoupStatus uuid=18 len=23
frame=01 04 12 42 2F B9 55 9A 49 A2 EF 1D 75 5F D7 65 F0 EA 9A F7 78 AE B6
[2026-04-17 09:31:51] [INFO] [发送] 09:31:51.931 设备ID=12009 module=PERIODIC id=ReadFoupStatus uuid=18 sendCount=1/1 timeout=1000ms crc=30 0C len=8
frame=01 04 00 00 00 09 30 0C
[2026-04-17 09:31:52] [INFO] [接收-帧] 09:31:52.026 设备ID=12009 module=PERIODIC id=ReadFoupStatus uuid=18 len=23
frame=01 04 12 50 0C 02 20 D1 48 D5 48 66 F6 C7 0E AA E7 3A 96 F5 08 5B 19
[2026-04-17 09:31:53] [INFO] [发送] 09:31:53.035 设备ID=12009 module=PERIODIC id=ReadFoupStatus uuid=18 sendCount=1/1 timeout=1000ms crc=30 0C len=8
frame=01 04 00 00 00 09 30 0C
[2026-04-17 09:31:53] [INFO] [接收-帧] 09:31:53.118 设备ID=12009 module=PERIODIC id=ReadFoupStatus uuid=18 len=23
frame=01 04 12 C7 C9 FB EC D1 07 82 93 6F F8 91 DB 0E B8 40 69 1B 86 6C 19
[2026-04-17 09:31:54] [INFO] [发送] 09:31:54.124 设备ID=12009 module=PERIODIC id=ReadFoupStatus uuid=18 sendCount=1/1 timeout=1000ms crc=30 0C len=8
frame=01 04 00 00 00 09 30 0C
[2026-04-17 09:31:54] [INFO] [接收-帧] 09:31:54.214 设备ID=12009 module=PERIODIC id=ReadFoupStatus uuid=18 len=23
frame=01 04 12 B3 84 BA 08 68 73 A4 FF 62 F0 92 4C 50 E6 9D A0 9C 96 BB 8F
[2026-04-17 09:31:55] [INFO] [发送] 09:31:55.215 设备ID=12009 module=PERIODIC id=ReadFoupStatus uuid=18 sendCount=1/1 timeout=1000ms crc=30 0C len=8
frame=01 04 00 00 00 09 30 0C
[2026-04-17 09:31:55] [INFO] [接收-帧] 09:31:55.304 设备ID=12009 module=PERIODIC id=ReadFoupStatus uuid=18 len=23
frame=01 04 12 DF F0 FA 0F B5 AD AF 85 53 79 0F 83 8D 35 33 F2 85 CC DD B2
[2026-04-17 09:31:56] [INFO] [发送] 09:31:56.305 设备ID=12009 module=PERIODIC id=ReadFoupStatus uuid=18 sendCount=1/1 timeout=1000ms crc=30 0C len=8
frame=01 04 00 00 00 09 30 0C
[2026-04-17 09:31:56] [INFO] [接收-帧] 09:31:56.397 设备ID=12009 module=PERIODIC id=ReadFoupStatus uuid=18 len=23
frame=01 04 12 AC F6 07 1C F1 9A 23 75 56 AD 58 A2 0E 72 94 87 7C D5 C8 CB
[2026-04-17 09:31:57] [INFO] [发送] 09:31:57.387 设备ID=12009 module=PERIODIC id=ReadFoupStatus uuid=18 sendCount=1/1 timeout=1000ms crc=30 0C len=8
frame=01 04 00 00 00 09 30 0C
[2026-04-17 09:31:57] [INFO] [接收-帧] 09:31:57.491 设备ID=12009 module=PERIODIC id=ReadFoupStatus uuid=18 len=23
frame=01 04 12 EE 7B CB 24 02 6A 35 38 D4 05 A7 66 96 3F 4A B6 63 A4 90 CB
[2026-04-17 09:31:58] [INFO] [发送] 09:31:58.495 设备ID=12009 module=PERIODIC id=ReadFoupStatus uuid=18 sendCount=1/1 timeout=1000ms crc=30 0C len=8
frame=01 04 00 00 00 09 30 0C
[2026-04-17 09:31:58] [INFO] [接收-帧] 09:31:58.585 设备ID=12009 module=PERIODIC id=ReadFoupStatus uuid=18 len=23
frame=01 04 12 FD 24 0D DC BE 48 EF 64 C9 61 5F B6 06 85 3C 79 2A 78 6A C6
[2026-04-17 09:31:59] [INFO] [发送] 09:31:59.571 设备ID=12009 module=PERIODIC id=ReadFoupStatus uuid=18 sendCount=1/1 timeout=1000ms crc=30 0C len=8
frame=01 04 00 00 00 09 30 0C
[2026-04-17 09:31:59] [INFO] [接收-帧] 09:31:59.676 设备ID=12009 module=PERIODIC id=ReadFoupStatus uuid=18 len=23
frame=01 04 12 D6 F9 B1 9C E9 EC 44 7B A2 C6 82 BA CE 58 5D EE F1 5A 14 B6
[2026-04-17 09:32:00] [INFO] [发送] 09:32:00.669 设备ID=12009 module=PERIODIC id=ReadFoupStatus uuid=18 sendCount=1/1 timeout=1000ms crc=30 0C len=8
frame=01 04 00 00 00 09 30 0C
[2026-04-17 09:32:00] [INFO] [接收-帧] 09:32:00.770 设备ID=12009 module=PERIODIC id=ReadFoupStatus uuid=18 len=23
frame=01 04 12 6A DA 7A 31 4E 3F 7C A9 BD EC 70 19 9B 9F EB B5 11 3F 50 04
[2026-04-17 09:32:01] [INFO] [发送] 09:32:01.761 设备ID=12009 module=PERIODIC id=ReadFoupStatus uuid=18 sendCount=1/1 timeout=1000ms crc=30 0C len=8
frame=01 04 00 00 00 09 30 0C
[2026-04-17 09:32:01] [INFO] [接收-帧] 09:32:01.874 设备ID=12009 module=PERIODIC id=ReadFoupStatus uuid=18 len=23
frame=01 04 12 EA 2D 78 AD 50 2B 04 3F 98 B4 FE DD AB 33 82 75 39 0A 2F 00
[2026-04-17 09:32:02] [INFO] [发送] 09:32:02.868 设备ID=12009 module=PERIODIC id=ReadFoupStatus uuid=18 sendCount=1/1 timeout=1000ms crc=30 0C len=8
frame=01 04 00 00 00 09 30 0C
[2026-04-17 09:32:02] [INFO] [接收-帧] 09:32:02.964 设备ID=12009 module=PERIODIC id=ReadFoupStatus uuid=18 len=23
frame=01 04 12 46 2A AB FD 7F 8B 6C BE A6 1F CA F0 CF 18 5B 23 0E 4A A6 48
[2026-04-17 09:32:03] [INFO] [发送] 09:32:03.962 设备ID=12009 module=PERIODIC id=ReadFoupStatus uuid=18 sendCount=1/1 timeout=1000ms crc=30 0C len=8
frame=01 04 00 00 00 09 30 0C
[2026-04-17 09:32:04] [INFO] [接收-帧] 09:32:04.059 设备ID=12009 module=PERIODIC id=ReadFoupStatus uuid=18 len=23
frame=01 04 12 0F A6 6B 8C 1B 8B 64 9F 11 E0 0B 46 82 69 BA 3D BE FD F7 EE
