[2026-04-17 09:24:09] [INFO] [发送] 09:24:09.602 设备ID=12002 module=INITIAL id=ReadVersion uuid=3 sendCount=1/4 timeout=1000ms crc=B1 CD len=8
frame=01 04 00 18 00 01 B1 CD
[2026-04-17 09:24:10] [INFO] [接收-帧] 09:24:10.152 设备ID=12002 module=INITIAL id=ReadVersion uuid=3 len=7
frame=01 04 02 00 00 B9 30
[2026-04-17 09:24:10] [INFO] [发送] 09:24:10.152 设备ID=12002 module=PERIODIC id=ReadFoupStatus uuid=4 sendCount=1/1 timeout=1000ms crc=30 0C len=8
frame=01 04 00 00 00 09 30 0C
[2026-04-17 09:24:12] [INFO] [发送] 09:24:12.176 设备ID=12002 module=PERIODIC id=ReadFoupStatus uuid=4 sendCount=1/1 timeout=1000ms crc=30 0C len=8
frame=01 04 00 00 00 09 30 0C
[2026-04-17 09:24:14] [INFO] [发送] 09:24:14.187 设备ID=12002 module=PERIODIC id=ReadFoupStatus uuid=4 sendCount=1/1 timeout=1000ms crc=30 0C len=8
frame=01 04 00 00 00 09 30 0C
[2026-04-17 09:24:16] [INFO] [发送] 09:24:16.185 设备ID=12002 module=PERIODIC id=ReadFoupStatus uuid=4 sendCount=1/1 timeout=1000ms crc=30 0C len=8
frame=01 04 00 00 00 09 30 0C
[2026-04-17 09:24:18] [INFO] [发送] 09:24:18.187 设备ID=12002 module=PERIODIC id=ReadFoupStatus uuid=4 sendCount=1/1 timeout=1000ms crc=30 0C len=8
frame=01 04 00 00 00 09 30 0C
[2026-04-17 09:24:20] [INFO] [发送] 09:24:20.194 设备ID=12002 module=PERIODIC id=ReadFoupStatus uuid=4 sendCount=1/1 timeout=1000ms crc=30 0C len=8
frame=01 04 00 00 00 09 30 0C
[2026-04-17 09:24:22] [INFO] [发送] 09:24:22.197 设备ID=12002 module=PERIODIC id=ReadFoupStatus uuid=4 sendCount=1/1 timeout=1000ms crc=30 0C len=8
frame=01 04 00 00 00 09 30 0C
[2026-04-17 09:24:24] [INFO] [发送] 09:24:24.199 设备ID=12002 module=PERIODIC id=ReadFoupStatus uuid=4 sendCount=1/1 timeout=1000ms crc=30 0C len=8
frame=01 04 00 00 00 09 30 0C
[2026-04-17 09:24:26] [INFO] [发送] 09:24:26.200 设备ID=12002 module=PERIODIC id=ReadFoupStatus uuid=4 sendCount=1/1 timeout=1000ms crc=30 0C len=8
frame=01 04 00 00 00 09 30 0C
[2026-04-17 09:24:28] [INFO] [发送] 09:24:28.213 设备ID=12002 module=PERIODIC id=ReadFoupStatus uuid=4 sendCount=1/1 timeout=1000ms crc=30 0C len=8
frame=01 04 00 00 00 09 30 0C
[2026-04-17 09:24:32] [INFO] [发送] 09:24:32.542 设备ID=12002 module=PERIODIC id=ReadFoupStatus uuid=4 sendCount=1/1 timeout=1000ms crc=30 0C len=8
frame=01 04 00 00 00 09 30 0C
[2026-04-17 09:24:34] [INFO] [发送] 09:24:34.541 设备ID=12002 module=PERIODIC id=ReadFoupStatus uuid=4 sendCount=1/1 timeout=1000ms crc=30 0C len=8
frame=01 04 00 00 00 09 30 0C
[2026-04-17 09:24:36] [INFO] [发送] 09:24:36.541 设备ID=12002 module=PERIODIC id=ReadFoupStatus uuid=4 sendCount=1/1 timeout=1000ms crc=30 0C len=8
frame=01 04 00 00 00 09 30 0C
[2026-04-17 09:24:38] [INFO] [发送] 09:24:38.559 设备ID=12002 module=PERIODIC id=ReadFoupStatus uuid=4 sendCount=1/1 timeout=1000ms crc=30 0C len=8
frame=01 04 00 00 00 09 30 0C
[2026-04-17 09:24:40] [INFO] [发送] 09:24:40.560 设备ID=12002 module=PERIODIC id=ReadFoupStatus uuid=4 sendCount=1/1 timeout=1000ms crc=30 0C len=8
frame=01 04 00 00 00 09 30 0C
[2026-04-17 09:24:42] [INFO] [发送] 09:24:42.557 设备ID=12002 module=PERIODIC id=ReadFoupStatus uuid=4 sendCount=1/1 timeout=1000ms crc=30 0C len=8
frame=01 04 00 00 00 09 30 0C
[2026-04-17 09:24:44] [INFO] [发送] 09:24:44.561 设备ID=12002 module=PERIODIC id=ReadFoupStatus uuid=4 sendCount=1/1 timeout=1000ms crc=30 0C len=8
frame=01 04 00 00 00 09 30 0C
[2026-04-17 09:24:47] [INFO] [发送] 09:24:47.985 设备ID=12002 module=PERIODIC id=ReadFoupStatus uuid=4 sendCount=1/1 timeout=1000ms crc=30 0C len=8
frame=01 04 00 00 00 09 30 0C
[2026-04-17 09:24:48] [INFO] [接收-帧] 09:24:48.101 设备ID=12002 module=PERIODIC id=ReadFoupStatus uuid=4 len=23
frame=01 04 12 75 C4 79 AB 8C 4B 9F 7B 04 4A 22 2B E7 7C 52 CC 81 D9 47 41
[2026-04-17 09:24:49] [INFO] [发送] 09:24:49.108 设备ID=12002 module=PERIODIC id=ReadFoupStatus uuid=4 sendCount=1/1 timeout=1000ms crc=30 0C len=8
frame=01 04 00 00 00 09 30 0C
[2026-04-17 09:24:49] [INFO] [接收-帧] 09:24:49.193 设备ID=12002 module=PERIODIC id=ReadFoupStatus uuid=4 len=23
frame=01 04 12 66 EE 20 D7 9B 43 A4 D0 4F EA E9 B3 E2 EE 80 42 C8 C9 89 9A
[2026-04-17 09:24:50] [INFO] [发送] 09:24:50.186 设备ID=12002 module=PERIODIC id=ReadFoupStatus uuid=4 sendCount=1/1 timeout=1000ms crc=30 0C len=8
frame=01 04 00 00 00 09 30 0C
[2026-04-17 09:24:50] [INFO] [接收-帧] 09:24:50.355 设备ID=12002 module=PERIODIC id=ReadFoupStatus uuid=4 len=23
frame=01 04 12 B8 CE 5C 42 B3 1D 06 81 22 7C 28 32 10 DD 3F 02 88 95 73 58
[2026-04-17 09:24:51] [INFO] [发送] 09:24:51.359 设备ID=12002 module=PERIODIC id=ReadFoupStatus uuid=4 sendCount=1/1 timeout=1000ms crc=30 0C len=8
frame=01 04 00 00 00 09 30 0C
[2026-04-17 09:24:51] [INFO] [接收-帧] 09:24:51.374 设备ID=12002 module=PERIODIC id=ReadFoupStatus uuid=4 len=23
frame=01 04 12 E5 AF F7 D7 F7 4F 04 6A B3 23 C1 88 53 CD A9 B0 FF 24 71 87
[2026-04-17 09:24:52] [INFO] [发送] 09:24:52.375 设备ID=12002 module=PERIODIC id=ReadFoupStatus uuid=4 sendCount=1/1 timeout=1000ms crc=30 0C len=8
frame=01 04 00 00 00 09 30 0C
[2026-04-17 09:24:52] [INFO] [接收-帧] 09:24:52.470 设备ID=12002 module=PERIODIC id=ReadFoupStatus uuid=4 len=23
frame=01 04 12 D5 76 DF A6 A5 B3 B5 28 5D 3F 8D A1 D0 55 ED 4A E9 6E 7D 8F
[2026-04-17 09:24:53] [INFO] [发送] 09:24:53.473 设备ID=12002 module=PERIODIC id=ReadFoupStatus uuid=4 sendCount=1/1 timeout=1000ms crc=30 0C len=8
frame=01 04 00 00 00 09 30 0C
[2026-04-17 09:24:53] [INFO] [接收-帧] 09:24:53.566 设备ID=12002 module=PERIODIC id=ReadFoupStatus uuid=4 len=23
frame=01 04 12 6C 6B F4 E8 E3 1B B9 08 1A 73 26 32 E8 82 F0 53 A8 18 CB 7C
[2026-04-17 09:24:54] [INFO] [发送] 09:24:54.567 设备ID=12002 module=PERIODIC id=ReadFoupStatus uuid=4 sendCount=1/1 timeout=1000ms crc=30 0C len=8
frame=01 04 00 00 00 09 30 0C
[2026-04-17 09:24:54] [INFO] [接收-帧] 09:24:54.655 设备ID=12002 module=PERIODIC id=ReadFoupStatus uuid=4 len=23
frame=01 04 12 F9 66 C5 01 B5 16 7F 29 CD A7 3A 0C 45 2A 97 CB CD DD B6 BA
[2026-04-17 09:24:55] [INFO] [发送] 09:24:55.660 设备ID=12002 module=PERIODIC id=ReadFoupStatus uuid=4 sendCount=1/1 timeout=1000ms crc=30 0C len=8
frame=01 04 00 00 00 09 30 0C
[2026-04-17 09:24:55] [INFO] [接收-帧] 09:24:55.750 设备ID=12002 module=PERIODIC id=ReadFoupStatus uuid=4 len=23
frame=01 04 12 80 32 A8 61 E3 B0 50 1C 8E F8 14 68 AF F0 11 36 35 2F F5 72
[2026-04-17 09:24:56] [INFO] [发送] 09:24:56.747 设备ID=12002 module=PERIODIC id=ReadFoupStatus uuid=4 sendCount=1/1 timeout=1000ms crc=30 0C len=8
frame=01 04 00 00 00 09 30 0C
[2026-04-17 09:24:56] [INFO] [接收-帧] 09:24:56.842 设备ID=12002 module=PERIODIC id=ReadFoupStatus uuid=4 len=23
frame=01 04 12 4E BC C9 74 0A CE 68 2E 56 A0 32 12 08 08 49 24 C7 A2 4F FF
[2026-04-17 09:24:57] [INFO] [发送] 09:24:57.856 设备ID=12002 module=PERIODIC id=ReadFoupStatus uuid=4 sendCount=1/1 timeout=1000ms crc=30 0C len=8
frame=01 04 00 00 00 09 30 0C
[2026-04-17 09:24:57] [INFO] [接收-帧] 09:24:57.939 设备ID=12002 module=PERIODIC id=ReadFoupStatus uuid=4 len=23
frame=01 04 12 47 4C 28 1D 7B 34 3B F0 6A CD 90 BB 4C 84 EB CF 0D 85 51 55
[2026-04-17 09:24:58] [INFO] [发送] 09:24:58.937 设备ID=12002 module=PERIODIC id=ReadFoupStatus uuid=4 sendCount=1/1 timeout=1000ms crc=30 0C len=8
frame=01 04 00 00 00 09 30 0C
[2026-04-17 09:24:59] [INFO] [接收-帧] 09:24:59.033 设备ID=12002 module=PERIODIC id=ReadFoupStatus uuid=4 len=23
frame=01 04 12 B0 58 F1 9F FB B1 67 60 13 8D 6D 8C 1B 85 52 F2 A8 3C 0F 66
[2026-04-17 09:25:00] [INFO] [发送] 09:25:00.027 设备ID=12002 module=PERIODIC id=ReadFoupStatus uuid=4 sendCount=1/1 timeout=1000ms crc=30 0C len=8
frame=01 04 00 00 00 09 30 0C
[2026-04-17 09:25:00] [INFO] [接收-帧] 09:25:00.126 设备ID=12002 module=PERIODIC id=ReadFoupStatus uuid=4 len=23
frame=01 04 12 F0 C9 2D 35 DE 9F A5 CF C7 A6 42 AF 18 84 B4 03 A2 F6 F2 DA
[2026-04-17 09:25:01] [INFO] [发送] 09:25:01.121 设备ID=12002 module=PERIODIC id=ReadFoupStatus uuid=4 sendCount=1/1 timeout=1000ms crc=30 0C len=8
frame=01 04 00 00 00 09 30 0C
[2026-04-17 09:25:01] [INFO] [接收-帧] 09:25:01.221 设备ID=12002 module=PERIODIC id=ReadFoupStatus uuid=4 len=23
frame=01 04 12 F7 50 C1 1F 92 7C CF 12 58 DE AF A1 8B F3 32 20 2A 36 61 7F
[2026-04-17 09:25:02] [INFO] [发送] 09:25:02.221 设备ID=12002 module=PERIODIC id=ReadFoupStatus uuid=4 sendCount=1/1 timeout=1000ms crc=30 0C len=8
frame=01 04 00 00 00 09 30 0C
[2026-04-17 09:25:02] [INFO] [接收-帧] 09:25:02.314 设备ID=12002 module=PERIODIC id=ReadFoupStatus uuid=4 len=23
frame=01 04 12 6D C3 DA 0E 51 C3 BA 38 BC 18 DB F8 B7 84 03 69 74 AB E0 14
[2026-04-17 09:25:03] [INFO] [发送] 09:25:03.308 设备ID=12002 module=PERIODIC id=ReadFoupStatus uuid=4 sendCount=1/1 timeout=1000ms crc=30 0C len=8
frame=01 04 00 00 00 09 30 0C
[2026-04-17 09:25:03] [INFO] [接收-帧] 09:25:03.409 设备ID=12002 module=PERIODIC id=ReadFoupStatus uuid=4 len=23
frame=01 04 12 36 AB 18 01 D0 18 C6 1F EB E8 FC 2A E8 B5 0B 73 BA 46 37 07
[2026-04-17 09:25:04] [INFO] [发送] 09:25:04.400 设备ID=12002 module=PERIODIC id=ReadFoupStatus uuid=4 sendCount=1/1 timeout=1000ms crc=30 0C len=8
frame=01 04 00 00 00 09 30 0C
[2026-04-17 09:25:04] [INFO] [接收-帧] 09:25:04.495 设备ID=12002 module=PERIODIC id=ReadFoupStatus uuid=4 len=23
frame=01 04 12 45 69 FA A3 55 69 36 19 60 30 A4 1E 39 8E A3 38 58 C9 F1 8E
[2026-04-17 09:25:05] [INFO] [发送] 09:25:05.509 设备ID=12002 module=PERIODIC id=ReadFoupStatus uuid=4 sendCount=1/1 timeout=1000ms crc=30 0C len=8
frame=01 04 00 00 00 09 30 0C
[2026-04-17 09:25:05] [INFO] [接收-帧] 09:25:05.598 设备ID=12002 module=PERIODIC id=ReadFoupStatus uuid=4 len=23
frame=01 04 12 37 74 48 B6 6E F9 5B 4F AB 51 03 3B A8 06 7B 24 1F 9E E0 F0
[2026-04-17 09:25:06] [INFO] [发送] 09:25:06.599 设备ID=12002 module=PERIODIC id=ReadFoupStatus uuid=4 sendCount=1/1 timeout=1000ms crc=30 0C len=8
frame=01 04 00 00 00 09 30 0C
[2026-04-17 09:25:06] [INFO] [接收-帧] 09:25:06.692 设备ID=12002 module=PERIODIC id=ReadFoupStatus uuid=4 len=23
frame=01 04 12 C9 2F AC FC 8E E8 CF 85 01 C8 D9 BF 47 B3 80 20 3F FB D2 47
[2026-04-17 09:25:07] [INFO] [发送] 09:25:07.695 设备ID=12002 module=PERIODIC id=ReadFoupStatus uuid=4 sendCount=1/1 timeout=1000ms crc=30 0C len=8
frame=01 04 00 00 00 09 30 0C
[2026-04-17 09:25:07] [INFO] [接收-帧] 09:25:07.780 设备ID=12002 module=PERIODIC id=ReadFoupStatus uuid=4 len=23
frame=01 04 12 E6 16 D3 48 EE 61 B9 E5 59 13 31 62 40 DB 70 A1 BA 8E 07 22
[2026-04-17 09:25:08] [INFO] [发送] 09:25:08.775 设备ID=12002 module=PERIODIC id=ReadFoupStatus uuid=4 sendCount=1/1 timeout=1000ms crc=30 0C len=8
frame=01 04 00 00 00 09 30 0C
[2026-04-17 09:25:08] [INFO] [接收-帧] 09:25:08.877 设备ID=12002 module=PERIODIC id=ReadFoupStatus uuid=4 len=23
frame=01 04 12 00 40 44 90 FB AD C0 77 44 B7 ED 36 4F A0 C6 A6 76 34 B3 83
[2026-04-17 09:25:09] [INFO] [发送] 09:25:09.869 设备ID=12002 module=PERIODIC id=ReadFoupStatus uuid=4 sendCount=1/1 timeout=1000ms crc=30 0C len=8
frame=01 04 00 00 00 09 30 0C
[2026-04-17 09:25:09] [INFO] [接收-帧] 09:25:09.969 设备ID=12002 module=PERIODIC id=ReadFoupStatus uuid=4 len=23
frame=01 04 12 29 7A 8F E6 C0 D5 16 5D 9A AF 5A 82 0F E9 1E D5 12 AC 20 CC
[2026-04-17 09:25:10] [INFO] [发送] 09:25:10.963 设备ID=12002 module=PERIODIC id=ReadFoupStatus uuid=4 sendCount=1/1 timeout=1000ms crc=30 0C len=8
frame=01 04 00 00 00 09 30 0C
[2026-04-17 09:25:11] [INFO] [接收-帧] 09:25:11.067 设备ID=12002 module=PERIODIC id=ReadFoupStatus uuid=4 len=23
frame=01 04 12 57 45 39 93 E1 BB CF 09 A8 A7 55 11 46 B8 6E D3 00 ED A6 D5
[2026-04-17 09:25:12] [INFO] [发送] 09:25:12.059 设备ID=12002 module=PERIODIC id=ReadFoupStatus uuid=4 sendCount=1/1 timeout=1000ms crc=30 0C len=8
frame=01 04 00 00 00 09 30 0C
[2026-04-17 09:25:12] [INFO] [接收-帧] 09:25:12.157 设备ID=12002 module=PERIODIC id=ReadFoupStatus uuid=4 len=23
frame=01 04 12 DB 96 0F 8B 20 03 26 79 8E 0F 03 EA 01 F3 FB C4 E7 F0 37 A3
[2026-04-17 09:25:13] [INFO] [发送] 09:25:13.151 设备ID=12002 module=PERIODIC id=ReadFoupStatus uuid=4 sendCount=1/1 timeout=1000ms crc=30 0C len=8
frame=01 04 00 00 00 09 30 0C
[2026-04-17 09:25:13] [INFO] [接收-帧] 09:25:13.251 设备ID=12002 module=PERIODIC id=ReadFoupStatus uuid=4 len=23
frame=01 04 12 89 08 8C 15 49 B8 6F 59 82 5C 05 F1 7B 01 13 A8 DA 96 9F E2
[2026-04-17 09:25:14] [INFO] [发送] 09:25:14.249 设备ID=12002 module=PERIODIC id=ReadFoupStatus uuid=4 sendCount=1/1 timeout=1000ms crc=30 0C len=8
frame=01 04 00 00 00 09 30 0C
[2026-04-17 09:25:14] [INFO] [接收-帧] 09:25:14.348 设备ID=12002 module=PERIODIC id=ReadFoupStatus uuid=4 len=23
frame=01 04 12 28 6A BE 4B 08 AB B6 4D BE EE A1 F9 5F F4 23 A1 3A FC 39 7F
[2026-04-17 09:25:15] [INFO] [发送] 09:25:15.349 设备ID=12002 module=PERIODIC id=ReadFoupStatus uuid=4 sendCount=1/1 timeout=1000ms crc=30 0C len=8
frame=01 04 00 00 00 09 30 0C
[2026-04-17 09:25:15] [INFO] [接收-帧] 09:25:15.442 设备ID=12002 module=PERIODIC id=ReadFoupStatus uuid=4 len=23
frame=01 04 12 A5 B9 F5 63 E4 90 8B 36 FE 3C 78 72 91 33 DD CA 5D 93 1A 51
[2026-04-17 09:25:16] [INFO] [发送] 09:25:16.441 设备ID=12002 module=PERIODIC id=ReadFoupStatus uuid=4 sendCount=1/1 timeout=1000ms crc=30 0C len=8
frame=01 04 00 00 00 09 30 0C
[2026-04-17 09:25:16] [INFO] [接收-帧] 09:25:16.528 设备ID=12002 module=PERIODIC id=ReadFoupStatus uuid=4 len=23
frame=01 04 12 FC D8 24 66 86 3A 8D A8 86 A4 51 97 62 44 D8 34 83 3E E5 E6
[2026-04-17 09:25:17] [INFO] [发送] 09:25:17.528 设备ID=12002 module=PERIODIC id=ReadFoupStatus uuid=4 sendCount=1/1 timeout=1000ms crc=30 0C len=8
frame=01 04 00 00 00 09 30 0C
[2026-04-17 09:25:17] [INFO] [接收-帧] 09:25:17.628 设备ID=12002 module=PERIODIC id=ReadFoupStatus uuid=4 len=23
frame=01 04 12 44 75 20 06 EF FE 09 9E 21 54 93 7C 93 5E 1B B5 32 93 4B 55
[2026-04-17 09:25:18] [INFO] [发送] 09:25:18.623 设备ID=12002 module=PERIODIC id=ReadFoupStatus uuid=4 sendCount=1/1 timeout=1000ms crc=30 0C len=8
frame=01 04 00 00 00 09 30 0C
[2026-04-17 09:25:18] [INFO] [接收-帧] 09:25:18.717 设备ID=12002 module=PERIODIC id=ReadFoupStatus uuid=4 len=23
frame=01 04 12 E0 4A 76 4E 96 06 03 B9 CD B9 05 01 0C 6F D9 B2 DA 8E 63 D9
[2026-04-17 09:25:19] [INFO] [发送] 09:25:19.717 设备ID=12002 module=PERIODIC id=ReadFoupStatus uuid=4 sendCount=1/1 timeout=1000ms crc=30 0C len=8
frame=01 04 00 00 00 09 30 0C
[2026-04-17 09:25:19] [INFO] [接收-帧] 09:25:19.809 设备ID=12002 module=PERIODIC id=ReadFoupStatus uuid=4 len=23
frame=01 04 12 46 EA 38 50 07 F9 51 A9 A3 0B D4 44 06 17 FB 7C 4F 2D 29 12
[2026-04-17 09:25:20] [INFO] [发送] 09:25:20.807 设备ID=12002 module=PERIODIC id=ReadFoupStatus uuid=4 sendCount=1/1 timeout=1000ms crc=30 0C len=8
frame=01 04 00 00 00 09 30 0C
[2026-04-17 09:25:20] [INFO] [接收-帧] 09:25:20.903 设备ID=12002 module=PERIODIC id=ReadFoupStatus uuid=4 len=23
frame=01 04 12 CD 29 5C 4F 96 10 A2 99 EE 89 F9 D9 FE 15 11 F3 A3 FE EC 19
[2026-04-17 09:25:21] [INFO] [发送] 09:25:21.905 设备ID=12002 module=PERIODIC id=ReadFoupStatus uuid=4 sendCount=1/1 timeout=1000ms crc=30 0C len=8
frame=01 04 00 00 00 09 30 0C
[2026-04-17 09:25:22] [INFO] [接收-帧] 09:25:22.002 设备ID=12002 module=PERIODIC id=ReadFoupStatus uuid=4 len=23
frame=01 04 12 F9 B3 3E DE 9B 67 CA 09 E8 E4 B7 4B 67 5C 3D C7 15 61 AD C3
[2026-04-17 09:25:22] [INFO] [发送] 09:25:22.994 设备ID=12002 module=PERIODIC id=ReadFoupStatus uuid=4 sendCount=1/1 timeout=1000ms crc=30 0C len=8
frame=01 04 00 00 00 09 30 0C
[2026-04-17 09:25:23] [INFO] [接收-帧] 09:25:23.097 设备ID=12002 module=PERIODIC id=ReadFoupStatus uuid=4 len=23
frame=01 04 12 44 62 05 A9 2C 01 9E 81 DC C8 09 83 1B B4 F9 90 EF 84 D6 64
[2026-04-17 09:25:24] [INFO] [发送] 09:25:24.092 设备ID=12002 module=PERIODIC id=ReadFoupStatus uuid=4 sendCount=1/1 timeout=1000ms crc=30 0C len=8
frame=01 04 00 00 00 09 30 0C
[2026-04-17 09:25:24] [INFO] [接收-帧] 09:25:24.193 设备ID=12002 module=PERIODIC id=ReadFoupStatus uuid=4 len=23
frame=01 04 12 C1 08 C6 61 35 A8 48 09 3B 50 11 90 F5 F9 B0 09 9D 38 71 AC
[2026-04-17 09:25:25] [INFO] [发送] 09:25:25.186 设备ID=12002 module=PERIODIC id=ReadFoupStatus uuid=4 sendCount=1/1 timeout=1000ms crc=30 0C len=8
frame=01 04 00 00 00 09 30 0C
[2026-04-17 09:25:25] [INFO] [接收-帧] 09:25:25.282 设备ID=12002 module=PERIODIC id=ReadFoupStatus uuid=4 len=23
frame=01 04 12 E2 ED 4F 29 50 1F B0 37 AF 2D 4A BC A5 58 45 AC 1A 7F E4 73
[2026-04-17 09:25:26] [INFO] [发送] 09:25:26.282 设备ID=12002 module=PERIODIC id=ReadFoupStatus uuid=4 sendCount=1/1 timeout=1000ms crc=30 0C len=8
frame=01 04 00 00 00 09 30 0C
[2026-04-17 09:25:26] [INFO] [接收-帧] 09:25:26.374 设备ID=12002 module=PERIODIC id=ReadFoupStatus uuid=4 len=23
frame=01 04 12 9D 90 E8 89 BD 5B 4E FE 46 BA 99 FA 4A 49 3A DF 07 1D 3D CD
[2026-04-17 09:25:27] [INFO] [发送] 09:25:27.369 设备ID=12002 module=PERIODIC id=ReadFoupStatus uuid=4 sendCount=1/1 timeout=1000ms crc=30 0C len=8
frame=01 04 00 00 00 09 30 0C
[2026-04-17 09:25:27] [INFO] [接收-帧] 09:25:27.468 设备ID=12002 module=PERIODIC id=ReadFoupStatus uuid=4 len=23
frame=01 04 12 00 E2 F6 E1 4D CB 23 9A EF F4 9E 45 17 42 33 B7 27 05 C7 94
[2026-04-17 09:25:28] [INFO] [发送] 09:25:28.465 设备ID=12002 module=PERIODIC id=ReadFoupStatus uuid=4 sendCount=1/1 timeout=1000ms crc=30 0C len=8
frame=01 04 00 00 00 09 30 0C
[2026-04-17 09:25:28] [INFO] [接收-帧] 09:25:28.565 设备ID=12002 module=PERIODIC id=ReadFoupStatus uuid=4 len=23
frame=01 04 12 5E 44 07 A1 E7 C4 B1 27 B6 C4 BD 6F DB B6 78 39 54 A9 BF BF
[2026-04-17 09:25:29] [INFO] [发送] 09:25:29.562 设备ID=12002 module=PERIODIC id=ReadFoupStatus uuid=4 sendCount=1/1 timeout=1000ms crc=30 0C len=8
frame=01 04 00 00 00 09 30 0C
[2026-04-17 09:25:29] [INFO] [接收-帧] 09:25:29.657 设备ID=12002 module=PERIODIC id=ReadFoupStatus uuid=4 len=23
frame=01 04 12 6A FB DD 56 3F 69 32 CF 0C 03 F2 DE F6 04 4B BB 8B 9D 91 90
[2026-04-17 09:25:30] [INFO] [发送] 09:25:30.652 设备ID=12002 module=PERIODIC id=ReadFoupStatus uuid=4 sendCount=1/1 timeout=1000ms crc=30 0C len=8
frame=01 04 00 00 00 09 30 0C
[2026-04-17 09:25:30] [INFO] [接收-帧] 09:25:30.752 设备ID=12002 module=PERIODIC id=ReadFoupStatus uuid=4 len=23
frame=01 04 12 4B 28 BF 9D 69 4C 28 95 36 63 5E 62 20 09 70 E8 94 19 AC D6
[2026-04-17 09:25:31] [INFO] [发送] 09:25:31.758 设备ID=12002 module=PERIODIC id=ReadFoupStatus uuid=4 sendCount=1/1 timeout=1000ms crc=30 0C len=8
frame=01 04 00 00 00 09 30 0C
[2026-04-17 09:25:31] [INFO] [接收-帧] 09:25:31.841 设备ID=12002 module=PERIODIC id=ReadFoupStatus uuid=4 len=23
frame=01 04 12 2D 4E 7A 7B D6 64 09 5E D6 5B 6F 19 77 7D 69 56 8E 1A B8 06
[2026-04-17 09:25:32] [INFO] [发送] 09:25:32.840 设备ID=12002 module=PERIODIC id=ReadFoupStatus uuid=4 sendCount=1/1 timeout=1000ms crc=30 0C len=8
frame=01 04 00 00 00 09 30 0C
[2026-04-17 09:25:32] [INFO] [接收-帧] 09:25:32.937 设备ID=12002 module=PERIODIC id=ReadFoupStatus uuid=4 len=23
frame=01 04 12 C8 E4 9C B2 85 74 B7 98 7B E1 BE 4E 18 C1 B3 06 83 12 76 F1
[2026-04-17 09:25:33] [INFO] [发送] 09:25:33.933 设备ID=12002 module=PERIODIC id=ReadFoupStatus uuid=4 sendCount=1/1 timeout=1000ms crc=30 0C len=8
frame=01 04 00 00 00 09 30 0C
[2026-04-17 09:25:34] [INFO] [接收-帧] 09:25:34.033 设备ID=12002 module=PERIODIC id=ReadFoupStatus uuid=4 len=23
frame=01 04 12 79 AE 81 36 A3 C0 9E 51 78 43 5F BD A7 76 10 B8 03 8E 53 36
[2026-04-17 09:25:35] [INFO] [发送] 09:25:35.036 设备ID=12002 module=PERIODIC id=ReadFoupStatus uuid=4 sendCount=1/1 timeout=1000ms crc=30 0C len=8
frame=01 04 00 00 00 09 30 0C
[2026-04-17 09:25:35] [INFO] [接收-帧] 09:25:35.130 设备ID=12002 module=PERIODIC id=ReadFoupStatus uuid=4 len=23
frame=01 04 12 E9 01 50 CE 10 04 D5 C9 13 F0 F3 8B E4 78 0E 9F 5C 31 7F E7
[2026-04-17 09:25:36] [INFO] [发送] 09:25:36.124 设备ID=12002 module=PERIODIC id=ReadFoupStatus uuid=4 sendCount=1/1 timeout=1000ms crc=30 0C len=8
frame=01 04 00 00 00 09 30 0C
[2026-04-17 09:25:36] [INFO] [接收-帧] 09:25:36.223 设备ID=12002 module=PERIODIC id=ReadFoupStatus uuid=4 len=23
frame=01 04 12 8C 96 40 48 B5 61 73 AE 9F 9A F1 27 B5 5A 88 2B EF F0 37 D4
[2026-04-17 09:25:37] [INFO] [发送] 09:25:37.218 设备ID=12002 module=PERIODIC id=ReadFoupStatus uuid=4 sendCount=1/1 timeout=1000ms crc=30 0C len=8
frame=01 04 00 00 00 09 30 0C
[2026-04-17 09:25:37] [INFO] [接收-帧] 09:25:37.311 设备ID=12002 module=PERIODIC id=ReadFoupStatus uuid=4 len=23
frame=01 04 12 55 B4 1B B8 87 F0 BE 34 82 63 EC 2A CB 5F 57 E3 ED 72 32 67
[2026-04-17 09:25:38] [INFO] [发送] 09:25:38.314 设备ID=12002 module=PERIODIC id=ReadFoupStatus uuid=4 sendCount=1/1 timeout=1000ms crc=30 0C len=8
frame=01 04 00 00 00 09 30 0C
[2026-04-17 09:25:38] [INFO] [接收-帧] 09:25:38.408 设备ID=12002 module=PERIODIC id=ReadFoupStatus uuid=4 len=23
frame=01 04 12 96 C4 40 F8 C6 B2 21 E3 1F E8 21 E6 44 C8 EE 79 94 98 B4 24
[2026-04-17 09:25:39] [INFO] [发送] 09:25:39.401 设备ID=12002 module=PERIODIC id=ReadFoupStatus uuid=4 sendCount=1/1 timeout=1000ms crc=30 0C len=8
frame=01 04 00 00 00 09 30 0C
[2026-04-17 09:25:39] [INFO] [接收-帧] 09:25:39.502 设备ID=12002 module=PERIODIC id=ReadFoupStatus uuid=4 len=23
frame=01 04 12 4F 78 57 AE A5 48 BF F1 68 64 BB F9 07 E0 D3 6C 0B 5F 82 CB
[2026-04-17 09:25:40] [INFO] [发送] 09:25:40.502 设备ID=12002 module=PERIODIC id=ReadFoupStatus uuid=4 sendCount=1/1 timeout=1000ms crc=30 0C len=8
frame=01 04 00 00 00 09 30 0C
[2026-04-17 09:25:40] [INFO] [接收-帧] 09:25:40.595 设备ID=12002 module=PERIODIC id=ReadFoupStatus uuid=4 len=23
frame=01 04 12 E3 ED 70 0D CF A1 A5 9B B9 8A 5E 4D 11 13 B6 A5 8A 3A 29 77
[2026-04-17 09:25:41] [INFO] [发送] 09:25:41.588 设备ID=12002 module=PERIODIC id=ReadFoupStatus uuid=4 sendCount=1/1 timeout=1000ms crc=30 0C len=8
frame=01 04 00 00 00 09 30 0C
[2026-04-17 09:25:41] [INFO] [接收-帧] 09:25:41.692 设备ID=12002 module=PERIODIC id=ReadFoupStatus uuid=4 len=23
frame=01 04 12 2E 2C B2 5A 06 51 CB 32 95 36 5F 13 17 F2 9F 40 21 9F 49 BD
[2026-04-17 09:25:42] [INFO] [发送] 09:25:42.682 设备ID=12002 module=PERIODIC id=ReadFoupStatus uuid=4 sendCount=1/1 timeout=1000ms crc=30 0C len=8
frame=01 04 00 00 00 09 30 0C
[2026-04-17 09:25:42] [INFO] [接收-帧] 09:25:42.784 设备ID=12002 module=PERIODIC id=ReadFoupStatus uuid=4 len=23
frame=01 04 12 1B B0 D4 BA CB EB 0A 0E B5 71 6B A9 A8 04 0B CE 4E F6 9C DD
[2026-04-17 09:25:43] [INFO] [发送] 09:25:43.777 设备ID=12002 module=PERIODIC id=ReadFoupStatus uuid=4 sendCount=1/1 timeout=1000ms crc=30 0C len=8
frame=01 04 00 00 00 09 30 0C
[2026-04-17 09:25:43] [INFO] [接收-帧] 09:25:43.877 设备ID=12002 module=PERIODIC id=ReadFoupStatus uuid=4 len=23
frame=01 04 12 2A 13 E4 88 20 77 87 07 6E DF F6 89 BA 63 BD CA F2 B5 5E A4
[2026-04-17 09:25:44] [INFO] [发送] 09:25:44.870 设备ID=12002 module=PERIODIC id=ReadFoupStatus uuid=4 sendCount=1/1 timeout=1000ms crc=30 0C len=8
frame=01 04 00 00 00 09 30 0C
[2026-04-17 09:25:44] [INFO] [接收-帧] 09:25:44.971 设备ID=12002 module=PERIODIC id=ReadFoupStatus uuid=4 len=23
frame=01 04 12 6E 94 5F C9 90 AE 97 50 F9 2E 35 D4 1C 06 5B 98 84 44 78 89
[2026-04-17 09:25:45] [INFO] [发送] 09:25:45.968 设备ID=12002 module=PERIODIC id=ReadFoupStatus uuid=4 sendCount=1/1 timeout=1000ms crc=30 0C len=8
frame=01 04 00 00 00 09 30 0C
[2026-04-17 09:25:46] [INFO] [接收-帧] 09:25:46.064 设备ID=12002 module=PERIODIC id=ReadFoupStatus uuid=4 len=23
frame=01 04 12 61 9F 13 08 26 F3 C9 91 74 2E 39 43 CD 2B A1 27 6C A9 FD 32
[2026-04-17 09:25:47] [INFO] [发送] 09:25:47.056 设备ID=12002 module=PERIODIC id=ReadFoupStatus uuid=4 sendCount=1/1 timeout=1000ms crc=30 0C len=8
frame=01 04 00 00 00 09 30 0C
[2026-04-17 09:25:47] [INFO] [接收-帧] 09:25:47.157 设备ID=12002 module=PERIODIC id=ReadFoupStatus uuid=4 len=23
frame=01 04 12 45 BA EC 86 EA 70 49 FF 70 75 54 E9 DE 9D E0 6F A4 9C 87 06
[2026-04-17 09:25:48] [INFO] [发送] 09:25:48.160 设备ID=12002 module=PERIODIC id=ReadFoupStatus uuid=4 sendCount=1/1 timeout=1000ms crc=30 0C len=8
frame=01 04 00 00 00 09 30 0C
[2026-04-17 09:25:48] [INFO] [接收-帧] 09:25:48.254 设备ID=12002 module=PERIODIC id=ReadFoupStatus uuid=4 len=23
frame=01 04 12 59 B6 9D 02 88 AA 30 83 C0 75 49 A0 90 2E A4 40 DF 54 7A 62
[2026-04-17 09:25:49] [INFO] [发送] 09:25:49.250 设备ID=12002 module=PERIODIC id=ReadFoupStatus uuid=4 sendCount=1/1 timeout=1000ms crc=30 0C len=8
frame=01 04 00 00 00 09 30 0C
[2026-04-17 09:25:49] [INFO] [接收-帧] 09:25:49.343 设备ID=12002 module=PERIODIC id=ReadFoupStatus uuid=4 len=23
frame=01 04 12 C5 6C 40 E6 22 C3 81 64 8B B2 8A 47 25 4B C9 EA 3B E0 A9 55
[2026-04-17 09:25:50] [INFO] [发送] 09:25:50.341 设备ID=12002 module=PERIODIC id=ReadFoupStatus uuid=4 sendCount=1/1 timeout=1000ms crc=30 0C len=8
frame=01 04 00 00 00 09 30 0C
[2026-04-17 09:25:50] [INFO] [接收-帧] 09:25:50.444 设备ID=12002 module=PERIODIC id=ReadFoupStatus uuid=4 len=23
frame=01 04 12 29 2B 98 07 7F B3 5D 3C F6 78 A9 64 C5 3A 20 0B 42 6A FE E8
[2026-04-17 09:25:51] [INFO] [发送] 09:25:51.451 设备ID=12002 module=PERIODIC id=ReadFoupStatus uuid=4 sendCount=1/1 timeout=1000ms crc=30 0C len=8
frame=01 04 00 00 00 09 30 0C
[2026-04-17 09:25:51] [INFO] [接收-帧] 09:25:51.535 设备ID=12002 module=PERIODIC id=ReadFoupStatus uuid=4 len=23
frame=01 04 12 50 6C 21 BC 34 23 00 46 6F DE 4D 04 99 24 F8 00 5A 95 1F 3D
[2026-04-17 09:25:52] [INFO] [发送] 09:25:52.524 设备ID=12002 module=PERIODIC id=ReadFoupStatus uuid=4 sendCount=1/1 timeout=1000ms crc=30 0C len=8
frame=01 04 00 00 00 09 30 0C
[2026-04-17 09:25:52] [INFO] [接收-帧] 09:25:52.623 设备ID=12002 module=PERIODIC id=ReadFoupStatus uuid=4 len=23
frame=01 04 12 EC 32 19 A0 EC 8D 28 83 EE C9 E8 F7 4F A1 7A B1 63 57 EF 5B
[2026-04-17 09:25:53] [INFO] [发送] 09:25:53.619 设备ID=12002 module=PERIODIC id=ReadFoupStatus uuid=4 sendCount=1/1 timeout=1000ms crc=30 0C len=8
frame=01 04 00 00 00 09 30 0C
[2026-04-17 09:25:53] [INFO] [接收-帧] 09:25:53.716 设备ID=12002 module=PERIODIC id=ReadFoupStatus uuid=4 len=23
frame=01 04 12 2D 6B EE C0 42 58 F4 7D 5B AB 89 CE AE AD 6E 8C F7 DD C3 50
[2026-04-17 09:25:54] [INFO] [发送] 09:25:54.719 设备ID=12002 module=PERIODIC id=ReadFoupStatus uuid=4 sendCount=1/1 timeout=1000ms crc=30 0C len=8
frame=01 04 00 00 00 09 30 0C
[2026-04-17 09:25:54] [INFO] [接收-帧] 09:25:54.813 设备ID=12002 module=PERIODIC id=ReadFoupStatus uuid=4 len=23
frame=01 04 12 28 52 9D E3 15 6C 35 EC AB 35 10 C7 68 D7 F3 59 24 95 17 0E
[2026-04-17 09:25:55] [INFO] [发送] 09:25:55.806 设备ID=12002 module=PERIODIC id=ReadFoupStatus uuid=4 sendCount=1/1 timeout=1000ms crc=30 0C len=8
frame=01 04 00 00 00 09 30 0C
[2026-04-17 09:25:55] [INFO] [接收-帧] 09:25:55.906 设备ID=12002 module=PERIODIC id=ReadFoupStatus uuid=4 len=23
frame=01 04 12 93 80 76 DA 6E AA 1B AB 2C 8A 8D ED DC D5 29 BF C7 63 EC 45
[2026-04-17 09:25:56] [INFO] [发送] 09:25:56.904 设备ID=12002 module=PERIODIC id=ReadFoupStatus uuid=4 sendCount=1/1 timeout=1000ms crc=30 0C len=8
frame=01 04 00 00 00 09 30 0C
[2026-04-17 09:25:57] [INFO] [接收-帧] 09:25:57.001 设备ID=12002 module=PERIODIC id=ReadFoupStatus uuid=4 len=23
frame=01 04 12 46 B6 2F 92 E7 C7 46 C8 E0 C2 71 86 D3 4F 97 A0 8C 63 7A 5B
[2026-04-17 09:25:58] [INFO] [发送] 09:25:58.005 设备ID=12002 module=PERIODIC id=ReadFoupStatus uuid=4 sendCount=1/1 timeout=1000ms crc=30 0C len=8
frame=01 04 00 00 00 09 30 0C
[2026-04-17 09:25:58] [INFO] [接收-帧] 09:25:58.094 设备ID=12002 module=PERIODIC id=ReadFoupStatus uuid=4 len=23
frame=01 04 12 8B 91 60 14 B8 C3 FE F0 FE 35 FE 0A 95 EA 51 C4 36 11 A1 1E
[2026-04-17 09:25:59] [INFO] [发送] 09:25:59.089 设备ID=12002 module=PERIODIC id=ReadFoupStatus uuid=4 sendCount=1/1 timeout=1000ms crc=30 0C len=8
frame=01 04 00 00 00 09 30 0C
[2026-04-17 09:25:59] [INFO] [接收-帧] 09:25:59.191 设备ID=12002 module=PERIODIC id=ReadFoupStatus uuid=4 len=23
frame=01 04 12 AC 60 1E D1 B9 16 BD D7 5E EA E2 5F 81 A0 CA 12 A0 6F 48 66
[2026-04-17 09:26:00] [INFO] [发送] 09:26:00.195 设备ID=12002 module=PERIODIC id=ReadFoupStatus uuid=4 sendCount=1/1 timeout=1000ms crc=30 0C len=8
frame=01 04 00 00 00 09 30 0C
[2026-04-17 09:26:00] [INFO] [接收-帧] 09:26:00.282 设备ID=12002 module=PERIODIC id=ReadFoupStatus uuid=4 len=23
frame=01 04 12 05 77 9B 44 F9 46 55 66 F1 13 21 3E 8E 0A 8E E0 AE 9A 4C DB
[2026-04-17 09:26:01] [INFO] [发送] 09:26:01.283 设备ID=12002 module=PERIODIC id=ReadFoupStatus uuid=4 sendCount=1/1 timeout=1000ms crc=30 0C len=8
frame=01 04 00 00 00 09 30 0C
[2026-04-17 09:26:01] [INFO] [接收-帧] 09:26:01.379 设备ID=12002 module=PERIODIC id=ReadFoupStatus uuid=4 len=23
frame=01 04 12 78 21 20 1F B4 C1 32 EE C7 BF 35 D1 6E 24 20 00 42 E2 BD C9
[2026-04-17 09:26:02] [INFO] [发送] 09:26:02.377 设备ID=12002 module=PERIODIC id=ReadFoupStatus uuid=4 sendCount=1/1 timeout=1000ms crc=30 0C len=8
frame=01 04 00 00 00 09 30 0C
[2026-04-17 09:26:02] [INFO] [接收-帧] 09:26:02.469 设备ID=12002 module=PERIODIC id=ReadFoupStatus uuid=4 len=23
frame=01 04 12 E5 AE 20 34 A1 F9 2F 9B 2B FD 9C A8 CA A0 4B 06 43 E7 FA 90
[2026-04-17 09:26:03] [INFO] [发送] 09:26:03.461 设备ID=12002 module=PERIODIC id=ReadFoupStatus uuid=4 sendCount=1/1 timeout=1000ms crc=30 0C len=8
frame=01 04 00 00 00 09 30 0C
[2026-04-17 09:26:03] [INFO] [接收-帧] 09:26:03.562 设备ID=12002 module=PERIODIC id=ReadFoupStatus uuid=4 len=23
frame=01 04 12 3F 4B 19 28 C2 17 46 3A FA 67 7A 1F 88 2E 80 91 76 DA 14 66
[2026-04-17 09:26:04] [INFO] [发送] 09:26:04.573 设备ID=12002 module=PERIODIC id=ReadFoupStatus uuid=4 sendCount=1/1 timeout=1000ms crc=30 0C len=8
frame=01 04 00 00 00 09 30 0C
[2026-04-17 09:26:04] [INFO] [接收-帧] 09:26:04.660 设备ID=12002 module=PERIODIC id=ReadFoupStatus uuid=4 len=23
frame=01 04 12 45 F9 74 5C 97 9F 4A A8 12 DE DF EB CC 81 D4 67 07 F8 18 B8
[2026-04-17 09:26:05] [INFO] [发送] 09:26:05.652 设备ID=12002 module=PERIODIC id=ReadFoupStatus uuid=4 sendCount=1/1 timeout=1000ms crc=30 0C len=8
frame=01 04 00 00 00 09 30 0C
[2026-04-17 09:26:05] [INFO] [接收-帧] 09:26:05.754 设备ID=12002 module=PERIODIC id=ReadFoupStatus uuid=4 len=23
frame=01 04 12 BB 01 42 FF 25 67 4F E0 6D 98 D1 DC EC 12 51 F4 54 C9 28 B7
[2026-04-17 09:26:06] [INFO] [发送] 09:26:06.753 设备ID=12002 module=PERIODIC id=ReadFoupStatus uuid=4 sendCount=1/1 timeout=1000ms crc=30 0C len=8
frame=01 04 00 00 00 09 30 0C
[2026-04-17 09:26:06] [INFO] [接收-帧] 09:26:06.858 设备ID=12002 module=PERIODIC id=ReadFoupStatus uuid=4 len=23
frame=01 04 12 D9 87 01 8B 01 DB F6 80 4A 58 2E EF EB 3D DB 61 25 6D 5C 98
[2026-04-17 09:26:07] [INFO] [发送] 09:26:07.859 设备ID=12002 module=PERIODIC id=ReadFoupStatus uuid=4 sendCount=1/1 timeout=1000ms crc=30 0C len=8
frame=01 04 00 00 00 09 30 0C
[2026-04-17 09:26:07] [INFO] [接收-帧] 09:26:07.938 设备ID=12002 module=PERIODIC id=ReadFoupStatus uuid=4 len=23
frame=01 04 12 08 2E E6 51 AC B4 D7 96 15 50 A5 B9 EF DD 2D A3 9F 81 8E 56
[2026-04-17 09:26:08] [INFO] [发送] 09:26:08.932 设备ID=12002 module=PERIODIC id=ReadFoupStatus uuid=4 sendCount=1/1 timeout=1000ms crc=30 0C len=8
frame=01 04 00 00 00 09 30 0C
[2026-04-17 09:26:09] [INFO] [接收-帧] 09:26:09.034 设备ID=12002 module=PERIODIC id=ReadFoupStatus uuid=4 len=23
frame=01 04 12 54 89 A0 95 D7 84 40 38 BD 59 79 E8 36 55 74 B6 49 BE 94 E7
[2026-04-17 09:26:10] [INFO] [发送] 09:26:10.025 设备ID=12002 module=PERIODIC id=ReadFoupStatus uuid=4 sendCount=1/1 timeout=1000ms crc=30 0C len=8
frame=01 04 00 00 00 09 30 0C
[2026-04-17 09:26:10] [INFO] [接收-帧] 09:26:10.133 设备ID=12002 module=PERIODIC id=ReadFoupStatus uuid=4 len=23
frame=01 04 12 58 48 3F 1B FA 01 B3 5C 58 C0 59 1B F2 FC E5 CA 29 42 99 C7
[2026-04-17 09:26:11] [INFO] [发送] 09:26:11.141 设备ID=12002 module=PERIODIC id=ReadFoupStatus uuid=4 sendCount=1/1 timeout=1000ms crc=30 0C len=8
frame=01 04 00 00 00 09 30 0C
[2026-04-17 09:26:11] [INFO] [接收-帧] 09:26:11.217 设备ID=12002 module=PERIODIC id=ReadFoupStatus uuid=4 len=23
frame=01 04 12 C6 AA 54 7B BF E9 AB B8 DE B2 47 DD 1F 94 C7 C9 95 CE 36 AF
[2026-04-17 09:26:12] [INFO] [发送] 09:26:12.225 设备ID=12002 module=PERIODIC id=ReadFoupStatus uuid=4 sendCount=1/1 timeout=1000ms crc=30 0C len=8
frame=01 04 00 00 00 09 30 0C
[2026-04-17 09:26:12] [INFO] [接收-帧] 09:26:12.317 设备ID=12002 module=PERIODIC id=ReadFoupStatus uuid=4 len=23
frame=01 04 12 5F F6 58 06 7A 1B C7 D6 46 21 92 D7 BB E3 86 ED 1A E1 95 D3
[2026-04-17 09:26:13] [INFO] [发送] 09:26:13.319 设备ID=12002 module=PERIODIC id=ReadFoupStatus uuid=4 sendCount=1/1 timeout=1000ms crc=30 0C len=8
frame=01 04 00 00 00 09 30 0C
[2026-04-17 09:26:13] [INFO] [接收-帧] 09:26:13.405 设备ID=12002 module=PERIODIC id=ReadFoupStatus uuid=4 len=23
frame=01 04 12 AA EE 5C 85 13 32 58 A1 41 A3 49 BA B5 C0 E7 05 EC C3 34 A5
[2026-04-17 09:26:14] [INFO] [发送] 09:26:14.415 设备ID=12002 module=PERIODIC id=ReadFoupStatus uuid=4 sendCount=1/1 timeout=1000ms crc=30 0C len=8
frame=01 04 00 00 00 09 30 0C
[2026-04-17 09:26:14] [INFO] [接收-帧] 09:26:14.524 设备ID=12002 module=PERIODIC id=ReadFoupStatus uuid=4 len=23
frame=01 04 12 68 F4 51 6E 4F 0F 6E A2 B6 3A D4 DE 80 39 42 61 91 C4 A1 3D
[2026-04-17 09:26:15] [INFO] [发送] 09:26:15.665 设备ID=12002 module=PERIODIC id=ReadFoupStatus uuid=4 sendCount=1/1 timeout=1000ms crc=30 0C len=8
frame=01 04 00 00 00 09 30 0C
[2026-04-17 09:26:15] [INFO] [接收-帧] 09:26:15.729 设备ID=12002 module=PERIODIC id=ReadFoupStatus uuid=4 len=23
frame=01 04 12 1E 4A 82 AA 0C DE 9C B5 7E 39 EE DF 29 33 0A 55 4D 16 15 72
[2026-04-17 09:26:16] [INFO] [发送] 09:26:16.738 设备ID=12002 module=PERIODIC id=ReadFoupStatus uuid=4 sendCount=1/1 timeout=1000ms crc=30 0C len=8
frame=01 04 00 00 00 09 30 0C
[2026-04-17 09:26:16] [INFO] [接收-帧] 09:26:16.800 设备ID=12002 module=PERIODIC id=ReadFoupStatus uuid=4 len=23
frame=01 04 12 2D FC 2F 57 47 A0 53 48 1C 87 B4 D3 96 8A BD 40 97 E2 49 CF
[2026-04-17 09:26:17] [INFO] [发送] 09:26:17.799 设备ID=12002 module=PERIODIC id=ReadFoupStatus uuid=4 sendCount=1/1 timeout=1000ms crc=30 0C len=8
frame=01 04 00 00 00 09 30 0C
[2026-04-17 09:26:17] [INFO] [接收-帧] 09:26:17.942 设备ID=12002 module=PERIODIC id=ReadFoupStatus uuid=4 len=23
frame=01 04 12 E9 7E CD E8 A0 A5 E8 C4 DA 13 9C E4 EF 4D D9 BA 90 EE A4 92
[2026-04-17 09:26:18] [INFO] [发送] 09:26:18.934 设备ID=12002 module=PERIODIC id=ReadFoupStatus uuid=4 sendCount=1/1 timeout=1000ms crc=30 0C len=8
frame=01 04 00 00 00 09 30 0C
[2026-04-17 09:26:18] [INFO] [接收-帧] 09:26:18.985 设备ID=12002 module=PERIODIC id=ReadFoupStatus uuid=4 len=23
frame=01 04 12 8D FE A1 92 30 1D 31 EA F6 50 2C 77 DE BD C1 30 21 BE 66 31
[2026-04-17 09:26:19] [INFO] [发送] 09:26:19.979 设备ID=12002 module=PERIODIC id=ReadFoupStatus uuid=4 sendCount=1/1 timeout=1000ms crc=30 0C len=8
frame=01 04 00 00 00 09 30 0C
[2026-04-17 09:26:20] [INFO] [接收-帧] 09:26:20.084 设备ID=12002 module=PERIODIC id=ReadFoupStatus uuid=4 len=23
frame=01 04 12 45 62 25 17 FE A8 E4 AF EB 4D A2 9F D1 69 68 85 B1 5D 69 07
[2026-04-17 09:26:21] [INFO] [发送] 09:26:21.087 设备ID=12002 module=PERIODIC id=ReadFoupStatus uuid=4 sendCount=1/1 timeout=1000ms crc=30 0C len=8
frame=01 04 00 00 00 09 30 0C
[2026-04-17 09:26:21] [INFO] [接收-帧] 09:26:21.173 设备ID=12002 module=PERIODIC id=ReadFoupStatus uuid=4 len=23
frame=01 04 12 DE B3 36 31 44 7B 68 1B 59 9F BC 1D CC 52 36 B8 4C 53 A4 3E
[2026-04-17 09:26:22] [INFO] [发送] 09:26:22.165 设备ID=12002 module=PERIODIC id=ReadFoupStatus uuid=4 sendCount=1/1 timeout=1000ms crc=30 0C len=8
frame=01 04 00 00 00 09 30 0C
[2026-04-17 09:26:22] [INFO] [接收-帧] 09:26:22.596 设备ID=12002 module=PERIODIC id=ReadFoupStatus uuid=4 len=23
frame=01 04 12 F4 FF D2 7C 23 9C 6D 42 3C 2E 19 66 B0 D0 CA 1D 0E EF C6 AE
[2026-04-17 09:26:23] [INFO] [发送] 09:26:23.717 设备ID=12002 module=PERIODIC id=ReadFoupStatus uuid=4 sendCount=1/1 timeout=1000ms crc=30 0C len=8
frame=01 04 00 00 00 09 30 0C
[2026-04-17 09:26:23] [INFO] [接收-帧] 09:26:23.800 设备ID=12002 module=PERIODIC id=ReadFoupStatus uuid=4 len=23
frame=01 04 12 84 90 7E 14 81 5A 26 1B 61 BA A2 34 B0 75 33 41 B2 46 8D 41
[2026-04-17 09:26:24] [INFO] [发送] 09:26:24.803 设备ID=12002 module=PERIODIC id=ReadFoupStatus uuid=4 sendCount=1/1 timeout=1000ms crc=30 0C len=8
frame=01 04 00 00 00 09 30 0C
[2026-04-17 09:26:24] [INFO] [接收-帧] 09:26:24.891 设备ID=12002 module=PERIODIC id=ReadFoupStatus uuid=4 len=23
frame=01 04 12 5F A7 4A 39 91 9D D3 64 8E 1E 0A 44 CD 80 69 A8 4B 0F 16 2E
[2026-04-17 09:26:25] [INFO] [发送] 09:26:25.892 设备ID=12002 module=PERIODIC id=ReadFoupStatus uuid=4 sendCount=1/1 timeout=1000ms crc=30 0C len=8
frame=01 04 00 00 00 09 30 0C
[2026-04-17 09:26:25] [INFO] [接收-帧] 09:26:25.983 设备ID=12002 module=PERIODIC id=ReadFoupStatus uuid=4 len=23
frame=01 04 12 9D BA 2C 13 BA F5 15 C1 A9 79 59 2E 81 4E A0 5C E8 08 2F 00
[2026-04-17 09:26:27] [INFO] [发送] 09:26:27.169 设备ID=12002 module=PERIODIC id=ReadFoupStatus uuid=4 sendCount=1/1 timeout=1000ms crc=30 0C len=8
frame=01 04 00 00 00 09 30 0C
[2026-04-17 09:26:27] [INFO] [接收-帧] 09:26:27.194 设备ID=12002 module=PERIODIC id=ReadFoupStatus uuid=4 len=23
frame=01 04 12 EE 65 E7 58 90 35 9B 7F 6B FB B7 A9 8A D6 52 BD 20 BE 22 6E
[2026-04-17 09:26:28] [INFO] [发送] 09:26:28.180 设备ID=12002 module=PERIODIC id=ReadFoupStatus uuid=4 sendCount=1/1 timeout=1000ms crc=30 0C len=8
frame=01 04 00 00 00 09 30 0C
[2026-04-17 09:26:28] [INFO] [接收-帧] 09:26:28.304 设备ID=12002 module=PERIODIC id=ReadFoupStatus uuid=4 len=23
frame=01 04 12 04 EF 6F CC AF 25 7F A9 FF 15 B9 35 2D 83 EF 97 B7 B3 E7 17
[2026-04-17 09:26:29] [INFO] [发送] 09:26:29.324 设备ID=12002 module=PERIODIC id=ReadFoupStatus uuid=4 sendCount=1/1 timeout=1000ms crc=30 0C len=8
frame=01 04 00 00 00 09 30 0C
[2026-04-17 09:26:29] [INFO] [接收-帧] 09:26:29.392 设备ID=12002 module=PERIODIC id=ReadFoupStatus uuid=4 len=23
frame=01 04 12 12 38 AB 83 04 57 6F 32 41 F0 3F 1D 8D 99 C6 81 82 DB B4 8E
[2026-04-17 09:26:30] [INFO] [发送] 09:26:30.387 设备ID=12002 module=PERIODIC id=ReadFoupStatus uuid=4 sendCount=1/1 timeout=1000ms crc=30 0C len=8
frame=01 04 00 00 00 09 30 0C
[2026-04-17 09:26:30] [INFO] [接收-帧] 09:26:30.469 设备ID=12002 module=PERIODIC id=ReadFoupStatus uuid=4 len=23
frame=01 04 12 16 CC 02 32 5A 50 FB 05 8E 6A E0 D5 D4 EB 46 9C 51 BA 4D 52
[2026-04-17 09:26:31] [INFO] [发送] 09:26:31.731 设备ID=12002 module=PERIODIC id=ReadFoupStatus uuid=4 sendCount=1/1 timeout=1000ms crc=30 0C len=8
frame=01 04 00 00 00 09 30 0C
[2026-04-17 09:26:31] [INFO] [接收-帧] 09:26:31.786 设备ID=12002 module=PERIODIC id=ReadFoupStatus uuid=4 len=23
frame=01 04 12 87 D1 B8 19 69 38 EA C2 5E 23 4E 2A 21 5D DC 41 CC A7 57 8C
[2026-04-17 09:26:32] [INFO] [发送] 09:26:32.779 设备ID=12002 module=PERIODIC id=ReadFoupStatus uuid=4 sendCount=1/1 timeout=1000ms crc=30 0C len=8
frame=01 04 00 00 00 09 30 0C
[2026-04-17 09:26:32] [INFO] [接收-帧] 09:26:32.876 设备ID=12002 module=PERIODIC id=ReadFoupStatus uuid=4 len=23
frame=01 04 12 75 67 27 B4 1F D6 C5 A3 78 7D 6D 32 AA FA A1 48 3C EB 4A 48
[2026-04-17 09:26:33] [INFO] [发送] 09:26:33.874 设备ID=12002 module=PERIODIC id=ReadFoupStatus uuid=4 sendCount=1/1 timeout=1000ms crc=30 0C len=8
frame=01 04 00 00 00 09 30 0C
[2026-04-17 09:26:33] [INFO] [接收-帧] 09:26:33.972 设备ID=12002 module=PERIODIC id=ReadFoupStatus uuid=4 len=23
frame=01 04 12 43 62 E0 0C DA 6C 21 A8 2C 10 32 5A 76 D6 E4 AF 3F 53 10 FB
[2026-04-17 09:26:35] [INFO] [发送] 09:26:35.069 设备ID=12002 module=PERIODIC id=ReadFoupStatus uuid=4 sendCount=1/1 timeout=1000ms crc=30 0C len=8
frame=01 04 00 00 00 09 30 0C
[2026-04-17 09:26:35] [INFO] [接收-帧] 09:26:35.184 设备ID=12002 module=PERIODIC id=ReadFoupStatus uuid=4 len=23
frame=01 04 12 68 6D E2 2B 73 63 E2 66 B3 98 4A 88 15 90 32 69 95 EC 6B 6A
[2026-04-17 09:26:36] [INFO] [发送] 09:26:36.198 设备ID=12002 module=PERIODIC id=ReadFoupStatus uuid=4 sendCount=1/1 timeout=1000ms crc=30 0C len=8
frame=01 04 00 00 00 09 30 0C
[2026-04-17 09:26:36] [INFO] [接收-帧] 09:26:36.266 设备ID=12002 module=PERIODIC id=ReadFoupStatus uuid=4 len=23
frame=01 04 12 78 18 61 0A B8 A0 8B 91 A5 5D 72 01 D1 36 D3 97 04 93 25 CA
[2026-04-17 09:26:37] [INFO] [发送] 09:26:37.269 设备ID=12002 module=PERIODIC id=ReadFoupStatus uuid=4 sendCount=1/1 timeout=1000ms crc=30 0C len=8
frame=01 04 00 00 00 09 30 0C
[2026-04-17 09:26:37] [INFO] [接收-帧] 09:26:37.366 设备ID=12002 module=PERIODIC id=ReadFoupStatus uuid=4 len=23
frame=01 04 12 C8 52 47 B8 F6 69 A8 99 94 86 4E B9 D6 C4 E5 5C 34 53 97 C8
[2026-04-17 09:26:38] [INFO] [发送] 09:26:38.356 设备ID=12002 module=PERIODIC id=ReadFoupStatus uuid=4 sendCount=1/1 timeout=1000ms crc=30 0C len=8
frame=01 04 00 00 00 09 30 0C
[2026-04-17 09:26:38] [INFO] [接收-帧] 09:26:38.458 设备ID=12002 module=PERIODIC id=ReadFoupStatus uuid=4 len=23
frame=01 04 12 B7 36 7C FE 7F 22 9A 28 58 29 49 09 79 63 E8 AE D0 24 CF 57
[2026-04-17 09:26:39] [INFO] [发送] 09:26:39.447 设备ID=12002 module=PERIODIC id=ReadFoupStatus uuid=4 sendCount=1/1 timeout=1000ms crc=30 0C len=8
frame=01 04 00 00 00 09 30 0C
[2026-04-17 09:26:39] [INFO] [接收-帧] 09:26:39.551 设备ID=12002 module=PERIODIC id=ReadFoupStatus uuid=4 len=23
frame=01 04 12 10 03 AD 67 04 35 6A 36 55 C8 97 E8 B3 3C 93 2D 33 FA 7E 0E
[2026-04-17 09:26:40] [INFO] [发送] 09:26:40.550 设备ID=12002 module=PERIODIC id=ReadFoupStatus uuid=4 sendCount=1/1 timeout=1000ms crc=30 0C len=8
frame=01 04 00 00 00 09 30 0C
[2026-04-17 09:26:40] [INFO] [接收-帧] 09:26:40.644 设备ID=12002 module=PERIODIC id=ReadFoupStatus uuid=4 len=23
frame=01 04 12 A5 8F 42 2D 39 3E B9 22 78 DE 1A DC E8 32 E8 A0 60 32 90 31
[2026-04-17 09:26:41] [INFO] [发送] 09:26:41.714 设备ID=12002 module=PERIODIC id=ReadFoupStatus uuid=4 sendCount=1/1 timeout=1000ms crc=30 0C len=8
frame=01 04 00 00 00 09 30 0C
[2026-04-17 09:26:41] [INFO] [接收-帧] 09:26:41.737 设备ID=12002 module=PERIODIC id=ReadFoupStatus uuid=4 len=23
frame=01 04 12 44 64 2C BF 40 98 E6 DA 79 FD 32 C9 2E 69 23 65 9F 68 7A 45
[2026-04-17 09:26:42] [INFO] [发送] 09:26:42.861 设备ID=12002 module=PERIODIC id=ReadFoupStatus uuid=4 sendCount=1/1 timeout=1000ms crc=30 0C len=8
frame=01 04 00 00 00 09 30 0C
[2026-04-17 09:26:42] [INFO] [接收-帧] 09:26:42.942 设备ID=12002 module=PERIODIC id=ReadFoupStatus uuid=4 len=23
frame=01 04 12 25 14 D1 BE EE 22 E6 E0 9B 99 FD EA C6 93 0E AD 75 AE 6F 30
[2026-04-17 09:26:43] [INFO] [发送] 09:26:43.938 设备ID=12002 module=PERIODIC id=ReadFoupStatus uuid=4 sendCount=1/1 timeout=1000ms crc=30 0C len=8
frame=01 04 00 00 00 09 30 0C
[2026-04-17 09:26:44] [INFO] [接收-帧] 09:26:44.030 设备ID=12002 module=PERIODIC id=ReadFoupStatus uuid=4 len=23
frame=01 04 12 2C DF 13 0F 79 DE 39 50 C2 B3 38 4A 3D E3 B7 2F E3 C0 1B F5
[2026-04-17 09:26:45] [INFO] [发送] 09:26:45.027 设备ID=12002 module=PERIODIC id=ReadFoupStatus uuid=4 sendCount=1/1 timeout=1000ms crc=30 0C len=8
frame=01 04 00 00 00 09 30 0C
[2026-04-17 09:26:45] [INFO] [接收-帧] 09:26:45.129 设备ID=12002 module=PERIODIC id=ReadFoupStatus uuid=4 len=23
frame=01 04 12 6D 87 90 B2 6E 0A 82 DE 47 DF 57 E3 F1 0D 68 D2 C7 DF 38 4C
[2026-04-17 09:26:46] [INFO] [发送] 09:26:46.126 设备ID=12002 module=PERIODIC id=ReadFoupStatus uuid=4 sendCount=1/1 timeout=1000ms crc=30 0C len=8
frame=01 04 00 00 00 09 30 0C
[2026-04-17 09:26:46] [INFO] [接收-帧] 09:26:46.221 设备ID=12002 module=PERIODIC id=ReadFoupStatus uuid=4 len=23
frame=01 04 12 23 FA D8 03 D5 39 61 C5 4B EA 93 B1 60 6D 7A BE F0 68 6B 4D
[2026-04-17 09:26:47] [INFO] [发送] 09:26:47.216 设备ID=12002 module=PERIODIC id=ReadFoupStatus uuid=4 sendCount=1/1 timeout=1000ms crc=30 0C len=8
frame=01 04 00 00 00 09 30 0C
[2026-04-17 09:26:47] [INFO] [接收-帧] 09:26:47.311 设备ID=12002 module=PERIODIC id=ReadFoupStatus uuid=4 len=23
frame=01 04 12 E6 AB 9F 7C DB 5B E3 BD D9 23 D0 91 28 DA 36 2D E6 B3 3F FA
[2026-04-17 09:26:48] [INFO] [发送] 09:26:48.316 设备ID=12002 module=PERIODIC id=ReadFoupStatus uuid=4 sendCount=1/1 timeout=1000ms crc=30 0C len=8
frame=01 04 00 00 00 09 30 0C
[2026-04-17 09:26:48] [INFO] [接收-帧] 09:26:48.410 设备ID=12002 module=PERIODIC id=ReadFoupStatus uuid=4 len=23
frame=01 04 12 EF 57 9D 63 19 82 41 04 E6 AD AF 91 73 47 2E C4 08 3E B0 54
[2026-04-17 09:26:49] [INFO] [发送] 09:26:49.408 设备ID=12002 module=PERIODIC id=ReadFoupStatus uuid=4 sendCount=1/1 timeout=1000ms crc=30 0C len=8
frame=01 04 00 00 00 09 30 0C
[2026-04-17 09:26:49] [INFO] [接收-帧] 09:26:49.568 设备ID=12002 module=PERIODIC id=ReadFoupStatus uuid=4 len=23
frame=01 04 12 1B D6 3E E1 E9 85 46 46 C1 75 BF 1C 43 AC 27 C3 74 06 3C DA
[2026-04-17 09:26:50] [INFO] [发送] 09:26:50.595 设备ID=12002 module=PERIODIC id=ReadFoupStatus uuid=4 sendCount=1/1 timeout=1000ms crc=30 0C len=8
frame=01 04 00 00 00 09 30 0C
[2026-04-17 09:26:50] [INFO] [接收-帧] 09:26:50.708 设备ID=12002 module=PERIODIC id=ReadFoupStatus uuid=4 len=23
frame=01 04 12 FA E6 FD B8 C0 0E 51 EE 93 E4 39 21 4D 89 75 37 1C 10 C2 88
[2026-04-17 09:26:51] [INFO] [发送] 09:26:51.699 设备ID=12002 module=PERIODIC id=ReadFoupStatus uuid=4 sendCount=1/1 timeout=1000ms crc=30 0C len=8
frame=01 04 00 00 00 09 30 0C
[2026-04-17 09:26:51] [INFO] [接收-帧] 09:26:51.811 设备ID=12002 module=PERIODIC id=ReadFoupStatus uuid=4 len=23
frame=01 04 12 5E 88 A7 4F 5D 4A 92 A9 85 E6 B1 E7 E3 FF 8A E2 CA 8F 7C 53
[2026-04-17 09:26:52] [INFO] [发送] 09:26:52.808 设备ID=12002 module=PERIODIC id=ReadFoupStatus uuid=4 sendCount=1/1 timeout=1000ms crc=30 0C len=8
frame=01 04 00 00 00 09 30 0C
[2026-04-17 09:26:52] [INFO] [接收-帧] 09:26:52.888 设备ID=12002 module=PERIODIC id=ReadFoupStatus uuid=4 len=23
frame=01 04 12 41 E3 BC 33 F6 4F 07 2A 95 36 C3 E7 A8 D6 6E 8E 8A 5A A3 70
[2026-04-17 09:26:53] [INFO] [发送] 09:26:53.888 设备ID=12002 module=PERIODIC id=ReadFoupStatus uuid=4 sendCount=1/1 timeout=1000ms crc=30 0C len=8
frame=01 04 00 00 00 09 30 0C
[2026-04-17 09:26:53] [INFO] [接收-帧] 09:26:53.986 设备ID=12002 module=PERIODIC id=ReadFoupStatus uuid=4 len=23
frame=01 04 12 70 29 BE 6E B4 D5 44 9E B2 66 08 0F 9B 10 61 EA FD E7 0B 53
[2026-04-17 09:26:54] [INFO] [发送] 09:26:54.988 设备ID=12002 module=PERIODIC id=ReadFoupStatus uuid=4 sendCount=1/1 timeout=1000ms crc=30 0C len=8
frame=01 04 00 00 00 09 30 0C
[2026-04-17 09:26:55] [INFO] [接收-帧] 09:26:55.098 设备ID=12002 module=PERIODIC id=ReadFoupStatus uuid=4 len=23
frame=01 04 12 46 40 1F 7E 0E AC 69 0F A0 48 92 19 68 E4 51 FF 11 C0 03 48
[2026-04-17 09:26:56] [INFO] [发送] 09:26:56.099 设备ID=12002 module=PERIODIC id=ReadFoupStatus uuid=4 sendCount=1/1 timeout=1000ms crc=30 0C len=8
frame=01 04 00 00 00 09 30 0C
[2026-04-17 09:26:56] [INFO] [接收-帧] 09:26:56.216 设备ID=12002 module=PERIODIC id=ReadFoupStatus uuid=4 len=23
frame=01 04 12 B5 A3 DE 0A A4 3D 16 02 9B 57 FD BB F5 8D A0 BA 4C FB B9 C5
[2026-04-17 09:26:57] [INFO] [发送] 09:26:57.217 设备ID=12002 module=PERIODIC id=ReadFoupStatus uuid=4 sendCount=1/1 timeout=1000ms crc=30 0C len=8
frame=01 04 00 00 00 09 30 0C
[2026-04-17 09:26:57] [INFO] [接收-帧] 09:26:57.301 设备ID=12002 module=PERIODIC id=ReadFoupStatus uuid=4 len=23
frame=01 04 12 0A F3 C8 C7 30 B2 75 C0 FE 11 70 94 DA 63 DE 74 0E 3A 67 23
[2026-04-17 09:26:58] [INFO] [发送] 09:26:58.295 设备ID=12002 module=PERIODIC id=ReadFoupStatus uuid=4 sendCount=1/1 timeout=1000ms crc=30 0C len=8
frame=01 04 00 00 00 09 30 0C
[2026-04-17 09:26:58] [INFO] [接收-帧] 09:26:58.357 设备ID=12002 module=PERIODIC id=ReadFoupStatus uuid=4 len=23
frame=01 04 12 8B 81 86 73 61 4E 20 1E 39 87 1D A5 6E 06 69 86 F3 7E 8E 4E
[2026-04-17 09:26:59] [INFO] [发送] 09:26:59.359 设备ID=12002 module=PERIODIC id=ReadFoupStatus uuid=4 sendCount=1/1 timeout=1000ms crc=30 0C len=8
frame=01 04 00 00 00 09 30 0C
[2026-04-17 09:26:59] [INFO] [接收-帧] 09:26:59.454 设备ID=12002 module=PERIODIC id=ReadFoupStatus uuid=4 len=23
frame=01 04 12 63 46 A6 7B F5 A8 2F 80 57 D1 D0 FB 72 2C 89 58 F2 F6 7D 76
[2026-04-17 09:27:00] [INFO] [发送] 09:27:00.453 设备ID=12002 module=PERIODIC id=ReadFoupStatus uuid=4 sendCount=1/1 timeout=1000ms crc=30 0C len=8
frame=01 04 00 00 00 09 30 0C
[2026-04-17 09:27:00] [INFO] [接收-帧] 09:27:00.548 设备ID=12002 module=PERIODIC id=ReadFoupStatus uuid=4 len=23
frame=01 04 12 4F AD 6C 72 6F 46 19 4F 23 D3 57 BD 2E 90 06 8B D1 63 89 19
[2026-04-17 09:27:01] [INFO] [发送] 09:27:01.542 设备ID=12002 module=PERIODIC id=ReadFoupStatus uuid=4 sendCount=1/1 timeout=1000ms crc=30 0C len=8
frame=01 04 00 00 00 09 30 0C
[2026-04-17 09:27:01] [INFO] [接收-帧] 09:27:01.643 设备ID=12002 module=PERIODIC id=ReadFoupStatus uuid=4 len=23
frame=01 04 12 B7 18 C3 D9 79 27 04 8E D2 08 3D 54 36 07 30 5B CF 11 7D B2
[2026-04-17 09:27:37] [INFO] [发送] 09:27:37.036 设备ID=12002 module=INITIAL id=ReadVersion uuid=3 sendCount=1/4 timeout=1000ms crc=B1 CD len=8
frame=01 04 00 18 00 01 B1 CD
[2026-04-17 09:27:37] [INFO] [接收-帧] 09:27:37.734 设备ID=12002 module=INITIAL id=ReadVersion uuid=3 len=7
frame=01 04 02 00 00 B9 30
[2026-04-17 09:27:37] [INFO] [发送] 09:27:37.734 设备ID=12002 module=PERIODIC id=ReadFoupStatus uuid=4 sendCount=1/1 timeout=1000ms crc=30 0C len=8
frame=01 04 00 00 00 09 30 0C
[2026-04-17 09:27:37] [INFO] [接收-帧] 09:27:37.802 设备ID=12002 module=PERIODIC id=ReadFoupStatus uuid=4 len=23
frame=01 04 12 D1 B6 40 EF D3 85 EE DC B1 51 EA DA 93 C3 34 1E 0F 04 9A 6B
[2026-04-17 09:27:38] [INFO] [发送] 09:27:38.790 设备ID=12002 module=PERIODIC id=ReadFoupStatus uuid=4 sendCount=1/1 timeout=1000ms crc=30 0C len=8
frame=01 04 00 00 00 09 30 0C
[2026-04-17 09:27:38] [INFO] [接收-帧] 09:27:38.895 设备ID=12002 module=PERIODIC id=ReadFoupStatus uuid=4 len=23
frame=01 04 12 0C A6 6A 44 59 A2 65 6D 7D 32 7D CA B6 DD B9 C3 4E 5E 87 BE
[2026-04-17 09:27:39] [INFO] [发送] 09:27:39.883 设备ID=12002 module=PERIODIC id=ReadFoupStatus uuid=4 sendCount=1/1 timeout=1000ms crc=30 0C len=8
frame=01 04 00 00 00 09 30 0C
[2026-04-17 09:27:39] [INFO] [接收-帧] 09:27:39.992 设备ID=12002 module=PERIODIC id=ReadFoupStatus uuid=4 len=23
frame=01 04 12 CE AD 68 BF B0 A7 F1 4D 46 02 9A 55 9E 37 05 F3 23 2F F9 E0
[2026-04-17 09:27:40] [INFO] [发送] 09:27:40.978 设备ID=12002 module=PERIODIC id=ReadFoupStatus uuid=4 sendCount=1/1 timeout=1000ms crc=30 0C len=8
frame=01 04 00 00 00 09 30 0C
[2026-04-17 09:27:41] [INFO] [接收-帧] 09:27:41.091 设备ID=12002 module=PERIODIC id=ReadFoupStatus uuid=4 len=23
frame=01 04 12 8B CB 55 1D 5E 95 FE F5 3A 12 68 5C B9 BF 5C EA 04 57 23 5C
[2026-04-17 09:27:42] [INFO] [发送] 09:27:42.101 设备ID=12002 module=PERIODIC id=ReadFoupStatus uuid=4 sendCount=1/1 timeout=1000ms crc=30 0C len=8
frame=01 04 00 00 00 09 30 0C
[2026-04-17 09:27:42] [INFO] [接收-帧] 09:27:42.180 设备ID=12002 module=PERIODIC id=ReadFoupStatus uuid=4 len=23
frame=01 04 12 F4 54 19 52 EC 1A AD 68 62 0D 6D 96 04 07 B4 F2 B3 F8 AE 2C
[2026-04-17 09:27:43] [INFO] [发送] 09:27:43.189 设备ID=12002 module=PERIODIC id=ReadFoupStatus uuid=4 sendCount=1/1 timeout=1000ms crc=30 0C len=8
frame=01 04 00 00 00 09 30 0C
[2026-04-17 09:27:43] [INFO] [接收-帧] 09:27:43.268 设备ID=12002 module=PERIODIC id=ReadFoupStatus uuid=4 len=23
frame=01 04 12 17 E0 3B 2A E9 C1 EB 4C 93 F8 EF 6B 0C CD F8 EA 72 97 FD AC
[2026-04-17 09:27:44] [INFO] [发送] 09:27:44.261 设备ID=12002 module=PERIODIC id=ReadFoupStatus uuid=4 sendCount=1/1 timeout=1000ms crc=30 0C len=8
frame=01 04 00 00 00 09 30 0C
[2026-04-17 09:27:44] [INFO] [接收-帧] 09:27:44.366 设备ID=12002 module=PERIODIC id=ReadFoupStatus uuid=4 len=23
frame=01 04 12 34 C7 32 88 75 CC 1C A8 A4 33 F3 EF D4 F3 35 34 AF DB 58 71
[2026-04-17 09:27:45] [INFO] [发送] 09:27:45.354 设备ID=12002 module=PERIODIC id=ReadFoupStatus uuid=4 sendCount=1/1 timeout=1000ms crc=30 0C len=8
frame=01 04 00 00 00 09 30 0C
[2026-04-17 09:27:45] [INFO] [接收-帧] 09:27:45.458 设备ID=12002 module=PERIODIC id=ReadFoupStatus uuid=4 len=23
frame=01 04 12 5C 4C 63 B3 72 7B BB 52 F5 38 82 7A D0 93 E1 76 C5 F2 66 4B
[2026-04-17 09:27:46] [INFO] [发送] 09:27:46.451 设备ID=12002 module=PERIODIC id=ReadFoupStatus uuid=4 sendCount=1/1 timeout=1000ms crc=30 0C len=8
frame=01 04 00 00 00 09 30 0C
[2026-04-17 09:27:46] [INFO] [接收-帧] 09:27:46.559 设备ID=12002 module=PERIODIC id=ReadFoupStatus uuid=4 len=23
frame=01 04 12 FD B1 8F 4A B0 BA 53 CD D1 84 91 D1 B4 51 87 97 7E BD A9 AB
[2026-04-17 09:27:47] [INFO] [发送] 09:27:47.560 设备ID=12002 module=PERIODIC id=ReadFoupStatus uuid=4 sendCount=1/1 timeout=1000ms crc=30 0C len=8
frame=01 04 00 00 00 09 30 0C
[2026-04-17 09:27:47] [INFO] [接收-帧] 09:27:47.675 设备ID=12002 module=PERIODIC id=ReadFoupStatus uuid=4 len=23
frame=01 04 12 88 52 79 CB 6D 17 09 45 F1 C3 A8 A4 AD BA 2E 36 1F CB 86 40
[2026-04-17 09:27:48] [INFO] [发送] 09:27:48.672 设备ID=12002 module=PERIODIC id=ReadFoupStatus uuid=4 sendCount=1/1 timeout=1000ms crc=30 0C len=8
frame=01 04 00 00 00 09 30 0C
[2026-04-17 09:27:48] [INFO] [接收-帧] 09:27:48.745 设备ID=12002 module=PERIODIC id=ReadFoupStatus uuid=4 len=23
frame=01 04 12 1C C0 2F CE 09 D6 9E 5B 84 CC 25 B6 E8 51 87 5F AF D4 2A F3
[2026-04-17 09:27:49] [INFO] [发送] 09:27:49.745 设备ID=12002 module=PERIODIC id=ReadFoupStatus uuid=4 sendCount=1/1 timeout=1000ms crc=30 0C len=8
frame=01 04 00 00 00 09 30 0C
[2026-04-17 09:27:49] [INFO] [接收-帧] 09:27:49.834 设备ID=12002 module=PERIODIC id=ReadFoupStatus uuid=4 len=23
frame=01 04 12 C9 E0 33 05 B0 62 F5 F0 F4 A2 47 B2 06 11 D2 59 BB DC 1F D0
[2026-04-17 09:27:50] [INFO] [发送] 09:27:50.821 设备ID=12002 module=PERIODIC id=ReadFoupStatus uuid=4 sendCount=1/1 timeout=1000ms crc=30 0C len=8
frame=01 04 00 00 00 09 30 0C
[2026-04-17 09:27:50] [INFO] [接收-帧] 09:27:50.925 设备ID=12002 module=PERIODIC id=ReadFoupStatus uuid=4 len=23
frame=01 04 12 D0 47 38 31 E1 16 30 B4 5F F5 39 56 BC D3 25 38 99 72 C9 2E
[2026-04-17 09:31:33] [INFO] [发送] 09:31:33.926 设备ID=12002 module=INITIAL id=ReadVersion uuid=3 sendCount=1/4 timeout=1000ms crc=B1 CD len=8
frame=01 04 00 18 00 01 B1 CD
[2026-04-17 09:31:34] [INFO] [接收-帧] 09:31:34.311 设备ID=12002 module=INITIAL id=ReadVersion uuid=3 len=7
frame=01 04 02 00 00 B9 30
[2026-04-17 09:31:34] [INFO] [发送] 09:31:34.311 设备ID=12002 module=PERIODIC id=ReadFoupStatus uuid=4 sendCount=1/1 timeout=1000ms crc=30 0C len=8
frame=01 04 00 00 00 09 30 0C
[2026-04-17 09:31:34] [INFO] [接收-帧] 09:31:34.363 设备ID=12002 module=PERIODIC id=ReadFoupStatus uuid=4 len=23
frame=01 04 12 46 95 92 B1 39 08 94 21 B2 6A 33 7E 26 D0 7D 1F 5A A0 92 B1
[2026-04-17 09:31:35] [INFO] [发送] 09:31:35.352 设备ID=12002 module=PERIODIC id=ReadFoupStatus uuid=4 sendCount=1/1 timeout=1000ms crc=30 0C len=8
frame=01 04 00 00 00 09 30 0C
[2026-04-17 09:31:35] [INFO] [接收-帧] 09:31:35.459 设备ID=12002 module=PERIODIC id=ReadFoupStatus uuid=4 len=23
frame=01 04 12 FB AA DD 2C F1 57 F7 17 5F C7 80 EB 30 D8 50 90 6F 39 E1 EA
[2026-04-17 09:31:36] [INFO] [发送] 09:31:36.448 设备ID=12002 module=PERIODIC id=ReadFoupStatus uuid=4 sendCount=1/1 timeout=1000ms crc=30 0C len=8
frame=01 04 00 00 00 09 30 0C
[2026-04-17 09:31:36] [INFO] [接收-帧] 09:31:36.547 设备ID=12002 module=PERIODIC id=ReadFoupStatus uuid=4 len=23
frame=01 04 12 6B B7 0E 98 C9 B5 77 AF 3C 7E 36 64 DF 91 7D 72 55 58 2A 7F
[2026-04-17 09:31:37] [INFO] [发送] 09:31:37.543 设备ID=12002 module=PERIODIC id=ReadFoupStatus uuid=4 sendCount=1/1 timeout=1000ms crc=30 0C len=8
frame=01 04 00 00 00 09 30 0C
[2026-04-17 09:31:37] [INFO] [接收-帧] 09:31:37.753 设备ID=12002 module=PERIODIC id=ReadFoupStatus uuid=4 len=23
frame=01 04 12 2D 12 B2 61 5D 74 17 9E 0A E2 0B 60 93 11 A4 F9 1F 1A 7D 54
[2026-04-17 09:31:38] [INFO] [发送] 09:31:38.745 设备ID=12002 module=PERIODIC id=ReadFoupStatus uuid=4 sendCount=1/1 timeout=1000ms crc=30 0C len=8
frame=01 04 00 00 00 09 30 0C
[2026-04-17 09:31:38] [INFO] [接收-帧] 09:31:38.847 设备ID=12002 module=PERIODIC id=ReadFoupStatus uuid=4 len=23
frame=01 04 12 0D 06 E5 6F F5 A7 31 80 87 53 3F B5 17 21 A3 73 04 97 2F 11
[2026-04-17 09:31:39] [INFO] [发送] 09:31:39.841 设备ID=12002 module=PERIODIC id=ReadFoupStatus uuid=4 sendCount=1/1 timeout=1000ms crc=30 0C len=8
frame=01 04 00 00 00 09 30 0C
[2026-04-17 09:31:39] [INFO] [接收-帧] 09:31:39.945 设备ID=12002 module=PERIODIC id=ReadFoupStatus uuid=4 len=23
frame=01 04 12 76 E8 58 43 66 79 EA 10 D0 4D 4A 02 2D 3A 3D 7A E2 B4 31 8E
[2026-04-17 09:31:40] [INFO] [发送] 09:31:40.930 设备ID=12002 module=PERIODIC id=ReadFoupStatus uuid=4 sendCount=1/1 timeout=1000ms crc=30 0C len=8
frame=01 04 00 00 00 09 30 0C
[2026-04-17 09:31:41] [INFO] [接收-帧] 09:31:41.036 设备ID=12002 module=PERIODIC id=ReadFoupStatus uuid=4 len=23
frame=01 04 12 1B C7 E1 66 24 4A C2 56 17 C0 21 38 07 B2 C4 6B 21 83 2C E5
[2026-04-17 09:31:42] [INFO] [发送] 09:31:42.031 设备ID=12002 module=PERIODIC id=ReadFoupStatus uuid=4 sendCount=1/1 timeout=1000ms crc=30 0C len=8
frame=01 04 00 00 00 09 30 0C
[2026-04-17 09:31:42] [INFO] [接收-帧] 09:31:42.132 设备ID=12002 module=PERIODIC id=ReadFoupStatus uuid=4 len=23
frame=01 04 12 D0 61 4A 08 8B DD 69 70 DF AA 26 0A DF 71 CA BD EA 23 7C 34
[2026-04-17 09:31:43] [INFO] [发送] 09:31:43.122 设备ID=12002 module=PERIODIC id=ReadFoupStatus uuid=4 sendCount=1/1 timeout=1000ms crc=30 0C len=8
frame=01 04 00 00 00 09 30 0C
[2026-04-17 09:31:43] [INFO] [接收-帧] 09:31:43.221 设备ID=12002 module=PERIODIC id=ReadFoupStatus uuid=4 len=23
frame=01 04 12 8C BE 0A 3C FC EA 7D E9 A2 40 94 78 EB 3A 1A 83 EA 1A D8 8E
[2026-04-17 09:31:44] [INFO] [发送] 09:31:44.211 设备ID=12002 module=PERIODIC id=ReadFoupStatus uuid=4 sendCount=1/1 timeout=1000ms crc=30 0C len=8
frame=01 04 00 00 00 09 30 0C
[2026-04-17 09:31:44] [INFO] [接收-帧] 09:31:44.318 设备ID=12002 module=PERIODIC id=ReadFoupStatus uuid=4 len=23
frame=01 04 12 0C EB 83 5E 2A 28 99 89 01 3A 0D D7 9C BF E2 C2 65 8A 7E 0E
[2026-04-17 09:31:45] [INFO] [发送] 09:31:45.311 设备ID=12002 module=PERIODIC id=ReadFoupStatus uuid=4 sendCount=1/1 timeout=1000ms crc=30 0C len=8
frame=01 04 00 00 00 09 30 0C
[2026-04-17 09:31:45] [INFO] [接收-帧] 09:31:45.414 设备ID=12002 module=PERIODIC id=ReadFoupStatus uuid=4 len=23
frame=01 04 12 91 C8 56 BD 4E A8 6B 9B 2C A0 0D 56 7A 84 DE 5A FA B3 6E 4B
[2026-04-17 09:31:46] [INFO] [发送] 09:31:46.424 设备ID=12002 module=PERIODIC id=ReadFoupStatus uuid=4 sendCount=1/1 timeout=1000ms crc=30 0C len=8
frame=01 04 00 00 00 09 30 0C
[2026-04-17 09:31:46] [INFO] [接收-帧] 09:31:46.502 设备ID=12002 module=PERIODIC id=ReadFoupStatus uuid=4 len=23
frame=01 04 12 B2 F2 0F 1F 03 AF 45 BC 10 56 E6 6E 9D 78 B6 DB 24 33 AA 7A
[2026-04-17 09:31:47] [INFO] [发送] 09:31:47.493 设备ID=12002 module=PERIODIC id=ReadFoupStatus uuid=4 sendCount=1/1 timeout=1000ms crc=30 0C len=8
frame=01 04 00 00 00 09 30 0C
[2026-04-17 09:31:47] [INFO] [接收-帧] 09:31:47.601 设备ID=12002 module=PERIODIC id=ReadFoupStatus uuid=4 len=23
frame=01 04 12 9A 86 68 E8 E6 36 71 58 B2 A1 B0 BB 6D CF BF D5 86 BF 2C 82
[2026-04-17 09:31:48] [INFO] [发送] 09:31:48.606 设备ID=12002 module=PERIODIC id=ReadFoupStatus uuid=4 sendCount=1/1 timeout=1000ms crc=30 0C len=8
frame=01 04 00 00 00 09 30 0C
[2026-04-17 09:31:48] [INFO] [接收-帧] 09:31:48.694 设备ID=12002 module=PERIODIC id=ReadFoupStatus uuid=4 len=23
frame=01 04 12 21 90 71 E0 AF 0A BF 09 0A F8 53 06 1F D9 EA 46 AC 3D AC 6C
[2026-04-17 09:31:49] [INFO] [发送] 09:31:49.681 设备ID=12002 module=PERIODIC id=ReadFoupStatus uuid=4 sendCount=1/1 timeout=1000ms crc=30 0C len=8
frame=01 04 00 00 00 09 30 0C
[2026-04-17 09:31:49] [INFO] [接收-帧] 09:31:49.786 设备ID=12002 module=PERIODIC id=ReadFoupStatus uuid=4 len=23
frame=01 04 12 00 EA 9B 1A 9D CF CF 50 A7 7A A2 73 E5 36 14 92 E0 81 90 E6
[2026-04-17 09:31:50] [INFO] [发送] 09:31:50.775 设备ID=12002 module=PERIODIC id=ReadFoupStatus uuid=4 sendCount=1/1 timeout=1000ms crc=30 0C len=8
frame=01 04 00 00 00 09 30 0C
[2026-04-17 09:31:50] [INFO] [接收-帧] 09:31:50.878 设备ID=12002 module=PERIODIC id=ReadFoupStatus uuid=4 len=23
frame=01 04 12 2F 61 19 5D D2 D9 BD F1 10 63 E8 97 CB B0 8D 68 6C D3 CB 91
[2026-04-17 09:31:51] [INFO] [发送] 09:31:51.873 设备ID=12002 module=PERIODIC id=ReadFoupStatus uuid=4 sendCount=1/1 timeout=1000ms crc=30 0C len=8
frame=01 04 00 00 00 09 30 0C
[2026-04-17 09:31:51] [INFO] [接收-帧] 09:31:51.972 设备ID=12002 module=PERIODIC id=ReadFoupStatus uuid=4 len=23
frame=01 04 12 AF 9A 58 62 40 80 F5 F7 00 0F 50 08 FD 65 4A ED E0 0F 36 67
[2026-04-17 09:31:52] [INFO] [发送] 09:31:52.963 设备ID=12002 module=PERIODIC id=ReadFoupStatus uuid=4 sendCount=1/1 timeout=1000ms crc=30 0C len=8
frame=01 04 00 00 00 09 30 0C
[2026-04-17 09:31:53] [INFO] [接收-帧] 09:31:53.070 设备ID=12002 module=PERIODIC id=ReadFoupStatus uuid=4 len=23
frame=01 04 12 33 45 2F 61 8C 76 4E 3C 51 A2 2D BC A6 9C 55 EA C9 0A 57 E1
[2026-04-17 09:31:54] [INFO] [发送] 09:31:54.084 设备ID=12002 module=PERIODIC id=ReadFoupStatus uuid=4 sendCount=1/1 timeout=1000ms crc=30 0C len=8
frame=01 04 00 00 00 09 30 0C
[2026-04-17 09:31:54] [INFO] [接收-帧] 09:31:54.161 设备ID=12002 module=PERIODIC id=ReadFoupStatus uuid=4 len=23
frame=01 04 12 CD BA 9F BB 6F 89 2E E8 92 DB 78 1F 84 C9 1B F5 63 B8 AD A5
[2026-04-17 09:31:55] [INFO] [发送] 09:31:55.153 设备ID=12002 module=PERIODIC id=ReadFoupStatus uuid=4 sendCount=1/1 timeout=1000ms crc=30 0C len=8
frame=01 04 00 00 00 09 30 0C
[2026-04-17 09:31:55] [INFO] [接收-帧] 09:31:55.256 设备ID=12002 module=PERIODIC id=ReadFoupStatus uuid=4 len=23
frame=01 04 12 6A CA 94 6F 97 37 5B F9 09 CE 07 C0 F3 7C 68 89 1F 89 95 3D
[2026-04-17 09:31:56] [INFO] [发送] 09:31:56.246 设备ID=12002 module=PERIODIC id=ReadFoupStatus uuid=4 sendCount=1/1 timeout=1000ms crc=30 0C len=8
frame=01 04 00 00 00 09 30 0C
[2026-04-17 09:31:56] [INFO] [接收-帧] 09:31:56.353 设备ID=12002 module=PERIODIC id=ReadFoupStatus uuid=4 len=23
frame=01 04 12 F0 EF 2D F8 F3 B0 6E 2E EA B3 97 38 32 88 52 06 50 27 0A 17
[2026-04-17 09:31:57] [INFO] [发送] 09:31:57.357 设备ID=12002 module=PERIODIC id=ReadFoupStatus uuid=4 sendCount=1/1 timeout=1000ms crc=30 0C len=8
frame=01 04 00 00 00 09 30 0C
[2026-04-17 09:31:57] [INFO] [接收-帧] 09:31:57.449 设备ID=12002 module=PERIODIC id=ReadFoupStatus uuid=4 len=23
frame=01 04 12 65 09 EB 9C 68 DE BA 8D A3 53 3E 2B 3B 35 20 F8 FE 9D 01 0E
[2026-04-17 09:31:58] [INFO] [发送] 09:31:58.460 设备ID=12002 module=PERIODIC id=ReadFoupStatus uuid=4 sendCount=1/1 timeout=1000ms crc=30 0C len=8
frame=01 04 00 00 00 09 30 0C
[2026-04-17 09:31:58] [INFO] [接收-帧] 09:31:58.539 设备ID=12002 module=PERIODIC id=ReadFoupStatus uuid=4 len=23
frame=01 04 12 66 AB C9 7E 6B B3 F9 AA 39 11 83 77 16 1C 8F F1 D2 EB 98 04
[2026-04-17 09:31:59] [INFO] [发送] 09:31:59.524 设备ID=12002 module=PERIODIC id=ReadFoupStatus uuid=4 sendCount=1/1 timeout=1000ms crc=30 0C len=8
frame=01 04 00 00 00 09 30 0C
[2026-04-17 09:31:59] [INFO] [接收-帧] 09:31:59.628 设备ID=12002 module=PERIODIC id=ReadFoupStatus uuid=4 len=23
frame=01 04 12 D4 EE BF B4 78 2F 9C 01 14 E8 F9 11 58 3F 91 58 00 0C C7 79
[2026-04-17 09:32:00] [INFO] [发送] 09:32:00.624 设备ID=12002 module=PERIODIC id=ReadFoupStatus uuid=4 sendCount=1/1 timeout=1000ms crc=30 0C len=8
frame=01 04 00 00 00 09 30 0C
[2026-04-17 09:32:00] [INFO] [接收-帧] 09:32:00.726 设备ID=12002 module=PERIODIC id=ReadFoupStatus uuid=4 len=23
frame=01 04 12 89 49 C3 FF 5D 11 FE C5 72 33 C3 6D B3 5E 7E 26 94 E5 24 44
[2026-04-17 09:32:01] [INFO] [发送] 09:32:01.737 设备ID=12002 module=PERIODIC id=ReadFoupStatus uuid=4 sendCount=1/1 timeout=1000ms crc=30 0C len=8
frame=01 04 00 00 00 09 30 0C
[2026-04-17 09:32:01] [INFO] [接收-帧] 09:32:01.819 设备ID=12002 module=PERIODIC id=ReadFoupStatus uuid=4 len=23
frame=01 04 12 8B 33 BB 11 B3 A9 7B 0E 54 38 0F 98 29 EF 07 F2 81 3C 9E E8
[2026-04-17 09:32:02] [INFO] [发送] 09:32:02.811 设备ID=12002 module=PERIODIC id=ReadFoupStatus uuid=4 sendCount=1/1 timeout=1000ms crc=30 0C len=8
frame=01 04 00 00 00 09 30 0C
[2026-04-17 09:32:02] [INFO] [接收-帧] 09:32:02.910 设备ID=12002 module=PERIODIC id=ReadFoupStatus uuid=4 len=23
frame=01 04 12 CC 52 65 3E 39 C0 03 9E C2 FC D8 14 32 99 A5 3F AB 19 9C AB
[2026-04-17 09:32:03] [INFO] [发送] 09:32:03.903 设备ID=12002 module=PERIODIC id=ReadFoupStatus uuid=4 sendCount=1/1 timeout=1000ms crc=30 0C len=8
frame=01 04 00 00 00 09 30 0C
[2026-04-17 09:32:04] [INFO] [接收-帧] 09:32:04.004 设备ID=12002 module=PERIODIC id=ReadFoupStatus uuid=4 len=23
frame=01 04 12 E3 7E 73 2A 21 17 12 88 CC 3B 05 14 59 8D BC 57 6A 67 0C 89
