[2026-04-17 09:24:09] [INFO] [发送] 09:24:09.020 设备ID=12007 module=INITIAL id=ReadVersion uuid=13 sendCount=1/4 timeout=1000ms crc=B1 CD len=8
frame=01 04 00 18 00 01 B1 CD
[2026-04-17 09:24:10] [INFO] [发送] 09:24:10.010 设备ID=12007 module=INITIAL id=ReadVersion uuid=13 sendCount=2/4 timeout=1000ms crc=B1 CD len=8
frame=01 04 00 18 00 01 B1 CD
[2026-04-17 09:24:11] [INFO] [发送] 09:24:11.024 设备ID=12007 module=INITIAL id=ReadVersion uuid=13 sendCount=3/4 timeout=1000ms crc=B1 CD len=8
frame=01 04 00 18 00 01 B1 CD
[2026-04-17 09:24:11] [INFO] [接收-帧] 09:24:11.128 设备ID=12007 module=INITIAL id=ReadVersion uuid=13 len=7
frame=01 04 02 00 00 B9 30
[2026-04-17 09:24:11] [INFO] [发送] 09:24:11.129 设备ID=12007 module=PERIODIC id=ReadFoupStatus uuid=14 sendCount=1/1 timeout=1000ms crc=30 0C len=8
frame=01 04 00 00 00 09 30 0C
[2026-04-17 09:24:13] [INFO] [发送] 09:24:13.120 设备ID=12007 module=PERIODIC id=ReadFoupStatus uuid=14 sendCount=1/1 timeout=1000ms crc=30 0C len=8
frame=01 04 00 00 00 09 30 0C
[2026-04-17 09:24:15] [INFO] [发送] 09:24:15.145 设备ID=12007 module=PERIODIC id=ReadFoupStatus uuid=14 sendCount=1/1 timeout=1000ms crc=30 0C len=8
frame=01 04 00 00 00 09 30 0C
[2026-04-17 09:24:17] [INFO] [发送] 09:24:17.144 设备ID=12007 module=PERIODIC id=ReadFoupStatus uuid=14 sendCount=1/1 timeout=1000ms crc=30 0C len=8
frame=01 04 00 00 00 09 30 0C
[2026-04-17 09:24:19] [INFO] [发送] 09:24:19.148 设备ID=12007 module=PERIODIC id=ReadFoupStatus uuid=14 sendCount=1/1 timeout=1000ms crc=30 0C len=8
frame=01 04 00 00 00 09 30 0C
[2026-04-17 09:24:21] [INFO] [发送] 09:24:21.167 设备ID=12007 module=PERIODIC id=ReadFoupStatus uuid=14 sendCount=1/1 timeout=1000ms crc=30 0C len=8
frame=01 04 00 00 00 09 30 0C
[2026-04-17 09:24:23] [INFO] [发送] 09:24:23.170 设备ID=12007 module=PERIODIC id=ReadFoupStatus uuid=14 sendCount=1/1 timeout=1000ms crc=30 0C len=8
frame=01 04 00 00 00 09 30 0C
[2026-04-17 09:24:25] [INFO] [发送] 09:24:25.170 设备ID=12007 module=PERIODIC id=ReadFoupStatus uuid=14 sendCount=1/1 timeout=1000ms crc=30 0C len=8
frame=01 04 00 00 00 09 30 0C
[2026-04-17 09:24:27] [INFO] [发送] 09:24:27.169 设备ID=12007 module=PERIODIC id=ReadFoupStatus uuid=14 sendCount=1/1 timeout=1000ms crc=30 0C len=8
frame=01 04 00 00 00 09 30 0C
[2026-04-17 09:24:29] [INFO] [发送] 09:24:29.172 设备ID=12007 module=PERIODIC id=ReadFoupStatus uuid=14 sendCount=1/1 timeout=1000ms crc=30 0C len=8
frame=01 04 00 00 00 09 30 0C
[2026-04-17 09:24:33] [INFO] [发送] 09:24:33.184 设备ID=12007 module=PERIODIC id=ReadFoupStatus uuid=14 sendCount=1/1 timeout=1000ms crc=30 0C len=8
frame=01 04 00 00 00 09 30 0C
[2026-04-17 09:24:35] [INFO] [发送] 09:24:35.181 设备ID=12007 module=PERIODIC id=ReadFoupStatus uuid=14 sendCount=1/1 timeout=1000ms crc=30 0C len=8
frame=01 04 00 00 00 09 30 0C
[2026-04-17 09:24:37] [INFO] [发送] 09:24:37.185 设备ID=12007 module=PERIODIC id=ReadFoupStatus uuid=14 sendCount=1/1 timeout=1000ms crc=30 0C len=8
frame=01 04 00 00 00 09 30 0C
[2026-04-17 09:24:39] [INFO] [发送] 09:24:39.199 设备ID=12007 module=PERIODIC id=ReadFoupStatus uuid=14 sendCount=1/1 timeout=1000ms crc=30 0C len=8
frame=01 04 00 00 00 09 30 0C
[2026-04-17 09:24:41] [INFO] [发送] 09:24:41.200 设备ID=12007 module=PERIODIC id=ReadFoupStatus uuid=14 sendCount=1/1 timeout=1000ms crc=30 0C len=8
frame=01 04 00 00 00 09 30 0C
[2026-04-17 09:24:43] [INFO] [发送] 09:24:43.198 设备ID=12007 module=PERIODIC id=ReadFoupStatus uuid=14 sendCount=1/1 timeout=1000ms crc=30 0C len=8
frame=01 04 00 00 00 09 30 0C
[2026-04-17 09:24:48] [INFO] [发送] 09:24:48.496 设备ID=12007 module=PERIODIC id=ReadFoupStatus uuid=14 sendCount=1/1 timeout=1000ms crc=30 0C len=8
frame=01 04 00 00 00 09 30 0C
[2026-04-17 09:24:48] [INFO] [接收-帧] 09:24:48.609 设备ID=12007 module=PERIODIC id=ReadFoupStatus uuid=14 len=23
frame=01 04 12 D4 1D 02 00 1C 50 56 75 62 AF 18 91 ED 64 90 EC 4F 82 2D 72
[2026-04-17 09:24:49] [INFO] [发送] 09:24:49.635 设备ID=12007 module=PERIODIC id=ReadFoupStatus uuid=14 sendCount=1/1 timeout=1000ms crc=30 0C len=8
frame=01 04 00 00 00 09 30 0C
[2026-04-17 09:24:49] [INFO] [接收-帧] 09:24:49.703 设备ID=12007 module=PERIODIC id=ReadFoupStatus uuid=14 len=23
frame=01 04 12 1B 4B 40 02 B5 B1 EE 4D 6E BC 61 30 79 75 27 DA 15 BF DE 26
[2026-04-17 09:24:50] [INFO] [发送] 09:24:50.707 设备ID=12007 module=PERIODIC id=ReadFoupStatus uuid=14 sendCount=1/1 timeout=1000ms crc=30 0C len=8
frame=01 04 00 00 00 09 30 0C
[2026-04-17 09:24:50] [INFO] [接收-帧] 09:24:50.795 设备ID=12007 module=PERIODIC id=ReadFoupStatus uuid=14 len=23
frame=01 04 12 06 F8 C1 3A 7A 41 C2 23 10 6D 24 2C 1C F8 F6 A9 E9 8B C6 9E
[2026-04-17 09:24:51] [INFO] [发送] 09:24:51.793 设备ID=12007 module=PERIODIC id=ReadFoupStatus uuid=14 sendCount=1/1 timeout=1000ms crc=30 0C len=8
frame=01 04 00 00 00 09 30 0C
[2026-04-17 09:24:51] [INFO] [接收-帧] 09:24:51.893 设备ID=12007 module=PERIODIC id=ReadFoupStatus uuid=14 len=23
frame=01 04 12 DD A1 50 E2 E4 DE FE 6C D2 59 80 DF 0D 27 67 D7 56 EF CD 3F
[2026-04-17 09:24:52] [INFO] [发送] 09:24:52.886 设备ID=12007 module=PERIODIC id=ReadFoupStatus uuid=14 sendCount=1/1 timeout=1000ms crc=30 0C len=8
frame=01 04 00 00 00 09 30 0C
[2026-04-17 09:24:52] [INFO] [接收-帧] 09:24:52.985 设备ID=12007 module=PERIODIC id=ReadFoupStatus uuid=14 len=23
frame=01 04 12 8D 4A 5D 2B 20 23 10 9A AE FE 03 F6 B0 E9 E9 F8 88 4A D2 60
[2026-04-17 09:24:53] [INFO] [发送] 09:24:53.981 设备ID=12007 module=PERIODIC id=ReadFoupStatus uuid=14 sendCount=1/1 timeout=1000ms crc=30 0C len=8
frame=01 04 00 00 00 09 30 0C
[2026-04-17 09:24:54] [INFO] [接收-帧] 09:24:54.077 设备ID=12007 module=PERIODIC id=ReadFoupStatus uuid=14 len=23
frame=01 04 12 B0 8E 5D 2E B9 55 48 EF BA F0 13 30 63 CC 1E C5 66 AF F7 94
[2026-04-17 09:24:55] [INFO] [发送] 09:24:55.075 设备ID=12007 module=PERIODIC id=ReadFoupStatus uuid=14 sendCount=1/1 timeout=1000ms crc=30 0C len=8
frame=01 04 00 00 00 09 30 0C
[2026-04-17 09:24:55] [INFO] [接收-帧] 09:24:55.169 设备ID=12007 module=PERIODIC id=ReadFoupStatus uuid=14 len=23
frame=01 04 12 3A 67 6C 5C 3F DB 6F 5F CE 0C D1 A8 24 64 F3 C1 CE 4D 6A 2D
[2026-04-17 09:24:56] [INFO] [发送] 09:24:56.169 设备ID=12007 module=PERIODIC id=ReadFoupStatus uuid=14 sendCount=1/1 timeout=1000ms crc=30 0C len=8
frame=01 04 00 00 00 09 30 0C
[2026-04-17 09:24:56] [INFO] [接收-帧] 09:24:56.266 设备ID=12007 module=PERIODIC id=ReadFoupStatus uuid=14 len=23
frame=01 04 12 0F 8D A6 57 0E 9B 9B 34 FE D6 C4 F0 6C 22 0D 21 48 6B 8E 1E
[2026-04-17 09:24:57] [INFO] [发送] 09:24:57.265 设备ID=12007 module=PERIODIC id=ReadFoupStatus uuid=14 sendCount=1/1 timeout=1000ms crc=30 0C len=8
frame=01 04 00 00 00 09 30 0C
[2026-04-17 09:24:57] [INFO] [接收-帧] 09:24:57.357 设备ID=12007 module=PERIODIC id=ReadFoupStatus uuid=14 len=23
frame=01 04 12 1A 0E B5 83 97 86 E8 82 10 73 32 3F 78 3A D3 6D F5 6A 51 F6
[2026-04-17 09:24:58] [INFO] [发送] 09:24:58.353 设备ID=12007 module=PERIODIC id=ReadFoupStatus uuid=14 sendCount=1/1 timeout=1000ms crc=30 0C len=8
frame=01 04 00 00 00 09 30 0C
[2026-04-17 09:24:58] [INFO] [接收-帧] 09:24:58.454 设备ID=12007 module=PERIODIC id=ReadFoupStatus uuid=14 len=23
frame=01 04 12 70 A7 CA CF 18 DF 05 3F 81 33 8B F9 38 55 41 0B 64 CC 4F 1F
[2026-04-17 09:24:59] [INFO] [发送] 09:24:59.458 设备ID=12007 module=PERIODIC id=ReadFoupStatus uuid=14 sendCount=1/1 timeout=1000ms crc=30 0C len=8
frame=01 04 00 00 00 09 30 0C
[2026-04-17 09:24:59] [INFO] [接收-帧] 09:24:59.553 设备ID=12007 module=PERIODIC id=ReadFoupStatus uuid=14 len=23
frame=01 04 12 74 F2 38 D6 D0 EC 4B E4 BA 1B D2 8B AB 2D 53 39 E3 30 B7 50
[2026-04-17 09:25:00] [INFO] [发送] 09:25:00.541 设备ID=12007 module=PERIODIC id=ReadFoupStatus uuid=14 sendCount=1/1 timeout=1000ms crc=30 0C len=8
frame=01 04 00 00 00 09 30 0C
[2026-04-17 09:25:00] [INFO] [接收-帧] 09:25:00.637 设备ID=12007 module=PERIODIC id=ReadFoupStatus uuid=14 len=23
frame=01 04 12 B2 44 F3 4B 0B 63 75 EB 76 1E 95 67 0D 26 F5 98 C3 D6 DA 57
[2026-04-17 09:25:01] [INFO] [发送] 09:25:01.666 设备ID=12007 module=PERIODIC id=ReadFoupStatus uuid=14 sendCount=1/1 timeout=1000ms crc=30 0C len=8
frame=01 04 00 00 00 09 30 0C
[2026-04-17 09:25:01] [INFO] [接收-帧] 09:25:01.734 设备ID=12007 module=PERIODIC id=ReadFoupStatus uuid=14 len=23
frame=01 04 12 D0 9F 3A AF 03 74 41 5A 91 48 F9 65 4D 41 C7 D6 36 4D F6 17
[2026-04-17 09:25:02] [INFO] [发送] 09:25:02.728 设备ID=12007 module=PERIODIC id=ReadFoupStatus uuid=14 sendCount=1/1 timeout=1000ms crc=30 0C len=8
frame=01 04 00 00 00 09 30 0C
[2026-04-17 09:25:03] [INFO] [接收-帧] 09:25:03.005 设备ID=12007 module=PERIODIC id=ReadFoupStatus uuid=14 len=23
frame=01 04 12 C7 2F 8E 61 57 83 CD 5E BC 22 C4 1C 54 48 6C B0 19 76 39 B7
[2026-04-17 09:25:03] [INFO] [发送] 09:25:03.998 设备ID=12007 module=PERIODIC id=ReadFoupStatus uuid=14 sendCount=1/1 timeout=1000ms crc=30 0C len=8
frame=01 04 00 00 00 09 30 0C
[2026-04-17 09:25:04] [INFO] [接收-帧] 09:25:04.031 设备ID=12007 module=PERIODIC id=ReadFoupStatus uuid=14 len=23
frame=01 04 12 95 8B 44 6B A3 76 3B 91 1F 87 13 A1 D4 71 4D A4 BB 57 B1 3D
[2026-04-17 09:25:05] [INFO] [发送] 09:25:05.026 设备ID=12007 module=PERIODIC id=ReadFoupStatus uuid=14 sendCount=1/1 timeout=1000ms crc=30 0C len=8
frame=01 04 00 00 00 09 30 0C
[2026-04-17 09:25:05] [INFO] [接收-帧] 09:25:05.125 设备ID=12007 module=PERIODIC id=ReadFoupStatus uuid=14 len=23
frame=01 04 12 C8 E1 6E 3C 70 A4 9D 71 77 BB 82 CE 40 91 E3 40 86 98 FB 5E
[2026-04-17 09:25:06] [INFO] [发送] 09:25:06.126 设备ID=12007 module=PERIODIC id=ReadFoupStatus uuid=14 sendCount=1/1 timeout=1000ms crc=30 0C len=8
frame=01 04 00 00 00 09 30 0C
[2026-04-17 09:25:06] [INFO] [接收-帧] 09:25:06.230 设备ID=12007 module=PERIODIC id=ReadFoupStatus uuid=14 len=23
frame=01 04 12 2C 1F D6 67 DF 0B 06 1C 4B A7 A4 84 CB C8 D1 21 E7 97 19 C4
[2026-04-17 09:25:07] [INFO] [发送] 09:25:07.307 设备ID=12007 module=PERIODIC id=ReadFoupStatus uuid=14 sendCount=1/1 timeout=1000ms crc=30 0C len=8
frame=01 04 00 00 00 09 30 0C
[2026-04-17 09:25:07] [INFO] [接收-帧] 09:25:07.311 设备ID=12007 module=PERIODIC id=ReadFoupStatus uuid=14 len=23
frame=01 04 12 BC BE 29 D6 80 EC BE FC 2A 4B A2 F5 C3 B1 B3 8E 12 18 29 B9
[2026-04-17 09:25:08] [INFO] [发送] 09:25:08.306 设备ID=12007 module=PERIODIC id=ReadFoupStatus uuid=14 sendCount=1/1 timeout=1000ms crc=30 0C len=8
frame=01 04 00 00 00 09 30 0C
[2026-04-17 09:25:08] [INFO] [接收-帧] 09:25:08.405 设备ID=12007 module=PERIODIC id=ReadFoupStatus uuid=14 len=23
frame=01 04 12 40 69 DC 87 59 EA 4B D7 A3 49 84 92 36 16 09 32 27 CD 79 10
[2026-04-17 09:25:09] [INFO] [发送] 09:25:09.401 设备ID=12007 module=PERIODIC id=ReadFoupStatus uuid=14 sendCount=1/1 timeout=1000ms crc=30 0C len=8
frame=01 04 00 00 00 09 30 0C
[2026-04-17 09:25:09] [INFO] [接收-帧] 09:25:09.505 设备ID=12007 module=PERIODIC id=ReadFoupStatus uuid=14 len=23
frame=01 04 12 12 F9 52 0F AD BC 5C 09 59 97 65 64 56 F8 97 61 6A 4F 7A 39
[2026-04-17 09:25:10] [INFO] [发送] 09:25:10.506 设备ID=12007 module=PERIODIC id=ReadFoupStatus uuid=14 sendCount=1/1 timeout=1000ms crc=30 0C len=8
frame=01 04 00 00 00 09 30 0C
[2026-04-17 09:25:10] [INFO] [接收-帧] 09:25:10.594 设备ID=12007 module=PERIODIC id=ReadFoupStatus uuid=14 len=23
frame=01 04 12 59 A3 C3 BA C3 AF 51 BF 64 3B C9 2B 7A 48 70 23 AC 08 65 38
[2026-04-17 09:25:11] [INFO] [发送] 09:25:11.590 设备ID=12007 module=PERIODIC id=ReadFoupStatus uuid=14 sendCount=1/1 timeout=1000ms crc=30 0C len=8
frame=01 04 00 00 00 09 30 0C
[2026-04-17 09:25:11] [INFO] [接收-帧] 09:25:11.683 设备ID=12007 module=PERIODIC id=ReadFoupStatus uuid=14 len=23
frame=01 04 12 FF 20 F2 7B 21 EC 91 11 20 B0 55 F1 A0 DA 66 3B D0 5D 23 41
[2026-04-17 09:25:12] [INFO] [发送] 09:25:12.680 设备ID=12007 module=PERIODIC id=ReadFoupStatus uuid=14 sendCount=1/1 timeout=1000ms crc=30 0C len=8
frame=01 04 00 00 00 09 30 0C
[2026-04-17 09:25:12] [INFO] [接收-帧] 09:25:12.777 设备ID=12007 module=PERIODIC id=ReadFoupStatus uuid=14 len=23
frame=01 04 12 A8 60 7C D4 41 E1 F8 BE 3D 80 86 E1 C7 28 48 1D 26 C4 A3 E3
[2026-04-17 09:25:13] [INFO] [发送] 09:25:13.774 设备ID=12007 module=PERIODIC id=ReadFoupStatus uuid=14 sendCount=1/1 timeout=1000ms crc=30 0C len=8
frame=01 04 00 00 00 09 30 0C
[2026-04-17 09:25:13] [INFO] [接收-帧] 09:25:13.878 设备ID=12007 module=PERIODIC id=ReadFoupStatus uuid=14 len=23
frame=01 04 12 8C 9C DE 5B CA 34 4F 9F 8F E7 4E 41 07 71 5C 93 EF 91 85 29
[2026-04-17 09:25:14] [INFO] [发送] 09:25:14.870 设备ID=12007 module=PERIODIC id=ReadFoupStatus uuid=14 sendCount=1/1 timeout=1000ms crc=30 0C len=8
frame=01 04 00 00 00 09 30 0C
[2026-04-17 09:25:14] [INFO] [接收-帧] 09:25:14.969 设备ID=12007 module=PERIODIC id=ReadFoupStatus uuid=14 len=23
frame=01 04 12 22 5C 9A CD 90 86 72 36 0E 01 89 B1 85 11 03 2E B3 B9 FE 51
[2026-04-17 09:25:15] [INFO] [发送] 09:25:15.963 设备ID=12007 module=PERIODIC id=ReadFoupStatus uuid=14 sendCount=1/1 timeout=1000ms crc=30 0C len=8
frame=01 04 00 00 00 09 30 0C
[2026-04-17 09:25:16] [INFO] [接收-帧] 09:25:16.059 设备ID=12007 module=PERIODIC id=ReadFoupStatus uuid=14 len=23
frame=01 04 12 E5 CA C3 23 9F E5 32 DF B8 F4 F2 7D 19 47 D4 05 0F 1A 21 EC
[2026-04-17 09:25:17] [INFO] [发送] 09:25:17.057 设备ID=12007 module=PERIODIC id=ReadFoupStatus uuid=14 sendCount=1/1 timeout=1000ms crc=30 0C len=8
frame=01 04 00 00 00 09 30 0C
[2026-04-17 09:25:17] [INFO] [接收-帧] 09:25:17.154 设备ID=12007 module=PERIODIC id=ReadFoupStatus uuid=14 len=23
frame=01 04 12 62 6E 26 97 40 19 15 E9 70 9B 94 2A ED EA F5 06 B0 47 99 5A
[2026-04-17 09:25:18] [INFO] [发送] 09:25:18.158 设备ID=12007 module=PERIODIC id=ReadFoupStatus uuid=14 sendCount=1/1 timeout=1000ms crc=30 0C len=8
frame=01 04 00 00 00 09 30 0C
[2026-04-17 09:25:18] [INFO] [接收-帧] 09:25:18.251 设备ID=12007 module=PERIODIC id=ReadFoupStatus uuid=14 len=23
frame=01 04 12 F5 1E 5E 0B 2C 76 9B B6 81 63 9C CE E5 09 82 FB 3E 02 C5 0E
[2026-04-17 09:25:19] [INFO] [发送] 09:25:19.242 设备ID=12007 module=PERIODIC id=ReadFoupStatus uuid=14 sendCount=1/1 timeout=1000ms crc=30 0C len=8
frame=01 04 00 00 00 09 30 0C
[2026-04-17 09:25:19] [INFO] [接收-帧] 09:25:19.357 设备ID=12007 module=PERIODIC id=ReadFoupStatus uuid=14 len=23
frame=01 04 12 F5 42 78 6B 81 B8 36 3F E4 91 0E FE ED 23 04 A6 C3 E1 83 91
[2026-04-17 09:25:20] [INFO] [发送] 09:25:20.365 设备ID=12007 module=PERIODIC id=ReadFoupStatus uuid=14 sendCount=1/1 timeout=1000ms crc=30 0C len=8
frame=01 04 00 00 00 09 30 0C
[2026-04-17 09:25:20] [INFO] [接收-帧] 09:25:20.435 设备ID=12007 module=PERIODIC id=ReadFoupStatus uuid=14 len=23
frame=01 04 12 81 C9 BE 01 1B 37 CB 72 07 54 87 A2 28 09 F9 DC 61 51 E9 A6
[2026-04-17 09:25:21] [INFO] [发送] 09:25:21.430 设备ID=12007 module=PERIODIC id=ReadFoupStatus uuid=14 sendCount=1/1 timeout=1000ms crc=30 0C len=8
frame=01 04 00 00 00 09 30 0C
[2026-04-17 09:25:21] [INFO] [接收-帧] 09:25:21.530 设备ID=12007 module=PERIODIC id=ReadFoupStatus uuid=14 len=23
frame=01 04 12 F2 BC F3 F4 DE 8D FB E9 72 B9 91 85 F9 15 C3 C5 9C 0F 84 B6
[2026-04-17 09:25:22] [INFO] [发送] 09:25:22.525 设备ID=12007 module=PERIODIC id=ReadFoupStatus uuid=14 sendCount=1/1 timeout=1000ms crc=30 0C len=8
frame=01 04 00 00 00 09 30 0C
[2026-04-17 09:25:22] [INFO] [接收-帧] 09:25:22.622 设备ID=12007 module=PERIODIC id=ReadFoupStatus uuid=14 len=23
frame=01 04 12 D8 45 F0 F8 F2 63 D2 C6 DB 8E C2 99 E6 98 47 C8 9A F8 D8 56
[2026-04-17 09:25:23] [INFO] [发送] 09:25:23.623 设备ID=12007 module=PERIODIC id=ReadFoupStatus uuid=14 sendCount=1/1 timeout=1000ms crc=30 0C len=8
frame=01 04 00 00 00 09 30 0C
[2026-04-17 09:25:23] [INFO] [接收-帧] 09:25:23.718 设备ID=12007 module=PERIODIC id=ReadFoupStatus uuid=14 len=23
frame=01 04 12 F8 4E ED 1A 9B E1 76 93 33 E2 1B 32 19 C1 56 F1 C6 5F F6 5C
[2026-04-17 09:25:24] [INFO] [发送] 09:25:24.724 设备ID=12007 module=PERIODIC id=ReadFoupStatus uuid=14 sendCount=1/1 timeout=1000ms crc=30 0C len=8
frame=01 04 00 00 00 09 30 0C
[2026-04-17 09:25:24] [INFO] [接收-帧] 09:25:24.816 设备ID=12007 module=PERIODIC id=ReadFoupStatus uuid=14 len=23
frame=01 04 12 60 66 47 9B CF 7F 75 A6 EB 86 8E DC DA 32 39 96 CD 28 36 00
[2026-04-17 09:25:25] [INFO] [发送] 09:25:25.816 设备ID=12007 module=PERIODIC id=ReadFoupStatus uuid=14 sendCount=1/1 timeout=1000ms crc=30 0C len=8
frame=01 04 00 00 00 09 30 0C
[2026-04-17 09:25:25] [INFO] [接收-帧] 09:25:25.905 设备ID=12007 module=PERIODIC id=ReadFoupStatus uuid=14 len=23
frame=01 04 12 C5 59 5C 23 97 37 36 4F 4E D1 F1 43 6C FC DF B1 51 83 2B 58
[2026-04-17 09:25:26] [INFO] [发送] 09:25:26.898 设备ID=12007 module=PERIODIC id=ReadFoupStatus uuid=14 sendCount=1/1 timeout=1000ms crc=30 0C len=8
frame=01 04 00 00 00 09 30 0C
[2026-04-17 09:25:27] [INFO] [接收-帧] 09:25:26.999 设备ID=12007 module=PERIODIC id=ReadFoupStatus uuid=14 len=23
frame=01 04 12 51 73 8C 30 A3 14 4F 36 8E F0 02 1B DC 30 E3 09 CD F0 49 9D
[2026-04-17 09:25:27] [INFO] [发送] 09:25:27.993 设备ID=12007 module=PERIODIC id=ReadFoupStatus uuid=14 sendCount=1/1 timeout=1000ms crc=30 0C len=8
frame=01 04 00 00 00 09 30 0C
[2026-04-17 09:25:28] [INFO] [接收-帧] 09:25:28.094 设备ID=12007 module=PERIODIC id=ReadFoupStatus uuid=14 len=23
frame=01 04 12 4C 1C 46 A7 54 09 40 9D C5 FC 9A D6 64 99 07 80 47 79 1F D0
[2026-04-17 09:25:29] [INFO] [发送] 09:25:29.090 设备ID=12007 module=PERIODIC id=ReadFoupStatus uuid=14 sendCount=1/1 timeout=1000ms crc=30 0C len=8
frame=01 04 00 00 00 09 30 0C
[2026-04-17 09:25:29] [INFO] [接收-帧] 09:25:29.187 设备ID=12007 module=PERIODIC id=ReadFoupStatus uuid=14 len=23
frame=01 04 12 35 D2 A1 72 C9 F5 B0 55 C5 96 2C 4B 37 83 77 52 9C B6 40 E4
[2026-04-17 09:25:30] [INFO] [发送] 09:25:30.191 设备ID=12007 module=PERIODIC id=ReadFoupStatus uuid=14 sendCount=1/1 timeout=1000ms crc=30 0C len=8
frame=01 04 00 00 00 09 30 0C
[2026-04-17 09:25:30] [INFO] [接收-帧] 09:25:30.278 设备ID=12007 module=PERIODIC id=ReadFoupStatus uuid=14 len=23
frame=01 04 12 7F 56 35 A3 11 5F 89 3E 74 03 29 C4 BB 82 EF B8 93 A7 7F ED
[2026-04-17 09:25:31] [INFO] [发送] 09:25:31.278 设备ID=12007 module=PERIODIC id=ReadFoupStatus uuid=14 sendCount=1/1 timeout=1000ms crc=30 0C len=8
frame=01 04 00 00 00 09 30 0C
[2026-04-17 09:25:31] [INFO] [接收-帧] 09:25:31.372 设备ID=12007 module=PERIODIC id=ReadFoupStatus uuid=14 len=23
frame=01 04 12 97 6E 89 C4 82 72 47 C8 9F DB 87 9B 8D F8 8F F0 6B 0A 6D FC
[2026-04-17 09:25:32] [INFO] [发送] 09:25:32.372 设备ID=12007 module=PERIODIC id=ReadFoupStatus uuid=14 sendCount=1/1 timeout=1000ms crc=30 0C len=8
frame=01 04 00 00 00 09 30 0C
[2026-04-17 09:25:32] [INFO] [接收-帧] 09:25:32.468 设备ID=12007 module=PERIODIC id=ReadFoupStatus uuid=14 len=23
frame=01 04 12 79 0E 23 83 34 9E 03 B0 F5 35 D3 64 8E 79 9A 6F B0 DC 3F 03
[2026-04-17 09:25:33] [INFO] [发送] 09:25:33.461 设备ID=12007 module=PERIODIC id=ReadFoupStatus uuid=14 sendCount=1/1 timeout=1000ms crc=30 0C len=8
frame=01 04 00 00 00 09 30 0C
[2026-04-17 09:25:33] [INFO] [接收-帧] 09:25:33.564 设备ID=12007 module=PERIODIC id=ReadFoupStatus uuid=14 len=23
frame=01 04 12 D7 F7 8C C5 39 09 F6 DE FF D1 D2 40 44 22 0F 3B 95 0A A8 B5
[2026-04-17 09:25:34] [INFO] [发送] 09:25:34.560 设备ID=12007 module=PERIODIC id=ReadFoupStatus uuid=14 sendCount=1/1 timeout=1000ms crc=30 0C len=8
frame=01 04 00 00 00 09 30 0C
[2026-04-17 09:25:34] [INFO] [接收-帧] 09:25:34.655 设备ID=12007 module=PERIODIC id=ReadFoupStatus uuid=14 len=23
frame=01 04 12 AD 58 F2 57 77 49 4E E5 CE 2F 31 A6 7E 43 E4 09 84 C9 16 B6
[2026-04-17 09:25:35] [INFO] [发送] 09:25:35.656 设备ID=12007 module=PERIODIC id=ReadFoupStatus uuid=14 sendCount=1/1 timeout=1000ms crc=30 0C len=8
frame=01 04 00 00 00 09 30 0C
[2026-04-17 09:25:35] [INFO] [接收-帧] 09:25:35.746 设备ID=12007 module=PERIODIC id=ReadFoupStatus uuid=14 len=23
frame=01 04 12 6E CE 1E 33 CA FC BF 50 C6 92 AE 03 65 5A 74 BC 84 95 F9 CC
[2026-04-17 09:25:36] [INFO] [发送] 09:25:36.743 设备ID=12007 module=PERIODIC id=ReadFoupStatus uuid=14 sendCount=1/1 timeout=1000ms crc=30 0C len=8
frame=01 04 00 00 00 09 30 0C
[2026-04-17 09:25:36] [INFO] [接收-帧] 09:25:36.841 设备ID=12007 module=PERIODIC id=ReadFoupStatus uuid=14 len=23
frame=01 04 12 95 E5 25 24 BA 19 46 D4 74 17 73 56 49 EC 41 11 77 CB 96 EF
[2026-04-17 09:25:37] [INFO] [发送] 09:25:37.840 设备ID=12007 module=PERIODIC id=ReadFoupStatus uuid=14 sendCount=1/1 timeout=1000ms crc=30 0C len=8
frame=01 04 00 00 00 09 30 0C
[2026-04-17 09:25:37] [INFO] [接收-帧] 09:25:37.935 设备ID=12007 module=PERIODIC id=ReadFoupStatus uuid=14 len=23
frame=01 04 12 FB 1F 99 BF 34 D6 6A 22 EB 4D 67 F2 0E 72 0E BF ED F7 DE 01
[2026-04-17 09:25:38] [INFO] [发送] 09:25:38.932 设备ID=12007 module=PERIODIC id=ReadFoupStatus uuid=14 sendCount=1/1 timeout=1000ms crc=30 0C len=8
frame=01 04 00 00 00 09 30 0C
[2026-04-17 09:25:39] [INFO] [接收-帧] 09:25:39.031 设备ID=12007 module=PERIODIC id=ReadFoupStatus uuid=14 len=23
frame=01 04 12 94 47 20 1F DC 66 51 69 92 42 2A A7 F4 CF 4E 8A 86 7A 19 64
[2026-04-17 09:25:40] [INFO] [发送] 09:25:40.027 设备ID=12007 module=PERIODIC id=ReadFoupStatus uuid=14 sendCount=1/1 timeout=1000ms crc=30 0C len=8
frame=01 04 00 00 00 09 30 0C
[2026-04-17 09:25:40] [INFO] [接收-帧] 09:25:40.123 设备ID=12007 module=PERIODIC id=ReadFoupStatus uuid=14 len=23
frame=01 04 12 AB 50 CF E4 CC 81 4E 0D F3 F0 C7 5D 3A 93 C6 E0 B7 A4 C2 CE
[2026-04-17 09:25:41] [INFO] [发送] 09:25:41.118 设备ID=12007 module=PERIODIC id=ReadFoupStatus uuid=14 sendCount=1/1 timeout=1000ms crc=30 0C len=8
frame=01 04 00 00 00 09 30 0C
[2026-04-17 09:25:41] [INFO] [接收-帧] 09:25:41.217 设备ID=12007 module=PERIODIC id=ReadFoupStatus uuid=14 len=23
frame=01 04 12 82 5B D4 91 9B F0 E5 81 FD BE 32 AF 60 8C F7 04 A2 4B 11 D7
[2026-04-17 09:25:42] [INFO] [发送] 09:25:42.212 设备ID=12007 module=PERIODIC id=ReadFoupStatus uuid=14 sendCount=1/1 timeout=1000ms crc=30 0C len=8
frame=01 04 00 00 00 09 30 0C
[2026-04-17 09:25:42] [INFO] [接收-帧] 09:25:42.309 设备ID=12007 module=PERIODIC id=ReadFoupStatus uuid=14 len=23
frame=01 04 12 5B 5B C9 31 AE F7 98 A2 E3 72 D3 C6 7F 2C F5 2B 78 B9 9E CE
[2026-04-17 09:25:43] [INFO] [发送] 09:25:43.312 设备ID=12007 module=PERIODIC id=ReadFoupStatus uuid=14 sendCount=1/1 timeout=1000ms crc=30 0C len=8
frame=01 04 00 00 00 09 30 0C
[2026-04-17 09:25:43] [INFO] [接收-帧] 09:25:43.407 设备ID=12007 module=PERIODIC id=ReadFoupStatus uuid=14 len=23
frame=01 04 12 06 D8 09 21 B7 4E 75 38 5F 82 7C A3 54 70 61 60 1B 73 5A 67
[2026-04-17 09:25:44] [INFO] [发送] 09:25:44.404 设备ID=12007 module=PERIODIC id=ReadFoupStatus uuid=14 sendCount=1/1 timeout=1000ms crc=30 0C len=8
frame=01 04 00 00 00 09 30 0C
[2026-04-17 09:25:44] [INFO] [接收-帧] 09:25:44.510 设备ID=12007 module=PERIODIC id=ReadFoupStatus uuid=14 len=23
frame=01 04 12 D4 90 F1 02 DC 75 8C 19 5E 47 E2 3C 90 58 1E 67 77 85 38 F2
[2026-04-17 09:25:45] [INFO] [发送] 09:25:45.517 设备ID=12007 module=PERIODIC id=ReadFoupStatus uuid=14 sendCount=1/1 timeout=1000ms crc=30 0C len=8
frame=01 04 00 00 00 09 30 0C
[2026-04-17 09:25:45] [INFO] [接收-帧] 09:25:45.595 设备ID=12007 module=PERIODIC id=ReadFoupStatus uuid=14 len=23
frame=01 04 12 9B B1 99 E5 5B CD 59 E2 22 83 46 E3 F4 6B 55 4E 8D E1 1C 74
[2026-04-17 09:25:46] [INFO] [发送] 09:25:46.587 设备ID=12007 module=PERIODIC id=ReadFoupStatus uuid=14 sendCount=1/1 timeout=1000ms crc=30 0C len=8
frame=01 04 00 00 00 09 30 0C
[2026-04-17 09:25:46] [INFO] [接收-帧] 09:25:46.683 设备ID=12007 module=PERIODIC id=ReadFoupStatus uuid=14 len=23
frame=01 04 12 A2 57 91 26 81 C8 1F 8C 76 F1 3E 61 0F 82 9A 9F 4B E4 D4 8A
[2026-04-17 09:25:47] [INFO] [发送] 09:25:47.787 设备ID=12007 module=PERIODIC id=ReadFoupStatus uuid=14 sendCount=1/1 timeout=1000ms crc=30 0C len=8
frame=01 04 00 00 00 09 30 0C
[2026-04-17 09:25:47] [INFO] [接收-帧] 09:25:47.894 设备ID=12007 module=PERIODIC id=ReadFoupStatus uuid=14 len=23
frame=01 04 12 4A D8 F6 DB E3 3F D0 46 6F 21 B4 86 C4 15 6B A6 45 86 D1 74
[2026-04-17 09:25:48] [INFO] [发送] 09:25:48.884 设备ID=12007 module=PERIODIC id=ReadFoupStatus uuid=14 sendCount=1/1 timeout=1000ms crc=30 0C len=8
frame=01 04 00 00 00 09 30 0C
[2026-04-17 09:25:48] [INFO] [接收-帧] 09:25:48.985 设备ID=12007 module=PERIODIC id=ReadFoupStatus uuid=14 len=23
frame=01 04 12 8B 16 87 97 F8 35 DC C3 8C 94 1F A1 7C D1 63 92 18 4A F8 60
[2026-04-17 09:25:49] [INFO] [发送] 09:25:49.978 设备ID=12007 module=PERIODIC id=ReadFoupStatus uuid=14 sendCount=1/1 timeout=1000ms crc=30 0C len=8
frame=01 04 00 00 00 09 30 0C
[2026-04-17 09:25:50] [INFO] [接收-帧] 09:25:50.080 设备ID=12007 module=PERIODIC id=ReadFoupStatus uuid=14 len=23
frame=01 04 12 10 57 82 C9 32 6C 08 17 EF D8 15 49 BC 11 D6 8D CB C6 66 D8
[2026-04-17 09:25:51] [INFO] [发送] 09:25:51.080 设备ID=12007 module=PERIODIC id=ReadFoupStatus uuid=14 sendCount=1/1 timeout=1000ms crc=30 0C len=8
frame=01 04 00 00 00 09 30 0C
[2026-04-17 09:25:51] [INFO] [接收-帧] 09:25:51.171 设备ID=12007 module=PERIODIC id=ReadFoupStatus uuid=14 len=23
frame=01 04 12 C6 E7 1F 6F 9E B5 7F 36 94 5C 26 59 AD 80 3B E5 AF 09 82 00
[2026-04-17 09:25:52] [INFO] [发送] 09:25:52.223 设备ID=12007 module=PERIODIC id=ReadFoupStatus uuid=14 sendCount=1/1 timeout=1000ms crc=30 0C len=8
frame=01 04 00 00 00 09 30 0C
[2026-04-17 09:25:52] [INFO] [接收-帧] 09:25:52.269 设备ID=12007 module=PERIODIC id=ReadFoupStatus uuid=14 len=23
frame=01 04 12 65 CE EF 25 D7 FE 16 8D 53 55 74 9F 82 E9 31 58 1B 5A 51 3D
[2026-04-17 09:25:53] [INFO] [发送] 09:25:53.260 设备ID=12007 module=PERIODIC id=ReadFoupStatus uuid=14 sendCount=1/1 timeout=1000ms crc=30 0C len=8
frame=01 04 00 00 00 09 30 0C
[2026-04-17 09:25:53] [INFO] [接收-帧] 09:25:53.355 设备ID=12007 module=PERIODIC id=ReadFoupStatus uuid=14 len=23
frame=01 04 12 1D F3 BF 93 F2 D6 6D 44 A8 CB C5 02 AE 0C 19 AB 34 9C 4C 1E
[2026-04-17 09:25:54] [INFO] [发送] 09:25:54.356 设备ID=12007 module=PERIODIC id=ReadFoupStatus uuid=14 sendCount=1/1 timeout=1000ms crc=30 0C len=8
frame=01 04 00 00 00 09 30 0C
[2026-04-17 09:25:54] [INFO] [接收-帧] 09:25:54.456 设备ID=12007 module=PERIODIC id=ReadFoupStatus uuid=14 len=23
frame=01 04 12 D7 4E 32 7E 7D FA A2 43 65 83 27 D0 AE 16 E5 7E C3 F6 D6 1A
[2026-04-17 09:25:55] [INFO] [发送] 09:25:55.455 设备ID=12007 module=PERIODIC id=ReadFoupStatus uuid=14 sendCount=1/1 timeout=1000ms crc=30 0C len=8
frame=01 04 00 00 00 09 30 0C
[2026-04-17 09:25:55] [INFO] [接收-帧] 09:25:55.550 设备ID=12007 module=PERIODIC id=ReadFoupStatus uuid=14 len=23
frame=01 04 12 0E EE A6 9D 8F BE C6 CD B3 1D 09 F0 96 29 93 06 D4 8E 44 12
[2026-04-17 09:25:56] [INFO] [发送] 09:25:56.545 设备ID=12007 module=PERIODIC id=ReadFoupStatus uuid=14 sendCount=1/1 timeout=1000ms crc=30 0C len=8
frame=01 04 00 00 00 09 30 0C
[2026-04-17 09:25:56] [INFO] [接收-帧] 09:25:56.641 设备ID=12007 module=PERIODIC id=ReadFoupStatus uuid=14 len=23
frame=01 04 12 AF 99 59 EF 85 6D EF 98 70 7E 1F 84 4D D5 0A 7C EB F7 8F CD
[2026-04-17 09:25:57] [INFO] [发送] 09:25:57.644 设备ID=12007 module=PERIODIC id=ReadFoupStatus uuid=14 sendCount=1/1 timeout=1000ms crc=30 0C len=8
frame=01 04 00 00 00 09 30 0C
[2026-04-17 09:25:57] [INFO] [接收-帧] 09:25:57.730 设备ID=12007 module=PERIODIC id=ReadFoupStatus uuid=14 len=23
frame=01 04 12 88 0C 75 CF A7 7A 59 82 21 80 BC DA DC EA 86 F1 53 FE B1 61
[2026-04-17 09:25:58] [INFO] [发送] 09:25:58.742 设备ID=12007 module=PERIODIC id=ReadFoupStatus uuid=14 sendCount=1/1 timeout=1000ms crc=30 0C len=8
frame=01 04 00 00 00 09 30 0C
[2026-04-17 09:25:58] [INFO] [接收-帧] 09:25:58.829 设备ID=12007 module=PERIODIC id=ReadFoupStatus uuid=14 len=23
frame=01 04 12 30 2F 50 2A 90 E2 53 88 06 D7 C8 01 AA DC 1B 81 C2 45 15 AF
[2026-04-17 09:25:59] [INFO] [发送] 09:25:59.828 设备ID=12007 module=PERIODIC id=ReadFoupStatus uuid=14 sendCount=1/1 timeout=1000ms crc=30 0C len=8
frame=01 04 00 00 00 09 30 0C
[2026-04-17 09:25:59] [INFO] [接收-帧] 09:25:59.921 设备ID=12007 module=PERIODIC id=ReadFoupStatus uuid=14 len=23
frame=01 04 12 F6 DF E1 18 CC 5E 20 17 D5 35 CE 6E 80 3D C3 C4 81 CB EA 07
[2026-04-17 09:26:00] [INFO] [发送] 09:26:00.931 设备ID=12007 module=PERIODIC id=ReadFoupStatus uuid=14 sendCount=1/1 timeout=1000ms crc=30 0C len=8
frame=01 04 00 00 00 09 30 0C
[2026-04-17 09:26:01] [INFO] [接收-帧] 09:26:01.016 设备ID=12007 module=PERIODIC id=ReadFoupStatus uuid=14 len=23
frame=01 04 12 A9 F3 F1 5F FB EE 04 02 5B 05 2B 68 47 6A CC 5D A9 D4 D0 6F
[2026-04-17 09:26:02] [INFO] [发送] 09:26:02.021 设备ID=12007 module=PERIODIC id=ReadFoupStatus uuid=14 sendCount=1/1 timeout=1000ms crc=30 0C len=8
frame=01 04 00 00 00 09 30 0C
[2026-04-17 09:26:02] [INFO] [接收-帧] 09:26:02.110 设备ID=12007 module=PERIODIC id=ReadFoupStatus uuid=14 len=23
frame=01 04 12 FC F8 F8 39 7A 85 BB 51 70 DD 53 AE 08 86 24 B5 9D 2E 52 C3
[2026-04-17 09:26:03] [INFO] [发送] 09:26:03.133 设备ID=12007 module=PERIODIC id=ReadFoupStatus uuid=14 sendCount=1/1 timeout=1000ms crc=30 0C len=8
frame=01 04 00 00 00 09 30 0C
[2026-04-17 09:26:03] [INFO] [接收-帧] 09:26:03.200 设备ID=12007 module=PERIODIC id=ReadFoupStatus uuid=14 len=23
frame=01 04 12 23 DC 62 F3 41 3C 37 C5 82 A8 22 9D BC 4B C6 63 50 15 0E 32
[2026-04-17 09:26:04] [INFO] [发送] 09:26:04.206 设备ID=12007 module=PERIODIC id=ReadFoupStatus uuid=14 sendCount=1/1 timeout=1000ms crc=30 0C len=8
frame=01 04 00 00 00 09 30 0C
[2026-04-17 09:26:04] [INFO] [接收-帧] 09:26:04.298 设备ID=12007 module=PERIODIC id=ReadFoupStatus uuid=14 len=23
frame=01 04 12 EB 7F 6D 7D 0D D1 90 6E F1 70 D3 EE 1F D4 8F 7D D4 F0 DE 92
[2026-04-17 09:26:05] [INFO] [发送] 09:26:05.297 设备ID=12007 module=PERIODIC id=ReadFoupStatus uuid=14 sendCount=1/1 timeout=1000ms crc=30 0C len=8
frame=01 04 00 00 00 09 30 0C
[2026-04-17 09:26:05] [INFO] [接收-帧] 09:26:05.393 设备ID=12007 module=PERIODIC id=ReadFoupStatus uuid=14 len=23
frame=01 04 12 89 03 3E C5 9C 31 EC 9B 7A D3 39 3B 1F 7D CC 5C 35 28 29 5F
[2026-04-17 09:26:06] [INFO] [发送] 09:26:06.395 设备ID=12007 module=PERIODIC id=ReadFoupStatus uuid=14 sendCount=1/1 timeout=1000ms crc=30 0C len=8
frame=01 04 00 00 00 09 30 0C
[2026-04-17 09:26:06] [INFO] [接收-帧] 09:26:06.484 设备ID=12007 module=PERIODIC id=ReadFoupStatus uuid=14 len=23
frame=01 04 12 56 F5 94 9D 4A 3B 40 A2 76 79 80 52 8C 12 15 BA B6 FE 29 78
[2026-04-17 09:26:07] [INFO] [发送] 09:26:07.486 设备ID=12007 module=PERIODIC id=ReadFoupStatus uuid=14 sendCount=1/1 timeout=1000ms crc=30 0C len=8
frame=01 04 00 00 00 09 30 0C
[2026-04-17 09:26:07] [INFO] [接收-帧] 09:26:07.689 设备ID=12007 module=PERIODIC id=ReadFoupStatus uuid=14 len=23
frame=01 04 12 E9 44 04 7D C7 D7 67 C8 C8 49 84 86 4F 8F A4 56 53 8D 6B 18
[2026-04-17 09:26:08] [INFO] [发送] 09:26:08.681 设备ID=12007 module=PERIODIC id=ReadFoupStatus uuid=14 sendCount=1/1 timeout=1000ms crc=30 0C len=8
frame=01 04 00 00 00 09 30 0C
[2026-04-17 09:26:08] [INFO] [接收-帧] 09:26:08.781 设备ID=12007 module=PERIODIC id=ReadFoupStatus uuid=14 len=23
frame=01 04 12 3F 5C B9 D2 D7 BD F7 1B 68 23 EA 82 5C 59 ED 52 E4 D7 72 2D
[2026-04-17 09:26:09] [INFO] [发送] 09:26:09.831 设备ID=12007 module=PERIODIC id=ReadFoupStatus uuid=14 sendCount=1/1 timeout=1000ms crc=30 0C len=8
frame=01 04 00 00 00 09 30 0C
[2026-04-17 09:26:09] [INFO] [接收-帧] 09:26:09.880 设备ID=12007 module=PERIODIC id=ReadFoupStatus uuid=14 len=23
frame=01 04 12 70 BC 08 53 14 02 BD 2E 3D 4C 37 E0 9E A8 A4 6C 5E CF 6A 27
[2026-04-17 09:26:10] [INFO] [发送] 09:26:10.880 设备ID=12007 module=PERIODIC id=ReadFoupStatus uuid=14 sendCount=1/1 timeout=1000ms crc=30 0C len=8
frame=01 04 00 00 00 09 30 0C
[2026-04-17 09:26:10] [INFO] [接收-帧] 09:26:10.969 设备ID=12007 module=PERIODIC id=ReadFoupStatus uuid=14 len=23
frame=01 04 12 93 07 30 DA 5C DA BC 46 8B 63 30 A8 4F 6D 51 3B ED DD AB 6D
[2026-04-17 09:26:11] [INFO] [发送] 09:26:11.971 设备ID=12007 module=PERIODIC id=ReadFoupStatus uuid=14 sendCount=1/1 timeout=1000ms crc=30 0C len=8
frame=01 04 00 00 00 09 30 0C
[2026-04-17 09:26:12] [INFO] [接收-帧] 09:26:12.063 设备ID=12007 module=PERIODIC id=ReadFoupStatus uuid=14 len=23
frame=01 04 12 2A 91 46 4B 2D 99 FB BC CF E0 F6 F6 20 18 FE 60 A1 81 9F CD
[2026-04-17 09:26:13] [INFO] [发送] 09:26:13.069 设备ID=12007 module=PERIODIC id=ReadFoupStatus uuid=14 sendCount=1/1 timeout=1000ms crc=30 0C len=8
frame=01 04 00 00 00 09 30 0C
[2026-04-17 09:26:13] [INFO] [接收-帧] 09:26:13.154 设备ID=12007 module=PERIODIC id=ReadFoupStatus uuid=14 len=23
frame=01 04 12 26 30 B7 A7 50 5E 66 81 84 BD 78 5F ED 67 50 85 B9 BC 19 2D
[2026-04-17 09:26:14] [INFO] [发送] 09:26:14.154 设备ID=12007 module=PERIODIC id=ReadFoupStatus uuid=14 sendCount=1/1 timeout=1000ms crc=30 0C len=8
frame=01 04 00 00 00 09 30 0C
[2026-04-17 09:26:14] [INFO] [接收-帧] 09:26:14.250 设备ID=12007 module=PERIODIC id=ReadFoupStatus uuid=14 len=23
frame=01 04 12 FB F3 A3 A8 86 C2 53 23 E8 85 39 7F E6 DA 3E 2A B6 50 40 6B
[2026-04-17 09:26:15] [INFO] [发送] 09:26:15.634 设备ID=12007 module=PERIODIC id=ReadFoupStatus uuid=14 sendCount=1/1 timeout=1000ms crc=30 0C len=8
frame=01 04 00 00 00 09 30 0C
[2026-04-17 09:26:15] [INFO] [接收-帧] 09:26:15.680 设备ID=12007 module=PERIODIC id=ReadFoupStatus uuid=14 len=23
frame=01 04 12 DE F0 C1 56 EB F9 F3 A0 1B AA 1F 11 AF 82 7E AB 46 5F 20 75
[2026-04-17 09:26:16] [INFO] [发送] 09:26:16.694 设备ID=12007 module=PERIODIC id=ReadFoupStatus uuid=14 sendCount=1/1 timeout=1000ms crc=30 0C len=8
frame=01 04 00 00 00 09 30 0C
[2026-04-17 09:26:16] [INFO] [接收-帧] 09:26:16.768 设备ID=12007 module=PERIODIC id=ReadFoupStatus uuid=14 len=23
frame=01 04 12 4F 81 42 66 A8 A6 F2 46 40 CD 05 70 76 88 B7 86 EF 51 CD D4
[2026-04-17 09:26:17] [INFO] [发送] 09:26:17.772 设备ID=12007 module=PERIODIC id=ReadFoupStatus uuid=14 sendCount=1/1 timeout=1000ms crc=30 0C len=8
frame=01 04 00 00 00 09 30 0C
[2026-04-17 09:26:17] [INFO] [接收-帧] 09:26:17.866 设备ID=12007 module=PERIODIC id=ReadFoupStatus uuid=14 len=23
frame=01 04 12 13 45 84 3D AE 7B 2D DD 3C 99 00 80 C0 04 30 57 2B 73 7C CE
[2026-04-17 09:26:18] [INFO] [发送] 09:26:18.879 设备ID=12007 module=PERIODIC id=ReadFoupStatus uuid=14 sendCount=1/1 timeout=1000ms crc=30 0C len=8
frame=01 04 00 00 00 09 30 0C
[2026-04-17 09:26:18] [INFO] [接收-帧] 09:26:18.957 设备ID=12007 module=PERIODIC id=ReadFoupStatus uuid=14 len=23
frame=01 04 12 A7 A0 36 FE FC F9 C2 16 23 BE F6 FC BB CA C4 20 A7 39 6A 9C
[2026-04-17 09:26:19] [INFO] [发送] 09:26:19.952 设备ID=12007 module=PERIODIC id=ReadFoupStatus uuid=14 sendCount=1/1 timeout=1000ms crc=30 0C len=8
frame=01 04 00 00 00 09 30 0C
[2026-04-17 09:26:20] [INFO] [接收-帧] 09:26:20.054 设备ID=12007 module=PERIODIC id=ReadFoupStatus uuid=14 len=23
frame=01 04 12 BC 52 07 00 33 8C 1E 24 48 16 55 FB 6E B1 0D 2A 1A 3A 00 35
[2026-04-17 09:26:21] [INFO] [发送] 09:26:21.041 设备ID=12007 module=PERIODIC id=ReadFoupStatus uuid=14 sendCount=1/1 timeout=1000ms crc=30 0C len=8
frame=01 04 00 00 00 09 30 0C
[2026-04-17 09:26:21] [INFO] [接收-帧] 09:26:21.138 设备ID=12007 module=PERIODIC id=ReadFoupStatus uuid=14 len=23
frame=01 04 12 CB 3B DD 65 E2 25 4F 2F 92 09 1D 3C 46 59 21 8F 32 71 44 01
[2026-04-17 09:26:22] [INFO] [发送] 09:26:22.150 设备ID=12007 module=PERIODIC id=ReadFoupStatus uuid=14 sendCount=1/1 timeout=1000ms crc=30 0C len=8
frame=01 04 00 00 00 09 30 0C
[2026-04-17 09:26:22] [INFO] [接收-帧] 09:26:22.236 设备ID=12007 module=PERIODIC id=ReadFoupStatus uuid=14 len=23
frame=01 04 12 A5 B9 57 D4 E8 C3 C1 B1 28 84 79 E4 09 87 53 FE 42 49 B9 0B
[2026-04-17 09:26:23] [INFO] [发送] 09:26:23.233 设备ID=12007 module=PERIODIC id=ReadFoupStatus uuid=14 sendCount=1/1 timeout=1000ms crc=30 0C len=8
frame=01 04 00 00 00 09 30 0C
[2026-04-17 09:26:23] [INFO] [接收-帧] 09:26:23.327 设备ID=12007 module=PERIODIC id=ReadFoupStatus uuid=14 len=23
frame=01 04 12 FA 3B 80 D1 E0 D8 C1 91 C0 7A B9 66 DA FA C8 2B 50 F8 E9 1A
[2026-04-17 09:26:24] [INFO] [发送] 09:26:24.325 设备ID=12007 module=PERIODIC id=ReadFoupStatus uuid=14 sendCount=1/1 timeout=1000ms crc=30 0C len=8
frame=01 04 00 00 00 09 30 0C
[2026-04-17 09:26:24] [INFO] [接收-帧] 09:26:24.425 设备ID=12007 module=PERIODIC id=ReadFoupStatus uuid=14 len=23
frame=01 04 12 BD 89 3E 15 14 41 06 5B 02 B2 81 12 BF 64 1E DE 95 E0 D0 CD
[2026-04-17 09:26:25] [INFO] [发送] 09:26:25.620 设备ID=12007 module=PERIODIC id=ReadFoupStatus uuid=14 sendCount=1/1 timeout=1000ms crc=30 0C len=8
frame=01 04 00 00 00 09 30 0C
[2026-04-17 09:26:25] [INFO] [接收-帧] 09:26:25.629 设备ID=12007 module=PERIODIC id=ReadFoupStatus uuid=14 len=23
frame=01 04 12 B7 6F 59 58 A7 64 14 E0 6B 30 8F F0 6A 61 C2 4F 3D AF 57 9E
[2026-04-17 09:26:26] [INFO] [发送] 09:26:26.622 设备ID=12007 module=PERIODIC id=ReadFoupStatus uuid=14 sendCount=1/1 timeout=1000ms crc=30 0C len=8
frame=01 04 00 00 00 09 30 0C
[2026-04-17 09:26:26] [INFO] [接收-帧] 09:26:26.721 设备ID=12007 module=PERIODIC id=ReadFoupStatus uuid=14 len=23
frame=01 04 12 5C 4E 3E AA 43 E3 0C 3D 9A 74 22 31 9A CB B8 7C 0C 1E 9D 55
[2026-04-17 09:26:27] [INFO] [发送] 09:26:27.718 设备ID=12007 module=PERIODIC id=ReadFoupStatus uuid=14 sendCount=1/1 timeout=1000ms crc=30 0C len=8
frame=01 04 00 00 00 09 30 0C
[2026-04-17 09:26:27] [INFO] [接收-帧] 09:26:27.816 设备ID=12007 module=PERIODIC id=ReadFoupStatus uuid=14 len=23
frame=01 04 12 D9 4E 98 E5 39 E5 8E 19 2A 65 76 88 E0 07 35 78 59 28 42 89
[2026-04-17 09:26:28] [INFO] [发送] 09:26:28.812 设备ID=12007 module=PERIODIC id=ReadFoupStatus uuid=14 sendCount=1/1 timeout=1000ms crc=30 0C len=8
frame=01 04 00 00 00 09 30 0C
[2026-04-17 09:26:28] [INFO] [接收-帧] 09:26:28.905 设备ID=12007 module=PERIODIC id=ReadFoupStatus uuid=14 len=23
frame=01 04 12 54 20 68 FF C8 C4 57 71 0C 8D DD B3 C1 50 68 01 BD B7 D8 F6
[2026-04-17 09:26:29] [INFO] [发送] 09:26:29.902 设备ID=12007 module=PERIODIC id=ReadFoupStatus uuid=14 sendCount=1/1 timeout=1000ms crc=30 0C len=8
frame=01 04 00 00 00 09 30 0C
[2026-04-17 09:26:30] [INFO] [接收-帧] 09:26:30.004 设备ID=12007 module=PERIODIC id=ReadFoupStatus uuid=14 len=23
frame=01 04 12 87 23 8C 3B EE CA 7E 3B F4 7A F5 D8 CB E2 2D BD 32 A2 81 B3
[2026-04-17 09:26:31] [INFO] [发送] 09:26:31.009 设备ID=12007 module=PERIODIC id=ReadFoupStatus uuid=14 sendCount=1/1 timeout=1000ms crc=30 0C len=8
frame=01 04 00 00 00 09 30 0C
[2026-04-17 09:26:31] [INFO] [接收-帧] 09:26:31.099 设备ID=12007 module=PERIODIC id=ReadFoupStatus uuid=14 len=23
frame=01 04 12 D9 DB C2 A7 A5 2B 26 27 13 93 CD DF 10 3C 8F 5F 97 DC C5 0D
[2026-04-17 09:26:32] [INFO] [发送] 09:26:32.090 设备ID=12007 module=PERIODIC id=ReadFoupStatus uuid=14 sendCount=1/1 timeout=1000ms crc=30 0C len=8
frame=01 04 00 00 00 09 30 0C
[2026-04-17 09:26:32] [INFO] [接收-帧] 09:26:32.189 设备ID=12007 module=PERIODIC id=ReadFoupStatus uuid=14 len=23
frame=01 04 12 20 7B 46 36 31 69 35 2F 92 F5 90 D9 F2 9F C9 20 6A AE AC 54
[2026-04-17 09:26:33] [INFO] [发送] 09:26:33.185 设备ID=12007 module=PERIODIC id=ReadFoupStatus uuid=14 sendCount=1/1 timeout=1000ms crc=30 0C len=8
frame=01 04 00 00 00 09 30 0C
[2026-04-17 09:26:33] [INFO] [接收-帧] 09:26:33.284 设备ID=12007 module=PERIODIC id=ReadFoupStatus uuid=14 len=23
frame=01 04 12 1D A9 F3 43 4B 17 49 DF 52 34 F5 4B 34 23 05 34 0A FC F5 A6
[2026-04-17 09:26:34] [INFO] [发送] 09:26:34.287 设备ID=12007 module=PERIODIC id=ReadFoupStatus uuid=14 sendCount=1/1 timeout=1000ms crc=30 0C len=8
frame=01 04 00 00 00 09 30 0C
[2026-04-17 09:26:34] [INFO] [接收-帧] 09:26:34.379 设备ID=12007 module=PERIODIC id=ReadFoupStatus uuid=14 len=23
frame=01 04 12 20 48 CE 38 9D 6F D7 2C 67 9F 68 79 6E B4 A4 62 1E 52 BE 24
[2026-04-17 09:26:35] [INFO] [发送] 09:26:35.381 设备ID=12007 module=PERIODIC id=ReadFoupStatus uuid=14 sendCount=1/1 timeout=1000ms crc=30 0C len=8
frame=01 04 00 00 00 09 30 0C
[2026-04-17 09:26:35] [INFO] [接收-帧] 09:26:35.469 设备ID=12007 module=PERIODIC id=ReadFoupStatus uuid=14 len=23
frame=01 04 12 B3 1B 48 8C 67 BB FF 5E E1 6A 9A 0A 29 54 E1 39 53 CF FD 51
[2026-04-17 09:26:36] [INFO] [发送] 09:26:36.468 设备ID=12007 module=PERIODIC id=ReadFoupStatus uuid=14 sendCount=1/1 timeout=1000ms crc=30 0C len=8
frame=01 04 00 00 00 09 30 0C
[2026-04-17 09:26:36] [INFO] [接收-帧] 09:26:36.566 设备ID=12007 module=PERIODIC id=ReadFoupStatus uuid=14 len=23
frame=01 04 12 4D C5 07 9D 13 AD 7F 65 B1 80 00 40 35 D1 3D 7C A4 D2 1E 6F
[2026-04-17 09:26:37] [INFO] [发送] 09:26:37.568 设备ID=12007 module=PERIODIC id=ReadFoupStatus uuid=14 sendCount=1/1 timeout=1000ms crc=30 0C len=8
frame=01 04 00 00 00 09 30 0C
[2026-04-17 09:26:37] [INFO] [接收-帧] 09:26:37.655 设备ID=12007 module=PERIODIC id=ReadFoupStatus uuid=14 len=23
frame=01 04 12 0F 66 3E 70 64 8E E6 3F D9 52 50 87 2B 8F 4C 0F 72 1B 44 ED
[2026-04-17 09:26:38] [INFO] [发送] 09:26:38.656 设备ID=12007 module=PERIODIC id=ReadFoupStatus uuid=14 sendCount=1/1 timeout=1000ms crc=30 0C len=8
frame=01 04 00 00 00 09 30 0C
[2026-04-17 09:26:38] [INFO] [接收-帧] 09:26:38.754 设备ID=12007 module=PERIODIC id=ReadFoupStatus uuid=14 len=23
frame=01 04 12 51 98 04 D9 59 7B 13 59 DD 45 E7 63 EB F4 B6 46 22 80 1E 11
[2026-04-17 09:26:39] [INFO] [发送] 09:26:39.753 设备ID=12007 module=PERIODIC id=ReadFoupStatus uuid=14 sendCount=1/1 timeout=1000ms crc=30 0C len=8
frame=01 04 00 00 00 09 30 0C
[2026-04-17 09:26:39] [INFO] [接收-帧] 09:26:39.843 设备ID=12007 module=PERIODIC id=ReadFoupStatus uuid=14 len=23
frame=01 04 12 B0 FF 6F 86 DE 4F 85 DB 0B 09 DB E0 3F 7B 4C C6 62 3A C4 67
[2026-04-17 09:26:40] [INFO] [发送] 09:26:40.840 设备ID=12007 module=PERIODIC id=ReadFoupStatus uuid=14 sendCount=1/1 timeout=1000ms crc=30 0C len=8
frame=01 04 00 00 00 09 30 0C
[2026-04-17 09:26:40] [INFO] [接收-帧] 09:26:40.943 设备ID=12007 module=PERIODIC id=ReadFoupStatus uuid=14 len=23
frame=01 04 12 48 DC 22 5B A4 39 62 1A A1 C0 AD EA 19 52 2A C1 C6 BD C8 64
[2026-04-17 09:26:41] [INFO] [发送] 09:26:41.944 设备ID=12007 module=PERIODIC id=ReadFoupStatus uuid=14 sendCount=1/1 timeout=1000ms crc=30 0C len=8
frame=01 04 00 00 00 09 30 0C
[2026-04-17 09:26:42] [INFO] [接收-帧] 09:26:42.034 设备ID=12007 module=PERIODIC id=ReadFoupStatus uuid=14 len=23
frame=01 04 12 C4 54 C2 07 12 A4 86 CD 51 DF 96 56 65 8C 62 12 7D BD F4 71
[2026-04-17 09:26:43] [INFO] [发送] 09:26:43.034 设备ID=12007 module=PERIODIC id=ReadFoupStatus uuid=14 sendCount=1/1 timeout=1000ms crc=30 0C len=8
frame=01 04 00 00 00 09 30 0C
[2026-04-17 09:26:43] [INFO] [接收-帧] 09:26:43.127 设备ID=12007 module=PERIODIC id=ReadFoupStatus uuid=14 len=23
frame=01 04 12 41 41 0B 13 6D 5A 7C 3C 11 0C 41 1D F7 36 09 53 6F 56 DC 06
[2026-04-17 09:26:44] [INFO] [发送] 09:26:44.126 设备ID=12007 module=PERIODIC id=ReadFoupStatus uuid=14 sendCount=1/1 timeout=1000ms crc=30 0C len=8
frame=01 04 00 00 00 09 30 0C
[2026-04-17 09:26:44] [INFO] [接收-帧] 09:26:44.218 设备ID=12007 module=PERIODIC id=ReadFoupStatus uuid=14 len=23
frame=01 04 12 4F DF D0 D2 EB 96 0A D2 64 D8 2E A5 53 FB 3F 0A 41 23 E4 FA
[2026-04-17 09:26:45] [INFO] [发送] 09:26:45.215 设备ID=12007 module=PERIODIC id=ReadFoupStatus uuid=14 sendCount=1/1 timeout=1000ms crc=30 0C len=8
frame=01 04 00 00 00 09 30 0C
[2026-04-17 09:26:45] [INFO] [接收-帧] 09:26:45.315 设备ID=12007 module=PERIODIC id=ReadFoupStatus uuid=14 len=23
frame=01 04 12 A8 A8 C7 B1 9D 32 1F 87 DA 20 A5 2D 87 C1 A9 DE 6E CA 83 0B
[2026-04-17 09:26:46] [INFO] [发送] 09:26:46.311 设备ID=12007 module=PERIODIC id=ReadFoupStatus uuid=14 sendCount=1/1 timeout=1000ms crc=30 0C len=8
frame=01 04 00 00 00 09 30 0C
[2026-04-17 09:26:46] [INFO] [接收-帧] 09:26:46.410 设备ID=12007 module=PERIODIC id=ReadFoupStatus uuid=14 len=23
frame=01 04 12 32 99 5F 4C 38 DB 9A 0E 5E DA 00 32 84 5A D3 4F 88 D1 EE C7
[2026-04-17 09:26:47] [INFO] [发送] 09:26:47.425 设备ID=12007 module=PERIODIC id=ReadFoupStatus uuid=14 sendCount=1/1 timeout=1000ms crc=30 0C len=8
frame=01 04 00 00 00 09 30 0C
[2026-04-17 09:26:47] [INFO] [接收-帧] 09:26:47.540 设备ID=12007 module=PERIODIC id=ReadFoupStatus uuid=14 len=23
frame=01 04 12 7A 67 05 2F 6B 05 44 58 A5 42 B3 8A E1 43 B0 9A FF 6E 3F 7E
[2026-04-17 09:26:48] [INFO] [发送] 09:26:48.557 设备ID=12007 module=PERIODIC id=ReadFoupStatus uuid=14 sendCount=1/1 timeout=1000ms crc=30 0C len=8
frame=01 04 00 00 00 09 30 0C
[2026-04-17 09:26:48] [INFO] [接收-帧] 09:26:48.598 设备ID=12007 module=PERIODIC id=ReadFoupStatus uuid=14 len=23
frame=01 04 12 60 D3 6B 12 AB 57 75 D9 5D 5E F0 5E F1 AC 8D 87 CD 77 3B F3
[2026-04-17 09:26:49] [INFO] [发送] 09:26:49.598 设备ID=12007 module=PERIODIC id=ReadFoupStatus uuid=14 sendCount=1/1 timeout=1000ms crc=30 0C len=8
frame=01 04 00 00 00 09 30 0C
[2026-04-17 09:26:49] [INFO] [接收-帧] 09:26:49.686 设备ID=12007 module=PERIODIC id=ReadFoupStatus uuid=14 len=23
frame=01 04 12 C9 5C 8F A7 C8 4C CF 2B 1F 06 CC E8 C7 D0 C5 98 AD 52 C2 3B
[2026-04-17 09:26:50] [INFO] [发送] 09:26:50.692 设备ID=12007 module=PERIODIC id=ReadFoupStatus uuid=14 sendCount=1/1 timeout=1000ms crc=30 0C len=8
frame=01 04 00 00 00 09 30 0C
[2026-04-17 09:26:50] [INFO] [接收-帧] 09:26:50.783 设备ID=12007 module=PERIODIC id=ReadFoupStatus uuid=14 len=23
frame=01 04 12 23 3D 00 5A E8 DD 15 34 38 4D 04 F6 57 10 0F 65 E0 66 6C 94
[2026-04-17 09:26:51] [INFO] [发送] 09:26:51.822 设备ID=12007 module=PERIODIC id=ReadFoupStatus uuid=14 sendCount=1/1 timeout=1000ms crc=30 0C len=8
frame=01 04 00 00 00 09 30 0C
[2026-04-17 09:26:51] [INFO] [接收-帧] 09:26:51.875 设备ID=12007 module=PERIODIC id=ReadFoupStatus uuid=14 len=23
frame=01 04 12 03 AB 02 F2 D8 CD 35 B7 85 CB C2 7F 51 F2 2D F5 A6 4F A1 F6
[2026-04-17 09:26:52] [INFO] [发送] 09:26:52.879 设备ID=12007 module=PERIODIC id=ReadFoupStatus uuid=14 sendCount=1/1 timeout=1000ms crc=30 0C len=8
frame=01 04 00 00 00 09 30 0C
[2026-04-17 09:26:52] [INFO] [接收-帧] 09:26:52.969 设备ID=12007 module=PERIODIC id=ReadFoupStatus uuid=14 len=23
frame=01 04 12 6C 13 70 94 73 7B 97 9E C7 68 A5 2A FD EE 82 B9 B6 AF F6 B4
[2026-04-17 09:26:53] [INFO] [发送] 09:26:53.972 设备ID=12007 module=PERIODIC id=ReadFoupStatus uuid=14 sendCount=1/1 timeout=1000ms crc=30 0C len=8
frame=01 04 00 00 00 09 30 0C
[2026-04-17 09:26:54] [INFO] [接收-帧] 09:26:54.066 设备ID=12007 module=PERIODIC id=ReadFoupStatus uuid=14 len=23
frame=01 04 12 17 9F 9A BC F2 4F E6 79 09 9A 55 C4 2F B8 0D CF CA E0 6A CE
[2026-04-17 09:26:55] [INFO] [发送] 09:26:55.099 设备ID=12007 module=PERIODIC id=ReadFoupStatus uuid=14 sendCount=1/1 timeout=1000ms crc=30 0C len=8
frame=01 04 00 00 00 09 30 0C
[2026-04-17 09:26:55] [INFO] [接收-帧] 09:26:55.159 设备ID=12007 module=PERIODIC id=ReadFoupStatus uuid=14 len=23
frame=01 04 12 EE C8 1D B9 2E 94 4A EA 34 95 28 41 D9 13 6C C7 20 AF 18 27
[2026-04-17 09:26:56] [INFO] [发送] 09:26:56.219 设备ID=12007 module=PERIODIC id=ReadFoupStatus uuid=14 sendCount=1/1 timeout=1000ms crc=30 0C len=8
frame=01 04 00 00 00 09 30 0C
[2026-04-17 09:26:56] [INFO] [接收-帧] 09:26:56.255 设备ID=12007 module=PERIODIC id=ReadFoupStatus uuid=14 len=23
frame=01 04 12 B9 1F 13 15 D5 ED 42 61 09 9E BB 09 3D CA AD 6A 7D 40 F6 17
[2026-04-17 09:26:57] [INFO] [发送] 09:26:57.257 设备ID=12007 module=PERIODIC id=ReadFoupStatus uuid=14 sendCount=1/1 timeout=1000ms crc=30 0C len=8
frame=01 04 00 00 00 09 30 0C
[2026-04-17 09:26:57] [INFO] [接收-帧] 09:26:57.341 设备ID=12007 module=PERIODIC id=ReadFoupStatus uuid=14 len=23
frame=01 04 12 F3 D4 C8 2F B8 38 27 B7 EF AF 58 73 8F 78 73 09 53 58 FE 47
[2026-04-17 09:26:58] [INFO] [发送] 09:26:58.341 设备ID=12007 module=PERIODIC id=ReadFoupStatus uuid=14 sendCount=1/1 timeout=1000ms crc=30 0C len=8
frame=01 04 00 00 00 09 30 0C
[2026-04-17 09:26:58] [INFO] [接收-帧] 09:26:58.449 设备ID=12007 module=PERIODIC id=ReadFoupStatus uuid=14 len=23
frame=01 04 12 BC D7 0C 09 00 6A 1C AF 79 4E FC 77 1A 5A 20 09 6A 6A 73 D2
[2026-04-17 09:26:59] [INFO] [发送] 09:26:59.451 设备ID=12007 module=PERIODIC id=ReadFoupStatus uuid=14 sendCount=1/1 timeout=1000ms crc=30 0C len=8
frame=01 04 00 00 00 09 30 0C
[2026-04-17 09:26:59] [INFO] [接收-帧] 09:26:59.533 设备ID=12007 module=PERIODIC id=ReadFoupStatus uuid=14 len=23
frame=01 04 12 F8 B7 53 22 18 44 63 E3 6F FF BD 91 5A 97 1F 08 B8 37 2B 80
[2026-04-17 09:27:00] [INFO] [发送] 09:27:00.531 设备ID=12007 module=PERIODIC id=ReadFoupStatus uuid=14 sendCount=1/1 timeout=1000ms crc=30 0C len=8
frame=01 04 00 00 00 09 30 0C
[2026-04-17 09:27:00] [INFO] [接收-帧] 09:27:00.624 设备ID=12007 module=PERIODIC id=ReadFoupStatus uuid=14 len=23
frame=01 04 12 06 15 C7 D6 CE A7 A2 BF 81 D8 93 43 2E 03 33 62 A8 A3 E1 D4
[2026-04-17 09:27:01] [INFO] [发送] 09:27:01.620 设备ID=12007 module=PERIODIC id=ReadFoupStatus uuid=14 sendCount=1/1 timeout=1000ms crc=30 0C len=8
frame=01 04 00 00 00 09 30 0C
[2026-04-17 09:27:01] [INFO] [接收-帧] 09:27:01.721 设备ID=12007 module=PERIODIC id=ReadFoupStatus uuid=14 len=23
frame=01 04 12 99 92 B6 F7 72 9E 10 27 78 84 A6 74 E0 BA 95 71 91 FF 11 53
[2026-04-17 09:27:37] [INFO] [发送] 09:27:37.110 设备ID=12007 module=INITIAL id=ReadVersion uuid=13 sendCount=1/4 timeout=1000ms crc=B1 CD len=8
frame=01 04 00 18 00 01 B1 CD
[2026-04-17 09:27:37] [INFO] [接收-帧] 09:27:37.762 设备ID=12007 module=INITIAL id=ReadVersion uuid=13 len=7
frame=01 04 02 00 00 B9 30
[2026-04-17 09:27:37] [INFO] [发送] 09:27:37.762 设备ID=12007 module=PERIODIC id=ReadFoupStatus uuid=14 sendCount=1/1 timeout=1000ms crc=30 0C len=8
frame=01 04 00 00 00 09 30 0C
[2026-04-17 09:27:37] [INFO] [接收-帧] 09:27:37.879 设备ID=12007 module=PERIODIC id=ReadFoupStatus uuid=14 len=23
frame=01 04 12 A1 B0 98 8F B7 1B 44 FC 13 60 01 1D 23 BC 9E 3D 25 0D DC 61
[2026-04-17 09:27:38] [INFO] [发送] 09:27:38.870 设备ID=12007 module=PERIODIC id=ReadFoupStatus uuid=14 sendCount=1/1 timeout=1000ms crc=30 0C len=8
frame=01 04 00 00 00 09 30 0C
[2026-04-17 09:27:38] [INFO] [接收-帧] 09:27:38.974 设备ID=12007 module=PERIODIC id=ReadFoupStatus uuid=14 len=23
frame=01 04 12 05 CD B7 B1 B7 15 CE 49 37 25 B7 B2 AC 34 00 95 97 9A 59 BE
[2026-04-17 09:27:39] [INFO] [发送] 09:27:39.974 设备ID=12007 module=PERIODIC id=ReadFoupStatus uuid=14 sendCount=1/1 timeout=1000ms crc=30 0C len=8
frame=01 04 00 00 00 09 30 0C
[2026-04-17 09:27:40] [INFO] [接收-帧] 09:27:40.061 设备ID=12007 module=PERIODIC id=ReadFoupStatus uuid=14 len=23
frame=01 04 12 F0 B5 32 07 BD 6F D8 50 26 21 7D 57 15 DC 85 A1 F1 A7 F0 3B
[2026-04-17 09:27:41] [INFO] [发送] 09:27:41.062 设备ID=12007 module=PERIODIC id=ReadFoupStatus uuid=14 sendCount=1/1 timeout=1000ms crc=30 0C len=8
frame=01 04 00 00 00 09 30 0C
[2026-04-17 09:27:41] [INFO] [接收-帧] 09:27:41.159 设备ID=12007 module=PERIODIC id=ReadFoupStatus uuid=14 len=23
frame=01 04 12 CE B1 B3 DB 52 23 68 12 33 BE 72 E7 11 10 3F D5 36 22 54 EE
[2026-04-17 09:27:42] [INFO] [发送] 09:27:42.154 设备ID=12007 module=PERIODIC id=ReadFoupStatus uuid=14 sendCount=1/1 timeout=1000ms crc=30 0C len=8
frame=01 04 00 00 00 09 30 0C
[2026-04-17 09:27:42] [INFO] [接收-帧] 09:27:42.249 设备ID=12007 module=PERIODIC id=ReadFoupStatus uuid=14 len=23
frame=01 04 12 3E 43 D3 0E 04 09 2A CB 5A 70 FC 5D B8 52 87 74 B5 13 18 21
[2026-04-17 09:27:43] [INFO] [发送] 09:27:43.245 设备ID=12007 module=PERIODIC id=ReadFoupStatus uuid=14 sendCount=1/1 timeout=1000ms crc=30 0C len=8
frame=01 04 00 00 00 09 30 0C
[2026-04-17 09:27:43] [INFO] [接收-帧] 09:27:43.343 设备ID=12007 module=PERIODIC id=ReadFoupStatus uuid=14 len=23
frame=01 04 12 AF 0E A8 47 56 AE 56 50 93 3D 07 69 16 F6 B7 B9 EA D9 B3 14
[2026-04-17 09:27:44] [INFO] [发送] 09:27:44.337 设备ID=12007 module=PERIODIC id=ReadFoupStatus uuid=14 sendCount=1/1 timeout=1000ms crc=30 0C len=8
frame=01 04 00 00 00 09 30 0C
[2026-04-17 09:27:44] [INFO] [接收-帧] 09:27:44.450 设备ID=12007 module=PERIODIC id=ReadFoupStatus uuid=14 len=23
frame=01 04 12 22 90 29 77 B8 3F AC AB 7A A0 48 35 45 0F 9B 43 95 A0 61 A7
[2026-04-17 09:27:45] [INFO] [发送] 09:27:45.460 设备ID=12007 module=PERIODIC id=ReadFoupStatus uuid=14 sendCount=1/1 timeout=1000ms crc=30 0C len=8
frame=01 04 00 00 00 09 30 0C
[2026-04-17 09:27:45] [INFO] [接收-帧] 09:27:45.534 设备ID=12007 module=PERIODIC id=ReadFoupStatus uuid=14 len=23
frame=01 04 12 B6 00 61 DC F0 49 B5 BF 51 80 64 A0 B1 14 3C 53 37 22 5A BE
[2026-04-17 09:27:46] [INFO] [发送] 09:27:46.533 设备ID=12007 module=PERIODIC id=ReadFoupStatus uuid=14 sendCount=1/1 timeout=1000ms crc=30 0C len=8
frame=01 04 00 00 00 09 30 0C
[2026-04-17 09:27:46] [INFO] [接收-帧] 09:27:46.645 设备ID=12007 module=PERIODIC id=ReadFoupStatus uuid=14 len=23
frame=01 04 12 EB 4B 0C 0C 0B 82 9F 71 A4 9D 13 D5 8E 8A 91 6B 07 06 E8 D5
[2026-04-17 09:27:47] [INFO] [发送] 09:27:47.685 设备ID=12007 module=PERIODIC id=ReadFoupStatus uuid=14 sendCount=1/1 timeout=1000ms crc=30 0C len=8
frame=01 04 00 00 00 09 30 0C
[2026-04-17 09:27:47] [INFO] [接收-帧] 09:27:47.722 设备ID=12007 module=PERIODIC id=ReadFoupStatus uuid=14 len=23
frame=01 04 12 9B 34 40 E3 78 34 99 F2 53 BD A9 99 A6 E4 89 D9 90 0D 5F D3
[2026-04-17 09:27:48] [INFO] [发送] 09:27:48.713 设备ID=12007 module=PERIODIC id=ReadFoupStatus uuid=14 sendCount=1/1 timeout=1000ms crc=30 0C len=8
frame=01 04 00 00 00 09 30 0C
[2026-04-17 09:27:48] [INFO] [接收-帧] 09:27:48.812 设备ID=12007 module=PERIODIC id=ReadFoupStatus uuid=14 len=23
frame=01 04 12 29 E8 44 99 DA 38 54 1E CC 76 2C 22 11 52 61 65 8A E6 37 23
[2026-04-17 09:27:49] [INFO] [发送] 09:27:49.806 设备ID=12007 module=PERIODIC id=ReadFoupStatus uuid=14 sendCount=1/1 timeout=1000ms crc=30 0C len=8
frame=01 04 00 00 00 09 30 0C
[2026-04-17 09:27:49] [INFO] [接收-帧] 09:27:49.912 设备ID=12007 module=PERIODIC id=ReadFoupStatus uuid=14 len=23
frame=01 04 12 08 9D 10 52 70 3B 60 63 E5 D4 54 30 72 A7 37 F4 6E 30 6A 60
[2026-04-17 09:27:50] [INFO] [发送] 09:27:50.919 设备ID=12007 module=PERIODIC id=ReadFoupStatus uuid=14 sendCount=1/1 timeout=1000ms crc=30 0C len=8
frame=01 04 00 00 00 09 30 0C
[2026-04-17 09:27:50] [INFO] [接收-帧] 09:27:50.999 设备ID=12007 module=PERIODIC id=ReadFoupStatus uuid=14 len=23
frame=01 04 12 D5 4B 92 E9 4E C9 05 31 04 A1 82 7B FC 77 63 17 F0 03 F4 58
[2026-04-17 09:31:33] [INFO] [发送] 09:31:33.959 设备ID=12007 module=INITIAL id=ReadVersion uuid=13 sendCount=1/4 timeout=1000ms crc=B1 CD len=8
frame=01 04 00 18 00 01 B1 CD
[2026-04-17 09:31:34] [INFO] [接收-帧] 09:31:34.314 设备ID=12007 module=INITIAL id=ReadVersion uuid=13 len=7
frame=01 04 02 00 00 B9 30
[2026-04-17 09:31:34] [INFO] [发送] 09:31:34.314 设备ID=12007 module=PERIODIC id=ReadFoupStatus uuid=14 sendCount=1/1 timeout=1000ms crc=30 0C len=8
frame=01 04 00 00 00 09 30 0C
[2026-04-17 09:31:34] [INFO] [接收-帧] 09:31:34.379 设备ID=12007 module=PERIODIC id=ReadFoupStatus uuid=14 len=23
frame=01 04 12 9D 07 E2 01 25 2A F6 6F 8D D5 63 B6 93 06 03 F6 80 F8 35 DA
[2026-04-17 09:31:35] [INFO] [发送] 09:31:35.372 设备ID=12007 module=PERIODIC id=ReadFoupStatus uuid=14 sendCount=1/1 timeout=1000ms crc=30 0C len=8
frame=01 04 00 00 00 09 30 0C
[2026-04-17 09:31:35] [INFO] [接收-帧] 09:31:35.471 设备ID=12007 module=PERIODIC id=ReadFoupStatus uuid=14 len=23
frame=01 04 12 F4 3E 13 6A 60 C1 64 1C 4F 95 66 0A B7 A5 04 D5 2B D9 8E FA
[2026-04-17 09:31:36] [INFO] [发送] 09:31:36.461 设备ID=12007 module=PERIODIC id=ReadFoupStatus uuid=14 sendCount=1/1 timeout=1000ms crc=30 0C len=8
frame=01 04 00 00 00 09 30 0C
[2026-04-17 09:31:36] [INFO] [接收-帧] 09:31:36.572 设备ID=12007 module=PERIODIC id=ReadFoupStatus uuid=14 len=23
frame=01 04 12 9D 1D 45 32 4B 38 5F 5B 5D 87 36 7E 1E A8 CF A7 F2 B2 25 A5
[2026-04-17 09:31:37] [INFO] [发送] 09:31:37.575 设备ID=12007 module=PERIODIC id=ReadFoupStatus uuid=14 sendCount=1/1 timeout=1000ms crc=30 0C len=8
frame=01 04 00 00 00 09 30 0C
[2026-04-17 09:31:37] [INFO] [接收-帧] 09:31:37.769 设备ID=12007 module=PERIODIC id=ReadFoupStatus uuid=14 len=23
frame=01 04 12 C6 79 EC 21 16 3A A2 9C 65 BF 6C 23 F4 F3 0A 83 20 1C BB 9A
[2026-04-17 09:31:38] [INFO] [发送] 09:31:38.761 设备ID=12007 module=PERIODIC id=ReadFoupStatus uuid=14 sendCount=1/1 timeout=1000ms crc=30 0C len=8
frame=01 04 00 00 00 09 30 0C
[2026-04-17 09:31:38] [INFO] [接收-帧] 09:31:38.861 设备ID=12007 module=PERIODIC id=ReadFoupStatus uuid=14 len=23
frame=01 04 12 2D 6F 88 BE AD 45 09 37 58 4F B5 42 24 8A 0C 00 9B 6A 10 C8
[2026-04-17 09:31:39] [INFO] [发送] 09:31:39.855 设备ID=12007 module=PERIODIC id=ReadFoupStatus uuid=14 sendCount=1/1 timeout=1000ms crc=30 0C len=8
frame=01 04 00 00 00 09 30 0C
[2026-04-17 09:31:39] [INFO] [接收-帧] 09:31:39.955 设备ID=12007 module=PERIODIC id=ReadFoupStatus uuid=14 len=23
frame=01 04 12 AC 52 E5 F4 7D A8 52 AB 34 3D F0 5C 2D 59 A2 76 F6 51 39 A8
[2026-04-17 09:31:40] [INFO] [发送] 09:31:40.948 设备ID=12007 module=PERIODIC id=ReadFoupStatus uuid=14 sendCount=1/1 timeout=1000ms crc=30 0C len=8
frame=01 04 00 00 00 09 30 0C
[2026-04-17 09:31:41] [INFO] [接收-帧] 09:31:41.053 设备ID=12007 module=PERIODIC id=ReadFoupStatus uuid=14 len=23
frame=01 04 12 73 E0 F9 EB 1C 26 7B A3 C5 B2 8C 1C 22 A1 11 24 75 D4 3B 45
[2026-04-17 09:31:42] [INFO] [发送] 09:31:42.041 设备ID=12007 module=PERIODIC id=ReadFoupStatus uuid=14 sendCount=1/1 timeout=1000ms crc=30 0C len=8
frame=01 04 00 00 00 09 30 0C
[2026-04-17 09:31:42] [INFO] [接收-帧] 09:31:42.148 设备ID=12007 module=PERIODIC id=ReadFoupStatus uuid=14 len=23
frame=01 04 12 FD 64 54 10 B1 9D 6F 95 F5 32 C1 90 C7 8E 18 B9 05 39 D0 FA
[2026-04-17 09:31:43] [INFO] [发送] 09:31:43.152 设备ID=12007 module=PERIODIC id=ReadFoupStatus uuid=14 sendCount=1/1 timeout=1000ms crc=30 0C len=8
frame=01 04 00 00 00 09 30 0C
[2026-04-17 09:31:43] [INFO] [接收-帧] 09:31:43.237 设备ID=12007 module=PERIODIC id=ReadFoupStatus uuid=14 len=23
frame=01 04 12 3F CB 44 D9 EC 2E EA 09 E5 EE FF D4 4C C9 5D 0B 5E 61 45 E3
[2026-04-17 09:31:44] [INFO] [发送] 09:31:44.230 设备ID=12007 module=PERIODIC id=ReadFoupStatus uuid=14 sendCount=1/1 timeout=1000ms crc=30 0C len=8
frame=01 04 00 00 00 09 30 0C
[2026-04-17 09:31:44] [INFO] [接收-帧] 09:31:44.339 设备ID=12007 module=PERIODIC id=ReadFoupStatus uuid=14 len=23
frame=01 04 12 FF E5 D1 82 24 F0 DB 6C 4C 29 23 41 03 A6 B0 89 4E 62 68 00
[2026-04-17 09:31:45] [INFO] [发送] 09:31:45.338 设备ID=12007 module=PERIODIC id=ReadFoupStatus uuid=14 sendCount=1/1 timeout=1000ms crc=30 0C len=8
frame=01 04 00 00 00 09 30 0C
[2026-04-17 09:31:45] [INFO] [接收-帧] 09:31:45.427 设备ID=12007 module=PERIODIC id=ReadFoupStatus uuid=14 len=23
frame=01 04 12 1A D6 E3 8B 3B 29 6D E5 1E 1D E9 CC 7C 1D 8B 36 A1 25 CC 23
[2026-04-17 09:31:46] [INFO] [发送] 09:31:46.421 设备ID=12007 module=PERIODIC id=ReadFoupStatus uuid=14 sendCount=1/1 timeout=1000ms crc=30 0C len=8
frame=01 04 00 00 00 09 30 0C
[2026-04-17 09:31:46] [INFO] [接收-帧] 09:31:46.522 设备ID=12007 module=PERIODIC id=ReadFoupStatus uuid=14 len=23
frame=01 04 12 CD AC 57 FE 17 D6 E4 E7 76 57 4B 44 1C 95 E2 F1 89 AD FD 68
[2026-04-17 09:31:47] [INFO] [发送] 09:31:47.511 设备ID=12007 module=PERIODIC id=ReadFoupStatus uuid=14 sendCount=1/1 timeout=1000ms crc=30 0C len=8
frame=01 04 00 00 00 09 30 0C
[2026-04-17 09:31:47] [INFO] [接收-帧] 09:31:47.630 设备ID=12007 module=PERIODIC id=ReadFoupStatus uuid=14 len=23
frame=01 04 12 CB 93 1D 43 35 A8 79 99 10 0D 66 6B 80 46 86 F6 60 55 C9 30
[2026-04-17 09:31:48] [INFO] [发送] 09:31:48.621 设备ID=12007 module=PERIODIC id=ReadFoupStatus uuid=14 sendCount=1/1 timeout=1000ms crc=30 0C len=8
frame=01 04 00 00 00 09 30 0C
[2026-04-17 09:31:48] [INFO] [接收-帧] 09:31:48.714 设备ID=12007 module=PERIODIC id=ReadFoupStatus uuid=14 len=23
frame=01 04 12 50 51 3D 83 10 3B 2E 7B AB D5 0B 81 93 75 F1 41 30 2D A6 77
[2026-04-17 09:31:49] [INFO] [发送] 09:31:49.714 设备ID=12007 module=PERIODIC id=ReadFoupStatus uuid=14 sendCount=1/1 timeout=1000ms crc=30 0C len=8
frame=01 04 00 00 00 09 30 0C
[2026-04-17 09:31:49] [INFO] [接收-帧] 09:31:49.802 设备ID=12007 module=PERIODIC id=ReadFoupStatus uuid=14 len=23
frame=01 04 12 63 8A 38 5B 41 6D 01 FB 88 B5 5E 8A 00 84 C7 E5 2A 58 0F 6E
[2026-04-17 09:31:50] [INFO] [发送] 09:31:50.790 设备ID=12007 module=PERIODIC id=ReadFoupStatus uuid=14 sendCount=1/1 timeout=1000ms crc=30 0C len=8
frame=01 04 00 00 00 09 30 0C
[2026-04-17 09:31:50] [INFO] [接收-帧] 09:31:50.894 设备ID=12007 module=PERIODIC id=ReadFoupStatus uuid=14 len=23
frame=01 04 12 15 B6 51 3E 14 15 E6 BF CE CC DC 26 50 C8 EE 6B 28 12 50 18
[2026-04-17 09:31:51] [INFO] [发送] 09:31:51.889 设备ID=12007 module=PERIODIC id=ReadFoupStatus uuid=14 sendCount=1/1 timeout=1000ms crc=30 0C len=8
frame=01 04 00 00 00 09 30 0C
[2026-04-17 09:31:51] [INFO] [接收-帧] 09:31:51.998 设备ID=12007 module=PERIODIC id=ReadFoupStatus uuid=14 len=23
frame=01 04 12 24 F6 98 61 29 BC 87 F0 45 63 8F 17 49 6A CE 82 99 F3 30 EE
[2026-04-17 09:31:52] [INFO] [发送] 09:31:52.998 设备ID=12007 module=PERIODIC id=ReadFoupStatus uuid=14 sendCount=1/1 timeout=1000ms crc=30 0C len=8
frame=01 04 00 00 00 09 30 0C
[2026-04-17 09:31:53] [INFO] [接收-帧] 09:31:53.090 设备ID=12007 module=PERIODIC id=ReadFoupStatus uuid=14 len=23
frame=01 04 12 EC 63 A5 AC C4 A7 DA A9 40 9D 98 0C 59 04 64 CB BA C9 D6 8B
[2026-04-17 09:31:54] [INFO] [发送] 09:31:54.087 设备ID=12007 module=PERIODIC id=ReadFoupStatus uuid=14 sendCount=1/1 timeout=1000ms crc=30 0C len=8
frame=01 04 00 00 00 09 30 0C
[2026-04-17 09:31:54] [INFO] [接收-帧] 09:31:54.177 设备ID=12007 module=PERIODIC id=ReadFoupStatus uuid=14 len=23
frame=01 04 12 C2 5D B4 09 40 78 6B EE AB 49 0D 7A 74 6E 0C 5F D3 37 D1 B9
[2026-04-17 09:31:55] [INFO] [发送] 09:31:55.167 设备ID=12007 module=PERIODIC id=ReadFoupStatus uuid=14 sendCount=1/1 timeout=1000ms crc=30 0C len=8
frame=01 04 00 00 00 09 30 0C
[2026-04-17 09:31:55] [INFO] [接收-帧] 09:31:55.272 设备ID=12007 module=PERIODIC id=ReadFoupStatus uuid=14 len=23
frame=01 04 12 7E 4D 69 D3 8B AB BD 50 CE 7E DD CD 05 0D 2B 40 CB 54 B6 25
[2026-04-17 09:31:56] [INFO] [发送] 09:31:56.264 设备ID=12007 module=PERIODIC id=ReadFoupStatus uuid=14 sendCount=1/1 timeout=1000ms crc=30 0C len=8
frame=01 04 00 00 00 09 30 0C
[2026-04-17 09:31:56] [INFO] [接收-帧] 09:31:56.364 设备ID=12007 module=PERIODIC id=ReadFoupStatus uuid=14 len=23
frame=01 04 12 31 52 33 07 E3 DD 09 5B F6 1C 4D 21 71 C5 1E D4 8C 3E 8D D1
[2026-04-17 09:31:57] [INFO] [发送] 09:31:57.352 设备ID=12007 module=PERIODIC id=ReadFoupStatus uuid=14 sendCount=1/1 timeout=1000ms crc=30 0C len=8
frame=01 04 00 00 00 09 30 0C
[2026-04-17 09:31:57] [INFO] [接收-帧] 09:31:57.460 设备ID=12007 module=PERIODIC id=ReadFoupStatus uuid=14 len=23
frame=01 04 12 58 B5 60 44 29 C5 C3 37 F0 F7 D9 3A C1 35 C9 DA F6 ED 6C AA
[2026-04-17 09:31:58] [INFO] [发送] 09:31:58.451 设备ID=12007 module=PERIODIC id=ReadFoupStatus uuid=14 sendCount=1/1 timeout=1000ms crc=30 0C len=8
frame=01 04 00 00 00 09 30 0C
[2026-04-17 09:31:58] [INFO] [接收-帧] 09:31:58.555 设备ID=12007 module=PERIODIC id=ReadFoupStatus uuid=14 len=23
frame=01 04 12 DC 6F F6 15 26 96 C9 A4 1B 19 EA 94 90 F0 1A EE 7D 77 83 85
[2026-04-17 09:31:59] [INFO] [发送] 09:31:59.563 设备ID=12007 module=PERIODIC id=ReadFoupStatus uuid=14 sendCount=1/1 timeout=1000ms crc=30 0C len=8
frame=01 04 00 00 00 09 30 0C
[2026-04-17 09:31:59] [INFO] [接收-帧] 09:31:59.644 设备ID=12007 module=PERIODIC id=ReadFoupStatus uuid=14 len=23
frame=01 04 12 27 59 81 78 2E 64 5A 18 25 2A 0E 29 BC B0 A4 2B 06 C5 CC 11
[2026-04-17 09:32:00] [INFO] [发送] 09:32:00.637 设备ID=12007 module=PERIODIC id=ReadFoupStatus uuid=14 sendCount=1/1 timeout=1000ms crc=30 0C len=8
frame=01 04 00 00 00 09 30 0C
[2026-04-17 09:32:00] [INFO] [接收-帧] 09:32:00.741 设备ID=12007 module=PERIODIC id=ReadFoupStatus uuid=14 len=23
frame=01 04 12 44 FD C7 64 42 B5 65 64 75 4F 77 88 5F 8C E2 44 8E DA 81 16
[2026-04-17 09:32:01] [INFO] [发送] 09:32:01.732 设备ID=12007 module=PERIODIC id=ReadFoupStatus uuid=14 sendCount=1/1 timeout=1000ms crc=30 0C len=8
frame=01 04 00 00 00 09 30 0C
[2026-04-17 09:32:01] [INFO] [接收-帧] 09:32:01.833 设备ID=12007 module=PERIODIC id=ReadFoupStatus uuid=14 len=23
frame=01 04 12 CF 4A 4F 27 EC ED 8A C6 9B 9C BA 4C D4 1B 3E 62 BA 69 D5 A4
[2026-04-17 09:32:02] [INFO] [发送] 09:32:02.832 设备ID=12007 module=PERIODIC id=ReadFoupStatus uuid=14 sendCount=1/1 timeout=1000ms crc=30 0C len=8
frame=01 04 00 00 00 09 30 0C
[2026-04-17 09:32:02] [INFO] [接收-帧] 09:32:02.925 设备ID=12007 module=PERIODIC id=ReadFoupStatus uuid=14 len=23
frame=01 04 12 70 BC C9 47 84 87 06 61 97 C7 7D 3F 10 BE 79 7E ED E6 A9 F0
[2026-04-17 09:32:03] [INFO] [发送] 09:32:03.920 设备ID=12007 module=PERIODIC id=ReadFoupStatus uuid=14 sendCount=1/1 timeout=1000ms crc=30 0C len=8
frame=01 04 00 00 00 09 30 0C
[2026-04-17 09:32:04] [INFO] [接收-帧] 09:32:04.021 设备ID=12007 module=PERIODIC id=ReadFoupStatus uuid=14 len=23
frame=01 04 12 CC D4 37 C5 1C 67 26 66 98 D4 69 83 18 38 92 DF 82 28 89 EB
