[2026-04-17 09:24:09] [INFO] [发送] 09:24:09.500 设备ID=12065 module=INITIAL id=ReadVersion uuid=129 sendCount=1/4 timeout=1000ms crc=B1 CD len=8
frame=01 04 00 18 00 01 B1 CD
[2026-04-17 09:24:10] [INFO] [接收-帧] 09:24:10.181 设备ID=12065 module=INITIAL id=ReadVersion uuid=129 len=7
frame=01 04 02 00 00 B9 30
[2026-04-17 09:24:10] [INFO] [发送] 09:24:10.182 设备ID=12065 module=PERIODIC id=ReadFoupStatus uuid=130 sendCount=1/1 timeout=1000ms crc=30 0C len=8
frame=01 04 00 00 00 09 30 0C
[2026-04-17 09:24:12] [INFO] [发送] 09:24:12.183 设备ID=12065 module=PERIODIC id=ReadFoupStatus uuid=130 sendCount=1/1 timeout=1000ms crc=30 0C len=8
frame=01 04 00 00 00 09 30 0C
[2026-04-17 09:24:14] [INFO] [发送] 09:24:14.285 设备ID=12065 module=PERIODIC id=ReadFoupStatus uuid=130 sendCount=1/1 timeout=1000ms crc=30 0C len=8
frame=01 04 00 00 00 09 30 0C
[2026-04-17 09:24:16] [INFO] [发送] 09:24:16.281 设备ID=12065 module=PERIODIC id=ReadFoupStatus uuid=130 sendCount=1/1 timeout=1000ms crc=30 0C len=8
frame=01 04 00 00 00 09 30 0C
[2026-04-17 09:24:18] [INFO] [发送] 09:24:18.275 设备ID=12065 module=PERIODIC id=ReadFoupStatus uuid=130 sendCount=1/1 timeout=1000ms crc=30 0C len=8
frame=01 04 00 00 00 09 30 0C
[2026-04-17 09:24:20] [INFO] [发送] 09:24:20.276 设备ID=12065 module=PERIODIC id=ReadFoupStatus uuid=130 sendCount=1/1 timeout=1000ms crc=30 0C len=8
frame=01 04 00 00 00 09 30 0C
[2026-04-17 09:24:22] [INFO] [发送] 09:24:22.284 设备ID=12065 module=PERIODIC id=ReadFoupStatus uuid=130 sendCount=1/1 timeout=1000ms crc=30 0C len=8
frame=01 04 00 00 00 09 30 0C
[2026-04-17 09:24:24] [INFO] [发送] 09:24:24.278 设备ID=12065 module=PERIODIC id=ReadFoupStatus uuid=130 sendCount=1/1 timeout=1000ms crc=30 0C len=8
frame=01 04 00 00 00 09 30 0C
[2026-04-17 09:24:26] [INFO] [发送] 09:24:26.274 设备ID=12065 module=PERIODIC id=ReadFoupStatus uuid=130 sendCount=1/1 timeout=1000ms crc=30 0C len=8
frame=01 04 00 00 00 09 30 0C
[2026-04-17 09:24:28] [INFO] [发送] 09:24:28.276 设备ID=12065 module=PERIODIC id=ReadFoupStatus uuid=130 sendCount=1/1 timeout=1000ms crc=30 0C len=8
frame=01 04 00 00 00 09 30 0C
[2026-04-17 09:24:32] [INFO] [发送] 09:24:32.416 设备ID=12065 module=PERIODIC id=ReadFoupStatus uuid=130 sendCount=1/1 timeout=1000ms crc=30 0C len=8
frame=01 04 00 00 00 09 30 0C
[2026-04-17 09:24:34] [INFO] [发送] 09:24:34.418 设备ID=12065 module=PERIODIC id=ReadFoupStatus uuid=130 sendCount=1/1 timeout=1000ms crc=30 0C len=8
frame=01 04 00 00 00 09 30 0C
[2026-04-17 09:24:36] [INFO] [发送] 09:24:36.419 设备ID=12065 module=PERIODIC id=ReadFoupStatus uuid=130 sendCount=1/1 timeout=1000ms crc=30 0C len=8
frame=01 04 00 00 00 09 30 0C
[2026-04-17 09:24:38] [INFO] [发送] 09:24:38.416 设备ID=12065 module=PERIODIC id=ReadFoupStatus uuid=130 sendCount=1/1 timeout=1000ms crc=30 0C len=8
frame=01 04 00 00 00 09 30 0C
[2026-04-17 09:24:40] [INFO] [发送] 09:24:40.423 设备ID=12065 module=PERIODIC id=ReadFoupStatus uuid=130 sendCount=1/1 timeout=1000ms crc=30 0C len=8
frame=01 04 00 00 00 09 30 0C
[2026-04-17 09:24:42] [INFO] [发送] 09:24:42.419 设备ID=12065 module=PERIODIC id=ReadFoupStatus uuid=130 sendCount=1/1 timeout=1000ms crc=30 0C len=8
frame=01 04 00 00 00 09 30 0C
[2026-04-17 09:24:44] [INFO] [发送] 09:24:44.419 设备ID=12065 module=PERIODIC id=ReadFoupStatus uuid=130 sendCount=1/1 timeout=1000ms crc=30 0C len=8
frame=01 04 00 00 00 09 30 0C
[2026-04-17 09:24:48] [INFO] [发送] 09:24:48.383 设备ID=12065 module=PERIODIC id=ReadFoupStatus uuid=130 sendCount=1/1 timeout=1000ms crc=30 0C len=8
frame=01 04 00 00 00 09 30 0C
[2026-04-17 09:24:48] [INFO] [接收-帧] 09:24:48.496 设备ID=12065 module=PERIODIC id=ReadFoupStatus uuid=130 len=23
frame=01 04 12 CF F8 53 78 26 63 7D 3E 05 C9 D2 44 52 EA 7E A8 50 BA D9 1B
[2026-04-17 09:24:49] [INFO] [发送] 09:24:49.502 设备ID=12065 module=PERIODIC id=ReadFoupStatus uuid=130 sendCount=1/1 timeout=1000ms crc=30 0C len=8
frame=01 04 00 00 00 09 30 0C
[2026-04-17 09:24:49] [INFO] [接收-帧] 09:24:49.621 设备ID=12065 module=PERIODIC id=ReadFoupStatus uuid=130 len=23
frame=01 04 12 4D 8E 8F C0 52 B1 AF 56 02 2C CF 61 81 E1 98 0D 89 CE ED C2
[2026-04-17 09:24:50] [INFO] [发送] 09:24:50.622 设备ID=12065 module=PERIODIC id=ReadFoupStatus uuid=130 sendCount=1/1 timeout=1000ms crc=30 0C len=8
frame=01 04 00 00 00 09 30 0C
[2026-04-17 09:24:50] [INFO] [接收-帧] 09:24:50.687 设备ID=12065 module=PERIODIC id=ReadFoupStatus uuid=130 len=23
frame=01 04 12 30 5D 51 86 62 74 F7 49 7B EE D7 49 51 0B B4 44 19 BA 23 65
[2026-04-17 09:24:51] [INFO] [发送] 09:24:51.683 设备ID=12065 module=PERIODIC id=ReadFoupStatus uuid=130 sendCount=1/1 timeout=1000ms crc=30 0C len=8
frame=01 04 00 00 00 09 30 0C
[2026-04-17 09:24:51] [INFO] [接收-帧] 09:24:51.777 设备ID=12065 module=PERIODIC id=ReadFoupStatus uuid=130 len=23
frame=01 04 12 73 09 E4 DA 95 7E 7F C8 00 BD E4 C2 83 30 DC CD 48 70 96 97
[2026-04-17 09:24:52] [INFO] [发送] 09:24:52.775 设备ID=12065 module=PERIODIC id=ReadFoupStatus uuid=130 sendCount=1/1 timeout=1000ms crc=30 0C len=8
frame=01 04 00 00 00 09 30 0C
[2026-04-17 09:24:52] [INFO] [接收-帧] 09:24:52.874 设备ID=12065 module=PERIODIC id=ReadFoupStatus uuid=130 len=23
frame=01 04 12 65 0A 0A 10 3B 6D CE C9 5E 1F 37 21 40 CF CA AC 52 E8 6C 83
[2026-04-17 09:24:53] [INFO] [发送] 09:24:53.869 设备ID=12065 module=PERIODIC id=ReadFoupStatus uuid=130 sendCount=1/1 timeout=1000ms crc=30 0C len=8
frame=01 04 00 00 00 09 30 0C
[2026-04-17 09:24:53] [INFO] [接收-帧] 09:24:53.964 设备ID=12065 module=PERIODIC id=ReadFoupStatus uuid=130 len=23
frame=01 04 12 82 4B A0 D4 41 39 49 0B C9 7F D4 45 17 60 4D FE AC F8 60 A0
[2026-04-17 09:24:54] [INFO] [发送] 09:24:54.966 设备ID=12065 module=PERIODIC id=ReadFoupStatus uuid=130 sendCount=1/1 timeout=1000ms crc=30 0C len=8
frame=01 04 00 00 00 09 30 0C
[2026-04-17 09:24:55] [INFO] [接收-帧] 09:24:55.060 设备ID=12065 module=PERIODIC id=ReadFoupStatus uuid=130 len=23
frame=01 04 12 99 59 A2 CD 67 D6 10 AB 98 95 4B DF 20 7B 13 4C BA 4F 7A 82
[2026-04-17 09:24:56] [INFO] [发送] 09:24:56.061 设备ID=12065 module=PERIODIC id=ReadFoupStatus uuid=130 sendCount=1/1 timeout=1000ms crc=30 0C len=8
frame=01 04 00 00 00 09 30 0C
[2026-04-17 09:24:56] [INFO] [接收-帧] 09:24:56.151 设备ID=12065 module=PERIODIC id=ReadFoupStatus uuid=130 len=23
frame=01 04 12 1C E9 20 C2 B6 7C 02 53 65 60 04 CD 21 25 07 21 C7 75 85 CA
[2026-04-17 09:24:57] [INFO] [发送] 09:24:57.157 设备ID=12065 module=PERIODIC id=ReadFoupStatus uuid=130 sendCount=1/1 timeout=1000ms crc=30 0C len=8
frame=01 04 00 00 00 09 30 0C
[2026-04-17 09:24:57] [INFO] [接收-帧] 09:24:57.251 设备ID=12065 module=PERIODIC id=ReadFoupStatus uuid=130 len=23
frame=01 04 12 CB 09 F5 0F B3 FD 34 09 1E A1 10 DF 1B 7E C6 FE 35 31 73 99
[2026-04-17 09:24:58] [INFO] [发送] 09:24:58.247 设备ID=12065 module=PERIODIC id=ReadFoupStatus uuid=130 sendCount=1/1 timeout=1000ms crc=30 0C len=8
frame=01 04 00 00 00 09 30 0C
[2026-04-17 09:24:58] [INFO] [接收-帧] 09:24:58.347 设备ID=12065 module=PERIODIC id=ReadFoupStatus uuid=130 len=23
frame=01 04 12 F8 4E FC F1 49 0A A4 99 1F B5 34 E7 C9 2B 1E 77 D0 CB 13 E4
[2026-04-17 09:24:59] [INFO] [发送] 09:24:59.343 设备ID=12065 module=PERIODIC id=ReadFoupStatus uuid=130 sendCount=1/1 timeout=1000ms crc=30 0C len=8
frame=01 04 00 00 00 09 30 0C
[2026-04-17 09:24:59] [INFO] [接收-帧] 09:24:59.446 设备ID=12065 module=PERIODIC id=ReadFoupStatus uuid=130 len=23
frame=01 04 12 18 8F C4 00 31 60 15 B5 43 50 86 D5 BD 14 BE 89 15 83 6F 34
[2026-04-17 09:25:00] [INFO] [发送] 09:25:00.451 设备ID=12065 module=PERIODIC id=ReadFoupStatus uuid=130 sendCount=1/1 timeout=1000ms crc=30 0C len=8
frame=01 04 00 00 00 09 30 0C
[2026-04-17 09:25:00] [INFO] [接收-帧] 09:25:00.526 设备ID=12065 module=PERIODIC id=ReadFoupStatus uuid=130 len=23
frame=01 04 12 0D 4B 2E 29 B2 2D 13 F6 03 FA 66 A1 9C B0 0D E0 78 96 A0 20
[2026-04-17 09:25:01] [INFO] [发送] 09:25:01.542 设备ID=12065 module=PERIODIC id=ReadFoupStatus uuid=130 sendCount=1/1 timeout=1000ms crc=30 0C len=8
frame=01 04 00 00 00 09 30 0C
[2026-04-17 09:25:01] [INFO] [接收-帧] 09:25:01.662 设备ID=12065 module=PERIODIC id=ReadFoupStatus uuid=130 len=23
frame=01 04 12 76 0C 1B 10 D8 4A 8E B7 84 57 1B 6A F0 31 11 AA 44 1B 92 0A
[2026-04-17 09:25:02] [INFO] [发送] 09:25:02.661 设备ID=12065 module=PERIODIC id=ReadFoupStatus uuid=130 sendCount=1/1 timeout=1000ms crc=30 0C len=8
frame=01 04 00 00 00 09 30 0C
[2026-04-17 09:25:02] [INFO] [接收-帧] 09:25:02.724 设备ID=12065 module=PERIODIC id=ReadFoupStatus uuid=130 len=23
frame=01 04 12 93 D8 23 2C B5 83 EC 60 AD F5 0A 68 00 AD EC C2 BB A0 98 62
[2026-04-17 09:25:03] [INFO] [发送] 09:25:03.712 设备ID=12065 module=PERIODIC id=ReadFoupStatus uuid=130 sendCount=1/1 timeout=1000ms crc=30 0C len=8
frame=01 04 00 00 00 09 30 0C
[2026-04-17 09:25:03] [INFO] [接收-帧] 09:25:03.812 设备ID=12065 module=PERIODIC id=ReadFoupStatus uuid=130 len=23
frame=01 04 12 B3 14 E2 EE 0E BB B8 33 DB 30 3C 21 8F C5 45 1E E5 8B 3F 3B
[2026-04-17 09:25:04] [INFO] [发送] 09:25:04.811 设备ID=12065 module=PERIODIC id=ReadFoupStatus uuid=130 sendCount=1/1 timeout=1000ms crc=30 0C len=8
frame=01 04 00 00 00 09 30 0C
[2026-04-17 09:25:04] [INFO] [接收-帧] 09:25:04.908 设备ID=12065 module=PERIODIC id=ReadFoupStatus uuid=130 len=23
frame=01 04 12 1C 17 A9 45 D4 1D 60 1B 72 02 97 92 8E 95 82 BA 11 CB 1B 4C
[2026-04-17 09:25:05] [INFO] [发送] 09:25:05.901 设备ID=12065 module=PERIODIC id=ReadFoupStatus uuid=130 sendCount=1/1 timeout=1000ms crc=30 0C len=8
frame=01 04 00 00 00 09 30 0C
[2026-04-17 09:25:06] [INFO] [接收-帧] 09:25:06.105 设备ID=12065 module=PERIODIC id=ReadFoupStatus uuid=130 len=23
frame=01 04 12 BD EA 6B 5F 3D C2 22 FA 99 EE EF 7F A7 CA 99 E9 51 FE DD 55
[2026-04-17 09:25:07] [INFO] [发送] 09:25:07.105 设备ID=12065 module=PERIODIC id=ReadFoupStatus uuid=130 sendCount=1/1 timeout=1000ms crc=30 0C len=8
frame=01 04 00 00 00 09 30 0C
[2026-04-17 09:25:07] [INFO] [接收-帧] 09:25:07.301 设备ID=12065 module=PERIODIC id=ReadFoupStatus uuid=130 len=23
frame=01 04 12 6D AF D7 3A BE 46 30 E3 0B 3F 8E 6B 9D BF 66 37 D1 75 7E CE
[2026-04-17 09:25:08] [INFO] [发送] 09:25:08.293 设备ID=12065 module=PERIODIC id=ReadFoupStatus uuid=130 sendCount=1/1 timeout=1000ms crc=30 0C len=8
frame=01 04 00 00 00 09 30 0C
[2026-04-17 09:25:08] [INFO] [接收-帧] 09:25:08.299 设备ID=12065 module=PERIODIC id=ReadFoupStatus uuid=130 len=23
frame=01 04 12 4D DB 57 37 A7 F1 84 9C 02 74 C2 72 FF 99 97 01 43 E2 DB F1
[2026-04-17 09:25:09] [INFO] [发送] 09:25:09.293 设备ID=12065 module=PERIODIC id=ReadFoupStatus uuid=130 sendCount=1/1 timeout=1000ms crc=30 0C len=8
frame=01 04 00 00 00 09 30 0C
[2026-04-17 09:25:09] [INFO] [接收-帧] 09:25:09.393 设备ID=12065 module=PERIODIC id=ReadFoupStatus uuid=130 len=23
frame=01 04 12 4B 31 25 0A 56 D2 F0 37 EC 06 2B FA 08 5A 73 51 6A 1E B7 F1
[2026-04-17 09:25:10] [INFO] [发送] 09:25:10.383 设备ID=12065 module=PERIODIC id=ReadFoupStatus uuid=130 sendCount=1/1 timeout=1000ms crc=30 0C len=8
frame=01 04 00 00 00 09 30 0C
[2026-04-17 09:25:10] [INFO] [接收-帧] 09:25:10.480 设备ID=12065 module=PERIODIC id=ReadFoupStatus uuid=130 len=23
frame=01 04 12 98 A9 5E 72 B4 1F E1 32 34 47 97 2C B8 06 94 F2 CF D5 60 9C
[2026-04-17 09:25:11] [INFO] [发送] 09:25:11.479 设备ID=12065 module=PERIODIC id=ReadFoupStatus uuid=130 sendCount=1/1 timeout=1000ms crc=30 0C len=8
frame=01 04 00 00 00 09 30 0C
[2026-04-17 09:25:11] [INFO] [接收-帧] 09:25:11.575 设备ID=12065 module=PERIODIC id=ReadFoupStatus uuid=130 len=23
frame=01 04 12 75 A0 D9 C1 C9 F7 1A 48 E0 FB 61 07 D8 44 3C F4 8F 52 03 5C
[2026-04-17 09:25:12] [INFO] [发送] 09:25:12.575 设备ID=12065 module=PERIODIC id=ReadFoupStatus uuid=130 sendCount=1/1 timeout=1000ms crc=30 0C len=8
frame=01 04 00 00 00 09 30 0C
[2026-04-17 09:25:12] [INFO] [接收-帧] 09:25:12.670 设备ID=12065 module=PERIODIC id=ReadFoupStatus uuid=130 len=23
frame=01 04 12 79 5A BB 06 B4 1E 03 1A 32 D6 E3 3E 2C AD 18 7F 5F F4 EE 41
[2026-04-17 09:25:13] [INFO] [发送] 09:25:13.665 设备ID=12065 module=PERIODIC id=ReadFoupStatus uuid=130 sendCount=1/1 timeout=1000ms crc=30 0C len=8
frame=01 04 00 00 00 09 30 0C
[2026-04-17 09:25:13] [INFO] [接收-帧] 09:25:13.767 设备ID=12065 module=PERIODIC id=ReadFoupStatus uuid=130 len=23
frame=01 04 12 D1 9E 36 77 05 C0 C9 CB 68 3F C7 17 76 82 EF 6F D9 B9 14 21
[2026-04-17 09:25:14] [INFO] [发送] 09:25:14.758 设备ID=12065 module=PERIODIC id=ReadFoupStatus uuid=130 sendCount=1/1 timeout=1000ms crc=30 0C len=8
frame=01 04 00 00 00 09 30 0C
[2026-04-17 09:25:14] [INFO] [接收-帧] 09:25:14.863 设备ID=12065 module=PERIODIC id=ReadFoupStatus uuid=130 len=23
frame=01 04 12 06 21 3E 46 24 EF BB 0E 1E A8 AA 28 0E 99 84 67 23 3E A5 BC
[2026-04-17 09:25:15] [INFO] [发送] 09:25:15.853 设备ID=12065 module=PERIODIC id=ReadFoupStatus uuid=130 sendCount=1/1 timeout=1000ms crc=30 0C len=8
frame=01 04 00 00 00 09 30 0C
[2026-04-17 09:25:15] [INFO] [接收-帧] 09:25:15.950 设备ID=12065 module=PERIODIC id=ReadFoupStatus uuid=130 len=23
frame=01 04 12 16 1F 97 B4 34 12 3E E9 59 C0 92 79 B5 11 35 7B B0 87 92 80
[2026-04-17 09:25:16] [INFO] [发送] 09:25:16.949 设备ID=12065 module=PERIODIC id=ReadFoupStatus uuid=130 sendCount=1/1 timeout=1000ms crc=30 0C len=8
frame=01 04 00 00 00 09 30 0C
[2026-04-17 09:25:17] [INFO] [接收-帧] 09:25:17.046 设备ID=12065 module=PERIODIC id=ReadFoupStatus uuid=130 len=23
frame=01 04 12 F7 24 A1 62 8C E3 78 56 9F 13 26 66 A8 9E 54 8D D1 E4 8B 03
[2026-04-17 09:25:18] [INFO] [发送] 09:25:18.045 设备ID=12065 module=PERIODIC id=ReadFoupStatus uuid=130 sendCount=1/1 timeout=1000ms crc=30 0C len=8
frame=01 04 00 00 00 09 30 0C
[2026-04-17 09:25:18] [INFO] [接收-帧] 09:25:18.138 设备ID=12065 module=PERIODIC id=ReadFoupStatus uuid=130 len=23
frame=01 04 12 58 2D 1E F4 6F AA D4 D1 82 A9 61 78 77 F1 26 74 3B C6 E8 8E
[2026-04-17 09:25:19] [INFO] [发送] 09:25:19.143 设备ID=12065 module=PERIODIC id=ReadFoupStatus uuid=130 sendCount=1/1 timeout=1000ms crc=30 0C len=8
frame=01 04 00 00 00 09 30 0C
[2026-04-17 09:25:19] [INFO] [接收-帧] 09:25:19.237 设备ID=12065 module=PERIODIC id=ReadFoupStatus uuid=130 len=23
frame=01 04 12 C2 B9 EA 4B E6 30 9C 9A F2 0E D7 6B 98 BA 57 69 1A E2 E4 16
[2026-04-17 09:25:20] [INFO] [发送] 09:25:20.241 设备ID=12065 module=PERIODIC id=ReadFoupStatus uuid=130 sendCount=1/1 timeout=1000ms crc=30 0C len=8
frame=01 04 00 00 00 09 30 0C
[2026-04-17 09:25:20] [INFO] [接收-帧] 09:25:20.326 设备ID=12065 module=PERIODIC id=ReadFoupStatus uuid=130 len=23
frame=01 04 12 82 28 12 50 36 CF 80 5C D9 14 08 FB F0 45 EA F9 68 B2 60 A7
[2026-04-17 09:25:21] [INFO] [发送] 09:25:21.331 设备ID=12065 module=PERIODIC id=ReadFoupStatus uuid=130 sendCount=1/1 timeout=1000ms crc=30 0C len=8
frame=01 04 00 00 00 09 30 0C
[2026-04-17 09:25:21] [INFO] [接收-帧] 09:25:21.419 设备ID=12065 module=PERIODIC id=ReadFoupStatus uuid=130 len=23
frame=01 04 12 00 B8 29 68 30 0B 5E 46 56 C9 82 E7 59 15 96 C4 94 2B CE 49
[2026-04-17 09:25:22] [INFO] [发送] 09:25:22.422 设备ID=12065 module=PERIODIC id=ReadFoupStatus uuid=130 sendCount=1/1 timeout=1000ms crc=30 0C len=8
frame=01 04 00 00 00 09 30 0C
[2026-04-17 09:25:22] [INFO] [接收-帧] 09:25:22.512 设备ID=12065 module=PERIODIC id=ReadFoupStatus uuid=130 len=23
frame=01 04 12 78 29 E6 F1 79 59 56 6A 6D 54 57 EC 8C 80 72 C1 0A D4 3E 71
[2026-04-17 09:25:23] [INFO] [发送] 09:25:23.509 设备ID=12065 module=PERIODIC id=ReadFoupStatus uuid=130 sendCount=1/1 timeout=1000ms crc=30 0C len=8
frame=01 04 00 00 00 09 30 0C
[2026-04-17 09:25:23] [INFO] [接收-帧] 09:25:23.609 设备ID=12065 module=PERIODIC id=ReadFoupStatus uuid=130 len=23
frame=01 04 12 B7 53 65 A2 F3 B9 C8 30 EF 70 CF 53 A2 01 FD CF 2F F8 DE C3
[2026-04-17 09:25:24] [INFO] [发送] 09:25:24.603 设备ID=12065 module=PERIODIC id=ReadFoupStatus uuid=130 sendCount=1/1 timeout=1000ms crc=30 0C len=8
frame=01 04 00 00 00 09 30 0C
[2026-04-17 09:25:24] [INFO] [接收-帧] 09:25:24.706 设备ID=12065 module=PERIODIC id=ReadFoupStatus uuid=130 len=23
frame=01 04 12 75 56 F7 B5 FA 60 9C 52 7F DB 25 8C 6F F4 F8 D6 F6 45 FE A0
[2026-04-17 09:25:25] [INFO] [发送] 09:25:25.696 设备ID=12065 module=PERIODIC id=ReadFoupStatus uuid=130 sendCount=1/1 timeout=1000ms crc=30 0C len=8
frame=01 04 00 00 00 09 30 0C
[2026-04-17 09:25:25] [INFO] [接收-帧] 09:25:25.797 设备ID=12065 module=PERIODIC id=ReadFoupStatus uuid=130 len=23
frame=01 04 12 E6 87 D9 08 17 21 B3 1A 90 00 34 DE EE 1C 3E C5 31 4A FC 22
[2026-04-17 09:25:26] [INFO] [发送] 09:25:26.792 设备ID=12065 module=PERIODIC id=ReadFoupStatus uuid=130 sendCount=1/1 timeout=1000ms crc=30 0C len=8
frame=01 04 00 00 00 09 30 0C
[2026-04-17 09:25:26] [INFO] [接收-帧] 09:25:26.888 设备ID=12065 module=PERIODIC id=ReadFoupStatus uuid=130 len=23
frame=01 04 12 D9 30 3F F9 BA E8 B4 D2 53 32 1E 43 93 D5 96 2E AE 74 77 3A
[2026-04-17 09:25:27] [INFO] [发送] 09:25:27.891 设备ID=12065 module=PERIODIC id=ReadFoupStatus uuid=130 sendCount=1/1 timeout=1000ms crc=30 0C len=8
frame=01 04 00 00 00 09 30 0C
[2026-04-17 09:25:27] [INFO] [接收-帧] 09:25:27.986 设备ID=12065 module=PERIODIC id=ReadFoupStatus uuid=130 len=23
frame=01 04 12 AF BE 2B 6E 77 40 53 5E C9 E2 AE 99 92 C4 CE EB 38 2B F8 F7
[2026-04-17 09:25:28] [INFO] [发送] 09:25:28.977 设备ID=12065 module=PERIODIC id=ReadFoupStatus uuid=130 sendCount=1/1 timeout=1000ms crc=30 0C len=8
frame=01 04 00 00 00 09 30 0C
[2026-04-17 09:25:29] [INFO] [接收-帧] 09:25:29.079 设备ID=12065 module=PERIODIC id=ReadFoupStatus uuid=130 len=23
frame=01 04 12 29 B2 F2 75 4D 19 18 3D 46 2F B1 37 E6 8E CA 9B B9 06 C4 41
[2026-04-17 09:25:30] [INFO] [发送] 09:25:30.074 设备ID=12065 module=PERIODIC id=ReadFoupStatus uuid=130 sendCount=1/1 timeout=1000ms crc=30 0C len=8
frame=01 04 00 00 00 09 30 0C
[2026-04-17 09:25:30] [INFO] [接收-帧] 09:25:30.173 设备ID=12065 module=PERIODIC id=ReadFoupStatus uuid=130 len=23
frame=01 04 12 4E 07 33 70 89 7F 84 AC 7E 5C 6E AB 72 10 D5 F2 93 6C 22 EF
[2026-04-17 09:25:31] [INFO] [发送] 09:25:31.178 设备ID=12065 module=PERIODIC id=ReadFoupStatus uuid=130 sendCount=1/1 timeout=1000ms crc=30 0C len=8
frame=01 04 00 00 00 09 30 0C
[2026-04-17 09:25:31] [INFO] [接收-帧] 09:25:31.265 设备ID=12065 module=PERIODIC id=ReadFoupStatus uuid=130 len=23
frame=01 04 12 22 C9 1D 6D 95 FA 5D 47 70 2C C4 65 85 76 3B E4 1B 3F 87 77
[2026-04-17 09:25:32] [INFO] [发送] 09:25:32.261 设备ID=12065 module=PERIODIC id=ReadFoupStatus uuid=130 sendCount=1/1 timeout=1000ms crc=30 0C len=8
frame=01 04 00 00 00 09 30 0C
[2026-04-17 09:25:32] [INFO] [接收-帧] 09:25:32.358 设备ID=12065 module=PERIODIC id=ReadFoupStatus uuid=130 len=23
frame=01 04 12 23 13 F3 F8 D0 E6 73 D1 A8 22 51 1A E8 E2 39 2A 5A 1D B2 B1
[2026-04-17 09:25:33] [INFO] [发送] 09:25:33.352 设备ID=12065 module=PERIODIC id=ReadFoupStatus uuid=130 sendCount=1/1 timeout=1000ms crc=30 0C len=8
frame=01 04 00 00 00 09 30 0C
[2026-04-17 09:25:33] [INFO] [接收-帧] 09:25:33.456 设备ID=12065 module=PERIODIC id=ReadFoupStatus uuid=130 len=23
frame=01 04 12 06 43 61 E6 84 44 FC 3F 91 B2 2A D1 21 37 EE 4F BA 8B FD 57
[2026-04-17 09:25:34] [INFO] [发送] 09:25:34.455 设备ID=12065 module=PERIODIC id=ReadFoupStatus uuid=130 sendCount=1/1 timeout=1000ms crc=30 0C len=8
frame=01 04 00 00 00 09 30 0C
[2026-04-17 09:25:34] [INFO] [接收-帧] 09:25:34.552 设备ID=12065 module=PERIODIC id=ReadFoupStatus uuid=130 len=23
frame=01 04 12 B7 F1 6F A1 9D 21 59 73 95 47 44 05 22 3B BD 6B B3 9C C3 B6
[2026-04-17 09:25:35] [INFO] [发送] 09:25:35.542 设备ID=12065 module=PERIODIC id=ReadFoupStatus uuid=130 sendCount=1/1 timeout=1000ms crc=30 0C len=8
frame=01 04 00 00 00 09 30 0C
[2026-04-17 09:25:35] [INFO] [接收-帧] 09:25:35.641 设备ID=12065 module=PERIODIC id=ReadFoupStatus uuid=130 len=23
frame=01 04 12 B0 E2 89 DF E9 15 70 FF 97 A4 B1 11 E6 59 42 D4 56 FF 8E 4C
[2026-04-17 09:25:36] [INFO] [发送] 09:25:36.636 设备ID=12065 module=PERIODIC id=ReadFoupStatus uuid=130 sendCount=1/1 timeout=1000ms crc=30 0C len=8
frame=01 04 00 00 00 09 30 0C
[2026-04-17 09:25:36] [INFO] [接收-帧] 09:25:36.732 设备ID=12065 module=PERIODIC id=ReadFoupStatus uuid=130 len=23
frame=01 04 12 04 92 F5 F8 6B 72 61 38 73 96 44 51 9A 7A 7F F3 A2 A0 AA AD
[2026-04-17 09:25:37] [INFO] [发送] 09:25:37.728 设备ID=12065 module=PERIODIC id=ReadFoupStatus uuid=130 sendCount=1/1 timeout=1000ms crc=30 0C len=8
frame=01 04 00 00 00 09 30 0C
[2026-04-17 09:25:37] [INFO] [接收-帧] 09:25:37.827 设备ID=12065 module=PERIODIC id=ReadFoupStatus uuid=130 len=23
frame=01 04 12 10 24 8B 77 C9 E9 65 14 46 01 8C AB 12 8C 2C 0C F7 7B 4F DE
[2026-04-17 09:25:38] [INFO] [发送] 09:25:38.827 设备ID=12065 module=PERIODIC id=ReadFoupStatus uuid=130 sendCount=1/1 timeout=1000ms crc=30 0C len=8
frame=01 04 00 00 00 09 30 0C
[2026-04-17 09:25:38] [INFO] [接收-帧] 09:25:38.918 设备ID=12065 module=PERIODIC id=ReadFoupStatus uuid=130 len=23
frame=01 04 12 22 E4 34 4B 9A A1 D4 58 CE 7A EE 3F 47 B1 FB B4 4A 54 F0 A6
[2026-04-17 09:25:39] [INFO] [发送] 09:25:39.918 设备ID=12065 module=PERIODIC id=ReadFoupStatus uuid=130 sendCount=1/1 timeout=1000ms crc=30 0C len=8
frame=01 04 00 00 00 09 30 0C
[2026-04-17 09:25:40] [INFO] [接收-帧] 09:25:40.014 设备ID=12065 module=PERIODIC id=ReadFoupStatus uuid=130 len=23
frame=01 04 12 13 FC 94 0B EF 12 01 DB BE A5 2D 54 25 7C D9 3C A5 CE 90 6F
[2026-04-17 09:25:41] [INFO] [发送] 09:25:41.009 设备ID=12065 module=PERIODIC id=ReadFoupStatus uuid=130 sendCount=1/1 timeout=1000ms crc=30 0C len=8
frame=01 04 00 00 00 09 30 0C
[2026-04-17 09:25:41] [INFO] [接收-帧] 09:25:41.111 设备ID=12065 module=PERIODIC id=ReadFoupStatus uuid=130 len=23
frame=01 04 12 78 60 F3 B6 81 3C C4 54 1C 6E C9 88 FD 26 84 0D E3 BD 3F F1
[2026-04-17 09:25:42] [INFO] [发送] 09:25:42.111 设备ID=12065 module=PERIODIC id=ReadFoupStatus uuid=130 sendCount=1/1 timeout=1000ms crc=30 0C len=8
frame=01 04 00 00 00 09 30 0C
[2026-04-17 09:25:42] [INFO] [接收-帧] 09:25:42.201 设备ID=12065 module=PERIODIC id=ReadFoupStatus uuid=130 len=23
frame=01 04 12 69 8F F3 72 9F 33 F3 F3 89 6D 17 CE 20 F4 35 B5 2F 74 44 2B
[2026-04-17 09:25:43] [INFO] [发送] 09:25:43.199 设备ID=12065 module=PERIODIC id=ReadFoupStatus uuid=130 sendCount=1/1 timeout=1000ms crc=30 0C len=8
frame=01 04 00 00 00 09 30 0C
[2026-04-17 09:25:43] [INFO] [接收-帧] 09:25:43.294 设备ID=12065 module=PERIODIC id=ReadFoupStatus uuid=130 len=23
frame=01 04 12 F4 27 C4 0F C3 0C 15 BB 66 C6 39 41 8C DE CA AB 3E C7 4D EA
[2026-04-17 09:25:44] [INFO] [发送] 09:25:44.295 设备ID=12065 module=PERIODIC id=ReadFoupStatus uuid=130 sendCount=1/1 timeout=1000ms crc=30 0C len=8
frame=01 04 00 00 00 09 30 0C
[2026-04-17 09:25:44] [INFO] [接收-帧] 09:25:44.393 设备ID=12065 module=PERIODIC id=ReadFoupStatus uuid=130 len=23
frame=01 04 12 33 ED 51 89 B6 84 48 90 C1 AB A7 2D EE 66 6D D3 0E 86 94 83
[2026-04-17 09:25:45] [INFO] [发送] 09:25:45.385 设备ID=12065 module=PERIODIC id=ReadFoupStatus uuid=130 sendCount=1/1 timeout=1000ms crc=30 0C len=8
frame=01 04 00 00 00 09 30 0C
[2026-04-17 09:25:45] [INFO] [接收-帧] 09:25:45.480 设备ID=12065 module=PERIODIC id=ReadFoupStatus uuid=130 len=23
frame=01 04 12 83 24 D5 FE 5F 66 AB 10 F2 F2 2E 26 99 ED BA 58 BC B5 19 A7
[2026-04-17 09:25:46] [INFO] [发送] 09:25:46.481 设备ID=12065 module=PERIODIC id=ReadFoupStatus uuid=130 sendCount=1/1 timeout=1000ms crc=30 0C len=8
frame=01 04 00 00 00 09 30 0C
[2026-04-17 09:25:46] [INFO] [接收-帧] 09:25:46.577 设备ID=12065 module=PERIODIC id=ReadFoupStatus uuid=130 len=23
frame=01 04 12 2F A1 9F 54 EC 02 9A 33 A9 20 DA 01 2B 38 49 DD D6 4E C7 2D
[2026-04-17 09:25:47] [INFO] [发送] 09:25:47.729 设备ID=12065 module=PERIODIC id=ReadFoupStatus uuid=130 sendCount=1/1 timeout=1000ms crc=30 0C len=8
frame=01 04 00 00 00 09 30 0C
[2026-04-17 09:25:47] [INFO] [接收-帧] 09:25:47.786 设备ID=12065 module=PERIODIC id=ReadFoupStatus uuid=130 len=23
frame=01 04 12 BF 49 4E B5 74 B1 9A 1A DC 76 62 E8 49 08 2F 3E 1C 9D 39 07
[2026-04-17 09:25:48] [INFO] [发送] 09:25:48.780 设备ID=12065 module=PERIODIC id=ReadFoupStatus uuid=130 sendCount=1/1 timeout=1000ms crc=30 0C len=8
frame=01 04 00 00 00 09 30 0C
[2026-04-17 09:25:48] [INFO] [接收-帧] 09:25:48.874 设备ID=12065 module=PERIODIC id=ReadFoupStatus uuid=130 len=23
frame=01 04 12 B7 49 BF 90 F9 E1 DE 42 BA FB 9F 85 64 E2 2A E7 C8 9E 34 96
[2026-04-17 09:25:49] [INFO] [发送] 09:25:49.870 设备ID=12065 module=PERIODIC id=ReadFoupStatus uuid=130 sendCount=1/1 timeout=1000ms crc=30 0C len=8
frame=01 04 00 00 00 09 30 0C
[2026-04-17 09:25:49] [INFO] [接收-帧] 09:25:49.970 设备ID=12065 module=PERIODIC id=ReadFoupStatus uuid=130 len=23
frame=01 04 12 4B 20 90 59 BD 8C 1B 98 12 CB A3 25 A3 37 6D 42 D9 FA 5B 54
[2026-04-17 09:25:50] [INFO] [发送] 09:25:50.966 设备ID=12065 module=PERIODIC id=ReadFoupStatus uuid=130 sendCount=1/1 timeout=1000ms crc=30 0C len=8
frame=01 04 00 00 00 09 30 0C
[2026-04-17 09:25:51] [INFO] [接收-帧] 09:25:51.061 设备ID=12065 module=PERIODIC id=ReadFoupStatus uuid=130 len=23
frame=01 04 12 74 5A B2 2A 2F BF 42 A7 9B 74 B4 A6 90 01 70 37 CC CD CF E5
[2026-04-17 09:25:52] [INFO] [发送] 09:25:52.217 设备ID=12065 module=PERIODIC id=ReadFoupStatus uuid=130 sendCount=1/1 timeout=1000ms crc=30 0C len=8
frame=01 04 00 00 00 09 30 0C
[2026-04-17 09:25:52] [INFO] [接收-帧] 09:25:52.269 设备ID=12065 module=PERIODIC id=ReadFoupStatus uuid=130 len=23
frame=01 04 12 91 27 23 AB A9 CB D2 3A B6 A1 B3 EB 97 6B 35 F8 3C 55 11 17
[2026-04-17 09:25:53] [INFO] [发送] 09:25:53.260 设备ID=12065 module=PERIODIC id=ReadFoupStatus uuid=130 sendCount=1/1 timeout=1000ms crc=30 0C len=8
frame=01 04 00 00 00 09 30 0C
[2026-04-17 09:25:53] [INFO] [接收-帧] 09:25:53.357 设备ID=12065 module=PERIODIC id=ReadFoupStatus uuid=130 len=23
frame=01 04 12 0B 06 B1 03 31 E0 ED 40 31 62 53 EC F2 39 F1 C9 C7 2D 24 AC
[2026-04-17 09:25:54] [INFO] [发送] 09:25:54.355 设备ID=12065 module=PERIODIC id=ReadFoupStatus uuid=130 sendCount=1/1 timeout=1000ms crc=30 0C len=8
frame=01 04 00 00 00 09 30 0C
[2026-04-17 09:25:54] [INFO] [接收-帧] 09:25:54.456 设备ID=12065 module=PERIODIC id=ReadFoupStatus uuid=130 len=23
frame=01 04 12 F1 9A BF 7A 5E 9C 83 4A 81 33 12 55 A0 BB 45 27 C3 9A 42 5D
[2026-04-17 09:25:55] [INFO] [发送] 09:25:55.454 设备ID=12065 module=PERIODIC id=ReadFoupStatus uuid=130 sendCount=1/1 timeout=1000ms crc=30 0C len=8
frame=01 04 00 00 00 09 30 0C
[2026-04-17 09:25:55] [INFO] [接收-帧] 09:25:55.550 设备ID=12065 module=PERIODIC id=ReadFoupStatus uuid=130 len=23
frame=01 04 12 D4 6D A0 C1 6F 8E 51 6C 7B EF 87 4A E8 05 1F FC D1 30 98 1A
[2026-04-17 09:25:56] [INFO] [发送] 09:25:56.545 设备ID=12065 module=PERIODIC id=ReadFoupStatus uuid=130 sendCount=1/1 timeout=1000ms crc=30 0C len=8
frame=01 04 00 00 00 09 30 0C
[2026-04-17 09:25:56] [INFO] [接收-帧] 09:25:56.641 设备ID=12065 module=PERIODIC id=ReadFoupStatus uuid=130 len=23
frame=01 04 12 25 49 CE 7B F2 19 68 76 13 E0 63 A1 B3 23 34 A6 8E 48 CB 36
[2026-04-17 09:25:57] [INFO] [发送] 09:25:57.637 设备ID=12065 module=PERIODIC id=ReadFoupStatus uuid=130 sendCount=1/1 timeout=1000ms crc=30 0C len=8
frame=01 04 00 00 00 09 30 0C
[2026-04-17 09:25:57] [INFO] [接收-帧] 09:25:57.732 设备ID=12065 module=PERIODIC id=ReadFoupStatus uuid=130 len=23
frame=01 04 12 DF DB 14 3E 53 9B D0 AC F6 01 F0 2A D8 D0 5A 3F F6 21 BA C6
[2026-04-17 09:25:58] [INFO] [发送] 09:25:58.740 设备ID=12065 module=PERIODIC id=ReadFoupStatus uuid=130 sendCount=1/1 timeout=1000ms crc=30 0C len=8
frame=01 04 00 00 00 09 30 0C
[2026-04-17 09:25:58] [INFO] [接收-帧] 09:25:58.831 设备ID=12065 module=PERIODIC id=ReadFoupStatus uuid=130 len=23
frame=01 04 12 DC 2E BE 54 54 6B 22 81 DC 95 33 9D CE CC 72 8C 36 75 2B C2
[2026-04-17 09:25:59] [INFO] [发送] 09:25:59.826 设备ID=12065 module=PERIODIC id=ReadFoupStatus uuid=130 sendCount=1/1 timeout=1000ms crc=30 0C len=8
frame=01 04 00 00 00 09 30 0C
[2026-04-17 09:25:59] [INFO] [接收-帧] 09:25:59.925 设备ID=12065 module=PERIODIC id=ReadFoupStatus uuid=130 len=23
frame=01 04 12 60 5C 71 BE D4 C9 14 F0 19 93 C8 65 F6 F2 37 DD F5 22 A4 EA
[2026-04-17 09:26:00] [INFO] [发送] 09:26:00.931 设备ID=12065 module=PERIODIC id=ReadFoupStatus uuid=130 sendCount=1/1 timeout=1000ms crc=30 0C len=8
frame=01 04 00 00 00 09 30 0C
[2026-04-17 09:26:01] [INFO] [接收-帧] 09:26:01.016 设备ID=12065 module=PERIODIC id=ReadFoupStatus uuid=130 len=23
frame=01 04 12 E5 E4 A3 47 EC 7B BD B5 94 90 3A 06 9D 27 FD 5F C5 BB C0 E4
[2026-04-17 09:26:02] [INFO] [发送] 09:26:02.023 设备ID=12065 module=PERIODIC id=ReadFoupStatus uuid=130 sendCount=1/1 timeout=1000ms crc=30 0C len=8
frame=01 04 00 00 00 09 30 0C
[2026-04-17 09:26:02] [INFO] [接收-帧] 09:26:02.110 设备ID=12065 module=PERIODIC id=ReadFoupStatus uuid=130 len=23
frame=01 04 12 49 5E 2D DA D3 2D 24 4F 36 0F E0 D5 C5 97 05 A9 24 F3 31 34
[2026-04-17 09:26:03] [INFO] [发送] 09:26:03.133 设备ID=12065 module=PERIODIC id=ReadFoupStatus uuid=130 sendCount=1/1 timeout=1000ms crc=30 0C len=8
frame=01 04 00 00 00 09 30 0C
[2026-04-17 09:26:03] [INFO] [接收-帧] 09:26:03.201 设备ID=12065 module=PERIODIC id=ReadFoupStatus uuid=130 len=23
frame=01 04 12 DF 65 E2 4D FE E5 B7 9C C9 20 84 B7 74 A7 BC 1D 24 47 99 36
[2026-04-17 09:26:04] [INFO] [发送] 09:26:04.205 设备ID=12065 module=PERIODIC id=ReadFoupStatus uuid=130 sendCount=1/1 timeout=1000ms crc=30 0C len=8
frame=01 04 00 00 00 09 30 0C
[2026-04-17 09:26:04] [INFO] [接收-帧] 09:26:04.300 设备ID=12065 module=PERIODIC id=ReadFoupStatus uuid=130 len=23
frame=01 04 12 BF 5C FF 59 CF 6F F2 8F 8C D9 82 AC F1 D8 CB 8C 47 52 E7 2C
[2026-04-17 09:26:05] [INFO] [发送] 09:26:05.296 设备ID=12065 module=PERIODIC id=ReadFoupStatus uuid=130 sendCount=1/1 timeout=1000ms crc=30 0C len=8
frame=01 04 00 00 00 09 30 0C
[2026-04-17 09:26:05] [INFO] [接收-帧] 09:26:05.394 设备ID=12065 module=PERIODIC id=ReadFoupStatus uuid=130 len=23
frame=01 04 12 7C 41 0D AA D7 F1 9E B6 CC 6E 3E CD 90 55 2E 00 FE 07 41 4B
[2026-04-17 09:26:06] [INFO] [发送] 09:26:06.393 设备ID=12065 module=PERIODIC id=ReadFoupStatus uuid=130 sendCount=1/1 timeout=1000ms crc=30 0C len=8
frame=01 04 00 00 00 09 30 0C
[2026-04-17 09:26:06] [INFO] [接收-帧] 09:26:06.485 设备ID=12065 module=PERIODIC id=ReadFoupStatus uuid=130 len=23
frame=01 04 12 82 EE 9E DD 2C 23 F2 6E 68 C2 E6 28 CC 26 4D 74 54 2F ED F1
[2026-04-17 09:26:07] [INFO] [发送] 09:26:07.486 设备ID=12065 module=PERIODIC id=ReadFoupStatus uuid=130 sendCount=1/1 timeout=1000ms crc=30 0C len=8
frame=01 04 00 00 00 09 30 0C
[2026-04-17 09:26:07] [INFO] [接收-帧] 09:26:07.703 设备ID=12065 module=PERIODIC id=ReadFoupStatus uuid=130 len=23
frame=01 04 12 AB DE 34 91 97 FF 75 4A BA 6F C0 5B AC 90 6B BA DE 6A 86 BC
[2026-04-17 09:26:08] [INFO] [发送] 09:26:08.702 设备ID=12065 module=PERIODIC id=ReadFoupStatus uuid=130 sendCount=1/1 timeout=1000ms crc=30 0C len=8
frame=01 04 00 00 00 09 30 0C
[2026-04-17 09:26:08] [INFO] [接收-帧] 09:26:08.782 设备ID=12065 module=PERIODIC id=ReadFoupStatus uuid=130 len=23
frame=01 04 12 A1 E4 9E D4 BF 78 1C 87 A9 4C AA C5 E4 2F 66 90 81 DB 2E 3C
[2026-04-17 09:26:09] [INFO] [发送] 09:26:09.831 设备ID=12065 module=PERIODIC id=ReadFoupStatus uuid=130 sendCount=1/1 timeout=1000ms crc=30 0C len=8
frame=01 04 00 00 00 09 30 0C
[2026-04-17 09:26:09] [INFO] [接收-帧] 09:26:09.881 设备ID=12065 module=PERIODIC id=ReadFoupStatus uuid=130 len=23
frame=01 04 12 DE 6F CD 22 EC 25 BA F1 02 5D 21 88 B4 BA DE 19 9B 9D B8 1A
[2026-04-17 09:26:10] [INFO] [发送] 09:26:10.880 设备ID=12065 module=PERIODIC id=ReadFoupStatus uuid=130 sendCount=1/1 timeout=1000ms crc=30 0C len=8
frame=01 04 00 00 00 09 30 0C
[2026-04-17 09:26:10] [INFO] [接收-帧] 09:26:10.970 设备ID=12065 module=PERIODIC id=ReadFoupStatus uuid=130 len=23
frame=01 04 12 62 28 A4 AA 57 FD F1 50 9E BF 29 AC 92 C0 B7 AA 2E 3C 37 F6
[2026-04-17 09:26:11] [INFO] [发送] 09:26:11.971 设备ID=12065 module=PERIODIC id=ReadFoupStatus uuid=130 sendCount=1/1 timeout=1000ms crc=30 0C len=8
frame=01 04 00 00 00 09 30 0C
[2026-04-17 09:26:12] [INFO] [接收-帧] 09:26:12.067 设备ID=12065 module=PERIODIC id=ReadFoupStatus uuid=130 len=23
frame=01 04 12 A9 AC C6 D4 83 66 3B 2D 5C 9F 4A 37 67 E1 7D 65 9A 9B 48 AA
[2026-04-17 09:26:13] [INFO] [发送] 09:26:13.069 设备ID=12065 module=PERIODIC id=ReadFoupStatus uuid=130 sendCount=1/1 timeout=1000ms crc=30 0C len=8
frame=01 04 00 00 00 09 30 0C
[2026-04-17 09:26:13] [INFO] [接收-帧] 09:26:13.157 设备ID=12065 module=PERIODIC id=ReadFoupStatus uuid=130 len=23
frame=01 04 12 66 FE 64 EC F1 B4 BB 38 3F CA 96 5F 51 7B B3 08 70 70 3F 95
[2026-04-17 09:26:14] [INFO] [发送] 09:26:14.153 设备ID=12065 module=PERIODIC id=ReadFoupStatus uuid=130 sendCount=1/1 timeout=1000ms crc=30 0C len=8
frame=01 04 00 00 00 09 30 0C
[2026-04-17 09:26:14] [INFO] [接收-帧] 09:26:14.250 设备ID=12065 module=PERIODIC id=ReadFoupStatus uuid=130 len=23
frame=01 04 12 DA B4 8D 98 9E B1 9D F1 80 EC 1C 4D EB 81 23 E2 B8 BA 28 59
[2026-04-17 09:26:15] [INFO] [发送] 09:26:15.634 设备ID=12065 module=PERIODIC id=ReadFoupStatus uuid=130 sendCount=1/1 timeout=1000ms crc=30 0C len=8
frame=01 04 00 00 00 09 30 0C
[2026-04-17 09:26:15] [INFO] [接收-帧] 09:26:15.682 设备ID=12065 module=PERIODIC id=ReadFoupStatus uuid=130 len=23
frame=01 04 12 58 78 72 2C AC CD D9 CC 0A 4C 85 C9 3F FE C6 DB 2D 0A 75 59
[2026-04-17 09:26:16] [INFO] [发送] 09:26:16.691 设备ID=12065 module=PERIODIC id=ReadFoupStatus uuid=130 sendCount=1/1 timeout=1000ms crc=30 0C len=8
frame=01 04 00 00 00 09 30 0C
[2026-04-17 09:26:16] [INFO] [接收-帧] 09:26:16.770 设备ID=12065 module=PERIODIC id=ReadFoupStatus uuid=130 len=23
frame=01 04 12 34 9A 70 8D 9B 66 DF DE 0B 30 3B 0D 76 13 FB BA 67 90 7C 32
[2026-04-17 09:26:17] [INFO] [发送] 09:26:17.770 设备ID=12065 module=PERIODIC id=ReadFoupStatus uuid=130 sendCount=1/1 timeout=1000ms crc=30 0C len=8
frame=01 04 00 00 00 09 30 0C
[2026-04-17 09:26:17] [INFO] [接收-帧] 09:26:17.869 设备ID=12065 module=PERIODIC id=ReadFoupStatus uuid=130 len=23
frame=01 04 12 0D 99 0D D9 9E 30 89 6A D4 8A 97 D1 50 EF 30 1D FA 0F 3A 87
[2026-04-17 09:26:18] [INFO] [发送] 09:26:18.878 设备ID=12065 module=PERIODIC id=ReadFoupStatus uuid=130 sendCount=1/1 timeout=1000ms crc=30 0C len=8
frame=01 04 00 00 00 09 30 0C
[2026-04-17 09:26:18] [INFO] [接收-帧] 09:26:18.957 设备ID=12065 module=PERIODIC id=ReadFoupStatus uuid=130 len=23
frame=01 04 12 F5 90 28 57 4A 49 0A 12 F8 F2 99 DD 54 0A 4C 50 7E 87 51 F5
[2026-04-17 09:26:19] [INFO] [发送] 09:26:19.952 设备ID=12065 module=PERIODIC id=ReadFoupStatus uuid=130 sendCount=1/1 timeout=1000ms crc=30 0C len=8
frame=01 04 00 00 00 09 30 0C
[2026-04-17 09:26:20] [INFO] [接收-帧] 09:26:20.056 设备ID=12065 module=PERIODIC id=ReadFoupStatus uuid=130 len=23
frame=01 04 12 AC 0A A2 EC A0 73 3B D3 DB 3A B7 80 D5 AE F9 9B 13 5A 2F 2F
[2026-04-17 09:26:21] [INFO] [发送] 09:26:21.064 设备ID=12065 module=PERIODIC id=ReadFoupStatus uuid=130 sendCount=1/1 timeout=1000ms crc=30 0C len=8
frame=01 04 00 00 00 09 30 0C
[2026-04-17 09:26:21] [INFO] [接收-帧] 09:26:21.140 设备ID=12065 module=PERIODIC id=ReadFoupStatus uuid=130 len=23
frame=01 04 12 73 1E 2C 2A 78 76 38 31 69 54 97 CA 24 E2 E3 25 97 23 2E A3
[2026-04-17 09:26:22] [INFO] [发送] 09:26:22.150 设备ID=12065 module=PERIODIC id=ReadFoupStatus uuid=130 sendCount=1/1 timeout=1000ms crc=30 0C len=8
frame=01 04 00 00 00 09 30 0C
[2026-04-17 09:26:22] [INFO] [接收-帧] 09:26:22.236 设备ID=12065 module=PERIODIC id=ReadFoupStatus uuid=130 len=23
frame=01 04 12 94 B2 BC 13 D9 93 1D 83 4C 77 86 F0 60 41 3A A5 D9 F3 81 EE
[2026-04-17 09:26:23] [INFO] [发送] 09:26:23.232 设备ID=12065 module=PERIODIC id=ReadFoupStatus uuid=130 sendCount=1/1 timeout=1000ms crc=30 0C len=8
frame=01 04 00 00 00 09 30 0C
[2026-04-17 09:26:23] [INFO] [接收-帧] 09:26:23.328 设备ID=12065 module=PERIODIC id=ReadFoupStatus uuid=130 len=23
frame=01 04 12 16 8E 23 72 F6 83 AA 55 D5 72 47 93 32 33 76 CE A6 37 45 0D
[2026-04-17 09:26:24] [INFO] [发送] 09:26:24.325 设备ID=12065 module=PERIODIC id=ReadFoupStatus uuid=130 sendCount=1/1 timeout=1000ms crc=30 0C len=8
frame=01 04 00 00 00 09 30 0C
[2026-04-17 09:26:24] [INFO] [接收-帧] 09:26:24.432 设备ID=12065 module=PERIODIC id=ReadFoupStatus uuid=130 len=23
frame=01 04 12 AD BB 58 F3 D7 DE 9D 95 EB CE 11 F8 76 87 DA 60 5A CF 6F E5
[2026-04-17 09:26:25] [INFO] [发送] 09:26:25.621 设备ID=12065 module=PERIODIC id=ReadFoupStatus uuid=130 sendCount=1/1 timeout=1000ms crc=30 0C len=8
frame=01 04 00 00 00 09 30 0C
[2026-04-17 09:26:25] [INFO] [接收-帧] 09:26:25.787 设备ID=12065 module=PERIODIC id=ReadFoupStatus uuid=130 len=23
frame=01 04 12 49 3F F9 C9 2F DE FD 97 1E 31 69 B3 E4 0C 31 B9 90 7D 6C 36
[2026-04-17 09:26:27] [INFO] [发送] 09:26:27.153 设备ID=12065 module=PERIODIC id=ReadFoupStatus uuid=130 sendCount=1/1 timeout=1000ms crc=30 0C len=8
frame=01 04 00 00 00 09 30 0C
[2026-04-17 09:26:27] [INFO] [接收-帧] 09:26:27.161 设备ID=12065 module=PERIODIC id=ReadFoupStatus uuid=130 len=23
frame=01 04 12 AE 1F 6E A3 96 75 F5 C4 78 D3 DB 68 9E 1D 63 33 F2 34 06 3F
[2026-04-17 09:26:28] [INFO] [发送] 09:26:28.169 设备ID=12065 module=PERIODIC id=ReadFoupStatus uuid=130 sendCount=1/1 timeout=1000ms crc=30 0C len=8
frame=01 04 00 00 00 09 30 0C
[2026-04-17 09:26:28] [INFO] [接收-帧] 09:26:28.256 设备ID=12065 module=PERIODIC id=ReadFoupStatus uuid=130 len=23
frame=01 04 12 AC E8 88 4D 78 EB 2C 75 99 B0 D6 29 EC 3C D6 B6 E6 43 F7 A4
[2026-04-17 09:26:29] [INFO] [发送] 09:26:29.267 设备ID=12065 module=PERIODIC id=ReadFoupStatus uuid=130 sendCount=1/1 timeout=1000ms crc=30 0C len=8
frame=01 04 00 00 00 09 30 0C
[2026-04-17 09:26:29] [INFO] [接收-帧] 09:26:29.371 设备ID=12065 module=PERIODIC id=ReadFoupStatus uuid=130 len=23
frame=01 04 12 56 8D 58 14 3B 73 F8 C0 45 39 45 D9 07 24 17 F8 6C A1 0B EC
[2026-04-17 09:26:30] [INFO] [发送] 09:26:30.378 设备ID=12065 module=PERIODIC id=ReadFoupStatus uuid=130 sendCount=1/1 timeout=1000ms crc=30 0C len=8
frame=01 04 00 00 00 09 30 0C
[2026-04-17 09:26:30] [INFO] [接收-帧] 09:26:30.444 设备ID=12065 module=PERIODIC id=ReadFoupStatus uuid=130 len=23
frame=01 04 12 FA 50 88 CC 05 59 DF BC 7A DF 87 23 F8 F5 C7 DC E7 16 AC 3D
[2026-04-17 09:26:31] [INFO] [发送] 09:26:31.433 设备ID=12065 module=PERIODIC id=ReadFoupStatus uuid=130 sendCount=1/1 timeout=1000ms crc=30 0C len=8
frame=01 04 00 00 00 09 30 0C
[2026-04-17 09:26:31] [INFO] [接收-帧] 09:26:31.721 设备ID=12065 module=PERIODIC id=ReadFoupStatus uuid=130 len=23
frame=01 04 12 23 D3 B6 81 38 4C 74 CA 2D 78 B1 E1 9D 50 88 CF 93 C1 DE C1
[2026-04-17 09:26:32] [INFO] [发送] 09:26:32.712 设备ID=12065 module=PERIODIC id=ReadFoupStatus uuid=130 sendCount=1/1 timeout=1000ms crc=30 0C len=8
frame=01 04 00 00 00 09 30 0C
[2026-04-17 09:26:32] [INFO] [接收-帧] 09:26:32.733 设备ID=12065 module=PERIODIC id=ReadFoupStatus uuid=130 len=23
frame=01 04 12 7A 52 3D 10 41 68 24 9D 8C 59 8A E8 A0 E5 87 69 94 CE B9 A0
[2026-04-17 09:26:33] [INFO] [发送] 09:26:33.729 设备ID=12065 module=PERIODIC id=ReadFoupStatus uuid=130 sendCount=1/1 timeout=1000ms crc=30 0C len=8
frame=01 04 00 00 00 09 30 0C
[2026-04-17 09:26:33] [INFO] [接收-帧] 09:26:33.835 设备ID=12065 module=PERIODIC id=ReadFoupStatus uuid=130 len=23
frame=01 04 12 25 BD 3A A0 0A 62 C9 2A A8 EF 5E A0 01 D6 F2 CA C0 53 F7 7E
[2026-04-17 09:26:34] [INFO] [发送] 09:26:34.832 设备ID=12065 module=PERIODIC id=ReadFoupStatus uuid=130 sendCount=1/1 timeout=1000ms crc=30 0C len=8
frame=01 04 00 00 00 09 30 0C
[2026-04-17 09:26:34] [INFO] [接收-帧] 09:26:34.931 设备ID=12065 module=PERIODIC id=ReadFoupStatus uuid=130 len=23
frame=01 04 12 8D B9 DB 25 8B 5C 7F F7 DD BB DD 5A AA F8 02 9D 4F 66 CE 8A
[2026-04-17 09:26:35] [INFO] [发送] 09:26:35.937 设备ID=12065 module=PERIODIC id=ReadFoupStatus uuid=130 sendCount=1/1 timeout=1000ms crc=30 0C len=8
frame=01 04 00 00 00 09 30 0C
[2026-04-17 09:26:36] [INFO] [接收-帧] 09:26:36.018 设备ID=12065 module=PERIODIC id=ReadFoupStatus uuid=130 len=23
frame=01 04 12 1B 99 EC 80 3F EE B3 24 E3 AB 9E 7E 5A 54 1C 85 CE AB BF 47
[2026-04-17 09:26:37] [INFO] [发送] 09:26:37.013 设备ID=12065 module=PERIODIC id=ReadFoupStatus uuid=130 sendCount=1/1 timeout=1000ms crc=30 0C len=8
frame=01 04 00 00 00 09 30 0C
[2026-04-17 09:26:37] [INFO] [接收-帧] 09:26:37.110 设备ID=12065 module=PERIODIC id=ReadFoupStatus uuid=130 len=23
frame=01 04 12 00 F7 21 06 D9 19 48 A9 29 A3 83 4C 63 06 E2 4E 58 AE 4D C0
[2026-04-17 09:26:38] [INFO] [发送] 09:26:38.121 设备ID=12065 module=PERIODIC id=ReadFoupStatus uuid=130 sendCount=1/1 timeout=1000ms crc=30 0C len=8
frame=01 04 00 00 00 09 30 0C
[2026-04-17 09:26:38] [INFO] [接收-帧] 09:26:38.201 设备ID=12065 module=PERIODIC id=ReadFoupStatus uuid=130 len=23
frame=01 04 12 D8 E2 4E 32 F8 AE DB 69 B7 4A 2B 2D 16 AA 0A 57 D0 0E B9 B3
[2026-04-17 09:26:39] [INFO] [发送] 09:26:39.204 设备ID=12065 module=PERIODIC id=ReadFoupStatus uuid=130 sendCount=1/1 timeout=1000ms crc=30 0C len=8
frame=01 04 00 00 00 09 30 0C
[2026-04-17 09:26:39] [INFO] [接收-帧] 09:26:39.294 设备ID=12065 module=PERIODIC id=ReadFoupStatus uuid=130 len=23
frame=01 04 12 B3 E0 A3 B5 6A AA E8 8F 3F E4 9C 37 93 09 95 7F 80 2E 25 33
[2026-04-17 09:26:40] [INFO] [发送] 09:26:40.297 设备ID=12065 module=PERIODIC id=ReadFoupStatus uuid=130 sendCount=1/1 timeout=1000ms crc=30 0C len=8
frame=01 04 00 00 00 09 30 0C
[2026-04-17 09:26:40] [INFO] [接收-帧] 09:26:40.394 设备ID=12065 module=PERIODIC id=ReadFoupStatus uuid=130 len=23
frame=01 04 12 75 57 4F 13 BF FF A6 85 8B 1D 6D B0 82 AE BB A4 7F 56 9A 98
[2026-04-17 09:26:41] [INFO] [发送] 09:26:41.387 设备ID=12065 module=PERIODIC id=ReadFoupStatus uuid=130 sendCount=1/1 timeout=1000ms crc=30 0C len=8
frame=01 04 00 00 00 09 30 0C
[2026-04-17 09:26:41] [INFO] [接收-帧] 09:26:41.487 设备ID=12065 module=PERIODIC id=ReadFoupStatus uuid=130 len=23
frame=01 04 12 F7 ED AC 83 40 83 81 B2 17 98 6F 33 BD 3D 96 87 BE 80 1A E4
[2026-04-17 09:26:42] [INFO] [发送] 09:26:42.483 设备ID=12065 module=PERIODIC id=ReadFoupStatus uuid=130 sendCount=1/1 timeout=1000ms crc=30 0C len=8
frame=01 04 00 00 00 09 30 0C
[2026-04-17 09:26:42] [INFO] [接收-帧] 09:26:42.577 设备ID=12065 module=PERIODIC id=ReadFoupStatus uuid=130 len=23
frame=01 04 12 FF 60 89 4A 08 6E 8E 8D 9F 17 0C 72 8A D5 20 7D 5E 4E 5B 34
[2026-04-17 09:26:43] [INFO] [发送] 09:26:43.578 设备ID=12065 module=PERIODIC id=ReadFoupStatus uuid=130 sendCount=1/1 timeout=1000ms crc=30 0C len=8
frame=01 04 00 00 00 09 30 0C
[2026-04-17 09:26:43] [INFO] [接收-帧] 09:26:43.675 设备ID=12065 module=PERIODIC id=ReadFoupStatus uuid=130 len=23
frame=01 04 12 52 7D 8B 90 B7 A0 CA 25 96 26 E2 8D CE 6E 52 AE 52 09 95 2E
[2026-04-17 09:26:44] [INFO] [发送] 09:26:44.674 设备ID=12065 module=PERIODIC id=ReadFoupStatus uuid=130 sendCount=1/1 timeout=1000ms crc=30 0C len=8
frame=01 04 00 00 00 09 30 0C
[2026-04-17 09:26:44] [INFO] [接收-帧] 09:26:44.780 设备ID=12065 module=PERIODIC id=ReadFoupStatus uuid=130 len=23
frame=01 04 12 77 47 5A 7E D7 3F D5 5A 39 80 B3 43 57 7F A8 7D 5A 59 9D FA
[2026-04-17 09:26:45] [INFO] [发送] 09:26:45.780 设备ID=12065 module=PERIODIC id=ReadFoupStatus uuid=130 sendCount=1/1 timeout=1000ms crc=30 0C len=8
frame=01 04 00 00 00 09 30 0C
[2026-04-17 09:26:45] [INFO] [接收-帧] 09:26:45.858 设备ID=12065 module=PERIODIC id=ReadFoupStatus uuid=130 len=23
frame=01 04 12 C0 BB F0 B1 25 B5 B9 AC 66 42 10 7C D8 47 91 FA 6B 38 4A 7C
[2026-04-17 09:26:46] [INFO] [发送] 09:26:46.853 设备ID=12065 module=PERIODIC id=ReadFoupStatus uuid=130 sendCount=1/1 timeout=1000ms crc=30 0C len=8
frame=01 04 00 00 00 09 30 0C
[2026-04-17 09:26:46] [INFO] [接收-帧] 09:26:46.950 设备ID=12065 module=PERIODIC id=ReadFoupStatus uuid=130 len=23
frame=01 04 12 39 7D C5 87 91 A1 BF 5D C1 04 4B 54 80 A8 2A 29 0A 6C 97 41
[2026-04-17 09:26:47] [INFO] [发送] 09:26:47.956 设备ID=12065 module=PERIODIC id=ReadFoupStatus uuid=130 sendCount=1/1 timeout=1000ms crc=30 0C len=8
frame=01 04 00 00 00 09 30 0C
[2026-04-17 09:26:48] [INFO] [接收-帧] 09:26:48.044 设备ID=12065 module=PERIODIC id=ReadFoupStatus uuid=130 len=23
frame=01 04 12 96 6F 90 34 66 6C 27 B4 6A 80 33 A6 67 62 BB 42 13 AD 70 7A
[2026-04-17 09:26:49] [INFO] [发送] 09:26:49.043 设备ID=12065 module=PERIODIC id=ReadFoupStatus uuid=130 sendCount=1/1 timeout=1000ms crc=30 0C len=8
frame=01 04 00 00 00 09 30 0C
[2026-04-17 09:26:49] [INFO] [接收-帧] 09:26:49.139 设备ID=12065 module=PERIODIC id=ReadFoupStatus uuid=130 len=23
frame=01 04 12 6F 17 C9 BB CC BC AD D1 8B 21 A1 CE 86 47 EF FB 24 F3 AA 4C
[2026-04-17 09:26:50] [INFO] [发送] 09:26:50.143 设备ID=12065 module=PERIODIC id=ReadFoupStatus uuid=130 sendCount=1/1 timeout=1000ms crc=30 0C len=8
frame=01 04 00 00 00 09 30 0C
[2026-04-17 09:26:50] [INFO] [接收-帧] 09:26:50.238 设备ID=12065 module=PERIODIC id=ReadFoupStatus uuid=130 len=23
frame=01 04 12 25 22 DF BA EC 97 0D 63 BC 25 2F AA DA 45 92 1B 1D A6 DF A4
[2026-04-17 09:26:51] [INFO] [发送] 09:26:51.229 设备ID=12065 module=PERIODIC id=ReadFoupStatus uuid=130 sendCount=1/1 timeout=1000ms crc=30 0C len=8
frame=01 04 00 00 00 09 30 0C
[2026-04-17 09:26:51] [INFO] [接收-帧] 09:26:51.329 设备ID=12065 module=PERIODIC id=ReadFoupStatus uuid=130 len=23
frame=01 04 12 FC 72 FF 57 F1 51 28 03 7C DB 6F C9 8E 20 2A 3B F5 16 6B 43
[2026-04-17 09:26:52] [INFO] [发送] 09:26:52.328 设备ID=12065 module=PERIODIC id=ReadFoupStatus uuid=130 sendCount=1/1 timeout=1000ms crc=30 0C len=8
frame=01 04 00 00 00 09 30 0C
[2026-04-17 09:26:52] [INFO] [接收-帧] 09:26:52.421 设备ID=12065 module=PERIODIC id=ReadFoupStatus uuid=130 len=23
frame=01 04 12 FD 3C C8 32 FD 1D 6B 43 65 C2 15 09 B5 08 FF A4 A3 B5 0D F4
[2026-04-17 09:26:53] [INFO] [发送] 09:26:53.519 设备ID=12065 module=PERIODIC id=ReadFoupStatus uuid=130 sendCount=1/1 timeout=1000ms crc=30 0C len=8
frame=01 04 00 00 00 09 30 0C
[2026-04-17 09:26:53] [INFO] [接收-帧] 09:26:53.626 设备ID=12065 module=PERIODIC id=ReadFoupStatus uuid=130 len=23
frame=01 04 12 75 5C B6 D3 E4 47 FA E5 B9 C7 CF A6 8A 45 12 42 A3 87 B9 43
[2026-04-17 09:26:54] [INFO] [发送] 09:26:54.647 设备ID=12065 module=PERIODIC id=ReadFoupStatus uuid=130 sendCount=1/1 timeout=1000ms crc=30 0C len=8
frame=01 04 00 00 00 09 30 0C
[2026-04-17 09:26:54] [INFO] [接收-帧] 09:26:54.735 设备ID=12065 module=PERIODIC id=ReadFoupStatus uuid=130 len=23
frame=01 04 12 A4 1F 1B D3 AC B5 E8 B2 AF 42 66 74 BE 89 F7 83 01 A3 0D D5
[2026-04-17 09:26:55] [INFO] [发送] 09:26:55.731 设备ID=12065 module=PERIODIC id=ReadFoupStatus uuid=130 sendCount=1/1 timeout=1000ms crc=30 0C len=8
frame=01 04 00 00 00 09 30 0C
[2026-04-17 09:26:55] [INFO] [接收-帧] 09:26:55.812 设备ID=12065 module=PERIODIC id=ReadFoupStatus uuid=130 len=23
frame=01 04 12 2F C6 E5 04 5A 1A E1 14 2F CA BF 7D AC BD 72 F8 6D F5 FB 45
[2026-04-17 09:26:56] [INFO] [发送] 09:26:56.813 设备ID=12065 module=PERIODIC id=ReadFoupStatus uuid=130 sendCount=1/1 timeout=1000ms crc=30 0C len=8
frame=01 04 00 00 00 09 30 0C
[2026-04-17 09:26:56] [INFO] [接收-帧] 09:26:56.909 设备ID=12065 module=PERIODIC id=ReadFoupStatus uuid=130 len=23
frame=01 04 12 F5 50 86 DC 1E 1D 7D DD 60 19 CF 54 14 26 FF 50 60 21 45 B4
[2026-04-17 09:26:57] [INFO] [发送] 09:26:57.907 设备ID=12065 module=PERIODIC id=ReadFoupStatus uuid=130 sendCount=1/1 timeout=1000ms crc=30 0C len=8
frame=01 04 00 00 00 09 30 0C
[2026-04-17 09:26:57] [INFO] [接收-帧] 09:26:57.999 设备ID=12065 module=PERIODIC id=ReadFoupStatus uuid=130 len=23
frame=01 04 12 68 EF 29 7C 04 6F C5 C0 CD 95 72 41 5A 08 BE 3E DD C7 07 B2
[2026-04-17 09:26:59] [INFO] [发送] 09:26:59.002 设备ID=12065 module=PERIODIC id=ReadFoupStatus uuid=130 sendCount=1/1 timeout=1000ms crc=30 0C len=8
frame=01 04 00 00 00 09 30 0C
[2026-04-17 09:26:59] [INFO] [接收-帧] 09:26:59.095 设备ID=12065 module=PERIODIC id=ReadFoupStatus uuid=130 len=23
frame=01 04 12 CC 12 88 EF 26 F0 79 10 D5 2F BD C5 2E CF 97 B4 B5 48 68 A2
[2026-04-17 09:27:00] [INFO] [发送] 09:27:00.091 设备ID=12065 module=PERIODIC id=ReadFoupStatus uuid=130 sendCount=1/1 timeout=1000ms crc=30 0C len=8
frame=01 04 00 00 00 09 30 0C
[2026-04-17 09:27:00] [INFO] [接收-帧] 09:27:00.184 设备ID=12065 module=PERIODIC id=ReadFoupStatus uuid=130 len=23
frame=01 04 12 13 49 01 9F A9 AB 3D 12 EC 2F C7 A8 08 E4 68 8D F9 EA CD 4C
[2026-04-17 09:27:01] [INFO] [发送] 09:27:01.185 设备ID=12065 module=PERIODIC id=ReadFoupStatus uuid=130 sendCount=1/1 timeout=1000ms crc=30 0C len=8
frame=01 04 00 00 00 09 30 0C
[2026-04-17 09:27:01] [INFO] [接收-帧] 09:27:01.284 设备ID=12065 module=PERIODIC id=ReadFoupStatus uuid=130 len=23
frame=01 04 12 3E 9E 8E CE 05 A9 F8 DC D7 31 97 14 34 92 BE 9C E8 09 03 EF
[2026-04-17 09:27:37] [INFO] [发送] 09:27:37.625 设备ID=12065 module=INITIAL id=ReadVersion uuid=129 sendCount=1/4 timeout=1000ms crc=B1 CD len=8
frame=01 04 00 18 00 01 B1 CD
[2026-04-17 09:27:37] [INFO] [接收-帧] 09:27:37.740 设备ID=12065 module=INITIAL id=ReadVersion uuid=129 len=7
frame=01 04 02 00 00 B9 30
[2026-04-17 09:27:37] [INFO] [发送] 09:27:37.742 设备ID=12065 module=PERIODIC id=ReadFoupStatus uuid=130 sendCount=1/1 timeout=1000ms crc=30 0C len=8
frame=01 04 00 00 00 09 30 0C
[2026-04-17 09:27:37] [INFO] [接收-帧] 09:27:37.842 设备ID=12065 module=PERIODIC id=ReadFoupStatus uuid=130 len=23
frame=01 04 12 D4 4E BA 6A D4 33 8C 21 37 7E 92 06 1C 90 3D 4C 94 F8 48 89
[2026-04-17 09:27:38] [INFO] [发送] 09:27:38.842 设备ID=12065 module=PERIODIC id=ReadFoupStatus uuid=130 sendCount=1/1 timeout=1000ms crc=30 0C len=8
frame=01 04 00 00 00 09 30 0C
[2026-04-17 09:27:38] [INFO] [接收-帧] 09:27:38.941 设备ID=12065 module=PERIODIC id=ReadFoupStatus uuid=130 len=23
frame=01 04 12 89 4D 3E 2A 27 E0 CA 88 2E AD D0 23 AC 53 23 5A 92 94 E7 78
[2026-04-17 09:27:39] [INFO] [发送] 09:27:39.938 设备ID=12065 module=PERIODIC id=ReadFoupStatus uuid=130 sendCount=1/1 timeout=1000ms crc=30 0C len=8
frame=01 04 00 00 00 09 30 0C
[2026-04-17 09:27:40] [INFO] [接收-帧] 09:27:40.031 设备ID=12065 module=PERIODIC id=ReadFoupStatus uuid=130 len=23
frame=01 04 12 5E 42 E2 50 4F F2 65 74 CE B3 11 69 F7 FC 1B BF 68 06 A7 46
[2026-04-17 09:27:41] [INFO] [发送] 09:27:41.026 设备ID=12065 module=PERIODIC id=ReadFoupStatus uuid=130 sendCount=1/1 timeout=1000ms crc=30 0C len=8
frame=01 04 00 00 00 09 30 0C
[2026-04-17 09:27:41] [INFO] [接收-帧] 09:27:41.124 设备ID=12065 module=PERIODIC id=ReadFoupStatus uuid=130 len=23
frame=01 04 12 97 7A D7 E8 7F 42 E4 F4 7D D7 EE 83 FE 94 EE DC AE 85 B5 F1
[2026-04-17 09:27:42] [INFO] [发送] 09:27:42.127 设备ID=12065 module=PERIODIC id=ReadFoupStatus uuid=130 sendCount=1/1 timeout=1000ms crc=30 0C len=8
frame=01 04 00 00 00 09 30 0C
[2026-04-17 09:27:42] [INFO] [接收-帧] 09:27:42.217 设备ID=12065 module=PERIODIC id=ReadFoupStatus uuid=130 len=23
frame=01 04 12 72 DD DE 1C 98 9A D6 8A 64 25 80 48 1C 41 9E DA CC 6F F3 90
[2026-04-17 09:27:43] [INFO] [发送] 09:27:43.219 设备ID=12065 module=PERIODIC id=ReadFoupStatus uuid=130 sendCount=1/1 timeout=1000ms crc=30 0C len=8
frame=01 04 00 00 00 09 30 0C
[2026-04-17 09:27:43] [INFO] [接收-帧] 09:27:43.320 设备ID=12065 module=PERIODIC id=ReadFoupStatus uuid=130 len=23
frame=01 04 12 F1 13 AE 2A 87 E4 91 A8 24 AF 06 C2 E6 E9 06 B3 0A 7C 48 DF
[2026-04-17 09:27:44] [INFO] [发送] 09:27:44.329 设备ID=12065 module=PERIODIC id=ReadFoupStatus uuid=130 sendCount=1/1 timeout=1000ms crc=30 0C len=8
frame=01 04 00 00 00 09 30 0C
[2026-04-17 09:27:44] [INFO] [接收-帧] 09:27:44.408 设备ID=12065 module=PERIODIC id=ReadFoupStatus uuid=130 len=23
frame=01 04 12 58 2E B8 23 95 D1 66 64 2F 4A 4C 11 BE 11 5B 17 85 F7 6F CE
[2026-04-17 09:27:45] [INFO] [发送] 09:27:45.401 设备ID=12065 module=PERIODIC id=ReadFoupStatus uuid=130 sendCount=1/1 timeout=1000ms crc=30 0C len=8
frame=01 04 00 00 00 09 30 0C
[2026-04-17 09:27:45] [INFO] [接收-帧] 09:27:45.501 设备ID=12065 module=PERIODIC id=ReadFoupStatus uuid=130 len=23
frame=01 04 12 4B 25 D8 7D A0 0A 62 CD D5 16 33 15 C8 55 58 73 80 6E 20 AF
[2026-04-17 09:27:46] [INFO] [发送] 09:27:46.497 设备ID=12065 module=PERIODIC id=ReadFoupStatus uuid=130 sendCount=1/1 timeout=1000ms crc=30 0C len=8
frame=01 04 00 00 00 09 30 0C
[2026-04-17 09:27:46] [INFO] [接收-帧] 09:27:46.593 设备ID=12065 module=PERIODIC id=ReadFoupStatus uuid=130 len=23
frame=01 04 12 F3 BA AF F0 6E F5 9F BF CB 88 A1 2F F9 B7 1C 35 33 D8 0C 38
[2026-04-17 09:27:47] [INFO] [发送] 09:27:47.592 设备ID=12065 module=PERIODIC id=ReadFoupStatus uuid=130 sendCount=1/1 timeout=1000ms crc=30 0C len=8
frame=01 04 00 00 00 09 30 0C
[2026-04-17 09:27:47] [INFO] [接收-帧] 09:27:47.686 设备ID=12065 module=PERIODIC id=ReadFoupStatus uuid=130 len=23
frame=01 04 12 D3 C0 68 7E 8F 3C 66 63 D3 5B DC D0 F8 8B A6 34 AD C0 A0 B4
[2026-04-17 09:27:48] [INFO] [发送] 09:27:48.684 设备ID=12065 module=PERIODIC id=ReadFoupStatus uuid=130 sendCount=1/1 timeout=1000ms crc=30 0C len=8
frame=01 04 00 00 00 09 30 0C
[2026-04-17 09:27:48] [INFO] [接收-帧] 09:27:48.780 设备ID=12065 module=PERIODIC id=ReadFoupStatus uuid=130 len=23
frame=01 04 12 CB DC 14 14 9B 98 FE 39 36 F9 23 CF 18 2A 6B D0 58 CD BB FE
[2026-04-17 09:27:49] [INFO] [发送] 09:27:49.776 设备ID=12065 module=PERIODIC id=ReadFoupStatus uuid=130 sendCount=1/1 timeout=1000ms crc=30 0C len=8
frame=01 04 00 00 00 09 30 0C
[2026-04-17 09:27:49] [INFO] [接收-帧] 09:27:49.876 设备ID=12065 module=PERIODIC id=ReadFoupStatus uuid=130 len=23
frame=01 04 12 1B 06 EB 4E EB B2 44 43 14 10 96 9F 50 75 C6 0A C5 AB 0E 20
[2026-04-17 09:27:50] [INFO] [发送] 09:27:50.878 设备ID=12065 module=PERIODIC id=ReadFoupStatus uuid=130 sendCount=1/1 timeout=1000ms crc=30 0C len=8
frame=01 04 00 00 00 09 30 0C
[2026-04-17 09:27:50] [INFO] [接收-帧] 09:27:50.975 设备ID=12065 module=PERIODIC id=ReadFoupStatus uuid=130 len=23
frame=01 04 12 F2 63 81 9D BF BF BC DD 1F 24 E1 B4 4E E4 EE C6 14 CD E0 5A
[2026-04-17 09:31:34] [INFO] [发送] 09:31:34.198 设备ID=12065 module=INITIAL id=ReadVersion uuid=129 sendCount=1/4 timeout=1000ms crc=B1 CD len=8
frame=01 04 00 18 00 01 B1 CD
[2026-04-17 09:31:34] [INFO] [接收-帧] 09:31:34.336 设备ID=12065 module=INITIAL id=ReadVersion uuid=129 len=7
frame=01 04 02 00 00 B9 30
[2026-04-17 09:31:34] [INFO] [发送] 09:31:34.337 设备ID=12065 module=PERIODIC id=ReadFoupStatus uuid=130 sendCount=1/1 timeout=1000ms crc=30 0C len=8
frame=01 04 00 00 00 09 30 0C
[2026-04-17 09:31:34] [INFO] [接收-帧] 09:31:34.413 设备ID=12065 module=PERIODIC id=ReadFoupStatus uuid=130 len=23
frame=01 04 12 89 0E ED 0C 54 49 92 AB AF 5F B7 00 40 A0 FF 71 77 93 BB 5D
[2026-04-17 09:31:35] [INFO] [发送] 09:31:35.401 设备ID=12065 module=PERIODIC id=ReadFoupStatus uuid=130 sendCount=1/1 timeout=1000ms crc=30 0C len=8
frame=01 04 00 00 00 09 30 0C
[2026-04-17 09:31:35] [INFO] [接收-帧] 09:31:35.500 设备ID=12065 module=PERIODIC id=ReadFoupStatus uuid=130 len=23
frame=01 04 12 13 5B 07 B2 29 1F B8 69 6F 5B 16 4F 13 72 0C D8 F1 0B C7 11
[2026-04-17 09:31:36] [INFO] [发送] 09:31:36.510 设备ID=12065 module=PERIODIC id=ReadFoupStatus uuid=130 sendCount=1/1 timeout=1000ms crc=30 0C len=8
frame=01 04 00 00 00 09 30 0C
[2026-04-17 09:31:36] [INFO] [接收-帧] 09:31:36.594 设备ID=12065 module=PERIODIC id=ReadFoupStatus uuid=130 len=23
frame=01 04 12 5B 83 21 4C AE D9 42 84 DC F6 FB A7 0A BE 73 E5 5B 5D 42 5F
[2026-04-17 09:31:37] [INFO] [发送] 09:31:37.592 设备ID=12065 module=PERIODIC id=ReadFoupStatus uuid=130 sendCount=1/1 timeout=1000ms crc=30 0C len=8
frame=01 04 00 00 00 09 30 0C
[2026-04-17 09:31:37] [INFO] [接收-帧] 09:31:37.721 设备ID=12065 module=PERIODIC id=ReadFoupStatus uuid=130 len=23
frame=01 04 12 19 D6 D4 47 3F D4 FE B0 3F 0B A2 04 D9 B4 51 4D D5 C9 B4 C5
[2026-04-17 09:31:38] [INFO] [发送] 09:31:38.733 设备ID=12065 module=PERIODIC id=ReadFoupStatus uuid=130 sendCount=1/1 timeout=1000ms crc=30 0C len=8
frame=01 04 00 00 00 09 30 0C
[2026-04-17 09:31:38] [INFO] [接收-帧] 09:31:38.896 设备ID=12065 module=PERIODIC id=ReadFoupStatus uuid=130 len=23
frame=01 04 12 0B 0F 97 C0 65 AA 1F A8 DA 88 7B 9C 27 70 10 3C 2A 90 4A 64
[2026-04-17 09:31:39] [INFO] [发送] 09:31:39.886 设备ID=12065 module=PERIODIC id=ReadFoupStatus uuid=130 sendCount=1/1 timeout=1000ms crc=30 0C len=8
frame=01 04 00 00 00 09 30 0C
[2026-04-17 09:31:39] [INFO] [接收-帧] 09:31:39.989 设备ID=12065 module=PERIODIC id=ReadFoupStatus uuid=130 len=23
frame=01 04 12 08 18 39 1F D0 78 A6 13 DF 7A A7 4A 1B 66 CA 79 C3 50 59 B0
[2026-04-17 09:31:40] [INFO] [发送] 09:31:40.979 设备ID=12065 module=PERIODIC id=ReadFoupStatus uuid=130 sendCount=1/1 timeout=1000ms crc=30 0C len=8
frame=01 04 00 00 00 09 30 0C
[2026-04-17 09:31:41] [INFO] [接收-帧] 09:31:41.085 设备ID=12065 module=PERIODIC id=ReadFoupStatus uuid=130 len=23
frame=01 04 12 92 EE 20 D7 49 D5 24 DB F8 C6 B8 45 04 10 E3 D9 EF 94 64 04
[2026-04-17 09:31:42] [INFO] [发送] 09:31:42.076 设备ID=12065 module=PERIODIC id=ReadFoupStatus uuid=130 sendCount=1/1 timeout=1000ms crc=30 0C len=8
frame=01 04 00 00 00 09 30 0C
[2026-04-17 09:31:42] [INFO] [接收-帧] 09:31:42.175 设备ID=12065 module=PERIODIC id=ReadFoupStatus uuid=130 len=23
frame=01 04 12 29 C5 06 84 4C 9A C8 7F DB 5B EA F0 BA AF E3 B5 C6 0C 08 53
[2026-04-17 09:31:43] [INFO] [发送] 09:31:43.177 设备ID=12065 module=PERIODIC id=ReadFoupStatus uuid=130 sendCount=1/1 timeout=1000ms crc=30 0C len=8
frame=01 04 00 00 00 09 30 0C
[2026-04-17 09:31:43] [INFO] [接收-帧] 09:31:43.273 设备ID=12065 module=PERIODIC id=ReadFoupStatus uuid=130 len=23
frame=01 04 12 D9 AC 20 FB D9 FA 40 8A EC 79 00 74 B4 32 43 5B 0A A0 05 2C
[2026-04-17 09:31:44] [INFO] [发送] 09:31:44.264 设备ID=12065 module=PERIODIC id=ReadFoupStatus uuid=130 sendCount=1/1 timeout=1000ms crc=30 0C len=8
frame=01 04 00 00 00 09 30 0C
[2026-04-17 09:31:44] [INFO] [接收-帧] 09:31:44.361 设备ID=12065 module=PERIODIC id=ReadFoupStatus uuid=130 len=23
frame=01 04 12 B2 F3 7B A7 5C D1 AE 5F DE 9C 20 29 97 1B 56 A8 C2 93 14 4F
[2026-04-17 09:31:45] [INFO] [发送] 09:31:45.355 设备ID=12065 module=PERIODIC id=ReadFoupStatus uuid=130 sendCount=1/1 timeout=1000ms crc=30 0C len=8
frame=01 04 00 00 00 09 30 0C
[2026-04-17 09:31:45] [INFO] [接收-帧] 09:31:45.454 设备ID=12065 module=PERIODIC id=ReadFoupStatus uuid=130 len=23
frame=01 04 12 AE F2 FC 5A 2B 2C 70 C6 AE 2B 6D C0 4A 01 59 17 4C 8C B1 CA
[2026-04-17 09:31:46] [INFO] [发送] 09:31:46.451 设备ID=12065 module=PERIODIC id=ReadFoupStatus uuid=130 sendCount=1/1 timeout=1000ms crc=30 0C len=8
frame=01 04 00 00 00 09 30 0C
[2026-04-17 09:31:46] [INFO] [接收-帧] 09:31:46.552 设备ID=12065 module=PERIODIC id=ReadFoupStatus uuid=130 len=23
frame=01 04 12 C2 2F C8 B6 FC 51 82 48 73 07 38 F5 73 A0 7A D4 96 39 23 7C
[2026-04-17 09:31:47] [INFO] [发送] 09:31:47.546 设备ID=12065 module=PERIODIC id=ReadFoupStatus uuid=130 sendCount=1/1 timeout=1000ms crc=30 0C len=8
frame=01 04 00 00 00 09 30 0C
[2026-04-17 09:31:47] [INFO] [接收-帧] 09:31:47.644 设备ID=12065 module=PERIODIC id=ReadFoupStatus uuid=130 len=23
frame=01 04 12 90 F9 8E 9A 15 30 9A B9 7A 49 23 F8 96 F5 8B 12 17 02 27 9D
[2026-04-17 09:31:48] [INFO] [发送] 09:31:48.637 设备ID=12065 module=PERIODIC id=ReadFoupStatus uuid=130 sendCount=1/1 timeout=1000ms crc=30 0C len=8
frame=01 04 00 00 00 09 30 0C
[2026-04-17 09:31:48] [INFO] [接收-帧] 09:31:48.737 设备ID=12065 module=PERIODIC id=ReadFoupStatus uuid=130 len=23
frame=01 04 12 D6 B5 16 35 0C C4 C0 34 CB 84 8C 5F AB 9B 63 91 0E 33 9F 46
[2026-04-17 09:31:49] [INFO] [发送] 09:31:49.734 设备ID=12065 module=PERIODIC id=ReadFoupStatus uuid=130 sendCount=1/1 timeout=1000ms crc=30 0C len=8
frame=01 04 00 00 00 09 30 0C
[2026-04-17 09:31:49] [INFO] [接收-帧] 09:31:49.838 设备ID=12065 module=PERIODIC id=ReadFoupStatus uuid=130 len=23
frame=01 04 12 5A 38 55 FF C4 76 7F 89 72 24 39 23 CE 41 0E 62 02 33 10 E5
[2026-04-17 09:31:50] [INFO] [发送] 09:31:50.839 设备ID=12065 module=PERIODIC id=ReadFoupStatus uuid=130 sendCount=1/1 timeout=1000ms crc=30 0C len=8
frame=01 04 00 00 00 09 30 0C
[2026-04-17 09:31:50] [INFO] [接收-帧] 09:31:50.928 设备ID=12065 module=PERIODIC id=ReadFoupStatus uuid=130 len=23
frame=01 04 12 51 0C 51 9F B7 0F E4 8C 2A 29 68 DE FC 8B 05 04 88 0E 5B B6
[2026-04-17 09:31:51] [INFO] [发送] 09:31:51.920 设备ID=12065 module=PERIODIC id=ReadFoupStatus uuid=130 sendCount=1/1 timeout=1000ms crc=30 0C len=8
frame=01 04 00 00 00 09 30 0C
[2026-04-17 09:31:52] [INFO] [接收-帧] 09:31:52.021 设备ID=12065 module=PERIODIC id=ReadFoupStatus uuid=130 len=23
frame=01 04 12 A1 0F FA E9 3F 44 04 85 10 48 6E 1E 9F 22 10 FF 0C 0B D7 A3
[2026-04-17 09:31:53] [INFO] [发送] 09:31:53.031 设备ID=12065 module=PERIODIC id=ReadFoupStatus uuid=130 sendCount=1/1 timeout=1000ms crc=30 0C len=8
frame=01 04 00 00 00 09 30 0C
[2026-04-17 09:31:53] [INFO] [接收-帧] 09:31:53.113 设备ID=12065 module=PERIODIC id=ReadFoupStatus uuid=130 len=23
frame=01 04 12 92 C0 69 44 64 A7 C9 C7 5C F3 D2 E3 C8 3D 52 4E 5D 11 5E C6
[2026-04-17 09:31:54] [INFO] [发送] 09:31:54.116 设备ID=12065 module=PERIODIC id=ReadFoupStatus uuid=130 sendCount=1/1 timeout=1000ms crc=30 0C len=8
frame=01 04 00 00 00 09 30 0C
[2026-04-17 09:31:54] [INFO] [接收-帧] 09:31:54.210 设备ID=12065 module=PERIODIC id=ReadFoupStatus uuid=130 len=23
frame=01 04 12 6C D1 01 03 BC 29 96 B2 2F 12 69 E7 BB 41 7B F5 45 24 F4 09
[2026-04-17 09:31:55] [INFO] [发送] 09:31:55.218 设备ID=12065 module=PERIODIC id=ReadFoupStatus uuid=130 sendCount=1/1 timeout=1000ms crc=30 0C len=8
frame=01 04 00 00 00 09 30 0C
[2026-04-17 09:31:55] [INFO] [接收-帧] 09:31:55.297 设备ID=12065 module=PERIODIC id=ReadFoupStatus uuid=130 len=23
frame=01 04 12 2E B0 7C C8 AF 6C E0 B4 AE 6B 51 68 FC 9F 53 B4 13 93 40 E7
[2026-04-17 09:31:56] [INFO] [发送] 09:31:56.295 设备ID=12065 module=PERIODIC id=ReadFoupStatus uuid=130 sendCount=1/1 timeout=1000ms crc=30 0C len=8
frame=01 04 00 00 00 09 30 0C
[2026-04-17 09:31:56] [INFO] [接收-帧] 09:31:56.394 设备ID=12065 module=PERIODIC id=ReadFoupStatus uuid=130 len=23
frame=01 04 12 D5 5F 41 53 57 36 B1 01 AD 2E AF 59 99 CF E1 48 A0 E3 27 80
[2026-04-17 09:31:57] [INFO] [发送] 09:31:57.400 设备ID=12065 module=PERIODIC id=ReadFoupStatus uuid=130 sendCount=1/1 timeout=1000ms crc=30 0C len=8
frame=01 04 00 00 00 09 30 0C
[2026-04-17 09:31:57] [INFO] [接收-帧] 09:31:57.490 设备ID=12065 module=PERIODIC id=ReadFoupStatus uuid=130 len=23
frame=01 04 12 63 49 AE E9 A9 E7 68 47 BB 0E 9A 36 49 5E 01 D1 FC 1C 3A C4
[2026-04-17 09:31:58] [INFO] [发送] 09:31:58.481 设备ID=12065 module=PERIODIC id=ReadFoupStatus uuid=130 sendCount=1/1 timeout=1000ms crc=30 0C len=8
frame=01 04 00 00 00 09 30 0C
[2026-04-17 09:31:58] [INFO] [接收-帧] 09:31:58.582 设备ID=12065 module=PERIODIC id=ReadFoupStatus uuid=130 len=23
frame=01 04 12 32 8C 90 38 B7 B4 78 55 97 BD 08 11 31 1C F5 88 F5 37 14 AC
[2026-04-17 09:31:59] [INFO] [发送] 09:31:59.574 设备ID=12065 module=PERIODIC id=ReadFoupStatus uuid=130 sendCount=1/1 timeout=1000ms crc=30 0C len=8
frame=01 04 00 00 00 09 30 0C
[2026-04-17 09:31:59] [INFO] [接收-帧] 09:31:59.673 设备ID=12065 module=PERIODIC id=ReadFoupStatus uuid=130 len=23
frame=01 04 12 45 04 CF 70 80 A8 F5 59 83 E0 72 F0 95 38 60 B5 58 42 5B 52
[2026-04-17 09:32:00] [INFO] [发送] 09:32:00.673 设备ID=12065 module=PERIODIC id=ReadFoupStatus uuid=130 sendCount=1/1 timeout=1000ms crc=30 0C len=8
frame=01 04 00 00 00 09 30 0C
[2026-04-17 09:32:00] [INFO] [接收-帧] 09:32:00.768 设备ID=12065 module=PERIODIC id=ReadFoupStatus uuid=130 len=23
frame=01 04 12 44 CE 0E 88 79 33 EE AB B1 32 53 82 B9 46 46 60 4C 79 D4 88
[2026-04-17 09:32:01] [INFO] [发送] 09:32:01.764 设备ID=12065 module=PERIODIC id=ReadFoupStatus uuid=130 sendCount=1/1 timeout=1000ms crc=30 0C len=8
frame=01 04 00 00 00 09 30 0C
[2026-04-17 09:32:01] [INFO] [接收-帧] 09:32:01.867 设备ID=12065 module=PERIODIC id=ReadFoupStatus uuid=130 len=23
frame=01 04 12 C6 4D 62 DC 65 69 E1 BA 6F 3E EB 42 1F 2B 46 DB C4 82 2D 57
[2026-04-17 09:32:02] [INFO] [发送] 09:32:02.871 设备ID=12065 module=PERIODIC id=ReadFoupStatus uuid=130 sendCount=1/1 timeout=1000ms crc=30 0C len=8
frame=01 04 00 00 00 09 30 0C
[2026-04-17 09:32:02] [INFO] [接收-帧] 09:32:02.961 设备ID=12065 module=PERIODIC id=ReadFoupStatus uuid=130 len=23
frame=01 04 12 BA FD B2 36 86 1E 18 D5 3F 6F 7D 42 7D 3A 96 4A BE 16 B5 80
[2026-04-17 09:32:03] [INFO] [发送] 09:32:03.963 设备ID=12065 module=PERIODIC id=ReadFoupStatus uuid=130 sendCount=1/1 timeout=1000ms crc=30 0C len=8
frame=01 04 00 00 00 09 30 0C
[2026-04-17 09:32:04] [INFO] [接收-帧] 09:32:04.054 设备ID=12065 module=PERIODIC id=ReadFoupStatus uuid=130 len=23
frame=01 04 12 07 ED F5 C7 C8 02 7E FC B1 36 65 10 CC F1 01 CC 09 B3 65 4B
