[2026-04-17 09:24:09] [INFO] [发送] 09:24:09.307 设备ID=12039 module=INITIAL id=ReadVersion uuid=77 sendCount=1/4 timeout=1000ms crc=B1 CD len=8
frame=01 04 00 18 00 01 B1 CD
[2026-04-17 09:24:10] [INFO] [接收-帧] 09:24:10.173 设备ID=12039 module=INITIAL id=ReadVersion uuid=77 len=7
frame=01 04 02 00 00 B9 30
[2026-04-17 09:24:10] [INFO] [发送] 09:24:10.173 设备ID=12039 module=PERIODIC id=ReadFoupStatus uuid=78 sendCount=1/1 timeout=1000ms crc=30 0C len=8
frame=01 04 00 00 00 09 30 0C
[2026-04-17 09:24:12] [INFO] [发送] 09:24:12.172 设备ID=12039 module=PERIODIC id=ReadFoupStatus uuid=78 sendCount=1/1 timeout=1000ms crc=30 0C len=8
frame=01 04 00 00 00 09 30 0C
[2026-04-17 09:24:14] [INFO] [发送] 09:24:14.180 设备ID=12039 module=PERIODIC id=ReadFoupStatus uuid=78 sendCount=1/1 timeout=1000ms crc=30 0C len=8
frame=01 04 00 00 00 09 30 0C
[2026-04-17 09:24:16] [INFO] [发送] 09:24:16.199 设备ID=12039 module=PERIODIC id=ReadFoupStatus uuid=78 sendCount=1/1 timeout=1000ms crc=30 0C len=8
frame=01 04 00 00 00 09 30 0C
[2026-04-17 09:24:18] [INFO] [发送] 09:24:18.201 设备ID=12039 module=PERIODIC id=ReadFoupStatus uuid=78 sendCount=1/1 timeout=1000ms crc=30 0C len=8
frame=01 04 00 00 00 09 30 0C
[2026-04-17 09:24:20] [INFO] [发送] 09:24:20.203 设备ID=12039 module=PERIODIC id=ReadFoupStatus uuid=78 sendCount=1/1 timeout=1000ms crc=30 0C len=8
frame=01 04 00 00 00 09 30 0C
[2026-04-17 09:24:22] [INFO] [发送] 09:24:22.198 设备ID=12039 module=PERIODIC id=ReadFoupStatus uuid=78 sendCount=1/1 timeout=1000ms crc=30 0C len=8
frame=01 04 00 00 00 09 30 0C
[2026-04-17 09:24:24] [INFO] [发送] 09:24:24.200 设备ID=12039 module=PERIODIC id=ReadFoupStatus uuid=78 sendCount=1/1 timeout=1000ms crc=30 0C len=8
frame=01 04 00 00 00 09 30 0C
[2026-04-17 09:24:26] [INFO] [发送] 09:24:26.201 设备ID=12039 module=PERIODIC id=ReadFoupStatus uuid=78 sendCount=1/1 timeout=1000ms crc=30 0C len=8
frame=01 04 00 00 00 09 30 0C
[2026-04-17 09:24:28] [INFO] [发送] 09:24:28.214 设备ID=12039 module=PERIODIC id=ReadFoupStatus uuid=78 sendCount=1/1 timeout=1000ms crc=30 0C len=8
frame=01 04 00 00 00 09 30 0C
[2026-04-17 09:24:32] [INFO] [发送] 09:24:32.340 设备ID=12039 module=PERIODIC id=ReadFoupStatus uuid=78 sendCount=1/1 timeout=1000ms crc=30 0C len=8
frame=01 04 00 00 00 09 30 0C
[2026-04-17 09:24:34] [INFO] [发送] 09:24:34.350 设备ID=12039 module=PERIODIC id=ReadFoupStatus uuid=78 sendCount=1/1 timeout=1000ms crc=30 0C len=8
frame=01 04 00 00 00 09 30 0C
[2026-04-17 09:24:36] [INFO] [发送] 09:24:36.340 设备ID=12039 module=PERIODIC id=ReadFoupStatus uuid=78 sendCount=1/1 timeout=1000ms crc=30 0C len=8
frame=01 04 00 00 00 09 30 0C
[2026-04-17 09:24:38] [INFO] [发送] 09:24:38.340 设备ID=12039 module=PERIODIC id=ReadFoupStatus uuid=78 sendCount=1/1 timeout=1000ms crc=30 0C len=8
frame=01 04 00 00 00 09 30 0C
[2026-04-17 09:24:40] [INFO] [发送] 09:24:40.345 设备ID=12039 module=PERIODIC id=ReadFoupStatus uuid=78 sendCount=1/1 timeout=1000ms crc=30 0C len=8
frame=01 04 00 00 00 09 30 0C
[2026-04-17 09:24:42] [INFO] [发送] 09:24:42.340 设备ID=12039 module=PERIODIC id=ReadFoupStatus uuid=78 sendCount=1/1 timeout=1000ms crc=30 0C len=8
frame=01 04 00 00 00 09 30 0C
[2026-04-17 09:24:44] [INFO] [发送] 09:24:44.347 设备ID=12039 module=PERIODIC id=ReadFoupStatus uuid=78 sendCount=1/1 timeout=1000ms crc=30 0C len=8
frame=01 04 00 00 00 09 30 0C
[2026-04-17 09:24:47] [INFO] [发送] 09:24:47.981 设备ID=12039 module=PERIODIC id=ReadFoupStatus uuid=78 sendCount=1/1 timeout=1000ms crc=30 0C len=8
frame=01 04 00 00 00 09 30 0C
[2026-04-17 09:24:48] [INFO] [接收-帧] 09:24:48.102 设备ID=12039 module=PERIODIC id=ReadFoupStatus uuid=78 len=23
frame=01 04 12 5F EC 38 DF B0 B6 5F 5B 03 23 6B 52 1B 64 A6 C6 04 28 68 12
[2026-04-17 09:24:49] [INFO] [发送] 09:24:49.107 设备ID=12039 module=PERIODIC id=ReadFoupStatus uuid=78 sendCount=1/1 timeout=1000ms crc=30 0C len=8
frame=01 04 00 00 00 09 30 0C
[2026-04-17 09:24:49] [INFO] [接收-帧] 09:24:49.194 设备ID=12039 module=PERIODIC id=ReadFoupStatus uuid=78 len=23
frame=01 04 12 07 CD 08 F4 56 80 93 80 8A 00 D7 66 51 19 5D 9B E8 4C 56 3F
[2026-04-17 09:24:50] [INFO] [发送] 09:24:50.200 设备ID=12039 module=PERIODIC id=ReadFoupStatus uuid=78 sendCount=1/1 timeout=1000ms crc=30 0C len=8
frame=01 04 00 00 00 09 30 0C
[2026-04-17 09:24:50] [INFO] [接收-帧] 09:24:50.357 设备ID=12039 module=PERIODIC id=ReadFoupStatus uuid=78 len=23
frame=01 04 12 E4 EF FB 0E 16 4C E1 3A BD 80 4B B8 00 79 0E 2A B8 B7 9F 80
[2026-04-17 09:24:51] [INFO] [发送] 09:24:51.359 设备ID=12039 module=PERIODIC id=ReadFoupStatus uuid=78 sendCount=1/1 timeout=1000ms crc=30 0C len=8
frame=01 04 00 00 00 09 30 0C
[2026-04-17 09:24:51] [INFO] [接收-帧] 09:24:51.375 设备ID=12039 module=PERIODIC id=ReadFoupStatus uuid=78 len=23
frame=01 04 12 EA E8 D9 F8 17 A9 D4 67 4B D5 09 95 F0 6E DA 33 73 89 A5 A1
[2026-04-17 09:24:52] [INFO] [发送] 09:24:52.373 设备ID=12039 module=PERIODIC id=ReadFoupStatus uuid=78 sendCount=1/1 timeout=1000ms crc=30 0C len=8
frame=01 04 00 00 00 09 30 0C
[2026-04-17 09:24:52] [INFO] [接收-帧] 09:24:52.471 设备ID=12039 module=PERIODIC id=ReadFoupStatus uuid=78 len=23
frame=01 04 12 08 CE 9E 46 3F 0C E3 FD 58 51 42 AD 5B D5 6D 0D C8 CB 5E 4E
[2026-04-17 09:24:53] [INFO] [发送] 09:24:53.472 设备ID=12039 module=PERIODIC id=ReadFoupStatus uuid=78 sendCount=1/1 timeout=1000ms crc=30 0C len=8
frame=01 04 00 00 00 09 30 0C
[2026-04-17 09:24:53] [INFO] [接收-帧] 09:24:53.566 设备ID=12039 module=PERIODIC id=ReadFoupStatus uuid=78 len=23
frame=01 04 12 F3 76 5D 74 01 B7 C0 56 28 F8 88 C4 C3 6F 0A EC 86 DD AD A9
[2026-04-17 09:24:54] [INFO] [发送] 09:24:54.562 设备ID=12039 module=PERIODIC id=ReadFoupStatus uuid=78 sendCount=1/1 timeout=1000ms crc=30 0C len=8
frame=01 04 00 00 00 09 30 0C
[2026-04-17 09:24:54] [INFO] [接收-帧] 09:24:54.656 设备ID=12039 module=PERIODIC id=ReadFoupStatus uuid=78 len=23
frame=01 04 12 7F C9 33 90 8F 85 AA F4 7D 7B 65 20 D0 5E 48 CD 30 6D 57 66
[2026-04-17 09:24:55] [INFO] [发送] 09:24:55.659 设备ID=12039 module=PERIODIC id=ReadFoupStatus uuid=78 sendCount=1/1 timeout=1000ms crc=30 0C len=8
frame=01 04 00 00 00 09 30 0C
[2026-04-17 09:24:55] [INFO] [接收-帧] 09:24:55.751 设备ID=12039 module=PERIODIC id=ReadFoupStatus uuid=78 len=23
frame=01 04 12 94 5C 42 22 FA EF 2A A1 51 49 E5 16 A2 F1 DE B7 FB B3 93 C3
[2026-04-17 09:24:56] [INFO] [发送] 09:24:56.747 设备ID=12039 module=PERIODIC id=ReadFoupStatus uuid=78 sendCount=1/1 timeout=1000ms crc=30 0C len=8
frame=01 04 00 00 00 09 30 0C
[2026-04-17 09:24:56] [INFO] [接收-帧] 09:24:56.842 设备ID=12039 module=PERIODIC id=ReadFoupStatus uuid=78 len=23
frame=01 04 12 83 B1 09 5D 79 5C CC 7E 95 46 E7 57 E4 AF 1F BC 23 1F FD 8D
[2026-04-17 09:24:57] [INFO] [发送] 09:24:57.856 设备ID=12039 module=PERIODIC id=ReadFoupStatus uuid=78 sendCount=1/1 timeout=1000ms crc=30 0C len=8
frame=01 04 00 00 00 09 30 0C
[2026-04-17 09:24:57] [INFO] [接收-帧] 09:24:57.940 设备ID=12039 module=PERIODIC id=ReadFoupStatus uuid=78 len=23
frame=01 04 12 4F C1 3B CB 95 2C D5 34 6A 2F DC 2F 5F 5D DD 85 F8 37 87 00
[2026-04-17 09:24:58] [INFO] [发送] 09:24:58.937 设备ID=12039 module=PERIODIC id=ReadFoupStatus uuid=78 sendCount=1/1 timeout=1000ms crc=30 0C len=8
frame=01 04 00 00 00 09 30 0C
[2026-04-17 09:24:59] [INFO] [接收-帧] 09:24:59.035 设备ID=12039 module=PERIODIC id=ReadFoupStatus uuid=78 len=23
frame=01 04 12 41 02 46 34 DF 3E 90 92 AB DF 36 0F D7 00 EB 4D 00 68 F9 34
[2026-04-17 09:25:00] [INFO] [发送] 09:25:00.026 设备ID=12039 module=PERIODIC id=ReadFoupStatus uuid=78 sendCount=1/1 timeout=1000ms crc=30 0C len=8
frame=01 04 00 00 00 09 30 0C
[2026-04-17 09:25:00] [INFO] [接收-帧] 09:25:00.127 设备ID=12039 module=PERIODIC id=ReadFoupStatus uuid=78 len=23
frame=01 04 12 C4 66 A3 63 1F EA 65 8C 08 E8 EF 7F 09 19 EC 27 09 38 F9 EE
[2026-04-17 09:25:01] [INFO] [发送] 09:25:01.120 设备ID=12039 module=PERIODIC id=ReadFoupStatus uuid=78 sendCount=1/1 timeout=1000ms crc=30 0C len=8
frame=01 04 00 00 00 09 30 0C
[2026-04-17 09:25:01] [INFO] [接收-帧] 09:25:01.222 设备ID=12039 module=PERIODIC id=ReadFoupStatus uuid=78 len=23
frame=01 04 12 7D FE 68 57 19 B5 3D 95 BB 50 EF 37 4B 9E 70 64 E9 61 CD 4B
[2026-04-17 09:25:02] [INFO] [发送] 09:25:02.220 设备ID=12039 module=PERIODIC id=ReadFoupStatus uuid=78 sendCount=1/1 timeout=1000ms crc=30 0C len=8
frame=01 04 00 00 00 09 30 0C
[2026-04-17 09:25:02] [INFO] [接收-帧] 09:25:02.316 设备ID=12039 module=PERIODIC id=ReadFoupStatus uuid=78 len=23
frame=01 04 12 96 4C E7 EF EF AA B0 26 48 49 5C 3E B3 EC 70 69 FE A7 19 97
[2026-04-17 09:25:03] [INFO] [发送] 09:25:03.307 设备ID=12039 module=PERIODIC id=ReadFoupStatus uuid=78 sendCount=1/1 timeout=1000ms crc=30 0C len=8
frame=01 04 00 00 00 09 30 0C
[2026-04-17 09:25:03] [INFO] [接收-帧] 09:25:03.411 设备ID=12039 module=PERIODIC id=ReadFoupStatus uuid=78 len=23
frame=01 04 12 B2 AD 1F B0 98 3B 75 0E 07 0D 28 7F 36 43 28 95 64 EB 38 46
[2026-04-17 09:25:04] [INFO] [发送] 09:25:04.400 设备ID=12039 module=PERIODIC id=ReadFoupStatus uuid=78 sendCount=1/1 timeout=1000ms crc=30 0C len=8
frame=01 04 00 00 00 09 30 0C
[2026-04-17 09:25:04] [INFO] [接收-帧] 09:25:04.495 设备ID=12039 module=PERIODIC id=ReadFoupStatus uuid=78 len=23
frame=01 04 12 31 8F 2F 51 B6 09 A4 5F 12 12 6D 3A 25 2F A4 8B E9 B6 0F EB
[2026-04-17 09:25:05] [INFO] [发送] 09:25:05.500 设备ID=12039 module=PERIODIC id=ReadFoupStatus uuid=78 sendCount=1/1 timeout=1000ms crc=30 0C len=8
frame=01 04 00 00 00 09 30 0C
[2026-04-17 09:25:05] [INFO] [接收-帧] 09:25:05.609 设备ID=12039 module=PERIODIC id=ReadFoupStatus uuid=78 len=23
frame=01 04 12 0D F1 8C 46 00 22 D5 7C D8 BF AE BB CF 18 24 4C FB 75 48 29
[2026-04-17 09:25:06] [INFO] [发送] 09:25:06.610 设备ID=12039 module=PERIODIC id=ReadFoupStatus uuid=78 sendCount=1/1 timeout=1000ms crc=30 0C len=8
frame=01 04 00 00 00 09 30 0C
[2026-04-17 09:25:06] [INFO] [接收-帧] 09:25:06.692 设备ID=12039 module=PERIODIC id=ReadFoupStatus uuid=78 len=23
frame=01 04 12 05 5D EF 1F 1E 0A 36 CD 6D EC F4 02 DA B1 A2 54 57 75 F4 95
[2026-04-17 09:25:07] [INFO] [发送] 09:25:07.694 设备ID=12039 module=PERIODIC id=ReadFoupStatus uuid=78 sendCount=1/1 timeout=1000ms crc=30 0C len=8
frame=01 04 00 00 00 09 30 0C
[2026-04-17 09:25:07] [INFO] [接收-帧] 09:25:07.782 设备ID=12039 module=PERIODIC id=ReadFoupStatus uuid=78 len=23
frame=01 04 12 2B B1 7B 46 59 2F A5 D4 2D D1 0D E1 91 95 09 2A BB DE 4E 75
[2026-04-17 09:25:08] [INFO] [发送] 09:25:08.774 设备ID=12039 module=PERIODIC id=ReadFoupStatus uuid=78 sendCount=1/1 timeout=1000ms crc=30 0C len=8
frame=01 04 00 00 00 09 30 0C
[2026-04-17 09:25:08] [INFO] [接收-帧] 09:25:08.877 设备ID=12039 module=PERIODIC id=ReadFoupStatus uuid=78 len=23
frame=01 04 12 C8 4E 6E B0 51 33 93 3C 0B 6C 80 0D 52 39 15 3D 2A 2B A0 DC
[2026-04-17 09:25:09] [INFO] [发送] 09:25:09.869 设备ID=12039 module=PERIODIC id=ReadFoupStatus uuid=78 sendCount=1/1 timeout=1000ms crc=30 0C len=8
frame=01 04 00 00 00 09 30 0C
[2026-04-17 09:25:09] [INFO] [接收-帧] 09:25:09.969 设备ID=12039 module=PERIODIC id=ReadFoupStatus uuid=78 len=23
frame=01 04 12 82 F3 CB 47 93 83 27 DC D5 9D C6 53 77 DB E5 85 B6 51 11 38
[2026-04-17 09:25:10] [INFO] [发送] 09:25:10.961 设备ID=12039 module=PERIODIC id=ReadFoupStatus uuid=78 sendCount=1/1 timeout=1000ms crc=30 0C len=8
frame=01 04 00 00 00 09 30 0C
[2026-04-17 09:25:11] [INFO] [接收-帧] 09:25:11.068 设备ID=12039 module=PERIODIC id=ReadFoupStatus uuid=78 len=23
frame=01 04 12 71 26 6B 5B 62 48 9E A3 CD 98 43 81 9D 92 BE 33 5E 64 E5 76
[2026-04-17 09:25:12] [INFO] [发送] 09:25:12.058 设备ID=12039 module=PERIODIC id=ReadFoupStatus uuid=78 sendCount=1/1 timeout=1000ms crc=30 0C len=8
frame=01 04 00 00 00 09 30 0C
[2026-04-17 09:25:12] [INFO] [接收-帧] 09:25:12.157 设备ID=12039 module=PERIODIC id=ReadFoupStatus uuid=78 len=23
frame=01 04 12 C0 C5 C4 AE E7 27 BB AA DB 3C 97 B3 E4 02 1D 34 D6 7B DA BD
[2026-04-17 09:25:13] [INFO] [发送] 09:25:13.150 设备ID=12039 module=PERIODIC id=ReadFoupStatus uuid=78 sendCount=1/1 timeout=1000ms crc=30 0C len=8
frame=01 04 00 00 00 09 30 0C
[2026-04-17 09:25:13] [INFO] [接收-帧] 09:25:13.252 设备ID=12039 module=PERIODIC id=ReadFoupStatus uuid=78 len=23
frame=01 04 12 90 41 8D E8 BA E5 18 13 B6 A9 28 9A 68 41 1C 75 29 99 44 22
[2026-04-17 09:25:14] [INFO] [发送] 09:25:14.246 设备ID=12039 module=PERIODIC id=ReadFoupStatus uuid=78 sendCount=1/1 timeout=1000ms crc=30 0C len=8
frame=01 04 00 00 00 09 30 0C
[2026-04-17 09:25:14] [INFO] [接收-帧] 09:25:14.349 设备ID=12039 module=PERIODIC id=ReadFoupStatus uuid=78 len=23
frame=01 04 12 F8 1A BC 43 54 74 D7 AF F1 5C D1 CE AA 55 B0 20 63 33 0A 70
[2026-04-17 09:25:15] [INFO] [发送] 09:25:15.348 设备ID=12039 module=PERIODIC id=ReadFoupStatus uuid=78 sendCount=1/1 timeout=1000ms crc=30 0C len=8
frame=01 04 00 00 00 09 30 0C
[2026-04-17 09:25:15] [INFO] [接收-帧] 09:25:15.444 设备ID=12039 module=PERIODIC id=ReadFoupStatus uuid=78 len=23
frame=01 04 12 89 3B 93 B8 3D 6F 79 C0 E2 40 BF 9E DE 8A 80 EA 3A 3C 73 E5
[2026-04-17 09:25:16] [INFO] [发送] 09:25:16.438 设备ID=12039 module=PERIODIC id=ReadFoupStatus uuid=78 sendCount=1/1 timeout=1000ms crc=30 0C len=8
frame=01 04 00 00 00 09 30 0C
[2026-04-17 09:25:16] [INFO] [接收-帧] 09:25:16.529 设备ID=12039 module=PERIODIC id=ReadFoupStatus uuid=78 len=23
frame=01 04 12 98 F6 8A 3C 6F F3 8E 62 56 5F 80 3D E4 0D 8B EE 5E A6 D3 53
[2026-04-17 09:25:17] [INFO] [发送] 09:25:17.526 设备ID=12039 module=PERIODIC id=ReadFoupStatus uuid=78 sendCount=1/1 timeout=1000ms crc=30 0C len=8
frame=01 04 00 00 00 09 30 0C
[2026-04-17 09:25:17] [INFO] [接收-帧] 09:25:17.631 设备ID=12039 module=PERIODIC id=ReadFoupStatus uuid=78 len=23
frame=01 04 12 44 E2 95 AE A2 BE 9E 32 88 99 FB FD D5 85 EC E8 70 29 03 FB
[2026-04-17 09:25:18] [INFO] [发送] 09:25:18.621 设备ID=12039 module=PERIODIC id=ReadFoupStatus uuid=78 sendCount=1/1 timeout=1000ms crc=30 0C len=8
frame=01 04 00 00 00 09 30 0C
[2026-04-17 09:25:18] [INFO] [接收-帧] 09:25:18.718 设备ID=12039 module=PERIODIC id=ReadFoupStatus uuid=78 len=23
frame=01 04 12 09 E0 A2 83 D5 F3 45 BF F3 E3 ED 26 22 E8 01 1A 02 3D 3B 13
[2026-04-17 09:25:19] [INFO] [发送] 09:25:19.716 设备ID=12039 module=PERIODIC id=ReadFoupStatus uuid=78 sendCount=1/1 timeout=1000ms crc=30 0C len=8
frame=01 04 00 00 00 09 30 0C
[2026-04-17 09:25:19] [INFO] [接收-帧] 09:25:19.810 设备ID=12039 module=PERIODIC id=ReadFoupStatus uuid=78 len=23
frame=01 04 12 07 0B B7 B4 49 99 25 40 E2 A4 54 64 63 C5 E3 03 FA EE C0 58
[2026-04-17 09:25:20] [INFO] [发送] 09:25:20.805 设备ID=12039 module=PERIODIC id=ReadFoupStatus uuid=78 sendCount=1/1 timeout=1000ms crc=30 0C len=8
frame=01 04 00 00 00 09 30 0C
[2026-04-17 09:25:20] [INFO] [接收-帧] 09:25:20.905 设备ID=12039 module=PERIODIC id=ReadFoupStatus uuid=78 len=23
frame=01 04 12 88 4E E2 FA 41 CC F2 4B 4E A3 89 47 15 A7 DE EC 49 8E 9B E0
[2026-04-17 09:25:21] [INFO] [发送] 09:25:21.904 设备ID=12039 module=PERIODIC id=ReadFoupStatus uuid=78 sendCount=1/1 timeout=1000ms crc=30 0C len=8
frame=01 04 00 00 00 09 30 0C
[2026-04-17 09:25:22] [INFO] [接收-帧] 09:25:22.002 设备ID=12039 module=PERIODIC id=ReadFoupStatus uuid=78 len=23
frame=01 04 12 9E 79 C5 D3 33 25 16 87 74 95 4C 83 9F AC 26 3E 91 6C 2D B8
[2026-04-17 09:25:22] [INFO] [发送] 09:25:22.994 设备ID=12039 module=PERIODIC id=ReadFoupStatus uuid=78 sendCount=1/1 timeout=1000ms crc=30 0C len=8
frame=01 04 00 00 00 09 30 0C
[2026-04-17 09:25:23] [INFO] [接收-帧] 09:25:23.097 设备ID=12039 module=PERIODIC id=ReadFoupStatus uuid=78 len=23
frame=01 04 12 7B 17 15 4A 72 5D 54 87 F0 15 AE 07 7C A4 CB D5 73 3F 8D FC
[2026-04-17 09:25:24] [INFO] [发送] 09:25:24.091 设备ID=12039 module=PERIODIC id=ReadFoupStatus uuid=78 sendCount=1/1 timeout=1000ms crc=30 0C len=8
frame=01 04 00 00 00 09 30 0C
[2026-04-17 09:25:24] [INFO] [接收-帧] 09:25:24.194 设备ID=12039 module=PERIODIC id=ReadFoupStatus uuid=78 len=23
frame=01 04 12 86 D4 38 9A 0B 56 6D 9D 60 5B BF 56 A5 FA 85 C7 E2 3D D0 A8
[2026-04-17 09:25:25] [INFO] [发送] 09:25:25.185 设备ID=12039 module=PERIODIC id=ReadFoupStatus uuid=78 sendCount=1/1 timeout=1000ms crc=30 0C len=8
frame=01 04 00 00 00 09 30 0C
[2026-04-17 09:25:25] [INFO] [接收-帧] 09:25:25.285 设备ID=12039 module=PERIODIC id=ReadFoupStatus uuid=78 len=23
frame=01 04 12 D1 A6 C4 6C 46 C9 3B BC A2 F9 FF 89 ED 05 FC C1 BF 6D 89 96
[2026-04-17 09:25:26] [INFO] [发送] 09:25:26.279 设备ID=12039 module=PERIODIC id=ReadFoupStatus uuid=78 sendCount=1/1 timeout=1000ms crc=30 0C len=8
frame=01 04 00 00 00 09 30 0C
[2026-04-17 09:25:26] [INFO] [接收-帧] 09:25:26.375 设备ID=12039 module=PERIODIC id=ReadFoupStatus uuid=78 len=23
frame=01 04 12 44 F9 83 1C AE A3 8C 9B F5 F9 FC B8 82 FC 8F 7A 51 09 A8 9D
[2026-04-17 09:25:27] [INFO] [发送] 09:25:27.367 设备ID=12039 module=PERIODIC id=ReadFoupStatus uuid=78 sendCount=1/1 timeout=1000ms crc=30 0C len=8
frame=01 04 00 00 00 09 30 0C
[2026-04-17 09:25:27] [INFO] [接收-帧] 09:25:27.468 设备ID=12039 module=PERIODIC id=ReadFoupStatus uuid=78 len=23
frame=01 04 12 98 51 66 81 8C D5 4D 2F 0B 50 2D E3 0F 80 25 F4 EA 91 FF 4B
[2026-04-17 09:25:28] [INFO] [发送] 09:25:28.464 设备ID=12039 module=PERIODIC id=ReadFoupStatus uuid=78 sendCount=1/1 timeout=1000ms crc=30 0C len=8
frame=01 04 00 00 00 09 30 0C
[2026-04-17 09:25:28] [INFO] [接收-帧] 09:25:28.565 设备ID=12039 module=PERIODIC id=ReadFoupStatus uuid=78 len=23
frame=01 04 12 C0 EA 14 53 2E 8F 58 6D 18 89 29 1C D0 BC 4D 78 8F 88 0C 0F
[2026-04-17 09:25:29] [INFO] [发送] 09:25:29.558 设备ID=12039 module=PERIODIC id=ReadFoupStatus uuid=78 sendCount=1/1 timeout=1000ms crc=30 0C len=8
frame=01 04 00 00 00 09 30 0C
[2026-04-17 09:25:29] [INFO] [接收-帧] 09:25:29.657 设备ID=12039 module=PERIODIC id=ReadFoupStatus uuid=78 len=23
frame=01 04 12 F1 E3 FB 7A 13 36 A0 95 FB C7 21 33 2A C2 19 D0 54 33 94 E9
[2026-04-17 09:25:30] [INFO] [发送] 09:25:30.651 设备ID=12039 module=PERIODIC id=ReadFoupStatus uuid=78 sendCount=1/1 timeout=1000ms crc=30 0C len=8
frame=01 04 00 00 00 09 30 0C
[2026-04-17 09:25:30] [INFO] [接收-帧] 09:25:30.752 设备ID=12039 module=PERIODIC id=ReadFoupStatus uuid=78 len=23
frame=01 04 12 5F AB FC 5E 59 31 59 3D 23 17 CF 6C 81 4F B7 4A 24 A8 5A 82
[2026-04-17 09:25:31] [INFO] [发送] 09:25:31.757 设备ID=12039 module=PERIODIC id=ReadFoupStatus uuid=78 sendCount=1/1 timeout=1000ms crc=30 0C len=8
frame=01 04 00 00 00 09 30 0C
[2026-04-17 09:25:31] [INFO] [接收-帧] 09:25:31.841 设备ID=12039 module=PERIODIC id=ReadFoupStatus uuid=78 len=23
frame=01 04 12 A5 F1 1A E2 10 F5 E1 04 AB 84 D2 CE 34 ED 35 5A 70 00 9B 26
[2026-04-17 09:25:32] [INFO] [发送] 09:25:32.839 设备ID=12039 module=PERIODIC id=ReadFoupStatus uuid=78 sendCount=1/1 timeout=1000ms crc=30 0C len=8
frame=01 04 00 00 00 09 30 0C
[2026-04-17 09:25:32] [INFO] [接收-帧] 09:25:32.937 设备ID=12039 module=PERIODIC id=ReadFoupStatus uuid=78 len=23
frame=01 04 12 9D 15 6D 6A DB 62 42 CE 82 34 37 35 62 31 69 EB 9D 6C 1A 1A
[2026-04-17 09:25:33] [INFO] [发送] 09:25:33.931 设备ID=12039 module=PERIODIC id=ReadFoupStatus uuid=78 sendCount=1/1 timeout=1000ms crc=30 0C len=8
frame=01 04 00 00 00 09 30 0C
[2026-04-17 09:25:34] [INFO] [接收-帧] 09:25:34.033 设备ID=12039 module=PERIODIC id=ReadFoupStatus uuid=78 len=23
frame=01 04 12 7B 76 7A AE B3 D5 9B A1 FE E8 4F 7B 58 22 B4 F6 E7 CA 79 F1
[2026-04-17 09:25:35] [INFO] [发送] 09:25:35.036 设备ID=12039 module=PERIODIC id=ReadFoupStatus uuid=78 sendCount=1/1 timeout=1000ms crc=30 0C len=8
frame=01 04 00 00 00 09 30 0C
[2026-04-17 09:25:35] [INFO] [接收-帧] 09:25:35.131 设备ID=12039 module=PERIODIC id=ReadFoupStatus uuid=78 len=23
frame=01 04 12 45 C6 D8 D1 2C B9 57 36 F9 79 E4 3F ED 67 65 30 2F 7C DB 41
[2026-04-17 09:25:36] [INFO] [发送] 09:25:36.124 设备ID=12039 module=PERIODIC id=ReadFoupStatus uuid=78 sendCount=1/1 timeout=1000ms crc=30 0C len=8
frame=01 04 00 00 00 09 30 0C
[2026-04-17 09:25:36] [INFO] [接收-帧] 09:25:36.224 设备ID=12039 module=PERIODIC id=ReadFoupStatus uuid=78 len=23
frame=01 04 12 B5 85 D7 27 48 C3 BC 36 D1 64 DB 62 1A 7F 0D 5B 60 D1 C8 6A
[2026-04-17 09:25:37] [INFO] [发送] 09:25:37.218 设备ID=12039 module=PERIODIC id=ReadFoupStatus uuid=78 sendCount=1/1 timeout=1000ms crc=30 0C len=8
frame=01 04 00 00 00 09 30 0C
[2026-04-17 09:25:37] [INFO] [接收-帧] 09:25:37.312 设备ID=12039 module=PERIODIC id=ReadFoupStatus uuid=78 len=23
frame=01 04 12 B9 CE CA AF 6B BE 46 25 35 4F 65 E3 BB 83 5F BF 15 7D 09 66
[2026-04-17 09:25:38] [INFO] [发送] 09:25:38.309 设备ID=12039 module=PERIODIC id=ReadFoupStatus uuid=78 sendCount=1/1 timeout=1000ms crc=30 0C len=8
frame=01 04 00 00 00 09 30 0C
[2026-04-17 09:25:38] [INFO] [接收-帧] 09:25:38.409 设备ID=12039 module=PERIODIC id=ReadFoupStatus uuid=78 len=23
frame=01 04 12 0B FA B1 A4 30 A2 1F 47 4A 33 50 B5 5E D7 0F FA 14 AE 3D 57
[2026-04-17 09:25:39] [INFO] [发送] 09:25:39.400 设备ID=12039 module=PERIODIC id=ReadFoupStatus uuid=78 sendCount=1/1 timeout=1000ms crc=30 0C len=8
frame=01 04 00 00 00 09 30 0C
[2026-04-17 09:25:39] [INFO] [接收-帧] 09:25:39.504 设备ID=12039 module=PERIODIC id=ReadFoupStatus uuid=78 len=23
frame=01 04 12 88 0D C4 CD 17 1E 6F 47 C0 82 59 AC 89 0D 93 9A 00 30 28 E3
[2026-04-17 09:25:40] [INFO] [发送] 09:25:40.501 设备ID=12039 module=PERIODIC id=ReadFoupStatus uuid=78 sendCount=1/1 timeout=1000ms crc=30 0C len=8
frame=01 04 00 00 00 09 30 0C
[2026-04-17 09:25:40] [INFO] [接收-帧] 09:25:40.595 设备ID=12039 module=PERIODIC id=ReadFoupStatus uuid=78 len=23
frame=01 04 12 62 01 A2 5D 73 84 1E CE A7 68 D7 38 3C D5 07 CD BF 4E 4B 94
[2026-04-17 09:25:41] [INFO] [发送] 09:25:41.588 设备ID=12039 module=PERIODIC id=ReadFoupStatus uuid=78 sendCount=1/1 timeout=1000ms crc=30 0C len=8
frame=01 04 00 00 00 09 30 0C
[2026-04-17 09:25:41] [INFO] [接收-帧] 09:25:41.693 设备ID=12039 module=PERIODIC id=ReadFoupStatus uuid=78 len=23
frame=01 04 12 B8 23 6A FE 1F F4 69 A8 E3 FB DD 58 36 0D EC D8 42 7E 84 00
[2026-04-17 09:25:42] [INFO] [发送] 09:25:42.682 设备ID=12039 module=PERIODIC id=ReadFoupStatus uuid=78 sendCount=1/1 timeout=1000ms crc=30 0C len=8
frame=01 04 00 00 00 09 30 0C
[2026-04-17 09:25:42] [INFO] [接收-帧] 09:25:42.785 设备ID=12039 module=PERIODIC id=ReadFoupStatus uuid=78 len=23
frame=01 04 12 3F CD 28 96 77 F1 66 0E DF C2 39 08 87 27 B7 1B B3 D9 C0 BE
[2026-04-17 09:25:43] [INFO] [发送] 09:25:43.777 设备ID=12039 module=PERIODIC id=ReadFoupStatus uuid=78 sendCount=1/1 timeout=1000ms crc=30 0C len=8
frame=01 04 00 00 00 09 30 0C
[2026-04-17 09:25:43] [INFO] [接收-帧] 09:25:43.878 设备ID=12039 module=PERIODIC id=ReadFoupStatus uuid=78 len=23
frame=01 04 12 4B 8C CB 44 CB D8 1D 20 EF B7 D2 AE 04 D9 F6 24 A3 A3 09 C5
[2026-04-17 09:25:44] [INFO] [发送] 09:25:44.869 设备ID=12039 module=PERIODIC id=ReadFoupStatus uuid=78 sendCount=1/1 timeout=1000ms crc=30 0C len=8
frame=01 04 00 00 00 09 30 0C
[2026-04-17 09:25:44] [INFO] [接收-帧] 09:25:44.972 设备ID=12039 module=PERIODIC id=ReadFoupStatus uuid=78 len=23
frame=01 04 12 E5 30 ED F6 5D F6 CA 25 FD D7 7F 62 27 3B E8 22 91 EC 0A 6E
[2026-04-17 09:25:45] [INFO] [发送] 09:25:45.966 设备ID=12039 module=PERIODIC id=ReadFoupStatus uuid=78 sendCount=1/1 timeout=1000ms crc=30 0C len=8
frame=01 04 00 00 00 09 30 0C
[2026-04-17 09:25:46] [INFO] [接收-帧] 09:25:46.065 设备ID=12039 module=PERIODIC id=ReadFoupStatus uuid=78 len=23
frame=01 04 12 52 15 3B 37 72 9A E7 8F 42 3C 9D 4D 77 02 81 28 44 73 D6 8F
[2026-04-17 09:25:47] [INFO] [发送] 09:25:47.055 设备ID=12039 module=PERIODIC id=ReadFoupStatus uuid=78 sendCount=1/1 timeout=1000ms crc=30 0C len=8
frame=01 04 00 00 00 09 30 0C
[2026-04-17 09:25:47] [INFO] [接收-帧] 09:25:47.157 设备ID=12039 module=PERIODIC id=ReadFoupStatus uuid=78 len=23
frame=01 04 12 79 81 FE CD 0E D5 DE 32 37 DE 03 F6 96 21 FA 2B 53 B1 3B 09
[2026-04-17 09:25:48] [INFO] [发送] 09:25:48.160 设备ID=12039 module=PERIODIC id=ReadFoupStatus uuid=78 sendCount=1/1 timeout=1000ms crc=30 0C len=8
frame=01 04 00 00 00 09 30 0C
[2026-04-17 09:25:48] [INFO] [接收-帧] 09:25:48.254 设备ID=12039 module=PERIODIC id=ReadFoupStatus uuid=78 len=23
frame=01 04 12 AA E0 3D 29 B2 4C 90 F0 8B E9 CE DB CB 6C 60 16 1E 46 6F 34
[2026-04-17 09:25:49] [INFO] [发送] 09:25:49.250 设备ID=12039 module=PERIODIC id=ReadFoupStatus uuid=78 sendCount=1/1 timeout=1000ms crc=30 0C len=8
frame=01 04 00 00 00 09 30 0C
[2026-04-17 09:25:49] [INFO] [接收-帧] 09:25:49.344 设备ID=12039 module=PERIODIC id=ReadFoupStatus uuid=78 len=23
frame=01 04 12 C1 B7 61 9F C1 E6 42 3F 66 60 B1 7B DB C7 8A 11 4B C5 3A 21
[2026-04-17 09:25:50] [INFO] [发送] 09:25:50.338 设备ID=12039 module=PERIODIC id=ReadFoupStatus uuid=78 sendCount=1/1 timeout=1000ms crc=30 0C len=8
frame=01 04 00 00 00 09 30 0C
[2026-04-17 09:25:50] [INFO] [接收-帧] 09:25:50.451 设备ID=12039 module=PERIODIC id=ReadFoupStatus uuid=78 len=23
frame=01 04 12 05 0C 44 3E BB 53 DA 2A EE 1E 79 BD 96 9D 48 41 E3 17 C1 68
[2026-04-17 09:25:51] [INFO] [发送] 09:25:51.451 设备ID=12039 module=PERIODIC id=ReadFoupStatus uuid=78 sendCount=1/1 timeout=1000ms crc=30 0C len=8
frame=01 04 00 00 00 09 30 0C
[2026-04-17 09:25:51] [INFO] [接收-帧] 09:25:51.536 设备ID=12039 module=PERIODIC id=ReadFoupStatus uuid=78 len=23
frame=01 04 12 A3 B4 B4 BC 91 5B B4 2F 9F 17 B7 EB 24 4D EA 10 34 36 4E 1C
[2026-04-17 09:25:52] [INFO] [发送] 09:25:52.572 设备ID=12039 module=PERIODIC id=ReadFoupStatus uuid=78 sendCount=1/1 timeout=1000ms crc=30 0C len=8
frame=01 04 00 00 00 09 30 0C
[2026-04-17 09:25:52] [INFO] [接收-帧] 09:25:52.624 设备ID=12039 module=PERIODIC id=ReadFoupStatus uuid=78 len=23
frame=01 04 12 0B 93 33 F9 61 68 FA 12 0A BD A0 32 D3 5D 3B 3A 24 7B E2 E9
[2026-04-17 09:25:53] [INFO] [发送] 09:25:53.618 设备ID=12039 module=PERIODIC id=ReadFoupStatus uuid=78 sendCount=1/1 timeout=1000ms crc=30 0C len=8
frame=01 04 00 00 00 09 30 0C
[2026-04-17 09:25:53] [INFO] [接收-帧] 09:25:53.717 设备ID=12039 module=PERIODIC id=ReadFoupStatus uuid=78 len=23
frame=01 04 12 D7 B3 29 A7 AD 81 35 F0 2A CA 49 B7 53 B7 6D 10 39 1A 17 0D
[2026-04-17 09:25:54] [INFO] [发送] 09:25:54.718 设备ID=12039 module=PERIODIC id=ReadFoupStatus uuid=78 sendCount=1/1 timeout=1000ms crc=30 0C len=8
frame=01 04 00 00 00 09 30 0C
[2026-04-17 09:25:54] [INFO] [接收-帧] 09:25:54.813 设备ID=12039 module=PERIODIC id=ReadFoupStatus uuid=78 len=23
frame=01 04 12 01 9E EB EB 46 1C E9 7C 51 36 6F C9 3D 75 54 10 4D C4 46 8F
[2026-04-17 09:25:55] [INFO] [发送] 09:25:55.806 设备ID=12039 module=PERIODIC id=ReadFoupStatus uuid=78 sendCount=1/1 timeout=1000ms crc=30 0C len=8
frame=01 04 00 00 00 09 30 0C
[2026-04-17 09:25:55] [INFO] [接收-帧] 09:25:55.906 设备ID=12039 module=PERIODIC id=ReadFoupStatus uuid=78 len=23
frame=01 04 12 CA D4 1D 2B 20 48 9F 9E B8 7B 1C 2A 6C 03 85 73 B8 54 C7 6A
[2026-04-17 09:25:56] [INFO] [发送] 09:25:56.902 设备ID=12039 module=PERIODIC id=ReadFoupStatus uuid=78 sendCount=1/1 timeout=1000ms crc=30 0C len=8
frame=01 04 00 00 00 09 30 0C
[2026-04-17 09:25:57] [INFO] [接收-帧] 09:25:57.002 设备ID=12039 module=PERIODIC id=ReadFoupStatus uuid=78 len=23
frame=01 04 12 DB 46 06 2B 1F F0 BA 39 4B 78 D1 79 AF 85 0C B3 33 DB C4 4F
[2026-04-17 09:25:58] [INFO] [发送] 09:25:58.005 设备ID=12039 module=PERIODIC id=ReadFoupStatus uuid=78 sendCount=1/1 timeout=1000ms crc=30 0C len=8
frame=01 04 00 00 00 09 30 0C
[2026-04-17 09:25:58] [INFO] [接收-帧] 09:25:58.095 设备ID=12039 module=PERIODIC id=ReadFoupStatus uuid=78 len=23
frame=01 04 12 05 24 3E EE 5F 82 AF A2 11 4F 80 F4 79 76 AC 62 32 A0 01 44
[2026-04-17 09:25:59] [INFO] [发送] 09:25:59.089 设备ID=12039 module=PERIODIC id=ReadFoupStatus uuid=78 sendCount=1/1 timeout=1000ms crc=30 0C len=8
frame=01 04 00 00 00 09 30 0C
[2026-04-17 09:25:59] [INFO] [接收-帧] 09:25:59.191 设备ID=12039 module=PERIODIC id=ReadFoupStatus uuid=78 len=23
frame=01 04 12 00 D5 F4 59 46 8E DC C8 53 03 6A F5 F3 31 57 2B 6E DA 1C 42
[2026-04-17 09:26:00] [INFO] [发送] 09:26:00.192 设备ID=12039 module=PERIODIC id=ReadFoupStatus uuid=78 sendCount=1/1 timeout=1000ms crc=30 0C len=8
frame=01 04 00 00 00 09 30 0C
[2026-04-17 09:26:00] [INFO] [接收-帧] 09:26:00.282 设备ID=12039 module=PERIODIC id=ReadFoupStatus uuid=78 len=23
frame=01 04 12 FF 90 78 BD 55 2D 6F 3E 16 69 6F B9 78 64 28 0D C0 B9 2D 71
[2026-04-17 09:26:01] [INFO] [发送] 09:26:01.282 设备ID=12039 module=PERIODIC id=ReadFoupStatus uuid=78 sendCount=1/1 timeout=1000ms crc=30 0C len=8
frame=01 04 00 00 00 09 30 0C
[2026-04-17 09:26:01] [INFO] [接收-帧] 09:26:01.380 设备ID=12039 module=PERIODIC id=ReadFoupStatus uuid=78 len=23
frame=01 04 12 2F 50 BF 94 80 BE 82 B1 7B 10 26 EF 69 41 04 EE 6C BD FC 1E
[2026-04-17 09:26:02] [INFO] [发送] 09:26:02.376 设备ID=12039 module=PERIODIC id=ReadFoupStatus uuid=78 sendCount=1/1 timeout=1000ms crc=30 0C len=8
frame=01 04 00 00 00 09 30 0C
[2026-04-17 09:26:02] [INFO] [接收-帧] 09:26:02.469 设备ID=12039 module=PERIODIC id=ReadFoupStatus uuid=78 len=23
frame=01 04 12 50 86 AD C3 05 CC 23 B1 80 37 ED 9B F7 3F A7 00 CD 08 CE 3D
[2026-04-17 09:26:03] [INFO] [发送] 09:26:03.461 设备ID=12039 module=PERIODIC id=ReadFoupStatus uuid=78 sendCount=1/1 timeout=1000ms crc=30 0C len=8
frame=01 04 00 00 00 09 30 0C
[2026-04-17 09:26:03] [INFO] [接收-帧] 09:26:03.563 设备ID=12039 module=PERIODIC id=ReadFoupStatus uuid=78 len=23
frame=01 04 12 10 3B A8 EA 72 CD 05 8B 9A 56 06 46 6A 55 06 E8 AB 73 38 97
[2026-04-17 09:26:04] [INFO] [发送] 09:26:04.572 设备ID=12039 module=PERIODIC id=ReadFoupStatus uuid=78 sendCount=1/1 timeout=1000ms crc=30 0C len=8
frame=01 04 00 00 00 09 30 0C
[2026-04-17 09:26:04] [INFO] [接收-帧] 09:26:04.662 设备ID=12039 module=PERIODIC id=ReadFoupStatus uuid=78 len=23
frame=01 04 12 CB 60 85 F7 97 8F AC 34 27 10 25 FD 00 1B 68 69 2C E3 56 53
[2026-04-17 09:26:05] [INFO] [发送] 09:26:05.652 设备ID=12039 module=PERIODIC id=ReadFoupStatus uuid=78 sendCount=1/1 timeout=1000ms crc=30 0C len=8
frame=01 04 00 00 00 09 30 0C
[2026-04-17 09:26:05] [INFO] [接收-帧] 09:26:05.754 设备ID=12039 module=PERIODIC id=ReadFoupStatus uuid=78 len=23
frame=01 04 12 3C B3 74 EF 54 A1 E1 64 A4 F4 4D EC CD 7F 70 31 67 6D F9 5C
[2026-04-17 09:26:06] [INFO] [发送] 09:26:06.753 设备ID=12039 module=PERIODIC id=ReadFoupStatus uuid=78 sendCount=1/1 timeout=1000ms crc=30 0C len=8
frame=01 04 00 00 00 09 30 0C
[2026-04-17 09:26:06] [INFO] [接收-帧] 09:26:06.858 设备ID=12039 module=PERIODIC id=ReadFoupStatus uuid=78 len=23
frame=01 04 12 C3 9E 68 54 40 61 13 7D 77 93 50 85 55 BA E0 10 46 95 A5 C2
[2026-04-17 09:26:07] [INFO] [发送] 09:26:07.858 设备ID=12039 module=PERIODIC id=ReadFoupStatus uuid=78 sendCount=1/1 timeout=1000ms crc=30 0C len=8
frame=01 04 00 00 00 09 30 0C
[2026-04-17 09:26:07] [INFO] [接收-帧] 09:26:07.940 设备ID=12039 module=PERIODIC id=ReadFoupStatus uuid=78 len=23
frame=01 04 12 0C DB 2C 76 64 B8 97 31 38 F5 2A F4 C2 28 26 D2 5D A3 63 A8
[2026-04-17 09:26:08] [INFO] [发送] 09:26:08.931 设备ID=12039 module=PERIODIC id=ReadFoupStatus uuid=78 sendCount=1/1 timeout=1000ms crc=30 0C len=8
frame=01 04 00 00 00 09 30 0C
[2026-04-17 09:26:09] [INFO] [接收-帧] 09:26:09.035 设备ID=12039 module=PERIODIC id=ReadFoupStatus uuid=78 len=23
frame=01 04 12 CE 69 80 C0 6C A3 FB C1 A6 57 07 BD 30 E7 63 E0 7E 03 AE C3
[2026-04-17 09:26:10] [INFO] [发送] 09:26:10.023 设备ID=12039 module=PERIODIC id=ReadFoupStatus uuid=78 sendCount=1/1 timeout=1000ms crc=30 0C len=8
frame=01 04 00 00 00 09 30 0C
[2026-04-17 09:26:10] [INFO] [接收-帧] 09:26:10.139 设备ID=12039 module=PERIODIC id=ReadFoupStatus uuid=78 len=23
frame=01 04 12 9C 96 2B C0 2E 15 F9 27 62 3C 66 41 66 9E 6E 46 56 9E DD 36
[2026-04-17 09:26:11] [INFO] [发送] 09:26:11.140 设备ID=12039 module=PERIODIC id=ReadFoupStatus uuid=78 sendCount=1/1 timeout=1000ms crc=30 0C len=8
frame=01 04 00 00 00 09 30 0C
[2026-04-17 09:26:11] [INFO] [接收-帧] 09:26:11.220 设备ID=12039 module=PERIODIC id=ReadFoupStatus uuid=78 len=23
frame=01 04 12 EB 35 E0 A4 5F EC 42 92 09 5A D4 1D A7 7C 22 AE 09 AB 21 71
[2026-04-17 09:26:12] [INFO] [发送] 09:26:12.223 设备ID=12039 module=PERIODIC id=ReadFoupStatus uuid=78 sendCount=1/1 timeout=1000ms crc=30 0C len=8
frame=01 04 00 00 00 09 30 0C
[2026-04-17 09:26:12] [INFO] [接收-帧] 09:26:12.319 设备ID=12039 module=PERIODIC id=ReadFoupStatus uuid=78 len=23
frame=01 04 12 66 D1 17 33 1D 32 79 32 FC C7 CA 43 C1 52 BF A9 8A 06 8D FD
[2026-04-17 09:26:13] [INFO] [发送] 09:26:13.322 设备ID=12039 module=PERIODIC id=ReadFoupStatus uuid=78 sendCount=1/1 timeout=1000ms crc=30 0C len=8
frame=01 04 00 00 00 09 30 0C
[2026-04-17 09:26:13] [INFO] [接收-帧] 09:26:13.406 设备ID=12039 module=PERIODIC id=ReadFoupStatus uuid=78 len=23
frame=01 04 12 32 8F 53 1C 9B 85 EC 7F 74 FA A2 60 23 56 EC 4E 60 A7 1C 66
[2026-04-17 09:26:14] [INFO] [发送] 09:26:14.413 设备ID=12039 module=PERIODIC id=ReadFoupStatus uuid=78 sendCount=1/1 timeout=1000ms crc=30 0C len=8
frame=01 04 00 00 00 09 30 0C
[2026-04-17 09:26:14] [INFO] [接收-帧] 09:26:14.527 设备ID=12039 module=PERIODIC id=ReadFoupStatus uuid=78 len=23
frame=01 04 12 D1 BE 78 6C B1 E8 3F 13 A7 4E 7F 2C AD 7D 85 4F 72 FF C7 22
[2026-04-17 09:26:15] [INFO] [发送] 09:26:15.664 设备ID=12039 module=PERIODIC id=ReadFoupStatus uuid=78 sendCount=1/1 timeout=1000ms crc=30 0C len=8
frame=01 04 00 00 00 09 30 0C
[2026-04-17 09:26:15] [INFO] [接收-帧] 09:26:15.735 设备ID=12039 module=PERIODIC id=ReadFoupStatus uuid=78 len=23
frame=01 04 12 BA 1F C6 C9 F2 38 37 56 E3 F3 F7 C7 9D 92 94 7F 52 AD FF 74
[2026-04-17 09:26:16] [INFO] [发送] 09:26:16.737 设备ID=12039 module=PERIODIC id=ReadFoupStatus uuid=78 sendCount=1/1 timeout=1000ms crc=30 0C len=8
frame=01 04 00 00 00 09 30 0C
[2026-04-17 09:26:16] [INFO] [接收-帧] 09:26:16.803 设备ID=12039 module=PERIODIC id=ReadFoupStatus uuid=78 len=23
frame=01 04 12 37 98 A4 E8 20 10 D9 30 87 B3 E9 52 A7 24 67 17 D2 7B 4E 86
[2026-04-17 09:26:17] [INFO] [发送] 09:26:17.797 设备ID=12039 module=PERIODIC id=ReadFoupStatus uuid=78 sendCount=1/1 timeout=1000ms crc=30 0C len=8
frame=01 04 00 00 00 09 30 0C
[2026-04-17 09:26:17] [INFO] [接收-帧] 09:26:17.958 设备ID=12039 module=PERIODIC id=ReadFoupStatus uuid=78 len=23
frame=01 04 12 ED A9 C1 9E 89 75 CD 2D 88 34 A3 09 64 31 AF 10 2F 8C FD 3C
[2026-04-17 09:26:18] [INFO] [发送] 09:26:18.947 设备ID=12039 module=PERIODIC id=ReadFoupStatus uuid=78 sendCount=1/1 timeout=1000ms crc=30 0C len=8
frame=01 04 00 00 00 09 30 0C
[2026-04-17 09:26:18] [INFO] [接收-帧] 09:26:18.986 设备ID=12039 module=PERIODIC id=ReadFoupStatus uuid=78 len=23
frame=01 04 12 0E 78 00 6D AC 2A 12 BE 2C BD 94 EB DB 82 FD 3D 60 32 27 ED
[2026-04-17 09:26:19] [INFO] [发送] 09:26:19.977 设备ID=12039 module=PERIODIC id=ReadFoupStatus uuid=78 sendCount=1/1 timeout=1000ms crc=30 0C len=8
frame=01 04 00 00 00 09 30 0C
[2026-04-17 09:26:20] [INFO] [接收-帧] 09:26:20.088 设备ID=12039 module=PERIODIC id=ReadFoupStatus uuid=78 len=23
frame=01 04 12 A9 A0 6B 7D 44 0B D9 17 D3 F5 69 ED 54 B6 C0 9C F5 41 59 B2
[2026-04-17 09:26:21] [INFO] [发送] 09:26:21.094 设备ID=12039 module=PERIODIC id=ReadFoupStatus uuid=78 sendCount=1/1 timeout=1000ms crc=30 0C len=8
frame=01 04 00 00 00 09 30 0C
[2026-04-17 09:26:21] [INFO] [接收-帧] 09:26:21.175 设备ID=12039 module=PERIODIC id=ReadFoupStatus uuid=78 len=23
frame=01 04 12 41 69 E2 AE 92 24 ED 68 90 E3 9A AC E3 CC 67 FC 58 67 DF 43
[2026-04-17 09:26:22] [INFO] [发送] 09:26:22.164 设备ID=12039 module=PERIODIC id=ReadFoupStatus uuid=78 sendCount=1/1 timeout=1000ms crc=30 0C len=8
frame=01 04 00 00 00 09 30 0C
[2026-04-17 09:26:22] [INFO] [接收-帧] 09:26:22.722 设备ID=12039 module=PERIODIC id=ReadFoupStatus uuid=78 len=23
frame=01 04 12 CC 5D 65 8A 11 FF 78 4C DA 24 72 29 B5 EE 1E E2 8C 3F BF 11
[2026-04-17 09:26:23] [INFO] [发送] 09:26:23.714 设备ID=12039 module=PERIODIC id=ReadFoupStatus uuid=78 sendCount=1/1 timeout=1000ms crc=30 0C len=8
frame=01 04 00 00 00 09 30 0C
[2026-04-17 09:26:23] [INFO] [接收-帧] 09:26:23.802 设备ID=12039 module=PERIODIC id=ReadFoupStatus uuid=78 len=23
frame=01 04 12 5D 59 50 1B 13 88 48 E2 A1 D1 58 21 A2 DC 51 EF 79 CB 7E 2B
[2026-04-17 09:26:24] [INFO] [发送] 09:26:24.794 设备ID=12039 module=PERIODIC id=ReadFoupStatus uuid=78 sendCount=1/1 timeout=1000ms crc=30 0C len=8
frame=01 04 00 00 00 09 30 0C
[2026-04-17 09:26:24] [INFO] [接收-帧] 09:26:24.921 设备ID=12039 module=PERIODIC id=ReadFoupStatus uuid=78 len=23
frame=01 04 12 3A 5C D3 A0 94 6F 9F 26 80 D1 6A 18 B1 40 0E AA 9B 0C 97 F9
[2026-04-17 09:26:25] [INFO] [发送] 09:26:25.921 设备ID=12039 module=PERIODIC id=ReadFoupStatus uuid=78 sendCount=1/1 timeout=1000ms crc=30 0C len=8
frame=01 04 00 00 00 09 30 0C
[2026-04-17 09:26:25] [INFO] [接收-帧] 09:26:25.985 设备ID=12039 module=PERIODIC id=ReadFoupStatus uuid=78 len=23
frame=01 04 12 F8 C4 15 39 41 8E 8D FE 08 36 B9 6E 3C FD 63 2E 9E 46 E6 F8
[2026-04-17 09:26:27] [INFO] [发送] 09:26:27.167 设备ID=12039 module=PERIODIC id=ReadFoupStatus uuid=78 sendCount=1/1 timeout=1000ms crc=30 0C len=8
frame=01 04 00 00 00 09 30 0C
[2026-04-17 09:26:27] [INFO] [接收-帧] 09:26:27.202 设备ID=12039 module=PERIODIC id=ReadFoupStatus uuid=78 len=23
frame=01 04 12 50 C2 9E E5 BE 0A FD 08 86 C3 32 F4 BA 27 C3 D8 61 00 67 4F
[2026-04-17 09:26:28] [INFO] [发送] 09:26:28.201 设备ID=12039 module=PERIODIC id=ReadFoupStatus uuid=78 sendCount=1/1 timeout=1000ms crc=30 0C len=8
frame=01 04 00 00 00 09 30 0C
[2026-04-17 09:26:28] [INFO] [接收-帧] 09:26:28.350 设备ID=12039 module=PERIODIC id=ReadFoupStatus uuid=78 len=23
frame=01 04 12 85 A8 70 7B 4C C4 E2 97 E2 04 5D 29 58 6F 47 F4 E0 AA EF A2
[2026-04-17 09:26:29] [INFO] [发送] 09:26:29.347 设备ID=12039 module=PERIODIC id=ReadFoupStatus uuid=78 sendCount=1/1 timeout=1000ms crc=30 0C len=8
frame=01 04 00 00 00 09 30 0C
[2026-04-17 09:26:29] [INFO] [接收-帧] 09:26:29.395 设备ID=12039 module=PERIODIC id=ReadFoupStatus uuid=78 len=23
frame=01 04 12 4F 00 61 0D 49 CF D3 98 A4 1A 60 E4 73 FC FA DF 7B 2C 26 1D
[2026-04-17 09:26:30] [INFO] [发送] 09:26:30.386 设备ID=12039 module=PERIODIC id=ReadFoupStatus uuid=78 sendCount=1/1 timeout=1000ms crc=30 0C len=8
frame=01 04 00 00 00 09 30 0C
[2026-04-17 09:26:30] [INFO] [接收-帧] 09:26:30.470 设备ID=12039 module=PERIODIC id=ReadFoupStatus uuid=78 len=23
frame=01 04 12 DA A5 C7 26 EA 8D D4 DC 0E 2F 72 3C F4 31 A1 A7 7F 74 39 DB
[2026-04-17 09:26:31] [INFO] [发送] 09:26:31.462 设备ID=12039 module=PERIODIC id=ReadFoupStatus uuid=78 sendCount=1/1 timeout=1000ms crc=30 0C len=8
frame=01 04 00 00 00 09 30 0C
[2026-04-17 09:26:31] [INFO] [接收-帧] 09:26:31.729 设备ID=12039 module=PERIODIC id=ReadFoupStatus uuid=78 len=23
frame=01 04 12 30 F2 0B 97 1C E1 FE BB B3 31 2D E2 71 57 D4 7D FB 8A 3E 68
[2026-04-17 09:26:32] [INFO] [发送] 09:26:32.728 设备ID=12039 module=PERIODIC id=ReadFoupStatus uuid=78 sendCount=1/1 timeout=1000ms crc=30 0C len=8
frame=01 04 00 00 00 09 30 0C
[2026-04-17 09:26:32] [INFO] [接收-帧] 09:26:32.766 设备ID=12039 module=PERIODIC id=ReadFoupStatus uuid=78 len=23
frame=01 04 12 20 10 E6 D5 74 10 5C 78 1D D2 A0 E0 8F FD 62 57 7E 32 07 50
[2026-04-17 09:26:33] [INFO] [发送] 09:26:33.760 设备ID=12039 module=PERIODIC id=ReadFoupStatus uuid=78 sendCount=1/1 timeout=1000ms crc=30 0C len=8
frame=01 04 00 00 00 09 30 0C
[2026-04-17 09:26:33] [INFO] [接收-帧] 09:26:33.861 设备ID=12039 module=PERIODIC id=ReadFoupStatus uuid=78 len=23
frame=01 04 12 A1 38 62 67 E8 9E DE 76 EC 05 68 F8 46 84 63 80 3C 2B BC 21
[2026-04-17 09:26:34] [INFO] [发送] 09:26:34.860 设备ID=12039 module=PERIODIC id=ReadFoupStatus uuid=78 sendCount=1/1 timeout=1000ms crc=30 0C len=8
frame=01 04 00 00 00 09 30 0C
[2026-04-17 09:26:34] [INFO] [接收-帧] 09:26:34.955 设备ID=12039 module=PERIODIC id=ReadFoupStatus uuid=78 len=23
frame=01 04 12 2B 86 60 4C 09 A7 F8 BD 62 EE 60 ED 4A 83 EE E6 2E 5A 8B D4
[2026-04-17 09:26:35] [INFO] [发送] 09:26:35.950 设备ID=12039 module=PERIODIC id=ReadFoupStatus uuid=78 sendCount=1/1 timeout=1000ms crc=30 0C len=8
frame=01 04 00 00 00 09 30 0C
[2026-04-17 09:26:36] [INFO] [接收-帧] 09:26:36.048 设备ID=12039 module=PERIODIC id=ReadFoupStatus uuid=78 len=23
frame=01 04 12 54 3C F4 9A EE 54 5D 26 C8 6A 88 06 8B D0 79 4E C4 C8 EA 52
[2026-04-17 09:26:37] [INFO] [发送] 09:26:37.044 设备ID=12039 module=PERIODIC id=ReadFoupStatus uuid=78 sendCount=1/1 timeout=1000ms crc=30 0C len=8
frame=01 04 00 00 00 09 30 0C
[2026-04-17 09:26:37] [INFO] [接收-帧] 09:26:37.143 设备ID=12039 module=PERIODIC id=ReadFoupStatus uuid=78 len=23
frame=01 04 12 B7 07 55 F8 BB F7 0D 42 7B 37 7C 34 D3 E8 07 E9 D0 6F EB 89
[2026-04-17 09:26:38] [INFO] [发送] 09:26:38.146 设备ID=12039 module=PERIODIC id=ReadFoupStatus uuid=78 sendCount=1/1 timeout=1000ms crc=30 0C len=8
frame=01 04 00 00 00 09 30 0C
[2026-04-17 09:26:38] [INFO] [接收-帧] 09:26:38.268 设备ID=12039 module=PERIODIC id=ReadFoupStatus uuid=78 len=23
frame=01 04 12 BA A3 1E 53 AD 86 86 E2 63 A3 3E D9 1E EA 8C 5B 82 3C A8 A0
[2026-04-17 09:26:39] [INFO] [发送] 09:26:39.279 设备ID=12039 module=PERIODIC id=ReadFoupStatus uuid=78 sendCount=1/1 timeout=1000ms crc=30 0C len=8
frame=01 04 00 00 00 09 30 0C
[2026-04-17 09:26:39] [INFO] [接收-帧] 09:26:39.330 设备ID=12039 module=PERIODIC id=ReadFoupStatus uuid=78 len=23
frame=01 04 12 EA 9B CA 8A 12 7B 50 32 EB 35 CC 0B 4F 0C BE C5 53 F5 69 FC
[2026-04-17 09:26:40] [INFO] [发送] 09:26:40.321 设备ID=12039 module=PERIODIC id=ReadFoupStatus uuid=78 sendCount=1/1 timeout=1000ms crc=30 0C len=8
frame=01 04 00 00 00 09 30 0C
[2026-04-17 09:26:40] [INFO] [接收-帧] 09:26:40.424 设备ID=12039 module=PERIODIC id=ReadFoupStatus uuid=78 len=23
frame=01 04 12 0B 11 6F 4D 83 4B 4A DE BA 28 42 27 38 DB 08 24 64 CE E8 E2
[2026-04-17 09:26:41] [INFO] [发送] 09:26:41.423 设备ID=12039 module=PERIODIC id=ReadFoupStatus uuid=78 sendCount=1/1 timeout=1000ms crc=30 0C len=8
frame=01 04 00 00 00 09 30 0C
[2026-04-17 09:26:41] [INFO] [接收-帧] 09:26:41.516 设备ID=12039 module=PERIODIC id=ReadFoupStatus uuid=78 len=23
frame=01 04 12 1B B8 34 EC 16 B0 F3 6F 44 85 39 5A FF 26 11 9B 14 71 9B 4D
[2026-04-17 09:26:42] [INFO] [发送] 09:26:42.510 设备ID=12039 module=PERIODIC id=ReadFoupStatus uuid=78 sendCount=1/1 timeout=1000ms crc=30 0C len=8
frame=01 04 00 00 00 09 30 0C
[2026-04-17 09:26:42] [INFO] [接收-帧] 09:26:42.611 设备ID=12039 module=PERIODIC id=ReadFoupStatus uuid=78 len=23
frame=01 04 12 44 52 07 B5 1F 27 97 4D 68 7F 70 D7 A1 6B 9D 68 9F AE F7 F0
[2026-04-17 09:26:43] [INFO] [发送] 09:26:43.609 设备ID=12039 module=PERIODIC id=ReadFoupStatus uuid=78 sendCount=1/1 timeout=1000ms crc=30 0C len=8
frame=01 04 00 00 00 09 30 0C
[2026-04-17 09:26:43] [INFO] [接收-帧] 09:26:43.702 设备ID=12039 module=PERIODIC id=ReadFoupStatus uuid=78 len=23
frame=01 04 12 72 87 B6 77 49 72 BE AA BB 76 C3 47 A1 AA 99 0D BD 3D DB 11
[2026-04-17 09:26:44] [INFO] [发送] 09:26:44.705 设备ID=12039 module=PERIODIC id=ReadFoupStatus uuid=78 sendCount=1/1 timeout=1000ms crc=30 0C len=8
frame=01 04 00 00 00 09 30 0C
[2026-04-17 09:26:44] [INFO] [接收-帧] 09:26:44.799 设备ID=12039 module=PERIODIC id=ReadFoupStatus uuid=78 len=23
frame=01 04 12 06 B0 FC 4F 3D FF 67 0B 92 12 34 0F AF AA ED 84 27 0B 05 87
[2026-04-17 09:26:45] [INFO] [发送] 09:26:45.796 设备ID=12039 module=PERIODIC id=ReadFoupStatus uuid=78 sendCount=1/1 timeout=1000ms crc=30 0C len=8
frame=01 04 00 00 00 09 30 0C
[2026-04-17 09:26:45] [INFO] [接收-帧] 09:26:45.894 设备ID=12039 module=PERIODIC id=ReadFoupStatus uuid=78 len=23
frame=01 04 12 2D 94 6F 10 88 20 25 57 4C 61 81 51 FA 68 52 F1 7C 44 16 79
[2026-04-17 09:26:46] [INFO] [发送] 09:26:46.885 设备ID=12039 module=PERIODIC id=ReadFoupStatus uuid=78 sendCount=1/1 timeout=1000ms crc=30 0C len=8
frame=01 04 00 00 00 09 30 0C
[2026-04-17 09:26:46] [INFO] [接收-帧] 09:26:46.987 设备ID=12039 module=PERIODIC id=ReadFoupStatus uuid=78 len=23
frame=01 04 12 C4 4F 3E 95 9F 3C 68 62 27 A5 22 7E 66 F4 D3 AF 3D 15 AB 8D
[2026-04-17 09:26:47] [INFO] [发送] 09:26:47.982 设备ID=12039 module=PERIODIC id=ReadFoupStatus uuid=78 sendCount=1/1 timeout=1000ms crc=30 0C len=8
frame=01 04 00 00 00 09 30 0C
[2026-04-17 09:26:48] [INFO] [接收-帧] 09:26:48.080 设备ID=12039 module=PERIODIC id=ReadFoupStatus uuid=78 len=23
frame=01 04 12 3D D0 3A FF B2 F1 01 07 A5 FB EB 1E 88 13 0D F5 4A 1F 92 CB
[2026-04-17 09:26:49] [INFO] [发送] 09:26:49.084 设备ID=12039 module=PERIODIC id=ReadFoupStatus uuid=78 sendCount=1/1 timeout=1000ms crc=30 0C len=8
frame=01 04 00 00 00 09 30 0C
[2026-04-17 09:26:49] [INFO] [接收-帧] 09:26:49.175 设备ID=12039 module=PERIODIC id=ReadFoupStatus uuid=78 len=23
frame=01 04 12 83 B6 6D 5F A2 B2 FE 7A 2D AF 6B 8A 73 82 19 EC 30 FA A4 47
[2026-04-17 09:26:50] [INFO] [发送] 09:26:50.178 设备ID=12039 module=PERIODIC id=ReadFoupStatus uuid=78 sendCount=1/1 timeout=1000ms crc=30 0C len=8
frame=01 04 00 00 00 09 30 0C
[2026-04-17 09:26:50] [INFO] [接收-帧] 09:26:50.269 设备ID=12039 module=PERIODIC id=ReadFoupStatus uuid=78 len=23
frame=01 04 12 F8 0D 56 E2 87 CE C3 F5 3D 7E F5 92 BC FD FF E6 C2 85 C8 BF
[2026-04-17 09:26:51] [INFO] [发送] 09:26:51.278 设备ID=12039 module=PERIODIC id=ReadFoupStatus uuid=78 sendCount=1/1 timeout=1000ms crc=30 0C len=8
frame=01 04 00 00 00 09 30 0C
[2026-04-17 09:26:51] [INFO] [接收-帧] 09:26:51.358 设备ID=12039 module=PERIODIC id=ReadFoupStatus uuid=78 len=23
frame=01 04 12 14 6D 09 01 D1 4A E8 E3 83 D5 FC FC 1A 3F 04 46 BE E5 95 3A
[2026-04-17 09:26:52] [INFO] [发送] 09:26:52.356 设备ID=12039 module=PERIODIC id=ReadFoupStatus uuid=78 sendCount=1/1 timeout=1000ms crc=30 0C len=8
frame=01 04 00 00 00 09 30 0C
[2026-04-17 09:26:52] [INFO] [接收-帧] 09:26:52.464 设备ID=12039 module=PERIODIC id=ReadFoupStatus uuid=78 len=23
frame=01 04 12 16 72 21 99 9C B5 A3 56 8B BF E3 6E 58 92 BF EB 4E CA 87 77
[2026-04-17 09:26:53] [INFO] [发送] 09:26:53.535 设备ID=12039 module=PERIODIC id=ReadFoupStatus uuid=78 sendCount=1/1 timeout=1000ms crc=30 0C len=8
frame=01 04 00 00 00 09 30 0C
[2026-04-17 09:26:53] [INFO] [接收-帧] 09:26:53.555 设备ID=12039 module=PERIODIC id=ReadFoupStatus uuid=78 len=23
frame=01 04 12 2F 5A A2 7B C7 8F A0 18 11 19 0A 05 84 FF F1 EF 70 7D B9 CE
[2026-04-17 09:26:54] [INFO] [发送] 09:26:54.592 设备ID=12039 module=PERIODIC id=ReadFoupStatus uuid=78 sendCount=1/1 timeout=1000ms crc=30 0C len=8
frame=01 04 00 00 00 09 30 0C
[2026-04-17 09:26:54] [INFO] [接收-帧] 09:26:54.647 设备ID=12039 module=PERIODIC id=ReadFoupStatus uuid=78 len=23
frame=01 04 12 71 A4 10 3D 50 DD BE BC 3B 5C 8D B4 7D B7 8F CB B9 5B 0A 46
[2026-04-17 09:26:55] [INFO] [发送] 09:26:55.636 设备ID=12039 module=PERIODIC id=ReadFoupStatus uuid=78 sendCount=1/1 timeout=1000ms crc=30 0C len=8
frame=01 04 00 00 00 09 30 0C
[2026-04-17 09:26:55] [INFO] [接收-帧] 09:26:55.737 设备ID=12039 module=PERIODIC id=ReadFoupStatus uuid=78 len=23
frame=01 04 12 32 64 C5 58 07 53 83 A6 A3 AE 2A 15 F2 A6 4C 52 34 A4 A8 BD
[2026-04-17 09:26:56] [INFO] [发送] 09:26:56.737 设备ID=12039 module=PERIODIC id=ReadFoupStatus uuid=78 sendCount=1/1 timeout=1000ms crc=30 0C len=8
frame=01 04 00 00 00 09 30 0C
[2026-04-17 09:26:56] [INFO] [接收-帧] 09:26:56.833 设备ID=12039 module=PERIODIC id=ReadFoupStatus uuid=78 len=23
frame=01 04 12 8D 1B 10 E9 65 58 97 0B 0E 76 4E 01 2A 41 C9 46 E5 EC 1F 6E
[2026-04-17 09:26:57] [INFO] [发送] 09:26:57.820 设备ID=12039 module=PERIODIC id=ReadFoupStatus uuid=78 sendCount=1/1 timeout=1000ms crc=30 0C len=8
frame=01 04 00 00 00 09 30 0C
[2026-04-17 09:26:57] [INFO] [接收-帧] 09:26:57.932 设备ID=12039 module=PERIODIC id=ReadFoupStatus uuid=78 len=23
frame=01 04 12 7E 58 6A FE 34 75 F7 34 86 75 22 7A C1 5A A7 CF 27 31 EA F2
[2026-04-17 09:26:58] [INFO] [发送] 09:26:58.951 设备ID=12039 module=PERIODIC id=ReadFoupStatus uuid=78 sendCount=1/1 timeout=1000ms crc=30 0C len=8
frame=01 04 00 00 00 09 30 0C
[2026-04-17 09:26:59] [INFO] [接收-帧] 09:26:59.016 设备ID=12039 module=PERIODIC id=ReadFoupStatus uuid=78 len=23
frame=01 04 12 7E 27 CB 2B 01 18 85 EC F5 93 A5 49 90 D4 E5 CC 6A CF A4 5D
[2026-04-17 09:27:00] [INFO] [发送] 09:27:00.018 设备ID=12039 module=PERIODIC id=ReadFoupStatus uuid=78 sendCount=1/1 timeout=1000ms crc=30 0C len=8
frame=01 04 00 00 00 09 30 0C
[2026-04-17 09:27:00] [INFO] [接收-帧] 09:27:00.107 设备ID=12039 module=PERIODIC id=ReadFoupStatus uuid=78 len=23
frame=01 04 12 A4 47 2C 00 93 B7 96 18 D1 A9 1F F0 0D 99 5A 5D 66 AC EB 7C
[2026-04-17 09:27:01] [INFO] [发送] 09:27:01.102 设备ID=12039 module=PERIODIC id=ReadFoupStatus uuid=78 sendCount=1/1 timeout=1000ms crc=30 0C len=8
frame=01 04 00 00 00 09 30 0C
[2026-04-17 09:27:01] [INFO] [接收-帧] 09:27:01.205 设备ID=12039 module=PERIODIC id=ReadFoupStatus uuid=78 len=23
frame=01 04 12 2A 4F 55 16 32 63 81 A7 EF 28 36 51 4D 8D 23 0E 05 5A 91 4B
[2026-04-17 09:27:37] [INFO] [发送] 09:27:37.366 设备ID=12039 module=INITIAL id=ReadVersion uuid=77 sendCount=1/4 timeout=1000ms crc=B1 CD len=8
frame=01 04 00 18 00 01 B1 CD
[2026-04-17 09:27:37] [INFO] [接收-帧] 09:27:37.762 设备ID=12039 module=INITIAL id=ReadVersion uuid=77 len=7
frame=01 04 02 00 00 B9 30
[2026-04-17 09:27:37] [INFO] [发送] 09:27:37.762 设备ID=12039 module=PERIODIC id=ReadFoupStatus uuid=78 sendCount=1/1 timeout=1000ms crc=30 0C len=8
frame=01 04 00 00 00 09 30 0C
[2026-04-17 09:27:37] [INFO] [接收-帧] 09:27:37.801 设备ID=12039 module=PERIODIC id=ReadFoupStatus uuid=78 len=23
frame=01 04 12 0F 63 FF 91 80 98 EE 50 6B 0D 2B 74 95 46 28 B0 31 17 5D 15
[2026-04-17 09:27:38] [INFO] [发送] 09:27:38.793 设备ID=12039 module=PERIODIC id=ReadFoupStatus uuid=78 sendCount=1/1 timeout=1000ms crc=30 0C len=8
frame=01 04 00 00 00 09 30 0C
[2026-04-17 09:27:38] [INFO] [接收-帧] 09:27:38.892 设备ID=12039 module=PERIODIC id=ReadFoupStatus uuid=78 len=23
frame=01 04 12 01 7F F6 04 18 46 8A 37 A0 FF 0C 93 7C 4F B9 83 BA C0 CC 94
[2026-04-17 09:27:39] [INFO] [发送] 09:27:39.885 设备ID=12039 module=PERIODIC id=ReadFoupStatus uuid=78 sendCount=1/1 timeout=1000ms crc=30 0C len=8
frame=01 04 00 00 00 09 30 0C
[2026-04-17 09:27:39] [INFO] [接收-帧] 09:27:39.988 设备ID=12039 module=PERIODIC id=ReadFoupStatus uuid=78 len=23
frame=01 04 12 6A 87 E5 4D 39 17 1D 06 0F 19 22 B2 31 B8 F2 25 2B 6D 4E B2
[2026-04-17 09:27:40] [INFO] [发送] 09:27:40.980 设备ID=12039 module=PERIODIC id=ReadFoupStatus uuid=78 sendCount=1/1 timeout=1000ms crc=30 0C len=8
frame=01 04 00 00 00 09 30 0C
[2026-04-17 09:27:41] [INFO] [接收-帧] 09:27:41.087 设备ID=12039 module=PERIODIC id=ReadFoupStatus uuid=78 len=23
frame=01 04 12 2D 4C 44 02 7B C8 64 31 BA 97 91 42 D8 D4 57 3F 9C 88 18 45
[2026-04-17 09:27:42] [INFO] [发送] 09:27:42.104 设备ID=12039 module=PERIODIC id=ReadFoupStatus uuid=78 sendCount=1/1 timeout=1000ms crc=30 0C len=8
frame=01 04 00 00 00 09 30 0C
[2026-04-17 09:27:42] [INFO] [接收-帧] 09:27:42.176 设备ID=12039 module=PERIODIC id=ReadFoupStatus uuid=78 len=23
frame=01 04 12 37 9A 4D 4D C1 E5 99 26 9A 86 BD B9 18 AB 08 EB 20 2F 91 75
[2026-04-17 09:27:43] [INFO] [发送] 09:27:43.174 设备ID=12039 module=PERIODIC id=ReadFoupStatus uuid=78 sendCount=1/1 timeout=1000ms crc=30 0C len=8
frame=01 04 00 00 00 09 30 0C
[2026-04-17 09:27:43] [INFO] [接收-帧] 09:27:43.263 设备ID=12039 module=PERIODIC id=ReadFoupStatus uuid=78 len=23
frame=01 04 12 71 E9 13 D2 EB 64 5A 14 E4 34 BC 9B AA B1 DE C5 BA AE CF 42
[2026-04-17 09:27:44] [INFO] [发送] 09:27:44.271 设备ID=12039 module=PERIODIC id=ReadFoupStatus uuid=78 sendCount=1/1 timeout=1000ms crc=30 0C len=8
frame=01 04 00 00 00 09 30 0C
[2026-04-17 09:27:44] [INFO] [接收-帧] 09:27:44.362 设备ID=12039 module=PERIODIC id=ReadFoupStatus uuid=78 len=23
frame=01 04 12 1B FA 7A 93 0E E6 EA BC EE 7B C1 AB 14 F1 3F AE 89 AD B9 6A
[2026-04-17 09:27:45] [INFO] [发送] 09:27:45.361 设备ID=12039 module=PERIODIC id=ReadFoupStatus uuid=78 sendCount=1/1 timeout=1000ms crc=30 0C len=8
frame=01 04 00 00 00 09 30 0C
[2026-04-17 09:27:45] [INFO] [接收-帧] 09:27:45.454 设备ID=12039 module=PERIODIC id=ReadFoupStatus uuid=78 len=23
frame=01 04 12 21 3B 5C B3 DD 1A 35 76 6A 7D 5C 12 D1 75 68 96 DB 51 66 5E
[2026-04-17 09:27:46] [INFO] [发送] 09:27:46.456 设备ID=12039 module=PERIODIC id=ReadFoupStatus uuid=78 sendCount=1/1 timeout=1000ms crc=30 0C len=8
frame=01 04 00 00 00 09 30 0C
[2026-04-17 09:27:46] [INFO] [接收-帧] 09:27:46.550 设备ID=12039 module=PERIODIC id=ReadFoupStatus uuid=78 len=23
frame=01 04 12 13 93 6B 1B D1 7D 77 87 F4 29 C6 60 16 8D D9 10 85 20 4D 10
[2026-04-17 09:27:47] [INFO] [发送] 09:27:47.554 设备ID=12039 module=PERIODIC id=ReadFoupStatus uuid=78 sendCount=1/1 timeout=1000ms crc=30 0C len=8
frame=01 04 00 00 00 09 30 0C
[2026-04-17 09:27:47] [INFO] [接收-帧] 09:27:47.653 设备ID=12039 module=PERIODIC id=ReadFoupStatus uuid=78 len=23
frame=01 04 12 F5 FB 5D 96 69 F7 78 71 BA AC 34 85 E2 46 CA 93 2B 67 C7 F2
[2026-04-17 09:27:48] [INFO] [发送] 09:27:48.651 设备ID=12039 module=PERIODIC id=ReadFoupStatus uuid=78 sendCount=1/1 timeout=1000ms crc=30 0C len=8
frame=01 04 00 00 00 09 30 0C
[2026-04-17 09:27:48] [INFO] [接收-帧] 09:27:48.739 设备ID=12039 module=PERIODIC id=ReadFoupStatus uuid=78 len=23
frame=01 04 12 36 C1 4F C0 7C BA C3 60 B6 BC 34 04 16 42 2C C7 DA D9 A6 0E
[2026-04-17 09:27:49] [INFO] [发送] 09:27:49.731 设备ID=12039 module=PERIODIC id=ReadFoupStatus uuid=78 sendCount=1/1 timeout=1000ms crc=30 0C len=8
frame=01 04 00 00 00 09 30 0C
[2026-04-17 09:27:49] [INFO] [接收-帧] 09:27:49.829 设备ID=12039 module=PERIODIC id=ReadFoupStatus uuid=78 len=23
frame=01 04 12 76 7F 13 2D 13 59 A7 B6 73 AF 53 DA 00 9F E4 9E 77 F9 AD E2
[2026-04-17 09:27:50] [INFO] [发送] 09:27:50.825 设备ID=12039 module=PERIODIC id=ReadFoupStatus uuid=78 sendCount=1/1 timeout=1000ms crc=30 0C len=8
frame=01 04 00 00 00 09 30 0C
[2026-04-17 09:27:50] [INFO] [接收-帧] 09:27:50.920 设备ID=12039 module=PERIODIC id=ReadFoupStatus uuid=78 len=23
frame=01 04 12 0B 80 A0 2F 70 62 D5 36 B4 A0 CA 8A 72 99 36 2F 13 42 27 5B
[2026-04-17 09:31:34] [INFO] [发送] 09:31:34.091 设备ID=12039 module=INITIAL id=ReadVersion uuid=77 sendCount=1/4 timeout=1000ms crc=B1 CD len=8
frame=01 04 00 18 00 01 B1 CD
[2026-04-17 09:31:34] [INFO] [接收-帧] 09:31:34.322 设备ID=12039 module=INITIAL id=ReadVersion uuid=77 len=7
frame=01 04 02 00 00 B9 30
[2026-04-17 09:31:34] [INFO] [发送] 09:31:34.322 设备ID=12039 module=PERIODIC id=ReadFoupStatus uuid=78 sendCount=1/1 timeout=1000ms crc=30 0C len=8
frame=01 04 00 00 00 09 30 0C
[2026-04-17 09:31:34] [INFO] [接收-帧] 09:31:34.414 设备ID=12039 module=PERIODIC id=ReadFoupStatus uuid=78 len=23
frame=01 04 12 DD 92 0C 38 F2 44 06 0B 48 CD BD 4E 65 F6 37 79 EE 25 4E 17
[2026-04-17 09:31:35] [INFO] [发送] 09:31:35.420 设备ID=12039 module=PERIODIC id=ReadFoupStatus uuid=78 sendCount=1/1 timeout=1000ms crc=30 0C len=8
frame=01 04 00 00 00 09 30 0C
[2026-04-17 09:31:35] [INFO] [接收-帧] 09:31:35.502 设备ID=12039 module=PERIODIC id=ReadFoupStatus uuid=78 len=23
frame=01 04 12 AA B2 28 FD AB 0F D4 02 C1 DC D7 70 00 0E D4 C3 11 7E BA 84
[2026-04-17 09:31:36] [INFO] [发送] 09:31:36.508 设备ID=12039 module=PERIODIC id=ReadFoupStatus uuid=78 sendCount=1/1 timeout=1000ms crc=30 0C len=8
frame=01 04 00 00 00 09 30 0C
[2026-04-17 09:31:36] [INFO] [接收-帧] 09:31:36.597 设备ID=12039 module=PERIODIC id=ReadFoupStatus uuid=78 len=23
frame=01 04 12 05 72 42 DA 3F 67 08 47 8A EE 19 FA 0E 31 4F 39 34 C5 77 9E
[2026-04-17 09:31:37] [INFO] [发送] 09:31:37.590 设备ID=12039 module=PERIODIC id=ReadFoupStatus uuid=78 sendCount=1/1 timeout=1000ms crc=30 0C len=8
frame=01 04 00 00 00 09 30 0C
[2026-04-17 09:31:37] [INFO] [接收-帧] 09:31:37.721 设备ID=12039 module=PERIODIC id=ReadFoupStatus uuid=78 len=23
frame=01 04 12 64 2F AE 94 68 C0 49 19 3E 79 A1 59 04 6A 6B 9B AC E8 36 A7
[2026-04-17 09:31:38] [INFO] [发送] 09:31:38.733 设备ID=12039 module=PERIODIC id=ReadFoupStatus uuid=78 sendCount=1/1 timeout=1000ms crc=30 0C len=8
frame=01 04 00 00 00 09 30 0C
[2026-04-17 09:31:38] [INFO] [接收-帧] 09:31:38.897 设备ID=12039 module=PERIODIC id=ReadFoupStatus uuid=78 len=23
frame=01 04 12 D2 73 FF F4 6A 05 56 D2 13 A3 C0 4D F3 23 A2 52 DE 5E F4 78
[2026-04-17 09:31:39] [INFO] [发送] 09:31:39.885 设备ID=12039 module=PERIODIC id=ReadFoupStatus uuid=78 sendCount=1/1 timeout=1000ms crc=30 0C len=8
frame=01 04 00 00 00 09 30 0C
[2026-04-17 09:31:39] [INFO] [接收-帧] 09:31:39.990 设备ID=12039 module=PERIODIC id=ReadFoupStatus uuid=78 len=23
frame=01 04 12 C2 1E E1 8E F5 50 F4 A2 FE 5C 35 75 5A 6C E8 DB F2 2C 0C B6
[2026-04-17 09:31:40] [INFO] [发送] 09:31:40.979 设备ID=12039 module=PERIODIC id=ReadFoupStatus uuid=78 sendCount=1/1 timeout=1000ms crc=30 0C len=8
frame=01 04 00 00 00 09 30 0C
[2026-04-17 09:31:41] [INFO] [接收-帧] 09:31:41.085 设备ID=12039 module=PERIODIC id=ReadFoupStatus uuid=78 len=23
frame=01 04 12 C8 EB E0 AF 04 73 3A 31 91 78 4C 0C A4 B0 E3 F7 5B 71 C5 8B
[2026-04-17 09:31:42] [INFO] [发送] 09:31:42.073 设备ID=12039 module=PERIODIC id=ReadFoupStatus uuid=78 sendCount=1/1 timeout=1000ms crc=30 0C len=8
frame=01 04 00 00 00 09 30 0C
[2026-04-17 09:31:42] [INFO] [接收-帧] 09:31:42.175 设备ID=12039 module=PERIODIC id=ReadFoupStatus uuid=78 len=23
frame=01 04 12 B9 ED 37 37 0B BB CE 3A F5 01 1C 44 D6 55 63 34 4E C5 7C BB
[2026-04-17 09:31:43] [INFO] [发送] 09:31:43.177 设备ID=12039 module=PERIODIC id=ReadFoupStatus uuid=78 sendCount=1/1 timeout=1000ms crc=30 0C len=8
frame=01 04 00 00 00 09 30 0C
[2026-04-17 09:31:43] [INFO] [接收-帧] 09:31:43.274 设备ID=12039 module=PERIODIC id=ReadFoupStatus uuid=78 len=23
frame=01 04 12 A5 C4 4C 4E 2B E4 4D 42 41 0A DC 5C 3C 3E F5 2A 69 28 D8 B3
[2026-04-17 09:31:44] [INFO] [发送] 09:31:44.278 设备ID=12039 module=PERIODIC id=ReadFoupStatus uuid=78 sendCount=1/1 timeout=1000ms crc=30 0C len=8
frame=01 04 00 00 00 09 30 0C
[2026-04-17 09:31:44] [INFO] [接收-帧] 09:31:44.361 设备ID=12039 module=PERIODIC id=ReadFoupStatus uuid=78 len=23
frame=01 04 12 08 2E 0D AA F0 32 E4 BD E8 CE 41 CF 63 93 D2 EA 50 45 F5 D1
[2026-04-17 09:31:45] [INFO] [发送] 09:31:45.354 设备ID=12039 module=PERIODIC id=ReadFoupStatus uuid=78 sendCount=1/1 timeout=1000ms crc=30 0C len=8
frame=01 04 00 00 00 09 30 0C
[2026-04-17 09:31:45] [INFO] [接收-帧] 09:31:45.458 设备ID=12039 module=PERIODIC id=ReadFoupStatus uuid=78 len=23
frame=01 04 12 BA E2 55 FA 46 FB 5C CB 20 56 2E F4 19 DB 12 E1 A3 EA 11 00
[2026-04-17 09:31:46] [INFO] [发送] 09:31:46.449 设备ID=12039 module=PERIODIC id=ReadFoupStatus uuid=78 sendCount=1/1 timeout=1000ms crc=30 0C len=8
frame=01 04 00 00 00 09 30 0C
[2026-04-17 09:31:46] [INFO] [接收-帧] 09:31:46.553 设备ID=12039 module=PERIODIC id=ReadFoupStatus uuid=78 len=23
frame=01 04 12 A9 D4 9B 53 15 08 28 B7 A1 85 4A 90 CA 7D D0 2C 24 A7 75 18
[2026-04-17 09:31:47] [INFO] [发送] 09:31:47.543 设备ID=12039 module=PERIODIC id=ReadFoupStatus uuid=78 sendCount=1/1 timeout=1000ms crc=30 0C len=8
frame=01 04 00 00 00 09 30 0C
[2026-04-17 09:31:47] [INFO] [接收-帧] 09:31:47.644 设备ID=12039 module=PERIODIC id=ReadFoupStatus uuid=78 len=23
frame=01 04 12 1F 0D 31 2D 1A 62 38 6E 7E 7A CB 74 E2 B9 2A 8F 9F 76 70 47
[2026-04-17 09:31:48] [INFO] [发送] 09:31:48.637 设备ID=12039 module=PERIODIC id=ReadFoupStatus uuid=78 sendCount=1/1 timeout=1000ms crc=30 0C len=8
frame=01 04 00 00 00 09 30 0C
[2026-04-17 09:31:48] [INFO] [接收-帧] 09:31:48.739 设备ID=12039 module=PERIODIC id=ReadFoupStatus uuid=78 len=23
frame=01 04 12 92 BC 50 B1 7E F4 93 4F 9E 99 93 67 F6 65 36 C4 56 16 F2 B3
[2026-04-17 09:31:49] [INFO] [发送] 09:31:49.731 设备ID=12039 module=PERIODIC id=ReadFoupStatus uuid=78 sendCount=1/1 timeout=1000ms crc=30 0C len=8
frame=01 04 00 00 00 09 30 0C
[2026-04-17 09:31:49] [INFO] [接收-帧] 09:31:49.838 设备ID=12039 module=PERIODIC id=ReadFoupStatus uuid=78 len=23
frame=01 04 12 EC D5 80 63 1E 09 4B 9E 0D 70 24 44 52 42 E3 35 8D 3F 15 C8
[2026-04-17 09:31:50] [INFO] [发送] 09:31:50.839 设备ID=12039 module=PERIODIC id=ReadFoupStatus uuid=78 sendCount=1/1 timeout=1000ms crc=30 0C len=8
frame=01 04 00 00 00 09 30 0C
[2026-04-17 09:31:50] [INFO] [接收-帧] 09:31:50.928 设备ID=12039 module=PERIODIC id=ReadFoupStatus uuid=78 len=23
frame=01 04 12 79 8D 40 FD 03 0A 58 7F C6 96 E1 15 DB CA 0F 0F AE EC FA B8
[2026-04-17 09:31:51] [INFO] [发送] 09:31:51.933 设备ID=12039 module=PERIODIC id=ReadFoupStatus uuid=78 sendCount=1/1 timeout=1000ms crc=30 0C len=8
frame=01 04 00 00 00 09 30 0C
[2026-04-17 09:31:52] [INFO] [接收-帧] 09:31:52.023 设备ID=12039 module=PERIODIC id=ReadFoupStatus uuid=78 len=23
frame=01 04 12 02 38 01 38 09 74 68 38 C5 95 16 F3 ED 50 90 A6 12 26 D3 3B
[2026-04-17 09:31:53] [INFO] [发送] 09:31:53.022 设备ID=12039 module=PERIODIC id=ReadFoupStatus uuid=78 sendCount=1/1 timeout=1000ms crc=30 0C len=8
frame=01 04 00 00 00 09 30 0C
[2026-04-17 09:31:53] [INFO] [接收-帧] 09:31:53.115 设备ID=12039 module=PERIODIC id=ReadFoupStatus uuid=78 len=23
frame=01 04 12 21 DC A2 F2 12 F6 E3 C8 14 2B 87 EE 70 6F EA 66 4E 24 D6 A5
[2026-04-17 09:31:54] [INFO] [发送] 09:31:54.106 设备ID=12039 module=PERIODIC id=ReadFoupStatus uuid=78 sendCount=1/1 timeout=1000ms crc=30 0C len=8
frame=01 04 00 00 00 09 30 0C
[2026-04-17 09:31:54] [INFO] [接收-帧] 09:31:54.211 设备ID=12039 module=PERIODIC id=ReadFoupStatus uuid=78 len=23
frame=01 04 12 DD A8 08 5F 8D B6 39 C0 24 6E 2A 83 18 9A 67 B0 E2 FE 88 5D
[2026-04-17 09:31:55] [INFO] [发送] 09:31:55.216 设备ID=12039 module=PERIODIC id=ReadFoupStatus uuid=78 sendCount=1/1 timeout=1000ms crc=30 0C len=8
frame=01 04 00 00 00 09 30 0C
[2026-04-17 09:31:55] [INFO] [接收-帧] 09:31:55.302 设备ID=12039 module=PERIODIC id=ReadFoupStatus uuid=78 len=23
frame=01 04 12 D4 22 3F 9F DF 33 BC E5 71 6D F1 C3 AE C4 5C F7 5F F4 6B A0
[2026-04-17 09:31:56] [INFO] [发送] 09:31:56.293 设备ID=12039 module=PERIODIC id=ReadFoupStatus uuid=78 sendCount=1/1 timeout=1000ms crc=30 0C len=8
frame=01 04 00 00 00 09 30 0C
[2026-04-17 09:31:56] [INFO] [接收-帧] 09:31:56.395 设备ID=12039 module=PERIODIC id=ReadFoupStatus uuid=78 len=23
frame=01 04 12 8D D5 CD 59 6C CE EB 8D 92 39 2D AD 5A E5 17 7D 33 F9 17 12
[2026-04-17 09:31:57] [INFO] [发送] 09:31:57.392 设备ID=12039 module=PERIODIC id=ReadFoupStatus uuid=78 sendCount=1/1 timeout=1000ms crc=30 0C len=8
frame=01 04 00 00 00 09 30 0C
[2026-04-17 09:31:57] [INFO] [接收-帧] 09:31:57.491 设备ID=12039 module=PERIODIC id=ReadFoupStatus uuid=78 len=23
frame=01 04 12 27 C8 58 13 EB 12 6B 0A 80 89 EF 1E 0D 04 A5 78 EF 37 37 A0
[2026-04-17 09:31:58] [INFO] [发送] 09:31:58.480 设备ID=12039 module=PERIODIC id=ReadFoupStatus uuid=78 sendCount=1/1 timeout=1000ms crc=30 0C len=8
frame=01 04 00 00 00 09 30 0C
[2026-04-17 09:31:58] [INFO] [接收-帧] 09:31:58.583 设备ID=12039 module=PERIODIC id=ReadFoupStatus uuid=78 len=23
frame=01 04 12 72 12 F3 99 CD CF 61 6A A2 5E 82 93 69 A2 05 FC C3 59 EB F8
[2026-04-17 09:31:59] [INFO] [发送] 09:31:59.573 设备ID=12039 module=PERIODIC id=ReadFoupStatus uuid=78 sendCount=1/1 timeout=1000ms crc=30 0C len=8
frame=01 04 00 00 00 09 30 0C
[2026-04-17 09:31:59] [INFO] [接收-帧] 09:31:59.675 设备ID=12039 module=PERIODIC id=ReadFoupStatus uuid=78 len=23
frame=01 04 12 CF B8 4B 45 8F 2C 0F B3 31 61 17 72 48 F6 93 7B 68 68 B6 15
[2026-04-17 09:32:00] [INFO] [发送] 09:32:00.671 设备ID=12039 module=PERIODIC id=ReadFoupStatus uuid=78 sendCount=1/1 timeout=1000ms crc=30 0C len=8
frame=01 04 00 00 00 09 30 0C
[2026-04-17 09:32:00] [INFO] [接收-帧] 09:32:00.769 设备ID=12039 module=PERIODIC id=ReadFoupStatus uuid=78 len=23
frame=01 04 12 B8 64 59 04 F3 3A E5 FA 93 59 18 A6 08 DB FA 16 69 78 4D 92
[2026-04-17 09:32:01] [INFO] [发送] 09:32:01.763 设备ID=12039 module=PERIODIC id=ReadFoupStatus uuid=78 sendCount=1/1 timeout=1000ms crc=30 0C len=8
frame=01 04 00 00 00 09 30 0C
[2026-04-17 09:32:01] [INFO] [接收-帧] 09:32:01.869 设备ID=12039 module=PERIODIC id=ReadFoupStatus uuid=78 len=23
frame=01 04 12 58 B3 AC B1 16 AE 72 48 12 F0 D3 C2 48 FD 05 73 71 D6 27 E3
[2026-04-17 09:32:02] [INFO] [发送] 09:32:02.870 设备ID=12039 module=PERIODIC id=ReadFoupStatus uuid=78 sendCount=1/1 timeout=1000ms crc=30 0C len=8
frame=01 04 00 00 00 09 30 0C
[2026-04-17 09:32:02] [INFO] [接收-帧] 09:32:02.962 设备ID=12039 module=PERIODIC id=ReadFoupStatus uuid=78 len=23
frame=01 04 12 BC FC E0 B6 FA E7 8D EB 49 00 FA 1F DD 77 49 AA 93 DE C1 8A
[2026-04-17 09:32:03] [INFO] [发送] 09:32:03.962 设备ID=12039 module=PERIODIC id=ReadFoupStatus uuid=78 sendCount=1/1 timeout=1000ms crc=30 0C len=8
frame=01 04 00 00 00 09 30 0C
[2026-04-17 09:32:04] [INFO] [接收-帧] 09:32:04.057 设备ID=12039 module=PERIODIC id=ReadFoupStatus uuid=78 len=23
frame=01 04 12 E0 62 92 B5 F1 A8 D4 A6 55 7D 9F 74 A7 CA 02 B0 19 05 38 07
