[2026-04-17 09:24:09] [INFO] [发送] 09:24:09.153 设备ID=12016 module=INITIAL id=ReadVersion uuid=31 sendCount=1/4 timeout=1000ms crc=B1 CD len=8
frame=01 04 00 18 00 01 B1 CD
[2026-04-17 09:24:10] [INFO] [发送] 09:24:10.154 设备ID=12016 module=INITIAL id=ReadVersion uuid=31 sendCount=2/4 timeout=1000ms crc=B1 CD len=8
frame=01 04 00 18 00 01 B1 CD
[2026-04-17 09:24:10] [INFO] [接收-帧] 09:24:10.171 设备ID=12016 module=INITIAL id=ReadVersion uuid=31 len=7
frame=01 04 02 00 00 B9 30
[2026-04-17 09:24:10] [INFO] [发送] 09:24:10.171 设备ID=12016 module=PERIODIC id=ReadFoupStatus uuid=32 sendCount=1/1 timeout=1000ms crc=30 0C len=8
frame=01 04 00 00 00 09 30 0C
[2026-04-17 09:24:12] [INFO] [发送] 09:24:12.172 设备ID=12016 module=PERIODIC id=ReadFoupStatus uuid=32 sendCount=1/1 timeout=1000ms crc=30 0C len=8
frame=01 04 00 00 00 09 30 0C
[2026-04-17 09:24:14] [INFO] [发送] 09:24:14.178 设备ID=12016 module=PERIODIC id=ReadFoupStatus uuid=32 sendCount=1/1 timeout=1000ms crc=30 0C len=8
frame=01 04 00 00 00 09 30 0C
[2026-04-17 09:24:16] [INFO] [发送] 09:24:16.174 设备ID=12016 module=PERIODIC id=ReadFoupStatus uuid=32 sendCount=1/1 timeout=1000ms crc=30 0C len=8
frame=01 04 00 00 00 09 30 0C
[2026-04-17 09:24:18] [INFO] [发送] 09:24:18.171 设备ID=12016 module=PERIODIC id=ReadFoupStatus uuid=32 sendCount=1/1 timeout=1000ms crc=30 0C len=8
frame=01 04 00 00 00 09 30 0C
[2026-04-17 09:24:20] [INFO] [发送] 09:24:20.192 设备ID=12016 module=PERIODIC id=ReadFoupStatus uuid=32 sendCount=1/1 timeout=1000ms crc=30 0C len=8
frame=01 04 00 00 00 09 30 0C
[2026-04-17 09:24:22] [INFO] [发送] 09:24:22.191 设备ID=12016 module=PERIODIC id=ReadFoupStatus uuid=32 sendCount=1/1 timeout=1000ms crc=30 0C len=8
frame=01 04 00 00 00 09 30 0C
[2026-04-17 09:24:24] [INFO] [发送] 09:24:24.184 设备ID=12016 module=PERIODIC id=ReadFoupStatus uuid=32 sendCount=1/1 timeout=1000ms crc=30 0C len=8
frame=01 04 00 00 00 09 30 0C
[2026-04-17 09:24:26] [INFO] [发送] 09:24:26.186 设备ID=12016 module=PERIODIC id=ReadFoupStatus uuid=32 sendCount=1/1 timeout=1000ms crc=30 0C len=8
frame=01 04 00 00 00 09 30 0C
[2026-04-17 09:24:28] [INFO] [发送] 09:24:28.183 设备ID=12016 module=PERIODIC id=ReadFoupStatus uuid=32 sendCount=1/1 timeout=1000ms crc=30 0C len=8
frame=01 04 00 00 00 09 30 0C
[2026-04-17 09:24:32] [INFO] [发送] 09:24:32.333 设备ID=12016 module=PERIODIC id=ReadFoupStatus uuid=32 sendCount=1/1 timeout=1000ms crc=30 0C len=8
frame=01 04 00 00 00 09 30 0C
[2026-04-17 09:24:34] [INFO] [发送] 09:24:34.320 设备ID=12016 module=PERIODIC id=ReadFoupStatus uuid=32 sendCount=1/1 timeout=1000ms crc=30 0C len=8
frame=01 04 00 00 00 09 30 0C
[2026-04-17 09:24:36] [INFO] [发送] 09:24:36.323 设备ID=12016 module=PERIODIC id=ReadFoupStatus uuid=32 sendCount=1/1 timeout=1000ms crc=30 0C len=8
frame=01 04 00 00 00 09 30 0C
[2026-04-17 09:24:38] [INFO] [发送] 09:24:38.325 设备ID=12016 module=PERIODIC id=ReadFoupStatus uuid=32 sendCount=1/1 timeout=1000ms crc=30 0C len=8
frame=01 04 00 00 00 09 30 0C
[2026-04-17 09:24:40] [INFO] [发送] 09:24:40.329 设备ID=12016 module=PERIODIC id=ReadFoupStatus uuid=32 sendCount=1/1 timeout=1000ms crc=30 0C len=8
frame=01 04 00 00 00 09 30 0C
[2026-04-17 09:24:42] [INFO] [发送] 09:24:42.327 设备ID=12016 module=PERIODIC id=ReadFoupStatus uuid=32 sendCount=1/1 timeout=1000ms crc=30 0C len=8
frame=01 04 00 00 00 09 30 0C
[2026-04-17 09:24:44] [INFO] [发送] 09:24:44.327 设备ID=12016 module=PERIODIC id=ReadFoupStatus uuid=32 sendCount=1/1 timeout=1000ms crc=30 0C len=8
frame=01 04 00 00 00 09 30 0C
[2026-04-17 09:24:47] [INFO] [发送] 09:24:47.882 设备ID=12016 module=PERIODIC id=ReadFoupStatus uuid=32 sendCount=1/1 timeout=1000ms crc=30 0C len=8
frame=01 04 00 00 00 09 30 0C
[2026-04-17 09:24:47] [INFO] [接收-帧] 09:24:47.982 设备ID=12016 module=PERIODIC id=ReadFoupStatus uuid=32 len=23
frame=01 04 12 B9 54 52 35 FA 12 B0 A5 61 73 9B D4 C8 90 3C 81 7A 4B 06 EF
[2026-04-17 09:24:48] [INFO] [发送] 09:24:48.983 设备ID=12016 module=PERIODIC id=ReadFoupStatus uuid=32 sendCount=1/1 timeout=1000ms crc=30 0C len=8
frame=01 04 00 00 00 09 30 0C
[2026-04-17 09:24:49] [INFO] [接收-帧] 09:24:49.109 设备ID=12016 module=PERIODIC id=ReadFoupStatus uuid=32 len=23
frame=01 04 12 93 B6 6E 86 D0 72 F3 D7 A5 96 96 1E 2A 18 21 C8 65 49 9A 3B
[2026-04-17 09:24:50] [INFO] [发送] 09:24:50.108 设备ID=12016 module=PERIODIC id=ReadFoupStatus uuid=32 sendCount=1/1 timeout=1000ms crc=30 0C len=8
frame=01 04 00 00 00 09 30 0C
[2026-04-17 09:24:50] [INFO] [接收-帧] 09:24:50.180 设备ID=12016 module=PERIODIC id=ReadFoupStatus uuid=32 len=23
frame=01 04 12 4D F9 E8 3E 35 94 4C 0A 3C 2C 25 A0 60 56 CA C9 DC A1 31 78
[2026-04-17 09:24:51] [INFO] [发送] 09:24:51.190 设备ID=12016 module=PERIODIC id=ReadFoupStatus uuid=32 sendCount=1/1 timeout=1000ms crc=30 0C len=8
frame=01 04 00 00 00 09 30 0C
[2026-04-17 09:24:51] [INFO] [接收-帧] 09:24:51.268 设备ID=12016 module=PERIODIC id=ReadFoupStatus uuid=32 len=23
frame=01 04 12 62 9E 17 8E 25 C2 1D 80 A9 35 71 32 3B 6E 89 8B 91 C7 E5 EE
[2026-04-17 09:24:52] [INFO] [发送] 09:24:52.259 设备ID=12016 module=PERIODIC id=ReadFoupStatus uuid=32 sendCount=1/1 timeout=1000ms crc=30 0C len=8
frame=01 04 00 00 00 09 30 0C
[2026-04-17 09:24:52] [INFO] [接收-帧] 09:24:52.356 设备ID=12016 module=PERIODIC id=ReadFoupStatus uuid=32 len=23
frame=01 04 12 DF A9 E1 75 5C 7B 0F 9E 17 6D B9 E3 2E 30 E2 F1 86 9A 61 4A
[2026-04-17 09:24:53] [INFO] [发送] 09:24:53.357 设备ID=12016 module=PERIODIC id=ReadFoupStatus uuid=32 sendCount=1/1 timeout=1000ms crc=30 0C len=8
frame=01 04 00 00 00 09 30 0C
[2026-04-17 09:24:53] [INFO] [接收-帧] 09:24:53.452 设备ID=12016 module=PERIODIC id=ReadFoupStatus uuid=32 len=23
frame=01 04 12 28 26 2B D4 71 C4 BF 47 A3 3F EC B4 95 9D 2D 2A AD 4A E5 5D
[2026-04-17 09:24:54] [INFO] [发送] 09:24:54.456 设备ID=12016 module=PERIODIC id=ReadFoupStatus uuid=32 sendCount=1/1 timeout=1000ms crc=30 0C len=8
frame=01 04 00 00 00 09 30 0C
[2026-04-17 09:24:54] [INFO] [接收-帧] 09:24:54.543 设备ID=12016 module=PERIODIC id=ReadFoupStatus uuid=32 len=23
frame=01 04 12 C8 FA 4D 18 FE 91 3D AD 9A 1B 6F 77 38 10 2D 9F 97 BA 14 3E
[2026-04-17 09:24:55] [INFO] [发送] 09:24:55.544 设备ID=12016 module=PERIODIC id=ReadFoupStatus uuid=32 sendCount=1/1 timeout=1000ms crc=30 0C len=8
frame=01 04 00 00 00 09 30 0C
[2026-04-17 09:24:55] [INFO] [接收-帧] 09:24:55.640 设备ID=12016 module=PERIODIC id=ReadFoupStatus uuid=32 len=23
frame=01 04 12 F8 11 18 2F B6 37 0A 0E CA 4E CD EF 40 33 19 72 D0 0F 25 E9
[2026-04-17 09:24:56] [INFO] [发送] 09:24:56.647 设备ID=12016 module=PERIODIC id=ReadFoupStatus uuid=32 sendCount=1/1 timeout=1000ms crc=30 0C len=8
frame=01 04 00 00 00 09 30 0C
[2026-04-17 09:24:56] [INFO] [接收-帧] 09:24:56.733 设备ID=12016 module=PERIODIC id=ReadFoupStatus uuid=32 len=23
frame=01 04 12 A3 11 12 54 68 E4 A0 55 B2 BC 34 D2 B4 E9 F8 76 6D 2E 97 70
[2026-04-17 09:24:57] [INFO] [发送] 09:24:57.727 设备ID=12016 module=PERIODIC id=ReadFoupStatus uuid=32 sendCount=1/1 timeout=1000ms crc=30 0C len=8
frame=01 04 00 00 00 09 30 0C
[2026-04-17 09:24:57] [INFO] [接收-帧] 09:24:57.830 设备ID=12016 module=PERIODIC id=ReadFoupStatus uuid=32 len=23
frame=01 04 12 57 CB 63 04 E1 22 14 02 6C 6B 37 3D D9 D0 04 08 FB 53 E9 68
[2026-04-17 09:24:58] [INFO] [发送] 09:24:58.835 设备ID=12016 module=PERIODIC id=ReadFoupStatus uuid=32 sendCount=1/1 timeout=1000ms crc=30 0C len=8
frame=01 04 00 00 00 09 30 0C
[2026-04-17 09:24:58] [INFO] [接收-帧] 09:24:58.925 设备ID=12016 module=PERIODIC id=ReadFoupStatus uuid=32 len=23
frame=01 04 12 42 AC 29 D6 40 56 0D E7 0E C5 F5 1B FC 4A 8C 77 34 CD 45 2D
[2026-04-17 09:24:59] [INFO] [发送] 09:24:59.925 设备ID=12016 module=PERIODIC id=ReadFoupStatus uuid=32 sendCount=1/1 timeout=1000ms crc=30 0C len=8
frame=01 04 00 00 00 09 30 0C
[2026-04-17 09:25:00] [INFO] [接收-帧] 09:25:00.015 设备ID=12016 module=PERIODIC id=ReadFoupStatus uuid=32 len=23
frame=01 04 12 EA FC 8A 11 F2 7D 34 63 D9 88 B4 A5 3E 51 9C 39 97 CD 7E 40
[2026-04-17 09:25:01] [INFO] [发送] 09:25:01.010 设备ID=12016 module=PERIODIC id=ReadFoupStatus uuid=32 sendCount=1/1 timeout=1000ms crc=30 0C len=8
frame=01 04 00 00 00 09 30 0C
[2026-04-17 09:25:01] [INFO] [接收-帧] 09:25:01.111 设备ID=12016 module=PERIODIC id=ReadFoupStatus uuid=32 len=23
frame=01 04 12 6F 17 87 51 D4 C9 53 3D EA 3C 69 23 43 C4 55 53 B2 2E B4 A6
[2026-04-17 09:25:02] [INFO] [发送] 09:25:02.104 设备ID=12016 module=PERIODIC id=ReadFoupStatus uuid=32 sendCount=1/1 timeout=1000ms crc=30 0C len=8
frame=01 04 00 00 00 09 30 0C
[2026-04-17 09:25:02] [INFO] [接收-帧] 09:25:02.202 设备ID=12016 module=PERIODIC id=ReadFoupStatus uuid=32 len=23
frame=01 04 12 31 98 E4 0B 35 8B 51 0B FD 97 86 0C 8D DB 7B F7 9C FC DA E1
[2026-04-17 09:25:03] [INFO] [发送] 09:25:03.205 设备ID=12016 module=PERIODIC id=ReadFoupStatus uuid=32 sendCount=1/1 timeout=1000ms crc=30 0C len=8
frame=01 04 00 00 00 09 30 0C
[2026-04-17 09:25:03] [INFO] [接收-帧] 09:25:03.296 设备ID=12016 module=PERIODIC id=ReadFoupStatus uuid=32 len=23
frame=01 04 12 DC 94 8E E8 62 6A F6 E7 D3 15 71 6A 9A F7 34 48 91 04 63 CD
[2026-04-17 09:25:04] [INFO] [发送] 09:25:04.290 设备ID=12016 module=PERIODIC id=ReadFoupStatus uuid=32 sendCount=1/1 timeout=1000ms crc=30 0C len=8
frame=01 04 00 00 00 09 30 0C
[2026-04-17 09:25:04] [INFO] [接收-帧] 09:25:04.392 设备ID=12016 module=PERIODIC id=ReadFoupStatus uuid=32 len=23
frame=01 04 12 AD 1B EA BC 71 3A 7E DB 21 08 C1 7F 5A 07 D8 16 99 53 CF D2
[2026-04-17 09:25:05] [INFO] [发送] 09:25:05.394 设备ID=12016 module=PERIODIC id=ReadFoupStatus uuid=32 sendCount=1/1 timeout=1000ms crc=30 0C len=8
frame=01 04 00 00 00 09 30 0C
[2026-04-17 09:25:05] [INFO] [接收-帧] 09:25:05.488 设备ID=12016 module=PERIODIC id=ReadFoupStatus uuid=32 len=23
frame=01 04 12 63 DE 82 E1 CE 18 A5 2E BA FF FA ED 1A 66 0B 0E 6A F2 B9 49
[2026-04-17 09:25:06] [INFO] [发送] 09:25:06.480 设备ID=12016 module=PERIODIC id=ReadFoupStatus uuid=32 sendCount=1/1 timeout=1000ms crc=30 0C len=8
frame=01 04 00 00 00 09 30 0C
[2026-04-17 09:25:06] [INFO] [接收-帧] 09:25:06.574 设备ID=12016 module=PERIODIC id=ReadFoupStatus uuid=32 len=23
frame=01 04 12 E7 F5 8B 1D EB 89 3F B0 54 E7 34 B7 6C 2B FE 1C 3F 1F 83 CF
[2026-04-17 09:25:07] [INFO] [发送] 09:25:07.579 设备ID=12016 module=PERIODIC id=ReadFoupStatus uuid=32 sendCount=1/1 timeout=1000ms crc=30 0C len=8
frame=01 04 00 00 00 09 30 0C
[2026-04-17 09:25:07] [INFO] [接收-帧] 09:25:07.674 设备ID=12016 module=PERIODIC id=ReadFoupStatus uuid=32 len=23
frame=01 04 12 94 CF 0E 12 8F 45 4F E0 13 08 C4 2B 7C 3E CB 66 E0 40 D2 24
[2026-04-17 09:25:08] [INFO] [发送] 09:25:08.670 设备ID=12016 module=PERIODIC id=ReadFoupStatus uuid=32 sendCount=1/1 timeout=1000ms crc=30 0C len=8
frame=01 04 00 00 00 09 30 0C
[2026-04-17 09:25:08] [INFO] [接收-帧] 09:25:08.766 设备ID=12016 module=PERIODIC id=ReadFoupStatus uuid=32 len=23
frame=01 04 12 C7 D8 B7 00 14 79 67 4F 30 C2 54 CE AA 2A 3F AE 6C 63 E2 3B
[2026-04-17 09:25:09] [INFO] [发送] 09:25:09.764 设备ID=12016 module=PERIODIC id=ReadFoupStatus uuid=32 sendCount=1/1 timeout=1000ms crc=30 0C len=8
frame=01 04 00 00 00 09 30 0C
[2026-04-17 09:25:09] [INFO] [接收-帧] 09:25:09.863 设备ID=12016 module=PERIODIC id=ReadFoupStatus uuid=32 len=23
frame=01 04 12 40 D5 82 3C 15 E2 64 11 6E AC 2B 09 E6 2D BC 06 72 3F 82 DA
[2026-04-17 09:25:10] [INFO] [发送] 09:25:10.852 设备ID=12016 module=PERIODIC id=ReadFoupStatus uuid=32 sendCount=1/1 timeout=1000ms crc=30 0C len=8
frame=01 04 00 00 00 09 30 0C
[2026-04-17 09:25:10] [INFO] [接收-帧] 09:25:10.955 设备ID=12016 module=PERIODIC id=ReadFoupStatus uuid=32 len=23
frame=01 04 12 80 31 EC D2 D0 E5 9F A3 B3 83 8A 30 D6 F2 F3 1A 87 65 ED 7C
[2026-04-17 09:25:11] [INFO] [发送] 09:25:11.949 设备ID=12016 module=PERIODIC id=ReadFoupStatus uuid=32 sendCount=1/1 timeout=1000ms crc=30 0C len=8
frame=01 04 00 00 00 09 30 0C
[2026-04-17 09:25:12] [INFO] [接收-帧] 09:25:12.047 设备ID=12016 module=PERIODIC id=ReadFoupStatus uuid=32 len=23
frame=01 04 12 33 34 5A 1F 3E E3 C5 74 3D 27 71 02 92 02 5E 78 B3 B0 B6 18
[2026-04-17 09:25:13] [INFO] [发送] 09:25:13.048 设备ID=12016 module=PERIODIC id=ReadFoupStatus uuid=32 sendCount=1/1 timeout=1000ms crc=30 0C len=8
frame=01 04 00 00 00 09 30 0C
[2026-04-17 09:25:13] [INFO] [接收-帧] 09:25:13.146 设备ID=12016 module=PERIODIC id=ReadFoupStatus uuid=32 len=23
frame=01 04 12 23 62 D0 9B 5B 81 F8 F1 53 ED 98 5E D5 71 CB 22 7B 8C B6 68
[2026-04-17 09:25:14] [INFO] [发送] 09:25:14.134 设备ID=12016 module=PERIODIC id=ReadFoupStatus uuid=32 sendCount=1/1 timeout=1000ms crc=30 0C len=8
frame=01 04 00 00 00 09 30 0C
[2026-04-17 09:25:14] [INFO] [接收-帧] 09:25:14.234 设备ID=12016 module=PERIODIC id=ReadFoupStatus uuid=32 len=23
frame=01 04 12 53 63 DD 62 0E 5A AD 53 EE DF D8 50 FB 4B 44 AE 11 FC 9F 81
[2026-04-17 09:25:15] [INFO] [发送] 09:25:15.232 设备ID=12016 module=PERIODIC id=ReadFoupStatus uuid=32 sendCount=1/1 timeout=1000ms crc=30 0C len=8
frame=01 04 00 00 00 09 30 0C
[2026-04-17 09:25:15] [INFO] [接收-帧] 09:25:15.330 设备ID=12016 module=PERIODIC id=ReadFoupStatus uuid=32 len=23
frame=01 04 12 A5 1E 28 B6 BB 34 A8 B7 25 C6 1D 56 BF EA D7 83 95 AD 17 95
[2026-04-17 09:25:16] [INFO] [发送] 09:25:16.322 设备ID=12016 module=PERIODIC id=ReadFoupStatus uuid=32 sendCount=1/1 timeout=1000ms crc=30 0C len=8
frame=01 04 00 00 00 09 30 0C
[2026-04-17 09:25:16] [INFO] [接收-帧] 09:25:16.420 设备ID=12016 module=PERIODIC id=ReadFoupStatus uuid=32 len=23
frame=01 04 12 14 05 78 9B FE FA FF 7E 95 88 D6 98 2E 08 BD 69 F1 C6 D4 C9
[2026-04-17 09:25:17] [INFO] [发送] 09:25:17.419 设备ID=12016 module=PERIODIC id=ReadFoupStatus uuid=32 sendCount=1/1 timeout=1000ms crc=30 0C len=8
frame=01 04 00 00 00 09 30 0C
[2026-04-17 09:25:17] [INFO] [接收-帧] 09:25:17.519 设备ID=12016 module=PERIODIC id=ReadFoupStatus uuid=32 len=23
frame=01 04 12 B1 F1 3E 16 95 AE 88 C0 70 9F B3 5F CD 9B E2 29 45 F6 14 F5
[2026-04-17 09:25:18] [INFO] [发送] 09:25:18.516 设备ID=12016 module=PERIODIC id=ReadFoupStatus uuid=32 sendCount=1/1 timeout=1000ms crc=30 0C len=8
frame=01 04 00 00 00 09 30 0C
[2026-04-17 09:25:18] [INFO] [接收-帧] 09:25:18.604 设备ID=12016 module=PERIODIC id=ReadFoupStatus uuid=32 len=23
frame=01 04 12 B1 1A 0C 3D 88 59 C1 F4 F9 C3 C7 24 44 67 50 AF BC 40 8C CD
[2026-04-17 09:25:19] [INFO] [发送] 09:25:19.606 设备ID=12016 module=PERIODIC id=ReadFoupStatus uuid=32 sendCount=1/1 timeout=1000ms crc=30 0C len=8
frame=01 04 00 00 00 09 30 0C
[2026-04-17 09:25:19] [INFO] [接收-帧] 09:25:19.776 设备ID=12016 module=PERIODIC id=ReadFoupStatus uuid=32 len=23
frame=01 04 12 F8 E2 F9 63 6E 6F AA 43 B9 DC B1 A0 11 BB C9 B9 A0 1C 81 31
[2026-04-17 09:25:20] [INFO] [发送] 09:25:20.782 设备ID=12016 module=PERIODIC id=ReadFoupStatus uuid=32 sendCount=1/1 timeout=1000ms crc=30 0C len=8
frame=01 04 00 00 00 09 30 0C
[2026-04-17 09:25:20] [INFO] [接收-帧] 09:25:20.902 设备ID=12016 module=PERIODIC id=ReadFoupStatus uuid=32 len=23
frame=01 04 12 AD FF DC C3 DE F9 56 F1 7E 1D 70 8C D4 D1 75 7D 7E A3 A8 C8
[2026-04-17 09:25:21] [INFO] [发送] 09:25:21.905 设备ID=12016 module=PERIODIC id=ReadFoupStatus uuid=32 sendCount=1/1 timeout=1000ms crc=30 0C len=8
frame=01 04 00 00 00 09 30 0C
[2026-04-17 09:25:22] [INFO] [接收-帧] 09:25:22.002 设备ID=12016 module=PERIODIC id=ReadFoupStatus uuid=32 len=23
frame=01 04 12 F5 CD 95 1D 36 64 89 07 E2 3C 83 C8 84 AA 93 79 42 70 01 F7
[2026-04-17 09:25:22] [INFO] [发送] 09:25:22.995 设备ID=12016 module=PERIODIC id=ReadFoupStatus uuid=32 sendCount=1/1 timeout=1000ms crc=30 0C len=8
frame=01 04 00 00 00 09 30 0C
[2026-04-17 09:25:23] [INFO] [接收-帧] 09:25:23.097 设备ID=12016 module=PERIODIC id=ReadFoupStatus uuid=32 len=23
frame=01 04 12 53 97 A4 C5 59 24 02 B3 18 0E CE B0 18 7E 28 CE AD 5E C1 85
[2026-04-17 09:25:24] [INFO] [发送] 09:25:24.093 设备ID=12016 module=PERIODIC id=ReadFoupStatus uuid=32 sendCount=1/1 timeout=1000ms crc=30 0C len=8
frame=01 04 00 00 00 09 30 0C
[2026-04-17 09:25:24] [INFO] [接收-帧] 09:25:24.192 设备ID=12016 module=PERIODIC id=ReadFoupStatus uuid=32 len=23
frame=01 04 12 AE 89 07 EB D4 33 9E 1C 68 89 75 2D 0B 81 F0 8F 20 4B 5D B8
[2026-04-17 09:25:25] [INFO] [发送] 09:25:25.187 设备ID=12016 module=PERIODIC id=ReadFoupStatus uuid=32 sendCount=1/1 timeout=1000ms crc=30 0C len=8
frame=01 04 00 00 00 09 30 0C
[2026-04-17 09:25:25] [INFO] [接收-帧] 09:25:25.282 设备ID=12016 module=PERIODIC id=ReadFoupStatus uuid=32 len=23
frame=01 04 12 80 59 38 5A AC EF 86 87 69 59 E2 AF CE 3E 88 77 CF 05 90 8E
[2026-04-17 09:25:26] [INFO] [发送] 09:25:26.283 设备ID=12016 module=PERIODIC id=ReadFoupStatus uuid=32 sendCount=1/1 timeout=1000ms crc=30 0C len=8
frame=01 04 00 00 00 09 30 0C
[2026-04-17 09:25:26] [INFO] [接收-帧] 09:25:26.372 设备ID=12016 module=PERIODIC id=ReadFoupStatus uuid=32 len=23
frame=01 04 12 35 D0 F6 25 79 0C 6E 3A E6 C0 03 0F 47 F2 26 8F 06 8B BD 96
[2026-04-17 09:25:27] [INFO] [发送] 09:25:27.371 设备ID=12016 module=PERIODIC id=ReadFoupStatus uuid=32 sendCount=1/1 timeout=1000ms crc=30 0C len=8
frame=01 04 00 00 00 09 30 0C
[2026-04-17 09:25:27] [INFO] [接收-帧] 09:25:27.468 设备ID=12016 module=PERIODIC id=ReadFoupStatus uuid=32 len=23
frame=01 04 12 BB ED C0 B6 D5 30 5D F4 8E 4E 30 6C 91 1D 7F DA 69 29 95 FC
[2026-04-17 09:25:28] [INFO] [发送] 09:25:28.466 设备ID=12016 module=PERIODIC id=ReadFoupStatus uuid=32 sendCount=1/1 timeout=1000ms crc=30 0C len=8
frame=01 04 00 00 00 09 30 0C
[2026-04-17 09:25:28] [INFO] [接收-帧] 09:25:28.563 设备ID=12016 module=PERIODIC id=ReadFoupStatus uuid=32 len=23
frame=01 04 12 21 1A 91 36 12 7F 68 7A C8 10 F6 0A E3 25 F4 6B DA 66 D1 AF
[2026-04-17 09:25:29] [INFO] [发送] 09:25:29.562 设备ID=12016 module=PERIODIC id=ReadFoupStatus uuid=32 sendCount=1/1 timeout=1000ms crc=30 0C len=8
frame=01 04 00 00 00 09 30 0C
[2026-04-17 09:25:29] [INFO] [接收-帧] 09:25:29.656 设备ID=12016 module=PERIODIC id=ReadFoupStatus uuid=32 len=23
frame=01 04 12 29 D1 9E 53 64 A2 95 7A A1 D2 0B 70 58 62 9E A2 80 DD F6 3B
[2026-04-17 09:25:30] [INFO] [发送] 09:25:30.652 设备ID=12016 module=PERIODIC id=ReadFoupStatus uuid=32 sendCount=1/1 timeout=1000ms crc=30 0C len=8
frame=01 04 00 00 00 09 30 0C
[2026-04-17 09:25:30] [INFO] [接收-帧] 09:25:30.752 设备ID=12016 module=PERIODIC id=ReadFoupStatus uuid=32 len=23
frame=01 04 12 B6 83 02 7A 35 2E AF 94 7B CF C1 03 63 16 FD E5 F6 D4 F3 6E
[2026-04-17 09:25:31] [INFO] [发送] 09:25:31.758 设备ID=12016 module=PERIODIC id=ReadFoupStatus uuid=32 sendCount=1/1 timeout=1000ms crc=30 0C len=8
frame=01 04 00 00 00 09 30 0C
[2026-04-17 09:25:31] [INFO] [接收-帧] 09:25:31.838 设备ID=12016 module=PERIODIC id=ReadFoupStatus uuid=32 len=23
frame=01 04 12 6B EB 89 CB F0 DF 21 F2 16 EF 5C 37 E4 4E BB 84 C3 7B B7 21
[2026-04-17 09:25:32] [INFO] [发送] 09:25:32.840 设备ID=12016 module=PERIODIC id=ReadFoupStatus uuid=32 sendCount=1/1 timeout=1000ms crc=30 0C len=8
frame=01 04 00 00 00 09 30 0C
[2026-04-17 09:25:32] [INFO] [接收-帧] 09:25:32.937 设备ID=12016 module=PERIODIC id=ReadFoupStatus uuid=32 len=23
frame=01 04 12 75 66 19 D5 BB 4D CC FD CF 05 B6 16 30 BB 17 38 1C 71 7E 24
[2026-04-17 09:25:33] [INFO] [发送] 09:25:33.934 设备ID=12016 module=PERIODIC id=ReadFoupStatus uuid=32 sendCount=1/1 timeout=1000ms crc=30 0C len=8
frame=01 04 00 00 00 09 30 0C
[2026-04-17 09:25:34] [INFO] [接收-帧] 09:25:34.032 设备ID=12016 module=PERIODIC id=ReadFoupStatus uuid=32 len=23
frame=01 04 12 0B 02 BD AB 01 1F AB 23 BF 5C BC 55 6A E4 9E 6E 8B 78 E7 16
[2026-04-17 09:25:35] [INFO] [发送] 09:25:35.037 设备ID=12016 module=PERIODIC id=ReadFoupStatus uuid=32 sendCount=1/1 timeout=1000ms crc=30 0C len=8
frame=01 04 00 00 00 09 30 0C
[2026-04-17 09:25:35] [INFO] [接收-帧] 09:25:35.128 设备ID=12016 module=PERIODIC id=ReadFoupStatus uuid=32 len=23
frame=01 04 12 BC 0A D8 AD CD 9E D1 82 66 D4 21 B5 B6 0E C9 B8 74 98 B4 EE
[2026-04-17 09:25:36] [INFO] [发送] 09:25:36.126 设备ID=12016 module=PERIODIC id=ReadFoupStatus uuid=32 sendCount=1/1 timeout=1000ms crc=30 0C len=8
frame=01 04 00 00 00 09 30 0C
[2026-04-17 09:25:36] [INFO] [接收-帧] 09:25:36.221 设备ID=12016 module=PERIODIC id=ReadFoupStatus uuid=32 len=23
frame=01 04 12 EA 1F 55 DD 4F 58 F9 59 63 52 6C 31 85 0A 21 64 96 40 FA 45
[2026-04-17 09:25:37] [INFO] [发送] 09:25:37.219 设备ID=12016 module=PERIODIC id=ReadFoupStatus uuid=32 sendCount=1/1 timeout=1000ms crc=30 0C len=8
frame=01 04 00 00 00 09 30 0C
[2026-04-17 09:25:37] [INFO] [接收-帧] 09:25:37.310 设备ID=12016 module=PERIODIC id=ReadFoupStatus uuid=32 len=23
frame=01 04 12 63 1A EF 1E 60 78 3E 93 B8 99 66 7C 5B C1 59 96 D4 AD AC 2C
[2026-04-17 09:25:38] [INFO] [发送] 09:25:38.316 设备ID=12016 module=PERIODIC id=ReadFoupStatus uuid=32 sendCount=1/1 timeout=1000ms crc=30 0C len=8
frame=01 04 00 00 00 09 30 0C
[2026-04-17 09:25:38] [INFO] [接收-帧] 09:25:38.406 设备ID=12016 module=PERIODIC id=ReadFoupStatus uuid=32 len=23
frame=01 04 12 14 B4 35 34 1F 39 9B C8 26 7C 43 D3 AA 50 C8 72 3E CF 05 7E
[2026-04-17 09:25:39] [INFO] [发送] 09:25:39.402 设备ID=12016 module=PERIODIC id=ReadFoupStatus uuid=32 sendCount=1/1 timeout=1000ms crc=30 0C len=8
frame=01 04 00 00 00 09 30 0C
[2026-04-17 09:25:39] [INFO] [接收-帧] 09:25:39.502 设备ID=12016 module=PERIODIC id=ReadFoupStatus uuid=32 len=23
frame=01 04 12 A3 E9 9E E4 0D F1 A2 F9 35 8A 6B 8D 62 FA D8 D3 3F 79 C1 97
[2026-04-17 09:25:40] [INFO] [发送] 09:25:40.503 设备ID=12016 module=PERIODIC id=ReadFoupStatus uuid=32 sendCount=1/1 timeout=1000ms crc=30 0C len=8
frame=01 04 00 00 00 09 30 0C
[2026-04-17 09:25:40] [INFO] [接收-帧] 09:25:40.594 设备ID=12016 module=PERIODIC id=ReadFoupStatus uuid=32 len=23
frame=01 04 12 98 4F 71 5A A5 4A 4D 4C 60 37 4A CF 7A 5B E9 7F 21 A6 2E 35
[2026-04-17 09:25:41] [INFO] [发送] 09:25:41.590 设备ID=12016 module=PERIODIC id=ReadFoupStatus uuid=32 sendCount=1/1 timeout=1000ms crc=30 0C len=8
frame=01 04 00 00 00 09 30 0C
[2026-04-17 09:25:41] [INFO] [接收-帧] 09:25:41.692 设备ID=12016 module=PERIODIC id=ReadFoupStatus uuid=32 len=23
frame=01 04 12 7F 89 D8 68 D9 19 64 B1 76 91 DC C6 F3 68 65 A3 E6 D0 0B B9
[2026-04-17 09:25:42] [INFO] [发送] 09:25:42.682 设备ID=12016 module=PERIODIC id=ReadFoupStatus uuid=32 sendCount=1/1 timeout=1000ms crc=30 0C len=8
frame=01 04 00 00 00 09 30 0C
[2026-04-17 09:25:42] [INFO] [接收-帧] 09:25:42.783 设备ID=12016 module=PERIODIC id=ReadFoupStatus uuid=32 len=23
frame=01 04 12 03 49 CD 9D 28 7A AD 99 7C CA 69 6C DE B6 46 68 7D 4D 83 A5
[2026-04-17 09:25:43] [INFO] [发送] 09:25:43.777 设备ID=12016 module=PERIODIC id=ReadFoupStatus uuid=32 sendCount=1/1 timeout=1000ms crc=30 0C len=8
frame=01 04 00 00 00 09 30 0C
[2026-04-17 09:25:43] [INFO] [接收-帧] 09:25:43.876 设备ID=12016 module=PERIODIC id=ReadFoupStatus uuid=32 len=23
frame=01 04 12 D5 BE EA 91 6E BD 93 6D E3 02 A0 03 E8 A7 7A 95 A0 F1 66 3C
[2026-04-17 09:25:44] [INFO] [发送] 09:25:44.870 设备ID=12016 module=PERIODIC id=ReadFoupStatus uuid=32 sendCount=1/1 timeout=1000ms crc=30 0C len=8
frame=01 04 00 00 00 09 30 0C
[2026-04-17 09:25:44] [INFO] [接收-帧] 09:25:44.970 设备ID=12016 module=PERIODIC id=ReadFoupStatus uuid=32 len=23
frame=01 04 12 26 B3 B4 23 92 4E 3D F0 92 1D 2A 0B 30 AA D3 32 6D 2C 4B 2D
[2026-04-17 09:25:45] [INFO] [发送] 09:25:45.969 设备ID=12016 module=PERIODIC id=ReadFoupStatus uuid=32 sendCount=1/1 timeout=1000ms crc=30 0C len=8
frame=01 04 00 00 00 09 30 0C
[2026-04-17 09:25:46] [INFO] [接收-帧] 09:25:46.063 设备ID=12016 module=PERIODIC id=ReadFoupStatus uuid=32 len=23
frame=01 04 12 CE 29 BC F3 22 AF 5A CB 42 A9 B7 CF 73 A2 07 E2 7A 58 97 28
[2026-04-17 09:25:47] [INFO] [发送] 09:25:47.056 设备ID=12016 module=PERIODIC id=ReadFoupStatus uuid=32 sendCount=1/1 timeout=1000ms crc=30 0C len=8
frame=01 04 00 00 00 09 30 0C
[2026-04-17 09:25:47] [INFO] [接收-帧] 09:25:47.157 设备ID=12016 module=PERIODIC id=ReadFoupStatus uuid=32 len=23
frame=01 04 12 FF EC 4F 1E 64 1A 1B AA E5 79 56 F7 40 46 E6 FD C6 BF 4E 82
[2026-04-17 09:25:48] [INFO] [发送] 09:25:48.160 设备ID=12016 module=PERIODIC id=ReadFoupStatus uuid=32 sendCount=1/1 timeout=1000ms crc=30 0C len=8
frame=01 04 00 00 00 09 30 0C
[2026-04-17 09:25:48] [INFO] [接收-帧] 09:25:48.253 设备ID=12016 module=PERIODIC id=ReadFoupStatus uuid=32 len=23
frame=01 04 12 D9 A1 91 F0 E4 43 71 D6 CC AF CC 0B B8 E9 C4 9E 52 FA A0 2B
[2026-04-17 09:25:49] [INFO] [发送] 09:25:49.251 设备ID=12016 module=PERIODIC id=ReadFoupStatus uuid=32 sendCount=1/1 timeout=1000ms crc=30 0C len=8
frame=01 04 00 00 00 09 30 0C
[2026-04-17 09:25:49] [INFO] [接收-帧] 09:25:49.343 设备ID=12016 module=PERIODIC id=ReadFoupStatus uuid=32 len=23
frame=01 04 12 E4 B6 5A 57 6F EF B4 4E 89 EF F1 42 FF CA 6A A8 0E F9 FA B2
[2026-04-17 09:25:50] [INFO] [发送] 09:25:50.341 设备ID=12016 module=PERIODIC id=ReadFoupStatus uuid=32 sendCount=1/1 timeout=1000ms crc=30 0C len=8
frame=01 04 00 00 00 09 30 0C
[2026-04-17 09:25:50] [INFO] [接收-帧] 09:25:50.439 设备ID=12016 module=PERIODIC id=ReadFoupStatus uuid=32 len=23
frame=01 04 12 8F AB FD 9B A4 66 7A 64 55 7F EE 3B FE 17 DF A3 0F 2A 8A 54
[2026-04-17 09:25:51] [INFO] [发送] 09:25:51.438 设备ID=12016 module=PERIODIC id=ReadFoupStatus uuid=32 sendCount=1/1 timeout=1000ms crc=30 0C len=8
frame=01 04 00 00 00 09 30 0C
[2026-04-17 09:25:51] [INFO] [接收-帧] 09:25:51.535 设备ID=12016 module=PERIODIC id=ReadFoupStatus uuid=32 len=23
frame=01 04 12 9E E5 76 EF 65 5F 8A DA 32 35 9A BE DE 26 13 2A 00 1F 1B 98
[2026-04-17 09:25:52] [INFO] [发送] 09:25:52.524 设备ID=12016 module=PERIODIC id=ReadFoupStatus uuid=32 sendCount=1/1 timeout=1000ms crc=30 0C len=8
frame=01 04 00 00 00 09 30 0C
[2026-04-17 09:25:52] [INFO] [接收-帧] 09:25:52.621 设备ID=12016 module=PERIODIC id=ReadFoupStatus uuid=32 len=23
frame=01 04 12 FC 41 1F 21 10 83 0D 98 B3 DD EA 62 0B 22 76 E7 5D D5 FA E2
[2026-04-17 09:25:53] [INFO] [发送] 09:25:53.619 设备ID=12016 module=PERIODIC id=ReadFoupStatus uuid=32 sendCount=1/1 timeout=1000ms crc=30 0C len=8
frame=01 04 00 00 00 09 30 0C
[2026-04-17 09:25:53] [INFO] [接收-帧] 09:25:53.716 设备ID=12016 module=PERIODIC id=ReadFoupStatus uuid=32 len=23
frame=01 04 12 E6 F2 48 F2 7A 20 21 2E 15 E6 37 C2 F7 8B DC F5 20 84 07 62
[2026-04-17 09:25:54] [INFO] [发送] 09:25:54.720 设备ID=12016 module=PERIODIC id=ReadFoupStatus uuid=32 sendCount=1/1 timeout=1000ms crc=30 0C len=8
frame=01 04 00 00 00 09 30 0C
[2026-04-17 09:25:54] [INFO] [接收-帧] 09:25:54.811 设备ID=12016 module=PERIODIC id=ReadFoupStatus uuid=32 len=23
frame=01 04 12 C5 1B B3 9D 9F 28 3A 51 F8 F8 9D F8 94 D4 A0 46 13 F6 EF BF
[2026-04-17 09:25:55] [INFO] [发送] 09:25:55.807 设备ID=12016 module=PERIODIC id=ReadFoupStatus uuid=32 sendCount=1/1 timeout=1000ms crc=30 0C len=8
frame=01 04 00 00 00 09 30 0C
[2026-04-17 09:25:55] [INFO] [接收-帧] 09:25:55.905 设备ID=12016 module=PERIODIC id=ReadFoupStatus uuid=32 len=23
frame=01 04 12 C3 90 AD 1B 6A 43 52 01 C7 58 31 07 AC 7E 50 F7 F6 2A 61 C2
[2026-04-17 09:25:56] [INFO] [发送] 09:25:56.905 设备ID=12016 module=PERIODIC id=ReadFoupStatus uuid=32 sendCount=1/1 timeout=1000ms crc=30 0C len=8
frame=01 04 00 00 00 09 30 0C
[2026-04-17 09:25:57] [INFO] [接收-帧] 09:25:57.000 设备ID=12016 module=PERIODIC id=ReadFoupStatus uuid=32 len=23
frame=01 04 12 2B 68 B5 EB 57 CE F5 BB D8 65 6D 03 9F DC B8 65 DA AC B4 20
[2026-04-17 09:25:58] [INFO] [发送] 09:25:58.005 设备ID=12016 module=PERIODIC id=ReadFoupStatus uuid=32 sendCount=1/1 timeout=1000ms crc=30 0C len=8
frame=01 04 00 00 00 09 30 0C
[2026-04-17 09:25:58] [INFO] [接收-帧] 09:25:58.094 设备ID=12016 module=PERIODIC id=ReadFoupStatus uuid=32 len=23
frame=01 04 12 41 1B DE 7A 3A 8D 2C 23 93 C7 C6 B6 62 77 2B 60 CC 62 43 00
[2026-04-17 09:25:59] [INFO] [发送] 09:25:59.090 设备ID=12016 module=PERIODIC id=ReadFoupStatus uuid=32 sendCount=1/1 timeout=1000ms crc=30 0C len=8
frame=01 04 00 00 00 09 30 0C
[2026-04-17 09:25:59] [INFO] [接收-帧] 09:25:59.190 设备ID=12016 module=PERIODIC id=ReadFoupStatus uuid=32 len=23
frame=01 04 12 DB 8C 74 47 9F 0D C9 F7 84 48 F2 EA BA A1 A0 CD 63 40 EB 3D
[2026-04-17 09:26:00] [INFO] [发送] 09:26:00.198 设备ID=12016 module=PERIODIC id=ReadFoupStatus uuid=32 sendCount=1/1 timeout=1000ms crc=30 0C len=8
frame=01 04 00 00 00 09 30 0C
[2026-04-17 09:26:00] [INFO] [接收-帧] 09:26:00.280 设备ID=12016 module=PERIODIC id=ReadFoupStatus uuid=32 len=23
frame=01 04 12 A7 E9 A8 D7 C9 0F 70 07 1E 7D AA 97 88 F9 03 2E D2 EA 2B E9
[2026-04-17 09:26:01] [INFO] [发送] 09:26:01.284 设备ID=12016 module=PERIODIC id=ReadFoupStatus uuid=32 sendCount=1/1 timeout=1000ms crc=30 0C len=8
frame=01 04 00 00 00 09 30 0C
[2026-04-17 09:26:01] [INFO] [接收-帧] 09:26:01.379 设备ID=12016 module=PERIODIC id=ReadFoupStatus uuid=32 len=23
frame=01 04 12 8E 44 51 9F 56 13 CE CF E0 88 D6 66 CB DB ED 4C 60 7A B6 73
[2026-04-17 09:26:02] [INFO] [发送] 09:26:02.379 设备ID=12016 module=PERIODIC id=ReadFoupStatus uuid=32 sendCount=1/1 timeout=1000ms crc=30 0C len=8
frame=01 04 00 00 00 09 30 0C
[2026-04-17 09:26:02] [INFO] [接收-帧] 09:26:02.468 设备ID=12016 module=PERIODIC id=ReadFoupStatus uuid=32 len=23
frame=01 04 12 CE F3 00 78 75 58 EC 96 1D 30 E1 54 AD DC 04 0A 11 88 F4 8F
[2026-04-17 09:26:03] [INFO] [发送] 09:26:03.461 设备ID=12016 module=PERIODIC id=ReadFoupStatus uuid=32 sendCount=1/1 timeout=1000ms crc=30 0C len=8
frame=01 04 00 00 00 09 30 0C
[2026-04-17 09:26:03] [INFO] [接收-帧] 09:26:03.561 设备ID=12016 module=PERIODIC id=ReadFoupStatus uuid=32 len=23
frame=01 04 12 69 2D CC B1 13 C1 1A 71 15 8B 77 99 E6 F1 70 12 E4 E6 12 60
[2026-04-17 09:26:04] [INFO] [发送] 09:26:04.573 设备ID=12016 module=PERIODIC id=ReadFoupStatus uuid=32 sendCount=1/1 timeout=1000ms crc=30 0C len=8
frame=01 04 00 00 00 09 30 0C
[2026-04-17 09:26:04] [INFO] [接收-帧] 09:26:04.657 设备ID=12016 module=PERIODIC id=ReadFoupStatus uuid=32 len=23
frame=01 04 12 52 4D 44 BD B0 EA 71 3D 15 69 9E 92 7D B3 22 1D CD 0F DA 71
[2026-04-17 09:26:05] [INFO] [发送] 09:26:05.653 设备ID=12016 module=PERIODIC id=ReadFoupStatus uuid=32 sendCount=1/1 timeout=1000ms crc=30 0C len=8
frame=01 04 00 00 00 09 30 0C
[2026-04-17 09:26:05] [INFO] [接收-帧] 09:26:05.752 设备ID=12016 module=PERIODIC id=ReadFoupStatus uuid=32 len=23
frame=01 04 12 A6 55 46 4A 42 62 B8 02 DA CB 08 79 EC 92 67 8F 32 01 05 D1
[2026-04-17 09:26:06] [INFO] [发送] 09:26:06.754 设备ID=12016 module=PERIODIC id=ReadFoupStatus uuid=32 sendCount=1/1 timeout=1000ms crc=30 0C len=8
frame=01 04 00 00 00 09 30 0C
[2026-04-17 09:26:06] [INFO] [接收-帧] 09:26:06.857 设备ID=12016 module=PERIODIC id=ReadFoupStatus uuid=32 len=23
frame=01 04 12 73 D0 08 28 B4 B8 BC BF 35 B0 0F E2 D7 1C CA CD D6 AA EA 05
[2026-04-17 09:26:07] [INFO] [发送] 09:26:07.859 设备ID=12016 module=PERIODIC id=ReadFoupStatus uuid=32 sendCount=1/1 timeout=1000ms crc=30 0C len=8
frame=01 04 00 00 00 09 30 0C
[2026-04-17 09:26:07] [INFO] [接收-帧] 09:26:07.937 设备ID=12016 module=PERIODIC id=ReadFoupStatus uuid=32 len=23
frame=01 04 12 89 4C B8 32 DE BA 31 EB A3 EB 1E 16 FA 88 A0 3E 55 6C 0D BE
[2026-04-17 09:26:08] [INFO] [发送] 09:26:08.932 设备ID=12016 module=PERIODIC id=ReadFoupStatus uuid=32 sendCount=1/1 timeout=1000ms crc=30 0C len=8
frame=01 04 00 00 00 09 30 0C
[2026-04-17 09:26:09] [INFO] [接收-帧] 09:26:09.034 设备ID=12016 module=PERIODIC id=ReadFoupStatus uuid=32 len=23
frame=01 04 12 90 D4 B7 5F 8C 47 E5 5E C0 33 8E EF C7 82 24 AA 77 F9 E9 6A
[2026-04-17 09:26:10] [INFO] [发送] 09:26:10.025 设备ID=12016 module=PERIODIC id=ReadFoupStatus uuid=32 sendCount=1/1 timeout=1000ms crc=30 0C len=8
frame=01 04 00 00 00 09 30 0C
[2026-04-17 09:26:10] [INFO] [接收-帧] 09:26:10.131 设备ID=12016 module=PERIODIC id=ReadFoupStatus uuid=32 len=23
frame=01 04 12 10 37 64 E4 8B CC F1 A8 D5 01 C3 A0 2A 01 B0 D8 65 B4 64 38
[2026-04-17 09:26:11] [INFO] [发送] 09:26:11.128 设备ID=12016 module=PERIODIC id=ReadFoupStatus uuid=32 sendCount=1/1 timeout=1000ms crc=30 0C len=8
frame=01 04 00 00 00 09 30 0C
[2026-04-17 09:26:11] [INFO] [接收-帧] 09:26:11.217 设备ID=12016 module=PERIODIC id=ReadFoupStatus uuid=32 len=23
frame=01 04 12 11 17 43 96 9C 24 09 32 03 86 95 48 44 B3 2A 39 68 38 88 EC
[2026-04-17 09:26:12] [INFO] [发送] 09:26:12.225 设备ID=12016 module=PERIODIC id=ReadFoupStatus uuid=32 sendCount=1/1 timeout=1000ms crc=30 0C len=8
frame=01 04 00 00 00 09 30 0C
[2026-04-17 09:26:12] [INFO] [接收-帧] 09:26:12.315 设备ID=12016 module=PERIODIC id=ReadFoupStatus uuid=32 len=23
frame=01 04 12 66 A7 45 E1 EA 6C CD CF D4 D6 9C 78 B0 D6 0D 61 E4 D7 F0 70
[2026-04-17 09:26:13] [INFO] [发送] 09:26:13.320 设备ID=12016 module=PERIODIC id=ReadFoupStatus uuid=32 sendCount=1/1 timeout=1000ms crc=30 0C len=8
frame=01 04 00 00 00 09 30 0C
[2026-04-17 09:26:13] [INFO] [接收-帧] 09:26:13.404 设备ID=12016 module=PERIODIC id=ReadFoupStatus uuid=32 len=23
frame=01 04 12 84 0D 8C 8B D9 B9 CB 9B EA 5D 08 B8 D4 DE E7 2D 7C 55 14 ED
[2026-04-17 09:26:14] [INFO] [发送] 09:26:14.416 设备ID=12016 module=PERIODIC id=ReadFoupStatus uuid=32 sendCount=1/1 timeout=1000ms crc=30 0C len=8
frame=01 04 00 00 00 09 30 0C
[2026-04-17 09:26:14] [INFO] [接收-帧] 09:26:14.511 设备ID=12016 module=PERIODIC id=ReadFoupStatus uuid=32 len=23
frame=01 04 12 C3 79 2F AD 42 F2 8F 1D B5 0D BF 54 8B C9 A0 63 80 D8 55 2B
[2026-04-17 09:26:15] [INFO] [发送] 09:26:15.650 设备ID=12016 module=PERIODIC id=ReadFoupStatus uuid=32 sendCount=1/1 timeout=1000ms crc=30 0C len=8
frame=01 04 00 00 00 09 30 0C
[2026-04-17 09:26:15] [INFO] [接收-帧] 09:26:15.733 设备ID=12016 module=PERIODIC id=ReadFoupStatus uuid=32 len=23
frame=01 04 12 6D B0 2D E5 77 7C 22 1B 66 99 2A B4 29 BE 05 BA F2 F4 8F C5
[2026-04-17 09:26:16] [INFO] [发送] 09:26:16.737 设备ID=12016 module=PERIODIC id=ReadFoupStatus uuid=32 sendCount=1/1 timeout=1000ms crc=30 0C len=8
frame=01 04 00 00 00 09 30 0C
[2026-04-17 09:26:16] [INFO] [接收-帧] 09:26:16.801 设备ID=12016 module=PERIODIC id=ReadFoupStatus uuid=32 len=23
frame=01 04 12 AF AF 98 B9 D7 70 B0 23 0B 15 52 D4 E8 14 1E E7 06 40 87 AD
[2026-04-17 09:26:17] [INFO] [发送] 09:26:17.799 设备ID=12016 module=PERIODIC id=ReadFoupStatus uuid=32 sendCount=1/1 timeout=1000ms crc=30 0C len=8
frame=01 04 00 00 00 09 30 0C
[2026-04-17 09:26:17] [INFO] [接收-帧] 09:26:17.954 设备ID=12016 module=PERIODIC id=ReadFoupStatus uuid=32 len=23
frame=01 04 12 EF 6D 3C 95 FF 55 6A 32 C5 0D 97 69 83 82 9C AF 9A 1D CB A8
[2026-04-17 09:26:18] [INFO] [发送] 09:26:18.949 设备ID=12016 module=PERIODIC id=ReadFoupStatus uuid=32 sendCount=1/1 timeout=1000ms crc=30 0C len=8
frame=01 04 00 00 00 09 30 0C
[2026-04-17 09:26:18] [INFO] [接收-帧] 09:26:18.985 设备ID=12016 module=PERIODIC id=ReadFoupStatus uuid=32 len=23
frame=01 04 12 BE 07 CD 16 56 7A 41 80 B1 A3 0F A5 E1 A4 D6 E5 B0 72 A2 CC
[2026-04-17 09:26:19] [INFO] [发送] 09:26:19.978 设备ID=12016 module=PERIODIC id=ReadFoupStatus uuid=32 sendCount=1/1 timeout=1000ms crc=30 0C len=8
frame=01 04 00 00 00 09 30 0C
[2026-04-17 09:26:20] [INFO] [接收-帧] 09:26:20.086 设备ID=12016 module=PERIODIC id=ReadFoupStatus uuid=32 len=23
frame=01 04 12 7E A4 CD 29 91 41 7C 11 41 F7 49 89 D8 2E 06 CB F8 A2 F1 18
[2026-04-17 09:26:21] [INFO] [发送] 09:26:21.095 设备ID=12016 module=PERIODIC id=ReadFoupStatus uuid=32 sendCount=1/1 timeout=1000ms crc=30 0C len=8
frame=01 04 00 00 00 09 30 0C
[2026-04-17 09:26:21] [INFO] [接收-帧] 09:26:21.174 设备ID=12016 module=PERIODIC id=ReadFoupStatus uuid=32 len=23
frame=01 04 12 2A AA E3 59 97 95 5D 18 BA 39 4C B6 9B 70 68 13 57 32 6C 3E
[2026-04-17 09:26:22] [INFO] [发送] 09:26:22.165 设备ID=12016 module=PERIODIC id=ReadFoupStatus uuid=32 sendCount=1/1 timeout=1000ms crc=30 0C len=8
frame=01 04 00 00 00 09 30 0C
[2026-04-17 09:26:22] [INFO] [接收-帧] 09:26:22.719 设备ID=12016 module=PERIODIC id=ReadFoupStatus uuid=32 len=23
frame=01 04 12 6B 3C 4D 48 27 F1 54 81 0B 09 8C 64 AA 34 EC 5B 16 B3 2B 2A
[2026-04-17 09:26:23] [INFO] [发送] 09:26:23.715 设备ID=12016 module=PERIODIC id=ReadFoupStatus uuid=32 sendCount=1/1 timeout=1000ms crc=30 0C len=8
frame=01 04 00 00 00 09 30 0C
[2026-04-17 09:26:23] [INFO] [接收-帧] 09:26:23.801 设备ID=12016 module=PERIODIC id=ReadFoupStatus uuid=32 len=23
frame=01 04 12 32 59 E1 93 8B B7 F8 B2 11 4D C5 11 41 80 FD A3 4A 22 15 B8
[2026-04-17 09:26:24] [INFO] [发送] 09:26:24.802 设备ID=12016 module=PERIODIC id=ReadFoupStatus uuid=32 sendCount=1/1 timeout=1000ms crc=30 0C len=8
frame=01 04 00 00 00 09 30 0C
[2026-04-17 09:26:24] [INFO] [接收-帧] 09:26:24.897 设备ID=12016 module=PERIODIC id=ReadFoupStatus uuid=32 len=23
frame=01 04 12 61 0A 5E 2B 92 35 8B A0 D2 FE 70 87 7B EC 7D 5E F3 0D BC 0E
[2026-04-17 09:26:25] [INFO] [发送] 09:26:25.907 设备ID=12016 module=PERIODIC id=ReadFoupStatus uuid=32 sendCount=1/1 timeout=1000ms crc=30 0C len=8
frame=01 04 00 00 00 09 30 0C
[2026-04-17 09:26:25] [INFO] [接收-帧] 09:26:25.985 设备ID=12016 module=PERIODIC id=ReadFoupStatus uuid=32 len=23
frame=01 04 12 FF 21 F3 EC AD 21 73 6F F9 FA EA E7 DF B6 6A 10 25 96 57 76
[2026-04-17 09:26:27] [INFO] [发送] 09:26:27.169 设备ID=12016 module=PERIODIC id=ReadFoupStatus uuid=32 sendCount=1/1 timeout=1000ms crc=30 0C len=8
frame=01 04 00 00 00 09 30 0C
[2026-04-17 09:26:27] [INFO] [接收-帧] 09:26:27.201 设备ID=12016 module=PERIODIC id=ReadFoupStatus uuid=32 len=23
frame=01 04 12 C5 AF FA 59 3A 70 8A D8 81 64 68 E5 6F 37 02 23 3A 7E 81 C5
[2026-04-17 09:26:28] [INFO] [发送] 09:26:28.227 设备ID=12016 module=PERIODIC id=ReadFoupStatus uuid=32 sendCount=1/1 timeout=1000ms crc=30 0C len=8
frame=01 04 00 00 00 09 30 0C
[2026-04-17 09:26:28] [INFO] [接收-帧] 09:26:28.346 设备ID=12016 module=PERIODIC id=ReadFoupStatus uuid=32 len=23
frame=01 04 12 9C 96 B7 03 03 23 6E FE 38 0F 8F 2D 45 B5 85 46 FA EF 48 21
[2026-04-17 09:26:29] [INFO] [发送] 09:26:29.348 设备ID=12016 module=PERIODIC id=ReadFoupStatus uuid=32 sendCount=1/1 timeout=1000ms crc=30 0C len=8
frame=01 04 00 00 00 09 30 0C
[2026-04-17 09:26:29] [INFO] [接收-帧] 09:26:29.394 设备ID=12016 module=PERIODIC id=ReadFoupStatus uuid=32 len=23
frame=01 04 12 EA 70 70 17 99 3E A6 E4 E7 08 26 57 33 51 73 A6 93 3B 5A C5
[2026-04-17 09:26:30] [INFO] [发送] 09:26:30.387 设备ID=12016 module=PERIODIC id=ReadFoupStatus uuid=32 sendCount=1/1 timeout=1000ms crc=30 0C len=8
frame=01 04 00 00 00 09 30 0C
[2026-04-17 09:26:30] [INFO] [接收-帧] 09:26:30.470 设备ID=12016 module=PERIODIC id=ReadFoupStatus uuid=32 len=23
frame=01 04 12 D6 59 8B 7E 5C 07 50 AC 70 A0 DA 04 0B 7B A9 93 8C CC 65 A2
[2026-04-17 09:26:31] [INFO] [发送] 09:26:31.730 设备ID=12016 module=PERIODIC id=ReadFoupStatus uuid=32 sendCount=1/1 timeout=1000ms crc=30 0C len=8
frame=01 04 00 00 00 09 30 0C
[2026-04-17 09:26:31] [INFO] [接收-帧] 09:26:31.787 设备ID=12016 module=PERIODIC id=ReadFoupStatus uuid=32 len=23
frame=01 04 12 CC 67 FB 53 37 BC D0 DC D9 5E ED 15 1E D0 E7 AE 32 DD 51 E9
[2026-04-17 09:26:32] [INFO] [发送] 09:26:32.779 设备ID=12016 module=PERIODIC id=ReadFoupStatus uuid=32 sendCount=1/1 timeout=1000ms crc=30 0C len=8
frame=01 04 00 00 00 09 30 0C
[2026-04-17 09:26:32] [INFO] [接收-帧] 09:26:32.876 设备ID=12016 module=PERIODIC id=ReadFoupStatus uuid=32 len=23
frame=01 04 12 48 DD 18 79 27 E4 6E EC A8 9C B4 C0 24 F4 BF 75 A3 E8 B3 A3
[2026-04-17 09:26:33] [INFO] [发送] 09:26:33.870 设备ID=12016 module=PERIODIC id=ReadFoupStatus uuid=32 sendCount=1/1 timeout=1000ms crc=30 0C len=8
frame=01 04 00 00 00 09 30 0C
[2026-04-17 09:26:33] [INFO] [接收-帧] 09:26:33.975 设备ID=12016 module=PERIODIC id=ReadFoupStatus uuid=32 len=23
frame=01 04 12 72 FE D8 A5 E6 56 67 68 3F D9 F0 7B 66 5A 9C FA F4 E1 B6 86
[2026-04-17 09:26:34] [INFO] [发送] 09:26:34.961 设备ID=12016 module=PERIODIC id=ReadFoupStatus uuid=32 sendCount=1/1 timeout=1000ms crc=30 0C len=8
frame=01 04 00 00 00 09 30 0C
[2026-04-17 09:26:35] [INFO] [接收-帧] 09:26:35.066 设备ID=12016 module=PERIODIC id=ReadFoupStatus uuid=32 len=23
frame=01 04 12 E2 8A 4A E2 22 A0 8A B4 F5 7A D2 A5 0A DA AD EE D5 14 88 79
[2026-04-17 09:26:36] [INFO] [发送] 09:26:36.064 设备ID=12016 module=PERIODIC id=ReadFoupStatus uuid=32 sendCount=1/1 timeout=1000ms crc=30 0C len=8
frame=01 04 00 00 00 09 30 0C
[2026-04-17 09:26:36] [INFO] [接收-帧] 09:26:36.154 设备ID=12016 module=PERIODIC id=ReadFoupStatus uuid=32 len=23
frame=01 04 12 91 7D 12 A8 78 5F D8 39 A7 04 DC 17 FB 5F 6F E6 9A D3 49 6D
[2026-04-17 09:26:37] [INFO] [发送] 09:26:37.154 设备ID=12016 module=PERIODIC id=ReadFoupStatus uuid=32 sendCount=1/1 timeout=1000ms crc=30 0C len=8
frame=01 04 00 00 00 09 30 0C
[2026-04-17 09:26:37] [INFO] [接收-帧] 09:26:37.248 设备ID=12016 module=PERIODIC id=ReadFoupStatus uuid=32 len=23
frame=01 04 12 8B B2 93 E8 A7 6E 73 BA FD 59 88 93 05 93 6C 44 15 55 B0 80
[2026-04-17 09:26:38] [INFO] [发送] 09:26:38.279 设备ID=12016 module=PERIODIC id=ReadFoupStatus uuid=32 sendCount=1/1 timeout=1000ms crc=30 0C len=8
frame=01 04 00 00 00 09 30 0C
[2026-04-17 09:26:38] [INFO] [接收-帧] 09:26:38.345 设备ID=12016 module=PERIODIC id=ReadFoupStatus uuid=32 len=23
frame=01 04 12 2A 52 70 2C C2 DA 0F 5C 58 D3 88 6C 57 41 A1 69 C3 8A 88 70
[2026-04-17 09:26:39] [INFO] [发送] 09:26:39.347 设备ID=12016 module=PERIODIC id=ReadFoupStatus uuid=32 sendCount=1/1 timeout=1000ms crc=30 0C len=8
frame=01 04 00 00 00 09 30 0C
[2026-04-17 09:26:39] [INFO] [接收-帧] 09:26:39.440 设备ID=12016 module=PERIODIC id=ReadFoupStatus uuid=32 len=23
frame=01 04 12 22 99 A2 F2 9E 14 72 21 6D 44 37 94 A8 76 4E C5 03 8F F4 B4
[2026-04-17 09:26:40] [INFO] [发送] 09:26:40.466 设备ID=12016 module=PERIODIC id=ReadFoupStatus uuid=32 sendCount=1/1 timeout=1000ms crc=30 0C len=8
frame=01 04 00 00 00 09 30 0C
[2026-04-17 09:26:40] [INFO] [接收-帧] 09:26:40.530 设备ID=12016 module=PERIODIC id=ReadFoupStatus uuid=32 len=23
frame=01 04 12 E1 59 CA 59 53 CB 17 37 EB E3 03 9C 2D A3 7C B5 2A 18 7C CB
[2026-04-17 09:26:41] [INFO] [发送] 09:26:41.602 设备ID=12016 module=PERIODIC id=ReadFoupStatus uuid=32 sendCount=1/1 timeout=1000ms crc=30 0C len=8
frame=01 04 00 00 00 09 30 0C
[2026-04-17 09:26:41] [INFO] [接收-帧] 09:26:41.635 设备ID=12016 module=PERIODIC id=ReadFoupStatus uuid=32 len=23
frame=01 04 12 7D 8B 2E F8 84 DC 2E 06 25 2C A1 68 A0 F4 E9 10 9D B9 AA 5B
[2026-04-17 09:26:42] [INFO] [发送] 09:26:42.690 设备ID=12016 module=PERIODIC id=ReadFoupStatus uuid=32 sendCount=1/1 timeout=1000ms crc=30 0C len=8
frame=01 04 00 00 00 09 30 0C
[2026-04-17 09:26:42] [INFO] [接收-帧] 09:26:42.741 设备ID=12016 module=PERIODIC id=ReadFoupStatus uuid=32 len=23
frame=01 04 12 48 4D C0 8A 01 D2 77 12 2D CB AF 4D 3A 15 10 30 B9 AF A7 0E
[2026-04-17 09:26:43] [INFO] [发送] 09:26:43.812 设备ID=12016 module=PERIODIC id=ReadFoupStatus uuid=32 sendCount=1/1 timeout=1000ms crc=30 0C len=8
frame=01 04 00 00 00 09 30 0C
[2026-04-17 09:26:43] [INFO] [接收-帧] 09:26:43.922 设备ID=12016 module=PERIODIC id=ReadFoupStatus uuid=32 len=23
frame=01 04 12 E6 95 C2 25 84 6D BC C8 2C F2 78 3D 51 AF EE 5E D9 06 29 B9
[2026-04-17 09:26:44] [INFO] [发送] 09:26:44.918 设备ID=12016 module=PERIODIC id=ReadFoupStatus uuid=32 sendCount=1/1 timeout=1000ms crc=30 0C len=8
frame=01 04 00 00 00 09 30 0C
[2026-04-17 09:26:45] [INFO] [接收-帧] 09:26:45.017 设备ID=12016 module=PERIODIC id=ReadFoupStatus uuid=32 len=23
frame=01 04 12 74 50 7B 14 49 44 68 A1 8D 78 CB 08 DA 8E 82 54 E9 17 C4 5E
[2026-04-17 09:26:46] [INFO] [发送] 09:26:46.012 设备ID=12016 module=PERIODIC id=ReadFoupStatus uuid=32 sendCount=1/1 timeout=1000ms crc=30 0C len=8
frame=01 04 00 00 00 09 30 0C
[2026-04-17 09:26:46] [INFO] [接收-帧] 09:26:46.112 设备ID=12016 module=PERIODIC id=ReadFoupStatus uuid=32 len=23
frame=01 04 12 7D F9 E3 2C 9E 9F 20 B8 AB 7B 1A 71 D7 2C 50 76 A1 BE C4 63
[2026-04-17 09:26:47] [INFO] [发送] 09:26:47.109 设备ID=12016 module=PERIODIC id=ReadFoupStatus uuid=32 sendCount=1/1 timeout=1000ms crc=30 0C len=8
frame=01 04 00 00 00 09 30 0C
[2026-04-17 09:26:47] [INFO] [接收-帧] 09:26:47.202 设备ID=12016 module=PERIODIC id=ReadFoupStatus uuid=32 len=23
frame=01 04 12 A3 AE 4A 3A 18 7E D3 F1 39 4F B9 97 55 FD 62 2C 4A 61 30 A9
[2026-04-17 09:26:48] [INFO] [发送] 09:26:48.204 设备ID=12016 module=PERIODIC id=ReadFoupStatus uuid=32 sendCount=1/1 timeout=1000ms crc=30 0C len=8
frame=01 04 00 00 00 09 30 0C
[2026-04-17 09:26:48] [INFO] [接收-帧] 09:26:48.300 设备ID=12016 module=PERIODIC id=ReadFoupStatus uuid=32 len=23
frame=01 04 12 3B 65 5B B7 A8 F0 08 24 EF C3 17 FF 9B 1D E6 B3 90 74 5E 4F
[2026-04-17 09:26:49] [INFO] [发送] 09:26:49.297 设备ID=12016 module=PERIODIC id=ReadFoupStatus uuid=32 sendCount=1/1 timeout=1000ms crc=30 0C len=8
frame=01 04 00 00 00 09 30 0C
[2026-04-17 09:26:49] [INFO] [接收-帧] 09:26:49.389 设备ID=12016 module=PERIODIC id=ReadFoupStatus uuid=32 len=23
frame=01 04 12 F6 60 73 4F 7A EB E7 24 43 4B 87 CA DD 39 CB B0 F7 EE E4 B0
[2026-04-17 09:26:50] [INFO] [发送] 09:26:50.397 设备ID=12016 module=PERIODIC id=ReadFoupStatus uuid=32 sendCount=1/1 timeout=1000ms crc=30 0C len=8
frame=01 04 00 00 00 09 30 0C
[2026-04-17 09:26:50] [INFO] [接收-帧] 09:26:50.485 设备ID=12016 module=PERIODIC id=ReadFoupStatus uuid=32 len=23
frame=01 04 12 B3 38 3E 7A AB FA 88 0F CA 04 F5 C1 A8 E4 DF EA E7 EE F9 24
[2026-04-17 09:26:51] [INFO] [发送] 09:26:51.528 设备ID=12016 module=PERIODIC id=ReadFoupStatus uuid=32 sendCount=1/1 timeout=1000ms crc=30 0C len=8
frame=01 04 00 00 00 09 30 0C
[2026-04-17 09:26:51] [INFO] [接收-帧] 09:26:51.580 设备ID=12016 module=PERIODIC id=ReadFoupStatus uuid=32 len=23
frame=01 04 12 F1 15 5C 14 88 B3 33 4F 7C 4B 55 1E 7E BE 79 E7 40 99 C5 92
[2026-04-17 09:26:52] [INFO] [发送] 09:26:52.577 设备ID=12016 module=PERIODIC id=ReadFoupStatus uuid=32 sendCount=1/1 timeout=1000ms crc=30 0C len=8
frame=01 04 00 00 00 09 30 0C
[2026-04-17 09:26:52] [INFO] [接收-帧] 09:26:52.672 设备ID=12016 module=PERIODIC id=ReadFoupStatus uuid=32 len=23
frame=01 04 12 59 04 4D DF 09 B2 A2 2C AD 9F 26 AC 66 AD 32 D4 B2 C8 F8 B4
[2026-04-17 09:26:53] [INFO] [发送] 09:26:53.670 设备ID=12016 module=PERIODIC id=ReadFoupStatus uuid=32 sendCount=1/1 timeout=1000ms crc=30 0C len=8
frame=01 04 00 00 00 09 30 0C
[2026-04-17 09:26:53] [INFO] [接收-帧] 09:26:53.765 设备ID=12016 module=PERIODIC id=ReadFoupStatus uuid=32 len=23
frame=01 04 12 C8 76 DF F3 1D F9 A9 83 02 DF 06 43 41 A5 B5 6E AB A0 19 C2
[2026-04-17 09:26:54] [INFO] [发送] 09:26:54.760 设备ID=12016 module=PERIODIC id=ReadFoupStatus uuid=32 sendCount=1/1 timeout=1000ms crc=30 0C len=8
frame=01 04 00 00 00 09 30 0C
[2026-04-17 09:26:54] [INFO] [接收-帧] 09:26:54.857 设备ID=12016 module=PERIODIC id=ReadFoupStatus uuid=32 len=23
frame=01 04 12 08 49 00 72 88 FC F2 DE 9D 30 D3 53 EE E7 4B 9E 94 C3 B9 A5
[2026-04-17 09:26:55] [INFO] [发送] 09:26:55.855 设备ID=12016 module=PERIODIC id=ReadFoupStatus uuid=32 sendCount=1/1 timeout=1000ms crc=30 0C len=8
frame=01 04 00 00 00 09 30 0C
[2026-04-17 09:26:55] [INFO] [接收-帧] 09:26:55.954 设备ID=12016 module=PERIODIC id=ReadFoupStatus uuid=32 len=23
frame=01 04 12 A9 DC 55 A3 50 D1 A0 6C 9C E4 9A 43 6C 43 54 0F E5 2B BD 3B
[2026-04-17 09:26:56] [INFO] [发送] 09:26:56.957 设备ID=12016 module=PERIODIC id=ReadFoupStatus uuid=32 sendCount=1/1 timeout=1000ms crc=30 0C len=8
frame=01 04 00 00 00 09 30 0C
[2026-04-17 09:26:57] [INFO] [接收-帧] 09:26:57.047 设备ID=12016 module=PERIODIC id=ReadFoupStatus uuid=32 len=23
frame=01 04 12 71 73 7B 67 20 0A E0 62 EE 1B E4 B6 4A BB 6B 24 B1 B1 D3 34
[2026-04-17 09:26:58] [INFO] [发送] 09:26:58.044 设备ID=12016 module=PERIODIC id=ReadFoupStatus uuid=32 sendCount=1/1 timeout=1000ms crc=30 0C len=8
frame=01 04 00 00 00 09 30 0C
[2026-04-17 09:26:58] [INFO] [接收-帧] 09:26:58.141 设备ID=12016 module=PERIODIC id=ReadFoupStatus uuid=32 len=23
frame=01 04 12 EF 6E 70 AA D5 29 F4 2F AD DD 2B F6 BF DE 8B 4A 35 10 B6 6F
[2026-04-17 09:26:59] [INFO] [发送] 09:26:59.134 设备ID=12016 module=PERIODIC id=ReadFoupStatus uuid=32 sendCount=1/1 timeout=1000ms crc=30 0C len=8
frame=01 04 00 00 00 09 30 0C
[2026-04-17 09:26:59] [INFO] [接收-帧] 09:26:59.237 设备ID=12016 module=PERIODIC id=ReadFoupStatus uuid=32 len=23
frame=01 04 12 1B A0 31 8B 45 FC 0B 68 0F 0B AB AA C9 7C 03 BB E3 DE 88 8E
[2026-04-17 09:27:00] [INFO] [发送] 09:27:00.229 设备ID=12016 module=PERIODIC id=ReadFoupStatus uuid=32 sendCount=1/1 timeout=1000ms crc=30 0C len=8
frame=01 04 00 00 00 09 30 0C
[2026-04-17 09:27:00] [INFO] [接收-帧] 09:27:00.324 设备ID=12016 module=PERIODIC id=ReadFoupStatus uuid=32 len=23
frame=01 04 12 3B 87 86 4A 78 CF C0 8F E8 FA B5 E2 1E C7 80 6B 10 3D E2 2E
[2026-04-17 09:27:01] [INFO] [发送] 09:27:01.333 设备ID=12016 module=PERIODIC id=ReadFoupStatus uuid=32 sendCount=1/1 timeout=1000ms crc=30 0C len=8
frame=01 04 00 00 00 09 30 0C
[2026-04-17 09:27:01] [INFO] [接收-帧] 09:27:01.427 设备ID=12016 module=PERIODIC id=ReadFoupStatus uuid=32 len=23
frame=01 04 12 19 A5 20 20 B8 2A 0C 7A 15 B8 28 14 47 A0 50 73 BF 7D 4D 9F
[2026-04-17 09:27:37] [INFO] [发送] 09:27:37.172 设备ID=12016 module=INITIAL id=ReadVersion uuid=31 sendCount=1/4 timeout=1000ms crc=B1 CD len=8
frame=01 04 00 18 00 01 B1 CD
[2026-04-17 09:27:37] [INFO] [接收-帧] 09:27:37.737 设备ID=12016 module=INITIAL id=ReadVersion uuid=31 len=7
frame=01 04 02 00 00 B9 30
[2026-04-17 09:27:37] [INFO] [发送] 09:27:37.738 设备ID=12016 module=PERIODIC id=ReadFoupStatus uuid=32 sendCount=1/1 timeout=1000ms crc=30 0C len=8
frame=01 04 00 00 00 09 30 0C
[2026-04-17 09:27:37] [INFO] [接收-帧] 09:27:37.832 设备ID=12016 module=PERIODIC id=ReadFoupStatus uuid=32 len=23
frame=01 04 12 1C C9 0D E3 1C 27 F2 47 EE EC B5 AD 53 86 CC 21 81 44 39 FB
[2026-04-17 09:27:38] [INFO] [发送] 09:27:38.828 设备ID=12016 module=PERIODIC id=ReadFoupStatus uuid=32 sendCount=1/1 timeout=1000ms crc=30 0C len=8
frame=01 04 00 00 00 09 30 0C
[2026-04-17 09:27:38] [INFO] [接收-帧] 09:27:38.922 设备ID=12016 module=PERIODIC id=ReadFoupStatus uuid=32 len=23
frame=01 04 12 37 1E F2 A8 9E 57 94 D4 CD 5F 60 B2 09 04 3E D3 BD 16 66 86
[2026-04-17 09:27:39] [INFO] [发送] 09:27:39.925 设备ID=12016 module=PERIODIC id=ReadFoupStatus uuid=32 sendCount=1/1 timeout=1000ms crc=30 0C len=8
frame=01 04 00 00 00 09 30 0C
[2026-04-17 09:27:40] [INFO] [接收-帧] 09:27:40.020 设备ID=12016 module=PERIODIC id=ReadFoupStatus uuid=32 len=23
frame=01 04 12 4C EB 11 5B B3 FB 13 7C 79 B1 79 58 E9 26 E6 DD B7 66 7B 3C
[2026-04-17 09:27:41] [INFO] [发送] 09:27:41.009 设备ID=12016 module=PERIODIC id=ReadFoupStatus uuid=32 sendCount=1/1 timeout=1000ms crc=30 0C len=8
frame=01 04 00 00 00 09 30 0C
[2026-04-17 09:27:41] [INFO] [接收-帧] 09:27:41.120 设备ID=12016 module=PERIODIC id=ReadFoupStatus uuid=32 len=23
frame=01 04 12 A2 DE 34 49 68 82 2A 69 FF A4 6B 4B C8 C1 39 D2 4A C5 8F 61
[2026-04-17 09:27:42] [INFO] [发送] 09:27:42.128 设备ID=12016 module=PERIODIC id=ReadFoupStatus uuid=32 sendCount=1/1 timeout=1000ms crc=30 0C len=8
frame=01 04 00 00 00 09 30 0C
[2026-04-17 09:27:42] [INFO] [接收-帧] 09:27:42.206 设备ID=12016 module=PERIODIC id=ReadFoupStatus uuid=32 len=23
frame=01 04 12 77 47 8F 99 33 F9 67 46 FB F4 1F 93 6B 1E 49 4E 82 E8 54 92
[2026-04-17 09:27:43] [INFO] [发送] 09:27:43.198 设备ID=12016 module=PERIODIC id=ReadFoupStatus uuid=32 sendCount=1/1 timeout=1000ms crc=30 0C len=8
frame=01 04 00 00 00 09 30 0C
[2026-04-17 09:27:43] [INFO] [接收-帧] 09:27:43.313 设备ID=12016 module=PERIODIC id=ReadFoupStatus uuid=32 len=23
frame=01 04 12 12 E9 23 4E 12 A2 95 A0 F1 72 E7 A7 9C AD 7C AE 1F F3 83 0F
[2026-04-17 09:27:44] [INFO] [发送] 09:27:44.307 设备ID=12016 module=PERIODIC id=ReadFoupStatus uuid=32 sendCount=1/1 timeout=1000ms crc=30 0C len=8
frame=01 04 00 00 00 09 30 0C
[2026-04-17 09:27:44] [INFO] [接收-帧] 09:27:44.394 设备ID=12016 module=PERIODIC id=ReadFoupStatus uuid=32 len=23
frame=01 04 12 0B 81 23 29 CE 5F 94 BB 30 28 DF 5D 79 92 1E 07 37 3A 43 3C
[2026-04-17 09:27:45] [INFO] [发送] 09:27:45.387 设备ID=12016 module=PERIODIC id=ReadFoupStatus uuid=32 sendCount=1/1 timeout=1000ms crc=30 0C len=8
frame=01 04 00 00 00 09 30 0C
[2026-04-17 09:27:45] [INFO] [接收-帧] 09:27:45.489 设备ID=12016 module=PERIODIC id=ReadFoupStatus uuid=32 len=23
frame=01 04 12 BA 1A 86 68 D3 76 AF E7 31 F9 71 56 D1 E4 C7 60 8D B5 69 9D
[2026-04-17 09:27:46] [INFO] [发送] 09:27:46.485 设备ID=12016 module=PERIODIC id=ReadFoupStatus uuid=32 sendCount=1/1 timeout=1000ms crc=30 0C len=8
frame=01 04 00 00 00 09 30 0C
[2026-04-17 09:27:46] [INFO] [接收-帧] 09:27:46.585 设备ID=12016 module=PERIODIC id=ReadFoupStatus uuid=32 len=23
frame=01 04 12 4B 3B 5F 61 8D F5 73 60 28 90 CD 81 8B 5F 7B 62 32 0D 76 77
[2026-04-17 09:27:47] [INFO] [发送] 09:27:47.593 设备ID=12016 module=PERIODIC id=ReadFoupStatus uuid=32 sendCount=1/1 timeout=1000ms crc=30 0C len=8
frame=01 04 00 00 00 09 30 0C
[2026-04-17 09:27:47] [INFO] [接收-帧] 09:27:47.684 设备ID=12016 module=PERIODIC id=ReadFoupStatus uuid=32 len=23
frame=01 04 12 0E 14 62 33 80 7F 45 D7 39 23 58 78 A4 93 8D F1 C7 5E B0 6F
[2026-04-17 09:27:48] [INFO] [发送] 09:27:48.685 设备ID=12016 module=PERIODIC id=ReadFoupStatus uuid=32 sendCount=1/1 timeout=1000ms crc=30 0C len=8
frame=01 04 00 00 00 09 30 0C
[2026-04-17 09:27:48] [INFO] [接收-帧] 09:27:48.769 设备ID=12016 module=PERIODIC id=ReadFoupStatus uuid=32 len=23
frame=01 04 12 91 55 24 D1 B3 31 39 CC AE 6E B0 74 5D 89 72 51 1C 55 9E 4C
[2026-04-17 09:27:49] [INFO] [发送] 09:27:49.767 设备ID=12016 module=PERIODIC id=ReadFoupStatus uuid=32 sendCount=1/1 timeout=1000ms crc=30 0C len=8
frame=01 04 00 00 00 09 30 0C
[2026-04-17 09:27:49] [INFO] [接收-帧] 09:27:49.862 设备ID=12016 module=PERIODIC id=ReadFoupStatus uuid=32 len=23
frame=01 04 12 63 0E 42 46 A2 EA 61 60 8E 8A EA BB 92 8C DC E7 4A F3 F0 4C
[2026-04-17 09:27:50] [INFO] [发送] 09:27:50.853 设备ID=12016 module=PERIODIC id=ReadFoupStatus uuid=32 sendCount=1/1 timeout=1000ms crc=30 0C len=8
frame=01 04 00 00 00 09 30 0C
[2026-04-17 09:27:50] [INFO] [接收-帧] 09:27:50.958 设备ID=12016 module=PERIODIC id=ReadFoupStatus uuid=32 len=23
frame=01 04 12 DC 40 B4 20 F7 C7 1B C1 DC 4D E8 8E 57 7A DA A8 0E 90 5C 74
[2026-04-17 09:31:33] [INFO] [发送] 09:31:33.990 设备ID=12016 module=INITIAL id=ReadVersion uuid=31 sendCount=1/4 timeout=1000ms crc=B1 CD len=8
frame=01 04 00 18 00 01 B1 CD
[2026-04-17 09:31:34] [INFO] [接收-帧] 09:31:34.318 设备ID=12016 module=INITIAL id=ReadVersion uuid=31 len=7
frame=01 04 02 00 00 B9 30
[2026-04-17 09:31:34] [INFO] [发送] 09:31:34.318 设备ID=12016 module=PERIODIC id=ReadFoupStatus uuid=32 sendCount=1/1 timeout=1000ms crc=30 0C len=8
frame=01 04 00 00 00 09 30 0C
[2026-04-17 09:31:34] [INFO] [接收-帧] 09:31:34.431 设备ID=12016 module=PERIODIC id=ReadFoupStatus uuid=32 len=23
frame=01 04 12 B1 03 E7 AD 49 C7 8B B0 F7 74 A6 9C 99 0D BE 34 54 D2 8B 82
[2026-04-17 09:31:35] [INFO] [发送] 09:31:35.441 设备ID=12016 module=PERIODIC id=ReadFoupStatus uuid=32 sendCount=1/1 timeout=1000ms crc=30 0C len=8
frame=01 04 00 00 00 09 30 0C
[2026-04-17 09:31:35] [INFO] [接收-帧] 09:31:35.523 设备ID=12016 module=PERIODIC id=ReadFoupStatus uuid=32 len=23
frame=01 04 12 19 97 8A 5B F1 E3 EA 0B 8E 6E 17 22 33 BB 33 29 E0 58 31 E6
[2026-04-17 09:31:36] [INFO] [发送] 09:31:36.511 设备ID=12016 module=PERIODIC id=ReadFoupStatus uuid=32 sendCount=1/1 timeout=1000ms crc=30 0C len=8
frame=01 04 00 00 00 09 30 0C
[2026-04-17 09:31:36] [INFO] [接收-帧] 09:31:36.610 设备ID=12016 module=PERIODIC id=ReadFoupStatus uuid=32 len=23
frame=01 04 12 89 5D 51 0E 44 88 FD 97 0E D9 11 C3 3F 90 33 AC 85 14 46 44
[2026-04-17 09:31:37] [INFO] [发送] 09:31:37.602 设备ID=12016 module=PERIODIC id=ReadFoupStatus uuid=32 sendCount=1/1 timeout=1000ms crc=30 0C len=8
frame=01 04 00 00 00 09 30 0C
[2026-04-17 09:31:37] [INFO] [接收-帧] 09:31:37.725 设备ID=12016 module=PERIODIC id=ReadFoupStatus uuid=32 len=23
frame=01 04 12 7C 3E FA 98 AD 2F 2D 1D 33 6A 8E 5F D7 62 CC 71 38 DE 67 DD
[2026-04-17 09:31:38] [INFO] [发送] 09:31:38.725 设备ID=12016 module=PERIODIC id=ReadFoupStatus uuid=32 sendCount=1/1 timeout=1000ms crc=30 0C len=8
frame=01 04 00 00 00 09 30 0C
[2026-04-17 09:31:38] [INFO] [接收-帧] 09:31:38.807 设备ID=12016 module=PERIODIC id=ReadFoupStatus uuid=32 len=23
frame=01 04 12 90 A6 98 F2 BE F8 98 FF 18 C9 10 A3 C8 63 6E 0C 40 90 09 11
[2026-04-17 09:31:39] [INFO] [发送] 09:31:39.813 设备ID=12016 module=PERIODIC id=ReadFoupStatus uuid=32 sendCount=1/1 timeout=1000ms crc=30 0C len=8
frame=01 04 00 00 00 09 30 0C
[2026-04-17 09:31:39] [INFO] [接收-帧] 09:31:39.900 设备ID=12016 module=PERIODIC id=ReadFoupStatus uuid=32 len=23
frame=01 04 12 3B 07 2D 93 4E 74 94 A3 A5 D3 DD B9 93 0C 90 9B 35 48 7B BD
[2026-04-17 09:31:40] [INFO] [发送] 09:31:40.904 设备ID=12016 module=PERIODIC id=ReadFoupStatus uuid=32 sendCount=1/1 timeout=1000ms crc=30 0C len=8
frame=01 04 00 00 00 09 30 0C
[2026-04-17 09:31:40] [INFO] [接收-帧] 09:31:40.991 设备ID=12016 module=PERIODIC id=ReadFoupStatus uuid=32 len=23
frame=01 04 12 6A AA 60 49 2E 68 2D D9 99 36 28 F0 BE F5 32 81 49 E0 7A 5B
[2026-04-17 09:31:41] [INFO] [发送] 09:31:41.986 设备ID=12016 module=PERIODIC id=ReadFoupStatus uuid=32 sendCount=1/1 timeout=1000ms crc=30 0C len=8
frame=01 04 00 00 00 09 30 0C
[2026-04-17 09:31:42] [INFO] [接收-帧] 09:31:42.089 设备ID=12016 module=PERIODIC id=ReadFoupStatus uuid=32 len=23
frame=01 04 12 15 8D 65 A7 84 83 C8 A8 EA 23 CD 85 45 0A 86 AB 7A B8 43 55
[2026-04-17 09:31:43] [INFO] [发送] 09:31:43.092 设备ID=12016 module=PERIODIC id=ReadFoupStatus uuid=32 sendCount=1/1 timeout=1000ms crc=30 0C len=8
frame=01 04 00 00 00 09 30 0C
[2026-04-17 09:31:43] [INFO] [接收-帧] 09:31:43.173 设备ID=12016 module=PERIODIC id=ReadFoupStatus uuid=32 len=23
frame=01 04 12 FB F0 5D F4 3A 1C 52 E7 6E F1 0D 2F D0 76 24 F8 10 E3 46 BC
[2026-04-17 09:31:44] [INFO] [发送] 09:31:44.172 设备ID=12016 module=PERIODIC id=ReadFoupStatus uuid=32 sendCount=1/1 timeout=1000ms crc=30 0C len=8
frame=01 04 00 00 00 09 30 0C
[2026-04-17 09:31:44] [INFO] [接收-帧] 09:31:44.272 设备ID=12016 module=PERIODIC id=ReadFoupStatus uuid=32 len=23
frame=01 04 12 98 F8 A4 2F CE 0D 3B 1D 7C 6C 4B BE 42 2C 88 B1 58 A3 92 DC
[2026-04-17 09:31:45] [INFO] [发送] 09:31:45.259 设备ID=12016 module=PERIODIC id=ReadFoupStatus uuid=32 sendCount=1/1 timeout=1000ms crc=30 0C len=8
frame=01 04 00 00 00 09 30 0C
[2026-04-17 09:31:45] [INFO] [接收-帧] 09:31:45.361 设备ID=12016 module=PERIODIC id=ReadFoupStatus uuid=32 len=23
frame=01 04 12 72 4E 9B 89 00 CF DF FA 3D 1A 20 9A 9D 8D 6C CA 42 F4 0C CC
[2026-04-17 09:31:46] [INFO] [发送] 09:31:46.363 设备ID=12016 module=PERIODIC id=ReadFoupStatus uuid=32 sendCount=1/1 timeout=1000ms crc=30 0C len=8
frame=01 04 00 00 00 09 30 0C
[2026-04-17 09:31:46] [INFO] [接收-帧] 09:31:46.455 设备ID=12016 module=PERIODIC id=ReadFoupStatus uuid=32 len=23
frame=01 04 12 36 A7 B2 95 13 C5 F7 03 A6 A2 5A 36 A8 ED AE 84 D7 37 7A E1
[2026-04-17 09:31:47] [INFO] [发送] 09:31:47.446 设备ID=12016 module=PERIODIC id=ReadFoupStatus uuid=32 sendCount=1/1 timeout=1000ms crc=30 0C len=8
frame=01 04 00 00 00 09 30 0C
[2026-04-17 09:31:47] [INFO] [接收-帧] 09:31:47.552 设备ID=12016 module=PERIODIC id=ReadFoupStatus uuid=32 len=23
frame=01 04 12 2E 49 C6 B8 62 38 C5 BF 46 DE DC B1 61 14 1B 45 29 4D 99 19
[2026-04-17 09:31:48] [INFO] [发送] 09:31:48.544 设备ID=12016 module=PERIODIC id=ReadFoupStatus uuid=32 sendCount=1/1 timeout=1000ms crc=30 0C len=8
frame=01 04 00 00 00 09 30 0C
[2026-04-17 09:31:48] [INFO] [接收-帧] 09:31:48.647 设备ID=12016 module=PERIODIC id=ReadFoupStatus uuid=32 len=23
frame=01 04 12 57 10 67 93 2F 70 C2 16 8F 35 B7 15 45 45 66 38 8C 0E 99 33
[2026-04-17 09:31:49] [INFO] [发送] 09:31:49.635 设备ID=12016 module=PERIODIC id=ReadFoupStatus uuid=32 sendCount=1/1 timeout=1000ms crc=30 0C len=8
frame=01 04 00 00 00 09 30 0C
[2026-04-17 09:31:49] [INFO] [接收-帧] 09:31:49.744 设备ID=12016 module=PERIODIC id=ReadFoupStatus uuid=32 len=23
frame=01 04 12 C7 C0 55 6D 70 4A CC A1 82 3E 51 17 0C CF C9 7B 3F 1B 1D C7
[2026-04-17 09:31:50] [INFO] [发送] 09:31:50.750 设备ID=12016 module=PERIODIC id=ReadFoupStatus uuid=32 sendCount=1/1 timeout=1000ms crc=30 0C len=8
frame=01 04 00 00 00 09 30 0C
[2026-04-17 09:31:50] [INFO] [接收-帧] 09:31:50.837 设备ID=12016 module=PERIODIC id=ReadFoupStatus uuid=32 len=23
frame=01 04 12 2F 05 16 97 B0 F9 EB B8 D4 EB BC B8 B0 BD 18 70 F5 C6 B8 86
[2026-04-17 09:31:51] [INFO] [发送] 09:31:51.850 设备ID=12016 module=PERIODIC id=ReadFoupStatus uuid=32 sendCount=1/1 timeout=1000ms crc=30 0C len=8
frame=01 04 00 00 00 09 30 0C
[2026-04-17 09:31:51] [INFO] [接收-帧] 09:31:51.928 设备ID=12016 module=PERIODIC id=ReadFoupStatus uuid=32 len=23
frame=01 04 12 29 1F 5E 80 1E E3 0D 72 1D 99 EC 45 FA 56 49 BD 60 6E 89 5B
[2026-04-17 09:31:52] [INFO] [发送] 09:31:52.914 设备ID=12016 module=PERIODIC id=ReadFoupStatus uuid=32 sendCount=1/1 timeout=1000ms crc=30 0C len=8
frame=01 04 00 00 00 09 30 0C
[2026-04-17 09:31:53] [INFO] [接收-帧] 09:31:53.030 设备ID=12016 module=PERIODIC id=ReadFoupStatus uuid=32 len=23
frame=01 04 12 70 F6 03 F3 09 43 6D 72 D8 63 97 5E 5D 34 B2 08 1F C2 6A 84
[2026-04-17 09:31:54] [INFO] [发送] 09:31:54.033 设备ID=12016 module=PERIODIC id=ReadFoupStatus uuid=32 sendCount=1/1 timeout=1000ms crc=30 0C len=8
frame=01 04 00 00 00 09 30 0C
[2026-04-17 09:31:54] [INFO] [接收-帧] 09:31:54.124 设备ID=12016 module=PERIODIC id=ReadFoupStatus uuid=32 len=23
frame=01 04 12 19 30 EA 2A EF DC 34 23 D6 16 46 68 7E 7E 58 9F 54 53 24 85
[2026-04-17 09:31:55] [INFO] [发送] 09:31:55.121 设备ID=12016 module=PERIODIC id=ReadFoupStatus uuid=32 sendCount=1/1 timeout=1000ms crc=30 0C len=8
frame=01 04 00 00 00 09 30 0C
[2026-04-17 09:31:55] [INFO] [接收-帧] 09:31:55.214 设备ID=12016 module=PERIODIC id=ReadFoupStatus uuid=32 len=23
frame=01 04 12 62 48 17 05 8C 94 A0 A5 3F DA 3F 84 31 E1 14 75 F9 AC AC 28
[2026-04-17 09:31:56] [INFO] [发送] 09:31:56.218 设备ID=12016 module=PERIODIC id=ReadFoupStatus uuid=32 sendCount=1/1 timeout=1000ms crc=30 0C len=8
frame=01 04 00 00 00 09 30 0C
[2026-04-17 09:31:56] [INFO] [接收-帧] 09:31:56.304 设备ID=12016 module=PERIODIC id=ReadFoupStatus uuid=32 len=23
frame=01 04 12 E5 03 E6 12 A7 B3 24 7B 67 E5 CA DF 5D 93 DC F6 FD F8 DF 2B
[2026-04-17 09:31:57] [INFO] [发送] 09:31:57.309 设备ID=12016 module=PERIODIC id=ReadFoupStatus uuid=32 sendCount=1/1 timeout=1000ms crc=30 0C len=8
frame=01 04 00 00 00 09 30 0C
[2026-04-17 09:31:57] [INFO] [接收-帧] 09:31:57.397 设备ID=12016 module=PERIODIC id=ReadFoupStatus uuid=32 len=23
frame=01 04 12 4F 79 66 17 F8 82 44 63 63 73 8E FB 63 D8 E8 58 A2 07 8A 04
[2026-04-17 09:31:58] [INFO] [发送] 09:31:58.386 设备ID=12016 module=PERIODIC id=ReadFoupStatus uuid=32 sendCount=1/1 timeout=1000ms crc=30 0C len=8
frame=01 04 00 00 00 09 30 0C
[2026-04-17 09:31:58] [INFO] [接收-帧] 09:31:58.488 设备ID=12016 module=PERIODIC id=ReadFoupStatus uuid=32 len=23
frame=01 04 12 BF 69 44 9B 0D CF 2A 3F 11 AC A7 01 3C 29 E7 13 53 D6 8F 4D
[2026-04-17 09:31:59] [INFO] [发送] 09:31:59.480 设备ID=12016 module=PERIODIC id=ReadFoupStatus uuid=32 sendCount=1/1 timeout=1000ms crc=30 0C len=8
frame=01 04 00 00 00 09 30 0C
[2026-04-17 09:31:59] [INFO] [接收-帧] 09:31:59.580 设备ID=12016 module=PERIODIC id=ReadFoupStatus uuid=32 len=23
frame=01 04 12 14 B1 00 8A 01 89 EA 9B 39 82 1B 0C 78 5B B0 97 54 E6 EF C2
[2026-04-17 09:32:00] [INFO] [发送] 09:32:00.577 设备ID=12016 module=PERIODIC id=ReadFoupStatus uuid=32 sendCount=1/1 timeout=1000ms crc=30 0C len=8
frame=01 04 00 00 00 09 30 0C
[2026-04-17 09:32:00] [INFO] [接收-帧] 09:32:00.680 设备ID=12016 module=PERIODIC id=ReadFoupStatus uuid=32 len=23
frame=01 04 12 09 01 80 8F 10 62 4F 63 A8 D0 7C E6 BC 32 D2 86 1E C0 70 E8
[2026-04-17 09:32:01] [INFO] [发送] 09:32:01.687 设备ID=12016 module=PERIODIC id=ReadFoupStatus uuid=32 sendCount=1/1 timeout=1000ms crc=30 0C len=8
frame=01 04 00 00 00 09 30 0C
[2026-04-17 09:32:01] [INFO] [接收-帧] 09:32:01.773 设备ID=12016 module=PERIODIC id=ReadFoupStatus uuid=32 len=23
frame=01 04 12 D7 58 4D A4 14 5C 7B 20 6C 37 A7 F6 A8 9B 17 42 0E 76 DE AB
[2026-04-17 09:32:02] [INFO] [发送] 09:32:02.782 设备ID=12016 module=PERIODIC id=ReadFoupStatus uuid=32 sendCount=1/1 timeout=1000ms crc=30 0C len=8
frame=01 04 00 00 00 09 30 0C
[2026-04-17 09:32:02] [INFO] [接收-帧] 09:32:02.867 设备ID=12016 module=PERIODIC id=ReadFoupStatus uuid=32 len=23
frame=01 04 12 94 A3 AF 81 BA B7 32 FD 15 E1 DB 82 FE 91 C7 EE 4D 24 EB 0C
[2026-04-17 09:32:03] [INFO] [发送] 09:32:03.875 设备ID=12016 module=PERIODIC id=ReadFoupStatus uuid=32 sendCount=1/1 timeout=1000ms crc=30 0C len=8
frame=01 04 00 00 00 09 30 0C
[2026-04-17 09:32:03] [INFO] [接收-帧] 09:32:03.961 设备ID=12016 module=PERIODIC id=ReadFoupStatus uuid=32 len=23
frame=01 04 12 34 BF 35 8D 16 00 26 39 EF A7 52 B7 A1 FC 23 87 2B 87 99 25
