[2026-04-17 09:24:09] [INFO] [发送] 09:24:09.503 设备ID=12066 module=INITIAL id=ReadVersion uuid=131 sendCount=1/4 timeout=1000ms crc=B1 CD len=8
frame=01 04 00 18 00 01 B1 CD
[2026-04-17 09:24:10] [INFO] [接收-帧] 09:24:10.174 设备ID=12066 module=INITIAL id=ReadVersion uuid=131 len=7
frame=01 04 02 00 00 B9 30
[2026-04-17 09:24:10] [INFO] [发送] 09:24:10.174 设备ID=12066 module=PERIODIC id=ReadFoupStatus uuid=132 sendCount=1/1 timeout=1000ms crc=30 0C len=8
frame=01 04 00 00 00 09 30 0C
[2026-04-17 09:24:12] [INFO] [发送] 09:24:12.173 设备ID=12066 module=PERIODIC id=ReadFoupStatus uuid=132 sendCount=1/1 timeout=1000ms crc=30 0C len=8
frame=01 04 00 00 00 09 30 0C
[2026-04-17 09:24:14] [INFO] [发送] 09:24:14.182 设备ID=12066 module=PERIODIC id=ReadFoupStatus uuid=132 sendCount=1/1 timeout=1000ms crc=30 0C len=8
frame=01 04 00 00 00 09 30 0C
[2026-04-17 09:24:16] [INFO] [发送] 09:24:16.200 设备ID=12066 module=PERIODIC id=ReadFoupStatus uuid=132 sendCount=1/1 timeout=1000ms crc=30 0C len=8
frame=01 04 00 00 00 09 30 0C
[2026-04-17 09:24:18] [INFO] [发送] 09:24:18.201 设备ID=12066 module=PERIODIC id=ReadFoupStatus uuid=132 sendCount=1/1 timeout=1000ms crc=30 0C len=8
frame=01 04 00 00 00 09 30 0C
[2026-04-17 09:24:20] [INFO] [发送] 09:24:20.204 设备ID=12066 module=PERIODIC id=ReadFoupStatus uuid=132 sendCount=1/1 timeout=1000ms crc=30 0C len=8
frame=01 04 00 00 00 09 30 0C
[2026-04-17 09:24:22] [INFO] [发送] 09:24:22.198 设备ID=12066 module=PERIODIC id=ReadFoupStatus uuid=132 sendCount=1/1 timeout=1000ms crc=30 0C len=8
frame=01 04 00 00 00 09 30 0C
[2026-04-17 09:24:24] [INFO] [发送] 09:24:24.200 设备ID=12066 module=PERIODIC id=ReadFoupStatus uuid=132 sendCount=1/1 timeout=1000ms crc=30 0C len=8
frame=01 04 00 00 00 09 30 0C
[2026-04-17 09:24:26] [INFO] [发送] 09:24:26.202 设备ID=12066 module=PERIODIC id=ReadFoupStatus uuid=132 sendCount=1/1 timeout=1000ms crc=30 0C len=8
frame=01 04 00 00 00 09 30 0C
[2026-04-17 09:24:28] [INFO] [发送] 09:24:28.216 设备ID=12066 module=PERIODIC id=ReadFoupStatus uuid=132 sendCount=1/1 timeout=1000ms crc=30 0C len=8
frame=01 04 00 00 00 09 30 0C
[2026-04-17 09:24:32] [INFO] [发送] 09:24:32.365 设备ID=12066 module=PERIODIC id=ReadFoupStatus uuid=132 sendCount=1/1 timeout=1000ms crc=30 0C len=8
frame=01 04 00 00 00 09 30 0C
[2026-04-17 09:24:34] [INFO] [发送] 09:24:34.366 设备ID=12066 module=PERIODIC id=ReadFoupStatus uuid=132 sendCount=1/1 timeout=1000ms crc=30 0C len=8
frame=01 04 00 00 00 09 30 0C
[2026-04-17 09:24:36] [INFO] [发送] 09:24:36.356 设备ID=12066 module=PERIODIC id=ReadFoupStatus uuid=132 sendCount=1/1 timeout=1000ms crc=30 0C len=8
frame=01 04 00 00 00 09 30 0C
[2026-04-17 09:24:38] [INFO] [发送] 09:24:38.355 设备ID=12066 module=PERIODIC id=ReadFoupStatus uuid=132 sendCount=1/1 timeout=1000ms crc=30 0C len=8
frame=01 04 00 00 00 09 30 0C
[2026-04-17 09:24:40] [INFO] [发送] 09:24:40.362 设备ID=12066 module=PERIODIC id=ReadFoupStatus uuid=132 sendCount=1/1 timeout=1000ms crc=30 0C len=8
frame=01 04 00 00 00 09 30 0C
[2026-04-17 09:24:42] [INFO] [发送] 09:24:42.352 设备ID=12066 module=PERIODIC id=ReadFoupStatus uuid=132 sendCount=1/1 timeout=1000ms crc=30 0C len=8
frame=01 04 00 00 00 09 30 0C
[2026-04-17 09:24:44] [INFO] [发送] 09:24:44.364 设备ID=12066 module=PERIODIC id=ReadFoupStatus uuid=132 sendCount=1/1 timeout=1000ms crc=30 0C len=8
frame=01 04 00 00 00 09 30 0C
[2026-04-17 09:24:48] [INFO] [发送] 09:24:48.224 设备ID=12066 module=PERIODIC id=ReadFoupStatus uuid=132 sendCount=1/1 timeout=1000ms crc=30 0C len=8
frame=01 04 00 00 00 09 30 0C
[2026-04-17 09:24:48] [INFO] [接收-帧] 09:24:48.330 设备ID=12066 module=PERIODIC id=ReadFoupStatus uuid=132 len=23
frame=01 04 12 4F BE 43 08 B3 25 AD 30 10 F8 3A 1A 1F FC 1D 79 D7 8F 98 10
[2026-04-17 09:24:49] [INFO] [发送] 09:24:49.322 设备ID=12066 module=PERIODIC id=ReadFoupStatus uuid=132 sendCount=1/1 timeout=1000ms crc=30 0C len=8
frame=01 04 00 00 00 09 30 0C
[2026-04-17 09:24:49] [INFO] [接收-帧] 09:24:49.422 设备ID=12066 module=PERIODIC id=ReadFoupStatus uuid=132 len=23
frame=01 04 12 EA FA 94 E6 80 F8 88 A0 15 41 69 05 3C C7 E3 05 7D 28 0E 85
[2026-04-17 09:24:50] [INFO] [发送] 09:24:50.418 设备ID=12066 module=PERIODIC id=ReadFoupStatus uuid=132 sendCount=1/1 timeout=1000ms crc=30 0C len=8
frame=01 04 00 00 00 09 30 0C
[2026-04-17 09:24:50] [INFO] [接收-帧] 09:24:50.516 设备ID=12066 module=PERIODIC id=ReadFoupStatus uuid=132 len=23
frame=01 04 12 09 46 53 E0 C6 27 EA 68 DE 45 BE 9A 4F 06 35 3A 30 44 40 CE
[2026-04-17 09:24:51] [INFO] [发送] 09:24:51.516 设备ID=12066 module=PERIODIC id=ReadFoupStatus uuid=132 sendCount=1/1 timeout=1000ms crc=30 0C len=8
frame=01 04 00 00 00 09 30 0C
[2026-04-17 09:24:51] [INFO] [接收-帧] 09:24:51.611 设备ID=12066 module=PERIODIC id=ReadFoupStatus uuid=132 len=23
frame=01 04 12 EC B8 37 14 61 BD 61 24 4F 57 CB BB 0E 01 26 76 40 7E C4 51
[2026-04-17 09:24:52] [INFO] [发送] 09:24:52.604 设备ID=12066 module=PERIODIC id=ReadFoupStatus uuid=132 sendCount=1/1 timeout=1000ms crc=30 0C len=8
frame=01 04 00 00 00 09 30 0C
[2026-04-17 09:24:52] [INFO] [接收-帧] 09:24:52.701 设备ID=12066 module=PERIODIC id=ReadFoupStatus uuid=132 len=23
frame=01 04 12 0C EF FC D3 F9 F6 FA C9 AF C4 55 B5 4D 46 DF F9 5D 03 73 EE
[2026-04-17 09:24:53] [INFO] [发送] 09:24:53.702 设备ID=12066 module=PERIODIC id=ReadFoupStatus uuid=132 sendCount=1/1 timeout=1000ms crc=30 0C len=8
frame=01 04 00 00 00 09 30 0C
[2026-04-17 09:24:53] [INFO] [接收-帧] 09:24:53.795 设备ID=12066 module=PERIODIC id=ReadFoupStatus uuid=132 len=23
frame=01 04 12 86 B5 45 D1 AF B8 60 76 FF 9C 03 94 36 54 D8 61 78 67 54 E5
[2026-04-17 09:24:54] [INFO] [发送] 09:24:54.793 设备ID=12066 module=PERIODIC id=ReadFoupStatus uuid=132 sendCount=1/1 timeout=1000ms crc=30 0C len=8
frame=01 04 00 00 00 09 30 0C
[2026-04-17 09:24:54] [INFO] [接收-帧] 09:24:54.889 设备ID=12066 module=PERIODIC id=ReadFoupStatus uuid=132 len=23
frame=01 04 12 65 3E 19 AF 98 F1 4E 1A 50 6E 10 1E 8D D7 ED 39 0D F6 48 E2
[2026-04-17 09:24:55] [INFO] [发送] 09:24:55.894 设备ID=12066 module=PERIODIC id=ReadFoupStatus uuid=132 sendCount=1/1 timeout=1000ms crc=30 0C len=8
frame=01 04 00 00 00 09 30 0C
[2026-04-17 09:24:55] [INFO] [接收-帧] 09:24:55.986 设备ID=12066 module=PERIODIC id=ReadFoupStatus uuid=132 len=23
frame=01 04 12 1C 9D B7 EA BC 38 B9 A7 1A FE FC A0 FF 43 A7 61 47 72 D6 31
[2026-04-17 09:24:56] [INFO] [发送] 09:24:56.980 设备ID=12066 module=PERIODIC id=ReadFoupStatus uuid=132 sendCount=1/1 timeout=1000ms crc=30 0C len=8
frame=01 04 00 00 00 09 30 0C
[2026-04-17 09:24:57] [INFO] [接收-帧] 09:24:57.078 设备ID=12066 module=PERIODIC id=ReadFoupStatus uuid=132 len=23
frame=01 04 12 54 05 18 53 DF F5 BF B0 F0 45 44 CD 23 74 81 32 58 AF D8 38
[2026-04-17 09:24:58] [INFO] [发送] 09:24:58.071 设备ID=12066 module=PERIODIC id=ReadFoupStatus uuid=132 sendCount=1/1 timeout=1000ms crc=30 0C len=8
frame=01 04 00 00 00 09 30 0C
[2026-04-17 09:24:58] [INFO] [接收-帧] 09:24:58.169 设备ID=12066 module=PERIODIC id=ReadFoupStatus uuid=132 len=23
frame=01 04 12 3C 4C 9A 7C D8 2F F1 27 EA 40 19 EF 14 D8 66 17 B6 77 24 45
[2026-04-17 09:24:59] [INFO] [发送] 09:24:59.165 设备ID=12066 module=PERIODIC id=ReadFoupStatus uuid=132 sendCount=1/1 timeout=1000ms crc=30 0C len=8
frame=01 04 00 00 00 09 30 0C
[2026-04-17 09:24:59] [INFO] [接收-帧] 09:24:59.266 设备ID=12066 module=PERIODIC id=ReadFoupStatus uuid=132 len=23
frame=01 04 12 59 F5 4C F7 44 A9 A5 9E 6D 91 4F 10 35 13 DC E4 D6 18 0D A8
[2026-04-17 09:25:00] [INFO] [发送] 09:25:00.263 设备ID=12066 module=PERIODIC id=ReadFoupStatus uuid=132 sendCount=1/1 timeout=1000ms crc=30 0C len=8
frame=01 04 00 00 00 09 30 0C
[2026-04-17 09:25:00] [INFO] [接收-帧] 09:25:00.360 设备ID=12066 module=PERIODIC id=ReadFoupStatus uuid=132 len=23
frame=01 04 12 1C AD 98 9C A3 55 51 83 F1 15 2D CE 33 CB D9 61 8E A8 8B F6
[2026-04-17 09:25:01] [INFO] [发送] 09:25:01.352 设备ID=12066 module=PERIODIC id=ReadFoupStatus uuid=132 sendCount=1/1 timeout=1000ms crc=30 0C len=8
frame=01 04 00 00 00 09 30 0C
[2026-04-17 09:25:01] [INFO] [接收-帧] 09:25:01.454 设备ID=12066 module=PERIODIC id=ReadFoupStatus uuid=132 len=23
frame=01 04 12 B8 58 60 55 AA FB 88 18 48 D9 FB 26 7A 34 E6 C2 AB 91 67 4D
[2026-04-17 09:25:02] [INFO] [发送] 09:25:02.448 设备ID=12066 module=PERIODIC id=ReadFoupStatus uuid=132 sendCount=1/1 timeout=1000ms crc=30 0C len=8
frame=01 04 00 00 00 09 30 0C
[2026-04-17 09:25:02] [INFO] [接收-帧] 09:25:02.551 设备ID=12066 module=PERIODIC id=ReadFoupStatus uuid=132 len=23
frame=01 04 12 7E 4B 5E B2 33 86 8F E0 D1 66 1E FA 0B 8B C1 5F CE FD 46 79
[2026-04-17 09:25:03] [INFO] [发送] 09:25:03.550 设备ID=12066 module=PERIODIC id=ReadFoupStatus uuid=132 sendCount=1/1 timeout=1000ms crc=30 0C len=8
frame=01 04 00 00 00 09 30 0C
[2026-04-17 09:25:03] [INFO] [接收-帧] 09:25:03.641 设备ID=12066 module=PERIODIC id=ReadFoupStatus uuid=132 len=23
frame=01 04 12 72 0D E3 01 C8 52 04 15 89 8F 1A 3E C4 6F C4 B0 34 A1 9C 06
[2026-04-17 09:25:04] [INFO] [发送] 09:25:04.635 设备ID=12066 module=PERIODIC id=ReadFoupStatus uuid=132 sendCount=1/1 timeout=1000ms crc=30 0C len=8
frame=01 04 00 00 00 09 30 0C
[2026-04-17 09:25:04] [INFO] [接收-帧] 09:25:04.735 设备ID=12066 module=PERIODIC id=ReadFoupStatus uuid=132 len=23
frame=01 04 12 84 E5 A8 C0 52 99 22 A9 46 89 9F 39 CD 11 F3 B5 81 7B F6 F4
[2026-04-17 09:25:05] [INFO] [发送] 09:25:05.732 设备ID=12066 module=PERIODIC id=ReadFoupStatus uuid=132 sendCount=1/1 timeout=1000ms crc=30 0C len=8
frame=01 04 00 00 00 09 30 0C
[2026-04-17 09:25:05] [INFO] [接收-帧] 09:25:05.835 设备ID=12066 module=PERIODIC id=ReadFoupStatus uuid=132 len=23
frame=01 04 12 9C 88 83 2C DE E4 0B F3 11 1E 8E C1 41 1D C1 8C 93 3E 7F 7E
[2026-04-17 09:25:06] [INFO] [发送] 09:25:06.848 设备ID=12066 module=PERIODIC id=ReadFoupStatus uuid=132 sendCount=1/1 timeout=1000ms crc=30 0C len=8
frame=01 04 00 00 00 09 30 0C
[2026-04-17 09:25:06] [INFO] [接收-帧] 09:25:06.930 设备ID=12066 module=PERIODIC id=ReadFoupStatus uuid=132 len=23
frame=01 04 12 CE 8E F5 DD 5C D0 0F 68 99 F0 74 A2 4B 1C 37 79 A7 07 48 F2
[2026-04-17 09:25:07] [INFO] [发送] 09:25:07.942 设备ID=12066 module=PERIODIC id=ReadFoupStatus uuid=132 sendCount=1/1 timeout=1000ms crc=30 0C len=8
frame=01 04 00 00 00 09 30 0C
[2026-04-17 09:25:08] [INFO] [接收-帧] 09:25:08.018 设备ID=12066 module=PERIODIC id=ReadFoupStatus uuid=132 len=23
frame=01 04 12 25 3E CB E2 D5 25 E3 79 6C F1 8A 8B 8E 8B B4 7D 70 C3 ED 2D
[2026-04-17 09:25:09] [INFO] [发送] 09:25:09.009 设备ID=12066 module=PERIODIC id=ReadFoupStatus uuid=132 sendCount=1/1 timeout=1000ms crc=30 0C len=8
frame=01 04 00 00 00 09 30 0C
[2026-04-17 09:25:09] [INFO] [接收-帧] 09:25:09.112 设备ID=12066 module=PERIODIC id=ReadFoupStatus uuid=132 len=23
frame=01 04 12 86 AC 4F 3D 02 8B 76 59 3B 4C E9 6E 55 62 1E 67 A0 92 D5 A8
[2026-04-17 09:25:10] [INFO] [发送] 09:25:10.102 设备ID=12066 module=PERIODIC id=ReadFoupStatus uuid=132 sendCount=1/1 timeout=1000ms crc=30 0C len=8
frame=01 04 00 00 00 09 30 0C
[2026-04-17 09:25:10] [INFO] [接收-帧] 09:25:10.201 设备ID=12066 module=PERIODIC id=ReadFoupStatus uuid=132 len=23
frame=01 04 12 4A EF 7B 19 B8 5C 94 EC 53 8F 11 55 EC AF 10 D0 0B 29 92 C0
[2026-04-17 09:25:11] [INFO] [发送] 09:25:11.195 设备ID=12066 module=PERIODIC id=ReadFoupStatus uuid=132 sendCount=1/1 timeout=1000ms crc=30 0C len=8
frame=01 04 00 00 00 09 30 0C
[2026-04-17 09:25:11] [INFO] [接收-帧] 09:25:11.317 设备ID=12066 module=PERIODIC id=ReadFoupStatus uuid=132 len=23
frame=01 04 12 98 E4 E7 46 74 C3 EB 1A 49 BC C8 36 86 9F BA E6 A4 2D 50 0F
[2026-04-17 09:25:12] [INFO] [发送] 09:25:12.313 设备ID=12066 module=PERIODIC id=ReadFoupStatus uuid=132 sendCount=1/1 timeout=1000ms crc=30 0C len=8
frame=01 04 00 00 00 09 30 0C
[2026-04-17 09:25:12] [INFO] [接收-帧] 09:25:12.394 设备ID=12066 module=PERIODIC id=ReadFoupStatus uuid=132 len=23
frame=01 04 12 CC 6F BF F2 54 E8 C6 2A 5B A2 F4 B5 71 52 7D 32 99 31 8A EB
[2026-04-17 09:25:13] [INFO] [发送] 09:25:13.383 设备ID=12066 module=PERIODIC id=ReadFoupStatus uuid=132 sendCount=1/1 timeout=1000ms crc=30 0C len=8
frame=01 04 00 00 00 09 30 0C
[2026-04-17 09:25:13] [INFO] [接收-帧] 09:25:13.484 设备ID=12066 module=PERIODIC id=ReadFoupStatus uuid=132 len=23
frame=01 04 12 2F F9 DB 44 C7 86 53 C5 8D 34 3E DD 73 3C 25 2C 14 12 CB 92
[2026-04-17 09:25:14] [INFO] [发送] 09:25:14.480 设备ID=12066 module=PERIODIC id=ReadFoupStatus uuid=132 sendCount=1/1 timeout=1000ms crc=30 0C len=8
frame=01 04 00 00 00 09 30 0C
[2026-04-17 09:25:14] [INFO] [接收-帧] 09:25:14.580 设备ID=12066 module=PERIODIC id=ReadFoupStatus uuid=132 len=23
frame=01 04 12 80 00 20 69 32 94 64 97 91 C3 DB B5 50 48 C3 32 76 E2 D8 A0
[2026-04-17 09:25:15] [INFO] [发送] 09:25:15.576 设备ID=12066 module=PERIODIC id=ReadFoupStatus uuid=132 sendCount=1/1 timeout=1000ms crc=30 0C len=8
frame=01 04 00 00 00 09 30 0C
[2026-04-17 09:25:15] [INFO] [接收-帧] 09:25:15.671 设备ID=12066 module=PERIODIC id=ReadFoupStatus uuid=132 len=23
frame=01 04 12 58 B6 47 61 54 E6 D6 CD 72 BC 80 DD 44 40 32 57 C9 55 5E 07
[2026-04-17 09:25:16] [INFO] [发送] 09:25:16.668 设备ID=12066 module=PERIODIC id=ReadFoupStatus uuid=132 sendCount=1/1 timeout=1000ms crc=30 0C len=8
frame=01 04 00 00 00 09 30 0C
[2026-04-17 09:25:16] [INFO] [接收-帧] 09:25:16.768 设备ID=12066 module=PERIODIC id=ReadFoupStatus uuid=132 len=23
frame=01 04 12 FD 0F 3C 33 0A 26 27 09 BB BF 7D 83 91 44 B3 4B CF 2B 4E 59
[2026-04-17 09:25:17] [INFO] [发送] 09:25:17.764 设备ID=12066 module=PERIODIC id=ReadFoupStatus uuid=132 sendCount=1/1 timeout=1000ms crc=30 0C len=8
frame=01 04 00 00 00 09 30 0C
[2026-04-17 09:25:17] [INFO] [接收-帧] 09:25:17.858 设备ID=12066 module=PERIODIC id=ReadFoupStatus uuid=132 len=23
frame=01 04 12 EA 83 2C 0E 70 26 60 77 B3 1C AD BF 8C 44 84 47 91 26 16 A5
[2026-04-17 09:25:18] [INFO] [发送] 09:25:18.859 设备ID=12066 module=PERIODIC id=ReadFoupStatus uuid=132 sendCount=1/1 timeout=1000ms crc=30 0C len=8
frame=01 04 00 00 00 09 30 0C
[2026-04-17 09:25:18] [INFO] [接收-帧] 09:25:18.962 设备ID=12066 module=PERIODIC id=ReadFoupStatus uuid=132 len=23
frame=01 04 12 7B 06 9D 68 4B 85 D4 BD 54 4E 76 84 13 68 92 93 01 0D E9 B5
[2026-04-17 09:25:19] [INFO] [发送] 09:25:19.969 设备ID=12066 module=PERIODIC id=ReadFoupStatus uuid=132 sendCount=1/1 timeout=1000ms crc=30 0C len=8
frame=01 04 00 00 00 09 30 0C
[2026-04-17 09:25:20] [INFO] [接收-帧] 09:25:20.047 设备ID=12066 module=PERIODIC id=ReadFoupStatus uuid=132 len=23
frame=01 04 12 D7 42 0E 8D 0F 90 FC 64 DA BC E5 42 B9 BE F8 DB BE 36 8B 10
[2026-04-17 09:25:21] [INFO] [发送] 09:25:21.047 设备ID=12066 module=PERIODIC id=ReadFoupStatus uuid=132 sendCount=1/1 timeout=1000ms crc=30 0C len=8
frame=01 04 00 00 00 09 30 0C
[2026-04-17 09:25:21] [INFO] [接收-帧] 09:25:21.140 设备ID=12066 module=PERIODIC id=ReadFoupStatus uuid=132 len=23
frame=01 04 12 DE 48 73 A2 0A BD D1 60 E7 8D 7C 03 E2 F9 D1 16 15 D4 6F 5D
[2026-04-17 09:25:22] [INFO] [发送] 09:25:22.136 设备ID=12066 module=PERIODIC id=ReadFoupStatus uuid=132 sendCount=1/1 timeout=1000ms crc=30 0C len=8
frame=01 04 00 00 00 09 30 0C
[2026-04-17 09:25:22] [INFO] [接收-帧] 09:25:22.231 设备ID=12066 module=PERIODIC id=ReadFoupStatus uuid=132 len=23
frame=01 04 12 5A 67 B3 1E 02 F2 9A 84 47 B2 13 09 D6 4B 50 B6 92 4F 4B BC
[2026-04-17 09:25:23] [INFO] [发送] 09:25:23.229 设备ID=12066 module=PERIODIC id=ReadFoupStatus uuid=132 sendCount=1/1 timeout=1000ms crc=30 0C len=8
frame=01 04 00 00 00 09 30 0C
[2026-04-17 09:25:23] [INFO] [接收-帧] 09:25:23.328 设备ID=12066 module=PERIODIC id=ReadFoupStatus uuid=132 len=23
frame=01 04 12 5D 56 4F 02 E1 42 19 D2 82 AB B8 3A EC F6 73 97 3D DB 13 1B
[2026-04-17 09:25:24] [INFO] [发送] 09:25:24.325 设备ID=12066 module=PERIODIC id=ReadFoupStatus uuid=132 sendCount=1/1 timeout=1000ms crc=30 0C len=8
frame=01 04 00 00 00 09 30 0C
[2026-04-17 09:25:24] [INFO] [接收-帧] 09:25:24.424 设备ID=12066 module=PERIODIC id=ReadFoupStatus uuid=132 len=23
frame=01 04 12 5E D1 91 2C 89 1A CE F8 65 31 05 94 5B 29 7B CE B1 47 96 3C
[2026-04-17 09:25:25] [INFO] [发送] 09:25:25.415 设备ID=12066 module=PERIODIC id=ReadFoupStatus uuid=132 sendCount=1/1 timeout=1000ms crc=30 0C len=8
frame=01 04 00 00 00 09 30 0C
[2026-04-17 09:25:25] [INFO] [接收-帧] 09:25:25.515 设备ID=12066 module=PERIODIC id=ReadFoupStatus uuid=132 len=23
frame=01 04 12 50 16 6C 9E 73 9D E0 CC AD D3 15 AA 10 71 5D 5A 57 1A 4D AC
[2026-04-17 09:25:26] [INFO] [发送] 09:25:26.509 设备ID=12066 module=PERIODIC id=ReadFoupStatus uuid=132 sendCount=1/1 timeout=1000ms crc=30 0C len=8
frame=01 04 00 00 00 09 30 0C
[2026-04-17 09:25:26] [INFO] [接收-帧] 09:25:26.608 设备ID=12066 module=PERIODIC id=ReadFoupStatus uuid=132 len=23
frame=01 04 12 72 BD 63 2D C7 DE D7 BD 99 0A AD A5 BB 5C 3E F7 25 9D 17 99
[2026-04-17 09:25:27] [INFO] [发送] 09:25:27.603 设备ID=12066 module=PERIODIC id=ReadFoupStatus uuid=132 sendCount=1/1 timeout=1000ms crc=30 0C len=8
frame=01 04 00 00 00 09 30 0C
[2026-04-17 09:25:27] [INFO] [接收-帧] 09:25:27.708 设备ID=12066 module=PERIODIC id=ReadFoupStatus uuid=132 len=23
frame=01 04 12 E2 9D E7 8E F3 1B 9A 49 EE 4F DF 22 8C 72 5B FC C4 CC A7 3F
[2026-04-17 09:25:28] [INFO] [发送] 09:25:28.698 设备ID=12066 module=PERIODIC id=ReadFoupStatus uuid=132 sendCount=1/1 timeout=1000ms crc=30 0C len=8
frame=01 04 00 00 00 09 30 0C
[2026-04-17 09:25:28] [INFO] [接收-帧] 09:25:28.795 设备ID=12066 module=PERIODIC id=ReadFoupStatus uuid=132 len=23
frame=01 04 12 47 69 5E F3 62 35 67 85 6C 35 03 90 BD C6 FE 71 3C 8A EF 73
[2026-04-17 09:25:29] [INFO] [发送] 09:25:29.792 设备ID=12066 module=PERIODIC id=ReadFoupStatus uuid=132 sendCount=1/1 timeout=1000ms crc=30 0C len=8
frame=01 04 00 00 00 09 30 0C
[2026-04-17 09:25:29] [INFO] [接收-帧] 09:25:29.893 设备ID=12066 module=PERIODIC id=ReadFoupStatus uuid=132 len=23
frame=01 04 12 1D 34 03 68 1C AF B1 92 97 51 AA 11 50 0B 9F FF 25 0E 8E A8
[2026-04-17 09:25:30] [INFO] [发送] 09:25:30.889 设备ID=12066 module=PERIODIC id=ReadFoupStatus uuid=132 sendCount=1/1 timeout=1000ms crc=30 0C len=8
frame=01 04 00 00 00 09 30 0C
[2026-04-17 09:25:30] [INFO] [接收-帧] 09:25:30.984 设备ID=12066 module=PERIODIC id=ReadFoupStatus uuid=132 len=23
frame=01 04 12 77 22 12 F6 E6 CB 54 92 E6 82 8A E7 71 84 B1 39 C9 90 4D CF
[2026-04-17 09:25:31] [INFO] [发送] 09:25:31.985 设备ID=12066 module=PERIODIC id=ReadFoupStatus uuid=132 sendCount=1/1 timeout=1000ms crc=30 0C len=8
frame=01 04 00 00 00 09 30 0C
[2026-04-17 09:25:32] [INFO] [接收-帧] 09:25:32.080 设备ID=12066 module=PERIODIC id=ReadFoupStatus uuid=132 len=23
frame=01 04 12 9B 79 28 C1 5E 93 81 14 1E BD 51 CE 28 95 AD EA 6A 8C 13 DB
[2026-04-17 09:25:33] [INFO] [发送] 09:25:33.073 设备ID=12066 module=PERIODIC id=ReadFoupStatus uuid=132 sendCount=1/1 timeout=1000ms crc=30 0C len=8
frame=01 04 00 00 00 09 30 0C
[2026-04-17 09:25:33] [INFO] [接收-帧] 09:25:33.175 设备ID=12066 module=PERIODIC id=ReadFoupStatus uuid=132 len=23
frame=01 04 12 24 F8 93 20 07 4C 99 BF FC A0 95 1E 82 79 A5 67 D8 B3 93 DD
[2026-04-17 09:25:34] [INFO] [发送] 09:25:34.165 设备ID=12066 module=PERIODIC id=ReadFoupStatus uuid=132 sendCount=1/1 timeout=1000ms crc=30 0C len=8
frame=01 04 00 00 00 09 30 0C
[2026-04-17 09:25:34] [INFO] [接收-帧] 09:25:34.267 设备ID=12066 module=PERIODIC id=ReadFoupStatus uuid=132 len=23
frame=01 04 12 AD 45 7C B7 1E 08 E5 59 D3 24 15 A8 46 D0 A1 41 8D BD 0C 70
[2026-04-17 09:25:35] [INFO] [发送] 09:25:35.259 设备ID=12066 module=PERIODIC id=ReadFoupStatus uuid=132 sendCount=1/1 timeout=1000ms crc=30 0C len=8
frame=01 04 00 00 00 09 30 0C
[2026-04-17 09:25:35] [INFO] [接收-帧] 09:25:35.361 设备ID=12066 module=PERIODIC id=ReadFoupStatus uuid=132 len=23
frame=01 04 12 D2 43 AF E3 50 FA 28 96 71 8C 7A 2B 90 F5 CD CD A6 79 F5 F1
[2026-04-17 09:25:36] [INFO] [发送] 09:25:36.355 设备ID=12066 module=PERIODIC id=ReadFoupStatus uuid=132 sendCount=1/1 timeout=1000ms crc=30 0C len=8
frame=01 04 00 00 00 09 30 0C
[2026-04-17 09:25:36] [INFO] [接收-帧] 09:25:36.453 设备ID=12066 module=PERIODIC id=ReadFoupStatus uuid=132 len=23
frame=01 04 12 8E 9B 20 3C 38 64 95 EB 1A 98 BB 12 AF B5 8F 7B DE 98 3C A1
[2026-04-17 09:25:37] [INFO] [发送] 09:25:37.448 设备ID=12066 module=PERIODIC id=ReadFoupStatus uuid=132 sendCount=1/1 timeout=1000ms crc=30 0C len=8
frame=01 04 00 00 00 09 30 0C
[2026-04-17 09:25:37] [INFO] [接收-帧] 09:25:37.548 设备ID=12066 module=PERIODIC id=ReadFoupStatus uuid=132 len=23
frame=01 04 12 96 8A 06 DF F1 E8 A2 49 05 E0 74 18 1E 98 09 F4 ED 64 2A D7
[2026-04-17 09:25:38] [INFO] [发送] 09:25:38.541 设备ID=12066 module=PERIODIC id=ReadFoupStatus uuid=132 sendCount=1/1 timeout=1000ms crc=30 0C len=8
frame=01 04 00 00 00 09 30 0C
[2026-04-17 09:25:38] [INFO] [接收-帧] 09:25:38.645 设备ID=12066 module=PERIODIC id=ReadFoupStatus uuid=132 len=23
frame=01 04 12 08 B9 97 70 33 67 A7 81 00 BD B6 20 02 44 69 5E BC E8 60 9E
[2026-04-17 09:25:39] [INFO] [发送] 09:25:39.634 设备ID=12066 module=PERIODIC id=ReadFoupStatus uuid=132 sendCount=1/1 timeout=1000ms crc=30 0C len=8
frame=01 04 00 00 00 09 30 0C
[2026-04-17 09:25:39] [INFO] [接收-帧] 09:25:39.732 设备ID=12066 module=PERIODIC id=ReadFoupStatus uuid=132 len=23
frame=01 04 12 3A 96 79 04 F0 2D 0D CA 71 E6 72 17 28 E6 7E 90 F6 2D 6F 38
[2026-04-17 09:25:40] [INFO] [发送] 09:25:40.728 设备ID=12066 module=PERIODIC id=ReadFoupStatus uuid=132 sendCount=1/1 timeout=1000ms crc=30 0C len=8
frame=01 04 00 00 00 09 30 0C
[2026-04-17 09:25:40] [INFO] [接收-帧] 09:25:40.829 设备ID=12066 module=PERIODIC id=ReadFoupStatus uuid=132 len=23
frame=01 04 12 15 D5 DC A2 51 E7 A7 82 A8 96 63 2D D1 36 40 3E 86 F7 A0 EC
[2026-04-17 09:25:41] [INFO] [发送] 09:25:41.826 设备ID=12066 module=PERIODIC id=ReadFoupStatus uuid=132 sendCount=1/1 timeout=1000ms crc=30 0C len=8
frame=01 04 00 00 00 09 30 0C
[2026-04-17 09:25:41] [INFO] [接收-帧] 09:25:41.925 设备ID=12066 module=PERIODIC id=ReadFoupStatus uuid=132 len=23
frame=01 04 12 79 E9 10 26 97 55 D3 9A D1 DF BF 92 66 2A CC 28 CA 3C 72 2D
[2026-04-17 09:25:42] [INFO] [发送] 09:25:42.922 设备ID=12066 module=PERIODIC id=ReadFoupStatus uuid=132 sendCount=1/1 timeout=1000ms crc=30 0C len=8
frame=01 04 00 00 00 09 30 0C
[2026-04-17 09:25:43] [INFO] [接收-帧] 09:25:43.016 设备ID=12066 module=PERIODIC id=ReadFoupStatus uuid=132 len=23
frame=01 04 12 86 9C B7 85 4A 9A 84 76 B8 CE AB 27 EF 16 1A 2A 4E 46 CB 39
[2026-04-17 09:25:44] [INFO] [发送] 09:25:44.010 设备ID=12066 module=PERIODIC id=ReadFoupStatus uuid=132 sendCount=1/1 timeout=1000ms crc=30 0C len=8
frame=01 04 00 00 00 09 30 0C
[2026-04-17 09:25:44] [INFO] [接收-帧] 09:25:44.114 设备ID=12066 module=PERIODIC id=ReadFoupStatus uuid=132 len=23
frame=01 04 12 39 67 5C 59 B4 58 CA D8 CF 6D 6E 85 28 F3 E2 19 4E 1A 94 C5
[2026-04-17 09:25:45] [INFO] [发送] 09:25:45.102 设备ID=12066 module=PERIODIC id=ReadFoupStatus uuid=132 sendCount=1/1 timeout=1000ms crc=30 0C len=8
frame=01 04 00 00 00 09 30 0C
[2026-04-17 09:25:45] [INFO] [接收-帧] 09:25:45.206 设备ID=12066 module=PERIODIC id=ReadFoupStatus uuid=132 len=23
frame=01 04 12 4A C9 FB DA 39 4A 91 D3 7D 79 38 7E AD A1 05 BB 01 17 7D AE
[2026-04-17 09:25:46] [INFO] [发送] 09:25:46.205 设备ID=12066 module=PERIODIC id=ReadFoupStatus uuid=132 sendCount=1/1 timeout=1000ms crc=30 0C len=8
frame=01 04 00 00 00 09 30 0C
[2026-04-17 09:25:46] [INFO] [接收-帧] 09:25:46.339 设备ID=12066 module=PERIODIC id=ReadFoupStatus uuid=132 len=23
frame=01 04 12 11 D0 8D D7 5D 3D 80 88 1B 7A 31 74 89 E2 41 46 53 7E C1 D9
[2026-04-17 09:25:47] [INFO] [发送] 09:25:47.341 设备ID=12066 module=PERIODIC id=ReadFoupStatus uuid=132 sendCount=1/1 timeout=1000ms crc=30 0C len=8
frame=01 04 00 00 00 09 30 0C
[2026-04-17 09:25:47] [INFO] [接收-帧] 09:25:47.387 设备ID=12066 module=PERIODIC id=ReadFoupStatus uuid=132 len=23
frame=01 04 12 4F 64 CD 68 DD DF 10 07 E7 7C 30 F4 D3 6C 1C 5F 45 E0 6E AF
[2026-04-17 09:25:48] [INFO] [发送] 09:25:48.385 设备ID=12066 module=PERIODIC id=ReadFoupStatus uuid=132 sendCount=1/1 timeout=1000ms crc=30 0C len=8
frame=01 04 00 00 00 09 30 0C
[2026-04-17 09:25:48] [INFO] [接收-帧] 09:25:48.483 设备ID=12066 module=PERIODIC id=ReadFoupStatus uuid=132 len=23
frame=01 04 12 57 07 2C 7D DC A9 F4 40 0F 47 13 9B 7F 9A BA 20 6E 09 84 93
[2026-04-17 09:25:49] [INFO] [发送] 09:25:49.477 设备ID=12066 module=PERIODIC id=ReadFoupStatus uuid=132 sendCount=1/1 timeout=1000ms crc=30 0C len=8
frame=01 04 00 00 00 09 30 0C
[2026-04-17 09:25:49] [INFO] [接收-帧] 09:25:49.577 设备ID=12066 module=PERIODIC id=ReadFoupStatus uuid=132 len=23
frame=01 04 12 86 C8 92 57 51 50 4E 0E 6F BD 84 E1 74 50 A7 78 9D AA C8 26
[2026-04-17 09:25:50] [INFO] [发送] 09:25:50.612 设备ID=12066 module=PERIODIC id=ReadFoupStatus uuid=132 sendCount=1/1 timeout=1000ms crc=30 0C len=8
frame=01 04 00 00 00 09 30 0C
[2026-04-17 09:25:50] [INFO] [接收-帧] 09:25:50.782 设备ID=12066 module=PERIODIC id=ReadFoupStatus uuid=132 len=23
frame=01 04 12 FB C2 48 BB 79 89 A0 BE 84 28 EB F2 00 88 A7 36 2E 5C 5B 97
[2026-04-17 09:25:51] [INFO] [发送] 09:25:51.774 设备ID=12066 module=PERIODIC id=ReadFoupStatus uuid=132 sendCount=1/1 timeout=1000ms crc=30 0C len=8
frame=01 04 00 00 00 09 30 0C
[2026-04-17 09:25:52] [INFO] [接收-帧] 09:25:52.201 设备ID=12066 module=PERIODIC id=ReadFoupStatus uuid=132 len=23
frame=01 04 12 5B AE E8 84 AD F4 81 5E 13 9F B7 D0 25 59 FA 36 1B 9D 5D A6
[2026-04-17 09:25:53] [INFO] [发送] 09:25:53.203 设备ID=12066 module=PERIODIC id=ReadFoupStatus uuid=132 sendCount=1/1 timeout=1000ms crc=30 0C len=8
frame=01 04 00 00 00 09 30 0C
[2026-04-17 09:25:53] [INFO] [接收-帧] 09:25:53.303 设备ID=12066 module=PERIODIC id=ReadFoupStatus uuid=132 len=23
frame=01 04 12 E5 14 15 49 D5 AE F0 34 4B 1D 0F 81 3D B8 A1 9E 15 48 5C C3
[2026-04-17 09:25:54] [INFO] [发送] 09:25:54.297 设备ID=12066 module=PERIODIC id=ReadFoupStatus uuid=132 sendCount=1/1 timeout=1000ms crc=30 0C len=8
frame=01 04 00 00 00 09 30 0C
[2026-04-17 09:25:54] [INFO] [接收-帧] 09:25:54.390 设备ID=12066 module=PERIODIC id=ReadFoupStatus uuid=132 len=23
frame=01 04 12 2D B1 FC 12 50 E8 96 80 03 F5 C6 32 D2 9A DC 55 FE 7E 8F 15
[2026-04-17 09:25:55] [INFO] [发送] 09:25:55.385 设备ID=12066 module=PERIODIC id=ReadFoupStatus uuid=132 sendCount=1/1 timeout=1000ms crc=30 0C len=8
frame=01 04 00 00 00 09 30 0C
[2026-04-17 09:25:55] [INFO] [接收-帧] 09:25:55.486 设备ID=12066 module=PERIODIC id=ReadFoupStatus uuid=132 len=23
frame=01 04 12 00 08 F1 80 D8 C7 BA 24 8C A4 AF 09 53 41 D0 12 14 94 8B 25
[2026-04-17 09:25:56] [INFO] [发送] 09:25:56.479 设备ID=12066 module=PERIODIC id=ReadFoupStatus uuid=132 sendCount=1/1 timeout=1000ms crc=30 0C len=8
frame=01 04 00 00 00 09 30 0C
[2026-04-17 09:25:56] [INFO] [接收-帧] 09:25:56.582 设备ID=12066 module=PERIODIC id=ReadFoupStatus uuid=132 len=23
frame=01 04 12 F6 78 A1 0B 7A FC 1F D9 B7 E5 94 A1 80 6F 27 0A 41 50 94 55
[2026-04-17 09:25:57] [INFO] [发送] 09:25:57.592 设备ID=12066 module=PERIODIC id=ReadFoupStatus uuid=132 sendCount=1/1 timeout=1000ms crc=30 0C len=8
frame=01 04 00 00 00 09 30 0C
[2026-04-17 09:25:57] [INFO] [接收-帧] 09:25:57.673 设备ID=12066 module=PERIODIC id=ReadFoupStatus uuid=132 len=23
frame=01 04 12 29 99 4F 53 F2 46 B7 11 20 CD FE 24 17 46 BD 22 E0 D8 05 FB
[2026-04-17 09:25:58] [INFO] [发送] 09:25:58.669 设备ID=12066 module=PERIODIC id=ReadFoupStatus uuid=132 sendCount=1/1 timeout=1000ms crc=30 0C len=8
frame=01 04 00 00 00 09 30 0C
[2026-04-17 09:25:58] [INFO] [接收-帧] 09:25:58.765 设备ID=12066 module=PERIODIC id=ReadFoupStatus uuid=132 len=23
frame=01 04 12 AF 2C 06 4F 5A 04 79 85 EC 5D A7 56 C7 83 0A 46 3B D0 0F 45
[2026-04-17 09:25:59] [INFO] [发送] 09:25:59.763 设备ID=12066 module=PERIODIC id=ReadFoupStatus uuid=132 sendCount=1/1 timeout=1000ms crc=30 0C len=8
frame=01 04 00 00 00 09 30 0C
[2026-04-17 09:25:59] [INFO] [接收-帧] 09:25:59.863 设备ID=12066 module=PERIODIC id=ReadFoupStatus uuid=132 len=23
frame=01 04 12 1C E7 76 C8 5D 70 B5 AC 54 77 EF 7D 40 88 2F 38 43 63 71 0F
[2026-04-17 09:26:00] [INFO] [发送] 09:26:00.852 设备ID=12066 module=PERIODIC id=ReadFoupStatus uuid=132 sendCount=1/1 timeout=1000ms crc=30 0C len=8
frame=01 04 00 00 00 09 30 0C
[2026-04-17 09:26:00] [INFO] [接收-帧] 09:26:00.956 设备ID=12066 module=PERIODIC id=ReadFoupStatus uuid=132 len=23
frame=01 04 12 59 FF 44 5C 35 B9 0D B2 53 3B 7E A2 14 83 70 14 D4 C0 2F 57
[2026-04-17 09:26:01] [INFO] [发送] 09:26:01.946 设备ID=12066 module=PERIODIC id=ReadFoupStatus uuid=132 sendCount=1/1 timeout=1000ms crc=30 0C len=8
frame=01 04 00 00 00 09 30 0C
[2026-04-17 09:26:02] [INFO] [接收-帧] 09:26:02.050 设备ID=12066 module=PERIODIC id=ReadFoupStatus uuid=132 len=23
frame=01 04 12 67 DD C2 78 5F C6 3F 7F DE 76 02 CD 41 F1 98 A9 95 ED 85 8C
[2026-04-17 09:26:03] [INFO] [发送] 09:26:03.047 设备ID=12066 module=PERIODIC id=ReadFoupStatus uuid=132 sendCount=1/1 timeout=1000ms crc=30 0C len=8
frame=01 04 00 00 00 09 30 0C
[2026-04-17 09:26:03] [INFO] [接收-帧] 09:26:03.139 设备ID=12066 module=PERIODIC id=ReadFoupStatus uuid=132 len=23
frame=01 04 12 5F A7 00 B1 FF 60 12 62 93 51 3A CE 05 F9 32 74 F2 25 90 94
[2026-04-17 09:26:04] [INFO] [发送] 09:26:04.142 设备ID=12066 module=PERIODIC id=ReadFoupStatus uuid=132 sendCount=1/1 timeout=1000ms crc=30 0C len=8
frame=01 04 00 00 00 09 30 0C
[2026-04-17 09:26:04] [INFO] [接收-帧] 09:26:04.234 设备ID=12066 module=PERIODIC id=ReadFoupStatus uuid=132 len=23
frame=01 04 12 65 30 F8 93 01 9A 2B 28 6C 4E D0 7D 3E FC E4 E6 49 E1 9B 34
[2026-04-17 09:26:05] [INFO] [发送] 09:26:05.234 设备ID=12066 module=PERIODIC id=ReadFoupStatus uuid=132 sendCount=1/1 timeout=1000ms crc=30 0C len=8
frame=01 04 00 00 00 09 30 0C
[2026-04-17 09:26:05] [INFO] [接收-帧] 09:26:05.328 设备ID=12066 module=PERIODIC id=ReadFoupStatus uuid=132 len=23
frame=01 04 12 D8 94 B3 76 F4 15 4A 93 B7 5F A3 B2 0A 72 6E D5 45 B6 69 2E
[2026-04-17 09:26:06] [INFO] [发送] 09:26:06.327 设备ID=12066 module=PERIODIC id=ReadFoupStatus uuid=132 sendCount=1/1 timeout=1000ms crc=30 0C len=8
frame=01 04 00 00 00 09 30 0C
[2026-04-17 09:26:06] [INFO] [接收-帧] 09:26:06.425 设备ID=12066 module=PERIODIC id=ReadFoupStatus uuid=132 len=23
frame=01 04 12 43 93 9E 32 43 0B 5F 90 2B BF 59 2F 66 24 CF 35 73 12 F9 71
[2026-04-17 09:26:07] [INFO] [发送] 09:26:07.425 设备ID=12066 module=PERIODIC id=ReadFoupStatus uuid=132 sendCount=1/1 timeout=1000ms crc=30 0C len=8
frame=01 04 00 00 00 09 30 0C
[2026-04-17 09:26:07] [INFO] [接收-帧] 09:26:07.645 设备ID=12066 module=PERIODIC id=ReadFoupStatus uuid=132 len=23
frame=01 04 12 DE 74 A0 B6 76 8A 0A 95 0F 7E 04 D9 0D 05 A4 BB 1C 49 57 0A
[2026-04-17 09:26:08] [INFO] [发送] 09:26:08.643 设备ID=12066 module=PERIODIC id=ReadFoupStatus uuid=132 sendCount=1/1 timeout=1000ms crc=30 0C len=8
frame=01 04 00 00 00 09 30 0C
[2026-04-17 09:26:08] [INFO] [接收-帧] 09:26:08.716 设备ID=12066 module=PERIODIC id=ReadFoupStatus uuid=132 len=23
frame=01 04 12 F2 6B E5 1A 9D 5F 6D 8D 6A AC 35 E8 E3 5A 70 72 2E 0D 20 21
[2026-04-17 09:26:09] [INFO] [发送] 09:26:09.727 设备ID=12066 module=PERIODIC id=ReadFoupStatus uuid=132 sendCount=1/1 timeout=1000ms crc=30 0C len=8
frame=01 04 00 00 00 09 30 0C
[2026-04-17 09:26:09] [INFO] [接收-帧] 09:26:09.829 设备ID=12066 module=PERIODIC id=ReadFoupStatus uuid=132 len=23
frame=01 04 12 A6 67 D7 BC 0A B2 F9 0D 94 0A DA 37 FD 0B C6 EE 15 5D BA B6
[2026-04-17 09:26:10] [INFO] [发送] 09:26:10.821 设备ID=12066 module=PERIODIC id=ReadFoupStatus uuid=132 sendCount=1/1 timeout=1000ms crc=30 0C len=8
frame=01 04 00 00 00 09 30 0C
[2026-04-17 09:26:10] [INFO] [接收-帧] 09:26:10.908 设备ID=12066 module=PERIODIC id=ReadFoupStatus uuid=132 len=23
frame=01 04 12 05 03 EE F2 40 28 38 72 7F F4 C3 F5 56 E2 75 9D 91 C1 07 B8
[2026-04-17 09:26:11] [INFO] [发送] 09:26:11.908 设备ID=12066 module=PERIODIC id=ReadFoupStatus uuid=132 sendCount=1/1 timeout=1000ms crc=30 0C len=8
frame=01 04 00 00 00 09 30 0C
[2026-04-17 09:26:11] [INFO] [接收-帧] 09:26:11.999 设备ID=12066 module=PERIODIC id=ReadFoupStatus uuid=132 len=23
frame=01 04 12 0F 37 AF E6 AF C1 D2 62 51 3C B8 59 52 8F 57 43 39 D1 10 A6
[2026-04-17 09:26:13] [INFO] [发送] 09:26:13.002 设备ID=12066 module=PERIODIC id=ReadFoupStatus uuid=132 sendCount=1/1 timeout=1000ms crc=30 0C len=8
frame=01 04 00 00 00 09 30 0C
[2026-04-17 09:26:13] [INFO] [接收-帧] 09:26:13.090 设备ID=12066 module=PERIODIC id=ReadFoupStatus uuid=132 len=23
frame=01 04 12 FE D1 B8 7D 95 29 96 7A A1 F6 63 02 C5 62 12 9D 62 E1 EA 46
[2026-04-17 09:26:14] [INFO] [发送] 09:26:14.088 设备ID=12066 module=PERIODIC id=ReadFoupStatus uuid=132 sendCount=1/1 timeout=1000ms crc=30 0C len=8
frame=01 04 00 00 00 09 30 0C
[2026-04-17 09:26:14] [INFO] [接收-帧] 09:26:14.190 设备ID=12066 module=PERIODIC id=ReadFoupStatus uuid=132 len=23
frame=01 04 12 DF 32 F2 A8 DB A5 6A 49 15 86 03 26 49 9B 75 3A 40 0C 1C 20
[2026-04-17 09:26:15] [INFO] [发送] 09:26:15.186 设备ID=12066 module=PERIODIC id=ReadFoupStatus uuid=132 sendCount=1/1 timeout=1000ms crc=30 0C len=8
frame=01 04 00 00 00 09 30 0C
[2026-04-17 09:26:15] [INFO] [接收-帧] 09:26:15.332 设备ID=12066 module=PERIODIC id=ReadFoupStatus uuid=132 len=23
frame=01 04 12 77 B4 A7 CD 26 40 DC 2C AB 1C 2D DC 2C EA E8 9A A4 C0 33 35
[2026-04-17 09:26:16] [INFO] [发送] 09:26:16.326 设备ID=12066 module=PERIODIC id=ReadFoupStatus uuid=132 sendCount=1/1 timeout=1000ms crc=30 0C len=8
frame=01 04 00 00 00 09 30 0C
[2026-04-17 09:26:16] [INFO] [接收-帧] 09:26:16.380 设备ID=12066 module=PERIODIC id=ReadFoupStatus uuid=132 len=23
frame=01 04 12 5B 5C 4B A4 92 76 76 9E 02 BB 66 01 F0 A1 C7 15 B6 2C 29 4E
[2026-04-17 09:26:17] [INFO] [发送] 09:26:17.401 设备ID=12066 module=PERIODIC id=ReadFoupStatus uuid=132 sendCount=1/1 timeout=1000ms crc=30 0C len=8
frame=01 04 00 00 00 09 30 0C
[2026-04-17 09:26:17] [INFO] [接收-帧] 09:26:17.475 设备ID=12066 module=PERIODIC id=ReadFoupStatus uuid=132 len=23
frame=01 04 12 89 06 F7 70 B9 DA FA AE F4 3A 60 FA D2 AC 38 C3 3E D0 86 FB
[2026-04-17 09:26:18] [INFO] [发送] 09:26:18.463 设备ID=12066 module=PERIODIC id=ReadFoupStatus uuid=132 sendCount=1/1 timeout=1000ms crc=30 0C len=8
frame=01 04 00 00 00 09 30 0C
[2026-04-17 09:26:18] [INFO] [接收-帧] 09:26:18.566 设备ID=12066 module=PERIODIC id=ReadFoupStatus uuid=132 len=23
frame=01 04 12 45 30 4C 6F CB 93 49 C5 8E 5F 46 D0 BC F2 15 30 DF 2B 02 B3
[2026-04-17 09:26:19] [INFO] [发送] 09:26:19.573 设备ID=12066 module=PERIODIC id=ReadFoupStatus uuid=132 sendCount=1/1 timeout=1000ms crc=30 0C len=8
frame=01 04 00 00 00 09 30 0C
[2026-04-17 09:26:19] [INFO] [接收-帧] 09:26:19.656 设备ID=12066 module=PERIODIC id=ReadFoupStatus uuid=132 len=23
frame=01 04 12 62 21 82 49 1D C4 7B C2 56 6C 84 47 D1 00 3B A9 77 CA D0 90
[2026-04-17 09:26:20] [INFO] [发送] 09:26:20.651 设备ID=12066 module=PERIODIC id=ReadFoupStatus uuid=132 sendCount=1/1 timeout=1000ms crc=30 0C len=8
frame=01 04 00 00 00 09 30 0C
[2026-04-17 09:26:20] [INFO] [接收-帧] 09:26:20.756 设备ID=12066 module=PERIODIC id=ReadFoupStatus uuid=132 len=23
frame=01 04 12 B1 6A 32 86 DD 16 6A 0C CA 05 F8 67 A8 62 9C D8 BC 47 9C 17
[2026-04-17 09:26:21] [INFO] [发送] 09:26:21.744 设备ID=12066 module=PERIODIC id=ReadFoupStatus uuid=132 sendCount=1/1 timeout=1000ms crc=30 0C len=8
frame=01 04 00 00 00 09 30 0C
[2026-04-17 09:26:21] [INFO] [接收-帧] 09:26:21.863 设备ID=12066 module=PERIODIC id=ReadFoupStatus uuid=132 len=23
frame=01 04 12 CC A7 0D A9 B5 FE 12 AF 64 14 90 F8 6A B2 3B FD 6E 3A FB F9
[2026-04-17 09:26:22] [INFO] [发送] 09:26:22.943 设备ID=12066 module=PERIODIC id=ReadFoupStatus uuid=132 sendCount=1/1 timeout=1000ms crc=30 0C len=8
frame=01 04 00 00 00 09 30 0C
[2026-04-17 09:26:23] [INFO] [接收-帧] 09:26:23.049 设备ID=12066 module=PERIODIC id=ReadFoupStatus uuid=132 len=23
frame=01 04 12 EF 56 B0 C9 0F C0 1C EF E3 9C 77 92 D5 7C 25 C2 5A 93 32 D6
[2026-04-17 09:26:24] [INFO] [发送] 09:26:24.059 设备ID=12066 module=PERIODIC id=ReadFoupStatus uuid=132 sendCount=1/1 timeout=1000ms crc=30 0C len=8
frame=01 04 00 00 00 09 30 0C
[2026-04-17 09:26:24] [INFO] [接收-帧] 09:26:24.144 设备ID=12066 module=PERIODIC id=ReadFoupStatus uuid=132 len=23
frame=01 04 12 05 F2 B3 CD 71 51 23 1A 4E CF 03 1F 31 D8 34 97 74 AB E8 E9
[2026-04-17 09:26:25] [INFO] [发送] 09:26:25.618 设备ID=12066 module=PERIODIC id=ReadFoupStatus uuid=132 sendCount=1/1 timeout=1000ms crc=30 0C len=8
frame=01 04 00 00 00 09 30 0C
[2026-04-17 09:26:25] [INFO] [接收-帧] 09:26:25.746 设备ID=12066 module=PERIODIC id=ReadFoupStatus uuid=132 len=23
frame=01 04 12 E9 1F 8D 13 9A E0 C7 4F A9 40 4C BB 48 BF 66 77 15 17 08 A8
[2026-04-17 09:26:27] [INFO] [发送] 09:26:27.142 设备ID=12066 module=PERIODIC id=ReadFoupStatus uuid=132 sendCount=1/1 timeout=1000ms crc=30 0C len=8
frame=01 04 00 00 00 09 30 0C
[2026-04-17 09:26:27] [INFO] [接收-帧] 09:26:27.211 设备ID=12066 module=PERIODIC id=ReadFoupStatus uuid=132 len=23
frame=01 04 12 3C 1C 49 AD 7E DF 4E B2 53 11 03 91 D5 19 BF 8F 71 20 F5 74
[2026-04-17 09:26:28] [INFO] [发送] 09:26:28.236 设备ID=12066 module=PERIODIC id=ReadFoupStatus uuid=132 sendCount=1/1 timeout=1000ms crc=30 0C len=8
frame=01 04 00 00 00 09 30 0C
[2026-04-17 09:26:28] [INFO] [接收-帧] 09:26:28.351 设备ID=12066 module=PERIODIC id=ReadFoupStatus uuid=132 len=23
frame=01 04 12 55 30 AB DA 86 D5 E2 CD 70 2A 9B 38 92 58 56 1E 37 66 F1 0B
[2026-04-17 09:26:29] [INFO] [发送] 09:26:29.407 设备ID=12066 module=PERIODIC id=ReadFoupStatus uuid=132 sendCount=1/1 timeout=1000ms crc=30 0C len=8
frame=01 04 00 00 00 09 30 0C
[2026-04-17 09:26:29] [INFO] [接收-帧] 09:26:29.504 设备ID=12066 module=PERIODIC id=ReadFoupStatus uuid=132 len=23
frame=01 04 12 3B FA F3 28 4A 16 55 D3 12 AE 94 C6 BA 05 65 94 F4 79 D7 82
[2026-04-17 09:26:30] [INFO] [发送] 09:26:30.528 设备ID=12066 module=PERIODIC id=ReadFoupStatus uuid=132 sendCount=1/1 timeout=1000ms crc=30 0C len=8
frame=01 04 00 00 00 09 30 0C
[2026-04-17 09:26:30] [INFO] [接收-帧] 09:26:30.590 设备ID=12066 module=PERIODIC id=ReadFoupStatus uuid=132 len=23
frame=01 04 12 14 01 71 42 47 03 43 3D 34 AE 78 0B 82 0C 7A 6D 97 45 96 2D
[2026-04-17 09:26:31] [INFO] [发送] 09:26:31.744 设备ID=12066 module=PERIODIC id=ReadFoupStatus uuid=132 sendCount=1/1 timeout=1000ms crc=30 0C len=8
frame=01 04 00 00 00 09 30 0C
[2026-04-17 09:26:31] [INFO] [接收-帧] 09:26:31.800 设备ID=12066 module=PERIODIC id=ReadFoupStatus uuid=132 len=23
frame=01 04 12 A9 A9 D4 AF DB 70 D7 80 C7 00 FA A1 57 B5 EA F4 BC 58 5D 7C
[2026-04-17 09:26:32] [INFO] [发送] 09:26:32.796 设备ID=12066 module=PERIODIC id=ReadFoupStatus uuid=132 sendCount=1/1 timeout=1000ms crc=30 0C len=8
frame=01 04 00 00 00 09 30 0C
[2026-04-17 09:26:32] [INFO] [接收-帧] 09:26:32.892 设备ID=12066 module=PERIODIC id=ReadFoupStatus uuid=132 len=23
frame=01 04 12 26 1B 0D 0F E7 88 77 AD DD 79 2E CC 24 D0 19 B8 06 F5 41 95
[2026-04-17 09:26:33] [INFO] [发送] 09:26:33.891 设备ID=12066 module=PERIODIC id=ReadFoupStatus uuid=132 sendCount=1/1 timeout=1000ms crc=30 0C len=8
frame=01 04 00 00 00 09 30 0C
[2026-04-17 09:26:33] [INFO] [接收-帧] 09:26:33.986 设备ID=12066 module=PERIODIC id=ReadFoupStatus uuid=132 len=23
frame=01 04 12 D7 F1 CD 1E 03 2E 09 93 8D 53 05 7A F8 E5 6B 33 26 3B DF 8F
[2026-04-17 09:26:35] [INFO] [发送] 09:26:35.071 设备ID=12066 module=PERIODIC id=ReadFoupStatus uuid=132 sendCount=1/1 timeout=1000ms crc=30 0C len=8
frame=01 04 00 00 00 09 30 0C
[2026-04-17 09:26:35] [INFO] [接收-帧] 09:26:35.078 设备ID=12066 module=PERIODIC id=ReadFoupStatus uuid=132 len=23
frame=01 04 12 5A A9 4C 75 4B A8 9D 65 D8 2C 0B E1 49 57 6A 1F D2 12 3D 78
[2026-04-17 09:26:36] [INFO] [发送] 09:26:36.084 设备ID=12066 module=PERIODIC id=ReadFoupStatus uuid=132 sendCount=1/1 timeout=1000ms crc=30 0C len=8
frame=01 04 00 00 00 09 30 0C
[2026-04-17 09:26:36] [INFO] [接收-帧] 09:26:36.171 设备ID=12066 module=PERIODIC id=ReadFoupStatus uuid=132 len=23
frame=01 04 12 D4 C7 0C E2 94 06 E3 CD F8 DB C7 90 AE 97 2F 8C D5 FC 2A A5
[2026-04-17 09:26:37] [INFO] [发送] 09:26:37.181 设备ID=12066 module=PERIODIC id=ReadFoupStatus uuid=132 sendCount=1/1 timeout=1000ms crc=30 0C len=8
frame=01 04 00 00 00 09 30 0C
[2026-04-17 09:26:37] [INFO] [接收-帧] 09:26:37.269 设备ID=12066 module=PERIODIC id=ReadFoupStatus uuid=132 len=23
frame=01 04 12 EC D3 C9 FB C5 99 70 18 FA 4A 55 6F 29 5E EA 4B 3F 6F 9E 3D
[2026-04-17 09:26:38] [INFO] [发送] 09:26:38.280 设备ID=12066 module=PERIODIC id=ReadFoupStatus uuid=132 sendCount=1/1 timeout=1000ms crc=30 0C len=8
frame=01 04 00 00 00 09 30 0C
[2026-04-17 09:26:38] [INFO] [接收-帧] 09:26:38.359 设备ID=12066 module=PERIODIC id=ReadFoupStatus uuid=132 len=23
frame=01 04 12 23 EC B2 16 F2 E7 98 B0 39 A9 41 6F 3C 74 45 CB EA 7F 67 25
[2026-04-17 09:26:39] [INFO] [发送] 09:26:39.359 设备ID=12066 module=PERIODIC id=ReadFoupStatus uuid=132 sendCount=1/1 timeout=1000ms crc=30 0C len=8
frame=01 04 00 00 00 09 30 0C
[2026-04-17 09:26:39] [INFO] [接收-帧] 09:26:39.453 设备ID=12066 module=PERIODIC id=ReadFoupStatus uuid=132 len=23
frame=01 04 12 D4 67 9B 28 98 36 4F 9C BF F8 18 E5 80 D5 BD 63 5E FC BF 46
[2026-04-17 09:26:40] [INFO] [发送] 09:26:40.467 设备ID=12066 module=PERIODIC id=ReadFoupStatus uuid=132 sendCount=1/1 timeout=1000ms crc=30 0C len=8
frame=01 04 00 00 00 09 30 0C
[2026-04-17 09:26:40] [INFO] [接收-帧] 09:26:40.547 设备ID=12066 module=PERIODIC id=ReadFoupStatus uuid=132 len=23
frame=01 04 12 AB DB 6C 96 63 39 C6 DA 34 9F 56 A7 82 74 75 1D B4 E8 17 DC
[2026-04-17 09:26:41] [INFO] [发送] 09:26:41.602 设备ID=12066 module=PERIODIC id=ReadFoupStatus uuid=132 sendCount=1/1 timeout=1000ms crc=30 0C len=8
frame=01 04 00 00 00 09 30 0C
[2026-04-17 09:26:41] [INFO] [接收-帧] 09:26:41.685 设备ID=12066 module=PERIODIC id=ReadFoupStatus uuid=132 len=23
frame=01 04 12 FA FC 60 2E B4 25 D7 E0 37 38 7E 67 96 1A B5 17 68 76 99 EF
[2026-04-17 09:26:42] [INFO] [发送] 09:26:42.716 设备ID=12066 module=PERIODIC id=ReadFoupStatus uuid=132 sendCount=1/1 timeout=1000ms crc=30 0C len=8
frame=01 04 00 00 00 09 30 0C
[2026-04-17 09:26:42] [INFO] [接收-帧] 09:26:42.827 设备ID=12066 module=PERIODIC id=ReadFoupStatus uuid=132 len=23
frame=01 04 12 49 DB 6C 91 D4 25 DE F5 AA FB 7F AF C0 A5 B6 D6 08 91 5C DF
[2026-04-17 09:26:43] [INFO] [发送] 09:26:43.847 设备ID=12066 module=PERIODIC id=ReadFoupStatus uuid=132 sendCount=1/1 timeout=1000ms crc=30 0C len=8
frame=01 04 00 00 00 09 30 0C
[2026-04-17 09:26:43] [INFO] [接收-帧] 09:26:43.938 设备ID=12066 module=PERIODIC id=ReadFoupStatus uuid=132 len=23
frame=01 04 12 82 6B 7B 17 0A EA BE 08 54 53 E4 5E D3 55 12 0F 44 09 8B B7
[2026-04-17 09:26:44] [INFO] [发送] 09:26:44.933 设备ID=12066 module=PERIODIC id=ReadFoupStatus uuid=132 sendCount=1/1 timeout=1000ms crc=30 0C len=8
frame=01 04 00 00 00 09 30 0C
[2026-04-17 09:26:45] [INFO] [接收-帧] 09:26:45.031 设备ID=12066 module=PERIODIC id=ReadFoupStatus uuid=132 len=23
frame=01 04 12 43 E9 72 A0 C7 EC 36 16 5F 24 5D 21 1F D5 EF CF F3 D4 B0 78
[2026-04-17 09:26:46] [INFO] [发送] 09:26:46.028 设备ID=12066 module=PERIODIC id=ReadFoupStatus uuid=132 sendCount=1/1 timeout=1000ms crc=30 0C len=8
frame=01 04 00 00 00 09 30 0C
[2026-04-17 09:26:46] [INFO] [接收-帧] 09:26:46.131 设备ID=12066 module=PERIODIC id=ReadFoupStatus uuid=132 len=23
frame=01 04 12 F8 C1 F4 8B 63 A1 42 44 1C D0 1C F8 57 DC 66 CE FE F3 A4 FD
[2026-04-17 09:26:47] [INFO] [发送] 09:26:47.148 设备ID=12066 module=PERIODIC id=ReadFoupStatus uuid=132 sendCount=1/1 timeout=1000ms crc=30 0C len=8
frame=01 04 00 00 00 09 30 0C
[2026-04-17 09:26:47] [INFO] [接收-帧] 09:26:47.218 设备ID=12066 module=PERIODIC id=ReadFoupStatus uuid=132 len=23
frame=01 04 12 3C BB 9A 5F BD 20 6B D3 AF DB D9 3D 59 7A A1 0D A9 36 1C 86
[2026-04-17 09:26:48] [INFO] [发送] 09:26:48.219 设备ID=12066 module=PERIODIC id=ReadFoupStatus uuid=132 sendCount=1/1 timeout=1000ms crc=30 0C len=8
frame=01 04 00 00 00 09 30 0C
[2026-04-17 09:26:48] [INFO] [接收-帧] 09:26:48.316 设备ID=12066 module=PERIODIC id=ReadFoupStatus uuid=132 len=23
frame=01 04 12 0C CD 0C 48 86 8A B9 94 1C 9D 05 87 2A 66 FF DC 1A C7 6D B2
[2026-04-17 09:26:49] [INFO] [发送] 09:26:49.311 设备ID=12066 module=PERIODIC id=ReadFoupStatus uuid=132 sendCount=1/1 timeout=1000ms crc=30 0C len=8
frame=01 04 00 00 00 09 30 0C
[2026-04-17 09:26:49] [INFO] [接收-帧] 09:26:49.407 设备ID=12066 module=PERIODIC id=ReadFoupStatus uuid=132 len=23
frame=01 04 12 85 86 FB DB 19 BF 6A F1 4B 92 0D BC DC 6A 5F 5E 41 CA FB 60
[2026-04-17 09:26:50] [INFO] [发送] 09:26:50.413 设备ID=12066 module=PERIODIC id=ReadFoupStatus uuid=132 sendCount=1/1 timeout=1000ms crc=30 0C len=8
frame=01 04 00 00 00 09 30 0C
[2026-04-17 09:26:50] [INFO] [接收-帧] 09:26:50.530 设备ID=12066 module=PERIODIC id=ReadFoupStatus uuid=132 len=23
frame=01 04 12 28 70 FC 0A ED 34 C0 26 F5 9F EC 6C F5 19 D2 CA 82 F4 1F A8
[2026-04-17 09:26:51] [INFO] [发送] 09:26:51.525 设备ID=12066 module=PERIODIC id=ReadFoupStatus uuid=132 sendCount=1/1 timeout=1000ms crc=30 0C len=8
frame=01 04 00 00 00 09 30 0C
[2026-04-17 09:26:51] [INFO] [接收-帧] 09:26:51.595 设备ID=12066 module=PERIODIC id=ReadFoupStatus uuid=132 len=23
frame=01 04 12 AF 45 E9 1B CB CC AF B7 B5 B0 73 7E F0 F4 6D 90 68 C2 4D F6
[2026-04-17 09:26:52] [INFO] [发送] 09:26:52.590 设备ID=12066 module=PERIODIC id=ReadFoupStatus uuid=132 sendCount=1/1 timeout=1000ms crc=30 0C len=8
frame=01 04 00 00 00 09 30 0C
[2026-04-17 09:26:52] [INFO] [接收-帧] 09:26:52.687 设备ID=12066 module=PERIODIC id=ReadFoupStatus uuid=132 len=23
frame=01 04 12 FD 70 DC 09 F9 86 8E DF 9C AC FB 3B F9 E5 91 B1 6B 40 8A B8
[2026-04-17 09:26:53] [INFO] [发送] 09:26:53.684 设备ID=12066 module=PERIODIC id=ReadFoupStatus uuid=132 sendCount=1/1 timeout=1000ms crc=30 0C len=8
frame=01 04 00 00 00 09 30 0C
[2026-04-17 09:26:53] [INFO] [接收-帧] 09:26:53.781 设备ID=12066 module=PERIODIC id=ReadFoupStatus uuid=132 len=23
frame=01 04 12 74 38 AF E5 D6 C2 DB B9 93 DD F8 E8 2B 5C C6 ED C9 DB 20 D0
[2026-04-17 09:26:54] [INFO] [发送] 09:26:54.787 设备ID=12066 module=PERIODIC id=ReadFoupStatus uuid=132 sendCount=1/1 timeout=1000ms crc=30 0C len=8
frame=01 04 00 00 00 09 30 0C
[2026-04-17 09:26:54] [INFO] [接收-帧] 09:26:54.874 设备ID=12066 module=PERIODIC id=ReadFoupStatus uuid=132 len=23
frame=01 04 12 A1 93 D2 0E 2D C1 7F 0C A8 8D 43 8D C1 3C EF 61 96 62 D2 DD
[2026-04-17 09:26:55] [INFO] [发送] 09:26:55.880 设备ID=12066 module=PERIODIC id=ReadFoupStatus uuid=132 sendCount=1/1 timeout=1000ms crc=30 0C len=8
frame=01 04 00 00 00 09 30 0C
[2026-04-17 09:26:55] [INFO] [接收-帧] 09:26:55.973 设备ID=12066 module=PERIODIC id=ReadFoupStatus uuid=132 len=23
frame=01 04 12 9E 96 E6 F4 10 BF 28 51 61 89 EC 1B BF F7 D2 A6 21 FB F4 02
[2026-04-17 09:26:56] [INFO] [发送] 09:26:56.971 设备ID=12066 module=PERIODIC id=ReadFoupStatus uuid=132 sendCount=1/1 timeout=1000ms crc=30 0C len=8
frame=01 04 00 00 00 09 30 0C
[2026-04-17 09:26:57] [INFO] [接收-帧] 09:26:57.062 设备ID=12066 module=PERIODIC id=ReadFoupStatus uuid=132 len=23
frame=01 04 12 F6 3D 51 B2 F9 23 52 C5 3B 17 65 1F 20 0C 8B A5 A2 69 AB 8C
[2026-04-17 09:26:58] [INFO] [发送] 09:26:58.059 设备ID=12066 module=PERIODIC id=ReadFoupStatus uuid=132 sendCount=1/1 timeout=1000ms crc=30 0C len=8
frame=01 04 00 00 00 09 30 0C
[2026-04-17 09:26:58] [INFO] [接收-帧] 09:26:58.155 设备ID=12066 module=PERIODIC id=ReadFoupStatus uuid=132 len=23
frame=01 04 12 1B 42 6F D9 AA A2 25 3A 19 B0 56 38 C0 83 0D 80 E1 B3 2D 11
[2026-04-17 09:26:59] [INFO] [发送] 09:26:59.150 设备ID=12066 module=PERIODIC id=ReadFoupStatus uuid=132 sendCount=1/1 timeout=1000ms crc=30 0C len=8
frame=01 04 00 00 00 09 30 0C
[2026-04-17 09:26:59] [INFO] [接收-帧] 09:26:59.255 设备ID=12066 module=PERIODIC id=ReadFoupStatus uuid=132 len=23
frame=01 04 12 9F 4E D0 CA B9 8B 63 CA A7 10 A3 7F EE 5D 35 08 B5 5F E3 08
[2026-04-17 09:27:00] [INFO] [发送] 09:27:00.255 设备ID=12066 module=PERIODIC id=ReadFoupStatus uuid=132 sendCount=1/1 timeout=1000ms crc=30 0C len=8
frame=01 04 00 00 00 09 30 0C
[2026-04-17 09:27:00] [INFO] [接收-帧] 09:27:00.344 设备ID=12066 module=PERIODIC id=ReadFoupStatus uuid=132 len=23
frame=01 04 12 C4 3A 59 C7 C8 91 99 DB C5 6B E4 8A 5F 36 A6 B5 48 80 07 07
[2026-04-17 09:27:01] [INFO] [发送] 09:27:01.347 设备ID=12066 module=PERIODIC id=ReadFoupStatus uuid=132 sendCount=1/1 timeout=1000ms crc=30 0C len=8
frame=01 04 00 00 00 09 30 0C
[2026-04-17 09:27:01] [INFO] [接收-帧] 09:27:01.442 设备ID=12066 module=PERIODIC id=ReadFoupStatus uuid=132 len=23
frame=01 04 12 1D 57 6A D7 26 3B FD 5C B2 89 EE 71 15 6F 49 5C 2A E3 97 53
[2026-04-17 09:27:37] [INFO] [发送] 09:27:37.636 设备ID=12066 module=INITIAL id=ReadVersion uuid=131 sendCount=1/4 timeout=1000ms crc=B1 CD len=8
frame=01 04 00 18 00 01 B1 CD
[2026-04-17 09:27:37] [INFO] [接收-帧] 09:27:37.740 设备ID=12066 module=INITIAL id=ReadVersion uuid=131 len=7
frame=01 04 02 00 00 B9 30
[2026-04-17 09:27:37] [INFO] [发送] 09:27:37.740 设备ID=12066 module=PERIODIC id=ReadFoupStatus uuid=132 sendCount=1/1 timeout=1000ms crc=30 0C len=8
frame=01 04 00 00 00 09 30 0C
[2026-04-17 09:27:37] [INFO] [接收-帧] 09:27:37.841 设备ID=12066 module=PERIODIC id=ReadFoupStatus uuid=132 len=23
frame=01 04 12 41 78 5A 0E BB E4 AC D2 34 9F 8F 70 6F 49 6D CA D7 E6 CD 2D
[2026-04-17 09:27:38] [INFO] [发送] 09:27:38.842 设备ID=12066 module=PERIODIC id=ReadFoupStatus uuid=132 sendCount=1/1 timeout=1000ms crc=30 0C len=8
frame=01 04 00 00 00 09 30 0C
[2026-04-17 09:27:38] [INFO] [接收-帧] 09:27:38.940 设备ID=12066 module=PERIODIC id=ReadFoupStatus uuid=132 len=23
frame=01 04 12 86 B2 99 12 4A 9B 6D 16 3C 3D E1 8D 3D C9 95 59 C8 AD 38 2D
[2026-04-17 09:27:39] [INFO] [发送] 09:27:39.938 设备ID=12066 module=PERIODIC id=ReadFoupStatus uuid=132 sendCount=1/1 timeout=1000ms crc=30 0C len=8
frame=01 04 00 00 00 09 30 0C
[2026-04-17 09:27:40] [INFO] [接收-帧] 09:27:40.031 设备ID=12066 module=PERIODIC id=ReadFoupStatus uuid=132 len=23
frame=01 04 12 2F 37 1A A3 E7 4F CF 15 1E 0D B5 BA 59 4C D9 96 83 73 E0 67
[2026-04-17 09:27:41] [INFO] [发送] 09:27:41.027 设备ID=12066 module=PERIODIC id=ReadFoupStatus uuid=132 sendCount=1/1 timeout=1000ms crc=30 0C len=8
frame=01 04 00 00 00 09 30 0C
[2026-04-17 09:27:41] [INFO] [接收-帧] 09:27:41.124 设备ID=12066 module=PERIODIC id=ReadFoupStatus uuid=132 len=23
frame=01 04 12 A4 3C 14 D9 A2 A7 1D 66 DF 5A E7 DD 7B 5F CE 78 84 3B F1 A3
[2026-04-17 09:27:42] [INFO] [发送] 09:27:42.127 设备ID=12066 module=PERIODIC id=ReadFoupStatus uuid=132 sendCount=1/1 timeout=1000ms crc=30 0C len=8
frame=01 04 00 00 00 09 30 0C
[2026-04-17 09:27:42] [INFO] [接收-帧] 09:27:42.217 设备ID=12066 module=PERIODIC id=ReadFoupStatus uuid=132 len=23
frame=01 04 12 6D E1 50 10 33 ED 85 06 BF E4 EA 9E 7F 63 4D 08 E4 74 9E A4
[2026-04-17 09:27:43] [INFO] [发送] 09:27:43.221 设备ID=12066 module=PERIODIC id=ReadFoupStatus uuid=132 sendCount=1/1 timeout=1000ms crc=30 0C len=8
frame=01 04 00 00 00 09 30 0C
[2026-04-17 09:27:43] [INFO] [接收-帧] 09:27:43.320 设备ID=12066 module=PERIODIC id=ReadFoupStatus uuid=132 len=23
frame=01 04 12 BC 65 AD 48 8F FB EE 35 CF C5 11 1B 52 E3 70 7D F9 D0 0C 2D
[2026-04-17 09:27:44] [INFO] [发送] 09:27:44.329 设备ID=12066 module=PERIODIC id=ReadFoupStatus uuid=132 sendCount=1/1 timeout=1000ms crc=30 0C len=8
frame=01 04 00 00 00 09 30 0C
[2026-04-17 09:27:44] [INFO] [接收-帧] 09:27:44.406 设备ID=12066 module=PERIODIC id=ReadFoupStatus uuid=132 len=23
frame=01 04 12 E0 D4 17 AC 89 1B C9 7F 12 86 20 66 8A 7E 87 7D 8B E2 22 F0
[2026-04-17 09:27:45] [INFO] [发送] 09:27:45.401 设备ID=12066 module=PERIODIC id=ReadFoupStatus uuid=132 sendCount=1/1 timeout=1000ms crc=30 0C len=8
frame=01 04 00 00 00 09 30 0C
[2026-04-17 09:27:45] [INFO] [接收-帧] 09:27:45.500 设备ID=12066 module=PERIODIC id=ReadFoupStatus uuid=132 len=23
frame=01 04 12 B8 DD CD F5 BD 01 96 44 02 22 E1 99 54 16 DE 09 C5 E4 A5 DC
[2026-04-17 09:27:46] [INFO] [发送] 09:27:46.498 设备ID=12066 module=PERIODIC id=ReadFoupStatus uuid=132 sendCount=1/1 timeout=1000ms crc=30 0C len=8
frame=01 04 00 00 00 09 30 0C
[2026-04-17 09:27:46] [INFO] [接收-帧] 09:27:46.592 设备ID=12066 module=PERIODIC id=ReadFoupStatus uuid=132 len=23
frame=01 04 12 90 44 40 56 B0 7F 50 10 34 D7 1C D5 AC F3 80 A1 60 B8 43 EE
[2026-04-17 09:27:47] [INFO] [发送] 09:27:47.592 设备ID=12066 module=PERIODIC id=ReadFoupStatus uuid=132 sendCount=1/1 timeout=1000ms crc=30 0C len=8
frame=01 04 00 00 00 09 30 0C
[2026-04-17 09:27:47] [INFO] [接收-帧] 09:27:47.686 设备ID=12066 module=PERIODIC id=ReadFoupStatus uuid=132 len=23
frame=01 04 12 A2 DA FD C1 AE AD 37 37 F4 4A FD 7E 65 62 58 5D 37 4A EC EF
[2026-04-17 09:27:48] [INFO] [发送] 09:27:48.684 设备ID=12066 module=PERIODIC id=ReadFoupStatus uuid=132 sendCount=1/1 timeout=1000ms crc=30 0C len=8
frame=01 04 00 00 00 09 30 0C
[2026-04-17 09:27:48] [INFO] [接收-帧] 09:27:48.780 设备ID=12066 module=PERIODIC id=ReadFoupStatus uuid=132 len=23
frame=01 04 12 87 39 34 A7 AE D2 A9 BB B2 61 F1 BB 07 15 26 3C 91 36 7B A4
[2026-04-17 09:27:49] [INFO] [发送] 09:27:49.776 设备ID=12066 module=PERIODIC id=ReadFoupStatus uuid=132 sendCount=1/1 timeout=1000ms crc=30 0C len=8
frame=01 04 00 00 00 09 30 0C
[2026-04-17 09:27:49] [INFO] [接收-帧] 09:27:49.875 设备ID=12066 module=PERIODIC id=ReadFoupStatus uuid=132 len=23
frame=01 04 12 94 72 23 9E 61 51 DF 49 7F F7 8C 9B D7 BE 5B E7 E1 9E 85 50
[2026-04-17 09:27:50] [INFO] [发送] 09:27:50.878 设备ID=12066 module=PERIODIC id=ReadFoupStatus uuid=132 sendCount=1/1 timeout=1000ms crc=30 0C len=8
frame=01 04 00 00 00 09 30 0C
[2026-04-17 09:27:50] [INFO] [接收-帧] 09:27:50.974 设备ID=12066 module=PERIODIC id=ReadFoupStatus uuid=132 len=23
frame=01 04 12 C0 F4 3D 0C B6 E9 DE F5 69 CB 39 B6 2D 9B F9 24 15 CB F4 27
[2026-04-17 09:31:34] [INFO] [发送] 09:31:34.201 设备ID=12066 module=INITIAL id=ReadVersion uuid=131 sendCount=1/4 timeout=1000ms crc=B1 CD len=8
frame=01 04 00 18 00 01 B1 CD
[2026-04-17 09:31:34] [INFO] [接收-帧] 09:31:34.322 设备ID=12066 module=INITIAL id=ReadVersion uuid=131 len=7
frame=01 04 02 00 00 B9 30
[2026-04-17 09:31:34] [INFO] [发送] 09:31:34.322 设备ID=12066 module=PERIODIC id=ReadFoupStatus uuid=132 sendCount=1/1 timeout=1000ms crc=30 0C len=8
frame=01 04 00 00 00 09 30 0C
[2026-04-17 09:31:34] [INFO] [接收-帧] 09:31:34.424 设备ID=12066 module=PERIODIC id=ReadFoupStatus uuid=132 len=23
frame=01 04 12 34 92 2B E8 A5 4A 1D C3 4F EC D1 9F 96 99 A3 2E 26 8E 3A 39
[2026-04-17 09:31:35] [INFO] [发送] 09:31:35.418 设备ID=12066 module=PERIODIC id=ReadFoupStatus uuid=132 sendCount=1/1 timeout=1000ms crc=30 0C len=8
frame=01 04 00 00 00 09 30 0C
[2026-04-17 09:31:35] [INFO] [接收-帧] 09:31:35.519 设备ID=12066 module=PERIODIC id=ReadFoupStatus uuid=132 len=23
frame=01 04 12 0D E3 04 D5 F1 48 BB 4E 8C CE 73 3E 10 58 78 B2 AF 91 C8 B3
[2026-04-17 09:31:36] [INFO] [发送] 09:31:36.512 设备ID=12066 module=PERIODIC id=ReadFoupStatus uuid=132 sendCount=1/1 timeout=1000ms crc=30 0C len=8
frame=01 04 00 00 00 09 30 0C
[2026-04-17 09:31:36] [INFO] [接收-帧] 09:31:36.608 设备ID=12066 module=PERIODIC id=ReadFoupStatus uuid=132 len=23
frame=01 04 12 B4 2B A4 6C D4 DB B3 FA 2E 1B 2A F6 5E C2 20 2A 21 35 81 45
[2026-04-17 09:31:37] [INFO] [发送] 09:31:37.605 设备ID=12066 module=PERIODIC id=ReadFoupStatus uuid=132 sendCount=1/1 timeout=1000ms crc=30 0C len=8
frame=01 04 00 00 00 09 30 0C
[2026-04-17 09:31:37] [INFO] [接收-帧] 09:31:37.723 设备ID=12066 module=PERIODIC id=ReadFoupStatus uuid=132 len=23
frame=01 04 12 1C C1 AC 2A 7C 26 B2 33 0F 48 C6 0E BF A9 45 47 EC EC BD C0
[2026-04-17 09:31:38] [INFO] [发送] 09:31:38.730 设备ID=12066 module=PERIODIC id=ReadFoupStatus uuid=132 sendCount=1/1 timeout=1000ms crc=30 0C len=8
frame=01 04 00 00 00 09 30 0C
[2026-04-17 09:31:38] [INFO] [接收-帧] 09:31:38.805 设备ID=12066 module=PERIODIC id=ReadFoupStatus uuid=132 len=23
frame=01 04 12 62 0E 58 60 D4 2D E6 05 5B DA B2 66 FE 5B 06 5F 34 62 2E 2B
[2026-04-17 09:31:39] [INFO] [发送] 09:31:39.815 设备ID=12066 module=PERIODIC id=ReadFoupStatus uuid=132 sendCount=1/1 timeout=1000ms crc=30 0C len=8
frame=01 04 00 00 00 09 30 0C
[2026-04-17 09:31:39] [INFO] [接收-帧] 09:31:39.895 设备ID=12066 module=PERIODIC id=ReadFoupStatus uuid=132 len=23
frame=01 04 12 C9 C1 83 65 7C 31 C2 48 5A 58 A4 17 F1 49 8C A3 D6 A4 0F 05
[2026-04-17 09:31:40] [INFO] [发送] 09:31:40.889 设备ID=12066 module=PERIODIC id=ReadFoupStatus uuid=132 sendCount=1/1 timeout=1000ms crc=30 0C len=8
frame=01 04 00 00 00 09 30 0C
[2026-04-17 09:31:40] [INFO] [接收-帧] 09:31:40.989 设备ID=12066 module=PERIODIC id=ReadFoupStatus uuid=132 len=23
frame=01 04 12 3C 91 94 0F 15 30 BC DD BD 02 13 59 07 1D 12 C1 99 CC D7 BE
[2026-04-17 09:31:41] [INFO] [发送] 09:31:41.990 设备ID=12066 module=PERIODIC id=ReadFoupStatus uuid=132 sendCount=1/1 timeout=1000ms crc=30 0C len=8
frame=01 04 00 00 00 09 30 0C
[2026-04-17 09:31:42] [INFO] [接收-帧] 09:31:42.086 设备ID=12066 module=PERIODIC id=ReadFoupStatus uuid=132 len=23
frame=01 04 12 80 D1 4C 0F 21 F6 F7 71 EB 7B 98 8B DC E9 9A 9F 40 53 18 A7
[2026-04-17 09:31:43] [INFO] [发送] 09:31:43.075 设备ID=12066 module=PERIODIC id=ReadFoupStatus uuid=132 sendCount=1/1 timeout=1000ms crc=30 0C len=8
frame=01 04 00 00 00 09 30 0C
[2026-04-17 09:31:43] [INFO] [接收-帧] 09:31:43.170 设备ID=12066 module=PERIODIC id=ReadFoupStatus uuid=132 len=23
frame=01 04 12 CE 8E AC 46 82 41 25 53 90 F5 4F 68 7B 91 CB A0 68 AE AD 60
[2026-04-17 09:31:44] [INFO] [发送] 09:31:44.176 设备ID=12066 module=PERIODIC id=ReadFoupStatus uuid=132 sendCount=1/1 timeout=1000ms crc=30 0C len=8
frame=01 04 00 00 00 09 30 0C
[2026-04-17 09:31:44] [INFO] [接收-帧] 09:31:44.268 设备ID=12066 module=PERIODIC id=ReadFoupStatus uuid=132 len=23
frame=01 04 12 6C 5F A2 22 AC 14 B9 E5 CF 68 95 89 DC C6 AF DE 5E 95 45 36
[2026-04-17 09:31:45] [INFO] [发送] 09:31:45.262 设备ID=12066 module=PERIODIC id=ReadFoupStatus uuid=132 sendCount=1/1 timeout=1000ms crc=30 0C len=8
frame=01 04 00 00 00 09 30 0C
[2026-04-17 09:31:45] [INFO] [接收-帧] 09:31:45.360 设备ID=12066 module=PERIODIC id=ReadFoupStatus uuid=132 len=23
frame=01 04 12 F3 30 81 B2 DC 9A 12 FC A8 DD 92 4D DD BE CC 46 DD 27 A8 F1
[2026-04-17 09:31:46] [INFO] [发送] 09:31:46.367 设备ID=12066 module=PERIODIC id=ReadFoupStatus uuid=132 sendCount=1/1 timeout=1000ms crc=30 0C len=8
frame=01 04 00 00 00 09 30 0C
[2026-04-17 09:31:46] [INFO] [接收-帧] 09:31:46.453 设备ID=12066 module=PERIODIC id=ReadFoupStatus uuid=132 len=23
frame=01 04 12 50 3C C2 DC 3D B5 33 D5 BC 62 A0 5C DF A3 71 AD 96 C6 AB AC
[2026-04-17 09:31:47] [INFO] [发送] 09:31:47.449 设备ID=12066 module=PERIODIC id=ReadFoupStatus uuid=132 sendCount=1/1 timeout=1000ms crc=30 0C len=8
frame=01 04 00 00 00 09 30 0C
[2026-04-17 09:31:47] [INFO] [接收-帧] 09:31:47.550 设备ID=12066 module=PERIODIC id=ReadFoupStatus uuid=132 len=23
frame=01 04 12 C6 1E A8 FF 96 82 C0 59 E1 FD 5A 29 C6 18 BF BE C0 7A E1 E0
[2026-04-17 09:31:48] [INFO] [发送] 09:31:48.546 设备ID=12066 module=PERIODIC id=ReadFoupStatus uuid=132 sendCount=1/1 timeout=1000ms crc=30 0C len=8
frame=01 04 00 00 00 09 30 0C
[2026-04-17 09:31:48] [INFO] [接收-帧] 09:31:48.643 设备ID=12066 module=PERIODIC id=ReadFoupStatus uuid=132 len=23
frame=01 04 12 D4 7C E1 85 54 ED 66 E7 8A F4 A1 0E BE B1 F6 92 28 70 31 24
[2026-04-17 09:31:49] [INFO] [发送] 09:31:49.640 设备ID=12066 module=PERIODIC id=ReadFoupStatus uuid=132 sendCount=1/1 timeout=1000ms crc=30 0C len=8
frame=01 04 00 00 00 09 30 0C
[2026-04-17 09:31:49] [INFO] [接收-帧] 09:31:49.738 设备ID=12066 module=PERIODIC id=ReadFoupStatus uuid=132 len=23
frame=01 04 12 18 15 F2 BB B9 95 C3 7F 6A 1F 32 21 FC C9 0C D3 94 F3 01 8C
[2026-04-17 09:31:50] [INFO] [发送] 09:31:50.744 设备ID=12066 module=PERIODIC id=ReadFoupStatus uuid=132 sendCount=1/1 timeout=1000ms crc=30 0C len=8
frame=01 04 00 00 00 09 30 0C
[2026-04-17 09:31:50] [INFO] [接收-帧] 09:31:50.834 设备ID=12066 module=PERIODIC id=ReadFoupStatus uuid=132 len=23
frame=01 04 12 56 55 B9 42 E2 75 11 B4 B8 98 BE F7 48 CE 5E EE 44 1E 21 A6
[2026-04-17 09:31:51] [INFO] [发送] 09:31:51.832 设备ID=12066 module=PERIODIC id=ReadFoupStatus uuid=132 sendCount=1/1 timeout=1000ms crc=30 0C len=8
frame=01 04 00 00 00 09 30 0C
[2026-04-17 09:31:51] [INFO] [接收-帧] 09:31:51.923 设备ID=12066 module=PERIODIC id=ReadFoupStatus uuid=132 len=23
frame=01 04 12 F8 87 F4 06 E4 A5 31 AE 44 DE F1 CA 93 46 CF F8 41 34 2B FF
[2026-04-17 09:31:52] [INFO] [发送] 09:31:52.926 设备ID=12066 module=PERIODIC id=ReadFoupStatus uuid=132 sendCount=1/1 timeout=1000ms crc=30 0C len=8
frame=01 04 00 00 00 09 30 0C
[2026-04-17 09:31:53] [INFO] [接收-帧] 09:31:53.026 设备ID=12066 module=PERIODIC id=ReadFoupStatus uuid=132 len=23
frame=01 04 12 F0 61 0B 73 71 12 3E E9 0F 95 1F F0 66 79 5F BF AF 61 F8 30
[2026-04-17 09:31:54] [INFO] [发送] 09:31:54.037 设备ID=12066 module=PERIODIC id=ReadFoupStatus uuid=132 sendCount=1/1 timeout=1000ms crc=30 0C len=8
frame=01 04 00 00 00 09 30 0C
[2026-04-17 09:31:54] [INFO] [接收-帧] 09:31:54.121 设备ID=12066 module=PERIODIC id=ReadFoupStatus uuid=132 len=23
frame=01 04 12 33 BA 93 2A 12 D1 E1 8A 6C 44 AD ED 8A 18 8D 5A B1 C3 83 E7
[2026-04-17 09:31:55] [INFO] [发送] 09:31:55.124 设备ID=12066 module=PERIODIC id=ReadFoupStatus uuid=132 sendCount=1/1 timeout=1000ms crc=30 0C len=8
frame=01 04 00 00 00 09 30 0C
[2026-04-17 09:31:55] [INFO] [接收-帧] 09:31:55.209 设备ID=12066 module=PERIODIC id=ReadFoupStatus uuid=132 len=23
frame=01 04 12 01 2E C7 69 5A 4C 31 F7 71 E4 A1 F4 D6 AA 1D 72 B8 AC C8 FB
[2026-04-17 09:31:56] [INFO] [发送] 09:31:56.199 设备ID=12066 module=PERIODIC id=ReadFoupStatus uuid=132 sendCount=1/1 timeout=1000ms crc=30 0C len=8
frame=01 04 00 00 00 09 30 0C
[2026-04-17 09:31:56] [INFO] [接收-帧] 09:31:56.301 设备ID=12066 module=PERIODIC id=ReadFoupStatus uuid=132 len=23
frame=01 04 12 16 10 75 6D F4 B6 A1 66 46 A6 FD 26 B5 79 5B 21 24 99 9E F6
[2026-04-17 09:31:57] [INFO] [发送] 09:31:57.295 设备ID=12066 module=PERIODIC id=ReadFoupStatus uuid=132 sendCount=1/1 timeout=1000ms crc=30 0C len=8
frame=01 04 00 00 00 09 30 0C
[2026-04-17 09:31:57] [INFO] [接收-帧] 09:31:57.392 设备ID=12066 module=PERIODIC id=ReadFoupStatus uuid=132 len=23
frame=01 04 12 98 8F 0A 02 9B 7D 2D C1 92 EC CE 50 B2 AF 7B 9F E2 1B 13 73
[2026-04-17 09:31:58] [INFO] [发送] 09:31:58.387 设备ID=12066 module=PERIODIC id=ReadFoupStatus uuid=132 sendCount=1/1 timeout=1000ms crc=30 0C len=8
frame=01 04 00 00 00 09 30 0C
[2026-04-17 09:31:58] [INFO] [接收-帧] 09:31:58.485 设备ID=12066 module=PERIODIC id=ReadFoupStatus uuid=132 len=23
frame=01 04 12 60 CC 84 0A A2 F5 3E 3E 9D 07 E9 B4 17 24 04 D2 A2 24 88 55
[2026-04-17 09:31:59] [INFO] [发送] 09:31:59.483 设备ID=12066 module=PERIODIC id=ReadFoupStatus uuid=132 sendCount=1/1 timeout=1000ms crc=30 0C len=8
frame=01 04 00 00 00 09 30 0C
[2026-04-17 09:31:59] [INFO] [接收-帧] 09:31:59.577 设备ID=12066 module=PERIODIC id=ReadFoupStatus uuid=132 len=23
frame=01 04 12 9B 9D 4C C8 20 DA D3 C9 26 66 2A 7D 78 C2 BE DC FE FF D5 91
[2026-04-17 09:32:00] [INFO] [发送] 09:32:00.581 设备ID=12066 module=PERIODIC id=ReadFoupStatus uuid=132 sendCount=1/1 timeout=1000ms crc=30 0C len=8
frame=01 04 00 00 00 09 30 0C
[2026-04-17 09:32:00] [INFO] [接收-帧] 09:32:00.676 设备ID=12066 module=PERIODIC id=ReadFoupStatus uuid=132 len=23
frame=01 04 12 E9 CA 31 82 10 83 FC 3F 3F F9 30 A8 F4 5E 78 7E F8 06 06 77
[2026-04-17 09:32:01] [INFO] [发送] 09:32:01.681 设备ID=12066 module=PERIODIC id=ReadFoupStatus uuid=132 sendCount=1/1 timeout=1000ms crc=30 0C len=8
frame=01 04 00 00 00 09 30 0C
[2026-04-17 09:32:01] [INFO] [接收-帧] 09:32:01.769 设备ID=12066 module=PERIODIC id=ReadFoupStatus uuid=132 len=23
frame=01 04 12 65 69 7A 0C 7A 63 C0 12 12 58 68 2A AF 16 F8 7B AA B0 63 2D
[2026-04-17 09:32:02] [INFO] [发送] 09:32:02.777 设备ID=12066 module=PERIODIC id=ReadFoupStatus uuid=132 sendCount=1/1 timeout=1000ms crc=30 0C len=8
frame=01 04 00 00 00 09 30 0C
[2026-04-17 09:32:02] [INFO] [接收-帧] 09:32:02.864 设备ID=12066 module=PERIODIC id=ReadFoupStatus uuid=132 len=23
frame=01 04 12 2D 78 76 1E 65 9B FE 98 90 46 AC 0C DC 52 76 16 55 41 F3 43
[2026-04-17 09:32:03] [INFO] [发送] 09:32:03.870 设备ID=12066 module=PERIODIC id=ReadFoupStatus uuid=132 sendCount=1/1 timeout=1000ms crc=30 0C len=8
frame=01 04 00 00 00 09 30 0C
[2026-04-17 09:32:03] [INFO] [接收-帧] 09:32:03.957 设备ID=12066 module=PERIODIC id=ReadFoupStatus uuid=132 len=23
frame=01 04 12 C7 46 57 BB E5 19 B8 FC 65 1D 03 D2 44 46 F4 96 9C E3 8D 42
