[2026-04-17 09:24:09] [INFO] [发送] 09:24:09.177 设备ID=12022 module=INITIAL id=ReadVersion uuid=43 sendCount=1/4 timeout=1000ms crc=B1 CD len=8
frame=01 04 00 18 00 01 B1 CD
[2026-04-17 09:24:10] [INFO] [接收-帧] 09:24:10.175 设备ID=12022 module=INITIAL id=ReadVersion uuid=43 len=7
frame=01 04 02 00 00 B9 30
[2026-04-17 09:24:10] [INFO] [发送] 09:24:10.175 设备ID=12022 module=PERIODIC id=ReadFoupStatus uuid=44 sendCount=1/1 timeout=1000ms crc=30 0C len=8
frame=01 04 00 00 00 09 30 0C
[2026-04-17 09:24:12] [INFO] [发送] 09:24:12.174 设备ID=12022 module=PERIODIC id=ReadFoupStatus uuid=44 sendCount=1/1 timeout=1000ms crc=30 0C len=8
frame=01 04 00 00 00 09 30 0C
[2026-04-17 09:24:14] [INFO] [发送] 09:24:14.183 设备ID=12022 module=PERIODIC id=ReadFoupStatus uuid=44 sendCount=1/1 timeout=1000ms crc=30 0C len=8
frame=01 04 00 00 00 09 30 0C
[2026-04-17 09:24:16] [INFO] [发送] 09:24:16.202 设备ID=12022 module=PERIODIC id=ReadFoupStatus uuid=44 sendCount=1/1 timeout=1000ms crc=30 0C len=8
frame=01 04 00 00 00 09 30 0C
[2026-04-17 09:24:18] [INFO] [发送] 09:24:18.202 设备ID=12022 module=PERIODIC id=ReadFoupStatus uuid=44 sendCount=1/1 timeout=1000ms crc=30 0C len=8
frame=01 04 00 00 00 09 30 0C
[2026-04-17 09:24:20] [INFO] [发送] 09:24:20.204 设备ID=12022 module=PERIODIC id=ReadFoupStatus uuid=44 sendCount=1/1 timeout=1000ms crc=30 0C len=8
frame=01 04 00 00 00 09 30 0C
[2026-04-17 09:24:22] [INFO] [发送] 09:24:22.202 设备ID=12022 module=PERIODIC id=ReadFoupStatus uuid=44 sendCount=1/1 timeout=1000ms crc=30 0C len=8
frame=01 04 00 00 00 09 30 0C
[2026-04-17 09:24:24] [INFO] [发送] 09:24:24.200 设备ID=12022 module=PERIODIC id=ReadFoupStatus uuid=44 sendCount=1/1 timeout=1000ms crc=30 0C len=8
frame=01 04 00 00 00 09 30 0C
[2026-04-17 09:24:26] [INFO] [发送] 09:24:26.203 设备ID=12022 module=PERIODIC id=ReadFoupStatus uuid=44 sendCount=1/1 timeout=1000ms crc=30 0C len=8
frame=01 04 00 00 00 09 30 0C
[2026-04-17 09:24:28] [INFO] [发送] 09:24:28.203 设备ID=12022 module=PERIODIC id=ReadFoupStatus uuid=44 sendCount=1/1 timeout=1000ms crc=30 0C len=8
frame=01 04 00 00 00 09 30 0C
[2026-04-17 09:24:32] [INFO] [发送] 09:24:32.397 设备ID=12022 module=PERIODIC id=ReadFoupStatus uuid=44 sendCount=1/1 timeout=1000ms crc=30 0C len=8
frame=01 04 00 00 00 09 30 0C
[2026-04-17 09:24:34] [INFO] [发送] 09:24:34.390 设备ID=12022 module=PERIODIC id=ReadFoupStatus uuid=44 sendCount=1/1 timeout=1000ms crc=30 0C len=8
frame=01 04 00 00 00 09 30 0C
[2026-04-17 09:24:36] [INFO] [发送] 09:24:36.391 设备ID=12022 module=PERIODIC id=ReadFoupStatus uuid=44 sendCount=1/1 timeout=1000ms crc=30 0C len=8
frame=01 04 00 00 00 09 30 0C
[2026-04-17 09:24:38] [INFO] [发送] 09:24:38.386 设备ID=12022 module=PERIODIC id=ReadFoupStatus uuid=44 sendCount=1/1 timeout=1000ms crc=30 0C len=8
frame=01 04 00 00 00 09 30 0C
[2026-04-17 09:24:40] [INFO] [发送] 09:24:40.389 设备ID=12022 module=PERIODIC id=ReadFoupStatus uuid=44 sendCount=1/1 timeout=1000ms crc=30 0C len=8
frame=01 04 00 00 00 09 30 0C
[2026-04-17 09:24:42] [INFO] [发送] 09:24:42.386 设备ID=12022 module=PERIODIC id=ReadFoupStatus uuid=44 sendCount=1/1 timeout=1000ms crc=30 0C len=8
frame=01 04 00 00 00 09 30 0C
[2026-04-17 09:24:44] [INFO] [发送] 09:24:44.390 设备ID=12022 module=PERIODIC id=ReadFoupStatus uuid=44 sendCount=1/1 timeout=1000ms crc=30 0C len=8
frame=01 04 00 00 00 09 30 0C
[2026-04-17 09:24:48] [INFO] [发送] 09:24:48.430 设备ID=12022 module=PERIODIC id=ReadFoupStatus uuid=44 sendCount=1/1 timeout=1000ms crc=30 0C len=8
frame=01 04 00 00 00 09 30 0C
[2026-04-17 09:24:48] [INFO] [接收-帧] 09:24:48.547 设备ID=12022 module=PERIODIC id=ReadFoupStatus uuid=44 len=23
frame=01 04 12 78 CE FF E7 02 FA 47 11 DE B7 8F 42 4F 7A F3 D1 09 0A DC 88
[2026-04-17 09:24:49] [INFO] [发送] 09:24:49.629 设备ID=12022 module=PERIODIC id=ReadFoupStatus uuid=44 sendCount=1/1 timeout=1000ms crc=30 0C len=8
frame=01 04 00 00 00 09 30 0C
[2026-04-17 09:24:49] [INFO] [接收-帧] 09:24:49.640 设备ID=12022 module=PERIODIC id=ReadFoupStatus uuid=44 len=23
frame=01 04 12 44 EA FB 37 5E 3F 2B 25 5B A4 93 29 03 7E 14 7B 72 31 2D 94
[2026-04-17 09:24:50] [INFO] [发送] 09:24:50.648 设备ID=12022 module=PERIODIC id=ReadFoupStatus uuid=44 sendCount=1/1 timeout=1000ms crc=30 0C len=8
frame=01 04 00 00 00 09 30 0C
[2026-04-17 09:24:50] [INFO] [接收-帧] 09:24:50.734 设备ID=12022 module=PERIODIC id=ReadFoupStatus uuid=44 len=23
frame=01 04 12 D4 7F EC 41 2C D2 0B 2E 0B 1B 54 19 DC B5 49 E0 CD 47 52 31
[2026-04-17 09:24:51] [INFO] [发送] 09:24:51.734 设备ID=12022 module=PERIODIC id=ReadFoupStatus uuid=44 sendCount=1/1 timeout=1000ms crc=30 0C len=8
frame=01 04 00 00 00 09 30 0C
[2026-04-17 09:24:51] [INFO] [接收-帧] 09:24:51.828 设备ID=12022 module=PERIODIC id=ReadFoupStatus uuid=44 len=23
frame=01 04 12 16 B0 B6 17 EF 02 79 26 4C 1D 65 C3 CE 3C CE 03 7F F2 3B 16
[2026-04-17 09:24:52] [INFO] [发送] 09:24:52.821 设备ID=12022 module=PERIODIC id=ReadFoupStatus uuid=44 sendCount=1/1 timeout=1000ms crc=30 0C len=8
frame=01 04 00 00 00 09 30 0C
[2026-04-17 09:24:52] [INFO] [接收-帧] 09:24:52.918 设备ID=12022 module=PERIODIC id=ReadFoupStatus uuid=44 len=23
frame=01 04 12 58 F9 26 A7 65 67 01 A2 62 92 04 C0 87 1A 46 D7 48 F9 E2 B6
[2026-04-17 09:24:53] [INFO] [发送] 09:24:53.921 设备ID=12022 module=PERIODIC id=ReadFoupStatus uuid=44 sendCount=1/1 timeout=1000ms crc=30 0C len=8
frame=01 04 00 00 00 09 30 0C
[2026-04-17 09:24:54] [INFO] [接收-帧] 09:24:54.012 设备ID=12022 module=PERIODIC id=ReadFoupStatus uuid=44 len=23
frame=01 04 12 6E 57 9E 5D 9C 60 9D 70 17 59 6C 1B 07 70 10 C4 45 BF A4 7F
[2026-04-17 09:24:55] [INFO] [发送] 09:24:55.014 设备ID=12022 module=PERIODIC id=ReadFoupStatus uuid=44 sendCount=1/1 timeout=1000ms crc=30 0C len=8
frame=01 04 00 00 00 09 30 0C
[2026-04-17 09:24:55] [INFO] [接收-帧] 09:24:55.109 设备ID=12022 module=PERIODIC id=ReadFoupStatus uuid=44 len=23
frame=01 04 12 D4 B2 02 08 D5 56 A9 B9 63 3D F9 8C C3 C8 9F 6A A1 96 E3 CE
[2026-04-17 09:24:56] [INFO] [发送] 09:24:56.110 设备ID=12022 module=PERIODIC id=ReadFoupStatus uuid=44 sendCount=1/1 timeout=1000ms crc=30 0C len=8
frame=01 04 00 00 00 09 30 0C
[2026-04-17 09:24:56] [INFO] [接收-帧] 09:24:56.202 设备ID=12022 module=PERIODIC id=ReadFoupStatus uuid=44 len=23
frame=01 04 12 F4 B4 34 24 0E B6 E9 26 8F 9A 57 D6 4B 43 8E 72 0C 11 B1 6C
[2026-04-17 09:24:57] [INFO] [发送] 09:24:57.197 设备ID=12022 module=PERIODIC id=ReadFoupStatus uuid=44 sendCount=1/1 timeout=1000ms crc=30 0C len=8
frame=01 04 00 00 00 09 30 0C
[2026-04-17 09:24:57] [INFO] [接收-帧] 09:24:57.294 设备ID=12022 module=PERIODIC id=ReadFoupStatus uuid=44 len=23
frame=01 04 12 DE 87 18 1E D2 56 CE B3 55 4F 75 52 81 47 12 B6 2F DB 37 FF
[2026-04-17 09:24:58] [INFO] [发送] 09:24:58.290 设备ID=12022 module=PERIODIC id=ReadFoupStatus uuid=44 sendCount=1/1 timeout=1000ms crc=30 0C len=8
frame=01 04 00 00 00 09 30 0C
[2026-04-17 09:24:58] [INFO] [接收-帧] 09:24:58.389 设备ID=12022 module=PERIODIC id=ReadFoupStatus uuid=44 len=23
frame=01 04 12 EA 31 31 84 C2 FE 7E 6F E6 CF F2 A8 96 8C A9 4F 29 03 A5 79
[2026-04-17 09:24:59] [INFO] [发送] 09:24:59.389 设备ID=12022 module=PERIODIC id=ReadFoupStatus uuid=44 sendCount=1/1 timeout=1000ms crc=30 0C len=8
frame=01 04 00 00 00 09 30 0C
[2026-04-17 09:24:59] [INFO] [接收-帧] 09:24:59.484 设备ID=12022 module=PERIODIC id=ReadFoupStatus uuid=44 len=23
frame=01 04 12 4F 32 18 B0 53 D7 8C 01 9E 27 C3 1A C1 A3 02 79 72 EF 51 88
[2026-04-17 09:25:00] [INFO] [发送] 09:25:00.481 设备ID=12022 module=PERIODIC id=ReadFoupStatus uuid=44 sendCount=1/1 timeout=1000ms crc=30 0C len=8
frame=01 04 00 00 00 09 30 0C
[2026-04-17 09:25:00] [INFO] [接收-帧] 09:25:00.579 设备ID=12022 module=PERIODIC id=ReadFoupStatus uuid=44 len=23
frame=01 04 12 79 78 F4 45 6B 3C 26 3C 60 04 79 48 72 E6 E2 9D 5A 33 7C BE
[2026-04-17 09:25:01] [INFO] [发送] 09:25:01.663 设备ID=12022 module=PERIODIC id=ReadFoupStatus uuid=44 sendCount=1/1 timeout=1000ms crc=30 0C len=8
frame=01 04 00 00 00 09 30 0C
[2026-04-17 09:25:01] [INFO] [接收-帧] 09:25:01.671 设备ID=12022 module=PERIODIC id=ReadFoupStatus uuid=44 len=23
frame=01 04 12 A8 6C BE FC 6B A3 CE 17 8D 31 99 17 1C C5 04 C2 0E 65 87 5C
[2026-04-17 09:25:02] [INFO] [发送] 09:25:02.725 设备ID=12022 module=PERIODIC id=ReadFoupStatus uuid=44 sendCount=1/1 timeout=1000ms crc=30 0C len=8
frame=01 04 00 00 00 09 30 0C
[2026-04-17 09:25:02] [INFO] [接收-帧] 09:25:02.760 设备ID=12022 module=PERIODIC id=ReadFoupStatus uuid=44 len=23
frame=01 04 12 96 D3 99 FF 23 5D 35 9B C7 B7 3F 9B A7 44 83 F0 8D 2F 7D D9
[2026-04-17 09:25:03] [INFO] [发送] 09:25:03.776 设备ID=12022 module=PERIODIC id=ReadFoupStatus uuid=44 sendCount=1/1 timeout=1000ms crc=30 0C len=8
frame=01 04 00 00 00 09 30 0C
[2026-04-17 09:25:03] [INFO] [接收-帧] 09:25:03.859 设备ID=12022 module=PERIODIC id=ReadFoupStatus uuid=44 len=23
frame=01 04 12 E3 3D A1 BB 84 C1 5D 98 03 D3 15 B4 83 80 E5 22 9A B4 90 0B
[2026-04-17 09:25:04] [INFO] [发送] 09:25:04.852 设备ID=12022 module=PERIODIC id=ReadFoupStatus uuid=44 sendCount=1/1 timeout=1000ms crc=30 0C len=8
frame=01 04 00 00 00 09 30 0C
[2026-04-17 09:25:04] [INFO] [接收-帧] 09:25:04.954 设备ID=12022 module=PERIODIC id=ReadFoupStatus uuid=44 len=23
frame=01 04 12 E9 0B B2 E6 06 80 D9 B3 4D 91 91 F8 6A 71 0E 69 5A 67 67 7B
[2026-04-17 09:25:05] [INFO] [发送] 09:25:05.954 设备ID=12022 module=PERIODIC id=ReadFoupStatus uuid=44 sendCount=1/1 timeout=1000ms crc=30 0C len=8
frame=01 04 00 00 00 09 30 0C
[2026-04-17 09:25:06] [INFO] [接收-帧] 09:25:06.120 设备ID=12022 module=PERIODIC id=ReadFoupStatus uuid=44 len=23
frame=01 04 12 B9 AC AB 90 82 38 64 6A 79 A4 EC B8 0F BF D0 1C A9 FE EF C5
[2026-04-17 09:25:07] [INFO] [发送] 09:25:07.134 设备ID=12022 module=PERIODIC id=ReadFoupStatus uuid=44 sendCount=1/1 timeout=1000ms crc=30 0C len=8
frame=01 04 00 00 00 09 30 0C
[2026-04-17 09:25:07] [INFO] [接收-帧] 09:25:07.302 设备ID=12022 module=PERIODIC id=ReadFoupStatus uuid=44 len=23
frame=01 04 12 35 DD E3 34 31 35 98 D0 BE 3F 37 9C 90 E4 0D E9 03 7A 09 8F
[2026-04-17 09:25:08] [INFO] [发送] 09:25:08.292 设备ID=12022 module=PERIODIC id=ReadFoupStatus uuid=44 sendCount=1/1 timeout=1000ms crc=30 0C len=8
frame=01 04 00 00 00 09 30 0C
[2026-04-17 09:25:08] [INFO] [接收-帧] 09:25:08.340 设备ID=12022 module=PERIODIC id=ReadFoupStatus uuid=44 len=23
frame=01 04 12 56 C9 5F 0E C1 3F A8 F9 84 0B 34 36 E2 06 7B 22 2E 2A C7 8A
[2026-04-17 09:25:09] [INFO] [发送] 09:25:09.341 设备ID=12022 module=PERIODIC id=ReadFoupStatus uuid=44 sendCount=1/1 timeout=1000ms crc=30 0C len=8
frame=01 04 00 00 00 09 30 0C
[2026-04-17 09:25:09] [INFO] [接收-帧] 09:25:09.446 设备ID=12022 module=PERIODIC id=ReadFoupStatus uuid=44 len=23
frame=01 04 12 99 1D 3A 8A 46 4C 88 E7 04 94 67 BA 05 DA AA 60 AB FD FB 7F
[2026-04-17 09:25:10] [INFO] [发送] 09:25:10.452 设备ID=12022 module=PERIODIC id=ReadFoupStatus uuid=44 sendCount=1/1 timeout=1000ms crc=30 0C len=8
frame=01 04 00 00 00 09 30 0C
[2026-04-17 09:25:10] [INFO] [接收-帧] 09:25:10.531 设备ID=12022 module=PERIODIC id=ReadFoupStatus uuid=44 len=23
frame=01 04 12 DB C3 79 E0 70 64 43 FF ED BE 60 63 1B 42 C5 E0 F8 D0 DB C3
[2026-04-17 09:25:11] [INFO] [发送] 09:25:11.525 设备ID=12022 module=PERIODIC id=ReadFoupStatus uuid=44 sendCount=1/1 timeout=1000ms crc=30 0C len=8
frame=01 04 00 00 00 09 30 0C
[2026-04-17 09:25:11] [INFO] [接收-帧] 09:25:11.627 设备ID=12022 module=PERIODIC id=ReadFoupStatus uuid=44 len=23
frame=01 04 12 1A 6D CE 5F 0F 3E 88 83 CD F9 AB 3A 84 A5 88 14 45 CB 6B 59
[2026-04-17 09:25:12] [INFO] [发送] 09:25:12.624 设备ID=12022 module=PERIODIC id=ReadFoupStatus uuid=44 sendCount=1/1 timeout=1000ms crc=30 0C len=8
frame=01 04 00 00 00 09 30 0C
[2026-04-17 09:25:12] [INFO] [接收-帧] 09:25:12.719 设备ID=12022 module=PERIODIC id=ReadFoupStatus uuid=44 len=23
frame=01 04 12 EC 2D F9 2C 39 C7 E7 65 24 E7 5D C0 AA F9 D2 79 A2 72 05 59
[2026-04-17 09:25:13] [INFO] [发送] 09:25:13.722 设备ID=12022 module=PERIODIC id=ReadFoupStatus uuid=44 sendCount=1/1 timeout=1000ms crc=30 0C len=8
frame=01 04 00 00 00 09 30 0C
[2026-04-17 09:25:13] [INFO] [接收-帧] 09:25:13.809 设备ID=12022 module=PERIODIC id=ReadFoupStatus uuid=44 len=23
frame=01 04 12 EA F1 DD AE 95 AB 9B 2C 29 28 A4 A3 B8 35 9B 9A 26 E7 39 22
[2026-04-17 09:25:14] [INFO] [发送] 09:25:14.806 设备ID=12022 module=PERIODIC id=ReadFoupStatus uuid=44 sendCount=1/1 timeout=1000ms crc=30 0C len=8
frame=01 04 00 00 00 09 30 0C
[2026-04-17 09:25:14] [INFO] [接收-帧] 09:25:14.904 设备ID=12022 module=PERIODIC id=ReadFoupStatus uuid=44 len=23
frame=01 04 12 99 89 AE 93 1F 27 98 79 5E 34 24 EE 02 EB D8 5D 8B 6E 8D BD
[2026-04-17 09:25:15] [INFO] [发送] 09:25:15.901 设备ID=12022 module=PERIODIC id=ReadFoupStatus uuid=44 sendCount=1/1 timeout=1000ms crc=30 0C len=8
frame=01 04 00 00 00 09 30 0C
[2026-04-17 09:25:16] [INFO] [接收-帧] 09:25:16.001 设备ID=12022 module=PERIODIC id=ReadFoupStatus uuid=44 len=23
frame=01 04 12 5E DC D4 9B 6D 02 78 22 00 CA 30 02 21 40 8D E8 30 E9 34 EF
[2026-04-17 09:25:17] [INFO] [发送] 09:25:16.998 设备ID=12022 module=PERIODIC id=ReadFoupStatus uuid=44 sendCount=1/1 timeout=1000ms crc=30 0C len=8
frame=01 04 00 00 00 09 30 0C
[2026-04-17 09:25:17] [INFO] [接收-帧] 09:25:17.095 设备ID=12022 module=PERIODIC id=ReadFoupStatus uuid=44 len=23
frame=01 04 12 64 FA 9D 92 46 82 6D E7 95 06 65 E5 C4 9A 19 54 15 35 D0 79
[2026-04-17 09:25:18] [INFO] [发送] 09:25:18.088 设备ID=12022 module=PERIODIC id=ReadFoupStatus uuid=44 sendCount=1/1 timeout=1000ms crc=30 0C len=8
frame=01 04 00 00 00 09 30 0C
[2026-04-17 09:25:18] [INFO] [接收-帧] 09:25:18.186 设备ID=12022 module=PERIODIC id=ReadFoupStatus uuid=44 len=23
frame=01 04 12 C1 27 1E 80 F0 35 7C 9A 3C E1 FE EA B0 D9 23 C8 D1 90 A8 41
[2026-04-17 09:25:19] [INFO] [发送] 09:25:19.187 设备ID=12022 module=PERIODIC id=ReadFoupStatus uuid=44 sendCount=1/1 timeout=1000ms crc=30 0C len=8
frame=01 04 00 00 00 09 30 0C
[2026-04-17 09:25:19] [INFO] [接收-帧] 09:25:19.290 设备ID=12022 module=PERIODIC id=ReadFoupStatus uuid=44 len=23
frame=01 04 12 28 10 D4 45 86 D9 43 47 BF C0 F6 5F 50 B0 0F 86 12 9D D3 93
[2026-04-17 09:25:20] [INFO] [发送] 09:25:20.302 设备ID=12022 module=PERIODIC id=ReadFoupStatus uuid=44 sendCount=1/1 timeout=1000ms crc=30 0C len=8
frame=01 04 00 00 00 09 30 0C
[2026-04-17 09:25:20] [INFO] [接收-帧] 09:25:20.430 设备ID=12022 module=PERIODIC id=ReadFoupStatus uuid=44 len=23
frame=01 04 12 BA DE E0 A5 9F 16 53 B2 F1 B9 D2 FC 6E 5D 9C F7 C9 15 30 73
[2026-04-17 09:25:21] [INFO] [发送] 09:25:21.436 设备ID=12022 module=PERIODIC id=ReadFoupStatus uuid=44 sendCount=1/1 timeout=1000ms crc=30 0C len=8
frame=01 04 00 00 00 09 30 0C
[2026-04-17 09:25:21] [INFO] [接收-帧] 09:25:21.465 设备ID=12022 module=PERIODIC id=ReadFoupStatus uuid=44 len=23
frame=01 04 12 0A 62 65 A5 26 D3 81 E2 88 F1 64 0C C1 F6 E7 E7 EB 87 C9 7B
[2026-04-17 09:25:22] [INFO] [发送] 09:25:22.469 设备ID=12022 module=PERIODIC id=ReadFoupStatus uuid=44 sendCount=1/1 timeout=1000ms crc=30 0C len=8
frame=01 04 00 00 00 09 30 0C
[2026-04-17 09:25:22] [INFO] [接收-帧] 09:25:22.563 设备ID=12022 module=PERIODIC id=ReadFoupStatus uuid=44 len=23
frame=01 04 12 E3 47 D0 5A 18 86 98 98 2E 8E B9 18 3F 31 67 A0 8A 94 80 92
[2026-04-17 09:25:23] [INFO] [发送] 09:25:23.567 设备ID=12022 module=PERIODIC id=ReadFoupStatus uuid=44 sendCount=1/1 timeout=1000ms crc=30 0C len=8
frame=01 04 00 00 00 09 30 0C
[2026-04-17 09:25:23] [INFO] [接收-帧] 09:25:23.654 设备ID=12022 module=PERIODIC id=ReadFoupStatus uuid=44 len=23
frame=01 04 12 4F 1A C6 E0 2A 61 FD 09 95 F7 F0 DD 10 8F B8 DC EE 14 98 04
[2026-04-17 09:25:24] [INFO] [发送] 09:25:24.655 设备ID=12022 module=PERIODIC id=ReadFoupStatus uuid=44 sendCount=1/1 timeout=1000ms crc=30 0C len=8
frame=01 04 00 00 00 09 30 0C
[2026-04-17 09:25:24] [INFO] [接收-帧] 09:25:24.750 设备ID=12022 module=PERIODIC id=ReadFoupStatus uuid=44 len=23
frame=01 04 12 86 31 B9 4D 9B 42 3E EE B4 B7 E1 F9 1A 91 C5 3F 89 42 BB 41
[2026-04-17 09:25:25] [INFO] [发送] 09:25:25.754 设备ID=12022 module=PERIODIC id=ReadFoupStatus uuid=44 sendCount=1/1 timeout=1000ms crc=30 0C len=8
frame=01 04 00 00 00 09 30 0C
[2026-04-17 09:25:25] [INFO] [接收-帧] 09:25:25.843 设备ID=12022 module=PERIODIC id=ReadFoupStatus uuid=44 len=23
frame=01 04 12 E4 2A 86 10 D0 31 F8 3B 97 95 F2 57 A5 B7 EF 2D A5 03 E9 C5
[2026-04-17 09:25:26] [INFO] [发送] 09:25:26.836 设备ID=12022 module=PERIODIC id=ReadFoupStatus uuid=44 sendCount=1/1 timeout=1000ms crc=30 0C len=8
frame=01 04 00 00 00 09 30 0C
[2026-04-17 09:25:26] [INFO] [接收-帧] 09:25:26.936 设备ID=12022 module=PERIODIC id=ReadFoupStatus uuid=44 len=23
frame=01 04 12 BF A6 C9 E3 B4 8A EE BC A3 3F DF 4F 20 D3 AE B1 F4 6D C8 39
[2026-04-17 09:25:27] [INFO] [发送] 09:25:27.934 设备ID=12022 module=PERIODIC id=ReadFoupStatus uuid=44 sendCount=1/1 timeout=1000ms crc=30 0C len=8
frame=01 04 00 00 00 09 30 0C
[2026-04-17 09:25:28] [INFO] [接收-帧] 09:25:28.030 设备ID=12022 module=PERIODIC id=ReadFoupStatus uuid=44 len=23
frame=01 04 12 B8 6B BF B5 5F 5C 1C CF 9B 33 A5 F0 36 38 A4 D0 7C B2 41 9E
[2026-04-17 09:25:29] [INFO] [发送] 09:25:29.026 设备ID=12022 module=PERIODIC id=ReadFoupStatus uuid=44 sendCount=1/1 timeout=1000ms crc=30 0C len=8
frame=01 04 00 00 00 09 30 0C
[2026-04-17 09:25:29] [INFO] [接收-帧] 09:25:29.123 设备ID=12022 module=PERIODIC id=ReadFoupStatus uuid=44 len=23
frame=01 04 12 28 2D 15 21 F3 84 37 2C D9 9B 09 7A 32 0F 25 74 47 5B 36 FD
[2026-04-17 09:25:30] [INFO] [发送] 09:25:30.119 设备ID=12022 module=PERIODIC id=ReadFoupStatus uuid=44 sendCount=1/1 timeout=1000ms crc=30 0C len=8
frame=01 04 00 00 00 09 30 0C
[2026-04-17 09:25:30] [INFO] [接收-帧] 09:25:30.216 设备ID=12022 module=PERIODIC id=ReadFoupStatus uuid=44 len=23
frame=01 04 12 6E 13 20 05 51 E8 14 42 BF 74 70 45 9D F7 3E E5 C3 03 D3 6C
[2026-04-17 09:25:31] [INFO] [发送] 09:25:31.218 设备ID=12022 module=PERIODIC id=ReadFoupStatus uuid=44 sendCount=1/1 timeout=1000ms crc=30 0C len=8
frame=01 04 00 00 00 09 30 0C
[2026-04-17 09:25:31] [INFO] [接收-帧] 09:25:31.309 设备ID=12022 module=PERIODIC id=ReadFoupStatus uuid=44 len=23
frame=01 04 12 AD B8 9F 88 E0 4F 7C 2D AD 42 7A 19 CE DA 31 9B 83 7F C8 F0
[2026-04-17 09:25:32] [INFO] [发送] 09:25:32.305 设备ID=12022 module=PERIODIC id=ReadFoupStatus uuid=44 sendCount=1/1 timeout=1000ms crc=30 0C len=8
frame=01 04 00 00 00 09 30 0C
[2026-04-17 09:25:32] [INFO] [接收-帧] 09:25:32.409 设备ID=12022 module=PERIODIC id=ReadFoupStatus uuid=44 len=23
frame=01 04 12 1B 25 AB F8 98 19 8D 9A B0 9C D8 A8 97 B1 0C 57 45 FF 0E BA
[2026-04-17 09:25:33] [INFO] [发送] 09:25:33.403 设备ID=12022 module=PERIODIC id=ReadFoupStatus uuid=44 sendCount=1/1 timeout=1000ms crc=30 0C len=8
frame=01 04 00 00 00 09 30 0C
[2026-04-17 09:25:33] [INFO] [接收-帧] 09:25:33.498 设备ID=12022 module=PERIODIC id=ReadFoupStatus uuid=44 len=23
frame=01 04 12 23 0F 95 06 CD CC 7D 1A E5 8E AE 1A D6 4D C2 06 E4 7E 85 B5
[2026-04-17 09:25:34] [INFO] [发送] 09:25:34.503 设备ID=12022 module=PERIODIC id=ReadFoupStatus uuid=44 sendCount=1/1 timeout=1000ms crc=30 0C len=8
frame=01 04 00 00 00 09 30 0C
[2026-04-17 09:25:34] [INFO] [接收-帧] 09:25:34.596 设备ID=12022 module=PERIODIC id=ReadFoupStatus uuid=44 len=23
frame=01 04 12 7D A4 31 11 57 B6 B3 01 53 F5 FF 20 CE 61 49 58 0A A3 88 E0
[2026-04-17 09:25:35] [INFO] [发送] 09:25:35.599 设备ID=12022 module=PERIODIC id=ReadFoupStatus uuid=44 sendCount=1/1 timeout=1000ms crc=30 0C len=8
frame=01 04 00 00 00 09 30 0C
[2026-04-17 09:25:35] [INFO] [接收-帧] 09:25:35.684 设备ID=12022 module=PERIODIC id=ReadFoupStatus uuid=44 len=23
frame=01 04 12 9C 44 3D E4 E3 C3 E3 6C F6 2B DA E3 30 D8 49 1D 3F 5B EC AC
[2026-04-17 09:25:36] [INFO] [发送] 09:25:36.684 设备ID=12022 module=PERIODIC id=ReadFoupStatus uuid=44 sendCount=1/1 timeout=1000ms crc=30 0C len=8
frame=01 04 00 00 00 09 30 0C
[2026-04-17 09:25:36] [INFO] [接收-帧] 09:25:36.782 设备ID=12022 module=PERIODIC id=ReadFoupStatus uuid=44 len=23
frame=01 04 12 7B 9F 05 10 93 1C 0D F5 83 86 F7 E8 68 48 A6 1E 7F E7 B7 A5
[2026-04-17 09:25:37] [INFO] [发送] 09:25:37.785 设备ID=12022 module=PERIODIC id=ReadFoupStatus uuid=44 sendCount=1/1 timeout=1000ms crc=30 0C len=8
frame=01 04 00 00 00 09 30 0C
[2026-04-17 09:25:37] [INFO] [接收-帧] 09:25:37.871 设备ID=12022 module=PERIODIC id=ReadFoupStatus uuid=44 len=23
frame=01 04 12 05 79 B3 E3 68 D9 1D 81 A7 A8 D6 E2 89 97 F7 C7 91 40 1A 15
[2026-04-17 09:25:38] [INFO] [发送] 09:25:38.869 设备ID=12022 module=PERIODIC id=ReadFoupStatus uuid=44 sendCount=1/1 timeout=1000ms crc=30 0C len=8
frame=01 04 00 00 00 09 30 0C
[2026-04-17 09:25:38] [INFO] [接收-帧] 09:25:38.967 设备ID=12022 module=PERIODIC id=ReadFoupStatus uuid=44 len=23
frame=01 04 12 3F D7 52 D2 A0 0A B1 99 01 22 37 CE AC BF 50 54 6C 3D A2 C0
[2026-04-17 09:25:39] [INFO] [发送] 09:25:39.975 设备ID=12022 module=PERIODIC id=ReadFoupStatus uuid=44 sendCount=1/1 timeout=1000ms crc=30 0C len=8
frame=01 04 00 00 00 09 30 0C
[2026-04-17 09:25:40] [INFO] [接收-帧] 09:25:40.068 设备ID=12022 module=PERIODIC id=ReadFoupStatus uuid=44 len=23
frame=01 04 12 D7 FC BA AF FF 4B E7 5B 9F 50 B9 BB C4 99 CB 58 33 6D 77 6B
[2026-04-17 09:25:41] [INFO] [发送] 09:25:41.068 设备ID=12022 module=PERIODIC id=ReadFoupStatus uuid=44 sendCount=1/1 timeout=1000ms crc=30 0C len=8
frame=01 04 00 00 00 09 30 0C
[2026-04-17 09:25:41] [INFO] [接收-帧] 09:25:41.154 设备ID=12022 module=PERIODIC id=ReadFoupStatus uuid=44 len=23
frame=01 04 12 5A CB E9 DE F4 D6 DF E4 6A A6 2C 20 84 79 B5 0E 8A 25 65 00
[2026-04-17 09:25:42] [INFO] [发送] 09:25:42.155 设备ID=12022 module=PERIODIC id=ReadFoupStatus uuid=44 sendCount=1/1 timeout=1000ms crc=30 0C len=8
frame=01 04 00 00 00 09 30 0C
[2026-04-17 09:25:42] [INFO] [接收-帧] 09:25:42.251 设备ID=12022 module=PERIODIC id=ReadFoupStatus uuid=44 len=23
frame=01 04 12 B0 A2 A2 0B F7 9D 74 A4 31 83 3D E5 AD AD 77 88 E2 07 FD F1
[2026-04-17 09:25:43] [INFO] [发送] 09:25:43.255 设备ID=12022 module=PERIODIC id=ReadFoupStatus uuid=44 sendCount=1/1 timeout=1000ms crc=30 0C len=8
frame=01 04 00 00 00 09 30 0C
[2026-04-17 09:25:43] [INFO] [接收-帧] 09:25:43.342 设备ID=12022 module=PERIODIC id=ReadFoupStatus uuid=44 len=23
frame=01 04 12 4A 57 76 68 62 AB 4B 16 C4 46 4D 86 22 F2 8C 40 A7 CE F5 0B
[2026-04-17 09:25:44] [INFO] [发送] 09:25:44.340 设备ID=12022 module=PERIODIC id=ReadFoupStatus uuid=44 sendCount=1/1 timeout=1000ms crc=30 0C len=8
frame=01 04 00 00 00 09 30 0C
[2026-04-17 09:25:44] [INFO] [接收-帧] 09:25:44.445 设备ID=12022 module=PERIODIC id=ReadFoupStatus uuid=44 len=23
frame=01 04 12 A1 7D 34 8B 97 F4 C4 E9 EF 9F C3 A3 22 66 4A DA 39 A8 27 B8
[2026-04-17 09:25:45] [INFO] [发送] 09:25:45.451 设备ID=12022 module=PERIODIC id=ReadFoupStatus uuid=44 sendCount=1/1 timeout=1000ms crc=30 0C len=8
frame=01 04 00 00 00 09 30 0C
[2026-04-17 09:25:45] [INFO] [接收-帧] 09:25:45.532 设备ID=12022 module=PERIODIC id=ReadFoupStatus uuid=44 len=23
frame=01 04 12 CB 78 0A D6 FE 0B D4 83 65 92 97 8A 71 B8 6A A9 16 FB E6 E6
[2026-04-17 09:25:46] [INFO] [发送] 09:25:46.533 设备ID=12022 module=PERIODIC id=ReadFoupStatus uuid=44 sendCount=1/1 timeout=1000ms crc=30 0C len=8
frame=01 04 00 00 00 09 30 0C
[2026-04-17 09:25:46] [INFO] [接收-帧] 09:25:46.621 设备ID=12022 module=PERIODIC id=ReadFoupStatus uuid=44 len=23
frame=01 04 12 0F 99 72 33 9C D7 03 2A A7 0B DD 4A 5B B7 1B 9A AF AD BF 45
[2026-04-17 09:25:47] [INFO] [发送] 09:25:47.729 设备ID=12022 module=PERIODIC id=ReadFoupStatus uuid=44 sendCount=1/1 timeout=1000ms crc=30 0C len=8
frame=01 04 00 00 00 09 30 0C
[2026-04-17 09:25:47] [INFO] [接收-帧] 09:25:47.828 设备ID=12022 module=PERIODIC id=ReadFoupStatus uuid=44 len=23
frame=01 04 12 6D 72 09 D2 3E AD 40 E2 5F A1 6C 64 8D BA C5 12 5C 1A 2C 3B
[2026-04-17 09:25:48] [INFO] [发送] 09:25:48.822 设备ID=12022 module=PERIODIC id=ReadFoupStatus uuid=44 sendCount=1/1 timeout=1000ms crc=30 0C len=8
frame=01 04 00 00 00 09 30 0C
[2026-04-17 09:25:48] [INFO] [接收-帧] 09:25:48.919 设备ID=12022 module=PERIODIC id=ReadFoupStatus uuid=44 len=23
frame=01 04 12 B1 A5 6E 8C 8E B7 CA 78 D8 0A 12 BA 8E 20 78 51 D9 7A B7 A2
[2026-04-17 09:25:49] [INFO] [发送] 09:25:49.916 设备ID=12022 module=PERIODIC id=ReadFoupStatus uuid=44 sendCount=1/1 timeout=1000ms crc=30 0C len=8
frame=01 04 00 00 00 09 30 0C
[2026-04-17 09:25:50] [INFO] [接收-帧] 09:25:50.017 设备ID=12022 module=PERIODIC id=ReadFoupStatus uuid=44 len=23
frame=01 04 12 A1 7B D8 02 3A 36 24 E4 CB B5 B1 AB C8 97 0C F6 D5 FB C9 0E
[2026-04-17 09:25:51] [INFO] [发送] 09:25:51.011 设备ID=12022 module=PERIODIC id=ReadFoupStatus uuid=44 sendCount=1/1 timeout=1000ms crc=30 0C len=8
frame=01 04 00 00 00 09 30 0C
[2026-04-17 09:25:51] [INFO] [接收-帧] 09:25:51.110 设备ID=12022 module=PERIODIC id=ReadFoupStatus uuid=44 len=23
frame=01 04 12 D6 D2 A5 E4 9E CF 86 42 D0 CF FA 0A E6 19 19 D8 70 F5 BB A0
[2026-04-17 09:25:52] [INFO] [发送] 09:25:52.217 设备ID=12022 module=PERIODIC id=ReadFoupStatus uuid=44 sendCount=1/1 timeout=1000ms crc=30 0C len=8
frame=01 04 00 00 00 09 30 0C
[2026-04-17 09:25:52] [INFO] [接收-帧] 09:25:52.314 设备ID=12022 module=PERIODIC id=ReadFoupStatus uuid=44 len=23
frame=01 04 12 39 9C 8D 37 73 B3 83 8C 92 2F 86 00 E4 A8 44 3D 69 FD 52 1D
[2026-04-17 09:25:53] [INFO] [发送] 09:25:53.307 设备ID=12022 module=PERIODIC id=ReadFoupStatus uuid=44 sendCount=1/1 timeout=1000ms crc=30 0C len=8
frame=01 04 00 00 00 09 30 0C
[2026-04-17 09:25:53] [INFO] [接收-帧] 09:25:53.408 设备ID=12022 module=PERIODIC id=ReadFoupStatus uuid=44 len=23
frame=01 04 12 52 44 BD 90 35 AA 28 86 D0 33 01 A6 3F 52 B5 CE B9 DE 94 16
[2026-04-17 09:25:54] [INFO] [发送] 09:25:54.399 设备ID=12022 module=PERIODIC id=ReadFoupStatus uuid=44 sendCount=1/1 timeout=1000ms crc=30 0C len=8
frame=01 04 00 00 00 09 30 0C
[2026-04-17 09:25:54] [INFO] [接收-帧] 09:25:54.505 设备ID=12022 module=PERIODIC id=ReadFoupStatus uuid=44 len=23
frame=01 04 12 25 65 F7 A6 4C 25 8D 06 71 80 B0 EA EB 9D 79 CF A5 48 52 ED
[2026-04-17 09:25:55] [INFO] [发送] 09:25:55.505 设备ID=12022 module=PERIODIC id=ReadFoupStatus uuid=44 sendCount=1/1 timeout=1000ms crc=30 0C len=8
frame=01 04 00 00 00 09 30 0C
[2026-04-17 09:25:55] [INFO] [接收-帧] 09:25:55.599 设备ID=12022 module=PERIODIC id=ReadFoupStatus uuid=44 len=23
frame=01 04 12 5B 0E 15 97 27 FC 84 2F 6B 72 38 AF AA 62 0D 47 CE 69 D3 9B
[2026-04-17 09:25:56] [INFO] [发送] 09:25:56.652 设备ID=12022 module=PERIODIC id=ReadFoupStatus uuid=44 sendCount=1/1 timeout=1000ms crc=30 0C len=8
frame=01 04 00 00 00 09 30 0C
[2026-04-17 09:25:56] [INFO] [接收-帧] 09:25:56.686 设备ID=12022 module=PERIODIC id=ReadFoupStatus uuid=44 len=23
frame=01 04 12 4D 90 1B 19 22 62 92 63 68 81 D9 BF F9 0F 7D BB 31 73 41 FA
[2026-04-17 09:25:57] [INFO] [发送] 09:25:57.684 设备ID=12022 module=PERIODIC id=ReadFoupStatus uuid=44 sendCount=1/1 timeout=1000ms crc=30 0C len=8
frame=01 04 00 00 00 09 30 0C
[2026-04-17 09:25:57] [INFO] [接收-帧] 09:25:57.782 设备ID=12022 module=PERIODIC id=ReadFoupStatus uuid=44 len=23
frame=01 04 12 7C AB CD 59 25 47 7D 14 2C B3 66 16 80 24 40 55 CD 8C 8E EF
[2026-04-17 09:25:58] [INFO] [发送] 09:25:58.786 设备ID=12022 module=PERIODIC id=ReadFoupStatus uuid=44 sendCount=1/1 timeout=1000ms crc=30 0C len=8
frame=01 04 00 00 00 09 30 0C
[2026-04-17 09:25:58] [INFO] [接收-帧] 09:25:58.878 设备ID=12022 module=PERIODIC id=ReadFoupStatus uuid=44 len=23
frame=01 04 12 4A 86 2C 8E 79 D7 32 92 A3 56 98 C8 5F 77 55 BE 06 FF 48 1D
[2026-04-17 09:25:59] [INFO] [发送] 09:25:59.869 设备ID=12022 module=PERIODIC id=ReadFoupStatus uuid=44 sendCount=1/1 timeout=1000ms crc=30 0C len=8
frame=01 04 00 00 00 09 30 0C
[2026-04-17 09:25:59] [INFO] [接收-帧] 09:25:59.971 设备ID=12022 module=PERIODIC id=ReadFoupStatus uuid=44 len=23
frame=01 04 12 22 48 55 A8 B5 3F 1D 86 DF 6C E9 A1 25 12 80 CB 36 BF 70 C7
[2026-04-17 09:26:00] [INFO] [发送] 09:26:00.970 设备ID=12022 module=PERIODIC id=ReadFoupStatus uuid=44 sendCount=1/1 timeout=1000ms crc=30 0C len=8
frame=01 04 00 00 00 09 30 0C
[2026-04-17 09:26:01] [INFO] [接收-帧] 09:26:01.065 设备ID=12022 module=PERIODIC id=ReadFoupStatus uuid=44 len=23
frame=01 04 12 A5 D8 7A 6F 34 0D 12 47 AF 0F F0 27 DC 1C 35 5E 59 70 CA 8A
[2026-04-17 09:26:02] [INFO] [发送] 09:26:02.067 设备ID=12022 module=PERIODIC id=ReadFoupStatus uuid=44 sendCount=1/1 timeout=1000ms crc=30 0C len=8
frame=01 04 00 00 00 09 30 0C
[2026-04-17 09:26:02] [INFO] [接收-帧] 09:26:02.154 设备ID=12022 module=PERIODIC id=ReadFoupStatus uuid=44 len=23
frame=01 04 12 C0 EE A7 FA C0 9F 3C 13 D7 E9 24 D9 3B A2 0C B0 AF 4C D6 FE
[2026-04-17 09:26:03] [INFO] [发送] 09:26:03.161 设备ID=12022 module=PERIODIC id=ReadFoupStatus uuid=44 sendCount=1/1 timeout=1000ms crc=30 0C len=8
frame=01 04 00 00 00 09 30 0C
[2026-04-17 09:26:03] [INFO] [接收-帧] 09:26:03.253 设备ID=12022 module=PERIODIC id=ReadFoupStatus uuid=44 len=23
frame=01 04 12 F9 39 F5 35 B3 76 CE F0 57 FE E2 63 E5 9E 0A EB CB F3 07 CD
[2026-04-17 09:26:04] [INFO] [发送] 09:26:04.245 设备ID=12022 module=PERIODIC id=ReadFoupStatus uuid=44 sendCount=1/1 timeout=1000ms crc=30 0C len=8
frame=01 04 00 00 00 09 30 0C
[2026-04-17 09:26:04] [INFO] [接收-帧] 09:26:04.383 设备ID=12022 module=PERIODIC id=ReadFoupStatus uuid=44 len=23
frame=01 04 12 6B 14 93 67 8D 03 FC 4B 30 31 FF F7 B3 0C F0 EB 72 D4 39 68
[2026-04-17 09:26:05] [INFO] [发送] 09:26:05.398 设备ID=12022 module=PERIODIC id=ReadFoupStatus uuid=44 sendCount=1/1 timeout=1000ms crc=30 0C len=8
frame=01 04 00 00 00 09 30 0C
[2026-04-17 09:26:05] [INFO] [接收-帧] 09:26:05.437 设备ID=12022 module=PERIODIC id=ReadFoupStatus uuid=44 len=23
frame=01 04 12 82 3C 7F 7E ED 9A 10 A2 E8 14 1B EC 17 83 16 E0 F0 25 AD FB
[2026-04-17 09:26:06] [INFO] [发送] 09:26:06.439 设备ID=12022 module=PERIODIC id=ReadFoupStatus uuid=44 sendCount=1/1 timeout=1000ms crc=30 0C len=8
frame=01 04 00 00 00 09 30 0C
[2026-04-17 09:26:06] [INFO] [接收-帧] 09:26:06.589 设备ID=12022 module=PERIODIC id=ReadFoupStatus uuid=44 len=23
frame=01 04 12 9D 95 E5 10 3C 17 75 96 79 F3 2D 79 B6 5C 1D B6 99 FB 55 BA
[2026-04-17 09:26:07] [INFO] [发送] 09:26:07.716 设备ID=12022 module=PERIODIC id=ReadFoupStatus uuid=44 sendCount=1/1 timeout=1000ms crc=30 0C len=8
frame=01 04 00 00 00 09 30 0C
[2026-04-17 09:26:07] [INFO] [接收-帧] 09:26:07.735 设备ID=12022 module=PERIODIC id=ReadFoupStatus uuid=44 len=23
frame=01 04 12 8B AC 7D C1 61 7B 4B BC 9C 0E 6D 38 2E CA 32 50 B2 28 19 8E
[2026-04-17 09:26:08] [INFO] [发送] 09:26:08.729 设备ID=12022 module=PERIODIC id=ReadFoupStatus uuid=44 sendCount=1/1 timeout=1000ms crc=30 0C len=8
frame=01 04 00 00 00 09 30 0C
[2026-04-17 09:26:08] [INFO] [接收-帧] 09:26:08.825 设备ID=12022 module=PERIODIC id=ReadFoupStatus uuid=44 len=23
frame=01 04 12 4C 7D 67 BD FD F3 2F C7 24 8A F7 D6 2D B6 9D 7C BF C2 8B 86
[2026-04-17 09:26:09] [INFO] [发送] 09:26:09.834 设备ID=12022 module=PERIODIC id=ReadFoupStatus uuid=44 sendCount=1/1 timeout=1000ms crc=30 0C len=8
frame=01 04 00 00 00 09 30 0C
[2026-04-17 09:26:09] [INFO] [接收-帧] 09:26:09.924 设备ID=12022 module=PERIODIC id=ReadFoupStatus uuid=44 len=23
frame=01 04 12 09 8C 4D 2C 00 C2 78 FF 7F 2A 6E 6B BE 55 D4 5A 84 41 59 15
[2026-04-17 09:26:10] [INFO] [发送] 09:26:10.925 设备ID=12022 module=PERIODIC id=ReadFoupStatus uuid=44 sendCount=1/1 timeout=1000ms crc=30 0C len=8
frame=01 04 00 00 00 09 30 0C
[2026-04-17 09:26:11] [INFO] [接收-帧] 09:26:11.018 设备ID=12022 module=PERIODIC id=ReadFoupStatus uuid=44 len=23
frame=01 04 12 5A 0A 2F 04 59 FD 44 BD D3 DE 29 48 0E D0 4F 6C 20 EC BD 05
[2026-04-17 09:26:12] [INFO] [发送] 09:26:12.011 设备ID=12022 module=PERIODIC id=ReadFoupStatus uuid=44 sendCount=1/1 timeout=1000ms crc=30 0C len=8
frame=01 04 00 00 00 09 30 0C
[2026-04-17 09:26:12] [INFO] [接收-帧] 09:26:12.113 设备ID=12022 module=PERIODIC id=ReadFoupStatus uuid=44 len=23
frame=01 04 12 E1 87 81 F6 3D 25 26 C4 5C 91 EB 39 FC 23 8D F9 3F 6C B4 E7
[2026-04-17 09:26:13] [INFO] [发送] 09:26:13.114 设备ID=12022 module=PERIODIC id=ReadFoupStatus uuid=44 sendCount=1/1 timeout=1000ms crc=30 0C len=8
frame=01 04 00 00 00 09 30 0C
[2026-04-17 09:26:13] [INFO] [接收-帧] 09:26:13.207 设备ID=12022 module=PERIODIC id=ReadFoupStatus uuid=44 len=23
frame=01 04 12 91 C0 55 97 4F F4 55 44 61 9F 3D 9A 04 6B 8A 4C 7A CB 25 62
[2026-04-17 09:26:14] [INFO] [发送] 09:26:14.202 设备ID=12022 module=PERIODIC id=ReadFoupStatus uuid=44 sendCount=1/1 timeout=1000ms crc=30 0C len=8
frame=01 04 00 00 00 09 30 0C
[2026-04-17 09:26:14] [INFO] [接收-帧] 09:26:14.298 设备ID=12022 module=PERIODIC id=ReadFoupStatus uuid=44 len=23
frame=01 04 12 2B 52 6E 37 66 FC 04 9A 32 08 EC 8F F7 BB 73 AA 49 A5 E8 8F
[2026-04-17 09:26:15] [INFO] [发送] 09:26:15.641 设备ID=12022 module=PERIODIC id=ReadFoupStatus uuid=44 sendCount=1/1 timeout=1000ms crc=30 0C len=8
frame=01 04 00 00 00 09 30 0C
[2026-04-17 09:26:15] [INFO] [接收-帧] 09:26:15.735 设备ID=12022 module=PERIODIC id=ReadFoupStatus uuid=44 len=23
frame=01 04 12 60 76 C3 C4 88 F8 C0 2F 9F 4C F3 C9 84 E4 6D 1E C2 AF 43 30
[2026-04-17 09:26:16] [INFO] [发送] 09:26:16.737 设备ID=12022 module=PERIODIC id=ReadFoupStatus uuid=44 sendCount=1/1 timeout=1000ms crc=30 0C len=8
frame=01 04 00 00 00 09 30 0C
[2026-04-17 09:26:16] [INFO] [接收-帧] 09:26:16.813 设备ID=12022 module=PERIODIC id=ReadFoupStatus uuid=44 len=23
frame=01 04 12 58 36 03 26 4C 18 A3 20 85 B0 FF AA 9F 79 0F 0C DD 4E 78 75
[2026-04-17 09:26:17] [INFO] [发送] 09:26:17.817 设备ID=12022 module=PERIODIC id=ReadFoupStatus uuid=44 sendCount=1/1 timeout=1000ms crc=30 0C len=8
frame=01 04 00 00 00 09 30 0C
[2026-04-17 09:26:17] [INFO] [接收-帧] 09:26:17.969 设备ID=12022 module=PERIODIC id=ReadFoupStatus uuid=44 len=23
frame=01 04 12 EF 17 43 91 D2 5E 1D 12 38 0D 41 52 F2 02 2F B5 01 AD 71 64
[2026-04-17 09:26:18] [INFO] [发送] 09:26:18.963 设备ID=12022 module=PERIODIC id=ReadFoupStatus uuid=44 sendCount=1/1 timeout=1000ms crc=30 0C len=8
frame=01 04 00 00 00 09 30 0C
[2026-04-17 09:26:19] [INFO] [接收-帧] 09:26:18.999 设备ID=12022 module=PERIODIC id=ReadFoupStatus uuid=44 len=23
frame=01 04 12 72 52 C0 D3 41 8F 16 EB 2A 72 5D 13 DE A4 3A E2 DE B2 1E 65
[2026-04-17 09:26:20] [INFO] [发送] 09:26:20.016 设备ID=12022 module=PERIODIC id=ReadFoupStatus uuid=44 sendCount=1/1 timeout=1000ms crc=30 0C len=8
frame=01 04 00 00 00 09 30 0C
[2026-04-17 09:26:20] [INFO] [接收-帧] 09:26:20.091 设备ID=12022 module=PERIODIC id=ReadFoupStatus uuid=44 len=23
frame=01 04 12 ED 3B 96 E4 9F 9F 05 17 02 25 61 CF 5A 41 A1 31 C0 F0 6F 9C
[2026-04-17 09:26:21] [INFO] [发送] 09:26:21.094 设备ID=12022 module=PERIODIC id=ReadFoupStatus uuid=44 sendCount=1/1 timeout=1000ms crc=30 0C len=8
frame=01 04 00 00 00 09 30 0C
[2026-04-17 09:26:21] [INFO] [接收-帧] 09:26:21.189 设备ID=12022 module=PERIODIC id=ReadFoupStatus uuid=44 len=23
frame=01 04 12 93 8F AD FA B3 41 A4 B0 47 8C 44 2A E0 41 C5 40 98 C7 56 FB
[2026-04-17 09:26:22] [INFO] [发送] 09:26:22.192 设备ID=12022 module=PERIODIC id=ReadFoupStatus uuid=44 sendCount=1/1 timeout=1000ms crc=30 0C len=8
frame=01 04 00 00 00 09 30 0C
[2026-04-17 09:26:22] [INFO] [接收-帧] 09:26:22.866 设备ID=12022 module=PERIODIC id=ReadFoupStatus uuid=44 len=23
frame=01 04 12 DE FD 4A 85 BD B4 38 5B F6 08 23 ED 1F 76 8A 12 9C 0B 23 60
[2026-04-17 09:26:23] [INFO] [发送] 09:26:23.853 设备ID=12022 module=PERIODIC id=ReadFoupStatus uuid=44 sendCount=1/1 timeout=1000ms crc=30 0C len=8
frame=01 04 00 00 00 09 30 0C
[2026-04-17 09:26:23] [INFO] [接收-帧] 09:26:23.926 设备ID=12022 module=PERIODIC id=ReadFoupStatus uuid=44 len=23
frame=01 04 12 60 1E BF F3 FB AF C5 41 F0 62 CA 63 9B 8A DC 95 BB 0A B4 5A
[2026-04-17 09:26:25] [INFO] [发送] 09:26:25.597 设备ID=12022 module=PERIODIC id=ReadFoupStatus uuid=44 sendCount=1/1 timeout=1000ms crc=30 0C len=8
frame=01 04 00 00 00 09 30 0C
[2026-04-17 09:26:25] [INFO] [接收-帧] 09:26:25.675 设备ID=12022 module=PERIODIC id=ReadFoupStatus uuid=44 len=23
frame=01 04 12 D9 D0 FA E3 23 99 E6 18 F8 CF 3A FA 77 6E DC C6 E2 77 E6 F1
[2026-04-17 09:26:26] [INFO] [发送] 09:26:26.672 设备ID=12022 module=PERIODIC id=ReadFoupStatus uuid=44 sendCount=1/1 timeout=1000ms crc=30 0C len=8
frame=01 04 00 00 00 09 30 0C
[2026-04-17 09:26:27] [INFO] [接收-帧] 09:26:27.099 设备ID=12022 module=PERIODIC id=ReadFoupStatus uuid=44 len=23
frame=01 04 12 FE 5D E1 A1 6C 58 91 C4 05 09 2F E0 6E 8C 6A 4A 44 B3 BD 36
[2026-04-17 09:26:28] [INFO] [发送] 09:26:28.092 设备ID=12022 module=PERIODIC id=ReadFoupStatus uuid=44 sendCount=1/1 timeout=1000ms crc=30 0C len=8
frame=01 04 00 00 00 09 30 0C
[2026-04-17 09:26:28] [INFO] [接收-帧] 09:26:28.189 设备ID=12022 module=PERIODIC id=ReadFoupStatus uuid=44 len=23
frame=01 04 12 97 03 C2 D7 36 4E 30 64 F1 98 35 80 D6 3A AB 4F 70 DF 7B 80
[2026-04-17 09:26:29] [INFO] [发送] 09:26:29.193 设备ID=12022 module=PERIODIC id=ReadFoupStatus uuid=44 sendCount=1/1 timeout=1000ms crc=30 0C len=8
frame=01 04 00 00 00 09 30 0C
[2026-04-17 09:26:29] [INFO] [接收-帧] 09:26:29.285 设备ID=12022 module=PERIODIC id=ReadFoupStatus uuid=44 len=23
frame=01 04 12 88 6B D3 DE 16 BE 47 96 AF 91 BA 23 34 0C 03 31 72 85 F6 A1
[2026-04-17 09:26:30] [INFO] [发送] 09:26:30.286 设备ID=12022 module=PERIODIC id=ReadFoupStatus uuid=44 sendCount=1/1 timeout=1000ms crc=30 0C len=8
frame=01 04 00 00 00 09 30 0C
[2026-04-17 09:26:30] [INFO] [接收-帧] 09:26:30.382 设备ID=12022 module=PERIODIC id=ReadFoupStatus uuid=44 len=23
frame=01 04 12 E8 0B 1C CC 14 1E 6D 59 D7 D0 22 A6 0E BC 5B E1 26 F7 1A B7
[2026-04-17 09:26:31] [INFO] [发送] 09:26:31.398 设备ID=12022 module=PERIODIC id=ReadFoupStatus uuid=44 sendCount=1/1 timeout=1000ms crc=30 0C len=8
frame=01 04 00 00 00 09 30 0C
[2026-04-17 09:26:31] [INFO] [接收-帧] 09:26:31.482 设备ID=12022 module=PERIODIC id=ReadFoupStatus uuid=44 len=23
frame=01 04 12 AB D8 40 71 7A 11 C7 0D 63 67 9F E1 52 F6 7D E9 00 E7 4E 87
[2026-04-17 09:26:32] [INFO] [发送] 09:26:32.478 设备ID=12022 module=PERIODIC id=ReadFoupStatus uuid=44 sendCount=1/1 timeout=1000ms crc=30 0C len=8
frame=01 04 00 00 00 09 30 0C
[2026-04-17 09:26:32] [INFO] [接收-帧] 09:26:32.563 设备ID=12022 module=PERIODIC id=ReadFoupStatus uuid=44 len=23
frame=01 04 12 F5 24 78 5F 3E 5B A9 6A DA 3D 2A 25 11 64 97 D8 2C 9B FA EB
[2026-04-17 09:26:33] [INFO] [发送] 09:26:33.572 设备ID=12022 module=PERIODIC id=ReadFoupStatus uuid=44 sendCount=1/1 timeout=1000ms crc=30 0C len=8
frame=01 04 00 00 00 09 30 0C
[2026-04-17 09:26:33] [INFO] [接收-帧] 09:26:33.659 设备ID=12022 module=PERIODIC id=ReadFoupStatus uuid=44 len=23
frame=01 04 12 BE 39 71 F9 41 91 B8 10 8E F8 E2 88 4A C6 00 71 94 52 D2 FF
[2026-04-17 09:26:34] [INFO] [发送] 09:26:34.655 设备ID=12022 module=PERIODIC id=ReadFoupStatus uuid=44 sendCount=1/1 timeout=1000ms crc=30 0C len=8
frame=01 04 00 00 00 09 30 0C
[2026-04-17 09:26:34] [INFO] [接收-帧] 09:26:34.757 设备ID=12022 module=PERIODIC id=ReadFoupStatus uuid=44 len=23
frame=01 04 12 32 6F 1C 2B 36 8F 17 89 21 64 EC DC 1A A6 E5 A1 9F EA A4 24
[2026-04-17 09:26:35] [INFO] [发送] 09:26:35.747 设备ID=12022 module=PERIODIC id=ReadFoupStatus uuid=44 sendCount=1/1 timeout=1000ms crc=30 0C len=8
frame=01 04 00 00 00 09 30 0C
[2026-04-17 09:26:35] [INFO] [接收-帧] 09:26:35.843 设备ID=12022 module=PERIODIC id=ReadFoupStatus uuid=44 len=23
frame=01 04 12 74 8D 9A 2D 07 40 0A E8 46 F0 4C BB 2B A1 D0 98 81 A7 B9 68
[2026-04-17 09:26:36] [INFO] [发送] 09:26:36.844 设备ID=12022 module=PERIODIC id=ReadFoupStatus uuid=44 sendCount=1/1 timeout=1000ms crc=30 0C len=8
frame=01 04 00 00 00 09 30 0C
[2026-04-17 09:26:36] [INFO] [接收-帧] 09:26:36.939 设备ID=12022 module=PERIODIC id=ReadFoupStatus uuid=44 len=23
frame=01 04 12 80 E1 42 8B 57 39 0C FC 60 A6 F9 C7 7C 0C 62 D9 08 EC 51 A8
[2026-04-17 09:26:37] [INFO] [发送] 09:26:37.943 设备ID=12022 module=PERIODIC id=ReadFoupStatus uuid=44 sendCount=1/1 timeout=1000ms crc=30 0C len=8
frame=01 04 00 00 00 09 30 0C
[2026-04-17 09:26:38] [INFO] [接收-帧] 09:26:38.029 设备ID=12022 module=PERIODIC id=ReadFoupStatus uuid=44 len=23
frame=01 04 12 99 5A 23 12 74 54 83 63 B3 4B 6E 9F 27 3D FF DC 66 C6 49 C6
[2026-04-17 09:26:39] [INFO] [发送] 09:26:39.029 设备ID=12022 module=PERIODIC id=ReadFoupStatus uuid=44 sendCount=1/1 timeout=1000ms crc=30 0C len=8
frame=01 04 00 00 00 09 30 0C
[2026-04-17 09:26:39] [INFO] [接收-帧] 09:26:39.128 设备ID=12022 module=PERIODIC id=ReadFoupStatus uuid=44 len=23
frame=01 04 12 54 38 8E D1 32 9F 72 BC 5B 67 F4 45 86 91 26 53 3C 0F E9 05
[2026-04-17 09:26:40] [INFO] [发送] 09:26:40.121 设备ID=12022 module=PERIODIC id=ReadFoupStatus uuid=44 sendCount=1/1 timeout=1000ms crc=30 0C len=8
frame=01 04 00 00 00 09 30 0C
[2026-04-17 09:26:40] [INFO] [接收-帧] 09:26:40.223 设备ID=12022 module=PERIODIC id=ReadFoupStatus uuid=44 len=23
frame=01 04 12 13 CA EA E7 A9 81 CF 1A C8 D4 46 55 72 1A 82 13 7D CC 9A 8F
[2026-04-17 09:26:41] [INFO] [发送] 09:26:41.219 设备ID=12022 module=PERIODIC id=ReadFoupStatus uuid=44 sendCount=1/1 timeout=1000ms crc=30 0C len=8
frame=01 04 00 00 00 09 30 0C
[2026-04-17 09:26:41] [INFO] [接收-帧] 09:26:41.316 设备ID=12022 module=PERIODIC id=ReadFoupStatus uuid=44 len=23
frame=01 04 12 32 AA 43 7B 51 3D A8 6D 03 A5 A7 AC 5F 6D B4 88 AA 2E B0 73
[2026-04-17 09:26:42] [INFO] [发送] 09:26:42.309 设备ID=12022 module=PERIODIC id=ReadFoupStatus uuid=44 sendCount=1/1 timeout=1000ms crc=30 0C len=8
frame=01 04 00 00 00 09 30 0C
[2026-04-17 09:26:42] [INFO] [接收-帧] 09:26:42.405 设备ID=12022 module=PERIODIC id=ReadFoupStatus uuid=44 len=23
frame=01 04 12 DB 2C E6 00 41 EA 4E D8 01 CB 15 9B 87 43 59 6B 35 1C E1 03
[2026-04-17 09:26:43] [INFO] [发送] 09:26:43.402 设备ID=12022 module=PERIODIC id=ReadFoupStatus uuid=44 sendCount=1/1 timeout=1000ms crc=30 0C len=8
frame=01 04 00 00 00 09 30 0C
[2026-04-17 09:26:43] [INFO] [接收-帧] 09:26:43.500 设备ID=12022 module=PERIODIC id=ReadFoupStatus uuid=44 len=23
frame=01 04 12 C5 AF 20 11 28 FD A7 3E 58 4A 69 9B 7B FE DA DF C1 FC 71 58
[2026-04-17 09:26:44] [INFO] [发送] 09:26:44.502 设备ID=12022 module=PERIODIC id=ReadFoupStatus uuid=44 sendCount=1/1 timeout=1000ms crc=30 0C len=8
frame=01 04 00 00 00 09 30 0C
[2026-04-17 09:26:44] [INFO] [接收-帧] 09:26:44.596 设备ID=12022 module=PERIODIC id=ReadFoupStatus uuid=44 len=23
frame=01 04 12 79 14 6C B4 68 06 3B 1C DC 28 BC 5F 7F 91 AA 85 E8 6B A1 34
[2026-04-17 09:26:45] [INFO] [发送] 09:26:45.594 设备ID=12022 module=PERIODIC id=ReadFoupStatus uuid=44 sendCount=1/1 timeout=1000ms crc=30 0C len=8
frame=01 04 00 00 00 09 30 0C
[2026-04-17 09:26:45] [INFO] [接收-帧] 09:26:45.687 设备ID=12022 module=PERIODIC id=ReadFoupStatus uuid=44 len=23
frame=01 04 12 B5 67 67 78 B0 C1 5E 58 C4 B1 F0 04 7B 28 84 57 59 16 37 47
[2026-04-17 09:26:46] [INFO] [发送] 09:26:46.685 设备ID=12022 module=PERIODIC id=ReadFoupStatus uuid=44 sendCount=1/1 timeout=1000ms crc=30 0C len=8
frame=01 04 00 00 00 09 30 0C
[2026-04-17 09:26:46] [INFO] [接收-帧] 09:26:46.780 设备ID=12022 module=PERIODIC id=ReadFoupStatus uuid=44 len=23
frame=01 04 12 D1 2F 4F 72 50 95 D6 11 FD 48 85 82 AD 09 3E 49 4E F2 86 6C
[2026-04-17 09:26:47] [INFO] [发送] 09:26:47.778 设备ID=12022 module=PERIODIC id=ReadFoupStatus uuid=44 sendCount=1/1 timeout=1000ms crc=30 0C len=8
frame=01 04 00 00 00 09 30 0C
[2026-04-17 09:26:47] [INFO] [接收-帧] 09:26:47.874 设备ID=12022 module=PERIODIC id=ReadFoupStatus uuid=44 len=23
frame=01 04 12 7B EE F7 F2 F1 6F F1 47 E6 FD D2 49 1D 2E 87 30 52 B4 F0 3C
[2026-04-17 09:26:48] [INFO] [发送] 09:26:48.881 设备ID=12022 module=PERIODIC id=ReadFoupStatus uuid=44 sendCount=1/1 timeout=1000ms crc=30 0C len=8
frame=01 04 00 00 00 09 30 0C
[2026-04-17 09:26:48] [INFO] [接收-帧] 09:26:48.975 设备ID=12022 module=PERIODIC id=ReadFoupStatus uuid=44 len=23
frame=01 04 12 02 A1 B1 27 51 67 F3 28 04 84 A6 AB 91 C6 A2 4E 97 F0 3B D2
[2026-04-17 09:26:49] [INFO] [发送] 09:26:49.971 设备ID=12022 module=PERIODIC id=ReadFoupStatus uuid=44 sendCount=1/1 timeout=1000ms crc=30 0C len=8
frame=01 04 00 00 00 09 30 0C
[2026-04-17 09:26:50] [INFO] [接收-帧] 09:26:50.069 设备ID=12022 module=PERIODIC id=ReadFoupStatus uuid=44 len=23
frame=01 04 12 2C 6D 07 7D D1 1F 05 0A 8E 97 7A 2B A0 0B 74 AE 70 A5 C8 11
[2026-04-17 09:26:51] [INFO] [发送] 09:26:51.056 设备ID=12022 module=PERIODIC id=ReadFoupStatus uuid=44 sendCount=1/1 timeout=1000ms crc=30 0C len=8
frame=01 04 00 00 00 09 30 0C
[2026-04-17 09:26:51] [INFO] [接收-帧] 09:26:51.154 设备ID=12022 module=PERIODIC id=ReadFoupStatus uuid=44 len=23
frame=01 04 12 0E FB 3D 43 F0 0F EE 02 E3 5A 64 E8 8C C5 72 8F 93 84 CD 33
[2026-04-17 09:26:52] [INFO] [发送] 09:26:52.150 设备ID=12022 module=PERIODIC id=ReadFoupStatus uuid=44 sendCount=1/1 timeout=1000ms crc=30 0C len=8
frame=01 04 00 00 00 09 30 0C
[2026-04-17 09:26:52] [INFO] [接收-帧] 09:26:52.247 设备ID=12022 module=PERIODIC id=ReadFoupStatus uuid=44 len=23
frame=01 04 12 66 63 03 BC E3 FC F1 27 57 F2 74 EF A7 78 E4 D7 FF 25 29 BC
[2026-04-17 09:26:53] [INFO] [发送] 09:26:53.519 设备ID=12022 module=PERIODIC id=ReadFoupStatus uuid=44 sendCount=1/1 timeout=1000ms crc=30 0C len=8
frame=01 04 00 00 00 09 30 0C
[2026-04-17 09:26:53] [INFO] [接收-帧] 09:26:53.562 设备ID=12022 module=PERIODIC id=ReadFoupStatus uuid=44 len=23
frame=01 04 12 35 1F 15 7E 81 92 C0 5B FF 33 73 64 07 53 DA A9 AF C8 35 98
[2026-04-17 09:26:54] [INFO] [发送] 09:26:54.592 设备ID=12022 module=PERIODIC id=ReadFoupStatus uuid=44 sendCount=1/1 timeout=1000ms crc=30 0C len=8
frame=01 04 00 00 00 09 30 0C
[2026-04-17 09:26:54] [INFO] [接收-帧] 09:26:54.656 设备ID=12022 module=PERIODIC id=ReadFoupStatus uuid=44 len=23
frame=01 04 12 45 1C 55 20 38 12 A7 6E 70 92 42 7D 96 F0 A9 DB 44 70 48 97
[2026-04-17 09:26:55] [INFO] [发送] 09:26:55.676 设备ID=12022 module=PERIODIC id=ReadFoupStatus uuid=44 sendCount=1/1 timeout=1000ms crc=30 0C len=8
frame=01 04 00 00 00 09 30 0C
[2026-04-17 09:26:55] [INFO] [接收-帧] 09:26:55.751 设备ID=12022 module=PERIODIC id=ReadFoupStatus uuid=44 len=23
frame=01 04 12 E7 02 EA D8 63 52 7A 2A 9D C0 E9 10 87 1E 5E 73 BF 2F 7D 66
[2026-04-17 09:26:56] [INFO] [发送] 09:26:56.745 设备ID=12022 module=PERIODIC id=ReadFoupStatus uuid=44 sendCount=1/1 timeout=1000ms crc=30 0C len=8
frame=01 04 00 00 00 09 30 0C
[2026-04-17 09:26:56] [INFO] [接收-帧] 09:26:56.844 设备ID=12022 module=PERIODIC id=ReadFoupStatus uuid=44 len=23
frame=01 04 12 55 79 86 BC 8E DD 8D B0 EF AC A1 CB 69 D5 B4 42 3E 3E CA 88
[2026-04-17 09:26:57] [INFO] [发送] 09:26:57.843 设备ID=12022 module=PERIODIC id=ReadFoupStatus uuid=44 sendCount=1/1 timeout=1000ms crc=30 0C len=8
frame=01 04 00 00 00 09 30 0C
[2026-04-17 09:26:57] [INFO] [接收-帧] 09:26:57.942 设备ID=12022 module=PERIODIC id=ReadFoupStatus uuid=44 len=23
frame=01 04 12 F3 11 BC D7 19 52 35 A1 2B C0 69 54 15 B9 F3 C6 BE 90 64 27
[2026-04-17 09:26:58] [INFO] [发送] 09:26:58.945 设备ID=12022 module=PERIODIC id=ReadFoupStatus uuid=44 sendCount=1/1 timeout=1000ms crc=30 0C len=8
frame=01 04 00 00 00 09 30 0C
[2026-04-17 09:26:59] [INFO] [接收-帧] 09:26:59.030 设备ID=12022 module=PERIODIC id=ReadFoupStatus uuid=44 len=23
frame=01 04 12 B9 14 02 59 AC 02 FF 99 04 94 73 0B C5 0A A2 32 68 5B 8D 8C
[2026-04-17 09:27:00] [INFO] [发送] 09:27:00.025 设备ID=12022 module=PERIODIC id=ReadFoupStatus uuid=44 sendCount=1/1 timeout=1000ms crc=30 0C len=8
frame=01 04 00 00 00 09 30 0C
[2026-04-17 09:27:00] [INFO] [接收-帧] 09:27:00.122 设备ID=12022 module=PERIODIC id=ReadFoupStatus uuid=44 len=23
frame=01 04 12 7D 47 0D 40 E9 F5 48 79 EC 69 B0 29 E1 34 B4 2B 2B 9F 12 F9
[2026-04-17 09:27:01] [INFO] [发送] 09:27:01.124 设备ID=12022 module=PERIODIC id=ReadFoupStatus uuid=44 sendCount=1/1 timeout=1000ms crc=30 0C len=8
frame=01 04 00 00 00 09 30 0C
[2026-04-17 09:27:01] [INFO] [接收-帧] 09:27:01.220 设备ID=12022 module=PERIODIC id=ReadFoupStatus uuid=44 len=23
frame=01 04 12 FC 06 A1 0D DF DA 92 38 82 EC 62 51 0B 8E 64 DF C4 5A 5E 3C
[2026-04-17 09:27:37] [INFO] [发送] 09:27:37.248 设备ID=12022 module=INITIAL id=ReadVersion uuid=43 sendCount=1/4 timeout=1000ms crc=B1 CD len=8
frame=01 04 00 18 00 01 B1 CD
[2026-04-17 09:27:37] [INFO] [接收-帧] 09:27:37.758 设备ID=12022 module=INITIAL id=ReadVersion uuid=43 len=7
frame=01 04 02 00 00 B9 30
[2026-04-17 09:27:37] [INFO] [发送] 09:27:37.759 设备ID=12022 module=PERIODIC id=ReadFoupStatus uuid=44 sendCount=1/1 timeout=1000ms crc=30 0C len=8
frame=01 04 00 00 00 09 30 0C
[2026-04-17 09:27:37] [INFO] [接收-帧] 09:27:37.802 设备ID=12022 module=PERIODIC id=ReadFoupStatus uuid=44 len=23
frame=01 04 12 47 F0 63 6B 4B 7A 40 AF 79 CA 66 81 94 30 4A E5 CE 99 1F 97
[2026-04-17 09:27:38] [INFO] [发送] 09:27:38.792 设备ID=12022 module=PERIODIC id=ReadFoupStatus uuid=44 sendCount=1/1 timeout=1000ms crc=30 0C len=8
frame=01 04 00 00 00 09 30 0C
[2026-04-17 09:27:38] [INFO] [接收-帧] 09:27:38.894 设备ID=12022 module=PERIODIC id=ReadFoupStatus uuid=44 len=23
frame=01 04 12 2A E0 2E EE 40 09 D9 73 42 A6 DE 62 05 B9 87 9A A8 6C A7 1A
[2026-04-17 09:27:39] [INFO] [发送] 09:27:39.884 设备ID=12022 module=PERIODIC id=ReadFoupStatus uuid=44 sendCount=1/1 timeout=1000ms crc=30 0C len=8
frame=01 04 00 00 00 09 30 0C
[2026-04-17 09:27:39] [INFO] [接收-帧] 09:27:39.990 设备ID=12022 module=PERIODIC id=ReadFoupStatus uuid=44 len=23
frame=01 04 12 52 EB 1B D4 F2 21 12 7E 0B 40 EB 6B 8D FC 9A D0 DA 5F D0 95
[2026-04-17 09:27:40] [INFO] [发送] 09:27:40.980 设备ID=12022 module=PERIODIC id=ReadFoupStatus uuid=44 sendCount=1/1 timeout=1000ms crc=30 0C len=8
frame=01 04 00 00 00 09 30 0C
[2026-04-17 09:27:41] [INFO] [接收-帧] 09:27:41.091 设备ID=12022 module=PERIODIC id=ReadFoupStatus uuid=44 len=23
frame=01 04 12 F1 C9 05 3E 0C F4 E5 69 E3 2E B1 A2 30 54 D4 08 D2 02 FB 24
[2026-04-17 09:27:42] [INFO] [发送] 09:27:42.102 设备ID=12022 module=PERIODIC id=ReadFoupStatus uuid=44 sendCount=1/1 timeout=1000ms crc=30 0C len=8
frame=01 04 00 00 00 09 30 0C
[2026-04-17 09:27:42] [INFO] [接收-帧] 09:27:42.179 设备ID=12022 module=PERIODIC id=ReadFoupStatus uuid=44 len=23
frame=01 04 12 38 29 B7 A7 A2 B1 6F 50 F7 80 12 9D FB 9D 87 EC 78 D8 75 F4
[2026-04-17 09:27:43] [INFO] [发送] 09:27:43.166 设备ID=12022 module=PERIODIC id=ReadFoupStatus uuid=44 sendCount=1/1 timeout=1000ms crc=30 0C len=8
frame=01 04 00 00 00 09 30 0C
[2026-04-17 09:27:43] [INFO] [接收-帧] 09:27:43.266 设备ID=12022 module=PERIODIC id=ReadFoupStatus uuid=44 len=23
frame=01 04 12 D1 51 76 01 87 A1 72 67 0A F7 C2 C4 B6 47 74 A9 F4 05 94 86
[2026-04-17 09:27:44] [INFO] [发送] 09:27:44.269 设备ID=12022 module=PERIODIC id=ReadFoupStatus uuid=44 sendCount=1/1 timeout=1000ms crc=30 0C len=8
frame=01 04 00 00 00 09 30 0C
[2026-04-17 09:27:44] [INFO] [接收-帧] 09:27:44.364 设备ID=12022 module=PERIODIC id=ReadFoupStatus uuid=44 len=23
frame=01 04 12 7B 40 96 77 A5 13 5B 14 E0 F0 4D 93 D7 28 3E E6 7F DD 24 4C
[2026-04-17 09:27:45] [INFO] [发送] 09:27:45.359 设备ID=12022 module=PERIODIC id=ReadFoupStatus uuid=44 sendCount=1/1 timeout=1000ms crc=30 0C len=8
frame=01 04 00 00 00 09 30 0C
[2026-04-17 09:27:45] [INFO] [接收-帧] 09:27:45.457 设备ID=12022 module=PERIODIC id=ReadFoupStatus uuid=44 len=23
frame=01 04 12 DA 5B 21 E0 3B E5 0E 01 FD E2 8C 98 0F 30 6A 71 1A 13 98 75
[2026-04-17 09:27:46] [INFO] [发送] 09:27:46.455 设备ID=12022 module=PERIODIC id=ReadFoupStatus uuid=44 sendCount=1/1 timeout=1000ms crc=30 0C len=8
frame=01 04 00 00 00 09 30 0C
[2026-04-17 09:27:46] [INFO] [接收-帧] 09:27:46.553 设备ID=12022 module=PERIODIC id=ReadFoupStatus uuid=44 len=23
frame=01 04 12 AD 30 E0 58 4B 8C 9A 27 AA 25 F7 B0 01 9A 03 07 77 37 CC 5A
[2026-04-17 09:27:47] [INFO] [发送] 09:27:47.546 设备ID=12022 module=PERIODIC id=ReadFoupStatus uuid=44 sendCount=1/1 timeout=1000ms crc=30 0C len=8
frame=01 04 00 00 00 09 30 0C
[2026-04-17 09:27:47] [INFO] [接收-帧] 09:27:47.665 设备ID=12022 module=PERIODIC id=ReadFoupStatus uuid=44 len=23
frame=01 04 12 07 62 98 4A 34 76 68 AD BD F6 30 3A 8D DC 44 7E B4 77 A9 CE
[2026-04-17 09:27:48] [INFO] [发送] 09:27:48.672 设备ID=12022 module=PERIODIC id=ReadFoupStatus uuid=44 sendCount=1/1 timeout=1000ms crc=30 0C len=8
frame=01 04 00 00 00 09 30 0C
[2026-04-17 09:27:48] [INFO] [接收-帧] 09:27:48.744 设备ID=12022 module=PERIODIC id=ReadFoupStatus uuid=44 len=23
frame=01 04 12 13 C0 D0 8A E2 CD 90 C5 11 9F CA 5D FD 17 A0 80 21 58 8C 73
[2026-04-17 09:27:49] [INFO] [发送] 09:27:49.747 设备ID=12022 module=PERIODIC id=ReadFoupStatus uuid=44 sendCount=1/1 timeout=1000ms crc=30 0C len=8
frame=01 04 00 00 00 09 30 0C
[2026-04-17 09:27:49] [INFO] [接收-帧] 09:27:49.833 设备ID=12022 module=PERIODIC id=ReadFoupStatus uuid=44 len=23
frame=01 04 12 48 25 56 87 A2 EA 80 A1 C6 73 B7 25 25 F3 B6 C9 A2 5C 45 23
[2026-04-17 09:27:50] [INFO] [发送] 09:27:50.824 设备ID=12022 module=PERIODIC id=ReadFoupStatus uuid=44 sendCount=1/1 timeout=1000ms crc=30 0C len=8
frame=01 04 00 00 00 09 30 0C
[2026-04-17 09:27:50] [INFO] [接收-帧] 09:27:50.922 设备ID=12022 module=PERIODIC id=ReadFoupStatus uuid=44 len=23
frame=01 04 12 B3 90 2D 04 44 55 F1 E0 6C 2B 0A 83 02 99 F3 3B DB FD 9A 24
[2026-04-17 09:31:34] [INFO] [发送] 09:31:34.030 设备ID=12022 module=INITIAL id=ReadVersion uuid=43 sendCount=1/4 timeout=1000ms crc=B1 CD len=8
frame=01 04 00 18 00 01 B1 CD
[2026-04-17 09:31:34] [INFO] [接收-帧] 09:31:34.323 设备ID=12022 module=INITIAL id=ReadVersion uuid=43 len=7
frame=01 04 02 00 00 B9 30
[2026-04-17 09:31:34] [INFO] [发送] 09:31:34.323 设备ID=12022 module=PERIODIC id=ReadFoupStatus uuid=44 sendCount=1/1 timeout=1000ms crc=30 0C len=8
frame=01 04 00 00 00 09 30 0C
[2026-04-17 09:31:34] [INFO] [接收-帧] 09:31:34.344 设备ID=12022 module=PERIODIC id=ReadFoupStatus uuid=44 len=23
frame=01 04 12 D6 DD A6 AF 47 CE 41 A5 01 AC 36 FA 2A C3 7B 2F 36 7D 65 F7
[2026-04-17 09:31:35] [INFO] [发送] 09:31:35.342 设备ID=12022 module=PERIODIC id=ReadFoupStatus uuid=44 sendCount=1/1 timeout=1000ms crc=30 0C len=8
frame=01 04 00 00 00 09 30 0C
[2026-04-17 09:31:35] [INFO] [接收-帧] 09:31:35.423 设备ID=12022 module=PERIODIC id=ReadFoupStatus uuid=44 len=23
frame=01 04 12 2F 62 2B 34 8C EE CA 63 79 4C 34 B7 49 25 E2 3E 9C 40 9C 20
[2026-04-17 09:31:36] [INFO] [发送] 09:31:36.420 设备ID=12022 module=PERIODIC id=ReadFoupStatus uuid=44 sendCount=1/1 timeout=1000ms crc=30 0C len=8
frame=01 04 00 00 00 09 30 0C
[2026-04-17 09:31:36] [INFO] [接收-帧] 09:31:36.517 设备ID=12022 module=PERIODIC id=ReadFoupStatus uuid=44 len=23
frame=01 04 12 C5 7E 7C 31 67 53 41 B3 AA 89 FB 41 64 C5 7A 25 9E 47 2B B4
[2026-04-17 09:31:37] [INFO] [发送] 09:31:37.512 设备ID=12022 module=PERIODIC id=ReadFoupStatus uuid=44 sendCount=1/1 timeout=1000ms crc=30 0C len=8
frame=01 04 00 00 00 09 30 0C
[2026-04-17 09:31:37] [INFO] [接收-帧] 09:31:37.727 设备ID=12022 module=PERIODIC id=ReadFoupStatus uuid=44 len=23
frame=01 04 12 35 AB 4C B4 7E EF EC 03 44 81 43 8C 1A 43 21 D5 8C 9F 00 FC
[2026-04-17 09:31:38] [INFO] [发送] 09:31:38.743 设备ID=12022 module=PERIODIC id=ReadFoupStatus uuid=44 sendCount=1/1 timeout=1000ms crc=30 0C len=8
frame=01 04 00 00 00 09 30 0C
[2026-04-17 09:31:38] [INFO] [接收-帧] 09:31:38.817 设备ID=12022 module=PERIODIC id=ReadFoupStatus uuid=44 len=23
frame=01 04 12 D6 25 0B 5F FA 4B 98 7C 71 3B 5C BD 68 FF D9 F7 0C EB AB 0F
[2026-04-17 09:31:39] [INFO] [发送] 09:31:39.810 设备ID=12022 module=PERIODIC id=ReadFoupStatus uuid=44 sendCount=1/1 timeout=1000ms crc=30 0C len=8
frame=01 04 00 00 00 09 30 0C
[2026-04-17 09:31:39] [INFO] [接收-帧] 09:31:39.911 设备ID=12022 module=PERIODIC id=ReadFoupStatus uuid=44 len=23
frame=01 04 12 DD A9 4F C2 74 02 D9 CD 1A BC 59 A1 78 EB 0E A2 1A 2E 2D 8A
[2026-04-17 09:31:40] [INFO] [发送] 09:31:40.903 设备ID=12022 module=PERIODIC id=ReadFoupStatus uuid=44 sendCount=1/1 timeout=1000ms crc=30 0C len=8
frame=01 04 00 00 00 09 30 0C
[2026-04-17 09:31:41] [INFO] [接收-帧] 09:31:41.003 设备ID=12022 module=PERIODIC id=ReadFoupStatus uuid=44 len=23
frame=01 04 12 7D 5B A4 A3 A5 27 7B 50 38 8C C1 AF 8D 87 15 AB 61 8E 38 19
[2026-04-17 09:31:42] [INFO] [发送] 09:31:41.999 设备ID=12022 module=PERIODIC id=ReadFoupStatus uuid=44 sendCount=1/1 timeout=1000ms crc=30 0C len=8
frame=01 04 00 00 00 09 30 0C
[2026-04-17 09:31:42] [INFO] [接收-帧] 09:31:42.101 设备ID=12022 module=PERIODIC id=ReadFoupStatus uuid=44 len=23
frame=01 04 12 46 C5 A5 02 D7 28 8C 76 5C 3A 89 3D 33 F1 B5 2A 37 39 BD 11
[2026-04-17 09:31:43] [INFO] [发送] 09:31:43.116 设备ID=12022 module=PERIODIC id=ReadFoupStatus uuid=44 sendCount=1/1 timeout=1000ms crc=30 0C len=8
frame=01 04 00 00 00 09 30 0C
[2026-04-17 09:31:43] [INFO] [接收-帧] 09:31:43.193 设备ID=12022 module=PERIODIC id=ReadFoupStatus uuid=44 len=23
frame=01 04 12 81 74 11 52 69 9C C7 51 0C 8F F6 FA F9 8B B9 38 A5 15 97 C9
[2026-04-17 09:31:44] [INFO] [发送] 09:31:44.182 设备ID=12022 module=PERIODIC id=ReadFoupStatus uuid=44 sendCount=1/1 timeout=1000ms crc=30 0C len=8
frame=01 04 00 00 00 09 30 0C
[2026-04-17 09:31:44] [INFO] [接收-帧] 09:31:44.288 设备ID=12022 module=PERIODIC id=ReadFoupStatus uuid=44 len=23
frame=01 04 12 7F DF C6 12 0F F9 52 BD 57 85 FE 79 8F 1A 45 82 BE 35 89 3E
[2026-04-17 09:31:45] [INFO] [发送] 09:31:45.276 设备ID=12022 module=PERIODIC id=ReadFoupStatus uuid=44 sendCount=1/1 timeout=1000ms crc=30 0C len=8
frame=01 04 00 00 00 09 30 0C
[2026-04-17 09:31:45] [INFO] [接收-帧] 09:31:45.378 设备ID=12022 module=PERIODIC id=ReadFoupStatus uuid=44 len=23
frame=01 04 12 40 AE 89 4B 6D 12 4F 0C 82 0D 8F D4 04 D8 09 EA 80 9A 5D AE
[2026-04-17 09:31:46] [INFO] [发送] 09:31:46.369 设备ID=12022 module=PERIODIC id=ReadFoupStatus uuid=44 sendCount=1/1 timeout=1000ms crc=30 0C len=8
frame=01 04 00 00 00 09 30 0C
[2026-04-17 09:31:46] [INFO] [接收-帧] 09:31:46.471 设备ID=12022 module=PERIODIC id=ReadFoupStatus uuid=44 len=23
frame=01 04 12 9E 1D C1 17 10 41 3E E8 6A 77 14 B5 F7 79 C3 76 94 A3 91 3C
[2026-04-17 09:31:47] [INFO] [发送] 09:31:47.465 设备ID=12022 module=PERIODIC id=ReadFoupStatus uuid=44 sendCount=1/1 timeout=1000ms crc=30 0C len=8
frame=01 04 00 00 00 09 30 0C
[2026-04-17 09:31:47] [INFO] [接收-帧] 09:31:47.564 设备ID=12022 module=PERIODIC id=ReadFoupStatus uuid=44 len=23
frame=01 04 12 7F E5 7B 9C B1 5D 1A 3C F5 F3 5B EB E7 7E 0C 68 44 DF 64 90
[2026-04-17 09:31:48] [INFO] [发送] 09:31:48.557 设备ID=12022 module=PERIODIC id=ReadFoupStatus uuid=44 sendCount=1/1 timeout=1000ms crc=30 0C len=8
frame=01 04 00 00 00 09 30 0C
[2026-04-17 09:31:48] [INFO] [接收-帧] 09:31:48.660 设备ID=12022 module=PERIODIC id=ReadFoupStatus uuid=44 len=23
frame=01 04 12 EA 92 8A DF 6A E9 77 85 1D 28 AE 6F EC 7A 50 36 0B E9 61 39
[2026-04-17 09:31:49] [INFO] [发送] 09:31:49.654 设备ID=12022 module=PERIODIC id=ReadFoupStatus uuid=44 sendCount=1/1 timeout=1000ms crc=30 0C len=8
frame=01 04 00 00 00 09 30 0C
[2026-04-17 09:31:49] [INFO] [接收-帧] 09:31:49.756 设备ID=12022 module=PERIODIC id=ReadFoupStatus uuid=44 len=23
frame=01 04 12 69 B9 FC 4D DC E1 09 F5 93 CD 41 35 0C F2 F7 0D EB 76 41 FB
[2026-04-17 09:31:50] [INFO] [发送] 09:31:50.746 设备ID=12022 module=PERIODIC id=ReadFoupStatus uuid=44 sendCount=1/1 timeout=1000ms crc=30 0C len=8
frame=01 04 00 00 00 09 30 0C
[2026-04-17 09:31:50] [INFO] [接收-帧] 09:31:50.847 设备ID=12022 module=PERIODIC id=ReadFoupStatus uuid=44 len=23
frame=01 04 12 C6 DA 6C 32 A3 BA 49 53 14 53 2E F7 EC 8F A9 31 AD BD 4B 34
[2026-04-17 09:31:51] [INFO] [发送] 09:31:51.846 设备ID=12022 module=PERIODIC id=ReadFoupStatus uuid=44 sendCount=1/1 timeout=1000ms crc=30 0C len=8
frame=01 04 00 00 00 09 30 0C
[2026-04-17 09:31:51] [INFO] [接收-帧] 09:31:51.944 设备ID=12022 module=PERIODIC id=ReadFoupStatus uuid=44 len=23
frame=01 04 12 19 D7 67 C8 63 64 09 EF 76 61 C2 FC 40 D8 76 48 DD 97 10 35
[2026-04-17 09:31:52] [INFO] [发送] 09:31:52.948 设备ID=12022 module=PERIODIC id=ReadFoupStatus uuid=44 sendCount=1/1 timeout=1000ms crc=30 0C len=8
frame=01 04 00 00 00 09 30 0C
[2026-04-17 09:31:53] [INFO] [接收-帧] 09:31:53.045 设备ID=12022 module=PERIODIC id=ReadFoupStatus uuid=44 len=23
frame=01 04 12 20 15 C2 18 31 16 BF 04 8E FA E5 67 D5 7B 45 DF 5B 1C F2 25
[2026-04-17 09:31:54] [INFO] [发送] 09:31:54.049 设备ID=12022 module=PERIODIC id=ReadFoupStatus uuid=44 sendCount=1/1 timeout=1000ms crc=30 0C len=8
frame=01 04 00 00 00 09 30 0C
[2026-04-17 09:31:54] [INFO] [接收-帧] 09:31:54.130 设备ID=12022 module=PERIODIC id=ReadFoupStatus uuid=44 len=23
frame=01 04 12 F7 0F A5 AD 26 17 92 60 05 5C AD C4 48 29 BD 93 0C AA 04 EE
[2026-04-17 09:31:55] [INFO] [发送] 09:31:55.120 设备ID=12022 module=PERIODIC id=ReadFoupStatus uuid=44 sendCount=1/1 timeout=1000ms crc=30 0C len=8
frame=01 04 00 00 00 09 30 0C
[2026-04-17 09:31:55] [INFO] [接收-帧] 09:31:55.223 设备ID=12022 module=PERIODIC id=ReadFoupStatus uuid=44 len=23
frame=01 04 12 66 48 0C F3 B3 41 BA 8C 0A F6 74 BA C7 2F A0 CE BB 05 1D 97
[2026-04-17 09:31:56] [INFO] [发送] 09:31:56.213 设备ID=12022 module=PERIODIC id=ReadFoupStatus uuid=44 sendCount=1/1 timeout=1000ms crc=30 0C len=8
frame=01 04 00 00 00 09 30 0C
[2026-04-17 09:31:56] [INFO] [接收-帧] 09:31:56.314 设备ID=12022 module=PERIODIC id=ReadFoupStatus uuid=44 len=23
frame=01 04 12 0F 5D 44 E0 0F 2D A7 3F 91 31 4C 6A 6A 21 28 42 37 34 1E F3
[2026-04-17 09:31:57] [INFO] [发送] 09:31:57.307 设备ID=12022 module=PERIODIC id=ReadFoupStatus uuid=44 sendCount=1/1 timeout=1000ms crc=30 0C len=8
frame=01 04 00 00 00 09 30 0C
[2026-04-17 09:31:57] [INFO] [接收-帧] 09:31:57.409 设备ID=12022 module=PERIODIC id=ReadFoupStatus uuid=44 len=23
frame=01 04 12 A4 6E 6F 52 41 EA 2D 12 1B D3 3E 89 E1 08 04 B1 4F AD F2 7B
[2026-04-17 09:31:58] [INFO] [发送] 09:31:58.402 设备ID=12022 module=PERIODIC id=ReadFoupStatus uuid=44 sendCount=1/1 timeout=1000ms crc=30 0C len=8
frame=01 04 00 00 00 09 30 0C
[2026-04-17 09:31:58] [INFO] [接收-帧] 09:31:58.501 设备ID=12022 module=PERIODIC id=ReadFoupStatus uuid=44 len=23
frame=01 04 12 F5 0F 64 F5 73 26 15 B4 44 1E B7 04 C6 DE 36 43 A9 43 71 FB
[2026-04-17 09:31:59] [INFO] [发送] 09:31:59.499 设备ID=12022 module=PERIODIC id=ReadFoupStatus uuid=44 sendCount=1/1 timeout=1000ms crc=30 0C len=8
frame=01 04 00 00 00 09 30 0C
[2026-04-17 09:31:59] [INFO] [接收-帧] 09:31:59.601 设备ID=12022 module=PERIODIC id=ReadFoupStatus uuid=44 len=23
frame=01 04 12 3F 28 36 CD 94 A2 10 67 D1 EE 00 47 FF 78 7F 9F 4E 46 86 9A
[2026-04-17 09:32:00] [INFO] [发送] 09:32:00.591 设备ID=12022 module=PERIODIC id=ReadFoupStatus uuid=44 sendCount=1/1 timeout=1000ms crc=30 0C len=8
frame=01 04 00 00 00 09 30 0C
[2026-04-17 09:32:00] [INFO] [接收-帧] 09:32:00.689 设备ID=12022 module=PERIODIC id=ReadFoupStatus uuid=44 len=23
frame=01 04 12 E2 68 07 87 59 D3 A7 1E DE FD BD 7B 27 14 96 4E C9 7C 9A 06
[2026-04-17 09:32:01] [INFO] [发送] 09:32:01.682 设备ID=12022 module=PERIODIC id=ReadFoupStatus uuid=44 sendCount=1/1 timeout=1000ms crc=30 0C len=8
frame=01 04 00 00 00 09 30 0C
[2026-04-17 09:32:01] [INFO] [接收-帧] 09:32:01.783 设备ID=12022 module=PERIODIC id=ReadFoupStatus uuid=44 len=23
frame=01 04 12 AF 35 0E 87 82 C6 6A BC A8 C0 A4 FD 75 8B 24 A4 B5 EF 4A 4B
[2026-04-17 09:32:02] [INFO] [发送] 09:32:02.779 设备ID=12022 module=PERIODIC id=ReadFoupStatus uuid=44 sendCount=1/1 timeout=1000ms crc=30 0C len=8
frame=01 04 00 00 00 09 30 0C
[2026-04-17 09:32:02] [INFO] [接收-帧] 09:32:02.881 设备ID=12022 module=PERIODIC id=ReadFoupStatus uuid=44 len=23
frame=01 04 12 2A 86 A5 6B 98 AF 42 1C 97 32 3E 2F F7 7A A9 88 3A AF 7A 8D
[2026-04-17 09:32:03] [INFO] [发送] 09:32:03.872 设备ID=12022 module=PERIODIC id=ReadFoupStatus uuid=44 sendCount=1/1 timeout=1000ms crc=30 0C len=8
frame=01 04 00 00 00 09 30 0C
[2026-04-17 09:32:03] [INFO] [接收-帧] 09:32:03.973 设备ID=12022 module=PERIODIC id=ReadFoupStatus uuid=44 len=23
frame=01 04 12 71 3C E7 7C 37 F7 E5 A1 81 DE 28 AA 4F 26 F7 6B ED F0 D8 B0
