[2026-04-17 09:24:09] [INFO] [发送] 09:24:09.385 设备ID=12047 module=INITIAL id=ReadVersion uuid=93 sendCount=1/4 timeout=1000ms crc=B1 CD len=8
frame=01 04 00 18 00 01 B1 CD
[2026-04-17 09:24:10] [INFO] [接收-帧] 09:24:10.142 设备ID=12047 module=INITIAL id=ReadVersion uuid=93 len=7
frame=01 04 02 00 00 B9 30
[2026-04-17 09:24:10] [INFO] [发送] 09:24:10.144 设备ID=12047 module=PERIODIC id=ReadFoupStatus uuid=94 sendCount=1/1 timeout=1000ms crc=30 0C len=8
frame=01 04 00 00 00 09 30 0C
[2026-04-17 09:24:12] [INFO] [发送] 09:24:12.137 设备ID=12047 module=PERIODIC id=ReadFoupStatus uuid=94 sendCount=1/1 timeout=1000ms crc=30 0C len=8
frame=01 04 00 00 00 09 30 0C
[2026-04-17 09:24:14] [INFO] [发送] 09:24:14.136 设备ID=12047 module=PERIODIC id=ReadFoupStatus uuid=94 sendCount=1/1 timeout=1000ms crc=30 0C len=8
frame=01 04 00 00 00 09 30 0C
[2026-04-17 09:24:16] [INFO] [发送] 09:24:16.145 设备ID=12047 module=PERIODIC id=ReadFoupStatus uuid=94 sendCount=1/1 timeout=1000ms crc=30 0C len=8
frame=01 04 00 00 00 09 30 0C
[2026-04-17 09:24:18] [INFO] [发送] 09:24:18.149 设备ID=12047 module=PERIODIC id=ReadFoupStatus uuid=94 sendCount=1/1 timeout=1000ms crc=30 0C len=8
frame=01 04 00 00 00 09 30 0C
[2026-04-17 09:24:20] [INFO] [发送] 09:24:20.166 设备ID=12047 module=PERIODIC id=ReadFoupStatus uuid=94 sendCount=1/1 timeout=1000ms crc=30 0C len=8
frame=01 04 00 00 00 09 30 0C
[2026-04-17 09:24:22] [INFO] [发送] 09:24:22.165 设备ID=12047 module=PERIODIC id=ReadFoupStatus uuid=94 sendCount=1/1 timeout=1000ms crc=30 0C len=8
frame=01 04 00 00 00 09 30 0C
[2026-04-17 09:24:24] [INFO] [发送] 09:24:24.170 设备ID=12047 module=PERIODIC id=ReadFoupStatus uuid=94 sendCount=1/1 timeout=1000ms crc=30 0C len=8
frame=01 04 00 00 00 09 30 0C
[2026-04-17 09:24:26] [INFO] [发送] 09:24:26.173 设备ID=12047 module=PERIODIC id=ReadFoupStatus uuid=94 sendCount=1/1 timeout=1000ms crc=30 0C len=8
frame=01 04 00 00 00 09 30 0C
[2026-04-17 09:24:28] [INFO] [发送] 09:24:28.170 设备ID=12047 module=PERIODIC id=ReadFoupStatus uuid=94 sendCount=1/1 timeout=1000ms crc=30 0C len=8
frame=01 04 00 00 00 09 30 0C
[2026-04-17 09:24:32] [INFO] [发送] 09:24:32.186 设备ID=12047 module=PERIODIC id=ReadFoupStatus uuid=94 sendCount=1/1 timeout=1000ms crc=30 0C len=8
frame=01 04 00 00 00 09 30 0C
[2026-04-17 09:24:34] [INFO] [发送] 09:24:34.189 设备ID=12047 module=PERIODIC id=ReadFoupStatus uuid=94 sendCount=1/1 timeout=1000ms crc=30 0C len=8
frame=01 04 00 00 00 09 30 0C
[2026-04-17 09:24:36] [INFO] [发送] 09:24:36.183 设备ID=12047 module=PERIODIC id=ReadFoupStatus uuid=94 sendCount=1/1 timeout=1000ms crc=30 0C len=8
frame=01 04 00 00 00 09 30 0C
[2026-04-17 09:24:38] [INFO] [发送] 09:24:38.193 设备ID=12047 module=PERIODIC id=ReadFoupStatus uuid=94 sendCount=1/1 timeout=1000ms crc=30 0C len=8
frame=01 04 00 00 00 09 30 0C
[2026-04-17 09:24:40] [INFO] [发送] 09:24:40.182 设备ID=12047 module=PERIODIC id=ReadFoupStatus uuid=94 sendCount=1/1 timeout=1000ms crc=30 0C len=8
frame=01 04 00 00 00 09 30 0C
[2026-04-17 09:24:42] [INFO] [发送] 09:24:42.189 设备ID=12047 module=PERIODIC id=ReadFoupStatus uuid=94 sendCount=1/1 timeout=1000ms crc=30 0C len=8
frame=01 04 00 00 00 09 30 0C
[2026-04-17 09:24:44] [INFO] [发送] 09:24:44.190 设备ID=12047 module=PERIODIC id=ReadFoupStatus uuid=94 sendCount=1/1 timeout=1000ms crc=30 0C len=8
frame=01 04 00 00 00 09 30 0C
[2026-04-17 09:24:48] [INFO] [发送] 09:24:48.066 设备ID=12047 module=PERIODIC id=ReadFoupStatus uuid=94 sendCount=1/1 timeout=1000ms crc=30 0C len=8
frame=01 04 00 00 00 09 30 0C
[2026-04-17 09:24:48] [INFO] [接收-帧] 09:24:48.174 设备ID=12047 module=PERIODIC id=ReadFoupStatus uuid=94 len=23
frame=01 04 12 E3 54 49 06 E7 5C E8 6D 53 09 F2 D3 43 E5 24 69 C3 08 22 B5
[2026-04-17 09:24:49] [INFO] [发送] 09:24:49.170 设备ID=12047 module=PERIODIC id=ReadFoupStatus uuid=94 sendCount=1/1 timeout=1000ms crc=30 0C len=8
frame=01 04 00 00 00 09 30 0C
[2026-04-17 09:24:49] [INFO] [接收-帧] 09:24:49.268 设备ID=12047 module=PERIODIC id=ReadFoupStatus uuid=94 len=23
frame=01 04 12 1C 41 55 11 19 97 50 A0 7A 09 73 C1 EF C5 C0 83 37 1D C0 70
[2026-04-17 09:24:50] [INFO] [发送] 09:24:50.379 设备ID=12047 module=PERIODIC id=ReadFoupStatus uuid=94 sendCount=1/1 timeout=1000ms crc=30 0C len=8
frame=01 04 00 00 00 09 30 0C
[2026-04-17 09:24:50] [INFO] [接收-帧] 09:24:50.469 设备ID=12047 module=PERIODIC id=ReadFoupStatus uuid=94 len=23
frame=01 04 12 52 7F C2 5A 0C 20 B4 E0 AE 33 95 39 5C F6 21 57 35 CA D4 54
[2026-04-17 09:24:51] [INFO] [发送] 09:24:51.470 设备ID=12047 module=PERIODIC id=ReadFoupStatus uuid=94 sendCount=1/1 timeout=1000ms crc=30 0C len=8
frame=01 04 00 00 00 09 30 0C
[2026-04-17 09:24:51] [INFO] [接收-帧] 09:24:51.562 设备ID=12047 module=PERIODIC id=ReadFoupStatus uuid=94 len=23
frame=01 04 12 A1 1E 55 B3 55 6A AF 29 FA DC EA 0E B9 B3 BD 91 39 2B 3B 4D
[2026-04-17 09:24:52] [INFO] [发送] 09:24:52.559 设备ID=12047 module=PERIODIC id=ReadFoupStatus uuid=94 sendCount=1/1 timeout=1000ms crc=30 0C len=8
frame=01 04 00 00 00 09 30 0C
[2026-04-17 09:24:52] [INFO] [接收-帧] 09:24:52.657 设备ID=12047 module=PERIODIC id=ReadFoupStatus uuid=94 len=23
frame=01 04 12 C5 ED 15 C6 3F B8 D2 68 DA EF 6C 1D 78 A0 7E 9F 61 A5 63 7F
[2026-04-17 09:24:53] [INFO] [发送] 09:24:53.663 设备ID=12047 module=PERIODIC id=ReadFoupStatus uuid=94 sendCount=1/1 timeout=1000ms crc=30 0C len=8
frame=01 04 00 00 00 09 30 0C
[2026-04-17 09:24:53] [INFO] [接收-帧] 09:24:53.752 设备ID=12047 module=PERIODIC id=ReadFoupStatus uuid=94 len=23
frame=01 04 12 62 43 AE 94 A8 D7 98 64 74 7C 04 13 EA EF 70 12 DA B2 F7 D6
[2026-04-17 09:24:54] [INFO] [发送] 09:24:54.744 设备ID=12047 module=PERIODIC id=ReadFoupStatus uuid=94 sendCount=1/1 timeout=1000ms crc=30 0C len=8
frame=01 04 00 00 00 09 30 0C
[2026-04-17 09:24:54] [INFO] [接收-帧] 09:24:54.841 设备ID=12047 module=PERIODIC id=ReadFoupStatus uuid=94 len=23
frame=01 04 12 E9 BF 29 4E D0 F4 6A 55 62 B6 20 EB EC C4 96 4F 59 92 40 19
[2026-04-17 09:24:55] [INFO] [发送] 09:24:55.851 设备ID=12047 module=PERIODIC id=ReadFoupStatus uuid=94 sendCount=1/1 timeout=1000ms crc=30 0C len=8
frame=01 04 00 00 00 09 30 0C
[2026-04-17 09:24:55] [INFO] [接收-帧] 09:24:55.938 设备ID=12047 module=PERIODIC id=ReadFoupStatus uuid=94 len=23
frame=01 04 12 E6 06 D8 BB 96 2E 25 05 EB 9B 69 7A D8 CC 99 D6 3F E1 1A D1
[2026-04-17 09:24:56] [INFO] [发送] 09:24:56.934 设备ID=12047 module=PERIODIC id=ReadFoupStatus uuid=94 sendCount=1/1 timeout=1000ms crc=30 0C len=8
frame=01 04 00 00 00 09 30 0C
[2026-04-17 09:24:57] [INFO] [接收-帧] 09:24:57.032 设备ID=12047 module=PERIODIC id=ReadFoupStatus uuid=94 len=23
frame=01 04 12 5A 70 D5 56 D8 3A 3C CB 5D 37 53 86 66 F5 E6 91 FC 3B B1 4F
[2026-04-17 09:24:58] [INFO] [发送] 09:24:58.027 设备ID=12047 module=PERIODIC id=ReadFoupStatus uuid=94 sendCount=1/1 timeout=1000ms crc=30 0C len=8
frame=01 04 00 00 00 09 30 0C
[2026-04-17 09:24:58] [INFO] [接收-帧] 09:24:58.126 设备ID=12047 module=PERIODIC id=ReadFoupStatus uuid=94 len=23
frame=01 04 12 C2 79 E9 87 19 59 5B ED 27 5D EF 97 A7 33 84 FB 56 EC 2B 6D
[2026-04-17 09:24:59] [INFO] [发送] 09:24:59.119 设备ID=12047 module=PERIODIC id=ReadFoupStatus uuid=94 sendCount=1/1 timeout=1000ms crc=30 0C len=8
frame=01 04 00 00 00 09 30 0C
[2026-04-17 09:24:59] [INFO] [接收-帧] 09:24:59.222 设备ID=12047 module=PERIODIC id=ReadFoupStatus uuid=94 len=23
frame=01 04 12 0C F2 2C 0D 79 02 F3 FF C5 AD FC 0C E2 E9 BF B0 C8 04 F5 CB
[2026-04-17 09:25:00] [INFO] [发送] 09:25:00.213 设备ID=12047 module=PERIODIC id=ReadFoupStatus uuid=94 sendCount=1/1 timeout=1000ms crc=30 0C len=8
frame=01 04 00 00 00 09 30 0C
[2026-04-17 09:25:00] [INFO] [接收-帧] 09:25:00.314 设备ID=12047 module=PERIODIC id=ReadFoupStatus uuid=94 len=23
frame=01 04 12 12 33 4D A2 50 5D BB B3 E4 FB 4E E5 69 8E BF 79 9B 12 D1 56
[2026-04-17 09:25:01] [INFO] [发送] 09:25:01.313 设备ID=12047 module=PERIODIC id=ReadFoupStatus uuid=94 sendCount=1/1 timeout=1000ms crc=30 0C len=8
frame=01 04 00 00 00 09 30 0C
[2026-04-17 09:25:01] [INFO] [接收-帧] 09:25:01.408 设备ID=12047 module=PERIODIC id=ReadFoupStatus uuid=94 len=23
frame=01 04 12 B9 EE B6 38 30 FC 7D A6 2A E1 15 AA 97 63 DB B9 DE 58 C5 65
[2026-04-17 09:25:02] [INFO] [发送] 09:25:02.406 设备ID=12047 module=PERIODIC id=ReadFoupStatus uuid=94 sendCount=1/1 timeout=1000ms crc=30 0C len=8
frame=01 04 00 00 00 09 30 0C
[2026-04-17 09:25:02] [INFO] [接收-帧] 09:25:02.512 设备ID=12047 module=PERIODIC id=ReadFoupStatus uuid=94 len=23
frame=01 04 12 07 BF F3 A6 B1 E8 04 F0 64 4C A3 AC D9 64 AB C1 3B BA 37 9A
[2026-04-17 09:25:03] [INFO] [发送] 09:25:03.521 设备ID=12047 module=PERIODIC id=ReadFoupStatus uuid=94 sendCount=1/1 timeout=1000ms crc=30 0C len=8
frame=01 04 00 00 00 09 30 0C
[2026-04-17 09:25:03] [INFO] [接收-帧] 09:25:03.592 设备ID=12047 module=PERIODIC id=ReadFoupStatus uuid=94 len=23
frame=01 04 12 11 0D 09 D1 E0 D1 A0 F1 40 43 11 34 FF 99 EB 53 08 42 D1 68
[2026-04-17 09:25:04] [INFO] [发送] 09:25:04.590 设备ID=12047 module=PERIODIC id=ReadFoupStatus uuid=94 sendCount=1/1 timeout=1000ms crc=30 0C len=8
frame=01 04 00 00 00 09 30 0C
[2026-04-17 09:25:04] [INFO] [接收-帧] 09:25:04.690 设备ID=12047 module=PERIODIC id=ReadFoupStatus uuid=94 len=23
frame=01 04 12 6E B4 BC 22 90 3B E7 E2 26 A9 15 05 D4 75 31 D8 73 66 6D F8
[2026-04-17 09:25:05] [INFO] [发送] 09:25:05.682 设备ID=12047 module=PERIODIC id=ReadFoupStatus uuid=94 sendCount=1/1 timeout=1000ms crc=30 0C len=8
frame=01 04 00 00 00 09 30 0C
[2026-04-17 09:25:05] [INFO] [接收-帧] 09:25:05.785 设备ID=12047 module=PERIODIC id=ReadFoupStatus uuid=94 len=23
frame=01 04 12 F5 17 F2 E7 3E E9 F8 3A 7D 56 21 0A 97 59 6D 28 01 40 28 88
[2026-04-17 09:25:06] [INFO] [发送] 09:25:06.785 设备ID=12047 module=PERIODIC id=ReadFoupStatus uuid=94 sendCount=1/1 timeout=1000ms crc=30 0C len=8
frame=01 04 00 00 00 09 30 0C
[2026-04-17 09:25:06] [INFO] [接收-帧] 09:25:06.878 设备ID=12047 module=PERIODIC id=ReadFoupStatus uuid=94 len=23
frame=01 04 12 4F 9F 41 10 81 46 E8 7D CE 9F 7F 4E 32 CB B3 53 1C AA C3 38
[2026-04-17 09:25:07] [INFO] [发送] 09:25:07.872 设备ID=12047 module=PERIODIC id=ReadFoupStatus uuid=94 sendCount=1/1 timeout=1000ms crc=30 0C len=8
frame=01 04 00 00 00 09 30 0C
[2026-04-17 09:25:07] [INFO] [接收-帧] 09:25:07.970 设备ID=12047 module=PERIODIC id=ReadFoupStatus uuid=94 len=23
frame=01 04 12 97 20 D0 F8 CC CC E1 AD 16 48 22 85 B2 A8 D4 98 97 3C B1 5F
[2026-04-17 09:25:08] [INFO] [发送] 09:25:08.963 设备ID=12047 module=PERIODIC id=ReadFoupStatus uuid=94 sendCount=1/1 timeout=1000ms crc=30 0C len=8
frame=01 04 00 00 00 09 30 0C
[2026-04-17 09:25:09] [INFO] [接收-帧] 09:25:09.065 设备ID=12047 module=PERIODIC id=ReadFoupStatus uuid=94 len=23
frame=01 04 12 39 8B E8 28 9B 28 6F 5D 44 31 93 85 E8 6A 39 C2 40 3C AB D5
[2026-04-17 09:25:10] [INFO] [发送] 09:25:10.068 设备ID=12047 module=PERIODIC id=ReadFoupStatus uuid=94 sendCount=1/1 timeout=1000ms crc=30 0C len=8
frame=01 04 00 00 00 09 30 0C
[2026-04-17 09:25:10] [INFO] [接收-帧] 09:25:10.155 设备ID=12047 module=PERIODIC id=ReadFoupStatus uuid=94 len=23
frame=01 04 12 AF 76 B6 94 7F 9F 15 CA 92 56 E8 99 F1 82 6D 81 80 C7 3E D0
[2026-04-17 09:25:11] [INFO] [发送] 09:25:11.165 设备ID=12047 module=PERIODIC id=ReadFoupStatus uuid=94 sendCount=1/1 timeout=1000ms crc=30 0C len=8
frame=01 04 00 00 00 09 30 0C
[2026-04-17 09:25:11] [INFO] [接收-帧] 09:25:11.260 设备ID=12047 module=PERIODIC id=ReadFoupStatus uuid=94 len=23
frame=01 04 12 1D 32 E3 8D 84 AA D7 47 54 A4 68 AA F3 26 5C 4C 96 2C 61 EA
[2026-04-17 09:25:12] [INFO] [发送] 09:25:12.259 设备ID=12047 module=PERIODIC id=ReadFoupStatus uuid=94 sendCount=1/1 timeout=1000ms crc=30 0C len=8
frame=01 04 00 00 00 09 30 0C
[2026-04-17 09:25:12] [INFO] [接收-帧] 09:25:12.343 设备ID=12047 module=PERIODIC id=ReadFoupStatus uuid=94 len=23
frame=01 04 12 89 E1 BA 6A 72 8B 46 F1 47 34 36 7A 12 B2 A0 BC FA EB 72 BC
[2026-04-17 09:25:13] [INFO] [发送] 09:25:13.339 设备ID=12047 module=PERIODIC id=ReadFoupStatus uuid=94 sendCount=1/1 timeout=1000ms crc=30 0C len=8
frame=01 04 00 00 00 09 30 0C
[2026-04-17 09:25:13] [INFO] [接收-帧] 09:25:13.435 设备ID=12047 module=PERIODIC id=ReadFoupStatus uuid=94 len=23
frame=01 04 12 C3 DC DD F7 36 0F 9E E6 12 4C 7C 12 8B E2 BF 3A B4 9C 19 2D
[2026-04-17 09:25:14] [INFO] [发送] 09:25:14.446 设备ID=12047 module=PERIODIC id=ReadFoupStatus uuid=94 sendCount=1/1 timeout=1000ms crc=30 0C len=8
frame=01 04 00 00 00 09 30 0C
[2026-04-17 09:25:14] [INFO] [接收-帧] 09:25:14.533 设备ID=12047 module=PERIODIC id=ReadFoupStatus uuid=94 len=23
frame=01 04 12 8B ED 8D B1 13 39 78 BB FB 30 53 76 51 D3 D1 62 B6 A5 5C 10
[2026-04-17 09:25:15] [INFO] [发送] 09:25:15.528 设备ID=12047 module=PERIODIC id=ReadFoupStatus uuid=94 sendCount=1/1 timeout=1000ms crc=30 0C len=8
frame=01 04 00 00 00 09 30 0C
[2026-04-17 09:25:15] [INFO] [接收-帧] 09:25:15.627 设备ID=12047 module=PERIODIC id=ReadFoupStatus uuid=94 len=23
frame=01 04 12 B0 29 C6 11 4E E5 43 A1 AC 17 2F FC 96 A9 49 0F 49 14 90 AF
[2026-04-17 09:25:16] [INFO] [发送] 09:25:16.625 设备ID=12047 module=PERIODIC id=ReadFoupStatus uuid=94 sendCount=1/1 timeout=1000ms crc=30 0C len=8
frame=01 04 00 00 00 09 30 0C
[2026-04-17 09:25:16] [INFO] [接收-帧] 09:25:16.723 设备ID=12047 module=PERIODIC id=ReadFoupStatus uuid=94 len=23
frame=01 04 12 C0 47 E5 7E AB BF 99 32 FF 56 2D 92 80 54 38 89 BC E2 37 70
[2026-04-17 09:25:17] [INFO] [发送] 09:25:17.713 设备ID=12047 module=PERIODIC id=ReadFoupStatus uuid=94 sendCount=1/1 timeout=1000ms crc=30 0C len=8
frame=01 04 00 00 00 09 30 0C
[2026-04-17 09:25:17] [INFO] [接收-帧] 09:25:17.813 设备ID=12047 module=PERIODIC id=ReadFoupStatus uuid=94 len=23
frame=01 04 12 C8 E2 F1 5D C3 CA 11 5F F1 C6 AF 88 9F 5F C0 B1 E1 39 DE A5
[2026-04-17 09:25:18] [INFO] [发送] 09:25:18.807 设备ID=12047 module=PERIODIC id=ReadFoupStatus uuid=94 sendCount=1/1 timeout=1000ms crc=30 0C len=8
frame=01 04 00 00 00 09 30 0C
[2026-04-17 09:25:18] [INFO] [接收-帧] 09:25:18.911 设备ID=12047 module=PERIODIC id=ReadFoupStatus uuid=94 len=23
frame=01 04 12 7A 02 E2 1C BB F6 2D 7D D3 DE 77 F2 26 30 7D 2F 19 7A 50 E3
[2026-04-17 09:25:19] [INFO] [发送] 09:25:19.900 设备ID=12047 module=PERIODIC id=ReadFoupStatus uuid=94 sendCount=1/1 timeout=1000ms crc=30 0C len=8
frame=01 04 00 00 00 09 30 0C
[2026-04-17 09:25:20] [INFO] [接收-帧] 09:25:20.034 设备ID=12047 module=PERIODIC id=ReadFoupStatus uuid=94 len=23
frame=01 04 12 12 95 D6 DB 13 A4 8D 00 A1 D1 02 1A 78 14 37 64 84 D4 40 8F
[2026-04-17 09:25:21] [INFO] [发送] 09:25:21.030 设备ID=12047 module=PERIODIC id=ReadFoupStatus uuid=94 sendCount=1/1 timeout=1000ms crc=30 0C len=8
frame=01 04 00 00 00 09 30 0C
[2026-04-17 09:25:21] [INFO] [接收-帧] 09:25:21.095 设备ID=12047 module=PERIODIC id=ReadFoupStatus uuid=94 len=23
frame=01 04 12 9B A3 95 9C A3 D1 43 94 94 54 B3 6C 1C 44 A0 C8 63 61 06 B9
[2026-04-17 09:25:22] [INFO] [发送] 09:25:22.089 设备ID=12047 module=PERIODIC id=ReadFoupStatus uuid=94 sendCount=1/1 timeout=1000ms crc=30 0C len=8
frame=01 04 00 00 00 09 30 0C
[2026-04-17 09:25:22] [INFO] [接收-帧] 09:25:22.190 设备ID=12047 module=PERIODIC id=ReadFoupStatus uuid=94 len=23
frame=01 04 12 F9 B3 FD 7C 6A FF 29 5A 85 0D E3 CC FB 69 9F F7 51 35 7B 4B
[2026-04-17 09:25:23] [INFO] [发送] 09:25:23.189 设备ID=12047 module=PERIODIC id=ReadFoupStatus uuid=94 sendCount=1/1 timeout=1000ms crc=30 0C len=8
frame=01 04 00 00 00 09 30 0C
[2026-04-17 09:25:23] [INFO] [接收-帧] 09:25:23.285 设备ID=12047 module=PERIODIC id=ReadFoupStatus uuid=94 len=23
frame=01 04 12 77 09 11 70 70 E9 2E 55 F1 57 0F 89 1E 8D 58 D6 E4 5B ED 73
[2026-04-17 09:25:24] [INFO] [发送] 09:25:24.285 设备ID=12047 module=PERIODIC id=ReadFoupStatus uuid=94 sendCount=1/1 timeout=1000ms crc=30 0C len=8
frame=01 04 00 00 00 09 30 0C
[2026-04-17 09:25:24] [INFO] [接收-帧] 09:25:24.378 设备ID=12047 module=PERIODIC id=ReadFoupStatus uuid=94 len=23
frame=01 04 12 35 68 E5 31 F7 FA D5 C5 41 04 A0 1B C0 FC E6 BD 12 6C 2B 08
[2026-04-17 09:25:25] [INFO] [发送] 09:25:25.371 设备ID=12047 module=PERIODIC id=ReadFoupStatus uuid=94 sendCount=1/1 timeout=1000ms crc=30 0C len=8
frame=01 04 00 00 00 09 30 0C
[2026-04-17 09:25:25] [INFO] [接收-帧] 09:25:25.472 设备ID=12047 module=PERIODIC id=ReadFoupStatus uuid=94 len=23
frame=01 04 12 FE E5 E3 C1 89 79 47 29 78 5F CB 22 93 99 86 A4 94 65 A9 97
[2026-04-17 09:25:26] [INFO] [发送] 09:25:26.466 设备ID=12047 module=PERIODIC id=ReadFoupStatus uuid=94 sendCount=1/1 timeout=1000ms crc=30 0C len=8
frame=01 04 00 00 00 09 30 0C
[2026-04-17 09:25:26] [INFO] [接收-帧] 09:25:26.566 设备ID=12047 module=PERIODIC id=ReadFoupStatus uuid=94 len=23
frame=01 04 12 B8 52 80 E3 A4 BF B0 70 B9 3B CC F4 25 2B 64 50 75 E0 09 44
[2026-04-17 09:25:27] [INFO] [发送] 09:25:27.560 设备ID=12047 module=PERIODIC id=ReadFoupStatus uuid=94 sendCount=1/1 timeout=1000ms crc=30 0C len=8
frame=01 04 00 00 00 09 30 0C
[2026-04-17 09:25:27] [INFO] [接收-帧] 09:25:27.657 设备ID=12047 module=PERIODIC id=ReadFoupStatus uuid=94 len=23
frame=01 04 12 00 31 25 58 B1 C7 20 8A 12 BD F6 55 84 E2 6E E4 CE A4 9A 7C
[2026-04-17 09:25:28] [INFO] [发送] 09:25:28.651 设备ID=12047 module=PERIODIC id=ReadFoupStatus uuid=94 sendCount=1/1 timeout=1000ms crc=30 0C len=8
frame=01 04 00 00 00 09 30 0C
[2026-04-17 09:25:28] [INFO] [接收-帧] 09:25:28.752 设备ID=12047 module=PERIODIC id=ReadFoupStatus uuid=94 len=23
frame=01 04 12 81 75 9E 78 F4 BF 7B 50 F9 A4 E6 7E 4C 2B FE 98 C5 39 65 2F
[2026-04-17 09:25:29] [INFO] [发送] 09:25:29.745 设备ID=12047 module=PERIODIC id=ReadFoupStatus uuid=94 sendCount=1/1 timeout=1000ms crc=30 0C len=8
frame=01 04 00 00 00 09 30 0C
[2026-04-17 09:25:29] [INFO] [接收-帧] 09:25:29.849 设备ID=12047 module=PERIODIC id=ReadFoupStatus uuid=94 len=23
frame=01 04 12 1B FB 60 88 E4 24 E7 D1 06 D4 FB ED 63 19 36 EF 6D 10 D7 00
[2026-04-17 09:25:30] [INFO] [发送] 09:25:30.847 设备ID=12047 module=PERIODIC id=ReadFoupStatus uuid=94 sendCount=1/1 timeout=1000ms crc=30 0C len=8
frame=01 04 00 00 00 09 30 0C
[2026-04-17 09:25:30] [INFO] [接收-帧] 09:25:30.936 设备ID=12047 module=PERIODIC id=ReadFoupStatus uuid=94 len=23
frame=01 04 12 8B F4 9C 95 58 72 2C 68 0B 73 9A 0D 86 D6 D5 D7 C9 CE DE AB
[2026-04-17 09:25:31] [INFO] [发送] 09:25:31.933 设备ID=12047 module=PERIODIC id=ReadFoupStatus uuid=94 sendCount=1/1 timeout=1000ms crc=30 0C len=8
frame=01 04 00 00 00 09 30 0C
[2026-04-17 09:25:32] [INFO] [接收-帧] 09:25:32.029 设备ID=12047 module=PERIODIC id=ReadFoupStatus uuid=94 len=23
frame=01 04 12 31 27 53 96 66 4E 42 22 A9 3B D5 60 7D 08 3F 39 28 91 BA 96
[2026-04-17 09:25:33] [INFO] [发送] 09:25:33.032 设备ID=12047 module=PERIODIC id=ReadFoupStatus uuid=94 sendCount=1/1 timeout=1000ms crc=30 0C len=8
frame=01 04 00 00 00 09 30 0C
[2026-04-17 09:25:33] [INFO] [接收-帧] 09:25:33.125 设备ID=12047 module=PERIODIC id=ReadFoupStatus uuid=94 len=23
frame=01 04 12 B6 41 42 B2 6F B2 6F 75 43 22 56 B7 35 2E EA 68 55 F5 0D 69
[2026-04-17 09:25:34] [INFO] [发送] 09:25:34.120 设备ID=12047 module=PERIODIC id=ReadFoupStatus uuid=94 sendCount=1/1 timeout=1000ms crc=30 0C len=8
frame=01 04 00 00 00 09 30 0C
[2026-04-17 09:25:34] [INFO] [接收-帧] 09:25:34.231 设备ID=12047 module=PERIODIC id=ReadFoupStatus uuid=94 len=23
frame=01 04 12 3E E4 5A D9 68 BE A4 57 47 FE 79 90 69 0B 9F F5 7B 63 76 61
[2026-04-17 09:25:35] [INFO] [发送] 09:25:35.230 设备ID=12047 module=PERIODIC id=ReadFoupStatus uuid=94 sendCount=1/1 timeout=1000ms crc=30 0C len=8
frame=01 04 00 00 00 09 30 0C
[2026-04-17 09:25:35] [INFO] [接收-帧] 09:25:35.316 设备ID=12047 module=PERIODIC id=ReadFoupStatus uuid=94 len=23
frame=01 04 12 B4 3B A0 16 2D DD 3A 0F C2 37 79 00 47 B3 AB 17 0F 03 0A E0
[2026-04-17 09:25:36] [INFO] [发送] 09:25:36.318 设备ID=12047 module=PERIODIC id=ReadFoupStatus uuid=94 sendCount=1/1 timeout=1000ms crc=30 0C len=8
frame=01 04 00 00 00 09 30 0C
[2026-04-17 09:25:36] [INFO] [接收-帧] 09:25:36.411 设备ID=12047 module=PERIODIC id=ReadFoupStatus uuid=94 len=23
frame=01 04 12 0B F1 5A 1A 86 A3 CD 17 01 0F 93 E5 58 27 4C 5E A1 CC 78 38
[2026-04-17 09:25:37] [INFO] [发送] 09:25:37.406 设备ID=12047 module=PERIODIC id=ReadFoupStatus uuid=94 sendCount=1/1 timeout=1000ms crc=30 0C len=8
frame=01 04 00 00 00 09 30 0C
[2026-04-17 09:25:37] [INFO] [接收-帧] 09:25:37.497 设备ID=12047 module=PERIODIC id=ReadFoupStatus uuid=94 len=23
frame=01 04 12 E1 FD 38 C7 66 1B 2A 40 36 A6 C7 66 8F BC 3A BA 02 1E 71 42
[2026-04-17 09:25:38] [INFO] [发送] 09:25:38.495 设备ID=12047 module=PERIODIC id=ReadFoupStatus uuid=94 sendCount=1/1 timeout=1000ms crc=30 0C len=8
frame=01 04 00 00 00 09 30 0C
[2026-04-17 09:25:38] [INFO] [接收-帧] 09:25:38.591 设备ID=12047 module=PERIODIC id=ReadFoupStatus uuid=94 len=23
frame=01 04 12 CD 6F 5E B6 69 80 FF 0E 79 2F 80 AE D5 D2 F4 98 27 25 00 8C
[2026-04-17 09:25:39] [INFO] [发送] 09:25:39.587 设备ID=12047 module=PERIODIC id=ReadFoupStatus uuid=94 sendCount=1/1 timeout=1000ms crc=30 0C len=8
frame=01 04 00 00 00 09 30 0C
[2026-04-17 09:25:39] [INFO] [接收-帧] 09:25:39.690 设备ID=12047 module=PERIODIC id=ReadFoupStatus uuid=94 len=23
frame=01 04 12 BB 05 7B FB E8 F3 A5 07 49 9F 45 0B EF CC 26 84 3B D9 3F D0
[2026-04-17 09:25:40] [INFO] [发送] 09:25:40.683 设备ID=12047 module=PERIODIC id=ReadFoupStatus uuid=94 sendCount=1/1 timeout=1000ms crc=30 0C len=8
frame=01 04 00 00 00 09 30 0C
[2026-04-17 09:25:40] [INFO] [接收-帧] 09:25:40.782 设备ID=12047 module=PERIODIC id=ReadFoupStatus uuid=94 len=23
frame=01 04 12 D5 F0 41 6F 13 18 5A D0 BA 2F A1 6B C5 22 E9 28 16 20 0B A4
[2026-04-17 09:25:41] [INFO] [发送] 09:25:41.776 设备ID=12047 module=PERIODIC id=ReadFoupStatus uuid=94 sendCount=1/1 timeout=1000ms crc=30 0C len=8
frame=01 04 00 00 00 09 30 0C
[2026-04-17 09:25:41] [INFO] [接收-帧] 09:25:41.877 设备ID=12047 module=PERIODIC id=ReadFoupStatus uuid=94 len=23
frame=01 04 12 9C 8F 0D FE 16 74 AB E6 86 3C 27 09 B2 95 D7 90 EC C1 51 B8
[2026-04-17 09:25:42] [INFO] [发送] 09:25:42.882 设备ID=12047 module=PERIODIC id=ReadFoupStatus uuid=94 sendCount=1/1 timeout=1000ms crc=30 0C len=8
frame=01 04 00 00 00 09 30 0C
[2026-04-17 09:25:42] [INFO] [接收-帧] 09:25:42.971 设备ID=12047 module=PERIODIC id=ReadFoupStatus uuid=94 len=23
frame=01 04 12 51 A4 3B 2E BD D9 0F 33 BD 5B 1E F3 DA AF F3 88 66 2D 7E 11
[2026-04-17 09:25:43] [INFO] [发送] 09:25:43.969 设备ID=12047 module=PERIODIC id=ReadFoupStatus uuid=94 sendCount=1/1 timeout=1000ms crc=30 0C len=8
frame=01 04 00 00 00 09 30 0C
[2026-04-17 09:25:44] [INFO] [接收-帧] 09:25:44.066 设备ID=12047 module=PERIODIC id=ReadFoupStatus uuid=94 len=23
frame=01 04 12 04 8E F8 59 50 18 F6 16 22 60 C4 79 42 87 CD 90 21 D5 18 4A
[2026-04-17 09:25:45] [INFO] [发送] 09:25:45.059 设备ID=12047 module=PERIODIC id=ReadFoupStatus uuid=94 sendCount=1/1 timeout=1000ms crc=30 0C len=8
frame=01 04 00 00 00 09 30 0C
[2026-04-17 09:25:45] [INFO] [接收-帧] 09:25:45.159 设备ID=12047 module=PERIODIC id=ReadFoupStatus uuid=94 len=23
frame=01 04 12 F9 6E E5 C4 D8 06 C5 D2 65 67 1F 89 85 8F 2E 1D 41 81 3F 09
[2026-04-17 09:25:46] [INFO] [发送] 09:25:46.152 设备ID=12047 module=PERIODIC id=ReadFoupStatus uuid=94 sendCount=1/1 timeout=1000ms crc=30 0C len=8
frame=01 04 00 00 00 09 30 0C
[2026-04-17 09:25:46] [INFO] [接收-帧] 09:25:46.249 设备ID=12047 module=PERIODIC id=ReadFoupStatus uuid=94 len=23
frame=01 04 12 97 DF E3 B7 05 93 9B 94 9D AB F9 38 8A E4 A3 A8 25 84 FE E1
[2026-04-17 09:25:47] [INFO] [发送] 09:25:47.244 设备ID=12047 module=PERIODIC id=ReadFoupStatus uuid=94 sendCount=1/1 timeout=1000ms crc=30 0C len=8
frame=01 04 00 00 00 09 30 0C
[2026-04-17 09:25:47] [INFO] [接收-帧] 09:25:47.347 设备ID=12047 module=PERIODIC id=ReadFoupStatus uuid=94 len=23
frame=01 04 12 C6 9D CB E4 55 35 D2 54 86 2C 16 BD B2 25 8C 24 12 7F 11 2F
[2026-04-17 09:25:48] [INFO] [发送] 09:25:48.351 设备ID=12047 module=PERIODIC id=ReadFoupStatus uuid=94 sendCount=1/1 timeout=1000ms crc=30 0C len=8
frame=01 04 00 00 00 09 30 0C
[2026-04-17 09:25:48] [INFO] [接收-帧] 09:25:48.441 设备ID=12047 module=PERIODIC id=ReadFoupStatus uuid=94 len=23
frame=01 04 12 70 68 E2 7F A7 E5 96 6A B8 07 D2 3F 1A 33 86 99 E0 65 50 51
[2026-04-17 09:25:49] [INFO] [发送] 09:25:49.432 设备ID=12047 module=PERIODIC id=ReadFoupStatus uuid=94 sendCount=1/1 timeout=1000ms crc=30 0C len=8
frame=01 04 00 00 00 09 30 0C
[2026-04-17 09:25:49] [INFO] [接收-帧] 09:25:49.532 设备ID=12047 module=PERIODIC id=ReadFoupStatus uuid=94 len=23
frame=01 04 12 82 DA DD B2 FB 6F 3F 99 0C FE 85 5A 95 C7 67 79 48 D0 1C F8
[2026-04-17 09:25:50] [INFO] [发送] 09:25:50.529 设备ID=12047 module=PERIODIC id=ReadFoupStatus uuid=94 sendCount=1/1 timeout=1000ms crc=30 0C len=8
frame=01 04 00 00 00 09 30 0C
[2026-04-17 09:25:50] [INFO] [接收-帧] 09:25:50.732 设备ID=12047 module=PERIODIC id=ReadFoupStatus uuid=94 len=23
frame=01 04 12 86 52 FD 9E 6B C7 D6 F7 16 A3 6D F2 A5 21 DC 9D 80 7C 49 1E
[2026-04-17 09:25:51] [INFO] [发送] 09:25:51.734 设备ID=12047 module=PERIODIC id=ReadFoupStatus uuid=94 sendCount=1/1 timeout=1000ms crc=30 0C len=8
frame=01 04 00 00 00 09 30 0C
[2026-04-17 09:25:51] [INFO] [接收-帧] 09:25:51.850 设备ID=12047 module=PERIODIC id=ReadFoupStatus uuid=94 len=23
frame=01 04 12 35 CA 5E 4E BB 3B 40 EB 8B B4 81 47 5E 21 82 7B DF C7 B4 05
[2026-04-17 09:25:52] [INFO] [发送] 09:25:52.837 设备ID=12047 module=PERIODIC id=ReadFoupStatus uuid=94 sendCount=1/1 timeout=1000ms crc=30 0C len=8
frame=01 04 00 00 00 09 30 0C
[2026-04-17 09:25:52] [INFO] [接收-帧] 09:25:52.925 设备ID=12047 module=PERIODIC id=ReadFoupStatus uuid=94 len=23
frame=01 04 12 20 B9 81 07 28 D8 EF 69 5A 3E 49 D8 61 28 FB E4 49 D6 4E C3
[2026-04-17 09:25:53] [INFO] [发送] 09:25:53.920 设备ID=12047 module=PERIODIC id=ReadFoupStatus uuid=94 sendCount=1/1 timeout=1000ms crc=30 0C len=8
frame=01 04 00 00 00 09 30 0C
[2026-04-17 09:25:54] [INFO] [接收-帧] 09:25:54.016 设备ID=12047 module=PERIODIC id=ReadFoupStatus uuid=94 len=23
frame=01 04 12 03 38 52 77 0A B5 99 4D 81 B7 65 F5 A3 BE 0F 12 7A A7 70 88
[2026-04-17 09:25:55] [INFO] [发送] 09:25:55.009 设备ID=12047 module=PERIODIC id=ReadFoupStatus uuid=94 sendCount=1/1 timeout=1000ms crc=30 0C len=8
frame=01 04 00 00 00 09 30 0C
[2026-04-17 09:25:55] [INFO] [接收-帧] 09:25:55.111 设备ID=12047 module=PERIODIC id=ReadFoupStatus uuid=94 len=23
frame=01 04 12 B5 5E 17 97 41 E2 F3 AD 5C E5 0B 80 9A 5A 38 48 2A 28 D5 5A
[2026-04-17 09:25:56] [INFO] [发送] 09:25:56.111 设备ID=12047 module=PERIODIC id=ReadFoupStatus uuid=94 sendCount=1/1 timeout=1000ms crc=30 0C len=8
frame=01 04 00 00 00 09 30 0C
[2026-04-17 09:25:56] [INFO] [接收-帧] 09:25:56.202 设备ID=12047 module=PERIODIC id=ReadFoupStatus uuid=94 len=23
frame=01 04 12 7F 8F E1 63 D4 BE CB CB A1 D4 90 AA E2 3D B1 1E AE C8 69 AA
[2026-04-17 09:25:57] [INFO] [发送] 09:25:57.205 设备ID=12047 module=PERIODIC id=ReadFoupStatus uuid=94 sendCount=1/1 timeout=1000ms crc=30 0C len=8
frame=01 04 00 00 00 09 30 0C
[2026-04-17 09:25:57] [INFO] [接收-帧] 09:25:57.298 设备ID=12047 module=PERIODIC id=ReadFoupStatus uuid=94 len=23
frame=01 04 12 E4 11 FA B4 32 22 83 05 51 DA 9F 11 9B 28 1B 49 73 EF 71 3A
[2026-04-17 09:25:58] [INFO] [发送] 09:25:58.294 设备ID=12047 module=PERIODIC id=ReadFoupStatus uuid=94 sendCount=1/1 timeout=1000ms crc=30 0C len=8
frame=01 04 00 00 00 09 30 0C
[2026-04-17 09:25:58] [INFO] [接收-帧] 09:25:58.390 设备ID=12047 module=PERIODIC id=ReadFoupStatus uuid=94 len=23
frame=01 04 12 5D 2A 89 29 45 72 64 0F 7F A2 51 19 56 67 3C 7F 5F 5E 2B 94
[2026-04-17 09:25:59] [INFO] [发送] 09:25:59.393 设备ID=12047 module=PERIODIC id=ReadFoupStatus uuid=94 sendCount=1/1 timeout=1000ms crc=30 0C len=8
frame=01 04 00 00 00 09 30 0C
[2026-04-17 09:25:59] [INFO] [接收-帧] 09:25:59.484 设备ID=12047 module=PERIODIC id=ReadFoupStatus uuid=94 len=23
frame=01 04 12 DD 7E 24 A5 27 CD 71 48 5B 4D D8 49 C6 E9 BD 04 06 98 C0 12
[2026-04-17 09:26:00] [INFO] [发送] 09:26:00.476 设备ID=12047 module=PERIODIC id=ReadFoupStatus uuid=94 sendCount=1/1 timeout=1000ms crc=30 0C len=8
frame=01 04 00 00 00 09 30 0C
[2026-04-17 09:26:00] [INFO] [接收-帧] 09:26:00.583 设备ID=12047 module=PERIODIC id=ReadFoupStatus uuid=94 len=23
frame=01 04 12 C9 BF 34 ED D5 14 86 17 0F AD F6 61 79 E7 6F E9 5A 08 D4 EC
[2026-04-17 09:26:01] [INFO] [发送] 09:26:01.579 设备ID=12047 module=PERIODIC id=ReadFoupStatus uuid=94 sendCount=1/1 timeout=1000ms crc=30 0C len=8
frame=01 04 00 00 00 09 30 0C
[2026-04-17 09:26:01] [INFO] [接收-帧] 09:26:01.675 设备ID=12047 module=PERIODIC id=ReadFoupStatus uuid=94 len=23
frame=01 04 12 49 EE 9B 8B DA 0A C4 E7 BA 3C 70 38 8D F2 A1 DC 92 DA 81 DB
[2026-04-17 09:26:02] [INFO] [发送] 09:26:02.676 设备ID=12047 module=PERIODIC id=ReadFoupStatus uuid=94 sendCount=1/1 timeout=1000ms crc=30 0C len=8
frame=01 04 00 00 00 09 30 0C
[2026-04-17 09:26:02] [INFO] [接收-帧] 09:26:02.766 设备ID=12047 module=PERIODIC id=ReadFoupStatus uuid=94 len=23
frame=01 04 12 3F 7E 32 87 DF 29 A5 F8 7B 2E 84 EB 7C AD E5 81 93 B1 EB EC
[2026-04-17 09:26:03] [INFO] [发送] 09:26:03.779 设备ID=12047 module=PERIODIC id=ReadFoupStatus uuid=94 sendCount=1/1 timeout=1000ms crc=30 0C len=8
frame=01 04 00 00 00 09 30 0C
[2026-04-17 09:26:03] [INFO] [接收-帧] 09:26:03.859 设备ID=12047 module=PERIODIC id=ReadFoupStatus uuid=94 len=23
frame=01 04 12 8E 25 09 ED 46 B7 9D 6A 92 BE FE C8 EC 54 50 24 EB 4B 8F 75
[2026-04-17 09:26:04] [INFO] [发送] 09:26:04.861 设备ID=12047 module=PERIODIC id=ReadFoupStatus uuid=94 sendCount=1/1 timeout=1000ms crc=30 0C len=8
frame=01 04 00 00 00 09 30 0C
[2026-04-17 09:26:05] [INFO] [接收-帧] 09:26:05.018 设备ID=12047 module=PERIODIC id=ReadFoupStatus uuid=94 len=23
frame=01 04 12 50 7B 68 A1 12 EB D6 60 39 00 85 28 63 30 0B 90 BB B1 41 83
[2026-04-17 09:26:06] [INFO] [发送] 09:26:06.017 设备ID=12047 module=PERIODIC id=ReadFoupStatus uuid=94 sendCount=1/1 timeout=1000ms crc=30 0C len=8
frame=01 04 00 00 00 09 30 0C
[2026-04-17 09:26:06] [INFO] [接收-帧] 09:26:06.048 设备ID=12047 module=PERIODIC id=ReadFoupStatus uuid=94 len=23
frame=01 04 12 CE 69 61 FF 1C 63 75 97 59 84 60 D5 BF D2 1C 4D BF 24 C5 10
[2026-04-17 09:26:07] [INFO] [发送] 09:26:07.050 设备ID=12047 module=PERIODIC id=ReadFoupStatus uuid=94 sendCount=1/1 timeout=1000ms crc=30 0C len=8
frame=01 04 00 00 00 09 30 0C
[2026-04-17 09:26:07] [INFO] [接收-帧] 09:26:07.142 设备ID=12047 module=PERIODIC id=ReadFoupStatus uuid=94 len=23
frame=01 04 12 68 EE F4 1B E4 E2 88 FC ED A4 6B EB 4A 53 70 38 CE 54 AE 6F
[2026-04-17 09:26:08] [INFO] [发送] 09:26:08.144 设备ID=12047 module=PERIODIC id=ReadFoupStatus uuid=94 sendCount=1/1 timeout=1000ms crc=30 0C len=8
frame=01 04 00 00 00 09 30 0C
[2026-04-17 09:26:08] [INFO] [接收-帧] 09:26:08.234 设备ID=12047 module=PERIODIC id=ReadFoupStatus uuid=94 len=23
frame=01 04 12 E0 EC 59 11 F1 4D 1E 38 E6 E9 47 22 A1 27 F1 E5 C3 1B 29 2B
[2026-04-17 09:26:09] [INFO] [发送] 09:26:09.240 设备ID=12047 module=PERIODIC id=ReadFoupStatus uuid=94 sendCount=1/1 timeout=1000ms crc=30 0C len=8
frame=01 04 00 00 00 09 30 0C
[2026-04-17 09:26:09] [INFO] [接收-帧] 09:26:09.678 设备ID=12047 module=PERIODIC id=ReadFoupStatus uuid=94 len=23
frame=01 04 12 51 FD FE FB 43 6A 98 B8 40 76 F3 AB 3C ED 2F CE E6 9E 3B 2B
[2026-04-17 09:26:10] [INFO] [发送] 09:26:10.686 设备ID=12047 module=PERIODIC id=ReadFoupStatus uuid=94 sendCount=1/1 timeout=1000ms crc=30 0C len=8
frame=01 04 00 00 00 09 30 0C
[2026-04-17 09:26:10] [INFO] [接收-帧] 09:26:10.753 设备ID=12047 module=PERIODIC id=ReadFoupStatus uuid=94 len=23
frame=01 04 12 EE 81 9D CB D3 29 93 4B 19 D7 78 7D 57 41 6E 43 A6 47 20 A8
[2026-04-17 09:26:11] [INFO] [发送] 09:26:11.751 设备ID=12047 module=PERIODIC id=ReadFoupStatus uuid=94 sendCount=1/1 timeout=1000ms crc=30 0C len=8
frame=01 04 00 00 00 09 30 0C
[2026-04-17 09:26:11] [INFO] [接收-帧] 09:26:11.845 设备ID=12047 module=PERIODIC id=ReadFoupStatus uuid=94 len=23
frame=01 04 12 FF E7 77 B3 89 32 11 CA DA 32 8E BC 66 5A 54 36 67 F3 51 26
[2026-04-17 09:26:12] [INFO] [发送] 09:26:12.845 设备ID=12047 module=PERIODIC id=ReadFoupStatus uuid=94 sendCount=1/1 timeout=1000ms crc=30 0C len=8
frame=01 04 00 00 00 09 30 0C
[2026-04-17 09:26:12] [INFO] [接收-帧] 09:26:12.938 设备ID=12047 module=PERIODIC id=ReadFoupStatus uuid=94 len=23
frame=01 04 12 6C 27 FF D1 4B 1B B0 03 C1 30 A1 96 DB CC 36 A9 CF 2F F7 7F
[2026-04-17 09:26:13] [INFO] [发送] 09:26:13.939 设备ID=12047 module=PERIODIC id=ReadFoupStatus uuid=94 sendCount=1/1 timeout=1000ms crc=30 0C len=8
frame=01 04 00 00 00 09 30 0C
[2026-04-17 09:26:14] [INFO] [接收-帧] 09:26:14.028 设备ID=12047 module=PERIODIC id=ReadFoupStatus uuid=94 len=23
frame=01 04 12 D9 F5 4A 01 4F 68 E6 3F AD 7D 2F 84 4C F7 19 BC 6F F3 64 4C
[2026-04-17 09:26:15] [INFO] [发送] 09:26:15.029 设备ID=12047 module=PERIODIC id=ReadFoupStatus uuid=94 sendCount=1/1 timeout=1000ms crc=30 0C len=8
frame=01 04 00 00 00 09 30 0C
[2026-04-17 09:26:15] [INFO] [接收-帧] 09:26:15.124 设备ID=12047 module=PERIODIC id=ReadFoupStatus uuid=94 len=23
frame=01 04 12 1F D3 52 50 7A 6D 6C F1 62 AF 59 2E CA 9B B6 01 A4 EE A7 12
[2026-04-17 09:26:16] [INFO] [发送] 09:26:16.126 设备ID=12047 module=PERIODIC id=ReadFoupStatus uuid=94 sendCount=1/1 timeout=1000ms crc=30 0C len=8
frame=01 04 00 00 00 09 30 0C
[2026-04-17 09:26:16] [INFO] [接收-帧] 09:26:16.222 设备ID=12047 module=PERIODIC id=ReadFoupStatus uuid=94 len=23
frame=01 04 12 7E 1A AE DB C6 36 69 14 BD 09 FC 4D 4B 85 30 64 7A CB A0 5C
[2026-04-17 09:26:17] [INFO] [发送] 09:26:17.219 设备ID=12047 module=PERIODIC id=ReadFoupStatus uuid=94 sendCount=1/1 timeout=1000ms crc=30 0C len=8
frame=01 04 00 00 00 09 30 0C
[2026-04-17 09:26:17] [INFO] [接收-帧] 09:26:17.315 设备ID=12047 module=PERIODIC id=ReadFoupStatus uuid=94 len=23
frame=01 04 12 59 BE 9F C3 C1 CF 3D 92 F3 69 04 14 D2 03 2B 93 83 0E 9D F2
[2026-04-17 09:26:18] [INFO] [发送] 09:26:18.310 设备ID=12047 module=PERIODIC id=ReadFoupStatus uuid=94 sendCount=1/1 timeout=1000ms crc=30 0C len=8
frame=01 04 00 00 00 09 30 0C
[2026-04-17 09:26:18] [INFO] [接收-帧] 09:26:18.410 设备ID=12047 module=PERIODIC id=ReadFoupStatus uuid=94 len=23
frame=01 04 12 CD F1 68 73 AE 16 EF 9E E3 37 47 30 E4 F3 38 9D 6F 09 B6 C2
[2026-04-17 09:26:19] [INFO] [发送] 09:26:19.406 设备ID=12047 module=PERIODIC id=ReadFoupStatus uuid=94 sendCount=1/1 timeout=1000ms crc=30 0C len=8
frame=01 04 00 00 00 09 30 0C
[2026-04-17 09:26:19] [INFO] [接收-帧] 09:26:19.509 设备ID=12047 module=PERIODIC id=ReadFoupStatus uuid=94 len=23
frame=01 04 12 D6 1C 0A 6D 63 2B CC DB 8B 89 F4 E1 32 0B C5 2A C6 13 C8 AF
[2026-04-17 09:26:20] [INFO] [发送] 09:26:20.512 设备ID=12047 module=PERIODIC id=ReadFoupStatus uuid=94 sendCount=1/1 timeout=1000ms crc=30 0C len=8
frame=01 04 00 00 00 09 30 0C
[2026-04-17 09:26:20] [INFO] [接收-帧] 09:26:20.593 设备ID=12047 module=PERIODIC id=ReadFoupStatus uuid=94 len=23
frame=01 04 12 A5 43 74 66 AC 05 4B 4E A5 D6 3F FB FD E7 E6 D1 99 DF 94 B9
[2026-04-17 09:26:21] [INFO] [发送] 09:26:21.589 设备ID=12047 module=PERIODIC id=ReadFoupStatus uuid=94 sendCount=1/1 timeout=1000ms crc=30 0C len=8
frame=01 04 00 00 00 09 30 0C
[2026-04-17 09:26:21] [INFO] [接收-帧] 09:26:21.686 设备ID=12047 module=PERIODIC id=ReadFoupStatus uuid=94 len=23
frame=01 04 12 25 17 DF 5A C5 62 7A B1 3A 0F E8 9A 11 53 F1 F3 4B 58 4F AB
[2026-04-17 09:26:22] [INFO] [发送] 09:26:22.938 设备ID=12047 module=PERIODIC id=ReadFoupStatus uuid=94 sendCount=1/1 timeout=1000ms crc=30 0C len=8
frame=01 04 00 00 00 09 30 0C
[2026-04-17 09:26:23] [INFO] [接收-帧] 09:26:23.005 设备ID=12047 module=PERIODIC id=ReadFoupStatus uuid=94 len=23
frame=01 04 12 F6 4B 4A DA 2B 2E 3E 0E 9A 83 E0 67 18 FC DD 9A A2 78 9B F7
[2026-04-17 09:26:23] [INFO] [发送] 09:26:23.998 设备ID=12047 module=PERIODIC id=ReadFoupStatus uuid=94 sendCount=1/1 timeout=1000ms crc=30 0C len=8
frame=01 04 00 00 00 09 30 0C
[2026-04-17 09:26:24] [INFO] [接收-帧] 09:26:24.096 设备ID=12047 module=PERIODIC id=ReadFoupStatus uuid=94 len=23
frame=01 04 12 9A 62 CA 44 58 EE 1E B5 11 EF 9F 42 79 59 0D C1 CA 13 AC FC
[2026-04-17 09:26:25] [INFO] [发送] 09:26:25.614 设备ID=12047 module=PERIODIC id=ReadFoupStatus uuid=94 sendCount=1/1 timeout=1000ms crc=30 0C len=8
frame=01 04 00 00 00 09 30 0C
[2026-04-17 09:26:25] [INFO] [接收-帧] 09:26:25.629 设备ID=12047 module=PERIODIC id=ReadFoupStatus uuid=94 len=23
frame=01 04 12 BA E0 69 05 A8 5E A7 86 44 AE B0 44 E8 96 41 EF E3 D2 D5 F2
[2026-04-17 09:26:26] [INFO] [发送] 09:26:26.620 设备ID=12047 module=PERIODIC id=ReadFoupStatus uuid=94 sendCount=1/1 timeout=1000ms crc=30 0C len=8
frame=01 04 00 00 00 09 30 0C
[2026-04-17 09:26:26] [INFO] [接收-帧] 09:26:26.739 设备ID=12047 module=PERIODIC id=ReadFoupStatus uuid=94 len=23
frame=01 04 12 41 72 64 0E 08 A3 4A D8 81 A1 F8 AD 12 5C 39 C6 91 DA 36 20
[2026-04-17 09:26:27] [INFO] [发送] 09:26:27.730 设备ID=12047 module=PERIODIC id=ReadFoupStatus uuid=94 sendCount=1/1 timeout=1000ms crc=30 0C len=8
frame=01 04 00 00 00 09 30 0C
[2026-04-17 09:26:27] [INFO] [接收-帧] 09:26:27.817 设备ID=12047 module=PERIODIC id=ReadFoupStatus uuid=94 len=23
frame=01 04 12 A5 E5 12 CE 83 12 39 AD F1 7E 46 68 55 7C CD 40 A8 C4 3F 7B
[2026-04-17 09:26:28] [INFO] [发送] 09:26:28.812 设备ID=12047 module=PERIODIC id=ReadFoupStatus uuid=94 sendCount=1/1 timeout=1000ms crc=30 0C len=8
frame=01 04 00 00 00 09 30 0C
[2026-04-17 09:26:28] [INFO] [接收-帧] 09:26:28.907 设备ID=12047 module=PERIODIC id=ReadFoupStatus uuid=94 len=23
frame=01 04 12 5D A5 75 87 AB AA 43 CD 24 B0 4C 54 DD B8 45 E9 36 42 FB 5E
[2026-04-17 09:26:29] [INFO] [发送] 09:26:29.902 设备ID=12047 module=PERIODIC id=ReadFoupStatus uuid=94 sendCount=1/1 timeout=1000ms crc=30 0C len=8
frame=01 04 00 00 00 09 30 0C
[2026-04-17 09:26:30] [INFO] [接收-帧] 09:26:30.005 设备ID=12047 module=PERIODIC id=ReadFoupStatus uuid=94 len=23
frame=01 04 12 AF 25 C5 43 55 B0 14 60 75 31 67 5B DF A3 6A 60 2E 3F 98 5D
[2026-04-17 09:26:31] [INFO] [发送] 09:26:31.007 设备ID=12047 module=PERIODIC id=ReadFoupStatus uuid=94 sendCount=1/1 timeout=1000ms crc=30 0C len=8
frame=01 04 00 00 00 09 30 0C
[2026-04-17 09:26:31] [INFO] [接收-帧] 09:26:31.101 设备ID=12047 module=PERIODIC id=ReadFoupStatus uuid=94 len=23
frame=01 04 12 EE 84 E2 58 C6 DC 35 5A 4B 66 50 EA DE 19 56 02 3D 7B 74 3A
[2026-04-17 09:26:32] [INFO] [发送] 09:26:32.113 设备ID=12047 module=PERIODIC id=ReadFoupStatus uuid=94 sendCount=1/1 timeout=1000ms crc=30 0C len=8
frame=01 04 00 00 00 09 30 0C
[2026-04-17 09:26:32] [INFO] [接收-帧] 09:26:32.194 设备ID=12047 module=PERIODIC id=ReadFoupStatus uuid=94 len=23
frame=01 04 12 88 18 ED 98 61 0C 1A 66 B1 18 23 09 6C 09 6D A2 71 CA D0 37
[2026-04-17 09:26:33] [INFO] [发送] 09:26:33.184 设备ID=12047 module=PERIODIC id=ReadFoupStatus uuid=94 sendCount=1/1 timeout=1000ms crc=30 0C len=8
frame=01 04 00 00 00 09 30 0C
[2026-04-17 09:26:33] [INFO] [接收-帧] 09:26:33.284 设备ID=12047 module=PERIODIC id=ReadFoupStatus uuid=94 len=23
frame=01 04 12 AB 45 D3 E8 4A DA EB 2B F6 FF 5D 53 D1 57 D7 1A CA 22 EB 88
[2026-04-17 09:26:34] [INFO] [发送] 09:26:34.287 设备ID=12047 module=PERIODIC id=ReadFoupStatus uuid=94 sendCount=1/1 timeout=1000ms crc=30 0C len=8
frame=01 04 00 00 00 09 30 0C
[2026-04-17 09:26:34] [INFO] [接收-帧] 09:26:34.379 设备ID=12047 module=PERIODIC id=ReadFoupStatus uuid=94 len=23
frame=01 04 12 75 66 ED E0 5A BF 73 22 25 1D 3B 12 DF 00 46 48 1D C2 04 D2
[2026-04-17 09:26:35] [INFO] [发送] 09:26:35.381 设备ID=12047 module=PERIODIC id=ReadFoupStatus uuid=94 sendCount=1/1 timeout=1000ms crc=30 0C len=8
frame=01 04 00 00 00 09 30 0C
[2026-04-17 09:26:35] [INFO] [接收-帧] 09:26:35.470 设备ID=12047 module=PERIODIC id=ReadFoupStatus uuid=94 len=23
frame=01 04 12 D7 C1 93 24 23 96 E7 37 16 C6 54 24 B6 D0 97 54 42 2D 03 D9
[2026-04-17 09:26:36] [INFO] [发送] 09:26:36.468 设备ID=12047 module=PERIODIC id=ReadFoupStatus uuid=94 sendCount=1/1 timeout=1000ms crc=30 0C len=8
frame=01 04 00 00 00 09 30 0C
[2026-04-17 09:26:36] [INFO] [接收-帧] 09:26:36.567 设备ID=12047 module=PERIODIC id=ReadFoupStatus uuid=94 len=23
frame=01 04 12 17 F0 E7 14 D2 3F C0 F5 9E 4D 95 AA 60 16 65 05 D9 CB A6 8B
[2026-04-17 09:26:37] [INFO] [发送] 09:26:37.565 设备ID=12047 module=PERIODIC id=ReadFoupStatus uuid=94 sendCount=1/1 timeout=1000ms crc=30 0C len=8
frame=01 04 00 00 00 09 30 0C
[2026-04-17 09:26:37] [INFO] [接收-帧] 09:26:37.657 设备ID=12047 module=PERIODIC id=ReadFoupStatus uuid=94 len=23
frame=01 04 12 2F 61 D1 B7 C8 75 84 3B 62 01 AF 77 3F E8 E0 91 2B 24 C1 B1
[2026-04-17 09:26:38] [INFO] [发送] 09:26:38.653 设备ID=12047 module=PERIODIC id=ReadFoupStatus uuid=94 sendCount=1/1 timeout=1000ms crc=30 0C len=8
frame=01 04 00 00 00 09 30 0C
[2026-04-17 09:26:38] [INFO] [接收-帧] 09:26:38.757 设备ID=12047 module=PERIODIC id=ReadFoupStatus uuid=94 len=23
frame=01 04 12 83 A9 5F A0 2C 9E 97 85 C7 C7 AA AD 7E D4 58 D3 47 8A C3 F2
[2026-04-17 09:26:39] [INFO] [发送] 09:26:39.769 设备ID=12047 module=PERIODIC id=ReadFoupStatus uuid=94 sendCount=1/1 timeout=1000ms crc=30 0C len=8
frame=01 04 00 00 00 09 30 0C
[2026-04-17 09:26:39] [INFO] [接收-帧] 09:26:39.843 设备ID=12047 module=PERIODIC id=ReadFoupStatus uuid=94 len=23
frame=01 04 12 E6 8B FA A6 B0 2F 68 63 9C 7F 90 36 6D 57 AD 95 3B 5F 8B EA
[2026-04-17 09:26:40] [INFO] [发送] 09:26:40.837 设备ID=12047 module=PERIODIC id=ReadFoupStatus uuid=94 sendCount=1/1 timeout=1000ms crc=30 0C len=8
frame=01 04 00 00 00 09 30 0C
[2026-04-17 09:26:40] [INFO] [接收-帧] 09:26:40.948 设备ID=12047 module=PERIODIC id=ReadFoupStatus uuid=94 len=23
frame=01 04 12 3B 8F 3E B6 F2 81 D4 16 62 0A 68 FB C1 A6 9D FA 67 55 D3 85
[2026-04-17 09:26:41] [INFO] [发送] 09:26:41.949 设备ID=12047 module=PERIODIC id=ReadFoupStatus uuid=94 sendCount=1/1 timeout=1000ms crc=30 0C len=8
frame=01 04 00 00 00 09 30 0C
[2026-04-17 09:26:42] [INFO] [接收-帧] 09:26:42.036 设备ID=12047 module=PERIODIC id=ReadFoupStatus uuid=94 len=23
frame=01 04 12 7E 21 6F AB 56 F0 10 06 D0 D7 63 58 5E C2 22 40 F7 24 21 A0
[2026-04-17 09:26:43] [INFO] [发送] 09:26:43.033 设备ID=12047 module=PERIODIC id=ReadFoupStatus uuid=94 sendCount=1/1 timeout=1000ms crc=30 0C len=8
frame=01 04 00 00 00 09 30 0C
[2026-04-17 09:26:43] [INFO] [接收-帧] 09:26:43.130 设备ID=12047 module=PERIODIC id=ReadFoupStatus uuid=94 len=23
frame=01 04 12 DD FF 72 99 FD D2 63 93 C2 20 89 CA 16 68 7D 67 17 7F C8 CD
[2026-04-17 09:26:44] [INFO] [发送] 09:26:44.122 设备ID=12047 module=PERIODIC id=ReadFoupStatus uuid=94 sendCount=1/1 timeout=1000ms crc=30 0C len=8
frame=01 04 00 00 00 09 30 0C
[2026-04-17 09:26:44] [INFO] [接收-帧] 09:26:44.219 设备ID=12047 module=PERIODIC id=ReadFoupStatus uuid=94 len=23
frame=01 04 12 31 F3 10 1F F7 64 8C AF AF AB 52 C1 1C F5 B5 41 2C FA 2B D4
[2026-04-17 09:26:45] [INFO] [发送] 09:26:45.214 设备ID=12047 module=PERIODIC id=ReadFoupStatus uuid=94 sendCount=1/1 timeout=1000ms crc=30 0C len=8
frame=01 04 00 00 00 09 30 0C
[2026-04-17 09:26:45] [INFO] [接收-帧] 09:26:45.317 设备ID=12047 module=PERIODIC id=ReadFoupStatus uuid=94 len=23
frame=01 04 12 97 1C 3F 65 46 9C 98 23 2B B6 8B D5 10 96 5E 97 62 5A 14 85
[2026-04-17 09:26:46] [INFO] [发送] 09:26:46.310 设备ID=12047 module=PERIODIC id=ReadFoupStatus uuid=94 sendCount=1/1 timeout=1000ms crc=30 0C len=8
frame=01 04 00 00 00 09 30 0C
[2026-04-17 09:26:46] [INFO] [接收-帧] 09:26:46.413 设备ID=12047 module=PERIODIC id=ReadFoupStatus uuid=94 len=23
frame=01 04 12 7A 35 88 C1 76 AE 20 05 8A EF 83 3D BA 07 08 BC AD EA F5 3D
[2026-04-17 09:26:47] [INFO] [发送] 09:26:47.418 设备ID=12047 module=PERIODIC id=ReadFoupStatus uuid=94 sendCount=1/1 timeout=1000ms crc=30 0C len=8
frame=01 04 00 00 00 09 30 0C
[2026-04-17 09:26:47] [INFO] [接收-帧] 09:26:47.541 设备ID=12047 module=PERIODIC id=ReadFoupStatus uuid=94 len=23
frame=01 04 12 D0 07 9C 19 1A 0B CF 69 E4 2B 62 9D 08 57 00 EF FC B2 5B 49
[2026-04-17 09:26:48] [INFO] [发送] 09:26:48.555 设备ID=12047 module=PERIODIC id=ReadFoupStatus uuid=94 sendCount=1/1 timeout=1000ms crc=30 0C len=8
frame=01 04 00 00 00 09 30 0C
[2026-04-17 09:26:48] [INFO] [接收-帧] 09:26:48.599 设备ID=12047 module=PERIODIC id=ReadFoupStatus uuid=94 len=23
frame=01 04 12 69 C3 7F 34 53 6F 9E 6A 0B 31 8E 16 8B DE AF 95 42 BA AD D7
[2026-04-17 09:26:49] [INFO] [发送] 09:26:49.595 设备ID=12047 module=PERIODIC id=ReadFoupStatus uuid=94 sendCount=1/1 timeout=1000ms crc=30 0C len=8
frame=01 04 00 00 00 09 30 0C
[2026-04-17 09:26:49] [INFO] [接收-帧] 09:26:49.705 设备ID=12047 module=PERIODIC id=ReadFoupStatus uuid=94 len=23
frame=01 04 12 82 66 5E B5 43 23 1C A6 B9 D0 1D 6F AF 43 65 6C 24 BE 31 EF
[2026-04-17 09:26:50] [INFO] [发送] 09:26:50.709 设备ID=12047 module=PERIODIC id=ReadFoupStatus uuid=94 sendCount=1/1 timeout=1000ms crc=30 0C len=8
frame=01 04 00 00 00 09 30 0C
[2026-04-17 09:26:50] [INFO] [接收-帧] 09:26:50.787 设备ID=12047 module=PERIODIC id=ReadFoupStatus uuid=94 len=23
frame=01 04 12 F4 F5 89 FC 43 D2 33 2D 50 CC A0 77 D9 0B C7 14 77 B1 B0 9D
[2026-04-17 09:26:51] [INFO] [发送] 09:26:51.819 设备ID=12047 module=PERIODIC id=ReadFoupStatus uuid=94 sendCount=1/1 timeout=1000ms crc=30 0C len=8
frame=01 04 00 00 00 09 30 0C
[2026-04-17 09:26:51] [INFO] [接收-帧] 09:26:51.880 设备ID=12047 module=PERIODIC id=ReadFoupStatus uuid=94 len=23
frame=01 04 12 5A ED C0 77 40 47 B6 39 6F 89 19 92 AF FC 8D 77 7B D7 1B 64
[2026-04-17 09:26:52] [INFO] [发送] 09:26:52.877 设备ID=12047 module=PERIODIC id=ReadFoupStatus uuid=94 sendCount=1/1 timeout=1000ms crc=30 0C len=8
frame=01 04 00 00 00 09 30 0C
[2026-04-17 09:26:53] [INFO] [接收-帧] 09:26:53.465 设备ID=12047 module=PERIODIC id=ReadFoupStatus uuid=94 len=23
frame=01 04 12 A6 13 F4 CC A0 1A D9 16 D9 27 F1 A0 02 7E C0 4D 40 3B 10 B0
[2026-04-17 09:26:54] [INFO] [发送] 09:26:54.497 设备ID=12047 module=PERIODIC id=ReadFoupStatus uuid=94 sendCount=1/1 timeout=1000ms crc=30 0C len=8
frame=01 04 00 00 00 09 30 0C
[2026-04-17 09:26:54] [INFO] [接收-帧] 09:26:54.612 设备ID=12047 module=PERIODIC id=ReadFoupStatus uuid=94 len=23
frame=01 04 12 22 A6 EA 2A 0C 8A 4A 60 83 92 B2 4E 0F 74 85 D5 A0 42 09 0C
[2026-04-17 09:26:55] [INFO] [发送] 09:26:55.610 设备ID=12047 module=PERIODIC id=ReadFoupStatus uuid=94 sendCount=1/1 timeout=1000ms crc=30 0C len=8
frame=01 04 00 00 00 09 30 0C
[2026-04-17 09:26:55] [INFO] [接收-帧] 09:26:55.705 设备ID=12047 module=PERIODIC id=ReadFoupStatus uuid=94 len=23
frame=01 04 12 7B 2E 51 72 8D 1D CE E2 85 18 13 7A 87 5D 2A 46 AC 8D CB 61
[2026-04-17 09:26:56] [INFO] [发送] 09:26:56.697 设备ID=12047 module=PERIODIC id=ReadFoupStatus uuid=94 sendCount=1/1 timeout=1000ms crc=30 0C len=8
frame=01 04 00 00 00 09 30 0C
[2026-04-17 09:26:56] [INFO] [接收-帧] 09:26:56.800 设备ID=12047 module=PERIODIC id=ReadFoupStatus uuid=94 len=23
frame=01 04 12 53 69 FD B7 14 BA FF 86 0D 09 5D C3 FB 65 EA 51 47 F0 BE 06
[2026-04-17 09:26:57] [INFO] [发送] 09:26:57.798 设备ID=12047 module=PERIODIC id=ReadFoupStatus uuid=94 sendCount=1/1 timeout=1000ms crc=30 0C len=8
frame=01 04 00 00 00 09 30 0C
[2026-04-17 09:26:57] [INFO] [接收-帧] 09:26:57.893 设备ID=12047 module=PERIODIC id=ReadFoupStatus uuid=94 len=23
frame=01 04 12 F4 43 1E 55 FE 93 C9 76 4B 6E 27 A4 06 A9 B4 B1 FC 71 E3 D6
[2026-04-17 09:26:58] [INFO] [发送] 09:26:58.895 设备ID=12047 module=PERIODIC id=ReadFoupStatus uuid=94 sendCount=1/1 timeout=1000ms crc=30 0C len=8
frame=01 04 00 00 00 09 30 0C
[2026-04-17 09:26:58] [INFO] [接收-帧] 09:26:58.986 设备ID=12047 module=PERIODIC id=ReadFoupStatus uuid=94 len=23
frame=01 04 12 6E E7 AE B2 45 D3 50 15 F8 AA 12 6C C0 EF EC 15 46 AF 48 B7
[2026-04-17 09:26:59] [INFO] [发送] 09:26:59.985 设备ID=12047 module=PERIODIC id=ReadFoupStatus uuid=94 sendCount=1/1 timeout=1000ms crc=30 0C len=8
frame=01 04 00 00 00 09 30 0C
[2026-04-17 09:27:00] [INFO] [接收-帧] 09:27:00.075 设备ID=12047 module=PERIODIC id=ReadFoupStatus uuid=94 len=23
frame=01 04 12 CE CD 89 4D 23 30 A8 47 A8 D1 FB 8C 18 E1 6D FF D0 ED A3 EB
[2026-04-17 09:27:01] [INFO] [发送] 09:27:01.074 设备ID=12047 module=PERIODIC id=ReadFoupStatus uuid=94 sendCount=1/1 timeout=1000ms crc=30 0C len=8
frame=01 04 00 00 00 09 30 0C
[2026-04-17 09:27:01] [INFO] [接收-帧] 09:27:01.173 设备ID=12047 module=PERIODIC id=ReadFoupStatus uuid=94 len=23
frame=01 04 12 E9 B1 6A 38 6E 5D B9 90 C9 C7 AB 98 53 D2 B0 9F 23 63 04 86
[2026-04-17 09:27:37] [INFO] [发送] 09:27:37.467 设备ID=12047 module=INITIAL id=ReadVersion uuid=93 sendCount=1/4 timeout=1000ms crc=B1 CD len=8
frame=01 04 00 18 00 01 B1 CD
[2026-04-17 09:27:37] [INFO] [接收-帧] 09:27:37.756 设备ID=12047 module=INITIAL id=ReadVersion uuid=93 len=7
frame=01 04 02 00 00 B9 30
[2026-04-17 09:27:37] [INFO] [发送] 09:27:37.756 设备ID=12047 module=PERIODIC id=ReadFoupStatus uuid=94 sendCount=1/1 timeout=1000ms crc=30 0C len=8
frame=01 04 00 00 00 09 30 0C
[2026-04-17 09:27:37] [INFO] [接收-帧] 09:27:37.784 设备ID=12047 module=PERIODIC id=ReadFoupStatus uuid=94 len=23
frame=01 04 12 52 71 57 36 59 C8 FE DF 61 0F 89 2E DC 72 D1 83 98 9C A3 77
[2026-04-17 09:27:38] [INFO] [发送] 09:27:38.775 设备ID=12047 module=PERIODIC id=ReadFoupStatus uuid=94 sendCount=1/1 timeout=1000ms crc=30 0C len=8
frame=01 04 00 00 00 09 30 0C
[2026-04-17 09:27:38] [INFO] [接收-帧] 09:27:38.878 设备ID=12047 module=PERIODIC id=ReadFoupStatus uuid=94 len=23
frame=01 04 12 4F 9A C8 AC FD 5C 1D 5A 87 C6 EE 6B 33 1E DA 91 62 A3 C7 7E
[2026-04-17 09:27:39] [INFO] [发送] 09:27:39.870 设备ID=12047 module=PERIODIC id=ReadFoupStatus uuid=94 sendCount=1/1 timeout=1000ms crc=30 0C len=8
frame=01 04 00 00 00 09 30 0C
[2026-04-17 09:27:39] [INFO] [接收-帧] 09:27:39.973 设备ID=12047 module=PERIODIC id=ReadFoupStatus uuid=94 len=23
frame=01 04 12 B4 59 DB C3 33 D1 36 19 30 40 C7 78 DE 44 45 82 4F 7F C9 A5
[2026-04-17 09:27:40] [INFO] [发送] 09:27:40.962 设备ID=12047 module=PERIODIC id=ReadFoupStatus uuid=94 sendCount=1/1 timeout=1000ms crc=30 0C len=8
frame=01 04 00 00 00 09 30 0C
[2026-04-17 09:27:41] [INFO] [接收-帧] 09:27:41.070 设备ID=12047 module=PERIODIC id=ReadFoupStatus uuid=94 len=23
frame=01 04 12 90 74 6C C6 46 AD 14 51 CC 3B AE 55 AD 50 7D 50 52 63 57 9C
[2026-04-17 09:27:42] [INFO] [发送] 09:27:42.064 设备ID=12047 module=PERIODIC id=ReadFoupStatus uuid=94 sendCount=1/1 timeout=1000ms crc=30 0C len=8
frame=01 04 00 00 00 09 30 0C
[2026-04-17 09:27:42] [INFO] [接收-帧] 09:27:42.161 设备ID=12047 module=PERIODIC id=ReadFoupStatus uuid=94 len=23
frame=01 04 12 41 61 E6 E7 05 00 5C FF 00 8E 7D 44 E0 AC 67 85 57 30 A8 EF
[2026-04-17 09:27:43] [INFO] [发送] 09:27:43.150 设备ID=12047 module=PERIODIC id=ReadFoupStatus uuid=94 sendCount=1/1 timeout=1000ms crc=30 0C len=8
frame=01 04 00 00 00 09 30 0C
[2026-04-17 09:27:43] [INFO] [接收-帧] 09:27:43.255 设备ID=12047 module=PERIODIC id=ReadFoupStatus uuid=94 len=23
frame=01 04 12 0E 62 47 54 05 05 D7 EE A1 AF CE 08 E1 3A 69 48 9D AA 86 7E
[2026-04-17 09:27:44] [INFO] [发送] 09:27:44.253 设备ID=12047 module=PERIODIC id=ReadFoupStatus uuid=94 sendCount=1/1 timeout=1000ms crc=30 0C len=8
frame=01 04 00 00 00 09 30 0C
[2026-04-17 09:27:44] [INFO] [接收-帧] 09:27:44.344 设备ID=12047 module=PERIODIC id=ReadFoupStatus uuid=94 len=23
frame=01 04 12 2C 98 AE F1 E0 F6 62 22 97 7F F8 3E 8E E8 F7 29 82 99 A7 08
[2026-04-17 09:27:45] [INFO] [发送] 09:27:45.338 设备ID=12047 module=PERIODIC id=ReadFoupStatus uuid=94 sendCount=1/1 timeout=1000ms crc=30 0C len=8
frame=01 04 00 00 00 09 30 0C
[2026-04-17 09:27:45] [INFO] [接收-帧] 09:27:45.442 设备ID=12047 module=PERIODIC id=ReadFoupStatus uuid=94 len=23
frame=01 04 12 EA 8D 5B 1F 14 A1 73 D2 5A AB 63 1A 4A 71 48 B0 B5 13 F4 84
[2026-04-17 09:27:46] [INFO] [发送] 09:27:46.435 设备ID=12047 module=PERIODIC id=ReadFoupStatus uuid=94 sendCount=1/1 timeout=1000ms crc=30 0C len=8
frame=01 04 00 00 00 09 30 0C
[2026-04-17 09:27:46] [INFO] [接收-帧] 09:27:46.541 设备ID=12047 module=PERIODIC id=ReadFoupStatus uuid=94 len=23
frame=01 04 12 72 40 1B A8 58 06 92 18 FF D1 44 24 F0 5E D6 21 5B 19 D0 5D
[2026-04-17 09:27:47] [INFO] [发送] 09:27:47.558 设备ID=12047 module=PERIODIC id=ReadFoupStatus uuid=94 sendCount=1/1 timeout=1000ms crc=30 0C len=8
frame=01 04 00 00 00 09 30 0C
[2026-04-17 09:27:47] [INFO] [接收-帧] 09:27:47.630 设备ID=12047 module=PERIODIC id=ReadFoupStatus uuid=94 len=23
frame=01 04 12 58 53 FD 1B 8E E5 53 9D 2A F2 3C C0 9B 9C 39 2B DA A1 E8 E5
[2026-04-17 09:27:48] [INFO] [发送] 09:27:48.618 设备ID=12047 module=PERIODIC id=ReadFoupStatus uuid=94 sendCount=1/1 timeout=1000ms crc=30 0C len=8
frame=01 04 00 00 00 09 30 0C
[2026-04-17 09:27:48] [INFO] [接收-帧] 09:27:48.725 设备ID=12047 module=PERIODIC id=ReadFoupStatus uuid=94 len=23
frame=01 04 12 1F 31 90 58 A5 A9 BA 41 13 EF 87 14 56 2A A4 E4 D4 35 BF 31
[2026-04-17 09:27:49] [INFO] [发送] 09:27:49.713 设备ID=12047 module=PERIODIC id=ReadFoupStatus uuid=94 sendCount=1/1 timeout=1000ms crc=30 0C len=8
frame=01 04 00 00 00 09 30 0C
[2026-04-17 09:27:49] [INFO] [接收-帧] 09:27:49.818 设备ID=12047 module=PERIODIC id=ReadFoupStatus uuid=94 len=23
frame=01 04 12 5F E4 C1 EC 18 8D DD E4 4C 8B 7C 57 EA B6 B6 39 A3 40 2B 7F
[2026-04-17 09:27:50] [INFO] [发送] 09:27:50.809 设备ID=12047 module=PERIODIC id=ReadFoupStatus uuid=94 sendCount=1/1 timeout=1000ms crc=30 0C len=8
frame=01 04 00 00 00 09 30 0C
[2026-04-17 09:27:50] [INFO] [接收-帧] 09:27:50.909 设备ID=12047 module=PERIODIC id=ReadFoupStatus uuid=94 len=23
frame=01 04 12 98 12 AE F5 66 06 4B 01 9F 29 11 B6 C5 0D 73 E8 C2 37 66 79
[2026-04-17 09:31:34] [INFO] [发送] 09:31:34.136 设备ID=12047 module=INITIAL id=ReadVersion uuid=93 sendCount=1/4 timeout=1000ms crc=B1 CD len=8
frame=01 04 00 18 00 01 B1 CD
[2026-04-17 09:31:34] [INFO] [接收-帧] 09:31:34.336 设备ID=12047 module=INITIAL id=ReadVersion uuid=93 len=7
frame=01 04 02 00 00 B9 30
[2026-04-17 09:31:34] [INFO] [发送] 09:31:34.336 设备ID=12047 module=PERIODIC id=ReadFoupStatus uuid=94 sendCount=1/1 timeout=1000ms crc=30 0C len=8
frame=01 04 00 00 00 09 30 0C
[2026-04-17 09:31:34] [INFO] [接收-帧] 09:31:34.361 设备ID=12047 module=PERIODIC id=ReadFoupStatus uuid=94 len=23
frame=01 04 12 60 49 7A 0D 61 D5 31 E7 32 F2 BA 24 3B 80 63 40 4D 2F 4E FB
[2026-04-17 09:31:35] [INFO] [发送] 09:31:35.355 设备ID=12047 module=PERIODIC id=ReadFoupStatus uuid=94 sendCount=1/1 timeout=1000ms crc=30 0C len=8
frame=01 04 00 00 00 09 30 0C
[2026-04-17 09:31:35] [INFO] [接收-帧] 09:31:35.459 设备ID=12047 module=PERIODIC id=ReadFoupStatus uuid=94 len=23
frame=01 04 12 3F D2 44 AD 16 18 71 4E CF AB D0 F3 48 8F 95 5A 76 77 73 C7
[2026-04-17 09:31:36] [INFO] [发送] 09:31:36.449 设备ID=12047 module=PERIODIC id=ReadFoupStatus uuid=94 sendCount=1/1 timeout=1000ms crc=30 0C len=8
frame=01 04 00 00 00 09 30 0C
[2026-04-17 09:31:36] [INFO] [接收-帧] 09:31:36.547 设备ID=12047 module=PERIODIC id=ReadFoupStatus uuid=94 len=23
frame=01 04 12 57 E9 00 A9 8D B7 EC 5A 4C 6D EA C6 74 63 83 ED 73 D9 12 A2
[2026-04-17 09:31:37] [INFO] [发送] 09:31:37.543 设备ID=12047 module=PERIODIC id=ReadFoupStatus uuid=94 sendCount=1/1 timeout=1000ms crc=30 0C len=8
frame=01 04 00 00 00 09 30 0C
[2026-04-17 09:31:37] [INFO] [接收-帧] 09:31:37.753 设备ID=12047 module=PERIODIC id=ReadFoupStatus uuid=94 len=23
frame=01 04 12 1A F6 CE 42 68 01 80 AC 9C 9A 37 90 67 22 B8 74 E6 1A 1C A6
[2026-04-17 09:31:38] [INFO] [发送] 09:31:38.745 设备ID=12047 module=PERIODIC id=ReadFoupStatus uuid=94 sendCount=1/1 timeout=1000ms crc=30 0C len=8
frame=01 04 00 00 00 09 30 0C
[2026-04-17 09:31:38] [INFO] [接收-帧] 09:31:38.847 设备ID=12047 module=PERIODIC id=ReadFoupStatus uuid=94 len=23
frame=01 04 12 CA 56 88 80 C2 7A 30 7C 01 A9 57 3E 12 C9 A7 E1 12 0D E9 42
[2026-04-17 09:31:39] [INFO] [发送] 09:31:39.842 设备ID=12047 module=PERIODIC id=ReadFoupStatus uuid=94 sendCount=1/1 timeout=1000ms crc=30 0C len=8
frame=01 04 00 00 00 09 30 0C
[2026-04-17 09:31:39] [INFO] [接收-帧] 09:31:39.945 设备ID=12047 module=PERIODIC id=ReadFoupStatus uuid=94 len=23
frame=01 04 12 47 A2 3F DC B8 6D 63 4A A3 EE 62 27 98 8E 0C 84 1B 62 72 1A
[2026-04-17 09:31:40] [INFO] [发送] 09:31:40.930 设备ID=12047 module=PERIODIC id=ReadFoupStatus uuid=94 sendCount=1/1 timeout=1000ms crc=30 0C len=8
frame=01 04 00 00 00 09 30 0C
[2026-04-17 09:31:41] [INFO] [接收-帧] 09:31:41.035 设备ID=12047 module=PERIODIC id=ReadFoupStatus uuid=94 len=23
frame=01 04 12 D0 3B 56 AC 8F EE 5F 2A 7D BE 4E 49 9C C5 AA A6 17 19 DE 3C
[2026-04-17 09:31:42] [INFO] [发送] 09:31:42.032 设备ID=12047 module=PERIODIC id=ReadFoupStatus uuid=94 sendCount=1/1 timeout=1000ms crc=30 0C len=8
frame=01 04 00 00 00 09 30 0C
[2026-04-17 09:31:42] [INFO] [接收-帧] 09:31:42.130 设备ID=12047 module=PERIODIC id=ReadFoupStatus uuid=94 len=23
frame=01 04 12 23 BA 61 D1 0A 7F BE 3D DF 3D 34 4A 76 4C 58 2D E8 BB 9F C3
[2026-04-17 09:31:43] [INFO] [发送] 09:31:43.123 设备ID=12047 module=PERIODIC id=ReadFoupStatus uuid=94 sendCount=1/1 timeout=1000ms crc=30 0C len=8
frame=01 04 00 00 00 09 30 0C
[2026-04-17 09:31:43] [INFO] [接收-帧] 09:31:43.221 设备ID=12047 module=PERIODIC id=ReadFoupStatus uuid=94 len=23
frame=01 04 12 F2 ED B8 0D 63 B1 FB 07 2E 76 D4 40 0F 6B 58 E4 8E BE 24 F6
[2026-04-17 09:31:44] [INFO] [发送] 09:31:44.212 设备ID=12047 module=PERIODIC id=ReadFoupStatus uuid=94 sendCount=1/1 timeout=1000ms crc=30 0C len=8
frame=01 04 00 00 00 09 30 0C
[2026-04-17 09:31:44] [INFO] [接收-帧] 09:31:44.318 设备ID=12047 module=PERIODIC id=ReadFoupStatus uuid=94 len=23
frame=01 04 12 6F F3 9C 81 B0 7D 7F 42 03 CB A2 AA E9 49 ED 72 EB D8 A2 92
[2026-04-17 09:31:45] [INFO] [发送] 09:31:45.312 设备ID=12047 module=PERIODIC id=ReadFoupStatus uuid=94 sendCount=1/1 timeout=1000ms crc=30 0C len=8
frame=01 04 00 00 00 09 30 0C
[2026-04-17 09:31:45] [INFO] [接收-帧] 09:31:45.414 设备ID=12047 module=PERIODIC id=ReadFoupStatus uuid=94 len=23
frame=01 04 12 37 17 FE A4 F8 69 DB 0E 42 C9 C2 CF 62 5F A6 BF 28 58 EF 2B
[2026-04-17 09:31:46] [INFO] [发送] 09:31:46.425 设备ID=12047 module=PERIODIC id=ReadFoupStatus uuid=94 sendCount=1/1 timeout=1000ms crc=30 0C len=8
frame=01 04 00 00 00 09 30 0C
[2026-04-17 09:31:46] [INFO] [接收-帧] 09:31:46.500 设备ID=12047 module=PERIODIC id=ReadFoupStatus uuid=94 len=23
frame=01 04 12 DC 94 A6 A9 C1 91 23 43 99 EB 24 6C A9 E3 81 28 CC F3 7F ED
[2026-04-17 09:31:47] [INFO] [发送] 09:31:47.494 设备ID=12047 module=PERIODIC id=ReadFoupStatus uuid=94 sendCount=1/1 timeout=1000ms crc=30 0C len=8
frame=01 04 00 00 00 09 30 0C
[2026-04-17 09:31:47] [INFO] [接收-帧] 09:31:47.597 设备ID=12047 module=PERIODIC id=ReadFoupStatus uuid=94 len=23
frame=01 04 12 D2 B3 A4 DE B6 8F C0 71 3E 9B 04 EB 27 48 40 84 0F A7 9D FF
[2026-04-17 09:31:48] [INFO] [发送] 09:31:48.589 设备ID=12047 module=PERIODIC id=ReadFoupStatus uuid=94 sendCount=1/1 timeout=1000ms crc=30 0C len=8
frame=01 04 00 00 00 09 30 0C
[2026-04-17 09:31:48] [INFO] [接收-帧] 09:31:48.689 设备ID=12047 module=PERIODIC id=ReadFoupStatus uuid=94 len=23
frame=01 04 12 AF B7 F5 B1 65 62 C9 62 72 65 7B 66 6D 6B 30 3C C9 25 6F 07
[2026-04-17 09:31:49] [INFO] [发送] 09:31:49.685 设备ID=12047 module=PERIODIC id=ReadFoupStatus uuid=94 sendCount=1/1 timeout=1000ms crc=30 0C len=8
frame=01 04 00 00 00 09 30 0C
[2026-04-17 09:31:49] [INFO] [接收-帧] 09:31:49.784 设备ID=12047 module=PERIODIC id=ReadFoupStatus uuid=94 len=23
frame=01 04 12 C1 18 84 94 E1 90 E9 45 AF 46 1B 19 60 5A 10 73 AB 94 93 27
[2026-04-17 09:31:50] [INFO] [发送] 09:31:50.779 设备ID=12047 module=PERIODIC id=ReadFoupStatus uuid=94 sendCount=1/1 timeout=1000ms crc=30 0C len=8
frame=01 04 00 00 00 09 30 0C
[2026-04-17 09:31:50] [INFO] [接收-帧] 09:31:50.878 设备ID=12047 module=PERIODIC id=ReadFoupStatus uuid=94 len=23
frame=01 04 12 A1 93 45 0D 7F 19 1B 5D 4B 55 28 FD A4 0B 15 4A 02 5C D3 8A
[2026-04-17 09:31:51] [INFO] [发送] 09:31:51.874 设备ID=12047 module=PERIODIC id=ReadFoupStatus uuid=94 sendCount=1/1 timeout=1000ms crc=30 0C len=8
frame=01 04 00 00 00 09 30 0C
[2026-04-17 09:31:51] [INFO] [接收-帧] 09:31:51.969 设备ID=12047 module=PERIODIC id=ReadFoupStatus uuid=94 len=23
frame=01 04 12 09 CA 17 B0 9B 5F BB 7F 7C 9D 02 17 E8 A3 FE 0F 14 0B 22 CC
[2026-04-17 09:31:52] [INFO] [发送] 09:31:52.963 设备ID=12047 module=PERIODIC id=ReadFoupStatus uuid=94 sendCount=1/1 timeout=1000ms crc=30 0C len=8
frame=01 04 00 00 00 09 30 0C
[2026-04-17 09:31:53] [INFO] [接收-帧] 09:31:53.068 设备ID=12047 module=PERIODIC id=ReadFoupStatus uuid=94 len=23
frame=01 04 12 78 5B BE 84 FE 29 B4 1A AB 32 89 6E 02 90 DB 41 99 64 07 1C
[2026-04-17 09:31:54] [INFO] [发送] 09:31:54.064 设备ID=12047 module=PERIODIC id=ReadFoupStatus uuid=94 sendCount=1/1 timeout=1000ms crc=30 0C len=8
frame=01 04 00 00 00 09 30 0C
[2026-04-17 09:31:54] [INFO] [接收-帧] 09:31:54.161 设备ID=12047 module=PERIODIC id=ReadFoupStatus uuid=94 len=23
frame=01 04 12 62 CE AC D2 E9 11 67 C6 7A B7 10 63 B9 24 23 E8 A0 A7 1B 46
[2026-04-17 09:31:55] [INFO] [发送] 09:31:55.154 设备ID=12047 module=PERIODIC id=ReadFoupStatus uuid=94 sendCount=1/1 timeout=1000ms crc=30 0C len=8
frame=01 04 00 00 00 09 30 0C
[2026-04-17 09:31:55] [INFO] [接收-帧] 09:31:55.255 设备ID=12047 module=PERIODIC id=ReadFoupStatus uuid=94 len=23
frame=01 04 12 2A 0D 22 3B 88 00 DB 0E 8E 8B F6 28 10 26 BE 4B 1E 55 46 68
[2026-04-17 09:31:56] [INFO] [发送] 09:31:56.246 设备ID=12047 module=PERIODIC id=ReadFoupStatus uuid=94 sendCount=1/1 timeout=1000ms crc=30 0C len=8
frame=01 04 00 00 00 09 30 0C
[2026-04-17 09:31:56] [INFO] [接收-帧] 09:31:56.353 设备ID=12047 module=PERIODIC id=ReadFoupStatus uuid=94 len=23
frame=01 04 12 3E 8A 3D 4D 2F C0 4D 1E 07 48 EC 2F 56 88 14 2C 39 33 DE 56
[2026-04-17 09:31:57] [INFO] [发送] 09:31:57.357 设备ID=12047 module=PERIODIC id=ReadFoupStatus uuid=94 sendCount=1/1 timeout=1000ms crc=30 0C len=8
frame=01 04 00 00 00 09 30 0C
[2026-04-17 09:31:57] [INFO] [接收-帧] 09:31:57.447 设备ID=12047 module=PERIODIC id=ReadFoupStatus uuid=94 len=23
frame=01 04 12 B0 59 5E F0 9F A7 BF 3E 77 65 6C 8C B8 17 7D 8F 90 69 CF F2
[2026-04-17 09:31:58] [INFO] [发送] 09:31:58.461 设备ID=12047 module=PERIODIC id=ReadFoupStatus uuid=94 sendCount=1/1 timeout=1000ms crc=30 0C len=8
frame=01 04 00 00 00 09 30 0C
[2026-04-17 09:31:58] [INFO] [接收-帧] 09:31:58.537 设备ID=12047 module=PERIODIC id=ReadFoupStatus uuid=94 len=23
frame=01 04 12 6F 5D 42 98 18 D8 3E DC 5F 36 AF 81 26 04 80 55 6C 51 58 8A
[2026-04-17 09:31:59] [INFO] [发送] 09:31:59.529 设备ID=12047 module=PERIODIC id=ReadFoupStatus uuid=94 sendCount=1/1 timeout=1000ms crc=30 0C len=8
frame=01 04 00 00 00 09 30 0C
[2026-04-17 09:31:59] [INFO] [接收-帧] 09:31:59.627 设备ID=12047 module=PERIODIC id=ReadFoupStatus uuid=94 len=23
frame=01 04 12 14 F7 06 BF 1D 18 03 22 D1 71 38 8C 3C F3 56 A3 4A 2A 34 D0
[2026-04-17 09:32:00] [INFO] [发送] 09:32:00.626 设备ID=12047 module=PERIODIC id=ReadFoupStatus uuid=94 sendCount=1/1 timeout=1000ms crc=30 0C len=8
frame=01 04 00 00 00 09 30 0C
[2026-04-17 09:32:00] [INFO] [接收-帧] 09:32:00.725 设备ID=12047 module=PERIODIC id=ReadFoupStatus uuid=94 len=23
frame=01 04 12 EF FF 46 BE F5 A8 BD C0 3F 44 DD 22 9B E7 E9 11 AE 75 8B 2C
[2026-04-17 09:32:01] [INFO] [发送] 09:32:01.720 设备ID=12047 module=PERIODIC id=ReadFoupStatus uuid=94 sendCount=1/1 timeout=1000ms crc=30 0C len=8
frame=01 04 00 00 00 09 30 0C
[2026-04-17 09:32:01] [INFO] [接收-帧] 09:32:01.817 设备ID=12047 module=PERIODIC id=ReadFoupStatus uuid=94 len=23
frame=01 04 12 02 14 E0 A9 92 8B 92 8B 59 10 A6 4E C3 7E 56 9D B3 92 3E FD
[2026-04-17 09:32:02] [INFO] [发送] 09:32:02.813 设备ID=12047 module=PERIODIC id=ReadFoupStatus uuid=94 sendCount=1/1 timeout=1000ms crc=30 0C len=8
frame=01 04 00 00 00 09 30 0C
[2026-04-17 09:32:02] [INFO] [接收-帧] 09:32:02.909 设备ID=12047 module=PERIODIC id=ReadFoupStatus uuid=94 len=23
frame=01 04 12 AD 1D B7 94 58 68 73 8F BA 37 4C 94 84 A6 97 B1 01 43 78 1F
[2026-04-17 09:32:03] [INFO] [发送] 09:32:03.904 设备ID=12047 module=PERIODIC id=ReadFoupStatus uuid=94 sendCount=1/1 timeout=1000ms crc=30 0C len=8
frame=01 04 00 00 00 09 30 0C
[2026-04-17 09:32:04] [INFO] [接收-帧] 09:32:04.004 设备ID=12047 module=PERIODIC id=ReadFoupStatus uuid=94 len=23
frame=01 04 12 11 DE 69 AB 22 CE 20 E2 FB 42 4B D5 02 5F 0D 0A 80 CC 8D E1
