[2026-04-17 09:24:09] [INFO] [发送] 09:24:09.077 设备ID=12011 module=INITIAL id=ReadVersion uuid=21 sendCount=1/4 timeout=1000ms crc=B1 CD len=8
frame=01 04 00 18 00 01 B1 CD
[2026-04-17 09:24:10] [INFO] [发送] 09:24:10.071 设备ID=12011 module=INITIAL id=ReadVersion uuid=21 sendCount=2/4 timeout=1000ms crc=B1 CD len=8
frame=01 04 00 18 00 01 B1 CD
[2026-04-17 09:24:10] [INFO] [接收-帧] 09:24:10.187 设备ID=12011 module=INITIAL id=ReadVersion uuid=21 len=7
frame=01 04 02 00 00 B9 30
[2026-04-17 09:24:10] [INFO] [发送] 09:24:10.187 设备ID=12011 module=PERIODIC id=ReadFoupStatus uuid=22 sendCount=1/1 timeout=1000ms crc=30 0C len=8
frame=01 04 00 00 00 09 30 0C
[2026-04-17 09:24:12] [INFO] [发送] 09:24:12.185 设备ID=12011 module=PERIODIC id=ReadFoupStatus uuid=22 sendCount=1/1 timeout=1000ms crc=30 0C len=8
frame=01 04 00 00 00 09 30 0C
[2026-04-17 09:24:14] [INFO] [发送] 09:24:14.287 设备ID=12011 module=PERIODIC id=ReadFoupStatus uuid=22 sendCount=1/1 timeout=1000ms crc=30 0C len=8
frame=01 04 00 00 00 09 30 0C
[2026-04-17 09:24:16] [INFO] [发送] 09:24:16.283 设备ID=12011 module=PERIODIC id=ReadFoupStatus uuid=22 sendCount=1/1 timeout=1000ms crc=30 0C len=8
frame=01 04 00 00 00 09 30 0C
[2026-04-17 09:24:18] [INFO] [发送] 09:24:18.279 设备ID=12011 module=PERIODIC id=ReadFoupStatus uuid=22 sendCount=1/1 timeout=1000ms crc=30 0C len=8
frame=01 04 00 00 00 09 30 0C
[2026-04-17 09:24:20] [INFO] [发送] 09:24:20.280 设备ID=12011 module=PERIODIC id=ReadFoupStatus uuid=22 sendCount=1/1 timeout=1000ms crc=30 0C len=8
frame=01 04 00 00 00 09 30 0C
[2026-04-17 09:24:22] [INFO] [发送] 09:24:22.294 设备ID=12011 module=PERIODIC id=ReadFoupStatus uuid=22 sendCount=1/1 timeout=1000ms crc=30 0C len=8
frame=01 04 00 00 00 09 30 0C
[2026-04-17 09:24:24] [INFO] [发送] 09:24:24.297 设备ID=12011 module=PERIODIC id=ReadFoupStatus uuid=22 sendCount=1/1 timeout=1000ms crc=30 0C len=8
frame=01 04 00 00 00 09 30 0C
[2026-04-17 09:24:26] [INFO] [发送] 09:24:26.306 设备ID=12011 module=PERIODIC id=ReadFoupStatus uuid=22 sendCount=1/1 timeout=1000ms crc=30 0C len=8
frame=01 04 00 00 00 09 30 0C
[2026-04-17 09:24:28] [INFO] [发送] 09:24:28.310 设备ID=12011 module=PERIODIC id=ReadFoupStatus uuid=22 sendCount=1/1 timeout=1000ms crc=30 0C len=8
frame=01 04 00 00 00 09 30 0C
[2026-04-17 09:24:32] [INFO] [发送] 09:24:32.742 设备ID=12011 module=PERIODIC id=ReadFoupStatus uuid=22 sendCount=1/1 timeout=1000ms crc=30 0C len=8
frame=01 04 00 00 00 09 30 0C
[2026-04-17 09:24:34] [INFO] [发送] 09:24:34.746 设备ID=12011 module=PERIODIC id=ReadFoupStatus uuid=22 sendCount=1/1 timeout=1000ms crc=30 0C len=8
frame=01 04 00 00 00 09 30 0C
[2026-04-17 09:24:36] [INFO] [发送] 09:24:36.748 设备ID=12011 module=PERIODIC id=ReadFoupStatus uuid=22 sendCount=1/1 timeout=1000ms crc=30 0C len=8
frame=01 04 00 00 00 09 30 0C
[2026-04-17 09:24:38] [INFO] [发送] 09:24:38.745 设备ID=12011 module=PERIODIC id=ReadFoupStatus uuid=22 sendCount=1/1 timeout=1000ms crc=30 0C len=8
frame=01 04 00 00 00 09 30 0C
[2026-04-17 09:24:40] [INFO] [发送] 09:24:40.747 设备ID=12011 module=PERIODIC id=ReadFoupStatus uuid=22 sendCount=1/1 timeout=1000ms crc=30 0C len=8
frame=01 04 00 00 00 09 30 0C
[2026-04-17 09:24:42] [INFO] [发送] 09:24:42.755 设备ID=12011 module=PERIODIC id=ReadFoupStatus uuid=22 sendCount=1/1 timeout=1000ms crc=30 0C len=8
frame=01 04 00 00 00 09 30 0C
[2026-04-17 09:24:44] [INFO] [发送] 09:24:44.746 设备ID=12011 module=PERIODIC id=ReadFoupStatus uuid=22 sendCount=1/1 timeout=1000ms crc=30 0C len=8
frame=01 04 00 00 00 09 30 0C
[2026-04-17 09:24:48] [INFO] [发送] 09:24:48.452 设备ID=12011 module=PERIODIC id=ReadFoupStatus uuid=22 sendCount=1/1 timeout=1000ms crc=30 0C len=8
frame=01 04 00 00 00 09 30 0C
[2026-04-17 09:24:48] [INFO] [接收-帧] 09:24:48.561 设备ID=12011 module=PERIODIC id=ReadFoupStatus uuid=22 len=23
frame=01 04 12 6B 01 D9 E7 02 A2 4C 7A A0 A8 26 C6 9D 4A 87 C2 06 C4 EB 89
[2026-04-17 09:24:49] [INFO] [发送] 09:24:49.631 设备ID=12011 module=PERIODIC id=ReadFoupStatus uuid=22 sendCount=1/1 timeout=1000ms crc=30 0C len=8
frame=01 04 00 00 00 09 30 0C
[2026-04-17 09:24:49] [INFO] [接收-帧] 09:24:49.652 设备ID=12011 module=PERIODIC id=ReadFoupStatus uuid=22 len=23
frame=01 04 12 11 77 DA 19 E8 86 72 A0 C3 BE 4F 04 05 E7 0A BE A4 52 02 24
[2026-04-17 09:24:50] [INFO] [发送] 09:24:50.651 设备ID=12011 module=PERIODIC id=ReadFoupStatus uuid=22 sendCount=1/1 timeout=1000ms crc=30 0C len=8
frame=01 04 00 00 00 09 30 0C
[2026-04-17 09:24:50] [INFO] [接收-帧] 09:24:50.759 设备ID=12011 module=PERIODIC id=ReadFoupStatus uuid=22 len=23
frame=01 04 12 6D 64 92 16 7B D7 AC 41 1E 05 8C 78 F2 57 75 93 08 31 B4 F0
[2026-04-17 09:24:51] [INFO] [发送] 09:24:51.766 设备ID=12011 module=PERIODIC id=ReadFoupStatus uuid=22 sendCount=1/1 timeout=1000ms crc=30 0C len=8
frame=01 04 00 00 00 09 30 0C
[2026-04-17 09:24:51] [INFO] [接收-帧] 09:24:51.842 设备ID=12011 module=PERIODIC id=ReadFoupStatus uuid=22 len=23
frame=01 04 12 00 D3 EB 93 8E CB 57 35 EB 52 20 0D FA DE 67 17 7E 9D C4 15
[2026-04-17 09:24:52] [INFO] [发送] 09:24:52.841 设备ID=12011 module=PERIODIC id=ReadFoupStatus uuid=22 sendCount=1/1 timeout=1000ms crc=30 0C len=8
frame=01 04 00 00 00 09 30 0C
[2026-04-17 09:24:52] [INFO] [接收-帧] 09:24:52.933 设备ID=12011 module=PERIODIC id=ReadFoupStatus uuid=22 len=23
frame=01 04 12 EB 4E 4D D6 79 79 7D E3 2C 18 50 86 10 32 A2 E3 65 F8 90 6B
[2026-04-17 09:24:53] [INFO] [发送] 09:24:53.935 设备ID=12011 module=PERIODIC id=ReadFoupStatus uuid=22 sendCount=1/1 timeout=1000ms crc=30 0C len=8
frame=01 04 00 00 00 09 30 0C
[2026-04-17 09:24:54] [INFO] [接收-帧] 09:24:54.033 设备ID=12011 module=PERIODIC id=ReadFoupStatus uuid=22 len=23
frame=01 04 12 C8 6B 2C 14 AF 0E DA C3 CD 0E 7E BC E6 A2 17 52 ED E9 DA F4
[2026-04-17 09:24:55] [INFO] [发送] 09:24:55.026 设备ID=12011 module=PERIODIC id=ReadFoupStatus uuid=22 sendCount=1/1 timeout=1000ms crc=30 0C len=8
frame=01 04 00 00 00 09 30 0C
[2026-04-17 09:24:55] [INFO] [接收-帧] 09:24:55.125 设备ID=12011 module=PERIODIC id=ReadFoupStatus uuid=22 len=23
frame=01 04 12 88 E5 27 C1 38 B5 4F C8 24 94 4F 73 78 6F 6F 93 3B C5 9C C3
[2026-04-17 09:24:56] [INFO] [发送] 09:24:56.128 设备ID=12011 module=PERIODIC id=ReadFoupStatus uuid=22 sendCount=1/1 timeout=1000ms crc=30 0C len=8
frame=01 04 00 00 00 09 30 0C
[2026-04-17 09:24:56] [INFO] [接收-帧] 09:24:56.216 设备ID=12011 module=PERIODIC id=ReadFoupStatus uuid=22 len=23
frame=01 04 12 99 70 57 13 CE 9F 75 90 77 E7 02 0C B7 C4 B6 AB 20 B0 AF 29
[2026-04-17 09:24:57] [INFO] [发送] 09:24:57.213 设备ID=12011 module=PERIODIC id=ReadFoupStatus uuid=22 sendCount=1/1 timeout=1000ms crc=30 0C len=8
frame=01 04 00 00 00 09 30 0C
[2026-04-17 09:24:57] [INFO] [接收-帧] 09:24:57.315 设备ID=12011 module=PERIODIC id=ReadFoupStatus uuid=22 len=23
frame=01 04 12 79 D2 25 AA 50 F9 26 E3 57 7A 45 59 60 4F 00 EA BC 45 36 1F
[2026-04-17 09:24:58] [INFO] [发送] 09:24:58.315 设备ID=12011 module=PERIODIC id=ReadFoupStatus uuid=22 sendCount=1/1 timeout=1000ms crc=30 0C len=8
frame=01 04 00 00 00 09 30 0C
[2026-04-17 09:24:58] [INFO] [接收-帧] 09:24:58.408 设备ID=12011 module=PERIODIC id=ReadFoupStatus uuid=22 len=23
frame=01 04 12 EB A3 39 7A E9 3D 62 DC 5A 64 DF 10 28 51 4D A8 0C 3A FB 13
[2026-04-17 09:24:59] [INFO] [发送] 09:24:59.405 设备ID=12011 module=PERIODIC id=ReadFoupStatus uuid=22 sendCount=1/1 timeout=1000ms crc=30 0C len=8
frame=01 04 00 00 00 09 30 0C
[2026-04-17 09:24:59] [INFO] [接收-帧] 09:24:59.498 设备ID=12011 module=PERIODIC id=ReadFoupStatus uuid=22 len=23
frame=01 04 12 B3 8E BD D8 D7 16 EB D1 3B BD E8 41 51 1C 23 65 90 20 3E 5A
[2026-04-17 09:25:00] [INFO] [发送] 09:25:00.501 设备ID=12011 module=PERIODIC id=ReadFoupStatus uuid=22 sendCount=1/1 timeout=1000ms crc=30 0C len=8
frame=01 04 00 00 00 09 30 0C
[2026-04-17 09:25:00] [INFO] [接收-帧] 09:25:00.594 设备ID=12011 module=PERIODIC id=ReadFoupStatus uuid=22 len=23
frame=01 04 12 7E C0 95 75 38 1C 46 EF 49 3B 37 70 30 5E 28 58 AE 10 92 78
[2026-04-17 09:25:01] [INFO] [发送] 09:25:01.665 设备ID=12011 module=PERIODIC id=ReadFoupStatus uuid=22 sendCount=1/1 timeout=1000ms crc=30 0C len=8
frame=01 04 00 00 00 09 30 0C
[2026-04-17 09:25:01] [INFO] [接收-帧] 09:25:01.686 设备ID=12011 module=PERIODIC id=ReadFoupStatus uuid=22 len=23
frame=01 04 12 6B D2 D0 DB 36 73 72 11 AE 89 E6 6E 31 BF 9C 2F BE 8A E6 33
[2026-04-17 09:25:02] [INFO] [发送] 09:25:02.725 设备ID=12011 module=PERIODIC id=ReadFoupStatus uuid=22 sendCount=1/1 timeout=1000ms crc=30 0C len=8
frame=01 04 00 00 00 09 30 0C
[2026-04-17 09:25:02] [INFO] [接收-帧] 09:25:02.781 设备ID=12011 module=PERIODIC id=ReadFoupStatus uuid=22 len=23
frame=01 04 12 85 11 6A 4F 08 12 EC A3 55 2D C1 42 2D A2 E6 36 36 72 EE B3
[2026-04-17 09:25:03] [INFO] [发送] 09:25:03.775 设备ID=12011 module=PERIODIC id=ReadFoupStatus uuid=22 sendCount=1/1 timeout=1000ms crc=30 0C len=8
frame=01 04 00 00 00 09 30 0C
[2026-04-17 09:25:03] [INFO] [接收-帧] 09:25:03.875 设备ID=12011 module=PERIODIC id=ReadFoupStatus uuid=22 len=23
frame=01 04 12 4B C2 B2 B1 F2 26 39 F8 B5 BC 51 E5 3A 7A D8 27 B3 94 81 CB
[2026-04-17 09:25:04] [INFO] [发送] 09:25:04.875 设备ID=12011 module=PERIODIC id=ReadFoupStatus uuid=22 sendCount=1/1 timeout=1000ms crc=30 0C len=8
frame=01 04 00 00 00 09 30 0C
[2026-04-17 09:25:04] [INFO] [接收-帧] 09:25:04.969 设备ID=12011 module=PERIODIC id=ReadFoupStatus uuid=22 len=23
frame=01 04 12 EF 1E 32 EE DA BF A7 DE 09 EA 7D B7 1B B4 79 FD 69 96 B9 D0
[2026-04-17 09:25:06] [INFO] [发送] 09:25:06.123 设备ID=12011 module=PERIODIC id=ReadFoupStatus uuid=22 sendCount=1/1 timeout=1000ms crc=30 0C len=8
frame=01 04 00 00 00 09 30 0C
[2026-04-17 09:25:06] [INFO] [接收-帧] 09:25:06.169 设备ID=12011 module=PERIODIC id=ReadFoupStatus uuid=22 len=23
frame=01 04 12 92 80 B8 DE CC 99 07 F1 50 85 95 2A 80 9D FF 78 F2 4C 7D C0
[2026-04-17 09:25:07] [INFO] [发送] 09:25:07.307 设备ID=12011 module=PERIODIC id=ReadFoupStatus uuid=22 sendCount=1/1 timeout=1000ms crc=30 0C len=8
frame=01 04 00 00 00 09 30 0C
[2026-04-17 09:25:07] [INFO] [接收-帧] 09:25:07.377 设备ID=12011 module=PERIODIC id=ReadFoupStatus uuid=22 len=23
frame=01 04 12 73 DD D1 D6 5E 16 15 CD 6F 58 9D B2 9F 51 44 BB 8C CD 1F 56
[2026-04-17 09:25:08] [INFO] [发送] 09:25:08.371 设备ID=12011 module=PERIODIC id=ReadFoupStatus uuid=22 sendCount=1/1 timeout=1000ms crc=30 0C len=8
frame=01 04 00 00 00 09 30 0C
[2026-04-17 09:25:08] [INFO] [接收-帧] 09:25:08.467 设备ID=12011 module=PERIODIC id=ReadFoupStatus uuid=22 len=23
frame=01 04 12 A3 9D ED 6B CC BB 9B CD A9 10 8D BC 35 BA 1C 70 21 DD EF 3F
[2026-04-17 09:25:09] [INFO] [发送] 09:25:09.465 设备ID=12011 module=PERIODIC id=ReadFoupStatus uuid=22 sendCount=1/1 timeout=1000ms crc=30 0C len=8
frame=01 04 00 00 00 09 30 0C
[2026-04-17 09:25:09] [INFO] [接收-帧] 09:25:09.564 设备ID=12011 module=PERIODIC id=ReadFoupStatus uuid=22 len=23
frame=01 04 12 4C 91 D6 25 E2 A7 02 16 D0 8C 8A 14 86 38 43 C6 EF 5F E6 02
[2026-04-17 09:25:10] [INFO] [发送] 09:25:10.559 设备ID=12011 module=PERIODIC id=ReadFoupStatus uuid=22 sendCount=1/1 timeout=1000ms crc=30 0C len=8
frame=01 04 00 00 00 09 30 0C
[2026-04-17 09:25:10] [INFO] [接收-帧] 09:25:10.654 设备ID=12011 module=PERIODIC id=ReadFoupStatus uuid=22 len=23
frame=01 04 12 5E EE 8D 92 10 F2 EC 96 97 6F EB 74 E7 5C 31 16 18 2C 8F 93
[2026-04-17 09:25:11] [INFO] [发送] 09:25:11.654 设备ID=12011 module=PERIODIC id=ReadFoupStatus uuid=22 sendCount=1/1 timeout=1000ms crc=30 0C len=8
frame=01 04 00 00 00 09 30 0C
[2026-04-17 09:25:11] [INFO] [接收-帧] 09:25:11.752 设备ID=12011 module=PERIODIC id=ReadFoupStatus uuid=22 len=23
frame=01 04 12 A8 CA A8 6D D3 53 E4 ED E7 59 B6 B3 31 0F 01 1D CB 5F B7 3E
[2026-04-17 09:25:12] [INFO] [发送] 09:25:12.745 设备ID=12011 module=PERIODIC id=ReadFoupStatus uuid=22 sendCount=1/1 timeout=1000ms crc=30 0C len=8
frame=01 04 00 00 00 09 30 0C
[2026-04-17 09:25:12] [INFO] [接收-帧] 09:25:12.842 设备ID=12011 module=PERIODIC id=ReadFoupStatus uuid=22 len=23
frame=01 04 12 DD 2C 94 BC 82 F9 78 90 99 36 99 A2 B7 57 13 86 CA 82 DF B4
[2026-04-17 09:25:13] [INFO] [发送] 09:25:13.850 设备ID=12011 module=PERIODIC id=ReadFoupStatus uuid=22 sendCount=1/1 timeout=1000ms crc=30 0C len=8
frame=01 04 00 00 00 09 30 0C
[2026-04-17 09:25:13] [INFO] [接收-帧] 09:25:13.940 设备ID=12011 module=PERIODIC id=ReadFoupStatus uuid=22 len=23
frame=01 04 12 10 7C 2D EC 32 25 E1 61 A3 50 10 11 3E 6F 3A 41 27 1F 8B DF
[2026-04-17 09:25:14] [INFO] [发送] 09:25:14.933 设备ID=12011 module=PERIODIC id=ReadFoupStatus uuid=22 sendCount=1/1 timeout=1000ms crc=30 0C len=8
frame=01 04 00 00 00 09 30 0C
[2026-04-17 09:25:15] [INFO] [接收-帧] 09:25:15.034 设备ID=12011 module=PERIODIC id=ReadFoupStatus uuid=22 len=23
frame=01 04 12 2C DC DB D9 0C 2D A4 6A FF 1C 1B 33 BB DC 14 04 6B 4F D7 B3
[2026-04-17 09:25:16] [INFO] [发送] 09:25:16.025 设备ID=12011 module=PERIODIC id=ReadFoupStatus uuid=22 sendCount=1/1 timeout=1000ms crc=30 0C len=8
frame=01 04 00 00 00 09 30 0C
[2026-04-17 09:25:16] [INFO] [接收-帧] 09:25:16.124 设备ID=12011 module=PERIODIC id=ReadFoupStatus uuid=22 len=23
frame=01 04 12 79 98 78 B9 E2 90 86 43 5D 5F 92 6D BA 5C F1 E7 E6 A6 D4 F2
[2026-04-17 09:25:17] [INFO] [发送] 09:25:17.119 设备ID=12011 module=PERIODIC id=ReadFoupStatus uuid=22 sendCount=1/1 timeout=1000ms crc=30 0C len=8
frame=01 04 00 00 00 09 30 0C
[2026-04-17 09:25:17] [INFO] [接收-帧] 09:25:17.218 设备ID=12011 module=PERIODIC id=ReadFoupStatus uuid=22 len=23
frame=01 04 12 78 36 95 2A 6E 48 02 B0 40 17 F6 9B DA 6C 17 EF 98 91 5D BC
[2026-04-17 09:25:18] [INFO] [发送] 09:25:18.231 设备ID=12011 module=PERIODIC id=ReadFoupStatus uuid=22 sendCount=1/1 timeout=1000ms crc=30 0C len=8
frame=01 04 00 00 00 09 30 0C
[2026-04-17 09:25:18] [INFO] [接收-帧] 09:25:18.309 设备ID=12011 module=PERIODIC id=ReadFoupStatus uuid=22 len=23
frame=01 04 12 F3 00 78 42 23 0B 66 C6 2F 7D 37 17 31 C7 DA 79 C6 57 56 AE
[2026-04-17 09:25:19] [INFO] [发送] 09:25:19.319 设备ID=12011 module=PERIODIC id=ReadFoupStatus uuid=22 sendCount=1/1 timeout=1000ms crc=30 0C len=8
frame=01 04 00 00 00 09 30 0C
[2026-04-17 09:25:19] [INFO] [接收-帧] 09:25:19.401 设备ID=12011 module=PERIODIC id=ReadFoupStatus uuid=22 len=23
frame=01 04 12 C2 0E 97 BA BE D4 35 78 C5 C1 49 06 95 10 66 65 E4 C7 DB 99
[2026-04-17 09:25:20] [INFO] [发送] 09:25:20.409 设备ID=12011 module=PERIODIC id=ReadFoupStatus uuid=22 sendCount=1/1 timeout=1000ms crc=30 0C len=8
frame=01 04 00 00 00 09 30 0C
[2026-04-17 09:25:20] [INFO] [接收-帧] 09:25:20.498 设备ID=12011 module=PERIODIC id=ReadFoupStatus uuid=22 len=23
frame=01 04 12 4C D2 49 B1 12 F2 D7 35 37 9E 57 F2 51 74 BC F6 CD A8 8C B1
[2026-04-17 09:25:21] [INFO] [发送] 09:25:21.497 设备ID=12011 module=PERIODIC id=ReadFoupStatus uuid=22 sendCount=1/1 timeout=1000ms crc=30 0C len=8
frame=01 04 00 00 00 09 30 0C
[2026-04-17 09:25:21] [INFO] [接收-帧] 09:25:21.596 设备ID=12011 module=PERIODIC id=ReadFoupStatus uuid=22 len=23
frame=01 04 12 7D 98 DF 79 D2 C5 30 6B 69 C5 05 4E F0 A9 D9 24 23 77 79 01
[2026-04-17 09:25:22] [INFO] [发送] 09:25:22.594 设备ID=12011 module=PERIODIC id=ReadFoupStatus uuid=22 sendCount=1/1 timeout=1000ms crc=30 0C len=8
frame=01 04 00 00 00 09 30 0C
[2026-04-17 09:25:22] [INFO] [接收-帧] 09:25:22.685 设备ID=12011 module=PERIODIC id=ReadFoupStatus uuid=22 len=23
frame=01 04 12 19 F2 9B 67 C4 50 1A F6 27 BC FC 92 08 F9 D0 4F F4 E6 87 DA
[2026-04-17 09:25:23] [INFO] [发送] 09:25:23.687 设备ID=12011 module=PERIODIC id=ReadFoupStatus uuid=22 sendCount=1/1 timeout=1000ms crc=30 0C len=8
frame=01 04 00 00 00 09 30 0C
[2026-04-17 09:25:23] [INFO] [接收-帧] 09:25:23.783 设备ID=12011 module=PERIODIC id=ReadFoupStatus uuid=22 len=23
frame=01 04 12 AA A4 A2 F7 36 8D 21 C2 12 4D 59 E3 9C 99 AD 3F A2 B5 14 6F
[2026-04-17 09:25:24] [INFO] [发送] 09:25:24.776 设备ID=12011 module=PERIODIC id=ReadFoupStatus uuid=22 sendCount=1/1 timeout=1000ms crc=30 0C len=8
frame=01 04 00 00 00 09 30 0C
[2026-04-17 09:25:24] [INFO] [接收-帧] 09:25:24.873 设备ID=12011 module=PERIODIC id=ReadFoupStatus uuid=22 len=23
frame=01 04 12 FF 4C D0 3C 75 9B 65 13 5F C4 A7 D0 B7 E6 C4 8D AB 2F E0 6D
[2026-04-17 09:25:25] [INFO] [发送] 09:25:25.872 设备ID=12011 module=PERIODIC id=ReadFoupStatus uuid=22 sendCount=1/1 timeout=1000ms crc=30 0C len=8
frame=01 04 00 00 00 09 30 0C
[2026-04-17 09:25:25] [INFO] [接收-帧] 09:25:25.969 设备ID=12011 module=PERIODIC id=ReadFoupStatus uuid=22 len=23
frame=01 04 12 39 EC C2 08 42 2E 5D 16 EE F5 AE AB 90 5B B0 BD 3E D8 93 1B
[2026-04-17 09:25:26] [INFO] [发送] 09:25:26.971 设备ID=12011 module=PERIODIC id=ReadFoupStatus uuid=22 sendCount=1/1 timeout=1000ms crc=30 0C len=8
frame=01 04 00 00 00 09 30 0C
[2026-04-17 09:25:27] [INFO] [接收-帧] 09:25:27.059 设备ID=12011 module=PERIODIC id=ReadFoupStatus uuid=22 len=23
frame=01 04 12 59 D9 AF A6 E1 F0 48 DF 9A EA CB C8 94 8E 63 F4 CE 61 E7 23
[2026-04-17 09:25:28] [INFO] [发送] 09:25:28.068 设备ID=12011 module=PERIODIC id=ReadFoupStatus uuid=22 sendCount=1/1 timeout=1000ms crc=30 0C len=8
frame=01 04 00 00 00 09 30 0C
[2026-04-17 09:25:28] [INFO] [接收-帧] 09:25:28.160 设备ID=12011 module=PERIODIC id=ReadFoupStatus uuid=22 len=23
frame=01 04 12 B8 B0 E8 D3 2C A8 53 C8 43 8A 7D EB A1 A0 03 67 F5 59 34 71
[2026-04-17 09:25:29] [INFO] [发送] 09:25:29.149 设备ID=12011 module=PERIODIC id=ReadFoupStatus uuid=22 sendCount=1/1 timeout=1000ms crc=30 0C len=8
frame=01 04 00 00 00 09 30 0C
[2026-04-17 09:25:29] [INFO] [接收-帧] 09:25:29.248 设备ID=12011 module=PERIODIC id=ReadFoupStatus uuid=22 len=23
frame=01 04 12 65 72 D0 79 FD D9 70 F0 ED A4 3C E4 5A C7 CA AC 7B 4E A9 C8
[2026-04-17 09:25:30] [INFO] [发送] 09:25:30.255 设备ID=12011 module=PERIODIC id=ReadFoupStatus uuid=22 sendCount=1/1 timeout=1000ms crc=30 0C len=8
frame=01 04 00 00 00 09 30 0C
[2026-04-17 09:25:30] [INFO] [接收-帧] 09:25:30.343 设备ID=12011 module=PERIODIC id=ReadFoupStatus uuid=22 len=23
frame=01 04 12 7E 8C CF 4F F1 22 0E 96 A7 35 24 03 47 68 FA 82 22 19 C8 F6
[2026-04-17 09:25:31] [INFO] [发送] 09:25:31.342 设备ID=12011 module=PERIODIC id=ReadFoupStatus uuid=22 sendCount=1/1 timeout=1000ms crc=30 0C len=8
frame=01 04 00 00 00 09 30 0C
[2026-04-17 09:25:31] [INFO] [接收-帧] 09:25:31.445 设备ID=12011 module=PERIODIC id=ReadFoupStatus uuid=22 len=23
frame=01 04 12 33 BB 63 43 8E 42 F5 46 01 32 46 1A 45 83 CD 0C 34 4C 23 A5
[2026-04-17 09:25:32] [INFO] [发送] 09:25:32.454 设备ID=12011 module=PERIODIC id=ReadFoupStatus uuid=22 sendCount=1/1 timeout=1000ms crc=30 0C len=8
frame=01 04 00 00 00 09 30 0C
[2026-04-17 09:25:32] [INFO] [接收-帧] 09:25:32.534 设备ID=12011 module=PERIODIC id=ReadFoupStatus uuid=22 len=23
frame=01 04 12 C7 22 7A 9D BC B2 59 BF E6 E1 88 35 4F 46 CA 46 A3 76 DE CA
[2026-04-17 09:25:33] [INFO] [发送] 09:25:33.529 设备ID=12011 module=PERIODIC id=ReadFoupStatus uuid=22 sendCount=1/1 timeout=1000ms crc=30 0C len=8
frame=01 04 00 00 00 09 30 0C
[2026-04-17 09:25:33] [INFO] [接收-帧] 09:25:33.621 设备ID=12011 module=PERIODIC id=ReadFoupStatus uuid=22 len=23
frame=01 04 12 75 CB E2 52 68 6B 20 93 61 4C FE 4B 42 8D 2D BC 4D 87 2C 70
[2026-04-17 09:25:34] [INFO] [发送] 09:25:34.625 设备ID=12011 module=PERIODIC id=ReadFoupStatus uuid=22 sendCount=1/1 timeout=1000ms crc=30 0C len=8
frame=01 04 00 00 00 09 30 0C
[2026-04-17 09:25:34] [INFO] [接收-帧] 09:25:34.719 设备ID=12011 module=PERIODIC id=ReadFoupStatus uuid=22 len=23
frame=01 04 12 D4 76 DF 66 3B 42 26 2C CF 48 9A 3F 70 A4 CE C4 97 0A 16 4F
[2026-04-17 09:25:35] [INFO] [发送] 09:25:35.723 设备ID=12011 module=PERIODIC id=ReadFoupStatus uuid=22 sendCount=1/1 timeout=1000ms crc=30 0C len=8
frame=01 04 00 00 00 09 30 0C
[2026-04-17 09:25:35] [INFO] [接收-帧] 09:25:35.811 设备ID=12011 module=PERIODIC id=ReadFoupStatus uuid=22 len=23
frame=01 04 12 BE AD 33 1E D1 74 51 30 21 6C E6 81 58 B5 77 0D 7E CD DF 44
[2026-04-17 09:25:36] [INFO] [发送] 09:25:36.808 设备ID=12011 module=PERIODIC id=ReadFoupStatus uuid=22 sendCount=1/1 timeout=1000ms crc=30 0C len=8
frame=01 04 00 00 00 09 30 0C
[2026-04-17 09:25:36] [INFO] [接收-帧] 09:25:36.905 设备ID=12011 module=PERIODIC id=ReadFoupStatus uuid=22 len=23
frame=01 04 12 60 48 44 57 54 3D 1F 4D A3 44 38 A7 EE 4C 5B 14 79 5C 20 60
[2026-04-17 09:25:37] [INFO] [发送] 09:25:37.901 设备ID=12011 module=PERIODIC id=ReadFoupStatus uuid=22 sendCount=1/1 timeout=1000ms crc=30 0C len=8
frame=01 04 00 00 00 09 30 0C
[2026-04-17 09:25:38] [INFO] [接收-帧] 09:25:38.001 设备ID=12011 module=PERIODIC id=ReadFoupStatus uuid=22 len=23
frame=01 04 12 30 0F 22 3F 5A 1A C6 1A 65 39 28 0F 7C CC 7C 89 96 B3 B4 33
[2026-04-17 09:25:38] [INFO] [发送] 09:25:38.995 设备ID=12011 module=PERIODIC id=ReadFoupStatus uuid=22 sendCount=1/1 timeout=1000ms crc=30 0C len=8
frame=01 04 00 00 00 09 30 0C
[2026-04-17 09:25:39] [INFO] [接收-帧] 09:25:39.095 设备ID=12011 module=PERIODIC id=ReadFoupStatus uuid=22 len=23
frame=01 04 12 A8 7C F2 3A DE 8F 8A 57 11 D2 D1 81 22 0C 0D 2C 6D 01 FD 43
[2026-04-17 09:25:40] [INFO] [发送] 09:25:40.094 设备ID=12011 module=PERIODIC id=ReadFoupStatus uuid=22 sendCount=1/1 timeout=1000ms crc=30 0C len=8
frame=01 04 00 00 00 09 30 0C
[2026-04-17 09:25:40] [INFO] [接收-帧] 09:25:40.186 设备ID=12011 module=PERIODIC id=ReadFoupStatus uuid=22 len=23
frame=01 04 12 FA 53 FF 85 B3 8F 17 B4 70 A4 AB 90 21 C3 FA 0F EA 7D 2F 81
[2026-04-17 09:25:41] [INFO] [发送] 09:25:41.181 设备ID=12011 module=PERIODIC id=ReadFoupStatus uuid=22 sendCount=1/1 timeout=1000ms crc=30 0C len=8
frame=01 04 00 00 00 09 30 0C
[2026-04-17 09:25:41] [INFO] [接收-帧] 09:25:41.283 设备ID=12011 module=PERIODIC id=ReadFoupStatus uuid=22 len=23
frame=01 04 12 08 5D 96 9E A2 C8 24 53 D7 87 A2 BA 2C DB DC 3E 48 B8 32 13
[2026-04-17 09:25:42] [INFO] [发送] 09:25:42.275 设备ID=12011 module=PERIODIC id=ReadFoupStatus uuid=22 sendCount=1/1 timeout=1000ms crc=30 0C len=8
frame=01 04 00 00 00 09 30 0C
[2026-04-17 09:25:42] [INFO] [接收-帧] 09:25:42.374 设备ID=12011 module=PERIODIC id=ReadFoupStatus uuid=22 len=23
frame=01 04 12 49 D5 2E DE 38 25 4D 11 61 41 E1 77 0C E0 69 71 05 1B D3 13
[2026-04-17 09:25:43] [INFO] [发送] 09:25:43.374 设备ID=12011 module=PERIODIC id=ReadFoupStatus uuid=22 sendCount=1/1 timeout=1000ms crc=30 0C len=8
frame=01 04 00 00 00 09 30 0C
[2026-04-17 09:25:43] [INFO] [接收-帧] 09:25:43.466 设备ID=12011 module=PERIODIC id=ReadFoupStatus uuid=22 len=23
frame=01 04 12 CD 55 23 96 E8 56 1E 92 84 70 C4 F8 B8 69 8C 44 1C 95 C4 85
[2026-04-17 09:25:44] [INFO] [发送] 09:25:44.466 设备ID=12011 module=PERIODIC id=ReadFoupStatus uuid=22 sendCount=1/1 timeout=1000ms crc=30 0C len=8
frame=01 04 00 00 00 09 30 0C
[2026-04-17 09:25:44] [INFO] [接收-帧] 09:25:44.560 设备ID=12011 module=PERIODIC id=ReadFoupStatus uuid=22 len=23
frame=01 04 12 7B 06 32 C1 CA 1A 3D F6 91 4E 33 21 52 38 B6 38 2A D4 48 D1
[2026-04-17 09:25:45] [INFO] [发送] 09:25:45.562 设备ID=12011 module=PERIODIC id=ReadFoupStatus uuid=22 sendCount=1/1 timeout=1000ms crc=30 0C len=8
frame=01 04 00 00 00 09 30 0C
[2026-04-17 09:25:45] [INFO] [接收-帧] 09:25:45.654 设备ID=12011 module=PERIODIC id=ReadFoupStatus uuid=22 len=23
frame=01 04 12 D4 66 9A 0D 45 82 F0 76 2E D5 81 88 1F 55 FC 1A A9 F5 3B 8F
[2026-04-17 09:25:46] [INFO] [发送] 09:25:46.651 设备ID=12011 module=PERIODIC id=ReadFoupStatus uuid=22 sendCount=1/1 timeout=1000ms crc=30 0C len=8
frame=01 04 00 00 00 09 30 0C
[2026-04-17 09:25:46] [INFO] [接收-帧] 09:25:46.754 设备ID=12011 module=PERIODIC id=ReadFoupStatus uuid=22 len=23
frame=01 04 12 DA 31 D6 E6 00 5B 0B 27 57 3F A1 4C BE 05 14 42 63 9C 94 30
[2026-04-17 09:25:47] [INFO] [发送] 09:25:47.833 设备ID=12011 module=PERIODIC id=ReadFoupStatus uuid=22 sendCount=1/1 timeout=1000ms crc=30 0C len=8
frame=01 04 00 00 00 09 30 0C
[2026-04-17 09:25:47] [INFO] [接收-帧] 09:25:47.841 设备ID=12011 module=PERIODIC id=ReadFoupStatus uuid=22 len=23
frame=01 04 12 DB B0 27 59 40 F1 54 9E 41 8C 43 31 80 70 B1 3B C0 56 9A 3D
[2026-04-17 09:25:48] [INFO] [发送] 09:25:48.837 设备ID=12011 module=PERIODIC id=ReadFoupStatus uuid=22 sendCount=1/1 timeout=1000ms crc=30 0C len=8
frame=01 04 00 00 00 09 30 0C
[2026-04-17 09:25:48] [INFO] [接收-帧] 09:25:48.935 设备ID=12011 module=PERIODIC id=ReadFoupStatus uuid=22 len=23
frame=01 04 12 8E A6 60 59 88 AA FD 55 41 A6 86 88 02 38 2D 79 DE 37 E8 8B
[2026-04-17 09:25:49] [INFO] [发送] 09:25:49.931 设备ID=12011 module=PERIODIC id=ReadFoupStatus uuid=22 sendCount=1/1 timeout=1000ms crc=30 0C len=8
frame=01 04 00 00 00 09 30 0C
[2026-04-17 09:25:50] [INFO] [接收-帧] 09:25:50.032 设备ID=12011 module=PERIODIC id=ReadFoupStatus uuid=22 len=23
frame=01 04 12 22 BA 0C FB 7D 14 7F 63 F2 24 19 57 F5 78 B9 5B 78 E1 03 C0
[2026-04-17 09:25:51] [INFO] [发送] 09:25:51.028 设备ID=12011 module=PERIODIC id=ReadFoupStatus uuid=22 sendCount=1/1 timeout=1000ms crc=30 0C len=8
frame=01 04 00 00 00 09 30 0C
[2026-04-17 09:25:51] [INFO] [接收-帧] 09:25:51.127 设备ID=12011 module=PERIODIC id=ReadFoupStatus uuid=22 len=23
frame=01 04 12 BD F7 23 DE 9E 03 CA 2E FC FF 79 80 B3 A1 5C 46 75 77 E8 85
[2026-04-17 09:25:52] [INFO] [发送] 09:25:52.218 设备ID=12011 module=PERIODIC id=ReadFoupStatus uuid=22 sendCount=1/1 timeout=1000ms crc=30 0C len=8
frame=01 04 00 00 00 09 30 0C
[2026-04-17 09:25:52] [INFO] [接收-帧] 09:25:52.327 设备ID=12011 module=PERIODIC id=ReadFoupStatus uuid=22 len=23
frame=01 04 12 1D B1 83 80 25 E3 56 96 CC FE 8F CC F6 7A 21 FE AD AA B3 28
[2026-04-17 09:25:53] [INFO] [发送] 09:25:53.322 设备ID=12011 module=PERIODIC id=ReadFoupStatus uuid=22 sendCount=1/1 timeout=1000ms crc=30 0C len=8
frame=01 04 00 00 00 09 30 0C
[2026-04-17 09:25:53] [INFO] [接收-帧] 09:25:53.426 设备ID=12011 module=PERIODIC id=ReadFoupStatus uuid=22 len=23
frame=01 04 12 AB E4 2E DB 15 E3 A3 99 2C F7 B1 24 BB 5A B7 BE 12 B2 E4 15
[2026-04-17 09:25:54] [INFO] [发送] 09:25:54.424 设备ID=12011 module=PERIODIC id=ReadFoupStatus uuid=22 sendCount=1/1 timeout=1000ms crc=30 0C len=8
frame=01 04 00 00 00 09 30 0C
[2026-04-17 09:25:54] [INFO] [接收-帧] 09:25:54.525 设备ID=12011 module=PERIODIC id=ReadFoupStatus uuid=22 len=23
frame=01 04 12 45 AD 05 A4 75 CF 64 30 56 BA 8F 6F 45 3A BA 54 78 56 49 38
[2026-04-17 09:25:55] [INFO] [发送] 09:25:55.537 设备ID=12011 module=PERIODIC id=ReadFoupStatus uuid=22 sendCount=1/1 timeout=1000ms crc=30 0C len=8
frame=01 04 00 00 00 09 30 0C
[2026-04-17 09:25:55] [INFO] [接收-帧] 09:25:55.610 设备ID=12011 module=PERIODIC id=ReadFoupStatus uuid=22 len=23
frame=01 04 12 B4 26 75 0C E4 4A 7F 9E 42 DA B7 59 C9 24 78 40 02 6D D5 1E
[2026-04-17 09:25:56] [INFO] [发送] 09:25:56.651 设备ID=12011 module=PERIODIC id=ReadFoupStatus uuid=22 sendCount=1/1 timeout=1000ms crc=30 0C len=8
frame=01 04 00 00 00 09 30 0C
[2026-04-17 09:25:56] [INFO] [接收-帧] 09:25:56.707 设备ID=12011 module=PERIODIC id=ReadFoupStatus uuid=22 len=23
frame=01 04 12 8A BE A3 0B 76 1A 17 58 2E 72 F0 BB A5 3A 19 C2 92 7A F3 D5
[2026-04-17 09:25:57] [INFO] [发送] 09:25:57.713 设备ID=12011 module=PERIODIC id=ReadFoupStatus uuid=22 sendCount=1/1 timeout=1000ms crc=30 0C len=8
frame=01 04 00 00 00 09 30 0C
[2026-04-17 09:25:57] [INFO] [接收-帧] 09:25:57.802 设备ID=12011 module=PERIODIC id=ReadFoupStatus uuid=22 len=23
frame=01 04 12 E6 AE 5D 0E 32 A6 DE 56 A3 E7 EA 5C E3 6C 22 DA 82 AE 33 5D
[2026-04-17 09:25:58] [INFO] [发送] 09:25:58.801 设备ID=12011 module=PERIODIC id=ReadFoupStatus uuid=22 sendCount=1/1 timeout=1000ms crc=30 0C len=8
frame=01 04 00 00 00 09 30 0C
[2026-04-17 09:25:58] [INFO] [接收-帧] 09:25:58.889 设备ID=12011 module=PERIODIC id=ReadFoupStatus uuid=22 len=23
frame=01 04 12 A6 0F 19 1A F3 57 06 C1 8E 19 98 8C 96 C5 CF 98 C2 6F D3 F0
[2026-04-17 09:25:59] [INFO] [发送] 09:25:59.889 设备ID=12011 module=PERIODIC id=ReadFoupStatus uuid=22 sendCount=1/1 timeout=1000ms crc=30 0C len=8
frame=01 04 00 00 00 09 30 0C
[2026-04-17 09:25:59] [INFO] [接收-帧] 09:25:59.984 设备ID=12011 module=PERIODIC id=ReadFoupStatus uuid=22 len=23
frame=01 04 12 B8 D4 10 54 03 AF 31 A7 4B 57 D1 2B 69 90 1C D2 D8 BD 9D 4F
[2026-04-17 09:26:00] [INFO] [发送] 09:26:00.993 设备ID=12011 module=PERIODIC id=ReadFoupStatus uuid=22 sendCount=1/1 timeout=1000ms crc=30 0C len=8
frame=01 04 00 00 00 09 30 0C
[2026-04-17 09:26:01] [INFO] [接收-帧] 09:26:01.079 设备ID=12011 module=PERIODIC id=ReadFoupStatus uuid=22 len=23
frame=01 04 12 2A 5D 50 E5 75 91 58 70 78 92 01 7D 81 C8 36 5D C9 6E 0E 20
[2026-04-17 09:26:02] [INFO] [发送] 09:26:02.077 设备ID=12011 module=PERIODIC id=ReadFoupStatus uuid=22 sendCount=1/1 timeout=1000ms crc=30 0C len=8
frame=01 04 00 00 00 09 30 0C
[2026-04-17 09:26:02] [INFO] [接收-帧] 09:26:02.170 设备ID=12011 module=PERIODIC id=ReadFoupStatus uuid=22 len=23
frame=01 04 12 C7 F8 3D 4F 00 AC F0 25 66 F8 AD F2 73 11 EE 24 14 CB EA A7
[2026-04-17 09:26:03] [INFO] [发送] 09:26:03.172 设备ID=12011 module=PERIODIC id=ReadFoupStatus uuid=22 sendCount=1/1 timeout=1000ms crc=30 0C len=8
frame=01 04 00 00 00 09 30 0C
[2026-04-17 09:26:03] [INFO] [接收-帧] 09:26:03.264 设备ID=12011 module=PERIODIC id=ReadFoupStatus uuid=22 len=23
frame=01 04 12 AB 0E 24 14 24 DB 2D BF AB 4B 13 DE 6C BF 68 8A BA E0 6E 97
[2026-04-17 09:26:04] [INFO] [发送] 09:26:04.263 设备ID=12011 module=PERIODIC id=ReadFoupStatus uuid=22 sendCount=1/1 timeout=1000ms crc=30 0C len=8
frame=01 04 00 00 00 09 30 0C
[2026-04-17 09:26:04] [INFO] [接收-帧] 09:26:04.384 设备ID=12011 module=PERIODIC id=ReadFoupStatus uuid=22 len=23
frame=01 04 12 2B 78 79 FF 68 FB 2A 34 BA 06 DA 55 17 C6 0A 2C 9F 6B 65 FE
[2026-04-17 09:26:05] [INFO] [发送] 09:26:05.391 设备ID=12011 module=PERIODIC id=ReadFoupStatus uuid=22 sendCount=1/1 timeout=1000ms crc=30 0C len=8
frame=01 04 00 00 00 09 30 0C
[2026-04-17 09:26:05] [INFO] [接收-帧] 09:26:05.458 设备ID=12011 module=PERIODIC id=ReadFoupStatus uuid=22 len=23
frame=01 04 12 31 59 5F B4 30 4B F2 5D BC 95 45 DD F2 50 F0 2A 27 4F 6A 84
[2026-04-17 09:26:06] [INFO] [发送] 09:26:06.453 设备ID=12011 module=PERIODIC id=ReadFoupStatus uuid=22 sendCount=1/1 timeout=1000ms crc=30 0C len=8
frame=01 04 00 00 00 09 30 0C
[2026-04-17 09:26:06] [INFO] [接收-帧] 09:26:06.623 设备ID=12011 module=PERIODIC id=ReadFoupStatus uuid=22 len=23
frame=01 04 12 C7 88 FF AC D9 5B 2C 2D DA B0 5B F1 21 FC 14 EF 22 30 4D 80
[2026-04-17 09:26:07] [INFO] [发送] 09:26:07.716 设备ID=12011 module=PERIODIC id=ReadFoupStatus uuid=22 sendCount=1/1 timeout=1000ms crc=30 0C len=8
frame=01 04 00 00 00 09 30 0C
[2026-04-17 09:26:07] [INFO] [接收-帧] 09:26:07.763 设备ID=12011 module=PERIODIC id=ReadFoupStatus uuid=22 len=23
frame=01 04 12 AB EB 6D 74 5B C6 0F AB 79 3D 73 2C B2 A6 5A 13 5A 25 AF CA
[2026-04-17 09:26:08] [INFO] [发送] 09:26:08.763 设备ID=12011 module=PERIODIC id=ReadFoupStatus uuid=22 sendCount=1/1 timeout=1000ms crc=30 0C len=8
frame=01 04 00 00 00 09 30 0C
[2026-04-17 09:26:08] [INFO] [接收-帧] 09:26:08.850 设备ID=12011 module=PERIODIC id=ReadFoupStatus uuid=22 len=23
frame=01 04 12 9D DF 47 91 BB 32 C2 29 5E 30 3D 23 F9 CE 8A 0A C1 04 F1 CA
[2026-04-17 09:26:09] [INFO] [发送] 09:26:09.841 设备ID=12011 module=PERIODIC id=ReadFoupStatus uuid=22 sendCount=1/1 timeout=1000ms crc=30 0C len=8
frame=01 04 00 00 00 09 30 0C
[2026-04-17 09:26:09] [INFO] [接收-帧] 09:26:09.935 设备ID=12011 module=PERIODIC id=ReadFoupStatus uuid=22 len=23
frame=01 04 12 E6 50 39 68 9A 4C 0C 15 6D BA 3C 48 D6 7D 87 AE DA C8 48 84
[2026-04-17 09:26:10] [INFO] [发送] 09:26:10.941 设备ID=12011 module=PERIODIC id=ReadFoupStatus uuid=22 sendCount=1/1 timeout=1000ms crc=30 0C len=8
frame=01 04 00 00 00 09 30 0C
[2026-04-17 09:26:11] [INFO] [接收-帧] 09:26:11.032 设备ID=12011 module=PERIODIC id=ReadFoupStatus uuid=22 len=23
frame=01 04 12 9B 97 95 A0 1E 40 5A 68 1C C3 99 7A 62 29 A5 AC 06 FB 47 D6
[2026-04-17 09:26:12] [INFO] [发送] 09:26:12.037 设备ID=12011 module=PERIODIC id=ReadFoupStatus uuid=22 sendCount=1/1 timeout=1000ms crc=30 0C len=8
frame=01 04 00 00 00 09 30 0C
[2026-04-17 09:26:12] [INFO] [接收-帧] 09:26:12.129 设备ID=12011 module=PERIODIC id=ReadFoupStatus uuid=22 len=23
frame=01 04 12 C2 63 17 91 E1 8D 69 4F D2 1E 8E 4D 26 17 C1 AA C0 D3 A7 86
[2026-04-17 09:26:13] [INFO] [发送] 09:26:13.124 设备ID=12011 module=PERIODIC id=ReadFoupStatus uuid=22 sendCount=1/1 timeout=1000ms crc=30 0C len=8
frame=01 04 00 00 00 09 30 0C
[2026-04-17 09:26:13] [INFO] [接收-帧] 09:26:13.220 设备ID=12011 module=PERIODIC id=ReadFoupStatus uuid=22 len=23
frame=01 04 12 22 90 25 F0 37 52 E1 06 6F 0C 26 B8 3E 78 D1 CA 51 2D A7 19
[2026-04-17 09:26:14] [INFO] [发送] 09:26:14.228 设备ID=12011 module=PERIODIC id=ReadFoupStatus uuid=22 sendCount=1/1 timeout=1000ms crc=30 0C len=8
frame=01 04 00 00 00 09 30 0C
[2026-04-17 09:26:14] [INFO] [接收-帧] 09:26:14.313 设备ID=12011 module=PERIODIC id=ReadFoupStatus uuid=22 len=23
frame=01 04 12 1B 4B 5B 92 A1 68 6E BD B5 3F AE BB FC FF 7A 61 E9 53 E1 AC
[2026-04-17 09:26:15] [INFO] [发送] 09:26:15.644 设备ID=12011 module=PERIODIC id=ReadFoupStatus uuid=22 sendCount=1/1 timeout=1000ms crc=30 0C len=8
frame=01 04 00 00 00 09 30 0C
[2026-04-17 09:26:15] [INFO] [接收-帧] 09:26:15.738 设备ID=12011 module=PERIODIC id=ReadFoupStatus uuid=22 len=23
frame=01 04 12 95 28 9C 9D 8B 79 F8 47 E4 66 86 E3 A6 E3 E4 16 AC 82 7F 24
[2026-04-17 09:26:16] [INFO] [发送] 09:26:16.734 设备ID=12011 module=PERIODIC id=ReadFoupStatus uuid=22 sendCount=1/1 timeout=1000ms crc=30 0C len=8
frame=01 04 00 00 00 09 30 0C
[2026-04-17 09:26:16] [INFO] [接收-帧] 09:26:16.826 设备ID=12011 module=PERIODIC id=ReadFoupStatus uuid=22 len=23
frame=01 04 12 B2 E3 92 72 70 25 0F BF 2E 23 F5 A8 54 F5 8E 2B FD 67 C6 D7
[2026-04-17 09:26:17] [INFO] [发送] 09:26:17.830 设备ID=12011 module=PERIODIC id=ReadFoupStatus uuid=22 sendCount=1/1 timeout=1000ms crc=30 0C len=8
frame=01 04 00 00 00 09 30 0C
[2026-04-17 09:26:18] [INFO] [接收-帧] 09:26:18.101 设备ID=12011 module=PERIODIC id=ReadFoupStatus uuid=22 len=23
frame=01 04 12 E5 7B CC 54 E5 95 28 EB 80 2F 7E 9D 2C 0B 86 9C C1 9D C6 F1
[2026-04-17 09:26:19] [INFO] [发送] 09:26:19.152 设备ID=12011 module=PERIODIC id=ReadFoupStatus uuid=22 sendCount=1/1 timeout=1000ms crc=30 0C len=8
frame=01 04 00 00 00 09 30 0C
[2026-04-17 09:26:19] [INFO] [接收-帧] 09:26:19.235 设备ID=12011 module=PERIODIC id=ReadFoupStatus uuid=22 len=23
frame=01 04 12 88 02 7C 12 BF 7C 73 42 EF A5 68 19 E7 18 64 A5 C5 F6 63 1C
[2026-04-17 09:26:20] [INFO] [发送] 09:26:20.236 设备ID=12011 module=PERIODIC id=ReadFoupStatus uuid=22 sendCount=1/1 timeout=1000ms crc=30 0C len=8
frame=01 04 00 00 00 09 30 0C
[2026-04-17 09:26:20] [INFO] [接收-帧] 09:26:20.331 设备ID=12011 module=PERIODIC id=ReadFoupStatus uuid=22 len=23
frame=01 04 12 70 05 DE F6 1E 66 6E 5E 29 1C 25 9D 5B FE 7F 83 C3 71 B0 BB
[2026-04-17 09:26:21] [INFO] [发送] 09:26:21.361 设备ID=12011 module=PERIODIC id=ReadFoupStatus uuid=22 sendCount=1/1 timeout=1000ms crc=30 0C len=8
frame=01 04 00 00 00 09 30 0C
[2026-04-17 09:26:21] [INFO] [接收-帧] 09:26:21.421 设备ID=12011 module=PERIODIC id=ReadFoupStatus uuid=22 len=23
frame=01 04 12 D3 64 ED E6 42 CD 56 58 35 95 F6 34 B4 71 FD 8F A6 05 18 E8
[2026-04-17 09:26:22] [INFO] [发送] 09:26:22.878 设备ID=12011 module=PERIODIC id=ReadFoupStatus uuid=22 sendCount=1/1 timeout=1000ms crc=30 0C len=8
frame=01 04 00 00 00 09 30 0C
[2026-04-17 09:26:22] [INFO] [接收-帧] 09:26:22.952 设备ID=12011 module=PERIODIC id=ReadFoupStatus uuid=22 len=23
frame=01 04 12 92 F2 DB 94 15 E0 48 30 02 80 39 A2 1F 88 40 E9 3D FF 23 4F
[2026-04-17 09:26:23] [INFO] [发送] 09:26:23.950 设备ID=12011 module=PERIODIC id=ReadFoupStatus uuid=22 sendCount=1/1 timeout=1000ms crc=30 0C len=8
frame=01 04 00 00 00 09 30 0C
[2026-04-17 09:26:24] [INFO] [接收-帧] 09:26:24.044 设备ID=12011 module=PERIODIC id=ReadFoupStatus uuid=22 len=23
frame=01 04 12 83 AC D8 40 EA 66 8F 48 9D 1D 3C 59 67 50 C2 E0 FE 42 CF C2
[2026-04-17 09:26:25] [INFO] [发送] 09:26:25.604 设备ID=12011 module=PERIODIC id=ReadFoupStatus uuid=22 sendCount=1/1 timeout=1000ms crc=30 0C len=8
frame=01 04 00 00 00 09 30 0C
[2026-04-17 09:26:25] [INFO] [接收-帧] 09:26:25.750 设备ID=12011 module=PERIODIC id=ReadFoupStatus uuid=22 len=23
frame=01 04 12 D2 C4 03 D7 FB 2A 48 AE 2F 7D 8C 0C 7A 36 74 BE DD 3C 79 4B
[2026-04-17 09:26:27] [INFO] [发送] 09:26:27.139 设备ID=12011 module=PERIODIC id=ReadFoupStatus uuid=22 sendCount=1/1 timeout=1000ms crc=30 0C len=8
frame=01 04 00 00 00 09 30 0C
[2026-04-17 09:26:27] [INFO] [接收-帧] 09:26:27.215 设备ID=12011 module=PERIODIC id=ReadFoupStatus uuid=22 len=23
frame=01 04 12 84 CA 68 04 1F A2 CF A5 5B 3E D1 D2 9E 3B 27 F3 7D 63 D9 25
[2026-04-17 09:26:28] [INFO] [发送] 09:26:28.235 设备ID=12011 module=PERIODIC id=ReadFoupStatus uuid=22 sendCount=1/1 timeout=1000ms crc=30 0C len=8
frame=01 04 00 00 00 09 30 0C
[2026-04-17 09:26:28] [INFO] [接收-帧] 09:26:28.352 设备ID=12011 module=PERIODIC id=ReadFoupStatus uuid=22 len=23
frame=01 04 12 38 7D CD 0F 25 9A 79 2B 33 54 89 7C 9C F0 28 8F F0 7C E5 35
[2026-04-17 09:26:29] [INFO] [发送] 09:26:29.402 设备ID=12011 module=PERIODIC id=ReadFoupStatus uuid=22 sendCount=1/1 timeout=1000ms crc=30 0C len=8
frame=01 04 00 00 00 09 30 0C
[2026-04-17 09:26:29] [INFO] [接收-帧] 09:26:29.531 设备ID=12011 module=PERIODIC id=ReadFoupStatus uuid=22 len=23
frame=01 04 12 E1 2C D8 6B 1F CD 91 4F A8 72 EE A5 2A 34 D3 62 35 70 63 63
[2026-04-17 09:26:30] [INFO] [发送] 09:26:30.528 设备ID=12011 module=PERIODIC id=ReadFoupStatus uuid=22 sendCount=1/1 timeout=1000ms crc=30 0C len=8
frame=01 04 00 00 00 09 30 0C
[2026-04-17 09:26:30] [INFO] [接收-帧] 09:26:30.631 设备ID=12011 module=PERIODIC id=ReadFoupStatus uuid=22 len=23
frame=01 04 12 61 8B 4D 75 7C DD 16 9C 8B 0D 7D 6A 12 CB E3 03 7C 09 A7 4C
[2026-04-17 09:26:31] [INFO] [发送] 09:26:31.744 设备ID=12011 module=PERIODIC id=ReadFoupStatus uuid=22 sendCount=1/1 timeout=1000ms crc=30 0C len=8
frame=01 04 00 00 00 09 30 0C
[2026-04-17 09:26:31] [INFO] [接收-帧] 09:26:31.814 设备ID=12011 module=PERIODIC id=ReadFoupStatus uuid=22 len=23
frame=01 04 12 7B 60 25 CE A9 C5 A2 7A 39 BD B3 A4 CD F9 03 4C A1 5B A0 66
[2026-04-17 09:26:32] [INFO] [发送] 09:26:32.814 设备ID=12011 module=PERIODIC id=ReadFoupStatus uuid=22 sendCount=1/1 timeout=1000ms crc=30 0C len=8
frame=01 04 00 00 00 09 30 0C
[2026-04-17 09:26:32] [INFO] [接收-帧] 09:26:32.906 设备ID=12011 module=PERIODIC id=ReadFoupStatus uuid=22 len=23
frame=01 04 12 90 97 DC B3 1B BE 1D DA C7 D7 FF 6C AF 88 C2 C8 29 FE 3F 7C
[2026-04-17 09:26:33] [INFO] [发送] 09:26:33.911 设备ID=12011 module=PERIODIC id=ReadFoupStatus uuid=22 sendCount=1/1 timeout=1000ms crc=30 0C len=8
frame=01 04 00 00 00 09 30 0C
[2026-04-17 09:26:34] [INFO] [接收-帧] 09:26:34.001 设备ID=12011 module=PERIODIC id=ReadFoupStatus uuid=22 len=23
frame=01 04 12 CD 0A B1 C3 30 30 5E C6 6B F4 85 BE 34 F1 1B 76 09 B8 08 5B
[2026-04-17 09:26:35] [INFO] [发送] 09:26:35.076 设备ID=12011 module=PERIODIC id=ReadFoupStatus uuid=22 sendCount=1/1 timeout=1000ms crc=30 0C len=8
frame=01 04 00 00 00 09 30 0C
[2026-04-17 09:26:35] [INFO] [接收-帧] 09:26:35.097 设备ID=12011 module=PERIODIC id=ReadFoupStatus uuid=22 len=23
frame=01 04 12 CB B8 5F 7B 02 41 8E A3 6B F8 0B C3 14 A8 55 5E 20 0A 88 B8
[2026-04-17 09:26:36] [INFO] [发送] 09:26:36.096 设备ID=12011 module=PERIODIC id=ReadFoupStatus uuid=22 sendCount=1/1 timeout=1000ms crc=30 0C len=8
frame=01 04 00 00 00 09 30 0C
[2026-04-17 09:26:36] [INFO] [接收-帧] 09:26:36.192 设备ID=12011 module=PERIODIC id=ReadFoupStatus uuid=22 len=23
frame=01 04 12 F3 47 1A E9 F3 9A 03 AF 77 50 CC 0D D5 E0 7F 45 C5 93 AF 20
[2026-04-17 09:26:37] [INFO] [发送] 09:26:37.184 设备ID=12011 module=PERIODIC id=ReadFoupStatus uuid=22 sendCount=1/1 timeout=1000ms crc=30 0C len=8
frame=01 04 00 00 00 09 30 0C
[2026-04-17 09:26:37] [INFO] [接收-帧] 09:26:37.292 设备ID=12011 module=PERIODIC id=ReadFoupStatus uuid=22 len=23
frame=01 04 12 E5 28 EA DE 10 DC E7 7D 2C 4C C3 27 83 3E 32 42 DC 3F 88 3F
[2026-04-17 09:26:38] [INFO] [发送] 09:26:38.306 设备ID=12011 module=PERIODIC id=ReadFoupStatus uuid=22 sendCount=1/1 timeout=1000ms crc=30 0C len=8
frame=01 04 00 00 00 09 30 0C
[2026-04-17 09:26:38] [INFO] [接收-帧] 09:26:38.374 设备ID=12011 module=PERIODIC id=ReadFoupStatus uuid=22 len=23
frame=01 04 12 61 04 B6 D2 13 A4 7E 6E 55 66 E6 10 F4 AD 96 74 41 6D 3B 39
[2026-04-17 09:26:39] [INFO] [发送] 09:26:39.380 设备ID=12011 module=PERIODIC id=ReadFoupStatus uuid=22 sendCount=1/1 timeout=1000ms crc=30 0C len=8
frame=01 04 00 00 00 09 30 0C
[2026-04-17 09:26:39] [INFO] [接收-帧] 09:26:39.466 设备ID=12011 module=PERIODIC id=ReadFoupStatus uuid=22 len=23
frame=01 04 12 4D 19 40 C9 5E AE D1 A0 41 CC C2 BA 04 8A 1A A1 CE BF CC 96
[2026-04-17 09:26:40] [INFO] [发送] 09:26:40.510 设备ID=12011 module=PERIODIC id=ReadFoupStatus uuid=22 sendCount=1/1 timeout=1000ms crc=30 0C len=8
frame=01 04 00 00 00 09 30 0C
[2026-04-17 09:26:40] [INFO] [接收-帧] 09:26:40.562 设备ID=12011 module=PERIODIC id=ReadFoupStatus uuid=22 len=23
frame=01 04 12 AA B6 89 45 70 AC EF 1B 37 FF B2 A5 16 DF AD 33 1B 60 33 B5
[2026-04-17 09:26:41] [INFO] [发送] 09:26:41.610 设备ID=12011 module=PERIODIC id=ReadFoupStatus uuid=22 sendCount=1/1 timeout=1000ms crc=30 0C len=8
frame=01 04 00 00 00 09 30 0C
[2026-04-17 09:26:41] [INFO] [接收-帧] 09:26:41.698 设备ID=12011 module=PERIODIC id=ReadFoupStatus uuid=22 len=23
frame=01 04 12 10 08 41 2B C3 41 E7 41 04 6F 3A 66 15 C5 49 08 44 1D C1 CE
[2026-04-17 09:26:42] [INFO] [发送] 09:26:42.714 设备ID=12011 module=PERIODIC id=ReadFoupStatus uuid=22 sendCount=1/1 timeout=1000ms crc=30 0C len=8
frame=01 04 00 00 00 09 30 0C
[2026-04-17 09:26:42] [INFO] [接收-帧] 09:26:42.840 设备ID=12011 module=PERIODIC id=ReadFoupStatus uuid=22 len=23
frame=01 04 12 0F 9C 3F 71 17 24 D1 7B 92 33 A4 7F 39 F5 D9 D1 6C C3 06 E1
[2026-04-17 09:26:43] [INFO] [发送] 09:26:43.846 设备ID=12011 module=PERIODIC id=ReadFoupStatus uuid=22 sendCount=1/1 timeout=1000ms crc=30 0C len=8
frame=01 04 00 00 00 09 30 0C
[2026-04-17 09:26:43] [INFO] [接收-帧] 09:26:43.950 设备ID=12011 module=PERIODIC id=ReadFoupStatus uuid=22 len=23
frame=01 04 12 62 3A 20 BB F5 07 A3 7A 5A 57 DB 2F 92 DA 19 B5 D9 5C B9 F6
[2026-04-17 09:26:44] [INFO] [发送] 09:26:44.954 设备ID=12011 module=PERIODIC id=ReadFoupStatus uuid=22 sendCount=1/1 timeout=1000ms crc=30 0C len=8
frame=01 04 00 00 00 09 30 0C
[2026-04-17 09:26:45] [INFO] [接收-帧] 09:26:45.048 设备ID=12011 module=PERIODIC id=ReadFoupStatus uuid=22 len=23
frame=01 04 12 B1 91 50 F6 90 F1 7D 5B C4 A1 48 D8 06 11 1C 5E 32 84 7E 41
[2026-04-17 09:26:46] [INFO] [发送] 09:26:46.066 设备ID=12011 module=PERIODIC id=ReadFoupStatus uuid=22 sendCount=1/1 timeout=1000ms crc=30 0C len=8
frame=01 04 00 00 00 09 30 0C
[2026-04-17 09:26:46] [INFO] [接收-帧] 09:26:46.143 设备ID=12011 module=PERIODIC id=ReadFoupStatus uuid=22 len=23
frame=01 04 12 BF E2 7E 83 FD AC A0 47 1F A1 9A 04 9A 8B BB B5 87 5B DF 9B
[2026-04-17 09:26:47] [INFO] [发送] 09:26:47.147 设备ID=12011 module=PERIODIC id=ReadFoupStatus uuid=22 sendCount=1/1 timeout=1000ms crc=30 0C len=8
frame=01 04 00 00 00 09 30 0C
[2026-04-17 09:26:47] [INFO] [接收-帧] 09:26:47.237 设备ID=12011 module=PERIODIC id=ReadFoupStatus uuid=22 len=23
frame=01 04 12 A3 8B 89 D1 D2 6F 88 C8 A2 A0 9A BD 00 4D 40 57 10 15 B8 DA
[2026-04-17 09:26:48] [INFO] [发送] 09:26:48.258 设备ID=12011 module=PERIODIC id=ReadFoupStatus uuid=22 sendCount=1/1 timeout=1000ms crc=30 0C len=8
frame=01 04 00 00 00 09 30 0C
[2026-04-17 09:26:48] [INFO] [接收-帧] 09:26:48.328 设备ID=12011 module=PERIODIC id=ReadFoupStatus uuid=22 len=23
frame=01 04 12 39 48 F1 F5 21 49 03 60 FA 97 22 69 4A 85 C8 68 94 31 A3 02
[2026-04-17 09:26:49] [INFO] [发送] 09:26:49.353 设备ID=12011 module=PERIODIC id=ReadFoupStatus uuid=22 sendCount=1/1 timeout=1000ms crc=30 0C len=8
frame=01 04 00 00 00 09 30 0C
[2026-04-17 09:26:49] [INFO] [接收-帧] 09:26:49.420 设备ID=12011 module=PERIODIC id=ReadFoupStatus uuid=22 len=23
frame=01 04 12 CE 1D A6 7F 31 A1 E7 AF 10 5E 9B DD B1 D7 A0 92 35 9B FD 7D
[2026-04-17 09:26:50] [INFO] [发送] 09:26:50.423 设备ID=12011 module=PERIODIC id=ReadFoupStatus uuid=22 sendCount=1/1 timeout=1000ms crc=30 0C len=8
frame=01 04 00 00 00 09 30 0C
[2026-04-17 09:26:50] [INFO] [接收-帧] 09:26:50.532 设备ID=12011 module=PERIODIC id=ReadFoupStatus uuid=22 len=23
frame=01 04 12 90 3B 2F 27 DD 6D 53 FB 06 98 A0 08 46 95 68 01 63 81 90 2A
[2026-04-17 09:26:51] [INFO] [发送] 09:26:51.564 设备ID=12011 module=PERIODIC id=ReadFoupStatus uuid=22 sendCount=1/1 timeout=1000ms crc=30 0C len=8
frame=01 04 00 00 00 09 30 0C
[2026-04-17 09:26:51] [INFO] [接收-帧] 09:26:51.608 设备ID=12011 module=PERIODIC id=ReadFoupStatus uuid=22 len=23
frame=01 04 12 6A 5E 5F FC C1 CD BC 8F 7C 34 C7 96 42 96 DE 89 48 C0 3B 78
[2026-04-17 09:26:52] [INFO] [发送] 09:26:52.611 设备ID=12011 module=PERIODIC id=ReadFoupStatus uuid=22 sendCount=1/1 timeout=1000ms crc=30 0C len=8
frame=01 04 00 00 00 09 30 0C
[2026-04-17 09:26:52] [INFO] [接收-帧] 09:26:52.701 设备ID=12011 module=PERIODIC id=ReadFoupStatus uuid=22 len=23
frame=01 04 12 79 CD E3 3C 1F F8 C3 97 89 13 DA 42 23 28 0E 01 B6 4C 7C DA
[2026-04-17 09:26:53] [INFO] [发送] 09:26:53.701 设备ID=12011 module=PERIODIC id=ReadFoupStatus uuid=22 sendCount=1/1 timeout=1000ms crc=30 0C len=8
frame=01 04 00 00 00 09 30 0C
[2026-04-17 09:26:53] [INFO] [接收-帧] 09:26:53.802 设备ID=12011 module=PERIODIC id=ReadFoupStatus uuid=22 len=23
frame=01 04 12 7D 54 A3 2F E3 D5 46 A6 49 2F 2C 33 9F E7 5C 55 24 5C 19 4A
[2026-04-17 09:26:54] [INFO] [发送] 09:26:54.794 设备ID=12011 module=PERIODIC id=ReadFoupStatus uuid=22 sendCount=1/1 timeout=1000ms crc=30 0C len=8
frame=01 04 00 00 00 09 30 0C
[2026-04-17 09:26:54] [INFO] [接收-帧] 09:26:54.887 设备ID=12011 module=PERIODIC id=ReadFoupStatus uuid=22 len=23
frame=01 04 12 92 21 4F F3 9C 73 CC A1 CC 19 0B A7 76 58 0E 36 02 E4 4B C7
[2026-04-17 09:26:55] [INFO] [发送] 09:26:55.891 设备ID=12011 module=PERIODIC id=ReadFoupStatus uuid=22 sendCount=1/1 timeout=1000ms crc=30 0C len=8
frame=01 04 00 00 00 09 30 0C
[2026-04-17 09:26:55] [INFO] [接收-帧] 09:26:55.986 设备ID=12011 module=PERIODIC id=ReadFoupStatus uuid=22 len=23
frame=01 04 12 1C D2 F4 75 96 F1 7B 06 E0 73 B1 AB 43 1F C0 48 D4 F9 FC 23
[2026-04-17 09:26:56] [INFO] [发送] 09:26:56.990 设备ID=12011 module=PERIODIC id=ReadFoupStatus uuid=22 sendCount=1/1 timeout=1000ms crc=30 0C len=8
frame=01 04 00 00 00 09 30 0C
[2026-04-17 09:26:57] [INFO] [接收-帧] 09:26:57.075 设备ID=12011 module=PERIODIC id=ReadFoupStatus uuid=22 len=23
frame=01 04 12 1F A0 FA E1 D1 2C 66 6F A6 2C E8 97 CB 8F 8D 6D 89 01 88 B0
[2026-04-17 09:26:58] [INFO] [发送] 09:26:58.075 设备ID=12011 module=PERIODIC id=ReadFoupStatus uuid=22 sendCount=1/1 timeout=1000ms crc=30 0C len=8
frame=01 04 00 00 00 09 30 0C
[2026-04-17 09:26:58] [INFO] [接收-帧] 09:26:58.171 设备ID=12011 module=PERIODIC id=ReadFoupStatus uuid=22 len=23
frame=01 04 12 EE 5E 67 97 1E 82 E4 96 8E 05 53 A5 70 B3 68 A8 16 F9 35 2E
[2026-04-17 09:26:59] [INFO] [发送] 09:26:59.180 设备ID=12011 module=PERIODIC id=ReadFoupStatus uuid=22 sendCount=1/1 timeout=1000ms crc=30 0C len=8
frame=01 04 00 00 00 09 30 0C
[2026-04-17 09:26:59] [INFO] [接收-帧] 09:26:59.268 设备ID=12011 module=PERIODIC id=ReadFoupStatus uuid=22 len=23
frame=01 04 12 FD 26 CD E8 AA 4C 48 F7 8A 67 55 3F B9 89 AD 7E 28 4C E7 B5
[2026-04-17 09:27:00] [INFO] [发送] 09:27:00.259 设备ID=12011 module=PERIODIC id=ReadFoupStatus uuid=22 sendCount=1/1 timeout=1000ms crc=30 0C len=8
frame=01 04 00 00 00 09 30 0C
[2026-04-17 09:27:00] [INFO] [接收-帧] 09:27:00.359 设备ID=12011 module=PERIODIC id=ReadFoupStatus uuid=22 len=23
frame=01 04 12 6F 3F DC 72 64 C7 1A 39 A6 CD 66 E6 86 20 6C 7D E1 14 32 57
[2026-04-17 09:27:01] [INFO] [发送] 09:27:01.363 设备ID=12011 module=PERIODIC id=ReadFoupStatus uuid=22 sendCount=1/1 timeout=1000ms crc=30 0C len=8
frame=01 04 00 00 00 09 30 0C
[2026-04-17 09:27:01] [INFO] [接收-帧] 09:27:01.454 设备ID=12011 module=PERIODIC id=ReadFoupStatus uuid=22 len=23
frame=01 04 12 BA 4C EB 49 EA 4D 46 B9 C8 01 B8 E7 36 18 30 6D C8 54 BF 74
[2026-04-17 09:27:37] [INFO] [发送] 09:27:37.146 设备ID=12011 module=INITIAL id=ReadVersion uuid=21 sendCount=1/4 timeout=1000ms crc=B1 CD len=8
frame=01 04 00 18 00 01 B1 CD
[2026-04-17 09:27:37] [INFO] [接收-帧] 09:27:37.754 设备ID=12011 module=INITIAL id=ReadVersion uuid=21 len=7
frame=01 04 02 00 00 B9 30
[2026-04-17 09:27:37] [INFO] [发送] 09:27:37.754 设备ID=12011 module=PERIODIC id=ReadFoupStatus uuid=22 sendCount=1/1 timeout=1000ms crc=30 0C len=8
frame=01 04 00 00 00 09 30 0C
[2026-04-17 09:27:37] [INFO] [接收-帧] 09:27:37.802 设备ID=12011 module=PERIODIC id=ReadFoupStatus uuid=22 len=23
frame=01 04 12 18 8E 86 56 69 CA 34 E0 64 F7 07 DE EA 6F CC FA 6E 7E 08 5D
[2026-04-17 09:27:38] [INFO] [发送] 09:27:38.791 设备ID=12011 module=PERIODIC id=ReadFoupStatus uuid=22 sendCount=1/1 timeout=1000ms crc=30 0C len=8
frame=01 04 00 00 00 09 30 0C
[2026-04-17 09:27:38] [INFO] [接收-帧] 09:27:38.894 设备ID=12011 module=PERIODIC id=ReadFoupStatus uuid=22 len=23
frame=01 04 12 90 CA F6 01 DA 45 80 E7 D8 57 C4 18 FE 81 2C 92 7E C0 17 E9
[2026-04-17 09:27:39] [INFO] [发送] 09:27:39.884 设备ID=12011 module=PERIODIC id=ReadFoupStatus uuid=22 sendCount=1/1 timeout=1000ms crc=30 0C len=8
frame=01 04 00 00 00 09 30 0C
[2026-04-17 09:27:39] [INFO] [接收-帧] 09:27:39.991 设备ID=12011 module=PERIODIC id=ReadFoupStatus uuid=22 len=23
frame=01 04 12 89 6E 43 49 88 62 48 84 8B CD EA 60 83 90 9C 51 E9 58 25 DD
[2026-04-17 09:27:40] [INFO] [发送] 09:27:40.979 设备ID=12011 module=PERIODIC id=ReadFoupStatus uuid=22 sendCount=1/1 timeout=1000ms crc=30 0C len=8
frame=01 04 00 00 00 09 30 0C
[2026-04-17 09:27:41] [INFO] [接收-帧] 09:27:41.089 设备ID=12011 module=PERIODIC id=ReadFoupStatus uuid=22 len=23
frame=01 04 12 35 DF 83 D4 D3 7C D6 F9 DF E0 EE 49 64 38 05 84 D6 8C 42 A9
[2026-04-17 09:27:42] [INFO] [发送] 09:27:42.102 设备ID=12011 module=PERIODIC id=ReadFoupStatus uuid=22 sendCount=1/1 timeout=1000ms crc=30 0C len=8
frame=01 04 00 00 00 09 30 0C
[2026-04-17 09:27:42] [INFO] [接收-帧] 09:27:42.179 设备ID=12011 module=PERIODIC id=ReadFoupStatus uuid=22 len=23
frame=01 04 12 4B 94 AF 6E C2 D8 6D 0F D6 10 06 40 5F 10 2D D8 0B 83 89 25
[2026-04-17 09:27:43] [INFO] [发送] 09:27:43.166 设备ID=12011 module=PERIODIC id=ReadFoupStatus uuid=22 sendCount=1/1 timeout=1000ms crc=30 0C len=8
frame=01 04 00 00 00 09 30 0C
[2026-04-17 09:27:43] [INFO] [接收-帧] 09:27:43.266 设备ID=12011 module=PERIODIC id=ReadFoupStatus uuid=22 len=23
frame=01 04 12 8B EC 6F 2D 1A B0 CD F4 87 E2 99 14 F4 F4 30 A2 0E 73 F9 D2
[2026-04-17 09:27:44] [INFO] [发送] 09:27:44.268 设备ID=12011 module=PERIODIC id=ReadFoupStatus uuid=22 sendCount=1/1 timeout=1000ms crc=30 0C len=8
frame=01 04 00 00 00 09 30 0C
[2026-04-17 09:27:44] [INFO] [接收-帧] 09:27:44.366 设备ID=12011 module=PERIODIC id=ReadFoupStatus uuid=22 len=23
frame=01 04 12 1A F3 15 BD BC CB 4B C8 C6 16 92 71 16 A7 AD C1 B7 93 68 65
[2026-04-17 09:27:45] [INFO] [发送] 09:27:45.355 设备ID=12011 module=PERIODIC id=ReadFoupStatus uuid=22 sendCount=1/1 timeout=1000ms crc=30 0C len=8
frame=01 04 00 00 00 09 30 0C
[2026-04-17 09:27:45] [INFO] [接收-帧] 09:27:45.457 设备ID=12011 module=PERIODIC id=ReadFoupStatus uuid=22 len=23
frame=01 04 12 1A BC 11 40 F2 95 36 0D AF 1C 0E 8D FC 86 B8 CA C6 DF E8 92
[2026-04-17 09:27:46] [INFO] [发送] 09:27:46.455 设备ID=12011 module=PERIODIC id=ReadFoupStatus uuid=22 sendCount=1/1 timeout=1000ms crc=30 0C len=8
frame=01 04 00 00 00 09 30 0C
[2026-04-17 09:27:46] [INFO] [接收-帧] 09:27:46.553 设备ID=12011 module=PERIODIC id=ReadFoupStatus uuid=22 len=23
frame=01 04 12 E9 E1 B0 60 AF 00 D8 65 7F A7 99 84 12 73 65 98 CF B7 A0 9A
[2026-04-17 09:27:47] [INFO] [发送] 09:27:47.545 设备ID=12011 module=PERIODIC id=ReadFoupStatus uuid=22 sendCount=1/1 timeout=1000ms crc=30 0C len=8
frame=01 04 00 00 00 09 30 0C
[2026-04-17 09:27:47] [INFO] [接收-帧] 09:27:47.661 设备ID=12011 module=PERIODIC id=ReadFoupStatus uuid=22 len=23
frame=01 04 12 82 1A C6 36 B3 00 8B 9F 9F 4E 04 41 24 2C 3C 04 FD CC 98 49
[2026-04-17 09:27:48] [INFO] [发送] 09:27:48.673 设备ID=12011 module=PERIODIC id=ReadFoupStatus uuid=22 sendCount=1/1 timeout=1000ms crc=30 0C len=8
frame=01 04 00 00 00 09 30 0C
[2026-04-17 09:27:48] [INFO] [接收-帧] 09:27:48.744 设备ID=12011 module=PERIODIC id=ReadFoupStatus uuid=22 len=23
frame=01 04 12 23 A9 EB 7D 57 EF 80 B2 61 0D 44 74 F7 3A 1C 64 F1 02 B6 DB
[2026-04-17 09:27:49] [INFO] [发送] 09:27:49.747 设备ID=12011 module=PERIODIC id=ReadFoupStatus uuid=22 sendCount=1/1 timeout=1000ms crc=30 0C len=8
frame=01 04 00 00 00 09 30 0C
[2026-04-17 09:27:49] [INFO] [接收-帧] 09:27:49.833 设备ID=12011 module=PERIODIC id=ReadFoupStatus uuid=22 len=23
frame=01 04 12 DE 20 82 C4 41 FE 9C 99 5C A2 1A C8 0D A2 FB 16 92 A5 58 D7
[2026-04-17 09:27:50] [INFO] [发送] 09:27:50.824 设备ID=12011 module=PERIODIC id=ReadFoupStatus uuid=22 sendCount=1/1 timeout=1000ms crc=30 0C len=8
frame=01 04 00 00 00 09 30 0C
[2026-04-17 09:27:50] [INFO] [接收-帧] 09:27:50.922 设备ID=12011 module=PERIODIC id=ReadFoupStatus uuid=22 len=23
frame=01 04 12 DD 8C A1 93 2C 13 74 47 8A D8 23 CB A7 78 C7 08 D1 B7 36 36
[2026-04-17 09:31:33] [INFO] [发送] 09:31:33.970 设备ID=12011 module=INITIAL id=ReadVersion uuid=21 sendCount=1/4 timeout=1000ms crc=B1 CD len=8
frame=01 04 00 18 00 01 B1 CD
[2026-04-17 09:31:34] [INFO] [接收-帧] 09:31:34.315 设备ID=12011 module=INITIAL id=ReadVersion uuid=21 len=7
frame=01 04 02 00 00 B9 30
[2026-04-17 09:31:34] [INFO] [发送] 09:31:34.315 设备ID=12011 module=PERIODIC id=ReadFoupStatus uuid=22 sendCount=1/1 timeout=1000ms crc=30 0C len=8
frame=01 04 00 00 00 09 30 0C
[2026-04-17 09:31:34] [INFO] [接收-帧] 09:31:34.416 设备ID=12011 module=PERIODIC id=ReadFoupStatus uuid=22 len=23
frame=01 04 12 D7 89 07 AC 74 EB FE 7B 99 FD C6 63 39 09 9E 2D 09 A8 96 3C
[2026-04-17 09:31:35] [INFO] [发送] 09:31:35.418 设备ID=12011 module=PERIODIC id=ReadFoupStatus uuid=22 sendCount=1/1 timeout=1000ms crc=30 0C len=8
frame=01 04 00 00 00 09 30 0C
[2026-04-17 09:31:35] [INFO] [接收-帧] 09:31:35.502 设备ID=12011 module=PERIODIC id=ReadFoupStatus uuid=22 len=23
frame=01 04 12 CA 2C 9F EF 2D 23 5B 4E 18 76 A3 48 3E 4F 1D 55 33 C2 8F 0B
[2026-04-17 09:31:36] [INFO] [发送] 09:31:36.502 设备ID=12011 module=PERIODIC id=ReadFoupStatus uuid=22 sendCount=1/1 timeout=1000ms crc=30 0C len=8
frame=01 04 00 00 00 09 30 0C
[2026-04-17 09:31:36] [INFO] [接收-帧] 09:31:36.597 设备ID=12011 module=PERIODIC id=ReadFoupStatus uuid=22 len=23
frame=01 04 12 66 5F 74 40 F7 1E D9 F4 DD 0C 27 15 04 33 FB 0F 2F C9 DE 42
[2026-04-17 09:31:37] [INFO] [发送] 09:31:37.588 设备ID=12011 module=PERIODIC id=ReadFoupStatus uuid=22 sendCount=1/1 timeout=1000ms crc=30 0C len=8
frame=01 04 00 00 00 09 30 0C
[2026-04-17 09:31:37] [INFO] [接收-帧] 09:31:37.722 设备ID=12011 module=PERIODIC id=ReadFoupStatus uuid=22 len=23
frame=01 04 12 0C 97 6F 14 FD FB 9A 10 37 F0 41 64 79 7E 39 A4 26 A0 2B 68
[2026-04-17 09:31:38] [INFO] [发送] 09:31:38.732 设备ID=12011 module=PERIODIC id=ReadFoupStatus uuid=22 sendCount=1/1 timeout=1000ms crc=30 0C len=8
frame=01 04 00 00 00 09 30 0C
[2026-04-17 09:31:38] [INFO] [接收-帧] 09:31:38.898 设备ID=12011 module=PERIODIC id=ReadFoupStatus uuid=22 len=23
frame=01 04 12 1F 9C 7A 16 DD 82 16 FA 49 FB 2B BB 3F AF C2 C0 71 37 46 8C
[2026-04-17 09:31:39] [INFO] [发送] 09:31:39.901 设备ID=12011 module=PERIODIC id=ReadFoupStatus uuid=22 sendCount=1/1 timeout=1000ms crc=30 0C len=8
frame=01 04 00 00 00 09 30 0C
[2026-04-17 09:31:39] [INFO] [接收-帧] 09:31:39.993 设备ID=12011 module=PERIODIC id=ReadFoupStatus uuid=22 len=23
frame=01 04 12 35 62 2B 42 61 1B F8 BB 7F 05 41 66 5F F4 37 08 A6 9A DF 63
[2026-04-17 09:31:40] [INFO] [发送] 09:31:40.996 设备ID=12011 module=PERIODIC id=ReadFoupStatus uuid=22 sendCount=1/1 timeout=1000ms crc=30 0C len=8
frame=01 04 00 00 00 09 30 0C
[2026-04-17 09:31:41] [INFO] [接收-帧] 09:31:41.086 设备ID=12011 module=PERIODIC id=ReadFoupStatus uuid=22 len=23
frame=01 04 12 6C 9B 77 BA 0F 37 74 41 02 88 E0 59 17 0B BB BA 2A 0D 65 34
[2026-04-17 09:31:42] [INFO] [发送] 09:31:42.097 设备ID=12011 module=PERIODIC id=ReadFoupStatus uuid=22 sendCount=1/1 timeout=1000ms crc=30 0C len=8
frame=01 04 00 00 00 09 30 0C
[2026-04-17 09:31:42] [INFO] [接收-帧] 09:31:42.177 设备ID=12011 module=PERIODIC id=ReadFoupStatus uuid=22 len=23
frame=01 04 12 9F 43 3D EC 44 EF E7 7B 2B C1 97 42 5E 3C 5A 11 5F 07 12 1D
[2026-04-17 09:31:43] [INFO] [发送] 09:31:43.173 设备ID=12011 module=PERIODIC id=ReadFoupStatus uuid=22 sendCount=1/1 timeout=1000ms crc=30 0C len=8
frame=01 04 00 00 00 09 30 0C
[2026-04-17 09:31:43] [INFO] [接收-帧] 09:31:43.275 设备ID=12011 module=PERIODIC id=ReadFoupStatus uuid=22 len=23
frame=01 04 12 A9 4E 89 D9 A2 8C 27 BC 35 ED CE 5C E2 6A 25 BD 70 D7 6C 44
[2026-04-17 09:31:44] [INFO] [发送] 09:31:44.278 设备ID=12011 module=PERIODIC id=ReadFoupStatus uuid=22 sendCount=1/1 timeout=1000ms crc=30 0C len=8
frame=01 04 00 00 00 09 30 0C
[2026-04-17 09:31:44] [INFO] [接收-帧] 09:31:44.363 设备ID=12011 module=PERIODIC id=ReadFoupStatus uuid=22 len=23
frame=01 04 12 0E E9 7A 93 EC FA B2 14 21 94 F4 FA 9F DA BE 60 6A 07 10 73
[2026-04-17 09:31:45] [INFO] [发送] 09:31:45.353 设备ID=12011 module=PERIODIC id=ReadFoupStatus uuid=22 sendCount=1/1 timeout=1000ms crc=30 0C len=8
frame=01 04 00 00 00 09 30 0C
[2026-04-17 09:31:45] [INFO] [接收-帧] 09:31:45.459 设备ID=12011 module=PERIODIC id=ReadFoupStatus uuid=22 len=23
frame=01 04 12 A3 24 1B B5 C4 9A DE CC A6 8C CD 7E A7 98 62 D7 1D 9E 9B 97
[2026-04-17 09:31:46] [INFO] [发送] 09:31:46.446 设备ID=12011 module=PERIODIC id=ReadFoupStatus uuid=22 sendCount=1/1 timeout=1000ms crc=30 0C len=8
frame=01 04 00 00 00 09 30 0C
[2026-04-17 09:31:46] [INFO] [接收-帧] 09:31:46.554 设备ID=12011 module=PERIODIC id=ReadFoupStatus uuid=22 len=23
frame=01 04 12 50 26 1C 45 54 30 50 4A CA 2F F1 53 C8 E6 2B 68 52 02 FC AF
[2026-04-17 09:31:47] [INFO] [发送] 09:31:47.559 设备ID=12011 module=PERIODIC id=ReadFoupStatus uuid=22 sendCount=1/1 timeout=1000ms crc=30 0C len=8
frame=01 04 00 00 00 09 30 0C
[2026-04-17 09:31:47] [INFO] [接收-帧] 09:31:47.645 设备ID=12011 module=PERIODIC id=ReadFoupStatus uuid=22 len=23
frame=01 04 12 B0 AD BB 7C 3E DF 2D 46 40 0D A3 C0 A9 40 AC 3D 78 EF EA 47
[2026-04-17 09:31:48] [INFO] [发送] 09:31:48.636 设备ID=12011 module=PERIODIC id=ReadFoupStatus uuid=22 sendCount=1/1 timeout=1000ms crc=30 0C len=8
frame=01 04 00 00 00 09 30 0C
[2026-04-17 09:31:48] [INFO] [接收-帧] 09:31:48.740 设备ID=12011 module=PERIODIC id=ReadFoupStatus uuid=22 len=23
frame=01 04 12 D5 8E 98 6A 58 2B 8E 1D F3 FF 2C 1E 33 10 2E 4F D1 4E 3F 56
[2026-04-17 09:31:49] [INFO] [发送] 09:31:49.731 设备ID=12011 module=PERIODIC id=ReadFoupStatus uuid=22 sendCount=1/1 timeout=1000ms crc=30 0C len=8
frame=01 04 00 00 00 09 30 0C
[2026-04-17 09:31:49] [INFO] [接收-帧] 09:31:49.839 设备ID=12011 module=PERIODIC id=ReadFoupStatus uuid=22 len=23
frame=01 04 12 7B 88 14 3C 14 9A 07 D2 7C BF 8D 09 6A 0D B1 0B 0E 17 B1 82
[2026-04-17 09:31:50] [INFO] [发送] 09:31:50.837 设备ID=12011 module=PERIODIC id=ReadFoupStatus uuid=22 sendCount=1/1 timeout=1000ms crc=30 0C len=8
frame=01 04 00 00 00 09 30 0C
[2026-04-17 09:31:50] [INFO] [接收-帧] 09:31:50.929 设备ID=12011 module=PERIODIC id=ReadFoupStatus uuid=22 len=23
frame=01 04 12 D0 00 48 EB 4D 46 F4 0D 27 FE 24 BD 97 AF 28 B0 EC B6 4A 66
[2026-04-17 09:31:51] [INFO] [发送] 09:31:51.932 设备ID=12011 module=PERIODIC id=ReadFoupStatus uuid=22 sendCount=1/1 timeout=1000ms crc=30 0C len=8
frame=01 04 00 00 00 09 30 0C
[2026-04-17 09:31:52] [INFO] [接收-帧] 09:31:52.023 设备ID=12011 module=PERIODIC id=ReadFoupStatus uuid=22 len=23
frame=01 04 12 6F EA 53 A2 6C 5E 50 98 4F 32 90 3A 9D 1F 74 DD E9 CA D7 A4
[2026-04-17 09:31:53] [INFO] [发送] 09:31:53.042 设备ID=12011 module=PERIODIC id=ReadFoupStatus uuid=22 sendCount=1/1 timeout=1000ms crc=30 0C len=8
frame=01 04 00 00 00 09 30 0C
[2026-04-17 09:31:53] [INFO] [接收-帧] 09:31:53.118 设备ID=12011 module=PERIODIC id=ReadFoupStatus uuid=22 len=23
frame=01 04 12 3C CD B0 CD 28 F9 0A 07 A5 60 9B F6 AC 80 84 91 89 90 27 48
[2026-04-17 09:31:54] [INFO] [发送] 09:31:54.124 设备ID=12011 module=PERIODIC id=ReadFoupStatus uuid=22 sendCount=1/1 timeout=1000ms crc=30 0C len=8
frame=01 04 00 00 00 09 30 0C
[2026-04-17 09:31:54] [INFO] [接收-帧] 09:31:54.211 设备ID=12011 module=PERIODIC id=ReadFoupStatus uuid=22 len=23
frame=01 04 12 3B FB 59 89 59 21 60 96 9A 9F 72 54 1D 93 B3 30 78 75 E7 CC
[2026-04-17 09:31:55] [INFO] [发送] 09:31:55.215 设备ID=12011 module=PERIODIC id=ReadFoupStatus uuid=22 sendCount=1/1 timeout=1000ms crc=30 0C len=8
frame=01 04 00 00 00 09 30 0C
[2026-04-17 09:31:55] [INFO] [接收-帧] 09:31:55.304 设备ID=12011 module=PERIODIC id=ReadFoupStatus uuid=22 len=23
frame=01 04 12 4A FF ED 07 64 CD 7C 5B 75 52 01 37 28 6D 97 20 8D 9E DA B6
[2026-04-17 09:31:56] [INFO] [发送] 09:31:56.292 设备ID=12011 module=PERIODIC id=ReadFoupStatus uuid=22 sendCount=1/1 timeout=1000ms crc=30 0C len=8
frame=01 04 00 00 00 09 30 0C
[2026-04-17 09:31:56] [INFO] [接收-帧] 09:31:56.395 设备ID=12011 module=PERIODIC id=ReadFoupStatus uuid=22 len=23
frame=01 04 12 53 77 F6 E3 C7 A3 30 5D 04 FC A9 7B F1 00 F0 98 90 9F F6 CF
[2026-04-17 09:31:57] [INFO] [发送] 09:31:57.391 设备ID=12011 module=PERIODIC id=ReadFoupStatus uuid=22 sendCount=1/1 timeout=1000ms crc=30 0C len=8
frame=01 04 00 00 00 09 30 0C
[2026-04-17 09:31:57] [INFO] [接收-帧] 09:31:57.491 设备ID=12011 module=PERIODIC id=ReadFoupStatus uuid=22 len=23
frame=01 04 12 4F 11 F5 9E 04 64 FA 06 18 66 58 3C A0 3A BD 99 58 FF DF 8F
[2026-04-17 09:31:58] [INFO] [发送] 09:31:58.478 设备ID=12011 module=PERIODIC id=ReadFoupStatus uuid=22 sendCount=1/1 timeout=1000ms crc=30 0C len=8
frame=01 04 00 00 00 09 30 0C
[2026-04-17 09:31:58] [INFO] [接收-帧] 09:31:58.584 设备ID=12011 module=PERIODIC id=ReadFoupStatus uuid=22 len=23
frame=01 04 12 45 89 76 8A 99 01 3F 59 53 3C 2A FC 6F F2 91 C7 9D 3D F1 8B
[2026-04-17 09:31:59] [INFO] [发送] 09:31:59.572 设备ID=12011 module=PERIODIC id=ReadFoupStatus uuid=22 sendCount=1/1 timeout=1000ms crc=30 0C len=8
frame=01 04 00 00 00 09 30 0C
[2026-04-17 09:31:59] [INFO] [接收-帧] 09:31:59.675 设备ID=12011 module=PERIODIC id=ReadFoupStatus uuid=22 len=23
frame=01 04 12 F4 94 E5 0B C6 09 9F 60 76 E3 46 72 7A FB 29 45 FD 82 F6 B7
[2026-04-17 09:32:00] [INFO] [发送] 09:32:00.670 设备ID=12011 module=PERIODIC id=ReadFoupStatus uuid=22 sendCount=1/1 timeout=1000ms crc=30 0C len=8
frame=01 04 00 00 00 09 30 0C
[2026-04-17 09:32:00] [INFO] [接收-帧] 09:32:00.770 设备ID=12011 module=PERIODIC id=ReadFoupStatus uuid=22 len=23
frame=01 04 12 D5 63 A3 65 30 5F D0 C6 4E 13 BA CC B8 EF B7 48 4E 28 8F B2
[2026-04-17 09:32:01] [INFO] [发送] 09:32:01.762 设备ID=12011 module=PERIODIC id=ReadFoupStatus uuid=22 sendCount=1/1 timeout=1000ms crc=30 0C len=8
frame=01 04 00 00 00 09 30 0C
[2026-04-17 09:32:01] [INFO] [接收-帧] 09:32:01.872 设备ID=12011 module=PERIODIC id=ReadFoupStatus uuid=22 len=23
frame=01 04 12 93 1A 90 23 FC 5D 5B 42 B5 53 6B B6 6C B6 1B 03 02 24 B2 40
[2026-04-17 09:32:02] [INFO] [发送] 09:32:02.869 设备ID=12011 module=PERIODIC id=ReadFoupStatus uuid=22 sendCount=1/1 timeout=1000ms crc=30 0C len=8
frame=01 04 00 00 00 09 30 0C
[2026-04-17 09:32:02] [INFO] [接收-帧] 09:32:02.963 设备ID=12011 module=PERIODIC id=ReadFoupStatus uuid=22 len=23
frame=01 04 12 48 A1 6C 19 6F 5F AB 30 B2 2B 91 A5 F1 20 F1 23 B4 F9 BE 28
[2026-04-17 09:32:03] [INFO] [发送] 09:32:03.962 设备ID=12011 module=PERIODIC id=ReadFoupStatus uuid=22 sendCount=1/1 timeout=1000ms crc=30 0C len=8
frame=01 04 00 00 00 09 30 0C
[2026-04-17 09:32:04] [INFO] [接收-帧] 09:32:04.059 设备ID=12011 module=PERIODIC id=ReadFoupStatus uuid=22 len=23
frame=01 04 12 75 A1 6E BB 5E 17 48 15 18 90 63 E4 25 75 B8 FE A4 D5 46 B0
