[2026-04-17 09:24:09] [INFO] [发送] 09:24:09.174 设备ID=12021 module=INITIAL id=ReadVersion uuid=41 sendCount=1/4 timeout=1000ms crc=B1 CD len=8
frame=01 04 00 18 00 01 B1 CD
[2026-04-17 09:24:10] [INFO] [接收-帧] 09:24:10.166 设备ID=12021 module=INITIAL id=ReadVersion uuid=41 len=7
frame=01 04 02 00 00 B9 30
[2026-04-17 09:24:10] [INFO] [发送] 09:24:10.166 设备ID=12021 module=PERIODIC id=ReadFoupStatus uuid=42 sendCount=1/1 timeout=1000ms crc=30 0C len=8
frame=01 04 00 00 00 09 30 0C
[2026-04-17 09:24:12] [INFO] [发送] 09:24:12.169 设备ID=12021 module=PERIODIC id=ReadFoupStatus uuid=42 sendCount=1/1 timeout=1000ms crc=30 0C len=8
frame=01 04 00 00 00 09 30 0C
[2026-04-17 09:24:14] [INFO] [发送] 09:24:14.265 设备ID=12021 module=PERIODIC id=ReadFoupStatus uuid=42 sendCount=1/1 timeout=1000ms crc=30 0C len=8
frame=01 04 00 00 00 09 30 0C
[2026-04-17 09:24:16] [INFO] [发送] 09:24:16.262 设备ID=12021 module=PERIODIC id=ReadFoupStatus uuid=42 sendCount=1/1 timeout=1000ms crc=30 0C len=8
frame=01 04 00 00 00 09 30 0C
[2026-04-17 09:24:18] [INFO] [发送] 09:24:18.261 设备ID=12021 module=PERIODIC id=ReadFoupStatus uuid=42 sendCount=1/1 timeout=1000ms crc=30 0C len=8
frame=01 04 00 00 00 09 30 0C
[2026-04-17 09:24:20] [INFO] [发送] 09:24:20.266 设备ID=12021 module=PERIODIC id=ReadFoupStatus uuid=42 sendCount=1/1 timeout=1000ms crc=30 0C len=8
frame=01 04 00 00 00 09 30 0C
[2026-04-17 09:24:22] [INFO] [发送] 09:24:22.270 设备ID=12021 module=PERIODIC id=ReadFoupStatus uuid=42 sendCount=1/1 timeout=1000ms crc=30 0C len=8
frame=01 04 00 00 00 09 30 0C
[2026-04-17 09:24:24] [INFO] [发送] 09:24:24.268 设备ID=12021 module=PERIODIC id=ReadFoupStatus uuid=42 sendCount=1/1 timeout=1000ms crc=30 0C len=8
frame=01 04 00 00 00 09 30 0C
[2026-04-17 09:24:26] [INFO] [发送] 09:24:26.270 设备ID=12021 module=PERIODIC id=ReadFoupStatus uuid=42 sendCount=1/1 timeout=1000ms crc=30 0C len=8
frame=01 04 00 00 00 09 30 0C
[2026-04-17 09:24:28] [INFO] [发送] 09:24:28.265 设备ID=12021 module=PERIODIC id=ReadFoupStatus uuid=42 sendCount=1/1 timeout=1000ms crc=30 0C len=8
frame=01 04 00 00 00 09 30 0C
[2026-04-17 09:24:32] [INFO] [发送] 09:24:32.458 设备ID=12021 module=PERIODIC id=ReadFoupStatus uuid=42 sendCount=1/1 timeout=1000ms crc=30 0C len=8
frame=01 04 00 00 00 09 30 0C
[2026-04-17 09:24:34] [INFO] [发送] 09:24:34.453 设备ID=12021 module=PERIODIC id=ReadFoupStatus uuid=42 sendCount=1/1 timeout=1000ms crc=30 0C len=8
frame=01 04 00 00 00 09 30 0C
[2026-04-17 09:24:36] [INFO] [发送] 09:24:36.451 设备ID=12021 module=PERIODIC id=ReadFoupStatus uuid=42 sendCount=1/1 timeout=1000ms crc=30 0C len=8
frame=01 04 00 00 00 09 30 0C
[2026-04-17 09:24:38] [INFO] [发送] 09:24:38.448 设备ID=12021 module=PERIODIC id=ReadFoupStatus uuid=42 sendCount=1/1 timeout=1000ms crc=30 0C len=8
frame=01 04 00 00 00 09 30 0C
[2026-04-17 09:24:40] [INFO] [发送] 09:24:40.454 设备ID=12021 module=PERIODIC id=ReadFoupStatus uuid=42 sendCount=1/1 timeout=1000ms crc=30 0C len=8
frame=01 04 00 00 00 09 30 0C
[2026-04-17 09:24:42] [INFO] [发送] 09:24:42.449 设备ID=12021 module=PERIODIC id=ReadFoupStatus uuid=42 sendCount=1/1 timeout=1000ms crc=30 0C len=8
frame=01 04 00 00 00 09 30 0C
[2026-04-17 09:24:44] [INFO] [发送] 09:24:44.454 设备ID=12021 module=PERIODIC id=ReadFoupStatus uuid=42 sendCount=1/1 timeout=1000ms crc=30 0C len=8
frame=01 04 00 00 00 09 30 0C
[2026-04-17 09:24:48] [INFO] [发送] 09:24:48.138 设备ID=12021 module=PERIODIC id=ReadFoupStatus uuid=42 sendCount=1/1 timeout=1000ms crc=30 0C len=8
frame=01 04 00 00 00 09 30 0C
[2026-04-17 09:24:48] [INFO] [接收-帧] 09:24:48.232 设备ID=12021 module=PERIODIC id=ReadFoupStatus uuid=42 len=23
frame=01 04 12 85 6B 11 BB E4 87 4E C8 5B BD AE C4 FC FB 03 1E 05 E0 BA 43
[2026-04-17 09:24:49] [INFO] [发送] 09:24:49.231 设备ID=12021 module=PERIODIC id=ReadFoupStatus uuid=42 sendCount=1/1 timeout=1000ms crc=30 0C len=8
frame=01 04 00 00 00 09 30 0C
[2026-04-17 09:24:49] [INFO] [接收-帧] 09:24:49.328 设备ID=12021 module=PERIODIC id=ReadFoupStatus uuid=42 len=23
frame=01 04 12 BA 98 70 B2 8C A9 2A 08 E9 1D 87 35 78 23 F1 52 09 69 EA D5
[2026-04-17 09:24:50] [INFO] [发送] 09:24:50.382 设备ID=12021 module=PERIODIC id=ReadFoupStatus uuid=42 sendCount=1/1 timeout=1000ms crc=30 0C len=8
frame=01 04 00 00 00 09 30 0C
[2026-04-17 09:24:50] [INFO] [接收-帧] 09:24:50.425 设备ID=12021 module=PERIODIC id=ReadFoupStatus uuid=42 len=23
frame=01 04 12 CD 45 F9 48 A0 E9 A5 FE D8 04 23 32 F9 ED F4 F9 9C CA 2F 4C
[2026-04-17 09:24:51] [INFO] [发送] 09:24:51.418 设备ID=12021 module=PERIODIC id=ReadFoupStatus uuid=42 sendCount=1/1 timeout=1000ms crc=30 0C len=8
frame=01 04 00 00 00 09 30 0C
[2026-04-17 09:24:51] [INFO] [接收-帧] 09:24:51.517 设备ID=12021 module=PERIODIC id=ReadFoupStatus uuid=42 len=23
frame=01 04 12 12 D7 51 1C EE 42 5A E0 61 17 1E 71 77 A1 B9 00 38 22 2D 85
[2026-04-17 09:24:52] [INFO] [发送] 09:24:52.510 设备ID=12021 module=PERIODIC id=ReadFoupStatus uuid=42 sendCount=1/1 timeout=1000ms crc=30 0C len=8
frame=01 04 00 00 00 09 30 0C
[2026-04-17 09:24:52] [INFO] [接收-帧] 09:24:52.607 设备ID=12021 module=PERIODIC id=ReadFoupStatus uuid=42 len=23
frame=01 04 12 21 A7 CF F4 32 AE 2E C9 93 CC D4 69 5C AB F3 79 F4 78 A2 3C
[2026-04-17 09:24:53] [INFO] [发送] 09:24:53.605 设备ID=12021 module=PERIODIC id=ReadFoupStatus uuid=42 sendCount=1/1 timeout=1000ms crc=30 0C len=8
frame=01 04 00 00 00 09 30 0C
[2026-04-17 09:24:53] [INFO] [接收-帧] 09:24:53.701 设备ID=12021 module=PERIODIC id=ReadFoupStatus uuid=42 len=23
frame=01 04 12 09 E8 55 E7 2E 3E 1A 8F C1 C4 B8 9D 34 54 BF B1 05 39 C8 F5
[2026-04-17 09:24:54] [INFO] [发送] 09:24:54.705 设备ID=12021 module=PERIODIC id=ReadFoupStatus uuid=42 sendCount=1/1 timeout=1000ms crc=30 0C len=8
frame=01 04 00 00 00 09 30 0C
[2026-04-17 09:24:54] [INFO] [接收-帧] 09:24:54.795 设备ID=12021 module=PERIODIC id=ReadFoupStatus uuid=42 len=23
frame=01 04 12 1F F9 78 CF 9D 2D 29 7B C2 71 F9 C1 7A BC 20 B2 7C 15 6E 29
[2026-04-17 09:24:55] [INFO] [发送] 09:24:55.792 设备ID=12021 module=PERIODIC id=ReadFoupStatus uuid=42 sendCount=1/1 timeout=1000ms crc=30 0C len=8
frame=01 04 00 00 00 09 30 0C
[2026-04-17 09:24:55] [INFO] [接收-帧] 09:24:55.893 设备ID=12021 module=PERIODIC id=ReadFoupStatus uuid=42 len=23
frame=01 04 12 31 6E 66 F5 DF 87 D7 5C C7 7B 60 D5 F0 03 BE F0 C8 5F AB 29
[2026-04-17 09:24:56] [INFO] [发送] 09:24:56.891 设备ID=12021 module=PERIODIC id=ReadFoupStatus uuid=42 sendCount=1/1 timeout=1000ms crc=30 0C len=8
frame=01 04 00 00 00 09 30 0C
[2026-04-17 09:24:56] [INFO] [接收-帧] 09:24:56.985 设备ID=12021 module=PERIODIC id=ReadFoupStatus uuid=42 len=23
frame=01 04 12 5A C0 6A 15 88 A5 16 99 95 1C 08 B4 CC 84 C6 A8 CB F3 70 C8
[2026-04-17 09:24:57] [INFO] [发送] 09:24:57.982 设备ID=12021 module=PERIODIC id=ReadFoupStatus uuid=42 sendCount=1/1 timeout=1000ms crc=30 0C len=8
frame=01 04 00 00 00 09 30 0C
[2026-04-17 09:24:58] [INFO] [接收-帧] 09:24:58.073 设备ID=12021 module=PERIODIC id=ReadFoupStatus uuid=42 len=23
frame=01 04 12 FF 44 25 A3 71 5E F2 4F A4 0C 54 FD A4 71 A2 25 4F DA AD EA
[2026-04-17 09:24:59] [INFO] [发送] 09:24:59.071 设备ID=12021 module=PERIODIC id=ReadFoupStatus uuid=42 sendCount=1/1 timeout=1000ms crc=30 0C len=8
frame=01 04 00 00 00 09 30 0C
[2026-04-17 09:24:59] [INFO] [接收-帧] 09:24:59.172 设备ID=12021 module=PERIODIC id=ReadFoupStatus uuid=42 len=23
frame=01 04 12 52 5D DA CB 1F FE 79 BE 80 18 2F 03 94 36 D8 13 2D 3A 26 DD
[2026-04-17 09:25:00] [INFO] [发送] 09:25:00.165 设备ID=12021 module=PERIODIC id=ReadFoupStatus uuid=42 sendCount=1/1 timeout=1000ms crc=30 0C len=8
frame=01 04 00 00 00 09 30 0C
[2026-04-17 09:25:00] [INFO] [接收-帧] 09:25:00.264 设备ID=12021 module=PERIODIC id=ReadFoupStatus uuid=42 len=23
frame=01 04 12 31 B3 1A AE 57 F2 48 5B 3F DF 9F F5 2E 6A 44 57 0B 77 10 8F
[2026-04-17 09:25:01] [INFO] [发送] 09:25:01.264 设备ID=12021 module=PERIODIC id=ReadFoupStatus uuid=42 sendCount=1/1 timeout=1000ms crc=30 0C len=8
frame=01 04 00 00 00 09 30 0C
[2026-04-17 09:25:01] [INFO] [接收-帧] 09:25:01.357 设备ID=12021 module=PERIODIC id=ReadFoupStatus uuid=42 len=23
frame=01 04 12 F8 51 AB 8D 4E 9F C3 8D 24 3B 53 15 8C 6E 78 DE 34 F2 98 88
[2026-04-17 09:25:02] [INFO] [发送] 09:25:02.354 设备ID=12021 module=PERIODIC id=ReadFoupStatus uuid=42 sendCount=1/1 timeout=1000ms crc=30 0C len=8
frame=01 04 00 00 00 09 30 0C
[2026-04-17 09:25:02] [INFO] [接收-帧] 09:25:02.455 设备ID=12021 module=PERIODIC id=ReadFoupStatus uuid=42 len=23
frame=01 04 12 A7 5E 9C DE 98 F2 2A F7 20 E0 2C E1 62 98 F3 20 BD 92 35 1A
[2026-04-17 09:25:03] [INFO] [发送] 09:25:03.453 设备ID=12021 module=PERIODIC id=ReadFoupStatus uuid=42 sendCount=1/1 timeout=1000ms crc=30 0C len=8
frame=01 04 00 00 00 09 30 0C
[2026-04-17 09:25:03] [INFO] [接收-帧] 09:25:03.549 设备ID=12021 module=PERIODIC id=ReadFoupStatus uuid=42 len=23
frame=01 04 12 9D 8B AF 2A DD 4F EE ED AD 3F A5 43 F4 0C 29 B2 61 19 36 F4
[2026-04-17 09:25:04] [INFO] [发送] 09:25:04.545 设备ID=12021 module=PERIODIC id=ReadFoupStatus uuid=42 sendCount=1/1 timeout=1000ms crc=30 0C len=8
frame=01 04 00 00 00 09 30 0C
[2026-04-17 09:25:04] [INFO] [接收-帧] 09:25:04.639 设备ID=12021 module=PERIODIC id=ReadFoupStatus uuid=42 len=23
frame=01 04 12 73 39 5A AB DA 79 E0 75 D2 F0 36 9A 52 A9 7E 12 CC 6C DA F9
[2026-04-17 09:25:05] [INFO] [发送] 09:25:05.634 设备ID=12021 module=PERIODIC id=ReadFoupStatus uuid=42 sendCount=1/1 timeout=1000ms crc=30 0C len=8
frame=01 04 00 00 00 09 30 0C
[2026-04-17 09:25:05] [INFO] [接收-帧] 09:25:05.733 设备ID=12021 module=PERIODIC id=ReadFoupStatus uuid=42 len=23
frame=01 04 12 84 89 13 68 A3 53 72 F7 4D B6 03 AB A7 C2 97 13 BC 11 A0 97
[2026-04-17 09:25:06] [INFO] [发送] 09:25:06.728 设备ID=12021 module=PERIODIC id=ReadFoupStatus uuid=42 sendCount=1/1 timeout=1000ms crc=30 0C len=8
frame=01 04 00 00 00 09 30 0C
[2026-04-17 09:25:06] [INFO] [接收-帧] 09:25:06.826 设备ID=12021 module=PERIODIC id=ReadFoupStatus uuid=42 len=23
frame=01 04 12 DA 61 F0 B7 EE 53 8E 3C 6B 75 1B EC 3A 18 E6 82 19 FB 2B BD
[2026-04-17 09:25:07] [INFO] [发送] 09:25:07.820 设备ID=12021 module=PERIODIC id=ReadFoupStatus uuid=42 sendCount=1/1 timeout=1000ms crc=30 0C len=8
frame=01 04 00 00 00 09 30 0C
[2026-04-17 09:25:07] [INFO] [接收-帧] 09:25:07.924 设备ID=12021 module=PERIODIC id=ReadFoupStatus uuid=42 len=23
frame=01 04 12 CC 39 E0 5A A7 A1 3D 6D 63 A8 66 30 C2 1A 03 61 81 8E 87 34
[2026-04-17 09:25:08] [INFO] [发送] 09:25:08.917 设备ID=12021 module=PERIODIC id=ReadFoupStatus uuid=42 sendCount=1/1 timeout=1000ms crc=30 0C len=8
frame=01 04 00 00 00 09 30 0C
[2026-04-17 09:25:09] [INFO] [接收-帧] 09:25:09.012 设备ID=12021 module=PERIODIC id=ReadFoupStatus uuid=42 len=23
frame=01 04 12 50 67 CD 3D DF 9F E9 77 2C 65 B5 47 B1 49 41 83 5A 1D F3 D3
[2026-04-17 09:25:10] [INFO] [发送] 09:25:10.008 设备ID=12021 module=PERIODIC id=ReadFoupStatus uuid=42 sendCount=1/1 timeout=1000ms crc=30 0C len=8
frame=01 04 00 00 00 09 30 0C
[2026-04-17 09:25:10] [INFO] [接收-帧] 09:25:10.109 设备ID=12021 module=PERIODIC id=ReadFoupStatus uuid=42 len=23
frame=01 04 12 14 57 D0 C0 93 F6 5E EC 8F 8F 3A 39 41 C5 A5 79 90 DD 2B C7
[2026-04-17 09:25:11] [INFO] [发送] 09:25:11.105 设备ID=12021 module=PERIODIC id=ReadFoupStatus uuid=42 sendCount=1/1 timeout=1000ms crc=30 0C len=8
frame=01 04 00 00 00 09 30 0C
[2026-04-17 09:25:11] [INFO] [接收-帧] 09:25:11.200 设备ID=12021 module=PERIODIC id=ReadFoupStatus uuid=42 len=23
frame=01 04 12 87 DD 47 58 7C 5F 9E B4 C4 F0 7E 05 5E A8 0B A0 EF B1 8C DC
[2026-04-17 09:25:12] [INFO] [发送] 09:25:12.206 设备ID=12021 module=PERIODIC id=ReadFoupStatus uuid=42 sendCount=1/1 timeout=1000ms crc=30 0C len=8
frame=01 04 00 00 00 09 30 0C
[2026-04-17 09:25:12] [INFO] [接收-帧] 09:25:12.299 设备ID=12021 module=PERIODIC id=ReadFoupStatus uuid=42 len=23
frame=01 04 12 25 21 F4 FB DB DE E6 22 6C E4 3F C4 D2 AD AF 73 D4 FA 7F DD
[2026-04-17 09:25:13] [INFO] [发送] 09:25:13.291 设备ID=12021 module=PERIODIC id=ReadFoupStatus uuid=42 sendCount=1/1 timeout=1000ms crc=30 0C len=8
frame=01 04 00 00 00 09 30 0C
[2026-04-17 09:25:13] [INFO] [接收-帧] 09:25:13.383 设备ID=12021 module=PERIODIC id=ReadFoupStatus uuid=42 len=23
frame=01 04 12 F2 F2 2E D8 58 CE 41 6D 6C 3E 76 DD C2 FD 97 27 37 79 65 35
[2026-04-17 09:25:14] [INFO] [发送] 09:25:14.384 设备ID=12021 module=PERIODIC id=ReadFoupStatus uuid=42 sendCount=1/1 timeout=1000ms crc=30 0C len=8
frame=01 04 00 00 00 09 30 0C
[2026-04-17 09:25:14] [INFO] [接收-帧] 09:25:14.482 设备ID=12021 module=PERIODIC id=ReadFoupStatus uuid=42 len=23
frame=01 04 12 53 1C CE F0 B9 CA 21 34 57 05 ED B9 E8 C2 A0 FE 18 0E B1 F4
[2026-04-17 09:25:15] [INFO] [发送] 09:25:15.480 设备ID=12021 module=PERIODIC id=ReadFoupStatus uuid=42 sendCount=1/1 timeout=1000ms crc=30 0C len=8
frame=01 04 00 00 00 09 30 0C
[2026-04-17 09:25:15] [INFO] [接收-帧] 09:25:15.575 设备ID=12021 module=PERIODIC id=ReadFoupStatus uuid=42 len=23
frame=01 04 12 C9 8C D8 AE BC 16 E2 F8 55 71 B0 CC 95 85 E8 92 FB 0A 5B F0
[2026-04-17 09:25:16] [INFO] [发送] 09:25:16.578 设备ID=12021 module=PERIODIC id=ReadFoupStatus uuid=42 sendCount=1/1 timeout=1000ms crc=30 0C len=8
frame=01 04 00 00 00 09 30 0C
[2026-04-17 09:25:16] [INFO] [接收-帧] 09:25:16.673 设备ID=12021 module=PERIODIC id=ReadFoupStatus uuid=42 len=23
frame=01 04 12 9D 27 3F AE 35 54 AB A6 C2 D2 32 7F C2 09 D2 D7 77 95 23 C4
[2026-04-17 09:25:17] [INFO] [发送] 09:25:17.666 设备ID=12021 module=PERIODIC id=ReadFoupStatus uuid=42 sendCount=1/1 timeout=1000ms crc=30 0C len=8
frame=01 04 00 00 00 09 30 0C
[2026-04-17 09:25:17] [INFO] [接收-帧] 09:25:17.766 设备ID=12021 module=PERIODIC id=ReadFoupStatus uuid=42 len=23
frame=01 04 12 1F 82 8D 52 B4 60 D3 16 22 A2 EE 13 8E 53 E1 54 B7 31 C9 69
[2026-04-17 09:25:18] [INFO] [发送] 09:25:18.759 设备ID=12021 module=PERIODIC id=ReadFoupStatus uuid=42 sendCount=1/1 timeout=1000ms crc=30 0C len=8
frame=01 04 00 00 00 09 30 0C
[2026-04-17 09:25:18] [INFO] [接收-帧] 09:25:18.859 设备ID=12021 module=PERIODIC id=ReadFoupStatus uuid=42 len=23
frame=01 04 12 48 4F 4B 07 0A 6B A2 0F D3 D9 86 B1 20 5E 4D B8 AB F2 D3 71
[2026-04-17 09:25:19] [INFO] [发送] 09:25:19.853 设备ID=12021 module=PERIODIC id=ReadFoupStatus uuid=42 sendCount=1/1 timeout=1000ms crc=30 0C len=8
frame=01 04 00 00 00 09 30 0C
[2026-04-17 09:25:19] [INFO] [接收-帧] 09:25:19.953 设备ID=12021 module=PERIODIC id=ReadFoupStatus uuid=42 len=23
frame=01 04 12 D4 54 25 52 C5 2E C6 4C 31 38 47 3D 2B AF 56 4A 78 8F CF 7F
[2026-04-17 09:25:20] [INFO] [发送] 09:25:20.948 设备ID=12021 module=PERIODIC id=ReadFoupStatus uuid=42 sendCount=1/1 timeout=1000ms crc=30 0C len=8
frame=01 04 00 00 00 09 30 0C
[2026-04-17 09:25:21] [INFO] [接收-帧] 09:25:21.045 设备ID=12021 module=PERIODIC id=ReadFoupStatus uuid=42 len=23
frame=01 04 12 D6 DE C5 C6 02 22 7B FC DB 40 01 71 06 72 62 54 EA AD 9C 05
[2026-04-17 09:25:22] [INFO] [发送] 09:25:22.041 设备ID=12021 module=PERIODIC id=ReadFoupStatus uuid=42 sendCount=1/1 timeout=1000ms crc=30 0C len=8
frame=01 04 00 00 00 09 30 0C
[2026-04-17 09:25:22] [INFO] [接收-帧] 09:25:22.138 设备ID=12021 module=PERIODIC id=ReadFoupStatus uuid=42 len=23
frame=01 04 12 8A 5F 47 EB 26 F0 57 55 EF D7 0C 98 6A 2C C3 B8 21 7E F4 6B
[2026-04-17 09:25:23] [INFO] [发送] 09:25:23.133 设备ID=12021 module=PERIODIC id=ReadFoupStatus uuid=42 sendCount=1/1 timeout=1000ms crc=30 0C len=8
frame=01 04 00 00 00 09 30 0C
[2026-04-17 09:25:23] [INFO] [接收-帧] 09:25:23.233 设备ID=12021 module=PERIODIC id=ReadFoupStatus uuid=42 len=23
frame=01 04 12 B8 F5 6C 0F 51 2C 48 5C D1 D7 C0 58 9B 09 B1 D7 9B 76 B0 83
[2026-04-17 09:25:24] [INFO] [发送] 09:25:24.232 设备ID=12021 module=PERIODIC id=ReadFoupStatus uuid=42 sendCount=1/1 timeout=1000ms crc=30 0C len=8
frame=01 04 00 00 00 09 30 0C
[2026-04-17 09:25:24] [INFO] [接收-帧] 09:25:24.324 设备ID=12021 module=PERIODIC id=ReadFoupStatus uuid=42 len=23
frame=01 04 12 82 36 F8 E1 E7 C0 8C 9E 0A 86 3D F5 53 FA 89 50 C4 F0 C6 19
[2026-04-17 09:25:25] [INFO] [发送] 09:25:25.323 设备ID=12021 module=PERIODIC id=ReadFoupStatus uuid=42 sendCount=1/1 timeout=1000ms crc=30 0C len=8
frame=01 04 00 00 00 09 30 0C
[2026-04-17 09:25:25] [INFO] [接收-帧] 09:25:25.423 设备ID=12021 module=PERIODIC id=ReadFoupStatus uuid=42 len=23
frame=01 04 12 03 A9 71 5E 22 2C C9 68 3B 0D EF 52 E0 E6 5F 9E CD E3 C9 ED
[2026-04-17 09:25:26] [INFO] [发送] 09:25:26.417 设备ID=12021 module=PERIODIC id=ReadFoupStatus uuid=42 sendCount=1/1 timeout=1000ms crc=30 0C len=8
frame=01 04 00 00 00 09 30 0C
[2026-04-17 09:25:26] [INFO] [接收-帧] 09:25:26.513 设备ID=12021 module=PERIODIC id=ReadFoupStatus uuid=42 len=23
frame=01 04 12 30 26 0C 04 1E 6E E4 0A 4A 8A 56 D5 5C 69 74 3B D8 6E B5 83
[2026-04-17 09:25:27] [INFO] [发送] 09:25:27.509 设备ID=12021 module=PERIODIC id=ReadFoupStatus uuid=42 sendCount=1/1 timeout=1000ms crc=30 0C len=8
frame=01 04 00 00 00 09 30 0C
[2026-04-17 09:25:27] [INFO] [接收-帧] 09:25:27.611 设备ID=12021 module=PERIODIC id=ReadFoupStatus uuid=42 len=23
frame=01 04 12 33 18 2F 9A A2 A9 31 75 C1 57 4B 62 1A 8C 39 82 17 B7 34 E2
[2026-04-17 09:25:28] [INFO] [发送] 09:25:28.611 设备ID=12021 module=PERIODIC id=ReadFoupStatus uuid=42 sendCount=1/1 timeout=1000ms crc=30 0C len=8
frame=01 04 00 00 00 09 30 0C
[2026-04-17 09:25:28] [INFO] [接收-帧] 09:25:28.700 设备ID=12021 module=PERIODIC id=ReadFoupStatus uuid=42 len=23
frame=01 04 12 DD 0D 75 AA C8 C1 D6 68 50 31 50 CD 3E 35 17 86 C5 69 DD BE
[2026-04-17 09:25:29] [INFO] [发送] 09:25:29.699 设备ID=12021 module=PERIODIC id=ReadFoupStatus uuid=42 sendCount=1/1 timeout=1000ms crc=30 0C len=8
frame=01 04 00 00 00 09 30 0C
[2026-04-17 09:25:29] [INFO] [接收-帧] 09:25:29.798 设备ID=12021 module=PERIODIC id=ReadFoupStatus uuid=42 len=23
frame=01 04 12 7C FF 33 0B 6E 12 BB 84 7C 95 F8 8C DB D1 F1 2C DD 3C EB 11
[2026-04-17 09:25:30] [INFO] [发送] 09:25:30.795 设备ID=12021 module=PERIODIC id=ReadFoupStatus uuid=42 sendCount=1/1 timeout=1000ms crc=30 0C len=8
frame=01 04 00 00 00 09 30 0C
[2026-04-17 09:25:30] [INFO] [接收-帧] 09:25:30.891 设备ID=12021 module=PERIODIC id=ReadFoupStatus uuid=42 len=23
frame=01 04 12 79 9B AF 5D 06 48 E5 B6 4A F6 DC 69 F8 05 AD 44 F9 35 D6 F5
[2026-04-17 09:25:31] [INFO] [发送] 09:25:31.890 设备ID=12021 module=PERIODIC id=ReadFoupStatus uuid=42 sendCount=1/1 timeout=1000ms crc=30 0C len=8
frame=01 04 00 00 00 09 30 0C
[2026-04-17 09:25:31] [INFO] [接收-帧] 09:25:31.983 设备ID=12021 module=PERIODIC id=ReadFoupStatus uuid=42 len=23
frame=01 04 12 88 0C 66 CC 48 BD 3F A2 D5 30 42 5E 50 62 46 0B C1 37 0D 79
[2026-04-17 09:25:32] [INFO] [发送] 09:25:32.979 设备ID=12021 module=PERIODIC id=ReadFoupStatus uuid=42 sendCount=1/1 timeout=1000ms crc=30 0C len=8
frame=01 04 00 00 00 09 30 0C
[2026-04-17 09:25:33] [INFO] [接收-帧] 09:25:33.079 设备ID=12021 module=PERIODIC id=ReadFoupStatus uuid=42 len=23
frame=01 04 12 08 EA 7A 04 CE FA 19 B8 45 E1 8E 08 57 07 AA 9A 80 77 75 7D
[2026-04-17 09:25:34] [INFO] [发送] 09:25:34.074 设备ID=12021 module=PERIODIC id=ReadFoupStatus uuid=42 sendCount=1/1 timeout=1000ms crc=30 0C len=8
frame=01 04 00 00 00 09 30 0C
[2026-04-17 09:25:34] [INFO] [接收-帧] 09:25:34.168 设备ID=12021 module=PERIODIC id=ReadFoupStatus uuid=42 len=23
frame=01 04 12 29 A8 C4 3C 57 18 E8 E1 60 30 A7 B1 A3 97 19 B3 C7 38 3C 6F
[2026-04-17 09:25:35] [INFO] [发送] 09:25:35.166 设备ID=12021 module=PERIODIC id=ReadFoupStatus uuid=42 sendCount=1/1 timeout=1000ms crc=30 0C len=8
frame=01 04 00 00 00 09 30 0C
[2026-04-17 09:25:35] [INFO] [接收-帧] 09:25:35.266 设备ID=12021 module=PERIODIC id=ReadFoupStatus uuid=42 len=23
frame=01 04 12 48 4C 77 7B C6 8D 12 FF 26 0D 23 F3 48 51 7C 4C CF 0E 9F 14
[2026-04-17 09:25:36] [INFO] [发送] 09:25:36.259 设备ID=12021 module=PERIODIC id=ReadFoupStatus uuid=42 sendCount=1/1 timeout=1000ms crc=30 0C len=8
frame=01 04 00 00 00 09 30 0C
[2026-04-17 09:25:36] [INFO] [接收-帧] 09:25:36.358 设备ID=12021 module=PERIODIC id=ReadFoupStatus uuid=42 len=23
frame=01 04 12 75 A5 31 A4 A2 43 43 C3 21 07 E9 17 75 36 A6 65 7F 57 B6 36
[2026-04-17 09:25:37] [INFO] [发送] 09:25:37.356 设备ID=12021 module=PERIODIC id=ReadFoupStatus uuid=42 sendCount=1/1 timeout=1000ms crc=30 0C len=8
frame=01 04 00 00 00 09 30 0C
[2026-04-17 09:25:37] [INFO] [接收-帧] 09:25:37.454 设备ID=12021 module=PERIODIC id=ReadFoupStatus uuid=42 len=23
frame=01 04 12 90 92 4E 31 D5 41 56 99 D2 07 19 52 A3 91 25 FA 82 06 CF F6
[2026-04-17 09:25:38] [INFO] [发送] 09:25:38.449 设备ID=12021 module=PERIODIC id=ReadFoupStatus uuid=42 sendCount=1/1 timeout=1000ms crc=30 0C len=8
frame=01 04 00 00 00 09 30 0C
[2026-04-17 09:25:38] [INFO] [接收-帧] 09:25:38.549 设备ID=12021 module=PERIODIC id=ReadFoupStatus uuid=42 len=23
frame=01 04 12 BB B4 56 66 2B E8 23 13 26 35 AB 6F DC 82 A5 0C C8 DD A9 A6
[2026-04-17 09:25:39] [INFO] [发送] 09:25:39.547 设备ID=12021 module=PERIODIC id=ReadFoupStatus uuid=42 sendCount=1/1 timeout=1000ms crc=30 0C len=8
frame=01 04 00 00 00 09 30 0C
[2026-04-17 09:25:39] [INFO] [接收-帧] 09:25:39.638 设备ID=12021 module=PERIODIC id=ReadFoupStatus uuid=42 len=23
frame=01 04 12 81 8E C7 52 18 56 F3 BC 53 FC 2F 13 52 78 D9 96 40 43 C1 C6
[2026-04-17 09:25:40] [INFO] [发送] 09:25:40.636 设备ID=12021 module=PERIODIC id=ReadFoupStatus uuid=42 sendCount=1/1 timeout=1000ms crc=30 0C len=8
frame=01 04 00 00 00 09 30 0C
[2026-04-17 09:25:40] [INFO] [接收-帧] 09:25:40.738 设备ID=12021 module=PERIODIC id=ReadFoupStatus uuid=42 len=23
frame=01 04 12 F7 56 53 BE A8 6A B5 FB 7B C4 7F 4F B4 07 BD F8 3D E6 72 F1
[2026-04-17 09:25:41] [INFO] [发送] 09:25:41.729 设备ID=12021 module=PERIODIC id=ReadFoupStatus uuid=42 sendCount=1/1 timeout=1000ms crc=30 0C len=8
frame=01 04 00 00 00 09 30 0C
[2026-04-17 09:25:41] [INFO] [接收-帧] 09:25:41.825 设备ID=12021 module=PERIODIC id=ReadFoupStatus uuid=42 len=23
frame=01 04 12 5A 62 A6 24 C6 EA CC 45 69 16 31 86 D4 ED 2D 52 64 9D 39 86
[2026-04-17 09:25:42] [INFO] [发送] 09:25:42.823 设备ID=12021 module=PERIODIC id=ReadFoupStatus uuid=42 sendCount=1/1 timeout=1000ms crc=30 0C len=8
frame=01 04 00 00 00 09 30 0C
[2026-04-17 09:25:42] [INFO] [接收-帧] 09:25:42.918 设备ID=12021 module=PERIODIC id=ReadFoupStatus uuid=42 len=23
frame=01 04 12 11 E4 4C 50 99 44 1D FA 50 3F 5E 94 60 34 19 08 CE 21 F7 93
[2026-04-17 09:25:43] [INFO] [发送] 09:25:43.915 设备ID=12021 module=PERIODIC id=ReadFoupStatus uuid=42 sendCount=1/1 timeout=1000ms crc=30 0C len=8
frame=01 04 00 00 00 09 30 0C
[2026-04-17 09:25:44] [INFO] [接收-帧] 09:25:44.013 设备ID=12021 module=PERIODIC id=ReadFoupStatus uuid=42 len=23
frame=01 04 12 F5 6F DD F1 8C 0E 80 B4 2B 47 A2 B8 DA 84 FA B2 B6 91 1B E4
[2026-04-17 09:25:45] [INFO] [发送] 09:25:45.008 设备ID=12021 module=PERIODIC id=ReadFoupStatus uuid=42 sendCount=1/1 timeout=1000ms crc=30 0C len=8
frame=01 04 00 00 00 09 30 0C
[2026-04-17 09:25:45] [INFO] [接收-帧] 09:25:45.110 设备ID=12021 module=PERIODIC id=ReadFoupStatus uuid=42 len=23
frame=01 04 12 F5 F5 2B 28 90 7D B9 98 05 53 DE A8 57 98 C5 6E 54 9F A2 8E
[2026-04-17 09:25:46] [INFO] [发送] 09:25:46.105 设备ID=12021 module=PERIODIC id=ReadFoupStatus uuid=42 sendCount=1/1 timeout=1000ms crc=30 0C len=8
frame=01 04 00 00 00 09 30 0C
[2026-04-17 09:25:46] [INFO] [接收-帧] 09:25:46.208 设备ID=12021 module=PERIODIC id=ReadFoupStatus uuid=42 len=23
frame=01 04 12 7E 5D 24 6B BF 5A F9 1A 77 49 36 A9 18 88 A4 B6 0A CD 5F E1
[2026-04-17 09:25:47] [INFO] [发送] 09:25:47.199 设备ID=12021 module=PERIODIC id=ReadFoupStatus uuid=42 sendCount=1/1 timeout=1000ms crc=30 0C len=8
frame=01 04 00 00 00 09 30 0C
[2026-04-17 09:25:47] [INFO] [接收-帧] 09:25:47.299 设备ID=12021 module=PERIODIC id=ReadFoupStatus uuid=42 len=23
frame=01 04 12 C0 77 87 1F 7D 4C 00 43 F5 D0 60 99 4D 9F FD 06 00 BA 14 65
[2026-04-17 09:25:48] [INFO] [发送] 09:25:48.290 设备ID=12021 module=PERIODIC id=ReadFoupStatus uuid=42 sendCount=1/1 timeout=1000ms crc=30 0C len=8
frame=01 04 00 00 00 09 30 0C
[2026-04-17 09:25:48] [INFO] [接收-帧] 09:25:48.387 设备ID=12021 module=PERIODIC id=ReadFoupStatus uuid=42 len=23
frame=01 04 12 B0 61 F8 06 AF 26 16 73 E1 4A 9C 3A AC F8 5C B8 33 8B 9E 37
[2026-04-17 09:25:49] [INFO] [发送] 09:25:49.384 设备ID=12021 module=PERIODIC id=ReadFoupStatus uuid=42 sendCount=1/1 timeout=1000ms crc=30 0C len=8
frame=01 04 00 00 00 09 30 0C
[2026-04-17 09:25:49] [INFO] [接收-帧] 09:25:49.487 设备ID=12021 module=PERIODIC id=ReadFoupStatus uuid=42 len=23
frame=01 04 12 20 E4 D4 BE 70 ED 7D 7F AB 63 9B 2A 14 10 50 F6 38 49 E5 59
[2026-04-17 09:25:50] [INFO] [发送] 09:25:50.478 设备ID=12021 module=PERIODIC id=ReadFoupStatus uuid=42 sendCount=1/1 timeout=1000ms crc=30 0C len=8
frame=01 04 00 00 00 09 30 0C
[2026-04-17 09:25:50] [INFO] [接收-帧] 09:25:50.683 设备ID=12021 module=PERIODIC id=ReadFoupStatus uuid=42 len=23
frame=01 04 12 F5 90 4B F7 81 35 13 0B 88 79 C2 D5 74 C7 7F 21 95 0C FC F6
[2026-04-17 09:25:51] [INFO] [发送] 09:25:51.709 设备ID=12021 module=PERIODIC id=ReadFoupStatus uuid=42 sendCount=1/1 timeout=1000ms crc=30 0C len=8
frame=01 04 00 00 00 09 30 0C
[2026-04-17 09:25:51] [INFO] [接收-帧] 09:25:51.780 设备ID=12021 module=PERIODIC id=ReadFoupStatus uuid=42 len=23
frame=01 04 12 53 9A B4 A5 AB 3A DB 1A FC 56 BF D8 68 54 45 7A DA 37 49 2E
[2026-04-17 09:25:52] [INFO] [发送] 09:25:52.779 设备ID=12021 module=PERIODIC id=ReadFoupStatus uuid=42 sendCount=1/1 timeout=1000ms crc=30 0C len=8
frame=01 04 00 00 00 09 30 0C
[2026-04-17 09:25:52] [INFO] [接收-帧] 09:25:52.878 设备ID=12021 module=PERIODIC id=ReadFoupStatus uuid=42 len=23
frame=01 04 12 F5 80 E5 E4 C7 30 B8 0E 73 B3 DF EB 40 FF 7C 6B 7C AB AD AB
[2026-04-17 09:25:53] [INFO] [发送] 09:25:53.874 设备ID=12021 module=PERIODIC id=ReadFoupStatus uuid=42 sendCount=1/1 timeout=1000ms crc=30 0C len=8
frame=01 04 00 00 00 09 30 0C
[2026-04-17 09:25:53] [INFO] [接收-帧] 09:25:53.968 设备ID=12021 module=PERIODIC id=ReadFoupStatus uuid=42 len=23
frame=01 04 12 B5 81 C0 75 07 91 38 21 DE 02 A7 C1 CD 16 2C 9C 0D 91 DC 96
[2026-04-17 09:25:54] [INFO] [发送] 09:25:54.966 设备ID=12021 module=PERIODIC id=ReadFoupStatus uuid=42 sendCount=1/1 timeout=1000ms crc=30 0C len=8
frame=01 04 00 00 00 09 30 0C
[2026-04-17 09:25:55] [INFO] [接收-帧] 09:25:55.063 设备ID=12021 module=PERIODIC id=ReadFoupStatus uuid=42 len=23
frame=01 04 12 10 9E 40 40 55 21 B1 F8 C1 44 B0 2F 66 0C 7F EC 73 54 E3 31
[2026-04-17 09:25:56] [INFO] [发送] 09:25:56.066 设备ID=12021 module=PERIODIC id=ReadFoupStatus uuid=42 sendCount=1/1 timeout=1000ms crc=30 0C len=8
frame=01 04 00 00 00 09 30 0C
[2026-04-17 09:25:56] [INFO] [接收-帧] 09:25:56.158 设备ID=12021 module=PERIODIC id=ReadFoupStatus uuid=42 len=23
frame=01 04 12 80 65 EC C5 7F E4 96 EE BB BD 05 B5 7B 66 17 F4 48 1B B5 EB
[2026-04-17 09:25:57] [INFO] [发送] 09:25:57.153 设备ID=12021 module=PERIODIC id=ReadFoupStatus uuid=42 sendCount=1/1 timeout=1000ms crc=30 0C len=8
frame=01 04 00 00 00 09 30 0C
[2026-04-17 09:25:57] [INFO] [接收-帧] 09:25:57.252 设备ID=12021 module=PERIODIC id=ReadFoupStatus uuid=42 len=23
frame=01 04 12 5F 4F 5C A6 50 E4 4B 30 53 D9 DC 82 55 1D 9A 1C 4E 56 54 5B
[2026-04-17 09:25:58] [INFO] [发送] 09:25:58.248 设备ID=12021 module=PERIODIC id=ReadFoupStatus uuid=42 sendCount=1/1 timeout=1000ms crc=30 0C len=8
frame=01 04 00 00 00 09 30 0C
[2026-04-17 09:25:58] [INFO] [接收-帧] 09:25:58.345 设备ID=12021 module=PERIODIC id=ReadFoupStatus uuid=42 len=23
frame=01 04 12 EB 5B 66 BD 2D 72 59 2A C4 CE 50 11 A7 7C FF 46 EB 4F 96 0F
[2026-04-17 09:25:59] [INFO] [发送] 09:25:59.340 设备ID=12021 module=PERIODIC id=ReadFoupStatus uuid=42 sendCount=1/1 timeout=1000ms crc=30 0C len=8
frame=01 04 00 00 00 09 30 0C
[2026-04-17 09:25:59] [INFO] [接收-帧] 09:25:59.437 设备ID=12021 module=PERIODIC id=ReadFoupStatus uuid=42 len=23
frame=01 04 12 FB 9D 09 3A 92 3E 44 1F 59 F3 62 27 72 B8 E2 77 1C 65 25 FA
[2026-04-17 09:26:00] [INFO] [发送] 09:26:00.432 设备ID=12021 module=PERIODIC id=ReadFoupStatus uuid=42 sendCount=1/1 timeout=1000ms crc=30 0C len=8
frame=01 04 00 00 00 09 30 0C
[2026-04-17 09:26:00] [INFO] [接收-帧] 09:26:00.533 设备ID=12021 module=PERIODIC id=ReadFoupStatus uuid=42 len=23
frame=01 04 12 3C 97 CF 5E 25 18 99 18 5D ED 72 B9 69 F1 B0 B1 8A D8 F2 01
[2026-04-17 09:26:01] [INFO] [发送] 09:26:01.524 设备ID=12021 module=PERIODIC id=ReadFoupStatus uuid=42 sendCount=1/1 timeout=1000ms crc=30 0C len=8
frame=01 04 00 00 00 09 30 0C
[2026-04-17 09:26:01] [INFO] [接收-帧] 09:26:01.621 设备ID=12021 module=PERIODIC id=ReadFoupStatus uuid=42 len=23
frame=01 04 12 50 4C F1 82 C9 95 42 62 EC CF 60 EC 90 F9 7B 4B 2E 32 A7 23
[2026-04-17 09:26:02] [INFO] [发送] 09:26:02.624 设备ID=12021 module=PERIODIC id=ReadFoupStatus uuid=42 sendCount=1/1 timeout=1000ms crc=30 0C len=8
frame=01 04 00 00 00 09 30 0C
[2026-04-17 09:26:02] [INFO] [接收-帧] 09:26:02.728 设备ID=12021 module=PERIODIC id=ReadFoupStatus uuid=42 len=23
frame=01 04 12 01 FF A8 5E 58 6B F9 EF 73 06 9B 66 A9 C8 26 B4 06 FF 5A CC
[2026-04-17 09:26:03] [INFO] [发送] 09:26:03.730 设备ID=12021 module=PERIODIC id=ReadFoupStatus uuid=42 sendCount=1/1 timeout=1000ms crc=30 0C len=8
frame=01 04 00 00 00 09 30 0C
[2026-04-17 09:26:03] [INFO] [接收-帧] 09:26:03.815 设备ID=12021 module=PERIODIC id=ReadFoupStatus uuid=42 len=23
frame=01 04 12 DC 54 77 63 76 6F 6F FC 29 C5 91 D5 E4 3D CE 2B 38 9A 99 79
[2026-04-17 09:26:04] [INFO] [发送] 09:26:04.816 设备ID=12021 module=PERIODIC id=ReadFoupStatus uuid=42 sendCount=1/1 timeout=1000ms crc=30 0C len=8
frame=01 04 00 00 00 09 30 0C
[2026-04-17 09:26:04] [INFO] [接收-帧] 09:26:04.908 设备ID=12021 module=PERIODIC id=ReadFoupStatus uuid=42 len=23
frame=01 04 12 99 D6 94 A2 57 D9 7C D2 41 F6 78 1A EE C4 F1 19 38 78 1A 63
[2026-04-17 09:26:05] [INFO] [发送] 09:26:05.904 设备ID=12021 module=PERIODIC id=ReadFoupStatus uuid=42 sendCount=1/1 timeout=1000ms crc=30 0C len=8
frame=01 04 00 00 00 09 30 0C
[2026-04-17 09:26:06] [INFO] [接收-帧] 09:26:06.003 设备ID=12021 module=PERIODIC id=ReadFoupStatus uuid=42 len=23
frame=01 04 12 48 30 8F D7 C9 28 33 3A B1 06 E2 EB 3D 9E BA 83 FB 53 97 DA
[2026-04-17 09:26:07] [INFO] [发送] 09:26:07.019 设备ID=12021 module=PERIODIC id=ReadFoupStatus uuid=42 sendCount=1/1 timeout=1000ms crc=30 0C len=8
frame=01 04 00 00 00 09 30 0C
[2026-04-17 09:26:07] [INFO] [接收-帧] 09:26:07.090 设备ID=12021 module=PERIODIC id=ReadFoupStatus uuid=42 len=23
frame=01 04 12 80 2F A3 60 4D B2 43 F5 EA FB 9D 9D B6 3C DC CF A1 88 16 FB
[2026-04-17 09:26:08] [INFO] [发送] 09:26:08.092 设备ID=12021 module=PERIODIC id=ReadFoupStatus uuid=42 sendCount=1/1 timeout=1000ms crc=30 0C len=8
frame=01 04 00 00 00 09 30 0C
[2026-04-17 09:26:08] [INFO] [接收-帧] 09:26:08.199 设备ID=12021 module=PERIODIC id=ReadFoupStatus uuid=42 len=23
frame=01 04 12 FC F5 40 17 74 AD 9B 13 CD 2B 54 19 C7 0B 07 B5 B9 B6 B9 74
[2026-04-17 09:26:09] [INFO] [发送] 09:26:09.251 设备ID=12021 module=PERIODIC id=ReadFoupStatus uuid=42 sendCount=1/1 timeout=1000ms crc=30 0C len=8
frame=01 04 00 00 00 09 30 0C
[2026-04-17 09:26:09] [INFO] [接收-帧] 09:26:09.279 设备ID=12021 module=PERIODIC id=ReadFoupStatus uuid=42 len=23
frame=01 04 12 00 FE D5 D0 83 6D 6E 6C 0D 53 D7 87 EF 2A 42 4C 22 3A 11 A0
[2026-04-17 09:26:10] [INFO] [发送] 09:26:10.343 设备ID=12021 module=PERIODIC id=ReadFoupStatus uuid=42 sendCount=1/1 timeout=1000ms crc=30 0C len=8
frame=01 04 00 00 00 09 30 0C
[2026-04-17 09:26:10] [INFO] [接收-帧] 09:26:10.374 设备ID=12021 module=PERIODIC id=ReadFoupStatus uuid=42 len=23
frame=01 04 12 35 A9 02 99 CF 6F A6 4A C3 D4 8D 4F EA 1C CB 36 0C B4 BA 62
[2026-04-17 09:26:11] [INFO] [发送] 09:26:11.371 设备ID=12021 module=PERIODIC id=ReadFoupStatus uuid=42 sendCount=1/1 timeout=1000ms crc=30 0C len=8
frame=01 04 00 00 00 09 30 0C
[2026-04-17 09:26:11] [INFO] [接收-帧] 09:26:11.472 设备ID=12021 module=PERIODIC id=ReadFoupStatus uuid=42 len=23
frame=01 04 12 19 14 64 C1 16 2F 36 42 B9 0C 47 CA 67 D1 77 19 53 FA B1 7E
[2026-04-17 09:26:12] [INFO] [发送] 09:26:12.466 设备ID=12021 module=PERIODIC id=ReadFoupStatus uuid=42 sendCount=1/1 timeout=1000ms crc=30 0C len=8
frame=01 04 00 00 00 09 30 0C
[2026-04-17 09:26:12] [INFO] [接收-帧] 09:26:12.566 设备ID=12021 module=PERIODIC id=ReadFoupStatus uuid=42 len=23
frame=01 04 12 3A AD 7A D7 F0 29 70 3E 6C 42 70 F4 CE 77 5C C4 EF 4B 49 C4
[2026-04-17 09:26:13] [INFO] [发送] 09:26:13.557 设备ID=12021 module=PERIODIC id=ReadFoupStatus uuid=42 sendCount=1/1 timeout=1000ms crc=30 0C len=8
frame=01 04 00 00 00 09 30 0C
[2026-04-17 09:26:13] [INFO] [接收-帧] 09:26:13.654 设备ID=12021 module=PERIODIC id=ReadFoupStatus uuid=42 len=23
frame=01 04 12 F3 86 78 BB 5C C7 DB 8E 00 F0 0D D2 06 71 39 54 7C 18 15 74
[2026-04-17 09:26:14] [INFO] [发送] 09:26:14.659 设备ID=12021 module=PERIODIC id=ReadFoupStatus uuid=42 sendCount=1/1 timeout=1000ms crc=30 0C len=8
frame=01 04 00 00 00 09 30 0C
[2026-04-17 09:26:14] [INFO] [接收-帧] 09:26:14.753 设备ID=12021 module=PERIODIC id=ReadFoupStatus uuid=42 len=23
frame=01 04 12 35 A1 E1 CB D9 DA CA D0 F1 6C 76 AF E2 D6 EC 0A 09 70 02 64
[2026-04-17 09:26:15] [INFO] [发送] 09:26:15.745 设备ID=12021 module=PERIODIC id=ReadFoupStatus uuid=42 sendCount=1/1 timeout=1000ms crc=30 0C len=8
frame=01 04 00 00 00 09 30 0C
[2026-04-17 09:26:15] [INFO] [接收-帧] 09:26:15.842 设备ID=12021 module=PERIODIC id=ReadFoupStatus uuid=42 len=23
frame=01 04 12 3D 5D B7 AD A1 83 20 14 2A B1 F2 73 E6 80 15 C6 76 D5 73 91
[2026-04-17 09:26:16] [INFO] [发送] 09:26:16.841 设备ID=12021 module=PERIODIC id=ReadFoupStatus uuid=42 sendCount=1/1 timeout=1000ms crc=30 0C len=8
frame=01 04 00 00 00 09 30 0C
[2026-04-17 09:26:16] [INFO] [接收-帧] 09:26:16.935 设备ID=12021 module=PERIODIC id=ReadFoupStatus uuid=42 len=23
frame=01 04 12 7C 75 ED B6 74 50 3C AF 98 62 23 CD BE 22 DF 61 18 D1 EE 45
[2026-04-17 09:26:18] [INFO] [发送] 09:26:18.170 设备ID=12021 module=PERIODIC id=ReadFoupStatus uuid=42 sendCount=1/1 timeout=1000ms crc=30 0C len=8
frame=01 04 00 00 00 09 30 0C
[2026-04-17 09:26:18] [INFO] [接收-帧] 09:26:18.250 设备ID=12021 module=PERIODIC id=ReadFoupStatus uuid=42 len=23
frame=01 04 12 6D 49 0B C1 A6 B7 4D 24 E7 9E 71 F3 7E 1F D2 8D B2 98 38 21
[2026-04-17 09:26:19] [INFO] [发送] 09:26:19.251 设备ID=12021 module=PERIODIC id=ReadFoupStatus uuid=42 sendCount=1/1 timeout=1000ms crc=30 0C len=8
frame=01 04 00 00 00 09 30 0C
[2026-04-17 09:26:19] [INFO] [接收-帧] 09:26:19.344 设备ID=12021 module=PERIODIC id=ReadFoupStatus uuid=42 len=23
frame=01 04 12 2E A9 E9 91 2D B4 41 F3 0E E6 84 6F 7B 19 69 E2 07 74 8E C5
[2026-04-17 09:26:20] [INFO] [发送] 09:26:20.354 设备ID=12021 module=PERIODIC id=ReadFoupStatus uuid=42 sendCount=1/1 timeout=1000ms crc=30 0C len=8
frame=01 04 00 00 00 09 30 0C
[2026-04-17 09:26:20] [INFO] [接收-帧] 09:26:20.449 设备ID=12021 module=PERIODIC id=ReadFoupStatus uuid=42 len=23
frame=01 04 12 4F 88 D9 9B 98 BF FF 8D B4 66 DC E8 49 A4 7E C9 38 5F 75 69
[2026-04-17 09:26:21] [INFO] [发送] 09:26:21.459 设备ID=12021 module=PERIODIC id=ReadFoupStatus uuid=42 sendCount=1/1 timeout=1000ms crc=30 0C len=8
frame=01 04 00 00 00 09 30 0C
[2026-04-17 09:26:21] [INFO] [接收-帧] 09:26:21.535 设备ID=12021 module=PERIODIC id=ReadFoupStatus uuid=42 len=23
frame=01 04 12 8C B6 0F 5D 13 00 BC 93 A7 05 4B 57 6E 4D 2B 2F 9F 6D 0E 40
[2026-04-17 09:26:22] [INFO] [发送] 09:26:22.935 设备ID=12021 module=PERIODIC id=ReadFoupStatus uuid=42 sendCount=1/1 timeout=1000ms crc=30 0C len=8
frame=01 04 00 00 00 09 30 0C
[2026-04-17 09:26:22] [INFO] [接收-帧] 09:26:22.956 设备ID=12021 module=PERIODIC id=ReadFoupStatus uuid=42 len=23
frame=01 04 12 BD 9B FD 7F 89 89 34 41 F0 84 6A 81 12 BD 82 41 6B C6 24 9D
[2026-04-17 09:26:23] [INFO] [发送] 09:26:23.949 设备ID=12021 module=PERIODIC id=ReadFoupStatus uuid=42 sendCount=1/1 timeout=1000ms crc=30 0C len=8
frame=01 04 00 00 00 09 30 0C
[2026-04-17 09:26:24] [INFO] [接收-帧] 09:26:24.046 设备ID=12021 module=PERIODIC id=ReadFoupStatus uuid=42 len=23
frame=01 04 12 BA A9 DE 7E F8 EC 2A 7E 33 D7 03 AB 0C DB 3C CC 62 06 4A B3
[2026-04-17 09:26:25] [INFO] [发送] 09:26:25.601 设备ID=12021 module=PERIODIC id=ReadFoupStatus uuid=42 sendCount=1/1 timeout=1000ms crc=30 0C len=8
frame=01 04 00 00 00 09 30 0C
[2026-04-17 09:26:25] [INFO] [接收-帧] 09:26:25.764 设备ID=12021 module=PERIODIC id=ReadFoupStatus uuid=42 len=23
frame=01 04 12 77 A9 6F CF 74 F8 D4 33 58 F2 08 CE 27 CD A3 9D 62 FB 09 70
[2026-04-17 09:26:27] [INFO] [发送] 09:26:27.148 设备ID=12021 module=PERIODIC id=ReadFoupStatus uuid=42 sendCount=1/1 timeout=1000ms crc=30 0C len=8
frame=01 04 00 00 00 09 30 0C
[2026-04-17 09:26:27] [INFO] [接收-帧] 09:26:27.219 设备ID=12021 module=PERIODIC id=ReadFoupStatus uuid=42 len=23
frame=01 04 12 C1 E8 51 BC 6E 43 E1 2C 69 A9 B3 0A A6 84 6D 62 EA 65 A0 5A
[2026-04-17 09:26:28] [INFO] [发送] 09:26:28.230 设备ID=12021 module=PERIODIC id=ReadFoupStatus uuid=42 sendCount=1/1 timeout=1000ms crc=30 0C len=8
frame=01 04 00 00 00 09 30 0C
[2026-04-17 09:26:28] [INFO] [接收-帧] 09:26:28.357 设备ID=12021 module=PERIODIC id=ReadFoupStatus uuid=42 len=23
frame=01 04 12 D7 98 53 A7 CC CB 01 A9 7A 3D 72 45 58 DE 87 31 06 C9 1B DF
[2026-04-17 09:26:29] [INFO] [发送] 09:26:29.400 设备ID=12021 module=PERIODIC id=ReadFoupStatus uuid=42 sendCount=1/1 timeout=1000ms crc=30 0C len=8
frame=01 04 00 00 00 09 30 0C
[2026-04-17 09:26:29] [INFO] [接收-帧] 09:26:29.412 设备ID=12021 module=PERIODIC id=ReadFoupStatus uuid=42 len=23
frame=01 04 12 66 C5 F8 9D F2 2D A5 07 90 73 84 9E 1F 53 C9 45 6B 97 29 23
[2026-04-17 09:26:30] [INFO] [发送] 09:26:30.426 设备ID=12021 module=PERIODIC id=ReadFoupStatus uuid=42 sendCount=1/1 timeout=1000ms crc=30 0C len=8
frame=01 04 00 00 00 09 30 0C
[2026-04-17 09:26:30] [INFO] [接收-帧] 09:26:30.511 设备ID=12021 module=PERIODIC id=ReadFoupStatus uuid=42 len=23
frame=01 04 12 44 09 9F 4F 86 63 63 4D C9 33 8E 2D B7 0D 8E A9 21 49 FF 06
[2026-04-17 09:26:31] [INFO] [发送] 09:26:31.743 设备ID=12021 module=PERIODIC id=ReadFoupStatus uuid=42 sendCount=1/1 timeout=1000ms crc=30 0C len=8
frame=01 04 00 00 00 09 30 0C
[2026-04-17 09:26:31] [INFO] [接收-帧] 09:26:31.817 设备ID=12021 module=PERIODIC id=ReadFoupStatus uuid=42 len=23
frame=01 04 12 E5 B8 40 2F 62 10 B5 2A 71 02 13 44 22 9E 28 99 7F 40 0D 5D
[2026-04-17 09:26:32] [INFO] [发送] 09:26:32.812 设备ID=12021 module=PERIODIC id=ReadFoupStatus uuid=42 sendCount=1/1 timeout=1000ms crc=30 0C len=8
frame=01 04 00 00 00 09 30 0C
[2026-04-17 09:26:32] [INFO] [接收-帧] 09:26:32.913 设备ID=12021 module=PERIODIC id=ReadFoupStatus uuid=42 len=23
frame=01 04 12 C2 56 DD 43 ED 1E 62 75 1A C9 50 4C 71 84 89 AE 07 85 79 49
[2026-04-17 09:26:33] [INFO] [发送] 09:26:33.910 设备ID=12021 module=PERIODIC id=ReadFoupStatus uuid=42 sendCount=1/1 timeout=1000ms crc=30 0C len=8
frame=01 04 00 00 00 09 30 0C
[2026-04-17 09:26:34] [INFO] [接收-帧] 09:26:34.006 设备ID=12021 module=PERIODIC id=ReadFoupStatus uuid=42 len=23
frame=01 04 12 49 2D 36 1B 1B B7 3A 21 E0 BA C2 54 39 9D BE C3 90 FF 5E 0E
[2026-04-17 09:26:35] [INFO] [发送] 09:26:35.074 设备ID=12021 module=PERIODIC id=ReadFoupStatus uuid=42 sendCount=1/1 timeout=1000ms crc=30 0C len=8
frame=01 04 00 00 00 09 30 0C
[2026-04-17 09:26:35] [INFO] [接收-帧] 09:26:35.101 设备ID=12021 module=PERIODIC id=ReadFoupStatus uuid=42 len=23
frame=01 04 12 89 C7 69 B8 D5 F7 3C EB D8 A9 BE CD 16 EF 41 7F 49 BC F1 92
[2026-04-17 09:26:36] [INFO] [发送] 09:26:36.093 设备ID=12021 module=PERIODIC id=ReadFoupStatus uuid=42 sendCount=1/1 timeout=1000ms crc=30 0C len=8
frame=01 04 00 00 00 09 30 0C
[2026-04-17 09:26:36] [INFO] [接收-帧] 09:26:36.196 设备ID=12021 module=PERIODIC id=ReadFoupStatus uuid=42 len=23
frame=01 04 12 F0 FF 53 41 F2 04 02 6F 85 6E 32 0C 02 D3 B9 05 56 09 C1 C3
[2026-04-17 09:26:37] [INFO] [发送] 09:26:37.210 设备ID=12021 module=PERIODIC id=ReadFoupStatus uuid=42 sendCount=1/1 timeout=1000ms crc=30 0C len=8
frame=01 04 00 00 00 09 30 0C
[2026-04-17 09:26:37] [INFO] [接收-帧] 09:26:37.299 设备ID=12021 module=PERIODIC id=ReadFoupStatus uuid=42 len=23
frame=01 04 12 19 1C 89 5F 99 AB CA 93 09 BE DD 7B 32 9D 69 09 88 FB A7 53
[2026-04-17 09:26:38] [INFO] [发送] 09:26:38.306 设备ID=12021 module=PERIODIC id=ReadFoupStatus uuid=42 sendCount=1/1 timeout=1000ms crc=30 0C len=8
frame=01 04 00 00 00 09 30 0C
[2026-04-17 09:26:38] [INFO] [接收-帧] 09:26:38.378 设备ID=12021 module=PERIODIC id=ReadFoupStatus uuid=42 len=23
frame=01 04 12 52 84 8D 27 09 84 69 F4 B1 1D 65 08 C0 0E 1A F7 29 C5 F9 C4
[2026-04-17 09:26:39] [INFO] [发送] 09:26:39.375 设备ID=12021 module=PERIODIC id=ReadFoupStatus uuid=42 sendCount=1/1 timeout=1000ms crc=30 0C len=8
frame=01 04 00 00 00 09 30 0C
[2026-04-17 09:26:39] [INFO] [接收-帧] 09:26:39.469 设备ID=12021 module=PERIODIC id=ReadFoupStatus uuid=42 len=23
frame=01 04 12 37 2F 51 B7 96 CE 5F 91 15 60 7E EA 47 3B 61 04 70 AA 16 4E
[2026-04-17 09:26:40] [INFO] [发送] 09:26:40.471 设备ID=12021 module=PERIODIC id=ReadFoupStatus uuid=42 sendCount=1/1 timeout=1000ms crc=30 0C len=8
frame=01 04 00 00 00 09 30 0C
[2026-04-17 09:26:40] [INFO] [接收-帧] 09:26:40.568 设备ID=12021 module=PERIODIC id=ReadFoupStatus uuid=42 len=23
frame=01 04 12 B1 EF 40 DC 30 CA 84 CB 7B 75 55 E8 9D DB EC 46 C7 BA 58 E6
[2026-04-17 09:26:41] [INFO] [发送] 09:26:41.606 设备ID=12021 module=PERIODIC id=ReadFoupStatus uuid=42 sendCount=1/1 timeout=1000ms crc=30 0C len=8
frame=01 04 00 00 00 09 30 0C
[2026-04-17 09:26:41] [INFO] [接收-帧] 09:26:41.707 设备ID=12021 module=PERIODIC id=ReadFoupStatus uuid=42 len=23
frame=01 04 12 10 C0 9A BF 1E 7C 37 DE 4B 49 55 60 7A D7 B5 14 BE 76 FB 54
[2026-04-17 09:26:42] [INFO] [发送] 09:26:42.708 设备ID=12021 module=PERIODIC id=ReadFoupStatus uuid=42 sendCount=1/1 timeout=1000ms crc=30 0C len=8
frame=01 04 00 00 00 09 30 0C
[2026-04-17 09:26:42] [INFO] [接收-帧] 09:26:42.855 设备ID=12021 module=PERIODIC id=ReadFoupStatus uuid=42 len=23
frame=01 04 12 12 32 9D 51 34 58 BD F2 18 4A 59 96 85 A2 11 85 68 54 03 BD
[2026-04-17 09:26:43] [INFO] [发送] 09:26:43.856 设备ID=12021 module=PERIODIC id=ReadFoupStatus uuid=42 sendCount=1/1 timeout=1000ms crc=30 0C len=8
frame=01 04 00 00 00 09 30 0C
[2026-04-17 09:26:43] [INFO] [接收-帧] 09:26:43.954 设备ID=12021 module=PERIODIC id=ReadFoupStatus uuid=42 len=23
frame=01 04 12 C0 B6 67 E3 8C 56 F0 29 EF 5A D7 B4 3B 68 1E 78 C7 A2 98 15
[2026-04-17 09:26:44] [INFO] [发送] 09:26:44.948 设备ID=12021 module=PERIODIC id=ReadFoupStatus uuid=42 sendCount=1/1 timeout=1000ms crc=30 0C len=8
frame=01 04 00 00 00 09 30 0C
[2026-04-17 09:26:45] [INFO] [接收-帧] 09:26:45.049 设备ID=12021 module=PERIODIC id=ReadFoupStatus uuid=42 len=23
frame=01 04 12 86 6C 25 DD 95 85 0E 83 8F 29 71 1A 53 86 6E FC F0 E6 A8 14
[2026-04-17 09:26:46] [INFO] [发送] 09:26:46.063 设备ID=12021 module=PERIODIC id=ReadFoupStatus uuid=42 sendCount=1/1 timeout=1000ms crc=30 0C len=8
frame=01 04 00 00 00 09 30 0C
[2026-04-17 09:26:46] [INFO] [接收-帧] 09:26:46.151 设备ID=12021 module=PERIODIC id=ReadFoupStatus uuid=42 len=23
frame=01 04 12 43 C4 F6 94 F9 23 24 47 A0 3B 9C 47 A8 9A 1E EB 1A C5 BC 1B
[2026-04-17 09:26:47] [INFO] [发送] 09:26:47.149 设备ID=12021 module=PERIODIC id=ReadFoupStatus uuid=42 sendCount=1/1 timeout=1000ms crc=30 0C len=8
frame=01 04 00 00 00 09 30 0C
[2026-04-17 09:26:47] [INFO] [接收-帧] 09:26:47.241 设备ID=12021 module=PERIODIC id=ReadFoupStatus uuid=42 len=23
frame=01 04 12 CA BB 2A 37 47 60 EC A3 E2 0E 16 AC 4E 8A F2 52 2A 25 34 13
[2026-04-17 09:26:48] [INFO] [发送] 09:26:48.232 设备ID=12021 module=PERIODIC id=ReadFoupStatus uuid=42 sendCount=1/1 timeout=1000ms crc=30 0C len=8
frame=01 04 00 00 00 09 30 0C
[2026-04-17 09:26:48] [INFO] [接收-帧] 09:26:48.332 设备ID=12021 module=PERIODIC id=ReadFoupStatus uuid=42 len=23
frame=01 04 12 54 1E 3A 34 40 AE 17 23 42 CD BA 75 39 4A 90 CB 05 11 98 4A
[2026-04-17 09:26:49] [INFO] [发送] 09:26:49.328 设备ID=12021 module=PERIODIC id=ReadFoupStatus uuid=42 sendCount=1/1 timeout=1000ms crc=30 0C len=8
frame=01 04 00 00 00 09 30 0C
[2026-04-17 09:26:49] [INFO] [接收-帧] 09:26:49.422 设备ID=12021 module=PERIODIC id=ReadFoupStatus uuid=42 len=23
frame=01 04 12 17 83 48 C7 5A A0 08 A9 55 96 90 A0 A6 53 83 5C 7C F3 ED 0B
[2026-04-17 09:26:50] [INFO] [发送] 09:26:50.421 设备ID=12021 module=PERIODIC id=ReadFoupStatus uuid=42 sendCount=1/1 timeout=1000ms crc=30 0C len=8
frame=01 04 00 00 00 09 30 0C
[2026-04-17 09:26:50] [INFO] [接收-帧] 09:26:50.584 设备ID=12021 module=PERIODIC id=ReadFoupStatus uuid=42 len=23
frame=01 04 12 F2 1C 81 E6 C1 C9 7B 82 E8 45 CC 12 A2 C6 65 EC B3 46 0E 96
[2026-04-17 09:26:51] [INFO] [发送] 09:26:51.571 设备ID=12021 module=PERIODIC id=ReadFoupStatus uuid=42 sendCount=1/1 timeout=1000ms crc=30 0C len=8
frame=01 04 00 00 00 09 30 0C
[2026-04-17 09:26:51] [INFO] [接收-帧] 09:26:51.611 设备ID=12021 module=PERIODIC id=ReadFoupStatus uuid=42 len=23
frame=01 04 12 69 63 E0 15 F5 F9 1D D9 CC 07 88 E2 4E 80 C3 E9 F5 C9 80 1F
[2026-04-17 09:26:52] [INFO] [发送] 09:26:52.607 设备ID=12021 module=PERIODIC id=ReadFoupStatus uuid=42 sendCount=1/1 timeout=1000ms crc=30 0C len=8
frame=01 04 00 00 00 09 30 0C
[2026-04-17 09:26:52] [INFO] [接收-帧] 09:26:52.703 设备ID=12021 module=PERIODIC id=ReadFoupStatus uuid=42 len=23
frame=01 04 12 88 EC E6 88 0E 73 F3 81 DD 99 8C 3B 0C 79 1F 11 F0 E7 62 6E
[2026-04-17 09:26:53] [INFO] [发送] 09:26:53.699 设备ID=12021 module=PERIODIC id=ReadFoupStatus uuid=42 sendCount=1/1 timeout=1000ms crc=30 0C len=8
frame=01 04 00 00 00 09 30 0C
[2026-04-17 09:26:53] [INFO] [接收-帧] 09:26:53.804 设备ID=12021 module=PERIODIC id=ReadFoupStatus uuid=42 len=23
frame=01 04 12 6F 77 D7 42 EC B9 7D 19 D6 DF F3 19 29 A8 C1 DB 31 2F 38 D4
[2026-04-17 09:26:54] [INFO] [发送] 09:26:54.828 设备ID=12021 module=PERIODIC id=ReadFoupStatus uuid=42 sendCount=1/1 timeout=1000ms crc=30 0C len=8
frame=01 04 00 00 00 09 30 0C
[2026-04-17 09:26:54] [INFO] [接收-帧] 09:26:54.889 设备ID=12021 module=PERIODIC id=ReadFoupStatus uuid=42 len=23
frame=01 04 12 31 05 A4 79 08 17 05 FC D9 DB 68 9A 12 C7 58 0A 35 8B 10 4C
[2026-04-17 09:26:55] [INFO] [发送] 09:26:55.891 设备ID=12021 module=PERIODIC id=ReadFoupStatus uuid=42 sendCount=1/1 timeout=1000ms crc=30 0C len=8
frame=01 04 00 00 00 09 30 0C
[2026-04-17 09:26:55] [INFO] [接收-帧] 09:26:55.987 设备ID=12021 module=PERIODIC id=ReadFoupStatus uuid=42 len=23
frame=01 04 12 9D 14 E2 98 A7 DA 8A 05 AF AF 38 5F 8A 85 0B CE EA 18 B1 91
[2026-04-17 09:26:56] [INFO] [发送] 09:26:56.987 设备ID=12021 module=PERIODIC id=ReadFoupStatus uuid=42 sendCount=1/1 timeout=1000ms crc=30 0C len=8
frame=01 04 00 00 00 09 30 0C
[2026-04-17 09:26:57] [INFO] [接收-帧] 09:26:57.078 设备ID=12021 module=PERIODIC id=ReadFoupStatus uuid=42 len=23
frame=01 04 12 80 F4 46 27 20 E1 F2 42 01 A7 ED 93 8B EA F3 D1 E5 1B 89 78
[2026-04-17 09:26:58] [INFO] [发送] 09:26:58.074 设备ID=12021 module=PERIODIC id=ReadFoupStatus uuid=42 sendCount=1/1 timeout=1000ms crc=30 0C len=8
frame=01 04 00 00 00 09 30 0C
[2026-04-17 09:26:58] [INFO] [接收-帧] 09:26:58.176 设备ID=12021 module=PERIODIC id=ReadFoupStatus uuid=42 len=23
frame=01 04 12 87 15 D5 D6 E7 52 33 A1 DF 40 96 9D 28 C5 6B 66 92 72 70 70
[2026-04-17 09:26:59] [INFO] [发送] 09:26:59.174 设备ID=12021 module=PERIODIC id=ReadFoupStatus uuid=42 sendCount=1/1 timeout=1000ms crc=30 0C len=8
frame=01 04 00 00 00 09 30 0C
[2026-04-17 09:26:59] [INFO] [接收-帧] 09:26:59.269 设备ID=12021 module=PERIODIC id=ReadFoupStatus uuid=42 len=23
frame=01 04 12 3B F6 5F 0A 69 76 71 56 DF 1A A3 A9 11 F2 75 D5 0E E5 12 FE
[2026-04-17 09:27:00] [INFO] [发送] 09:27:00.259 设备ID=12021 module=PERIODIC id=ReadFoupStatus uuid=42 sendCount=1/1 timeout=1000ms crc=30 0C len=8
frame=01 04 00 00 00 09 30 0C
[2026-04-17 09:27:00] [INFO] [接收-帧] 09:27:00.359 设备ID=12021 module=PERIODIC id=ReadFoupStatus uuid=42 len=23
frame=01 04 12 2D B5 42 36 59 83 F2 61 42 5E 95 D4 1C 1F 12 64 1E CD 08 2E
[2026-04-17 09:27:01] [INFO] [发送] 09:27:01.362 设备ID=12021 module=PERIODIC id=ReadFoupStatus uuid=42 sendCount=1/1 timeout=1000ms crc=30 0C len=8
frame=01 04 00 00 00 09 30 0C
[2026-04-17 09:27:01] [INFO] [接收-帧] 09:27:01.456 设备ID=12021 module=PERIODIC id=ReadFoupStatus uuid=42 len=23
frame=01 04 12 C6 CF D0 AD 15 9C 72 13 4A 49 69 FA C9 CF 80 23 28 9B CE D8
[2026-04-17 09:27:37] [INFO] [发送] 09:27:37.245 设备ID=12021 module=INITIAL id=ReadVersion uuid=41 sendCount=1/4 timeout=1000ms crc=B1 CD len=8
frame=01 04 00 18 00 01 B1 CD
[2026-04-17 09:27:37] [INFO] [接收-帧] 09:27:37.745 设备ID=12021 module=INITIAL id=ReadVersion uuid=41 len=7
frame=01 04 02 00 00 B9 30
[2026-04-17 09:27:37] [INFO] [发送] 09:27:37.745 设备ID=12021 module=PERIODIC id=ReadFoupStatus uuid=42 sendCount=1/1 timeout=1000ms crc=30 0C len=8
frame=01 04 00 00 00 09 30 0C
[2026-04-17 09:27:37] [INFO] [接收-帧] 09:27:37.784 设备ID=12021 module=PERIODIC id=ReadFoupStatus uuid=42 len=23
frame=01 04 12 CA 7F CB C6 15 8C E4 32 E1 4A FA 07 86 F5 4C 03 9D 24 9A 3C
[2026-04-17 09:27:38] [INFO] [发送] 09:27:38.775 设备ID=12021 module=PERIODIC id=ReadFoupStatus uuid=42 sendCount=1/1 timeout=1000ms crc=30 0C len=8
frame=01 04 00 00 00 09 30 0C
[2026-04-17 09:27:38] [INFO] [接收-帧] 09:27:38.878 设备ID=12021 module=PERIODIC id=ReadFoupStatus uuid=42 len=23
frame=01 04 12 FD D7 E5 50 92 25 10 0A 26 48 2A 49 3E 0E D1 0A 07 0D 89 97
[2026-04-17 09:27:39] [INFO] [发送] 09:27:39.870 设备ID=12021 module=PERIODIC id=ReadFoupStatus uuid=42 sendCount=1/1 timeout=1000ms crc=30 0C len=8
frame=01 04 00 00 00 09 30 0C
[2026-04-17 09:27:39] [INFO] [接收-帧] 09:27:39.973 设备ID=12021 module=PERIODIC id=ReadFoupStatus uuid=42 len=23
frame=01 04 12 B9 CA FE 45 6A 13 21 C3 7C 98 AE A6 1F 91 02 BB 39 BE 07 E0
[2026-04-17 09:27:40] [INFO] [发送] 09:27:40.963 设备ID=12021 module=PERIODIC id=ReadFoupStatus uuid=42 sendCount=1/1 timeout=1000ms crc=30 0C len=8
frame=01 04 00 00 00 09 30 0C
[2026-04-17 09:27:41] [INFO] [接收-帧] 09:27:41.068 设备ID=12021 module=PERIODIC id=ReadFoupStatus uuid=42 len=23
frame=01 04 12 72 EF 28 55 D9 E4 94 FF BE C5 37 94 08 13 5D C1 22 E9 23 AE
[2026-04-17 09:27:42] [INFO] [发送] 09:27:42.066 设备ID=12021 module=PERIODIC id=ReadFoupStatus uuid=42 sendCount=1/1 timeout=1000ms crc=30 0C len=8
frame=01 04 00 00 00 09 30 0C
[2026-04-17 09:27:42] [INFO] [接收-帧] 09:27:42.161 设备ID=12021 module=PERIODIC id=ReadFoupStatus uuid=42 len=23
frame=01 04 12 8B EC 2E DD F3 AC 55 7E 5F B0 31 52 11 EC F7 BC F3 30 B2 D9
[2026-04-17 09:27:43] [INFO] [发送] 09:27:43.150 设备ID=12021 module=PERIODIC id=ReadFoupStatus uuid=42 sendCount=1/1 timeout=1000ms crc=30 0C len=8
frame=01 04 00 00 00 09 30 0C
[2026-04-17 09:27:43] [INFO] [接收-帧] 09:27:43.254 设备ID=12021 module=PERIODIC id=ReadFoupStatus uuid=42 len=23
frame=01 04 12 0E A1 95 A2 D6 83 66 09 71 ED 9D 8A 3F 60 8F E6 2F 56 F9 87
[2026-04-17 09:27:44] [INFO] [发送] 09:27:44.253 设备ID=12021 module=PERIODIC id=ReadFoupStatus uuid=42 sendCount=1/1 timeout=1000ms crc=30 0C len=8
frame=01 04 00 00 00 09 30 0C
[2026-04-17 09:27:44] [INFO] [接收-帧] 09:27:44.344 设备ID=12021 module=PERIODIC id=ReadFoupStatus uuid=42 len=23
frame=01 04 12 63 D5 A2 E1 61 68 CF D2 B5 AB EC 18 55 08 09 62 8A FF 17 7B
[2026-04-17 09:27:45] [INFO] [发送] 09:27:45.338 设备ID=12021 module=PERIODIC id=ReadFoupStatus uuid=42 sendCount=1/1 timeout=1000ms crc=30 0C len=8
frame=01 04 00 00 00 09 30 0C
[2026-04-17 09:27:45] [INFO] [接收-帧] 09:27:45.442 设备ID=12021 module=PERIODIC id=ReadFoupStatus uuid=42 len=23
frame=01 04 12 1E D4 A4 6D A9 B5 CA 9E 44 90 4D 0A 27 43 7E 93 19 07 41 7A
[2026-04-17 09:27:46] [INFO] [发送] 09:27:46.434 设备ID=12021 module=PERIODIC id=ReadFoupStatus uuid=42 sendCount=1/1 timeout=1000ms crc=30 0C len=8
frame=01 04 00 00 00 09 30 0C
[2026-04-17 09:27:46] [INFO] [接收-帧] 09:27:46.538 设备ID=12021 module=PERIODIC id=ReadFoupStatus uuid=42 len=23
frame=01 04 12 44 B1 CA DD 0E 82 40 32 28 0C 80 D2 0E AB 77 F9 58 C5 C5 CE
[2026-04-17 09:27:47] [INFO] [发送] 09:27:47.559 设备ID=12021 module=PERIODIC id=ReadFoupStatus uuid=42 sendCount=1/1 timeout=1000ms crc=30 0C len=8
frame=01 04 00 00 00 09 30 0C
[2026-04-17 09:27:47] [INFO] [接收-帧] 09:27:47.629 设备ID=12021 module=PERIODIC id=ReadFoupStatus uuid=42 len=23
frame=01 04 12 97 6D 5E 26 C0 11 30 B4 47 C4 CC 09 C4 C6 5C B4 5C 6D F0 01
[2026-04-17 09:27:48] [INFO] [发送] 09:27:48.618 设备ID=12021 module=PERIODIC id=ReadFoupStatus uuid=42 sendCount=1/1 timeout=1000ms crc=30 0C len=8
frame=01 04 00 00 00 09 30 0C
[2026-04-17 09:27:48] [INFO] [接收-帧] 09:27:48.725 设备ID=12021 module=PERIODIC id=ReadFoupStatus uuid=42 len=23
frame=01 04 12 05 74 1F E1 A9 90 65 CC B6 7E 09 A3 8C 60 52 C2 D5 E7 D3 E5
[2026-04-17 09:27:49] [INFO] [发送] 09:27:49.713 设备ID=12021 module=PERIODIC id=ReadFoupStatus uuid=42 sendCount=1/1 timeout=1000ms crc=30 0C len=8
frame=01 04 00 00 00 09 30 0C
[2026-04-17 09:27:49] [INFO] [接收-帧] 09:27:49.816 设备ID=12021 module=PERIODIC id=ReadFoupStatus uuid=42 len=23
frame=01 04 12 82 AB 09 98 3D 14 3E D8 4E 95 C9 4C F2 C0 89 9F 67 0B 6C 9B
[2026-04-17 09:27:50] [INFO] [发送] 09:27:50.810 设备ID=12021 module=PERIODIC id=ReadFoupStatus uuid=42 sendCount=1/1 timeout=1000ms crc=30 0C len=8
frame=01 04 00 00 00 09 30 0C
[2026-04-17 09:27:50] [INFO] [接收-帧] 09:27:50.911 设备ID=12021 module=PERIODIC id=ReadFoupStatus uuid=42 len=23
frame=01 04 12 A1 EB 9A 1B 29 F0 42 A1 B4 B7 BC D8 8B 67 F3 A5 4E 53 56 61
[2026-04-17 09:31:34] [INFO] [发送] 09:31:34.006 设备ID=12021 module=INITIAL id=ReadVersion uuid=41 sendCount=1/4 timeout=1000ms crc=B1 CD len=8
frame=01 04 00 18 00 01 B1 CD
[2026-04-17 09:31:34] [INFO] [接收-帧] 09:31:34.337 设备ID=12021 module=INITIAL id=ReadVersion uuid=41 len=7
frame=01 04 02 00 00 B9 30
[2026-04-17 09:31:34] [INFO] [发送] 09:31:34.337 设备ID=12021 module=PERIODIC id=ReadFoupStatus uuid=42 sendCount=1/1 timeout=1000ms crc=30 0C len=8
frame=01 04 00 00 00 09 30 0C
[2026-04-17 09:31:34] [INFO] [接收-帧] 09:31:34.435 设备ID=12021 module=PERIODIC id=ReadFoupStatus uuid=42 len=23
frame=01 04 12 C3 64 C2 C0 D2 4A C8 2B 93 46 1B FB E1 93 F9 62 4E F4 78 39
[2026-04-17 09:31:35] [INFO] [发送] 09:31:35.430 设备ID=12021 module=PERIODIC id=ReadFoupStatus uuid=42 sendCount=1/1 timeout=1000ms crc=30 0C len=8
frame=01 04 00 00 00 09 30 0C
[2026-04-17 09:31:35] [INFO] [接收-帧] 09:31:35.535 设备ID=12021 module=PERIODIC id=ReadFoupStatus uuid=42 len=23
frame=01 04 12 FD 91 2F 2F A9 9F 37 BD 4D 35 BE 98 98 CC C3 D1 06 E1 84 E5
[2026-04-17 09:31:36] [INFO] [发送] 09:31:36.528 设备ID=12021 module=PERIODIC id=ReadFoupStatus uuid=42 sendCount=1/1 timeout=1000ms crc=30 0C len=8
frame=01 04 00 00 00 09 30 0C
[2026-04-17 09:31:36] [INFO] [接收-帧] 09:31:36.627 设备ID=12021 module=PERIODIC id=ReadFoupStatus uuid=42 len=23
frame=01 04 12 5D 71 39 5E 3E 58 E5 0B 21 96 BE 39 A1 05 18 18 91 82 BD 5F
[2026-04-17 09:31:37] [INFO] [发送] 09:31:37.628 设备ID=12021 module=PERIODIC id=ReadFoupStatus uuid=42 sendCount=1/1 timeout=1000ms crc=30 0C len=8
frame=01 04 00 00 00 09 30 0C
[2026-04-17 09:31:37] [INFO] [接收-帧] 09:31:37.727 设备ID=12021 module=PERIODIC id=ReadFoupStatus uuid=42 len=23
frame=01 04 12 18 BF EE 37 4C 8E E0 BA D4 94 69 5F 82 99 82 EA D8 DA 08 8F
[2026-04-17 09:31:38] [INFO] [发送] 09:31:38.742 设备ID=12021 module=PERIODIC id=ReadFoupStatus uuid=42 sendCount=1/1 timeout=1000ms crc=30 0C len=8
frame=01 04 00 00 00 09 30 0C
[2026-04-17 09:31:38] [INFO] [接收-帧] 09:31:38.818 设备ID=12021 module=PERIODIC id=ReadFoupStatus uuid=42 len=23
frame=01 04 12 CC 49 66 2E 5F C0 40 F2 BE 23 A6 FE 86 CE 3A 5F 1B C3 73 C3
[2026-04-17 09:31:39] [INFO] [发送] 09:31:39.809 设备ID=12021 module=PERIODIC id=ReadFoupStatus uuid=42 sendCount=1/1 timeout=1000ms crc=30 0C len=8
frame=01 04 00 00 00 09 30 0C
[2026-04-17 09:31:39] [INFO] [接收-帧] 09:31:39.913 设备ID=12021 module=PERIODIC id=ReadFoupStatus uuid=42 len=23
frame=01 04 12 5A 09 8D 08 47 75 32 4A 3F 50 06 BB A8 0B 68 D9 A2 CD B9 D9
[2026-04-17 09:31:40] [INFO] [发送] 09:31:40.901 设备ID=12021 module=PERIODIC id=ReadFoupStatus uuid=42 sendCount=1/1 timeout=1000ms crc=30 0C len=8
frame=01 04 00 00 00 09 30 0C
[2026-04-17 09:31:41] [INFO] [接收-帧] 09:31:41.006 设备ID=12021 module=PERIODIC id=ReadFoupStatus uuid=42 len=23
frame=01 04 12 6B D6 91 63 25 85 1C CD 29 C2 C3 A5 EB C1 BE 34 C7 5C E6 AB
[2026-04-17 09:31:41] [INFO] [发送] 09:31:41.997 设备ID=12021 module=PERIODIC id=ReadFoupStatus uuid=42 sendCount=1/1 timeout=1000ms crc=30 0C len=8
frame=01 04 00 00 00 09 30 0C
[2026-04-17 09:31:42] [INFO] [接收-帧] 09:31:42.103 设备ID=12021 module=PERIODIC id=ReadFoupStatus uuid=42 len=23
frame=01 04 12 7B 54 C1 0A D5 BB 50 18 D9 28 B3 26 1B 72 BA 2D 03 0C 2C 30
[2026-04-17 09:31:43] [INFO] [发送] 09:31:43.110 设备ID=12021 module=PERIODIC id=ReadFoupStatus uuid=42 sendCount=1/1 timeout=1000ms crc=30 0C len=8
frame=01 04 00 00 00 09 30 0C
[2026-04-17 09:31:43] [INFO] [接收-帧] 09:31:43.194 设备ID=12021 module=PERIODIC id=ReadFoupStatus uuid=42 len=23
frame=01 04 12 48 11 73 57 DD E0 76 B3 72 24 5A BD 82 2A 14 F2 30 C9 DA A9
[2026-04-17 09:31:44] [INFO] [发送] 09:31:44.182 设备ID=12021 module=PERIODIC id=ReadFoupStatus uuid=42 sendCount=1/1 timeout=1000ms crc=30 0C len=8
frame=01 04 00 00 00 09 30 0C
[2026-04-17 09:31:44] [INFO] [接收-帧] 09:31:44.289 设备ID=12021 module=PERIODIC id=ReadFoupStatus uuid=42 len=23
frame=01 04 12 9B B8 D6 72 56 6E 73 FA 63 38 BE 6B 00 E7 ED 88 4B 5A C7 0D
[2026-04-17 09:31:45] [INFO] [发送] 09:31:45.274 设备ID=12021 module=PERIODIC id=ReadFoupStatus uuid=42 sendCount=1/1 timeout=1000ms crc=30 0C len=8
frame=01 04 00 00 00 09 30 0C
[2026-04-17 09:31:45] [INFO] [接收-帧] 09:31:45.378 设备ID=12021 module=PERIODIC id=ReadFoupStatus uuid=42 len=23
frame=01 04 12 F1 22 12 5D EF A2 8C 3B 28 FF 82 69 8F 6F AD 07 18 E3 89 5B
[2026-04-17 09:31:46] [INFO] [发送] 09:31:46.369 设备ID=12021 module=PERIODIC id=ReadFoupStatus uuid=42 sendCount=1/1 timeout=1000ms crc=30 0C len=8
frame=01 04 00 00 00 09 30 0C
[2026-04-17 09:31:46] [INFO] [接收-帧] 09:31:46.471 设备ID=12021 module=PERIODIC id=ReadFoupStatus uuid=42 len=23
frame=01 04 12 15 6C 4C F0 08 7B 77 13 AF BB 9B 36 6B FF 38 39 C8 66 41 03
[2026-04-17 09:31:47] [INFO] [发送] 09:31:47.464 设备ID=12021 module=PERIODIC id=ReadFoupStatus uuid=42 sendCount=1/1 timeout=1000ms crc=30 0C len=8
frame=01 04 00 00 00 09 30 0C
[2026-04-17 09:31:47] [INFO] [接收-帧] 09:31:47.564 设备ID=12021 module=PERIODIC id=ReadFoupStatus uuid=42 len=23
frame=01 04 12 DF 00 B7 CE 24 58 7B 86 D6 C2 8B D4 61 97 B8 E0 2F E8 E9 52
[2026-04-17 09:31:48] [INFO] [发送] 09:31:48.557 设备ID=12021 module=PERIODIC id=ReadFoupStatus uuid=42 sendCount=1/1 timeout=1000ms crc=30 0C len=8
frame=01 04 00 00 00 09 30 0C
[2026-04-17 09:31:48] [INFO] [接收-帧] 09:31:48.661 设备ID=12021 module=PERIODIC id=ReadFoupStatus uuid=42 len=23
frame=01 04 12 2F 1C 1C 0F BD 45 62 6D B2 29 DE 92 2C 30 27 AB 3A B1 87 0C
[2026-04-17 09:31:49] [INFO] [发送] 09:31:49.652 设备ID=12021 module=PERIODIC id=ReadFoupStatus uuid=42 sendCount=1/1 timeout=1000ms crc=30 0C len=8
frame=01 04 00 00 00 09 30 0C
[2026-04-17 09:31:49] [INFO] [接收-帧] 09:31:49.757 设备ID=12021 module=PERIODIC id=ReadFoupStatus uuid=42 len=23
frame=01 04 12 4E 80 1A 4D 50 14 AA 8D 8D 68 F1 1A DE C4 FA CB D6 14 EE F0
[2026-04-17 09:31:50] [INFO] [发送] 09:31:50.745 设备ID=12021 module=PERIODIC id=ReadFoupStatus uuid=42 sendCount=1/1 timeout=1000ms crc=30 0C len=8
frame=01 04 00 00 00 09 30 0C
[2026-04-17 09:31:50] [INFO] [接收-帧] 09:31:50.847 设备ID=12021 module=PERIODIC id=ReadFoupStatus uuid=42 len=23
frame=01 04 12 EE 32 97 07 E1 9C 9A 1E 8C 72 40 07 D0 26 E9 E6 F0 6D C7 42
[2026-04-17 09:31:51] [INFO] [发送] 09:31:51.845 设备ID=12021 module=PERIODIC id=ReadFoupStatus uuid=42 sendCount=1/1 timeout=1000ms crc=30 0C len=8
frame=01 04 00 00 00 09 30 0C
[2026-04-17 09:31:51] [INFO] [接收-帧] 09:31:51.946 设备ID=12021 module=PERIODIC id=ReadFoupStatus uuid=42 len=23
frame=01 04 12 60 1B DF FA 08 A8 49 F7 DB B5 E8 D7 D2 2B EF E2 C3 6A 76 F3
[2026-04-17 09:31:52] [INFO] [发送] 09:31:52.947 设备ID=12021 module=PERIODIC id=ReadFoupStatus uuid=42 sendCount=1/1 timeout=1000ms crc=30 0C len=8
frame=01 04 00 00 00 09 30 0C
[2026-04-17 09:31:53] [INFO] [接收-帧] 09:31:53.047 设备ID=12021 module=PERIODIC id=ReadFoupStatus uuid=42 len=23
frame=01 04 12 24 0B 9E 54 69 43 E0 88 E0 D1 90 CD 57 59 95 C4 C7 81 3B D5
[2026-04-17 09:31:54] [INFO] [发送] 09:31:54.066 设备ID=12021 module=PERIODIC id=ReadFoupStatus uuid=42 sendCount=1/1 timeout=1000ms crc=30 0C len=8
frame=01 04 00 00 00 09 30 0C
[2026-04-17 09:31:54] [INFO] [接收-帧] 09:31:54.131 设备ID=12021 module=PERIODIC id=ReadFoupStatus uuid=42 len=23
frame=01 04 12 06 43 00 A5 57 23 B3 74 F6 60 54 C7 E2 87 F1 BD 29 78 37 37
[2026-04-17 09:31:55] [INFO] [发送] 09:31:55.118 设备ID=12021 module=PERIODIC id=ReadFoupStatus uuid=42 sendCount=1/1 timeout=1000ms crc=30 0C len=8
frame=01 04 00 00 00 09 30 0C
[2026-04-17 09:31:55] [INFO] [接收-帧] 09:31:55.226 设备ID=12021 module=PERIODIC id=ReadFoupStatus uuid=42 len=23
frame=01 04 12 B6 38 62 59 67 78 6F DD 4F 14 7B 3E EE B2 06 D9 38 ED 9A DB
[2026-04-17 09:31:56] [INFO] [发送] 09:31:56.212 设备ID=12021 module=PERIODIC id=ReadFoupStatus uuid=42 sendCount=1/1 timeout=1000ms crc=30 0C len=8
frame=01 04 00 00 00 09 30 0C
[2026-04-17 09:31:56] [INFO] [接收-帧] 09:31:56.314 设备ID=12021 module=PERIODIC id=ReadFoupStatus uuid=42 len=23
frame=01 04 12 02 75 55 D6 04 85 E8 E8 13 73 2A 4C AD 49 14 E1 89 22 68 83
[2026-04-17 09:31:57] [INFO] [发送] 09:31:57.307 设备ID=12021 module=PERIODIC id=ReadFoupStatus uuid=42 sendCount=1/1 timeout=1000ms crc=30 0C len=8
frame=01 04 00 00 00 09 30 0C
[2026-04-17 09:31:57] [INFO] [接收-帧] 09:31:57.409 设备ID=12021 module=PERIODIC id=ReadFoupStatus uuid=42 len=23
frame=01 04 12 3E BF 5B 0E DE DD 90 7F 45 B9 E0 4D 16 6C E0 F4 EF D2 C2 23
[2026-04-17 09:31:58] [INFO] [发送] 09:31:58.402 设备ID=12021 module=PERIODIC id=ReadFoupStatus uuid=42 sendCount=1/1 timeout=1000ms crc=30 0C len=8
frame=01 04 00 00 00 09 30 0C
[2026-04-17 09:31:58] [INFO] [接收-帧] 09:31:58.502 设备ID=12021 module=PERIODIC id=ReadFoupStatus uuid=42 len=23
frame=01 04 12 28 45 97 EE B5 F5 1F 31 EA A2 71 1D B9 10 36 51 44 BF 43 E7
[2026-04-17 09:31:59] [INFO] [发送] 09:31:59.496 设备ID=12021 module=PERIODIC id=ReadFoupStatus uuid=42 sendCount=1/1 timeout=1000ms crc=30 0C len=8
frame=01 04 00 00 00 09 30 0C
[2026-04-17 09:31:59] [INFO] [接收-帧] 09:31:59.601 设备ID=12021 module=PERIODIC id=ReadFoupStatus uuid=42 len=23
frame=01 04 12 5C C1 8C 97 3C 83 BF 1D B9 86 9D 61 B1 27 37 D7 3C DD BD F6
[2026-04-17 09:32:00] [INFO] [发送] 09:32:00.603 设备ID=12021 module=PERIODIC id=ReadFoupStatus uuid=42 sendCount=1/1 timeout=1000ms crc=30 0C len=8
frame=01 04 00 00 00 09 30 0C
[2026-04-17 09:32:00] [INFO] [接收-帧] 09:32:00.690 设备ID=12021 module=PERIODIC id=ReadFoupStatus uuid=42 len=23
frame=01 04 12 29 F7 49 85 9F 9A 1A B5 3C 76 7C E8 A6 72 4F 2A 02 E0 F5 6F
[2026-04-17 09:32:01] [INFO] [发送] 09:32:01.681 设备ID=12021 module=PERIODIC id=ReadFoupStatus uuid=42 sendCount=1/1 timeout=1000ms crc=30 0C len=8
frame=01 04 00 00 00 09 30 0C
[2026-04-17 09:32:01] [INFO] [接收-帧] 09:32:01.784 设备ID=12021 module=PERIODIC id=ReadFoupStatus uuid=42 len=23
frame=01 04 12 2B F6 12 85 81 63 68 30 34 8C A7 0B 0B 5E EE 1A 5B F3 88 A6
[2026-04-17 09:32:02] [INFO] [发送] 09:32:02.778 设备ID=12021 module=PERIODIC id=ReadFoupStatus uuid=42 sendCount=1/1 timeout=1000ms crc=30 0C len=8
frame=01 04 00 00 00 09 30 0C
[2026-04-17 09:32:02] [INFO] [接收-帧] 09:32:02.881 设备ID=12021 module=PERIODIC id=ReadFoupStatus uuid=42 len=23
frame=01 04 12 0A 3E 9E 42 56 80 1D 14 80 FC FD 06 71 B6 22 4B 97 D1 13 F9
[2026-04-17 09:32:03] [INFO] [发送] 09:32:03.871 设备ID=12021 module=PERIODIC id=ReadFoupStatus uuid=42 sendCount=1/1 timeout=1000ms crc=30 0C len=8
frame=01 04 00 00 00 09 30 0C
[2026-04-17 09:32:03] [INFO] [接收-帧] 09:32:03.973 设备ID=12021 module=PERIODIC id=ReadFoupStatus uuid=42 len=23
frame=01 04 12 9D 40 02 DD B0 BB E2 3A D5 CF 39 42 2D F3 69 0B A5 28 54 3E
