[2026-04-17 09:24:09] [INFO] [发送] 09:24:09.578 设备ID=12076 module=INITIAL id=ReadVersion uuid=151 sendCount=1/4 timeout=1000ms crc=B1 CD len=8
frame=01 04 00 18 00 01 B1 CD
[2026-04-17 09:24:10] [INFO] [接收-帧] 09:24:10.187 设备ID=12076 module=INITIAL id=ReadVersion uuid=151 len=7
frame=01 04 02 00 00 B9 30
[2026-04-17 09:24:10] [INFO] [发送] 09:24:10.187 设备ID=12076 module=PERIODIC id=ReadFoupStatus uuid=152 sendCount=1/1 timeout=1000ms crc=30 0C len=8
frame=01 04 00 00 00 09 30 0C
[2026-04-17 09:24:12] [INFO] [发送] 09:24:12.185 设备ID=12076 module=PERIODIC id=ReadFoupStatus uuid=152 sendCount=1/1 timeout=1000ms crc=30 0C len=8
frame=01 04 00 00 00 09 30 0C
[2026-04-17 09:24:14] [INFO] [发送] 09:24:14.286 设备ID=12076 module=PERIODIC id=ReadFoupStatus uuid=152 sendCount=1/1 timeout=1000ms crc=30 0C len=8
frame=01 04 00 00 00 09 30 0C
[2026-04-17 09:24:16] [INFO] [发送] 09:24:16.282 设备ID=12076 module=PERIODIC id=ReadFoupStatus uuid=152 sendCount=1/1 timeout=1000ms crc=30 0C len=8
frame=01 04 00 00 00 09 30 0C
[2026-04-17 09:24:18] [INFO] [发送] 09:24:18.278 设备ID=12076 module=PERIODIC id=ReadFoupStatus uuid=152 sendCount=1/1 timeout=1000ms crc=30 0C len=8
frame=01 04 00 00 00 09 30 0C
[2026-04-17 09:24:20] [INFO] [发送] 09:24:20.279 设备ID=12076 module=PERIODIC id=ReadFoupStatus uuid=152 sendCount=1/1 timeout=1000ms crc=30 0C len=8
frame=01 04 00 00 00 09 30 0C
[2026-04-17 09:24:22] [INFO] [发送] 09:24:22.293 设备ID=12076 module=PERIODIC id=ReadFoupStatus uuid=152 sendCount=1/1 timeout=1000ms crc=30 0C len=8
frame=01 04 00 00 00 09 30 0C
[2026-04-17 09:24:24] [INFO] [发送] 09:24:24.296 设备ID=12076 module=PERIODIC id=ReadFoupStatus uuid=152 sendCount=1/1 timeout=1000ms crc=30 0C len=8
frame=01 04 00 00 00 09 30 0C
[2026-04-17 09:24:26] [INFO] [发送] 09:24:26.303 设备ID=12076 module=PERIODIC id=ReadFoupStatus uuid=152 sendCount=1/1 timeout=1000ms crc=30 0C len=8
frame=01 04 00 00 00 09 30 0C
[2026-04-17 09:24:28] [INFO] [发送] 09:24:28.296 设备ID=12076 module=PERIODIC id=ReadFoupStatus uuid=152 sendCount=1/1 timeout=1000ms crc=30 0C len=8
frame=01 04 00 00 00 09 30 0C
[2026-04-17 09:24:32] [INFO] [发送] 09:24:32.711 设备ID=12076 module=PERIODIC id=ReadFoupStatus uuid=152 sendCount=1/1 timeout=1000ms crc=30 0C len=8
frame=01 04 00 00 00 09 30 0C
[2026-04-17 09:24:34] [INFO] [发送] 09:24:34.716 设备ID=12076 module=PERIODIC id=ReadFoupStatus uuid=152 sendCount=1/1 timeout=1000ms crc=30 0C len=8
frame=01 04 00 00 00 09 30 0C
[2026-04-17 09:24:36] [INFO] [发送] 09:24:36.713 设备ID=12076 module=PERIODIC id=ReadFoupStatus uuid=152 sendCount=1/1 timeout=1000ms crc=30 0C len=8
frame=01 04 00 00 00 09 30 0C
[2026-04-17 09:24:38] [INFO] [发送] 09:24:38.723 设备ID=12076 module=PERIODIC id=ReadFoupStatus uuid=152 sendCount=1/1 timeout=1000ms crc=30 0C len=8
frame=01 04 00 00 00 09 30 0C
[2026-04-17 09:24:40] [INFO] [发送] 09:24:40.717 设备ID=12076 module=PERIODIC id=ReadFoupStatus uuid=152 sendCount=1/1 timeout=1000ms crc=30 0C len=8
frame=01 04 00 00 00 09 30 0C
[2026-04-17 09:24:42] [INFO] [发送] 09:24:42.715 设备ID=12076 module=PERIODIC id=ReadFoupStatus uuid=152 sendCount=1/1 timeout=1000ms crc=30 0C len=8
frame=01 04 00 00 00 09 30 0C
[2026-04-17 09:24:44] [INFO] [发送] 09:24:44.715 设备ID=12076 module=PERIODIC id=ReadFoupStatus uuid=152 sendCount=1/1 timeout=1000ms crc=30 0C len=8
frame=01 04 00 00 00 09 30 0C
[2026-04-17 09:24:48] [INFO] [发送] 09:24:48.488 设备ID=12076 module=PERIODIC id=ReadFoupStatus uuid=152 sendCount=1/1 timeout=1000ms crc=30 0C len=8
frame=01 04 00 00 00 09 30 0C
[2026-04-17 09:24:48] [INFO] [接收-帧] 09:24:48.594 设备ID=12076 module=PERIODIC id=ReadFoupStatus uuid=152 len=23
frame=01 04 12 8B 1A 02 5C 55 0F 88 FF 5D AF 98 70 47 AD 24 1B E0 B6 39 47
[2026-04-17 09:24:49] [INFO] [发送] 09:24:49.635 设备ID=12076 module=PERIODIC id=ReadFoupStatus uuid=152 sendCount=1/1 timeout=1000ms crc=30 0C len=8
frame=01 04 00 00 00 09 30 0C
[2026-04-17 09:24:49] [INFO] [接收-帧] 09:24:49.689 设备ID=12076 module=PERIODIC id=ReadFoupStatus uuid=152 len=23
frame=01 04 12 E3 0F 1B A8 D4 CA 7A 0C 33 52 EF DF BD 46 D7 E0 C8 01 B5 EF
[2026-04-17 09:24:50] [INFO] [发送] 09:24:50.688 设备ID=12076 module=PERIODIC id=ReadFoupStatus uuid=152 sendCount=1/1 timeout=1000ms crc=30 0C len=8
frame=01 04 00 00 00 09 30 0C
[2026-04-17 09:24:50] [INFO] [接收-帧] 09:24:50.780 设备ID=12076 module=PERIODIC id=ReadFoupStatus uuid=152 len=23
frame=01 04 12 92 3C D2 EF F5 08 7F 27 1D A4 87 FE 65 67 71 75 23 5C 44 4C
[2026-04-17 09:24:51] [INFO] [发送] 09:24:51.778 设备ID=12076 module=PERIODIC id=ReadFoupStatus uuid=152 sendCount=1/1 timeout=1000ms crc=30 0C len=8
frame=01 04 00 00 00 09 30 0C
[2026-04-17 09:24:51] [INFO] [接收-帧] 09:24:51.872 设备ID=12076 module=PERIODIC id=ReadFoupStatus uuid=152 len=23
frame=01 04 12 22 52 90 51 C0 73 F6 52 09 5E 5B 2E 6A 49 F6 96 A2 06 A2 26
[2026-04-17 09:24:52] [INFO] [发送] 09:24:52.870 设备ID=12076 module=PERIODIC id=ReadFoupStatus uuid=152 sendCount=1/1 timeout=1000ms crc=30 0C len=8
frame=01 04 00 00 00 09 30 0C
[2026-04-17 09:24:52] [INFO] [接收-帧] 09:24:52.964 设备ID=12076 module=PERIODIC id=ReadFoupStatus uuid=152 len=23
frame=01 04 12 B6 E2 CA 06 57 4A 10 78 78 4C 80 44 92 49 71 49 EB 30 66 2F
[2026-04-17 09:24:53] [INFO] [发送] 09:24:53.966 设备ID=12076 module=PERIODIC id=ReadFoupStatus uuid=152 sendCount=1/1 timeout=1000ms crc=30 0C len=8
frame=01 04 00 00 00 09 30 0C
[2026-04-17 09:24:54] [INFO] [接收-帧] 09:24:54.062 设备ID=12076 module=PERIODIC id=ReadFoupStatus uuid=152 len=23
frame=01 04 12 99 67 04 F1 B9 D3 7A 87 54 1A BB 1B D1 A4 89 C4 AF 25 DC F4
[2026-04-17 09:24:55] [INFO] [发送] 09:24:55.063 设备ID=12076 module=PERIODIC id=ReadFoupStatus uuid=152 sendCount=1/1 timeout=1000ms crc=30 0C len=8
frame=01 04 00 00 00 09 30 0C
[2026-04-17 09:24:55] [INFO] [接收-帧] 09:24:55.152 设备ID=12076 module=PERIODIC id=ReadFoupStatus uuid=152 len=23
frame=01 04 12 90 86 07 4A 7C F2 EB 82 6E 8B 9F 74 C0 25 B6 9B 88 74 FF D5
[2026-04-17 09:24:56] [INFO] [发送] 09:24:56.152 设备ID=12076 module=PERIODIC id=ReadFoupStatus uuid=152 sendCount=1/1 timeout=1000ms crc=30 0C len=8
frame=01 04 00 00 00 09 30 0C
[2026-04-17 09:24:56] [INFO] [接收-帧] 09:24:56.245 设备ID=12076 module=PERIODIC id=ReadFoupStatus uuid=152 len=23
frame=01 04 12 AB 23 CB 48 15 39 3C 02 A5 07 7D C8 31 5E 48 CA 52 40 AB 6F
[2026-04-17 09:24:57] [INFO] [发送] 09:24:57.243 设备ID=12076 module=PERIODIC id=ReadFoupStatus uuid=152 sendCount=1/1 timeout=1000ms crc=30 0C len=8
frame=01 04 00 00 00 09 30 0C
[2026-04-17 09:24:57] [INFO] [接收-帧] 09:24:57.341 设备ID=12076 module=PERIODIC id=ReadFoupStatus uuid=152 len=23
frame=01 04 12 CD DB 46 36 C6 42 81 4E 80 C2 25 6E 94 4A B8 A1 85 71 37 79
[2026-04-17 09:24:58] [INFO] [发送] 09:24:58.348 设备ID=12076 module=PERIODIC id=ReadFoupStatus uuid=152 sendCount=1/1 timeout=1000ms crc=30 0C len=8
frame=01 04 00 00 00 09 30 0C
[2026-04-17 09:24:58] [INFO] [接收-帧] 09:24:58.433 设备ID=12076 module=PERIODIC id=ReadFoupStatus uuid=152 len=23
frame=01 04 12 88 6F 17 7D A6 55 F9 87 01 CB D5 80 62 57 DD 97 8D 2C 29 0D
[2026-04-17 09:24:59] [INFO] [发送] 09:24:59.446 设备ID=12076 module=PERIODIC id=ReadFoupStatus uuid=152 sendCount=1/1 timeout=1000ms crc=30 0C len=8
frame=01 04 00 00 00 09 30 0C
[2026-04-17 09:24:59] [INFO] [接收-帧] 09:24:59.552 设备ID=12076 module=PERIODIC id=ReadFoupStatus uuid=152 len=23
frame=01 04 12 35 CA 3E 8E 19 DA 45 5C EC 18 6B 87 B5 E5 92 EF 3C 55 F9 66
[2026-04-17 09:25:00] [INFO] [发送] 09:25:00.542 设备ID=12076 module=PERIODIC id=ReadFoupStatus uuid=152 sendCount=1/1 timeout=1000ms crc=30 0C len=8
frame=01 04 00 00 00 09 30 0C
[2026-04-17 09:25:00] [INFO] [接收-帧] 09:25:00.622 设备ID=12076 module=PERIODIC id=ReadFoupStatus uuid=152 len=23
frame=01 04 12 34 62 C4 E4 E9 61 8F 1B 37 08 9F 87 93 8A 7D 40 2A B4 D0 F9
[2026-04-17 09:25:01] [INFO] [发送] 09:25:01.666 设备ID=12076 module=PERIODIC id=ReadFoupStatus uuid=152 sendCount=1/1 timeout=1000ms crc=30 0C len=8
frame=01 04 00 00 00 09 30 0C
[2026-04-17 09:25:01] [INFO] [接收-帧] 09:25:01.718 设备ID=12076 module=PERIODIC id=ReadFoupStatus uuid=152 len=23
frame=01 04 12 8D B8 56 48 FD A9 A0 36 AE 20 EB C2 56 9D 18 DA 6B 84 41 80
[2026-04-17 09:25:02] [INFO] [发送] 09:25:02.728 设备ID=12076 module=PERIODIC id=ReadFoupStatus uuid=152 sendCount=1/1 timeout=1000ms crc=30 0C len=8
frame=01 04 00 00 00 09 30 0C
[2026-04-17 09:25:03] [INFO] [接收-帧] 09:25:03.005 设备ID=12076 module=PERIODIC id=ReadFoupStatus uuid=152 len=23
frame=01 04 12 90 6A A1 DD 4C 94 E7 41 A4 2A 4D 48 6D 73 91 69 9A DF 13 71
[2026-04-17 09:25:03] [INFO] [发送] 09:25:03.998 设备ID=12076 module=PERIODIC id=ReadFoupStatus uuid=152 sendCount=1/1 timeout=1000ms crc=30 0C len=8
frame=01 04 00 00 00 09 30 0C
[2026-04-17 09:25:04] [INFO] [接收-帧] 09:25:04.016 设备ID=12076 module=PERIODIC id=ReadFoupStatus uuid=152 len=23
frame=01 04 12 95 AE E5 AA 0C CC 4C A3 79 F2 11 85 C6 58 61 14 4C 2E C6 7F
[2026-04-17 09:25:05] [INFO] [发送] 09:25:05.011 设备ID=12076 module=PERIODIC id=ReadFoupStatus uuid=152 sendCount=1/1 timeout=1000ms crc=30 0C len=8
frame=01 04 00 00 00 09 30 0C
[2026-04-17 09:25:05] [INFO] [接收-帧] 09:25:05.112 设备ID=12076 module=PERIODIC id=ReadFoupStatus uuid=152 len=23
frame=01 04 12 31 36 56 7F F1 AA 8A BD 53 56 7B F8 3A A9 70 D6 B3 63 FD 92
[2026-04-17 09:25:06] [INFO] [发送] 09:25:06.125 设备ID=12076 module=PERIODIC id=ReadFoupStatus uuid=152 sendCount=1/1 timeout=1000ms crc=30 0C len=8
frame=01 04 00 00 00 09 30 0C
[2026-04-17 09:25:06] [INFO] [接收-帧] 09:25:06.205 设备ID=12076 module=PERIODIC id=ReadFoupStatus uuid=152 len=23
frame=01 04 12 5F 39 96 53 C6 49 FB 85 BA AE 70 85 E5 E2 54 67 5F F4 57 81
[2026-04-17 09:25:07] [INFO] [发送] 09:25:07.307 设备ID=12076 module=PERIODIC id=ReadFoupStatus uuid=152 sendCount=1/1 timeout=1000ms crc=30 0C len=8
frame=01 04 00 00 00 09 30 0C
[2026-04-17 09:25:07] [INFO] [接收-帧] 09:25:07.402 设备ID=12076 module=PERIODIC id=ReadFoupStatus uuid=152 len=23
frame=01 04 12 9D 9D 2C BE 16 E1 A6 AC 99 CA 19 17 AB 20 C2 35 72 E4 30 D8
[2026-04-17 09:25:08] [INFO] [发送] 09:25:08.400 设备ID=12076 module=PERIODIC id=ReadFoupStatus uuid=152 sendCount=1/1 timeout=1000ms crc=30 0C len=8
frame=01 04 00 00 00 09 30 0C
[2026-04-17 09:25:08] [INFO] [接收-帧] 09:25:08.492 设备ID=12076 module=PERIODIC id=ReadFoupStatus uuid=152 len=23
frame=01 04 12 42 E4 BD CF A7 C3 3E FC F3 98 F6 AC D6 8D BA F4 D2 56 AB 89
[2026-04-17 09:25:09] [INFO] [发送] 09:25:09.478 设备ID=12076 module=PERIODIC id=ReadFoupStatus uuid=152 sendCount=1/1 timeout=1000ms crc=30 0C len=8
frame=01 04 00 00 00 09 30 0C
[2026-04-17 09:25:09] [INFO] [接收-帧] 09:25:09.486 设备ID=12076 module=PERIODIC id=ReadFoupStatus uuid=152 len=23
frame=01 04 12 9D B6 C6 C1 79 78 EE DC 82 CE EC 23 DD 0C E5 AD 6C 94 B6 7E
[2026-04-17 09:25:10] [INFO] [发送] 09:25:10.478 设备ID=12076 module=PERIODIC id=ReadFoupStatus uuid=152 sendCount=1/1 timeout=1000ms crc=30 0C len=8
frame=01 04 00 00 00 09 30 0C
[2026-04-17 09:25:10] [INFO] [接收-帧] 09:25:10.575 设备ID=12076 module=PERIODIC id=ReadFoupStatus uuid=152 len=23
frame=01 04 12 F8 36 A1 34 D2 B8 44 C7 28 11 44 D7 75 53 BE ED 0C B6 B4 C5
[2026-04-17 09:25:11] [INFO] [发送] 09:25:11.575 设备ID=12076 module=PERIODIC id=ReadFoupStatus uuid=152 sendCount=1/1 timeout=1000ms crc=30 0C len=8
frame=01 04 00 00 00 09 30 0C
[2026-04-17 09:25:11] [INFO] [接收-帧] 09:25:11.670 设备ID=12076 module=PERIODIC id=ReadFoupStatus uuid=152 len=23
frame=01 04 12 9B CB AC CD BE 21 6B 3C 16 59 83 8D 6A 73 97 C0 01 C1 AB 61
[2026-04-17 09:25:12] [INFO] [发送] 09:25:12.665 设备ID=12076 module=PERIODIC id=ReadFoupStatus uuid=152 sendCount=1/1 timeout=1000ms crc=30 0C len=8
frame=01 04 00 00 00 09 30 0C
[2026-04-17 09:25:12] [INFO] [接收-帧] 09:25:12.763 设备ID=12076 module=PERIODIC id=ReadFoupStatus uuid=152 len=23
frame=01 04 12 71 B8 15 4B AF 64 11 DD 69 FA 57 BF E3 83 23 79 41 EB EE AC
[2026-04-17 09:25:13] [INFO] [发送] 09:25:13.770 设备ID=12076 module=PERIODIC id=ReadFoupStatus uuid=152 sendCount=1/1 timeout=1000ms crc=30 0C len=8
frame=01 04 00 00 00 09 30 0C
[2026-04-17 09:25:13] [INFO] [接收-帧] 09:25:13.861 设备ID=12076 module=PERIODIC id=ReadFoupStatus uuid=152 len=23
frame=01 04 12 88 70 89 40 7C 5F 5C 65 AC 2C 81 48 45 45 B6 96 30 5D 63 4F
[2026-04-17 09:25:14] [INFO] [发送] 09:25:14.856 设备ID=12076 module=PERIODIC id=ReadFoupStatus uuid=152 sendCount=1/1 timeout=1000ms crc=30 0C len=8
frame=01 04 00 00 00 09 30 0C
[2026-04-17 09:25:14] [INFO] [接收-帧] 09:25:14.956 设备ID=12076 module=PERIODIC id=ReadFoupStatus uuid=152 len=23
frame=01 04 12 64 51 75 87 95 50 70 37 F1 69 36 DA 7F 54 45 8C 72 B4 01 14
[2026-04-17 09:25:15] [INFO] [发送] 09:25:15.949 设备ID=12076 module=PERIODIC id=ReadFoupStatus uuid=152 sendCount=1/1 timeout=1000ms crc=30 0C len=8
frame=01 04 00 00 00 09 30 0C
[2026-04-17 09:25:16] [INFO] [接收-帧] 09:25:16.045 设备ID=12076 module=PERIODIC id=ReadFoupStatus uuid=152 len=23
frame=01 04 12 C1 AF 06 27 4E 90 A7 1B C5 3F CF 92 D9 C9 41 8E AD 55 F3 C8
[2026-04-17 09:25:17] [INFO] [发送] 09:25:17.046 设备ID=12076 module=PERIODIC id=ReadFoupStatus uuid=152 sendCount=1/1 timeout=1000ms crc=30 0C len=8
frame=01 04 00 00 00 09 30 0C
[2026-04-17 09:25:17] [INFO] [接收-帧] 09:25:17.139 设备ID=12076 module=PERIODIC id=ReadFoupStatus uuid=152 len=23
frame=01 04 12 35 2C EE EB C0 3B 28 1C 0C 4A 1D AE A2 3F 47 56 C9 99 1D 0C
[2026-04-17 09:25:18] [INFO] [发送] 09:25:18.145 设备ID=12076 module=PERIODIC id=ReadFoupStatus uuid=152 sendCount=1/1 timeout=1000ms crc=30 0C len=8
frame=01 04 00 00 00 09 30 0C
[2026-04-17 09:25:18] [INFO] [接收-帧] 09:25:18.235 设备ID=12076 module=PERIODIC id=ReadFoupStatus uuid=152 len=23
frame=01 04 12 32 AC CC B8 E2 55 BE 72 49 C0 95 0D E8 A8 95 37 35 33 B7 79
[2026-04-17 09:25:19] [INFO] [发送] 09:25:19.235 设备ID=12076 module=PERIODIC id=ReadFoupStatus uuid=152 sendCount=1/1 timeout=1000ms crc=30 0C len=8
frame=01 04 00 00 00 09 30 0C
[2026-04-17 09:25:19] [INFO] [接收-帧] 09:25:19.357 设备ID=12076 module=PERIODIC id=ReadFoupStatus uuid=152 len=23
frame=01 04 12 3F F6 4A 31 00 00 9B 3A 7B 55 3D A3 9A C6 09 35 2B 6B 5A 02
[2026-04-17 09:25:20] [INFO] [发送] 09:25:20.366 设备ID=12076 module=PERIODIC id=ReadFoupStatus uuid=152 sendCount=1/1 timeout=1000ms crc=30 0C len=8
frame=01 04 00 00 00 09 30 0C
[2026-04-17 09:25:20] [INFO] [接收-帧] 09:25:20.533 设备ID=12076 module=PERIODIC id=ReadFoupStatus uuid=152 len=23
frame=01 04 12 8B 62 67 F8 BC B6 71 40 DC DF 31 9A C5 44 10 B5 24 E5 2A AE
[2026-04-17 09:25:21] [INFO] [发送] 09:25:21.527 设备ID=12076 module=PERIODIC id=ReadFoupStatus uuid=152 sendCount=1/1 timeout=1000ms crc=30 0C len=8
frame=01 04 00 00 00 09 30 0C
[2026-04-17 09:25:21] [INFO] [接收-帧] 09:25:21.626 设备ID=12076 module=PERIODIC id=ReadFoupStatus uuid=152 len=23
frame=01 04 12 9A FF 3B 19 AA 80 CE BB 13 8F C3 DB 09 C6 B7 49 29 07 A8 6C
[2026-04-17 09:25:22] [INFO] [发送] 09:25:22.618 设备ID=12076 module=PERIODIC id=ReadFoupStatus uuid=152 sendCount=1/1 timeout=1000ms crc=30 0C len=8
frame=01 04 00 00 00 09 30 0C
[2026-04-17 09:25:22] [INFO] [接收-帧] 09:25:22.719 设备ID=12076 module=PERIODIC id=ReadFoupStatus uuid=152 len=23
frame=01 04 12 24 E3 06 7E 23 F4 66 E7 9F A6 E5 A6 7B 3D 62 F3 8E C0 60 81
[2026-04-17 09:25:23] [INFO] [发送] 09:25:23.714 设备ID=12076 module=PERIODIC id=ReadFoupStatus uuid=152 sendCount=1/1 timeout=1000ms crc=30 0C len=8
frame=01 04 00 00 00 09 30 0C
[2026-04-17 09:25:23] [INFO] [接收-帧] 09:25:23.813 设备ID=12076 module=PERIODIC id=ReadFoupStatus uuid=152 len=23
frame=01 04 12 02 B7 C6 99 9C 8D E0 CB B7 41 78 F3 8F DC 94 EE 72 FE E8 D0
[2026-04-17 09:25:24] [INFO] [发送] 09:25:24.810 设备ID=12076 module=PERIODIC id=ReadFoupStatus uuid=152 sendCount=1/1 timeout=1000ms crc=30 0C len=8
frame=01 04 00 00 00 09 30 0C
[2026-04-17 09:25:24] [INFO] [接收-帧] 09:25:24.907 设备ID=12076 module=PERIODIC id=ReadFoupStatus uuid=152 len=23
frame=01 04 12 21 FC 2C 9C 48 BB 38 E2 AB C2 12 40 AF B7 45 6A 18 E1 E1 9F
[2026-04-17 09:25:25] [INFO] [发送] 09:25:25.907 设备ID=12076 module=PERIODIC id=ReadFoupStatus uuid=152 sendCount=1/1 timeout=1000ms crc=30 0C len=8
frame=01 04 00 00 00 09 30 0C
[2026-04-17 09:25:25] [INFO] [接收-帧] 09:25:25.999 设备ID=12076 module=PERIODIC id=ReadFoupStatus uuid=152 len=23
frame=01 04 12 FE DC D6 40 E3 8F E2 70 32 14 DF 7C 52 61 6F 70 00 B9 0B E5
[2026-04-17 09:25:26] [INFO] [发送] 09:25:26.994 设备ID=12076 module=PERIODIC id=ReadFoupStatus uuid=152 sendCount=1/1 timeout=1000ms crc=30 0C len=8
frame=01 04 00 00 00 09 30 0C
[2026-04-17 09:25:27] [INFO] [接收-帧] 09:25:27.092 设备ID=12076 module=PERIODIC id=ReadFoupStatus uuid=152 len=23
frame=01 04 12 34 7B E1 AC FA 7F 95 66 41 19 43 F3 CB E6 9C 8C 5D D0 BD F7
[2026-04-17 09:25:28] [INFO] [发送] 09:25:28.090 设备ID=12076 module=PERIODIC id=ReadFoupStatus uuid=152 sendCount=1/1 timeout=1000ms crc=30 0C len=8
frame=01 04 00 00 00 09 30 0C
[2026-04-17 09:25:28] [INFO] [接收-帧] 09:25:28.187 设备ID=12076 module=PERIODIC id=ReadFoupStatus uuid=152 len=23
frame=01 04 12 D4 0C A1 6C 55 5B F1 9D 6E F5 B7 1A 83 9D 4D 29 36 C9 92 E8
[2026-04-17 09:25:29] [INFO] [发送] 09:25:29.189 设备ID=12076 module=PERIODIC id=ReadFoupStatus uuid=152 sendCount=1/1 timeout=1000ms crc=30 0C len=8
frame=01 04 00 00 00 09 30 0C
[2026-04-17 09:25:29] [INFO] [接收-帧] 09:25:29.278 设备ID=12076 module=PERIODIC id=ReadFoupStatus uuid=152 len=23
frame=01 04 12 6A BD D0 E1 87 BD B9 26 C0 F2 3C EC 34 78 BD AA 65 80 9A D5
[2026-04-17 09:25:30] [INFO] [发送] 09:25:30.277 设备ID=12076 module=PERIODIC id=ReadFoupStatus uuid=152 sendCount=1/1 timeout=1000ms crc=30 0C len=8
frame=01 04 00 00 00 09 30 0C
[2026-04-17 09:25:30] [INFO] [接收-帧] 09:25:30.372 设备ID=12076 module=PERIODIC id=ReadFoupStatus uuid=152 len=23
frame=01 04 12 8C 92 FD B0 4A 99 35 9A 98 E2 09 EC 8D 5B 24 AB 1C AE 64 09
[2026-04-17 09:25:31] [INFO] [发送] 09:25:31.368 设备ID=12076 module=PERIODIC id=ReadFoupStatus uuid=152 sendCount=1/1 timeout=1000ms crc=30 0C len=8
frame=01 04 00 00 00 09 30 0C
[2026-04-17 09:25:31] [INFO] [接收-帧] 09:25:31.466 设备ID=12076 module=PERIODIC id=ReadFoupStatus uuid=152 len=23
frame=01 04 12 40 FE D8 94 62 74 1C F8 7A 2A CE 54 67 11 44 49 5F 78 C3 8D
[2026-04-17 09:25:32] [INFO] [发送] 09:25:32.466 设备ID=12076 module=PERIODIC id=ReadFoupStatus uuid=152 sendCount=1/1 timeout=1000ms crc=30 0C len=8
frame=01 04 00 00 00 09 30 0C
[2026-04-17 09:25:32] [INFO] [接收-帧] 09:25:32.561 设备ID=12076 module=PERIODIC id=ReadFoupStatus uuid=152 len=23
frame=01 04 12 43 30 09 38 75 67 E3 E1 1B A2 6F 52 7F AE A5 6A EE C8 6B 32
[2026-04-17 09:25:33] [INFO] [发送] 09:25:33.555 设备ID=12076 module=PERIODIC id=ReadFoupStatus uuid=152 sendCount=1/1 timeout=1000ms crc=30 0C len=8
frame=01 04 00 00 00 09 30 0C
[2026-04-17 09:25:33] [INFO] [接收-帧] 09:25:33.657 设备ID=12076 module=PERIODIC id=ReadFoupStatus uuid=152 len=23
frame=01 04 12 F2 AB 75 78 59 6C E5 05 DF 2B E7 3F 9D 87 73 70 5C 69 06 D7
[2026-04-17 09:25:34] [INFO] [发送] 09:25:34.655 设备ID=12076 module=PERIODIC id=ReadFoupStatus uuid=152 sendCount=1/1 timeout=1000ms crc=30 0C len=8
frame=01 04 00 00 00 09 30 0C
[2026-04-17 09:25:34] [INFO] [接收-帧] 09:25:34.747 设备ID=12076 module=PERIODIC id=ReadFoupStatus uuid=152 len=23
frame=01 04 12 3D 10 03 A3 B1 52 AB B7 17 31 B0 22 99 23 7A 6F A9 24 47 3F
[2026-04-17 09:25:35] [INFO] [发送] 09:25:35.743 设备ID=12076 module=PERIODIC id=ReadFoupStatus uuid=152 sendCount=1/1 timeout=1000ms crc=30 0C len=8
frame=01 04 00 00 00 09 30 0C
[2026-04-17 09:25:35] [INFO] [接收-帧] 09:25:35.846 设备ID=12076 module=PERIODIC id=ReadFoupStatus uuid=152 len=23
frame=01 04 12 7E BC 10 81 B8 94 97 97 13 71 E4 74 D5 C4 54 DD 1D E7 EC 6C
[2026-04-17 09:25:36] [INFO] [发送] 09:25:36.837 设备ID=12076 module=PERIODIC id=ReadFoupStatus uuid=152 sendCount=1/1 timeout=1000ms crc=30 0C len=8
frame=01 04 00 00 00 09 30 0C
[2026-04-17 09:25:36] [INFO] [接收-帧] 09:25:36.935 设备ID=12076 module=PERIODIC id=ReadFoupStatus uuid=152 len=23
frame=01 04 12 13 BF 52 B6 8C 76 64 48 21 42 56 21 D9 C6 12 EB 11 FD A2 42
[2026-04-17 09:25:37] [INFO] [发送] 09:25:37.932 设备ID=12076 module=PERIODIC id=ReadFoupStatus uuid=152 sendCount=1/1 timeout=1000ms crc=30 0C len=8
frame=01 04 00 00 00 09 30 0C
[2026-04-17 09:25:38] [INFO] [接收-帧] 09:25:38.029 设备ID=12076 module=PERIODIC id=ReadFoupStatus uuid=152 len=23
frame=01 04 12 BC 92 3D E5 9C 0F 55 4C 61 F0 68 FB 1F D9 77 DE 6A 07 A4 A6
[2026-04-17 09:25:39] [INFO] [发送] 09:25:39.030 设备ID=12076 module=PERIODIC id=ReadFoupStatus uuid=152 sendCount=1/1 timeout=1000ms crc=30 0C len=8
frame=01 04 00 00 00 09 30 0C
[2026-04-17 09:25:39] [INFO] [接收-帧] 09:25:39.123 设备ID=12076 module=PERIODIC id=ReadFoupStatus uuid=152 len=23
frame=01 04 12 67 26 C1 0A 6A 82 93 B2 89 65 1A 3C E3 A5 25 DB F3 12 D9 81
[2026-04-17 09:25:40] [INFO] [发送] 09:25:40.120 设备ID=12076 module=PERIODIC id=ReadFoupStatus uuid=152 sendCount=1/1 timeout=1000ms crc=30 0C len=8
frame=01 04 00 00 00 09 30 0C
[2026-04-17 09:25:40] [INFO] [接收-帧] 09:25:40.221 设备ID=12076 module=PERIODIC id=ReadFoupStatus uuid=152 len=23
frame=01 04 12 6E 40 7A D8 B4 CE 6A 51 E2 EC 4D B2 97 27 98 59 42 1C C7 53
[2026-04-17 09:25:41] [INFO] [发送] 09:25:41.215 设备ID=12076 module=PERIODIC id=ReadFoupStatus uuid=152 sendCount=1/1 timeout=1000ms crc=30 0C len=8
frame=01 04 00 00 00 09 30 0C
[2026-04-17 09:25:41] [INFO] [接收-帧] 09:25:41.313 设备ID=12076 module=PERIODIC id=ReadFoupStatus uuid=152 len=23
frame=01 04 12 2E B8 92 9B C8 ED 18 E0 03 CE B2 51 48 55 52 8A 15 13 62 19
[2026-04-17 09:25:42] [INFO] [发送] 09:25:42.310 设备ID=12076 module=PERIODIC id=ReadFoupStatus uuid=152 sendCount=1/1 timeout=1000ms crc=30 0C len=8
frame=01 04 00 00 00 09 30 0C
[2026-04-17 09:25:42] [INFO] [接收-帧] 09:25:42.409 设备ID=12076 module=PERIODIC id=ReadFoupStatus uuid=152 len=23
frame=01 04 12 F5 32 1A 4B 11 F0 D3 4D 21 AD CB ED 58 88 8B A6 CF 6A DB 05
[2026-04-17 09:25:43] [INFO] [发送] 09:25:43.403 设备ID=12076 module=PERIODIC id=ReadFoupStatus uuid=152 sendCount=1/1 timeout=1000ms crc=30 0C len=8
frame=01 04 00 00 00 09 30 0C
[2026-04-17 09:25:43] [INFO] [接收-帧] 09:25:43.502 设备ID=12076 module=PERIODIC id=ReadFoupStatus uuid=152 len=23
frame=01 04 12 93 1D 00 21 57 F8 79 BF C2 F7 FC 27 57 A9 DE FE C3 29 95 51
[2026-04-17 09:25:44] [INFO] [发送] 09:25:44.494 设备ID=12076 module=PERIODIC id=ReadFoupStatus uuid=152 sendCount=1/1 timeout=1000ms crc=30 0C len=8
frame=01 04 00 00 00 09 30 0C
[2026-04-17 09:25:44] [INFO] [接收-帧] 09:25:44.590 设备ID=12076 module=PERIODIC id=ReadFoupStatus uuid=152 len=23
frame=01 04 12 1D 9A 72 08 74 1E 14 8D 5A BB 86 92 95 83 FA 49 3B 3C 3D 86
[2026-04-17 09:25:45] [INFO] [发送] 09:25:45.589 设备ID=12076 module=PERIODIC id=ReadFoupStatus uuid=152 sendCount=1/1 timeout=1000ms crc=30 0C len=8
frame=01 04 00 00 00 09 30 0C
[2026-04-17 09:25:45] [INFO] [接收-帧] 09:25:45.690 设备ID=12076 module=PERIODIC id=ReadFoupStatus uuid=152 len=23
frame=01 04 12 83 DE 93 3A 61 03 6F 86 66 0A B6 5C D1 A6 43 B9 5C FA 9A 11
[2026-04-17 09:25:46] [INFO] [发送] 09:25:46.682 设备ID=12076 module=PERIODIC id=ReadFoupStatus uuid=152 sendCount=1/1 timeout=1000ms crc=30 0C len=8
frame=01 04 00 00 00 09 30 0C
[2026-04-17 09:25:46] [INFO] [接收-帧] 09:25:46.779 设备ID=12076 module=PERIODIC id=ReadFoupStatus uuid=152 len=23
frame=01 04 12 DD AF AA D6 DB 41 6D 47 15 33 82 2B FD 4A 61 38 75 08 7B C4
[2026-04-17 09:25:47] [INFO] [发送] 09:25:47.834 设备ID=12076 module=PERIODIC id=ReadFoupStatus uuid=152 sendCount=1/1 timeout=1000ms crc=30 0C len=8
frame=01 04 00 00 00 09 30 0C
[2026-04-17 09:25:47] [INFO] [接收-帧] 09:25:47.872 设备ID=12076 module=PERIODIC id=ReadFoupStatus uuid=152 len=23
frame=01 04 12 A1 27 8E 6D 7B 5E 8A 7C 74 EA 98 08 BC CC F2 B9 C3 4C 38 8F
[2026-04-17 09:25:48] [INFO] [发送] 09:25:48.869 设备ID=12076 module=PERIODIC id=ReadFoupStatus uuid=152 sendCount=1/1 timeout=1000ms crc=30 0C len=8
frame=01 04 00 00 00 09 30 0C
[2026-04-17 09:25:48] [INFO] [接收-帧] 09:25:48.970 设备ID=12076 module=PERIODIC id=ReadFoupStatus uuid=152 len=23
frame=01 04 12 73 AD 48 31 87 E9 6C BF 0F A7 EC E3 A4 1D 8E 6B DD 0A D0 01
[2026-04-17 09:25:49] [INFO] [发送] 09:25:49.963 设备ID=12076 module=PERIODIC id=ReadFoupStatus uuid=152 sendCount=1/1 timeout=1000ms crc=30 0C len=8
frame=01 04 00 00 00 09 30 0C
[2026-04-17 09:25:50] [INFO] [接收-帧] 09:25:50.067 设备ID=12076 module=PERIODIC id=ReadFoupStatus uuid=152 len=23
frame=01 04 12 2E 8D 61 59 EF DD F9 7D ED 86 53 9E B8 16 E9 50 AA EF 1B 9E
[2026-04-17 09:25:51] [INFO] [发送] 09:25:51.057 设备ID=12076 module=PERIODIC id=ReadFoupStatus uuid=152 sendCount=1/1 timeout=1000ms crc=30 0C len=8
frame=01 04 00 00 00 09 30 0C
[2026-04-17 09:25:51] [INFO] [接收-帧] 09:25:51.154 设备ID=12076 module=PERIODIC id=ReadFoupStatus uuid=152 len=23
frame=01 04 12 97 C9 30 A4 C8 81 E8 12 81 B4 9D 08 BA 5D 34 FE 69 0B 02 62
[2026-04-17 09:25:52] [INFO] [发送] 09:25:52.223 设备ID=12076 module=PERIODIC id=ReadFoupStatus uuid=152 sendCount=1/1 timeout=1000ms crc=30 0C len=8
frame=01 04 00 00 00 09 30 0C
[2026-04-17 09:25:52] [INFO] [接收-帧] 09:25:52.249 设备ID=12076 module=PERIODIC id=ReadFoupStatus uuid=152 len=23
frame=01 04 12 64 BB 5B FC D1 14 17 D4 5D 81 C8 9A C6 52 A5 ED 39 6A B4 B9
[2026-04-17 09:25:53] [INFO] [发送] 09:25:53.248 设备ID=12076 module=PERIODIC id=ReadFoupStatus uuid=152 sendCount=1/1 timeout=1000ms crc=30 0C len=8
frame=01 04 00 00 00 09 30 0C
[2026-04-17 09:25:53] [INFO] [接收-帧] 09:25:53.342 设备ID=12076 module=PERIODIC id=ReadFoupStatus uuid=152 len=23
frame=01 04 12 BA 15 6C B7 80 89 2B B2 46 EB C2 FF 6E C7 A6 23 45 71 9A 81
[2026-04-17 09:25:54] [INFO] [发送] 09:25:54.336 设备ID=12076 module=PERIODIC id=ReadFoupStatus uuid=152 sendCount=1/1 timeout=1000ms crc=30 0C len=8
frame=01 04 00 00 00 09 30 0C
[2026-04-17 09:25:54] [INFO] [接收-帧] 09:25:54.442 设备ID=12076 module=PERIODIC id=ReadFoupStatus uuid=152 len=23
frame=01 04 12 FE 87 B7 55 CE FD A0 1B 66 58 32 67 EB FD 12 18 E9 37 14 85
[2026-04-17 09:25:55] [INFO] [发送] 09:25:55.443 设备ID=12076 module=PERIODIC id=ReadFoupStatus uuid=152 sendCount=1/1 timeout=1000ms crc=30 0C len=8
frame=01 04 00 00 00 09 30 0C
[2026-04-17 09:25:55] [INFO] [接收-帧] 09:25:55.536 设备ID=12076 module=PERIODIC id=ReadFoupStatus uuid=152 len=23
frame=01 04 12 96 1E 27 97 EE DF E6 F1 F2 12 17 90 A8 7E 49 35 24 10 AA FC
[2026-04-17 09:25:56] [INFO] [发送] 09:25:56.533 设备ID=12076 module=PERIODIC id=ReadFoupStatus uuid=152 sendCount=1/1 timeout=1000ms crc=30 0C len=8
frame=01 04 00 00 00 09 30 0C
[2026-04-17 09:25:56] [INFO] [接收-帧] 09:25:56.635 设备ID=12076 module=PERIODIC id=ReadFoupStatus uuid=152 len=23
frame=01 04 12 B3 64 CB 46 50 A7 85 86 71 23 0B 1A D1 34 33 67 46 0F 03 45
[2026-04-17 09:25:57] [INFO] [发送] 09:25:57.645 设备ID=12076 module=PERIODIC id=ReadFoupStatus uuid=152 sendCount=1/1 timeout=1000ms crc=30 0C len=8
frame=01 04 00 00 00 09 30 0C
[2026-04-17 09:25:57] [INFO] [接收-帧] 09:25:57.717 设备ID=12076 module=PERIODIC id=ReadFoupStatus uuid=152 len=23
frame=01 04 12 F7 C8 25 10 25 11 1C 63 DD B1 66 5C 21 3C 9F E1 EF D0 32 6D
[2026-04-17 09:25:58] [INFO] [发送] 09:25:58.713 设备ID=12076 module=PERIODIC id=ReadFoupStatus uuid=152 sendCount=1/1 timeout=1000ms crc=30 0C len=8
frame=01 04 00 00 00 09 30 0C
[2026-04-17 09:25:58] [INFO] [接收-帧] 09:25:58.816 设备ID=12076 module=PERIODIC id=ReadFoupStatus uuid=152 len=23
frame=01 04 12 A4 7C 5C 2C AF 9E 85 77 D6 67 27 18 C7 CA 16 32 FA FE 48 16
[2026-04-17 09:25:59] [INFO] [发送] 09:25:59.809 设备ID=12076 module=PERIODIC id=ReadFoupStatus uuid=152 sendCount=1/1 timeout=1000ms crc=30 0C len=8
frame=01 04 00 00 00 09 30 0C
[2026-04-17 09:25:59] [INFO] [接收-帧] 09:25:59.907 设备ID=12076 module=PERIODIC id=ReadFoupStatus uuid=152 len=23
frame=01 04 12 5D DD 2E CE 36 72 2D 3D F5 3C 9E AC DF 5B 81 75 45 92 F4 CC
[2026-04-17 09:26:00] [INFO] [发送] 09:26:00.911 设备ID=12076 module=PERIODIC id=ReadFoupStatus uuid=152 sendCount=1/1 timeout=1000ms crc=30 0C len=8
frame=01 04 00 00 00 09 30 0C
[2026-04-17 09:26:01] [INFO] [接收-帧] 09:26:01.002 设备ID=12076 module=PERIODIC id=ReadFoupStatus uuid=152 len=23
frame=01 04 12 D6 D0 37 88 B3 A5 A9 EE 48 1C B4 02 63 D9 64 93 A2 98 6F F3
[2026-04-17 09:26:01] [INFO] [发送] 09:26:01.993 设备ID=12076 module=PERIODIC id=ReadFoupStatus uuid=152 sendCount=1/1 timeout=1000ms crc=30 0C len=8
frame=01 04 00 00 00 09 30 0C
[2026-04-17 09:26:02] [INFO] [接收-帧] 09:26:02.095 设备ID=12076 module=PERIODIC id=ReadFoupStatus uuid=152 len=23
frame=01 04 12 1C 6C E8 86 9F 37 E1 FA 4B 34 48 2A 9F AA 50 FB 39 15 80 21
[2026-04-17 09:26:03] [INFO] [发送] 09:26:03.088 设备ID=12076 module=PERIODIC id=ReadFoupStatus uuid=152 sendCount=1/1 timeout=1000ms crc=30 0C len=8
frame=01 04 00 00 00 09 30 0C
[2026-04-17 09:26:03] [INFO] [接收-帧] 09:26:03.187 设备ID=12076 module=PERIODIC id=ReadFoupStatus uuid=152 len=23
frame=01 04 12 3D 2C E4 7C F9 7A CD BF FA B7 39 44 B2 1A 6C 20 3A 6F 1A D9
[2026-04-17 09:26:04] [INFO] [发送] 09:26:04.188 设备ID=12076 module=PERIODIC id=ReadFoupStatus uuid=152 sendCount=1/1 timeout=1000ms crc=30 0C len=8
frame=01 04 00 00 00 09 30 0C
[2026-04-17 09:26:04] [INFO] [接收-帧] 09:26:04.284 设备ID=12076 module=PERIODIC id=ReadFoupStatus uuid=152 len=23
frame=01 04 12 EE 86 E8 0A D1 13 44 46 7E 68 19 C7 37 17 99 E4 8D A0 A5 62
[2026-04-17 09:26:05] [INFO] [发送] 09:26:05.277 设备ID=12076 module=PERIODIC id=ReadFoupStatus uuid=152 sendCount=1/1 timeout=1000ms crc=30 0C len=8
frame=01 04 00 00 00 09 30 0C
[2026-04-17 09:26:05] [INFO] [接收-帧] 09:26:05.381 设备ID=12076 module=PERIODIC id=ReadFoupStatus uuid=152 len=23
frame=01 04 12 FE CE 2E 41 C8 EC 4C 9D 71 3F EA A7 10 99 B5 C6 65 35 62 02
[2026-04-17 09:26:06] [INFO] [发送] 09:26:06.377 设备ID=12076 module=PERIODIC id=ReadFoupStatus uuid=152 sendCount=1/1 timeout=1000ms crc=30 0C len=8
frame=01 04 00 00 00 09 30 0C
[2026-04-17 09:26:06] [INFO] [接收-帧] 09:26:06.471 设备ID=12076 module=PERIODIC id=ReadFoupStatus uuid=152 len=23
frame=01 04 12 41 9F 30 DF 5C AF D3 67 C7 77 D8 72 8C FE C3 39 58 DB 33 51
[2026-04-17 09:26:07] [INFO] [发送] 09:26:07.476 设备ID=12076 module=PERIODIC id=ReadFoupStatus uuid=152 sendCount=1/1 timeout=1000ms crc=30 0C len=8
frame=01 04 00 00 00 09 30 0C
[2026-04-17 09:26:07] [INFO] [接收-帧] 09:26:07.689 设备ID=12076 module=PERIODIC id=ReadFoupStatus uuid=152 len=23
frame=01 04 12 E5 90 C1 7A 0C 12 A0 15 7D 67 83 FD 1D DF A9 F1 CC AF 1E C7
[2026-04-17 09:26:08] [INFO] [发送] 09:26:08.683 设备ID=12076 module=PERIODIC id=ReadFoupStatus uuid=152 sendCount=1/1 timeout=1000ms crc=30 0C len=8
frame=01 04 00 00 00 09 30 0C
[2026-04-17 09:26:08] [INFO] [接收-帧] 09:26:08.767 设备ID=12076 module=PERIODIC id=ReadFoupStatus uuid=152 len=23
frame=01 04 12 53 93 13 E7 50 A7 AC 93 01 7B 8D DF 21 C2 81 0C 13 31 91 53
[2026-04-17 09:26:09] [INFO] [发送] 09:26:09.806 设备ID=12076 module=PERIODIC id=ReadFoupStatus uuid=152 sendCount=1/1 timeout=1000ms crc=30 0C len=8
frame=01 04 00 00 00 09 30 0C
[2026-04-17 09:26:09] [INFO] [接收-帧] 09:26:09.858 设备ID=12076 module=PERIODIC id=ReadFoupStatus uuid=152 len=23
frame=01 04 12 A7 A0 B5 AF 02 D9 E2 80 8B 4A 35 8E B8 0A 3A 48 80 28 FC 9E
[2026-04-17 09:26:10] [INFO] [发送] 09:26:10.866 设备ID=12076 module=PERIODIC id=ReadFoupStatus uuid=152 sendCount=1/1 timeout=1000ms crc=30 0C len=8
frame=01 04 00 00 00 09 30 0C
[2026-04-17 09:26:10] [INFO] [接收-帧] 09:26:10.957 设备ID=12076 module=PERIODIC id=ReadFoupStatus uuid=152 len=23
frame=01 04 12 10 71 37 EC E2 7C 44 00 1F CE B9 01 0D 5B 21 24 68 E3 87 8E
[2026-04-17 09:26:11] [INFO] [发送] 09:26:11.951 设备ID=12076 module=PERIODIC id=ReadFoupStatus uuid=152 sendCount=1/1 timeout=1000ms crc=30 0C len=8
frame=01 04 00 00 00 09 30 0C
[2026-04-17 09:26:12] [INFO] [接收-帧] 09:26:12.050 设备ID=12076 module=PERIODIC id=ReadFoupStatus uuid=152 len=23
frame=01 04 12 FB 27 23 97 1F 4F A3 34 4D 54 DF 75 DD D1 32 4B 0F 0C 1B 8B
[2026-04-17 09:26:13] [INFO] [发送] 09:26:13.045 设备ID=12076 module=PERIODIC id=ReadFoupStatus uuid=152 sendCount=1/1 timeout=1000ms crc=30 0C len=8
frame=01 04 00 00 00 09 30 0C
[2026-04-17 09:26:13] [INFO] [接收-帧] 09:26:13.141 设备ID=12076 module=PERIODIC id=ReadFoupStatus uuid=152 len=23
frame=01 04 12 41 5C A6 51 CD 4C 14 17 78 C5 99 C4 70 DE BA C7 08 39 9D 26
[2026-04-17 09:26:14] [INFO] [发送] 09:26:14.137 设备ID=12076 module=PERIODIC id=ReadFoupStatus uuid=152 sendCount=1/1 timeout=1000ms crc=30 0C len=8
frame=01 04 00 00 00 09 30 0C
[2026-04-17 09:26:14] [INFO] [接收-帧] 09:26:14.233 设备ID=12076 module=PERIODIC id=ReadFoupStatus uuid=152 len=23
frame=01 04 12 86 B5 BD ED 2E 42 FA C6 BA 0E 0E 1A A8 49 44 9A 7B 0E 18 67
[2026-04-17 09:26:15] [INFO] [发送] 09:26:15.425 设备ID=12076 module=PERIODIC id=ReadFoupStatus uuid=152 sendCount=1/1 timeout=1000ms crc=30 0C len=8
frame=01 04 00 00 00 09 30 0C
[2026-04-17 09:26:15] [INFO] [接收-帧] 09:26:15.612 设备ID=12076 module=PERIODIC id=ReadFoupStatus uuid=152 len=23
frame=01 04 12 AA F4 1C F4 52 F7 6D 8D 86 C1 9B 51 E8 C6 84 08 13 5B 93 10
[2026-04-17 09:26:16] [INFO] [发送] 09:26:16.602 设备ID=12076 module=PERIODIC id=ReadFoupStatus uuid=152 sendCount=1/1 timeout=1000ms crc=30 0C len=8
frame=01 04 00 00 00 09 30 0C
[2026-04-17 09:26:16] [INFO] [接收-帧] 09:26:16.645 设备ID=12076 module=PERIODIC id=ReadFoupStatus uuid=152 len=23
frame=01 04 12 1D 34 CD 57 ED F7 EC E0 62 07 60 DB 1A 48 78 C0 1F 0D BD 20
[2026-04-17 09:26:17] [INFO] [发送] 09:26:17.659 设备ID=12076 module=PERIODIC id=ReadFoupStatus uuid=152 sendCount=1/1 timeout=1000ms crc=30 0C len=8
frame=01 04 00 00 00 09 30 0C
[2026-04-17 09:26:17] [INFO] [接收-帧] 09:26:17.737 设备ID=12076 module=PERIODIC id=ReadFoupStatus uuid=152 len=23
frame=01 04 12 C5 21 42 93 32 7F 3F B8 40 C2 36 5F 38 CC EF C5 B3 D5 13 3D
[2026-04-17 09:26:18] [INFO] [发送] 09:26:18.740 设备ID=12076 module=PERIODIC id=ReadFoupStatus uuid=152 sendCount=1/1 timeout=1000ms crc=30 0C len=8
frame=01 04 00 00 00 09 30 0C
[2026-04-17 09:26:18] [INFO] [接收-帧] 09:26:18.827 设备ID=12076 module=PERIODIC id=ReadFoupStatus uuid=152 len=23
frame=01 04 12 1C 3A 58 9A B6 7D AF 49 FC 2F 8B 9C E5 B2 4F C6 0A 08 B3 AB
[2026-04-17 09:26:19] [INFO] [发送] 09:26:19.827 设备ID=12076 module=PERIODIC id=ReadFoupStatus uuid=152 sendCount=1/1 timeout=1000ms crc=30 0C len=8
frame=01 04 00 00 00 09 30 0C
[2026-04-17 09:26:19] [INFO] [接收-帧] 09:26:19.920 设备ID=12076 module=PERIODIC id=ReadFoupStatus uuid=152 len=23
frame=01 04 12 1C 76 60 EC BD BC 77 71 4C 89 22 6B 53 17 7D 65 97 21 C4 34
[2026-04-17 09:26:20] [INFO] [发送] 09:26:20.921 设备ID=12076 module=PERIODIC id=ReadFoupStatus uuid=152 sendCount=1/1 timeout=1000ms crc=30 0C len=8
frame=01 04 00 00 00 09 30 0C
[2026-04-17 09:26:21] [INFO] [接收-帧] 09:26:21.017 设备ID=12076 module=PERIODIC id=ReadFoupStatus uuid=152 len=23
frame=01 04 12 27 B8 EE 2B 5D 68 0C F0 78 8F 61 79 05 3A 92 AB 18 62 FA 0F
[2026-04-17 09:26:22] [INFO] [发送] 09:26:22.019 设备ID=12076 module=PERIODIC id=ReadFoupStatus uuid=152 sendCount=1/1 timeout=1000ms crc=30 0C len=8
frame=01 04 00 00 00 09 30 0C
[2026-04-17 09:26:22] [INFO] [接收-帧] 09:26:22.107 设备ID=12076 module=PERIODIC id=ReadFoupStatus uuid=152 len=23
frame=01 04 12 40 F0 06 B5 10 42 DA BD AA AC 9C F6 6D 47 8F B8 A6 EB 86 A2
[2026-04-17 09:26:23] [INFO] [发送] 09:26:23.104 设备ID=12076 module=PERIODIC id=ReadFoupStatus uuid=152 sendCount=1/1 timeout=1000ms crc=30 0C len=8
frame=01 04 00 00 00 09 30 0C
[2026-04-17 09:26:23] [INFO] [接收-帧] 09:26:23.205 设备ID=12076 module=PERIODIC id=ReadFoupStatus uuid=152 len=23
frame=01 04 12 B4 8A 3A 45 30 71 65 65 C8 BA 56 C3 7D 13 45 2F 4D 5A 39 02
[2026-04-17 09:26:24] [INFO] [发送] 09:26:24.199 设备ID=12076 module=PERIODIC id=ReadFoupStatus uuid=152 sendCount=1/1 timeout=1000ms crc=30 0C len=8
frame=01 04 00 00 00 09 30 0C
[2026-04-17 09:26:24] [INFO] [接收-帧] 09:26:24.295 设备ID=12076 module=PERIODIC id=ReadFoupStatus uuid=152 len=23
frame=01 04 12 0F 24 FD 34 29 52 33 B6 CA BE D3 63 F3 0D F5 92 1F 3A 19 EE
[2026-04-17 09:26:25] [INFO] [发送] 09:26:25.620 设备ID=12076 module=PERIODIC id=ReadFoupStatus uuid=152 sendCount=1/1 timeout=1000ms crc=30 0C len=8
frame=01 04 00 00 00 09 30 0C
[2026-04-17 09:26:25] [INFO] [接收-帧] 09:26:25.778 设备ID=12076 module=PERIODIC id=ReadFoupStatus uuid=152 len=23
frame=01 04 12 13 5A 64 1C F6 E6 90 8F 96 70 EC 3D FE A3 D1 4F 87 2D 5F 5C
[2026-04-17 09:26:27] [INFO] [发送] 09:26:27.154 设备ID=12076 module=PERIODIC id=ReadFoupStatus uuid=152 sendCount=1/1 timeout=1000ms crc=30 0C len=8
frame=01 04 00 00 00 09 30 0C
[2026-04-17 09:26:27] [INFO] [接收-帧] 09:26:27.263 设备ID=12076 module=PERIODIC id=ReadFoupStatus uuid=152 len=23
frame=01 04 12 CE 62 D6 25 2C A9 85 87 0A B4 F5 89 88 EF 16 A1 03 C8 C9 FE
[2026-04-17 09:26:28] [INFO] [发送] 09:26:28.374 设备ID=12076 module=PERIODIC id=ReadFoupStatus uuid=152 sendCount=1/1 timeout=1000ms crc=30 0C len=8
frame=01 04 00 00 00 09 30 0C
[2026-04-17 09:26:28] [INFO] [接收-帧] 09:26:28.464 设备ID=12076 module=PERIODIC id=ReadFoupStatus uuid=152 len=23
frame=01 04 12 97 0C 53 8E AB 26 57 E4 E3 2A 58 4B 03 3A D3 51 09 3B DD B4
[2026-04-17 09:26:29] [INFO] [发送] 09:26:29.475 设备ID=12076 module=PERIODIC id=ReadFoupStatus uuid=152 sendCount=1/1 timeout=1000ms crc=30 0C len=8
frame=01 04 00 00 00 09 30 0C
[2026-04-17 09:26:29] [INFO] [接收-帧] 09:26:29.585 设备ID=12076 module=PERIODIC id=ReadFoupStatus uuid=152 len=23
frame=01 04 12 28 B6 85 16 07 7B 3C D2 4B D2 C5 3C E3 E5 20 7E FB 9D 49 4D
[2026-04-17 09:26:30] [INFO] [发送] 09:26:30.833 设备ID=12076 module=PERIODIC id=ReadFoupStatus uuid=152 sendCount=1/1 timeout=1000ms crc=30 0C len=8
frame=01 04 00 00 00 09 30 0C
[2026-04-17 09:26:30] [INFO] [接收-帧] 09:26:30.857 设备ID=12076 module=PERIODIC id=ReadFoupStatus uuid=152 len=23
frame=01 04 12 8B 47 83 7C 84 89 E1 FE D3 62 C7 38 8F 3D 36 92 F1 B4 C4 FD
[2026-04-17 09:26:31] [INFO] [发送] 09:26:31.862 设备ID=12076 module=PERIODIC id=ReadFoupStatus uuid=152 sendCount=1/1 timeout=1000ms crc=30 0C len=8
frame=01 04 00 00 00 09 30 0C
[2026-04-17 09:26:31] [INFO] [接收-帧] 09:26:31.954 设备ID=12076 module=PERIODIC id=ReadFoupStatus uuid=152 len=23
frame=01 04 12 2D A5 76 DD FA 84 32 6E 59 9A A7 AC E7 27 31 4F 54 43 33 7B
[2026-04-17 09:26:32] [INFO] [发送] 09:26:32.954 设备ID=12076 module=PERIODIC id=ReadFoupStatus uuid=152 sendCount=1/1 timeout=1000ms crc=30 0C len=8
frame=01 04 00 00 00 09 30 0C
[2026-04-17 09:26:33] [INFO] [接收-帧] 09:26:33.044 设备ID=12076 module=PERIODIC id=ReadFoupStatus uuid=152 len=23
frame=01 04 12 8A 31 E5 6E 76 91 E2 77 04 56 D2 88 3A A1 C3 4B 23 CA 6C C8
[2026-04-17 09:26:34] [INFO] [发送] 09:26:34.049 设备ID=12076 module=PERIODIC id=ReadFoupStatus uuid=152 sendCount=1/1 timeout=1000ms crc=30 0C len=8
frame=01 04 00 00 00 09 30 0C
[2026-04-17 09:26:34] [INFO] [接收-帧] 09:26:34.161 设备ID=12076 module=PERIODIC id=ReadFoupStatus uuid=152 len=23
frame=01 04 12 8F C7 E4 59 28 55 CE 5C 23 E2 38 98 EB 4A F2 3B 9D 18 C2 8C
[2026-04-17 09:26:35] [INFO] [发送] 09:26:35.152 设备ID=12076 module=PERIODIC id=ReadFoupStatus uuid=152 sendCount=1/1 timeout=1000ms crc=30 0C len=8
frame=01 04 00 00 00 09 30 0C
[2026-04-17 09:26:35] [INFO] [接收-帧] 09:26:35.238 设备ID=12076 module=PERIODIC id=ReadFoupStatus uuid=152 len=23
frame=01 04 12 75 D4 1C 19 33 0F 54 02 1E 83 30 0A A7 78 D7 62 80 B5 A3 11
[2026-04-17 09:26:36] [INFO] [发送] 09:26:36.255 设备ID=12076 module=PERIODIC id=ReadFoupStatus uuid=152 sendCount=1/1 timeout=1000ms crc=30 0C len=8
frame=01 04 00 00 00 09 30 0C
[2026-04-17 09:26:36] [INFO] [接收-帧] 09:26:36.328 设备ID=12076 module=PERIODIC id=ReadFoupStatus uuid=152 len=23
frame=01 04 12 CC 2B 35 85 44 9D A0 55 82 E9 94 FD 21 BA AC 76 EA BB 70 C7
[2026-04-17 09:26:37] [INFO] [发送] 09:26:37.340 设备ID=12076 module=PERIODIC id=ReadFoupStatus uuid=152 sendCount=1/1 timeout=1000ms crc=30 0C len=8
frame=01 04 00 00 00 09 30 0C
[2026-04-17 09:26:37] [INFO] [接收-帧] 09:26:37.422 设备ID=12076 module=PERIODIC id=ReadFoupStatus uuid=152 len=23
frame=01 04 12 B6 FD CA 3C 15 01 F0 53 F3 DE 95 6C 59 0E 8F 20 36 42 78 B6
[2026-04-17 09:26:38] [INFO] [发送] 09:26:38.420 设备ID=12076 module=PERIODIC id=ReadFoupStatus uuid=152 sendCount=1/1 timeout=1000ms crc=30 0C len=8
frame=01 04 00 00 00 09 30 0C
[2026-04-17 09:26:38] [INFO] [接收-帧] 09:26:38.518 设备ID=12076 module=PERIODIC id=ReadFoupStatus uuid=152 len=23
frame=01 04 12 5D 44 31 8E F9 9A 20 21 AF 6A C3 84 51 21 D0 D6 4E 83 16 BD
[2026-04-17 09:26:39] [INFO] [发送] 09:26:39.512 设备ID=12076 module=PERIODIC id=ReadFoupStatus uuid=152 sendCount=1/1 timeout=1000ms crc=30 0C len=8
frame=01 04 00 00 00 09 30 0C
[2026-04-17 09:26:39] [INFO] [接收-帧] 09:26:39.610 设备ID=12076 module=PERIODIC id=ReadFoupStatus uuid=152 len=23
frame=01 04 12 80 CF 91 AF AD C4 80 F6 09 A6 A2 C4 29 C2 B8 5E DB 39 59 D2
[2026-04-17 09:26:40] [INFO] [发送] 09:26:40.620 设备ID=12076 module=PERIODIC id=ReadFoupStatus uuid=152 sendCount=1/1 timeout=1000ms crc=30 0C len=8
frame=01 04 00 00 00 09 30 0C
[2026-04-17 09:26:40] [INFO] [接收-帧] 09:26:40.701 设备ID=12076 module=PERIODIC id=ReadFoupStatus uuid=152 len=23
frame=01 04 12 C0 52 0B C1 0E 9B 95 79 74 6D 25 D5 2E 0B AE 73 4C 54 8D DE
[2026-04-17 09:26:41] [INFO] [发送] 09:26:41.716 设备ID=12076 module=PERIODIC id=ReadFoupStatus uuid=152 sendCount=1/1 timeout=1000ms crc=30 0C len=8
frame=01 04 00 00 00 09 30 0C
[2026-04-17 09:26:41] [INFO] [接收-帧] 09:26:41.799 设备ID=12076 module=PERIODIC id=ReadFoupStatus uuid=152 len=23
frame=01 04 12 4B 7F 64 58 D4 64 37 57 8E 6F D7 3C 1D 87 88 D0 6F CA B8 0B
[2026-04-17 09:26:42] [INFO] [发送] 09:26:42.938 设备ID=12076 module=PERIODIC id=ReadFoupStatus uuid=152 sendCount=1/1 timeout=1000ms crc=30 0C len=8
frame=01 04 00 00 00 09 30 0C
[2026-04-17 09:26:43] [INFO] [接收-帧] 09:26:43.003 设备ID=12076 module=PERIODIC id=ReadFoupStatus uuid=152 len=23
frame=01 04 12 16 89 60 07 58 87 3E 26 B0 AD 9B 5D A1 1F BE 28 5C B9 79 93
[2026-04-17 09:26:44] [INFO] [发送] 09:26:44.002 设备ID=12076 module=PERIODIC id=ReadFoupStatus uuid=152 sendCount=1/1 timeout=1000ms crc=30 0C len=8
frame=01 04 00 00 00 09 30 0C
[2026-04-17 09:26:44] [INFO] [接收-帧] 09:26:44.094 设备ID=12076 module=PERIODIC id=ReadFoupStatus uuid=152 len=23
frame=01 04 12 AA 99 DB F5 A1 B9 29 20 CE 79 AA 50 C6 6A 3C 67 02 F4 E3 FA
[2026-04-17 09:26:45] [INFO] [发送] 09:26:45.090 设备ID=12076 module=PERIODIC id=ReadFoupStatus uuid=152 sendCount=1/1 timeout=1000ms crc=30 0C len=8
frame=01 04 00 00 00 09 30 0C
[2026-04-17 09:26:45] [INFO] [接收-帧] 09:26:45.192 设备ID=12076 module=PERIODIC id=ReadFoupStatus uuid=152 len=23
frame=01 04 12 41 C4 F6 26 86 96 9A 5E DB A2 2B 58 EC 0C 17 4C 74 F5 FA 71
[2026-04-17 09:26:46] [INFO] [发送] 09:26:46.192 设备ID=12076 module=PERIODIC id=ReadFoupStatus uuid=152 sendCount=1/1 timeout=1000ms crc=30 0C len=8
frame=01 04 00 00 00 09 30 0C
[2026-04-17 09:26:46] [INFO] [接收-帧] 09:26:46.280 设备ID=12076 module=PERIODIC id=ReadFoupStatus uuid=152 len=23
frame=01 04 12 C9 68 59 87 B5 B1 C1 5C 5A E8 E6 67 07 E0 25 04 D6 38 72 8A
[2026-04-17 09:26:47] [INFO] [发送] 09:26:47.286 设备ID=12076 module=PERIODIC id=ReadFoupStatus uuid=152 sendCount=1/1 timeout=1000ms crc=30 0C len=8
frame=01 04 00 00 00 09 30 0C
[2026-04-17 09:26:47] [INFO] [接收-帧] 09:26:47.374 设备ID=12076 module=PERIODIC id=ReadFoupStatus uuid=152 len=23
frame=01 04 12 F9 D2 41 98 D9 9C 1E B7 3E 14 E9 F9 DF 80 A4 EE C4 62 E4 AB
[2026-04-17 09:26:48] [INFO] [发送] 09:26:48.385 设备ID=12076 module=PERIODIC id=ReadFoupStatus uuid=152 sendCount=1/1 timeout=1000ms crc=30 0C len=8
frame=01 04 00 00 00 09 30 0C
[2026-04-17 09:26:48] [INFO] [接收-帧] 09:26:48.469 设备ID=12076 module=PERIODIC id=ReadFoupStatus uuid=152 len=23
frame=01 04 12 C2 5A 42 D8 1C C0 54 B1 91 63 EE 27 19 04 F2 AF 6E 9F 79 F1
[2026-04-17 09:26:49] [INFO] [发送] 09:26:49.486 设备ID=12076 module=PERIODIC id=ReadFoupStatus uuid=152 sendCount=1/1 timeout=1000ms crc=30 0C len=8
frame=01 04 00 00 00 09 30 0C
[2026-04-17 09:26:49] [INFO] [接收-帧] 09:26:49.579 设备ID=12076 module=PERIODIC id=ReadFoupStatus uuid=152 len=23
frame=01 04 12 86 09 86 BD 42 D5 BC 31 0B 23 E6 44 93 00 1B 5C 12 DA 3F 6D
[2026-04-17 09:26:50] [INFO] [发送] 09:26:50.600 设备ID=12076 module=PERIODIC id=ReadFoupStatus uuid=152 sendCount=1/1 timeout=1000ms crc=30 0C len=8
frame=01 04 00 00 00 09 30 0C
[2026-04-17 09:26:50] [INFO] [接收-帧] 09:26:50.655 设备ID=12076 module=PERIODIC id=ReadFoupStatus uuid=152 len=23
frame=01 04 12 8D 2F 25 97 B9 02 E6 26 D4 1E 28 D3 15 46 82 B1 64 49 60 E7
[2026-04-17 09:26:51] [INFO] [发送] 09:26:51.669 设备ID=12076 module=PERIODIC id=ReadFoupStatus uuid=152 sendCount=1/1 timeout=1000ms crc=30 0C len=8
frame=01 04 00 00 00 09 30 0C
[2026-04-17 09:26:51] [INFO] [接收-帧] 09:26:51.756 设备ID=12076 module=PERIODIC id=ReadFoupStatus uuid=152 len=23
frame=01 04 12 49 2B 4F 9C 44 48 73 2E 1F 62 64 6F 4C A2 07 AF A4 62 5D C6
[2026-04-17 09:26:52] [INFO] [发送] 09:26:52.743 设备ID=12076 module=PERIODIC id=ReadFoupStatus uuid=152 sendCount=1/1 timeout=1000ms crc=30 0C len=8
frame=01 04 00 00 00 09 30 0C
[2026-04-17 09:26:52] [INFO] [接收-帧] 09:26:52.847 设备ID=12076 module=PERIODIC id=ReadFoupStatus uuid=152 len=23
frame=01 04 12 B1 81 E8 5E E0 D4 0B 06 DB 84 4F 42 3C 35 46 B0 7D 0E 86 7B
[2026-04-17 09:26:53] [INFO] [发送] 09:26:53.847 设备ID=12076 module=PERIODIC id=ReadFoupStatus uuid=152 sendCount=1/1 timeout=1000ms crc=30 0C len=8
frame=01 04 00 00 00 09 30 0C
[2026-04-17 09:26:53] [INFO] [接收-帧] 09:26:53.940 设备ID=12076 module=PERIODIC id=ReadFoupStatus uuid=152 len=23
frame=01 04 12 26 33 BC 00 A5 25 67 62 69 92 3D 51 64 88 3D B7 BA 7E 2C 44
[2026-04-17 09:26:54] [INFO] [发送] 09:26:54.942 设备ID=12076 module=PERIODIC id=ReadFoupStatus uuid=152 sendCount=1/1 timeout=1000ms crc=30 0C len=8
frame=01 04 00 00 00 09 30 0C
[2026-04-17 09:26:55] [INFO] [接收-帧] 09:26:55.037 设备ID=12076 module=PERIODIC id=ReadFoupStatus uuid=152 len=23
frame=01 04 12 F8 C5 7D 3B 20 00 C8 F8 2D 18 E1 EC 00 28 74 F1 B5 BC 40 88
[2026-04-17 09:26:56] [INFO] [发送] 09:26:56.037 设备ID=12076 module=PERIODIC id=ReadFoupStatus uuid=152 sendCount=1/1 timeout=1000ms crc=30 0C len=8
frame=01 04 00 00 00 09 30 0C
[2026-04-17 09:26:56] [INFO] [接收-帧] 09:26:56.134 设备ID=12076 module=PERIODIC id=ReadFoupStatus uuid=152 len=23
frame=01 04 12 39 FA CB 52 BD 86 3B 72 A6 C8 A9 54 B3 EE F3 D7 ED CB 00 17
[2026-04-17 09:26:57] [INFO] [发送] 09:26:57.147 设备ID=12076 module=PERIODIC id=ReadFoupStatus uuid=152 sendCount=1/1 timeout=1000ms crc=30 0C len=8
frame=01 04 00 00 00 09 30 0C
[2026-04-17 09:26:57] [INFO] [接收-帧] 09:26:57.220 设备ID=12076 module=PERIODIC id=ReadFoupStatus uuid=152 len=23
frame=01 04 12 3A 32 62 1C E7 11 80 8D 89 BE C5 62 55 32 51 CC EE 46 28 B0
[2026-04-17 09:26:58] [INFO] [发送] 09:26:58.214 设备ID=12076 module=PERIODIC id=ReadFoupStatus uuid=152 sendCount=1/1 timeout=1000ms crc=30 0C len=8
frame=01 04 00 00 00 09 30 0C
[2026-04-17 09:26:58] [INFO] [接收-帧] 09:26:58.315 设备ID=12076 module=PERIODIC id=ReadFoupStatus uuid=152 len=23
frame=01 04 12 23 B9 52 19 0E A8 E5 0A B7 1A CA 2F 8B 59 66 37 21 EA 27 3B
[2026-04-17 09:26:59] [INFO] [发送] 09:26:59.309 设备ID=12076 module=PERIODIC id=ReadFoupStatus uuid=152 sendCount=1/1 timeout=1000ms crc=30 0C len=8
frame=01 04 00 00 00 09 30 0C
[2026-04-17 09:26:59] [INFO] [接收-帧] 09:26:59.405 设备ID=12076 module=PERIODIC id=ReadFoupStatus uuid=152 len=23
frame=01 04 12 25 BD 45 86 62 8E 46 39 9F 5E 1C 6B A4 7E FC F5 2C 25 8A 27
[2026-04-17 09:27:00] [INFO] [发送] 09:27:00.401 设备ID=12076 module=PERIODIC id=ReadFoupStatus uuid=152 sendCount=1/1 timeout=1000ms crc=30 0C len=8
frame=01 04 00 00 00 09 30 0C
[2026-04-17 09:27:00] [INFO] [接收-帧] 09:27:00.502 设备ID=12076 module=PERIODIC id=ReadFoupStatus uuid=152 len=23
frame=01 04 12 58 4D 28 E0 8D 28 F6 BB CC 3C E1 4B 07 2C 60 7F 01 BB 54 D5
[2026-04-17 09:27:01] [INFO] [发送] 09:27:01.502 设备ID=12076 module=PERIODIC id=ReadFoupStatus uuid=152 sendCount=1/1 timeout=1000ms crc=30 0C len=8
frame=01 04 00 00 00 09 30 0C
[2026-04-17 09:27:01] [INFO] [接收-帧] 09:27:01.598 设备ID=12076 module=PERIODIC id=ReadFoupStatus uuid=152 len=23
frame=01 04 12 DF AF 2C 29 57 4E 72 D7 9E 00 D5 C0 A4 60 ED 3E BC 2A 16 6B
[2026-04-17 09:27:37] [INFO] [发送] 09:27:37.721 设备ID=12076 module=INITIAL id=ReadVersion uuid=151 sendCount=1/4 timeout=1000ms crc=B1 CD len=8
frame=01 04 00 18 00 01 B1 CD
[2026-04-17 09:27:37] [INFO] [接收-帧] 09:27:37.800 设备ID=12076 module=INITIAL id=ReadVersion uuid=151 len=7
frame=01 04 02 00 00 B9 30
[2026-04-17 09:27:37] [INFO] [发送] 09:27:37.800 设备ID=12076 module=PERIODIC id=ReadFoupStatus uuid=152 sendCount=1/1 timeout=1000ms crc=30 0C len=8
frame=01 04 00 00 00 09 30 0C
[2026-04-17 09:27:37] [INFO] [接收-帧] 09:27:37.909 设备ID=12076 module=PERIODIC id=ReadFoupStatus uuid=152 len=23
frame=01 04 12 CD C3 86 C7 E4 9E 7C 52 8E 71 E0 93 C1 91 36 00 C4 6E D6 71
[2026-04-17 09:27:38] [INFO] [发送] 09:27:38.901 设备ID=12076 module=PERIODIC id=ReadFoupStatus uuid=152 sendCount=1/1 timeout=1000ms crc=30 0C len=8
frame=01 04 00 00 00 09 30 0C
[2026-04-17 09:27:38] [INFO] [接收-帧] 09:27:38.998 设备ID=12076 module=PERIODIC id=ReadFoupStatus uuid=152 len=23
frame=01 04 12 FC 97 62 1B 8A 8B CD 7C C2 B1 A8 6B F9 2B 4F 83 DB 2A CF CD
[2026-04-17 09:27:39] [INFO] [发送] 09:27:39.995 设备ID=12076 module=PERIODIC id=ReadFoupStatus uuid=152 sendCount=1/1 timeout=1000ms crc=30 0C len=8
frame=01 04 00 00 00 09 30 0C
[2026-04-17 09:27:40] [INFO] [接收-帧] 09:27:40.095 设备ID=12076 module=PERIODIC id=ReadFoupStatus uuid=152 len=23
frame=01 04 12 A2 DE 12 DF 1C D4 45 2C 9E 7F 5C E8 F2 97 61 D3 3F D6 6B D3
[2026-04-17 09:27:41] [INFO] [发送] 09:27:41.093 设备ID=12076 module=PERIODIC id=ReadFoupStatus uuid=152 sendCount=1/1 timeout=1000ms crc=30 0C len=8
frame=01 04 00 00 00 09 30 0C
[2026-04-17 09:27:41] [INFO] [接收-帧] 09:27:41.189 设备ID=12076 module=PERIODIC id=ReadFoupStatus uuid=152 len=23
frame=01 04 12 EB FA 2F A7 E5 30 68 87 EB 74 F2 EE C5 7B 40 05 20 4B A7 55
[2026-04-17 09:27:42] [INFO] [发送] 09:27:42.181 设备ID=12076 module=PERIODIC id=ReadFoupStatus uuid=152 sendCount=1/1 timeout=1000ms crc=30 0C len=8
frame=01 04 00 00 00 09 30 0C
[2026-04-17 09:27:42] [INFO] [接收-帧] 09:27:42.282 设备ID=12076 module=PERIODIC id=ReadFoupStatus uuid=152 len=23
frame=01 04 12 29 05 03 51 23 23 71 7E 49 A5 3E 7F 0C E7 A2 67 B1 86 6D 94
[2026-04-17 09:27:43] [INFO] [发送] 09:27:43.278 设备ID=12076 module=PERIODIC id=ReadFoupStatus uuid=152 sendCount=1/1 timeout=1000ms crc=30 0C len=8
frame=01 04 00 00 00 09 30 0C
[2026-04-17 09:27:43] [INFO] [接收-帧] 09:27:43.373 设备ID=12076 module=PERIODIC id=ReadFoupStatus uuid=152 len=23
frame=01 04 12 06 AF 10 70 C7 97 CF CD FC 3A BC 61 A2 E1 A9 8A 7F 47 1A F4
[2026-04-17 09:27:44] [INFO] [发送] 09:27:44.368 设备ID=12076 module=PERIODIC id=ReadFoupStatus uuid=152 sendCount=1/1 timeout=1000ms crc=30 0C len=8
frame=01 04 00 00 00 09 30 0C
[2026-04-17 09:27:44] [INFO] [接收-帧] 09:27:44.469 设备ID=12076 module=PERIODIC id=ReadFoupStatus uuid=152 len=23
frame=01 04 12 A2 1A 0F F4 33 CA 9D CB AA 85 EE 63 29 30 E9 28 CA 0A 02 CE
[2026-04-17 09:27:45] [INFO] [发送] 09:27:45.466 设备ID=12076 module=PERIODIC id=ReadFoupStatus uuid=152 sendCount=1/1 timeout=1000ms crc=30 0C len=8
frame=01 04 00 00 00 09 30 0C
[2026-04-17 09:27:45] [INFO] [接收-帧] 09:27:45.563 设备ID=12076 module=PERIODIC id=ReadFoupStatus uuid=152 len=23
frame=01 04 12 A2 D6 E7 20 23 52 F4 14 B5 FA 26 ED 7E 0F F2 00 CB AE 2F 2E
[2026-04-17 09:27:46] [INFO] [发送] 09:27:46.559 设备ID=12076 module=PERIODIC id=ReadFoupStatus uuid=152 sendCount=1/1 timeout=1000ms crc=30 0C len=8
frame=01 04 00 00 00 09 30 0C
[2026-04-17 09:27:46] [INFO] [接收-帧] 09:27:46.684 设备ID=12076 module=PERIODIC id=ReadFoupStatus uuid=152 len=23
frame=01 04 12 10 A8 DB B2 99 83 D8 DA 48 D6 2B 13 75 70 91 9D 9D F8 97 B0
[2026-04-17 09:27:47] [INFO] [发送] 09:27:47.689 设备ID=12076 module=PERIODIC id=ReadFoupStatus uuid=152 sendCount=1/1 timeout=1000ms crc=30 0C len=8
frame=01 04 00 00 00 09 30 0C
[2026-04-17 09:27:47] [INFO] [接收-帧] 09:27:47.751 设备ID=12076 module=PERIODIC id=ReadFoupStatus uuid=152 len=23
frame=01 04 12 A9 94 6A 2A 22 D4 BD F7 1A 80 30 41 64 E4 81 16 41 A3 EA D8
[2026-04-17 09:27:48] [INFO] [发送] 09:27:48.745 设备ID=12076 module=PERIODIC id=ReadFoupStatus uuid=152 sendCount=1/1 timeout=1000ms crc=30 0C len=8
frame=01 04 00 00 00 09 30 0C
[2026-04-17 09:27:48] [INFO] [接收-帧] 09:27:48.845 设备ID=12076 module=PERIODIC id=ReadFoupStatus uuid=152 len=23
frame=01 04 12 87 EF 9C 6C 9C 4D AB B6 8C 68 E1 88 D7 58 A6 8A 9E 15 AF 16
[2026-04-17 09:27:49] [INFO] [发送] 09:27:49.836 设备ID=12076 module=PERIODIC id=ReadFoupStatus uuid=152 sendCount=1/1 timeout=1000ms crc=30 0C len=8
frame=01 04 00 00 00 09 30 0C
[2026-04-17 09:27:49] [INFO] [接收-帧] 09:27:49.938 设备ID=12076 module=PERIODIC id=ReadFoupStatus uuid=152 len=23
frame=01 04 12 57 6B 87 15 E5 53 43 E1 AC 9B 36 77 9B A1 B5 A2 C0 2E 52 E0
[2026-04-17 09:27:50] [INFO] [发送] 09:27:50.929 设备ID=12076 module=PERIODIC id=ReadFoupStatus uuid=152 sendCount=1/1 timeout=1000ms crc=30 0C len=8
frame=01 04 00 00 00 09 30 0C
[2026-04-17 09:27:51] [INFO] [接收-帧] 09:27:51.033 设备ID=12076 module=PERIODIC id=ReadFoupStatus uuid=152 len=23
frame=01 04 12 D9 3B 4C E1 0E 78 2B 09 B0 39 45 B2 B6 2B 99 20 E5 CF 4B 1C
[2026-04-17 09:31:34] [INFO] [发送] 09:31:34.296 设备ID=12076 module=INITIAL id=ReadVersion uuid=151 sendCount=1/4 timeout=1000ms crc=B1 CD len=8
frame=01 04 00 18 00 01 B1 CD
[2026-04-17 09:31:34] [INFO] [接收-帧] 09:31:34.412 设备ID=12076 module=INITIAL id=ReadVersion uuid=151 len=7
frame=01 04 02 00 00 B9 30
[2026-04-17 09:31:34] [INFO] [发送] 09:31:34.413 设备ID=12076 module=PERIODIC id=ReadFoupStatus uuid=152 sendCount=1/1 timeout=1000ms crc=30 0C len=8
frame=01 04 00 00 00 09 30 0C
[2026-04-17 09:31:34] [INFO] [接收-帧] 09:31:34.516 设备ID=12076 module=PERIODIC id=ReadFoupStatus uuid=152 len=23
frame=01 04 12 F0 26 BD 1A FA E2 F1 DE 1D AF 28 FA 64 D8 75 5A C1 17 77 E8
[2026-04-17 09:31:35] [INFO] [发送] 09:31:35.511 设备ID=12076 module=PERIODIC id=ReadFoupStatus uuid=152 sendCount=1/1 timeout=1000ms crc=30 0C len=8
frame=01 04 00 00 00 09 30 0C
[2026-04-17 09:31:35] [INFO] [接收-帧] 09:31:35.616 设备ID=12076 module=PERIODIC id=ReadFoupStatus uuid=152 len=23
frame=01 04 12 AE 62 4F 03 5C BF 8D 2F 06 A1 AF 57 F5 6D C9 03 52 F0 09 3D
[2026-04-17 09:31:36] [INFO] [发送] 09:31:36.610 设备ID=12076 module=PERIODIC id=ReadFoupStatus uuid=152 sendCount=1/1 timeout=1000ms crc=30 0C len=8
frame=01 04 00 00 00 09 30 0C
[2026-04-17 09:31:36] [INFO] [接收-帧] 09:31:36.710 设备ID=12076 module=PERIODIC id=ReadFoupStatus uuid=152 len=23
frame=01 04 12 19 55 A6 F1 C3 A6 7B 0F 3D A5 C7 2B D1 79 91 3C 1D 69 81 47
[2026-04-17 09:31:37] [INFO] [发送] 09:31:37.704 设备ID=12076 module=PERIODIC id=ReadFoupStatus uuid=152 sendCount=1/1 timeout=1000ms crc=30 0C len=8
frame=01 04 00 00 00 09 30 0C
[2026-04-17 09:31:37] [INFO] [接收-帧] 09:31:37.802 设备ID=12076 module=PERIODIC id=ReadFoupStatus uuid=152 len=23
frame=01 04 12 0A B4 18 E2 7F A5 F6 DD 14 44 45 E8 C7 88 A8 70 1F 10 26 5A
[2026-04-17 09:31:38] [INFO] [发送] 09:31:38.792 设备ID=12076 module=PERIODIC id=ReadFoupStatus uuid=152 sendCount=1/1 timeout=1000ms crc=30 0C len=8
frame=01 04 00 00 00 09 30 0C
[2026-04-17 09:31:38] [INFO] [接收-帧] 09:31:38.896 设备ID=12076 module=PERIODIC id=ReadFoupStatus uuid=152 len=23
frame=01 04 12 A2 11 5E 93 81 35 18 DA AB 20 2A 84 E8 E3 CB 66 FF A6 F3 06
[2026-04-17 09:31:39] [INFO] [发送] 09:31:39.887 设备ID=12076 module=PERIODIC id=ReadFoupStatus uuid=152 sendCount=1/1 timeout=1000ms crc=30 0C len=8
frame=01 04 00 00 00 09 30 0C
[2026-04-17 09:31:39] [INFO] [接收-帧] 09:31:39.989 设备ID=12076 module=PERIODIC id=ReadFoupStatus uuid=152 len=23
frame=01 04 12 9A CE 15 40 DB 45 25 98 08 CE 98 BE 1B 9A 13 AA B1 D1 80 EC
[2026-04-17 09:31:40] [INFO] [发送] 09:31:40.979 设备ID=12076 module=PERIODIC id=ReadFoupStatus uuid=152 sendCount=1/1 timeout=1000ms crc=30 0C len=8
frame=01 04 00 00 00 09 30 0C
[2026-04-17 09:31:41] [INFO] [接收-帧] 09:31:41.082 设备ID=12076 module=PERIODIC id=ReadFoupStatus uuid=152 len=23
frame=01 04 12 0B C4 4F 62 33 D2 91 7A 9C 92 2C 06 8F 0D 33 AC 14 31 2B 5E
[2026-04-17 09:31:42] [INFO] [发送] 09:31:42.083 设备ID=12076 module=PERIODIC id=ReadFoupStatus uuid=152 sendCount=1/1 timeout=1000ms crc=30 0C len=8
frame=01 04 00 00 00 09 30 0C
[2026-04-17 09:31:42] [INFO] [接收-帧] 09:31:42.174 设备ID=12076 module=PERIODIC id=ReadFoupStatus uuid=152 len=23
frame=01 04 12 BF 07 5D D7 E7 E6 DD A0 CA C9 A2 20 17 AB 82 BA CC 71 3D 40
[2026-04-17 09:31:43] [INFO] [发送] 09:31:43.177 设备ID=12076 module=PERIODIC id=ReadFoupStatus uuid=152 sendCount=1/1 timeout=1000ms crc=30 0C len=8
frame=01 04 00 00 00 09 30 0C
[2026-04-17 09:31:43] [INFO] [接收-帧] 09:31:43.272 设备ID=12076 module=PERIODIC id=ReadFoupStatus uuid=152 len=23
frame=01 04 12 8C 15 F6 08 EC 5B 2E D7 8F 2F 67 62 7D 17 D0 9B 87 FB 6F 41
[2026-04-17 09:31:44] [INFO] [发送] 09:31:44.265 设备ID=12076 module=PERIODIC id=ReadFoupStatus uuid=152 sendCount=1/1 timeout=1000ms crc=30 0C len=8
frame=01 04 00 00 00 09 30 0C
[2026-04-17 09:31:44] [INFO] [接收-帧] 09:31:44.359 设备ID=12076 module=PERIODIC id=ReadFoupStatus uuid=152 len=23
frame=01 04 12 6C 7B BD 51 1A 84 44 26 87 28 78 CA 5E 4E 95 B7 0C C4 9F 1F
[2026-04-17 09:31:45] [INFO] [发送] 09:31:45.355 设备ID=12076 module=PERIODIC id=ReadFoupStatus uuid=152 sendCount=1/1 timeout=1000ms crc=30 0C len=8
frame=01 04 00 00 00 09 30 0C
[2026-04-17 09:31:45] [INFO] [接收-帧] 09:31:45.452 设备ID=12076 module=PERIODIC id=ReadFoupStatus uuid=152 len=23
frame=01 04 12 7D 57 53 BA 52 4C 70 B4 79 8F CF E3 54 5D EB 12 E0 42 69 29
[2026-04-17 09:31:46] [INFO] [发送] 09:31:46.451 设备ID=12076 module=PERIODIC id=ReadFoupStatus uuid=152 sendCount=1/1 timeout=1000ms crc=30 0C len=8
frame=01 04 00 00 00 09 30 0C
[2026-04-17 09:31:46] [INFO] [接收-帧] 09:31:46.551 设备ID=12076 module=PERIODIC id=ReadFoupStatus uuid=152 len=23
frame=01 04 12 F3 C3 47 B8 C0 99 C3 EC 0C 98 8E 96 60 31 3B 95 F3 81 05 50
[2026-04-17 09:31:47] [INFO] [发送] 09:31:47.552 设备ID=12076 module=PERIODIC id=ReadFoupStatus uuid=152 sendCount=1/1 timeout=1000ms crc=30 0C len=8
frame=01 04 00 00 00 09 30 0C
[2026-04-17 09:31:47] [INFO] [接收-帧] 09:31:47.643 设备ID=12076 module=PERIODIC id=ReadFoupStatus uuid=152 len=23
frame=01 04 12 8D AE FB 76 BB B6 EE 9D ED 0A 0D D0 0B 1E F4 48 5A 61 AF E2
[2026-04-17 09:31:48] [INFO] [发送] 09:31:48.638 设备ID=12076 module=PERIODIC id=ReadFoupStatus uuid=152 sendCount=1/1 timeout=1000ms crc=30 0C len=8
frame=01 04 00 00 00 09 30 0C
[2026-04-17 09:31:48] [INFO] [接收-帧] 09:31:48.736 设备ID=12076 module=PERIODIC id=ReadFoupStatus uuid=152 len=23
frame=01 04 12 37 B5 F3 C9 2F 19 78 A2 C4 14 FB 18 9B 59 3B FA DE 55 EF 05
[2026-04-17 09:31:49] [INFO] [发送] 09:31:49.735 设备ID=12076 module=PERIODIC id=ReadFoupStatus uuid=152 sendCount=1/1 timeout=1000ms crc=30 0C len=8
frame=01 04 00 00 00 09 30 0C
[2026-04-17 09:31:49] [INFO] [接收-帧] 09:31:49.833 设备ID=12076 module=PERIODIC id=ReadFoupStatus uuid=152 len=23
frame=01 04 12 AB 85 72 8A 90 83 BA C0 53 6F 92 58 A5 B3 C5 1E EF B3 00 71
[2026-04-17 09:31:50] [INFO] [发送] 09:31:50.821 设备ID=12076 module=PERIODIC id=ReadFoupStatus uuid=152 sendCount=1/1 timeout=1000ms crc=30 0C len=8
frame=01 04 00 00 00 09 30 0C
[2026-04-17 09:31:50] [INFO] [接收-帧] 09:31:50.927 设备ID=12076 module=PERIODIC id=ReadFoupStatus uuid=152 len=23
frame=01 04 12 47 0C 88 86 36 CD B9 03 E8 81 96 34 14 61 76 45 AE 8B AF A6
[2026-04-17 09:31:51] [INFO] [发送] 09:31:51.921 设备ID=12076 module=PERIODIC id=ReadFoupStatus uuid=152 sendCount=1/1 timeout=1000ms crc=30 0C len=8
frame=01 04 00 00 00 09 30 0C
[2026-04-17 09:31:52] [INFO] [接收-帧] 09:31:52.018 设备ID=12076 module=PERIODIC id=ReadFoupStatus uuid=152 len=23
frame=01 04 12 E8 6F 58 CE 44 17 47 84 7A 23 3F 59 2A D2 F3 E6 17 90 E4 EB
[2026-04-17 09:31:53] [INFO] [发送] 09:31:53.032 设备ID=12076 module=PERIODIC id=ReadFoupStatus uuid=152 sendCount=1/1 timeout=1000ms crc=30 0C len=8
frame=01 04 00 00 00 09 30 0C
[2026-04-17 09:31:53] [INFO] [接收-帧] 09:31:53.113 设备ID=12076 module=PERIODIC id=ReadFoupStatus uuid=152 len=23
frame=01 04 12 82 E7 CB 68 23 8E 33 7D DC 2F 0D 83 28 C5 10 F1 D6 CE 7A 66
[2026-04-17 09:31:54] [INFO] [发送] 09:31:54.119 设备ID=12076 module=PERIODIC id=ReadFoupStatus uuid=152 sendCount=1/1 timeout=1000ms crc=30 0C len=8
frame=01 04 00 00 00 09 30 0C
[2026-04-17 09:31:54] [INFO] [接收-帧] 09:31:54.209 设备ID=12076 module=PERIODIC id=ReadFoupStatus uuid=152 len=23
frame=01 04 12 85 FF 14 14 D4 DE 0B 3C 95 5E 95 8C 32 8A 97 01 20 9D D6 15
[2026-04-17 09:31:55] [INFO] [发送] 09:31:55.197 设备ID=12076 module=PERIODIC id=ReadFoupStatus uuid=152 sendCount=1/1 timeout=1000ms crc=30 0C len=8
frame=01 04 00 00 00 09 30 0C
[2026-04-17 09:31:55] [INFO] [接收-帧] 09:31:55.297 设备ID=12076 module=PERIODIC id=ReadFoupStatus uuid=152 len=23
frame=01 04 12 36 2C FF C0 63 E7 E3 E2 5B E6 5D 95 85 C2 89 DC 84 1E 86 D8
[2026-04-17 09:31:56] [INFO] [发送] 09:31:56.295 设备ID=12076 module=PERIODIC id=ReadFoupStatus uuid=152 sendCount=1/1 timeout=1000ms crc=30 0C len=8
frame=01 04 00 00 00 09 30 0C
[2026-04-17 09:31:56] [INFO] [接收-帧] 09:31:56.391 设备ID=12076 module=PERIODIC id=ReadFoupStatus uuid=152 len=23
frame=01 04 12 F8 66 6C 06 C3 5C D2 63 6A 86 1D BE 14 E1 A8 CD 5B E2 0C 15
[2026-04-17 09:31:57] [INFO] [发送] 09:31:57.402 设备ID=12076 module=PERIODIC id=ReadFoupStatus uuid=152 sendCount=1/1 timeout=1000ms crc=30 0C len=8
frame=01 04 00 00 00 09 30 0C
[2026-04-17 09:31:57] [INFO] [接收-帧] 09:31:57.489 设备ID=12076 module=PERIODIC id=ReadFoupStatus uuid=152 len=23
frame=01 04 12 99 B4 DA 4D CF 90 B0 AD AC F6 3E D7 68 FE 49 84 BB 68 65 7B
[2026-04-17 09:31:58] [INFO] [发送] 09:31:58.482 设备ID=12076 module=PERIODIC id=ReadFoupStatus uuid=152 sendCount=1/1 timeout=1000ms crc=30 0C len=8
frame=01 04 00 00 00 09 30 0C
[2026-04-17 09:31:58] [INFO] [接收-帧] 09:31:58.580 设备ID=12076 module=PERIODIC id=ReadFoupStatus uuid=152 len=23
frame=01 04 12 70 28 CD 93 F2 58 EF F2 69 CB BA 94 9A 6B 46 27 1D A5 CC 08
[2026-04-17 09:31:59] [INFO] [发送] 09:31:59.575 设备ID=12076 module=PERIODIC id=ReadFoupStatus uuid=152 sendCount=1/1 timeout=1000ms crc=30 0C len=8
frame=01 04 00 00 00 09 30 0C
[2026-04-17 09:31:59] [INFO] [接收-帧] 09:31:59.671 设备ID=12076 module=PERIODIC id=ReadFoupStatus uuid=152 len=23
frame=01 04 12 60 17 A9 58 9A 2E F4 3E AF F3 5F 7F 99 C0 34 FD 7A E4 C6 57
[2026-04-17 09:32:00] [INFO] [发送] 09:32:00.676 设备ID=12076 module=PERIODIC id=ReadFoupStatus uuid=152 sendCount=1/1 timeout=1000ms crc=30 0C len=8
frame=01 04 00 00 00 09 30 0C
[2026-04-17 09:32:00] [INFO] [接收-帧] 09:32:00.766 设备ID=12076 module=PERIODIC id=ReadFoupStatus uuid=152 len=23
frame=01 04 12 91 B7 E3 24 52 67 4F 84 36 E0 E8 83 41 33 84 DD 29 07 D8 73
[2026-04-17 09:32:01] [INFO] [发送] 09:32:01.766 设备ID=12076 module=PERIODIC id=ReadFoupStatus uuid=152 sendCount=1/1 timeout=1000ms crc=30 0C len=8
frame=01 04 00 00 00 09 30 0C
[2026-04-17 09:32:01] [INFO] [接收-帧] 09:32:01.865 设备ID=12076 module=PERIODIC id=ReadFoupStatus uuid=152 len=23
frame=01 04 12 55 19 A1 E2 F0 91 B7 E3 67 57 7D 78 CF 43 A1 62 7A FE B8 92
[2026-04-17 09:32:02] [INFO] [发送] 09:32:02.853 设备ID=12076 module=PERIODIC id=ReadFoupStatus uuid=152 sendCount=1/1 timeout=1000ms crc=30 0C len=8
frame=01 04 00 00 00 09 30 0C
[2026-04-17 09:32:02] [INFO] [接收-帧] 09:32:02.957 设备ID=12076 module=PERIODIC id=ReadFoupStatus uuid=152 len=23
frame=01 04 12 DC FD EA F9 54 00 C9 45 B7 31 93 E0 CB 2F 16 F6 C9 36 24 FC
[2026-04-17 09:32:03] [INFO] [发送] 09:32:03.948 设备ID=12076 module=PERIODIC id=ReadFoupStatus uuid=152 sendCount=1/1 timeout=1000ms crc=30 0C len=8
frame=01 04 00 00 00 09 30 0C
[2026-04-17 09:32:04] [INFO] [接收-帧] 09:32:04.052 设备ID=12076 module=PERIODIC id=ReadFoupStatus uuid=152 len=23
frame=01 04 12 B0 3E 9F 5B 78 7E AD D9 0B 59 E2 37 86 B5 7C C2 CF FC 4B D3
