[2026-04-17 09:24:09] [INFO] [发送] 09:24:09.536 设备ID=12070 module=INITIAL id=ReadVersion uuid=139 sendCount=1/4 timeout=1000ms crc=B1 CD len=8
frame=01 04 00 18 00 01 B1 CD
[2026-04-17 09:24:10] [INFO] [接收-帧] 09:24:10.177 设备ID=12070 module=INITIAL id=ReadVersion uuid=139 len=7
frame=01 04 02 00 00 B9 30
[2026-04-17 09:24:10] [INFO] [发送] 09:24:10.178 设备ID=12070 module=PERIODIC id=ReadFoupStatus uuid=140 sendCount=1/1 timeout=1000ms crc=30 0C len=8
frame=01 04 00 00 00 09 30 0C
[2026-04-17 09:24:12] [INFO] [发送] 09:24:12.174 设备ID=12070 module=PERIODIC id=ReadFoupStatus uuid=140 sendCount=1/1 timeout=1000ms crc=30 0C len=8
frame=01 04 00 00 00 09 30 0C
[2026-04-17 09:24:14] [INFO] [发送] 09:24:14.185 设备ID=12070 module=PERIODIC id=ReadFoupStatus uuid=140 sendCount=1/1 timeout=1000ms crc=30 0C len=8
frame=01 04 00 00 00 09 30 0C
[2026-04-17 09:24:16] [INFO] [发送] 09:24:16.183 设备ID=12070 module=PERIODIC id=ReadFoupStatus uuid=140 sendCount=1/1 timeout=1000ms crc=30 0C len=8
frame=01 04 00 00 00 09 30 0C
[2026-04-17 09:24:18] [INFO] [发送] 09:24:18.185 设备ID=12070 module=PERIODIC id=ReadFoupStatus uuid=140 sendCount=1/1 timeout=1000ms crc=30 0C len=8
frame=01 04 00 00 00 09 30 0C
[2026-04-17 09:24:20] [INFO] [发送] 09:24:20.193 设备ID=12070 module=PERIODIC id=ReadFoupStatus uuid=140 sendCount=1/1 timeout=1000ms crc=30 0C len=8
frame=01 04 00 00 00 09 30 0C
[2026-04-17 09:24:22] [INFO] [发送] 09:24:22.193 设备ID=12070 module=PERIODIC id=ReadFoupStatus uuid=140 sendCount=1/1 timeout=1000ms crc=30 0C len=8
frame=01 04 00 00 00 09 30 0C
[2026-04-17 09:24:24] [INFO] [发送] 09:24:24.185 设备ID=12070 module=PERIODIC id=ReadFoupStatus uuid=140 sendCount=1/1 timeout=1000ms crc=30 0C len=8
frame=01 04 00 00 00 09 30 0C
[2026-04-17 09:24:26] [INFO] [发送] 09:24:26.189 设备ID=12070 module=PERIODIC id=ReadFoupStatus uuid=140 sendCount=1/1 timeout=1000ms crc=30 0C len=8
frame=01 04 00 00 00 09 30 0C
[2026-04-17 09:24:28] [INFO] [发送] 09:24:28.188 设备ID=12070 module=PERIODIC id=ReadFoupStatus uuid=140 sendCount=1/1 timeout=1000ms crc=30 0C len=8
frame=01 04 00 00 00 09 30 0C
[2026-04-17 09:24:32] [INFO] [发送] 09:24:32.244 设备ID=12070 module=PERIODIC id=ReadFoupStatus uuid=140 sendCount=1/1 timeout=1000ms crc=30 0C len=8
frame=01 04 00 00 00 09 30 0C
[2026-04-17 09:24:34] [INFO] [发送] 09:24:34.248 设备ID=12070 module=PERIODIC id=ReadFoupStatus uuid=140 sendCount=1/1 timeout=1000ms crc=30 0C len=8
frame=01 04 00 00 00 09 30 0C
[2026-04-17 09:24:36] [INFO] [发送] 09:24:36.248 设备ID=12070 module=PERIODIC id=ReadFoupStatus uuid=140 sendCount=1/1 timeout=1000ms crc=30 0C len=8
frame=01 04 00 00 00 09 30 0C
[2026-04-17 09:24:38] [INFO] [发送] 09:24:38.244 设备ID=12070 module=PERIODIC id=ReadFoupStatus uuid=140 sendCount=1/1 timeout=1000ms crc=30 0C len=8
frame=01 04 00 00 00 09 30 0C
[2026-04-17 09:24:40] [INFO] [发送] 09:24:40.248 设备ID=12070 module=PERIODIC id=ReadFoupStatus uuid=140 sendCount=1/1 timeout=1000ms crc=30 0C len=8
frame=01 04 00 00 00 09 30 0C
[2026-04-17 09:24:42] [INFO] [发送] 09:24:42.261 设备ID=12070 module=PERIODIC id=ReadFoupStatus uuid=140 sendCount=1/1 timeout=1000ms crc=30 0C len=8
frame=01 04 00 00 00 09 30 0C
[2026-04-17 09:24:44] [INFO] [发送] 09:24:44.268 设备ID=12070 module=PERIODIC id=ReadFoupStatus uuid=140 sendCount=1/1 timeout=1000ms crc=30 0C len=8
frame=01 04 00 00 00 09 30 0C
[2026-04-17 09:24:47] [INFO] [发送] 09:24:47.955 设备ID=12070 module=PERIODIC id=ReadFoupStatus uuid=140 sendCount=1/1 timeout=1000ms crc=30 0C len=8
frame=01 04 00 00 00 09 30 0C
[2026-04-17 09:24:48] [INFO] [接收-帧] 09:24:48.062 设备ID=12070 module=PERIODIC id=ReadFoupStatus uuid=140 len=23
frame=01 04 12 C0 86 12 9C 25 E6 E7 24 9B FA 6F 43 92 AF 7F C1 84 BA 28 A2
[2026-04-17 09:24:49] [INFO] [发送] 09:24:49.066 设备ID=12070 module=PERIODIC id=ReadFoupStatus uuid=140 sendCount=1/1 timeout=1000ms crc=30 0C len=8
frame=01 04 00 00 00 09 30 0C
[2026-04-17 09:24:49] [INFO] [接收-帧] 09:24:49.154 设备ID=12070 module=PERIODIC id=ReadFoupStatus uuid=140 len=23
frame=01 04 12 2A 64 BA 97 E5 3D D8 45 16 E0 3E 95 CE 0B 49 A8 B9 57 8F 91
[2026-04-17 09:24:50] [INFO] [发送] 09:24:50.155 设备ID=12070 module=PERIODIC id=ReadFoupStatus uuid=140 sendCount=1/1 timeout=1000ms crc=30 0C len=8
frame=01 04 00 00 00 09 30 0C
[2026-04-17 09:24:50] [INFO] [接收-帧] 09:24:50.251 设备ID=12070 module=PERIODIC id=ReadFoupStatus uuid=140 len=23
frame=01 04 12 1A 07 3B A0 30 DC D8 CC 89 48 52 88 22 63 10 56 DD 16 2C F2
[2026-04-17 09:24:51] [INFO] [发送] 09:24:51.246 设备ID=12070 module=PERIODIC id=ReadFoupStatus uuid=140 sendCount=1/1 timeout=1000ms crc=30 0C len=8
frame=01 04 00 00 00 09 30 0C
[2026-04-17 09:24:51] [INFO] [接收-帧] 09:24:51.340 设备ID=12070 module=PERIODIC id=ReadFoupStatus uuid=140 len=23
frame=01 04 12 72 12 59 30 5D A6 CD 8D 1B 44 AC DF 9B 63 F2 9F B0 06 4B 6F
[2026-04-17 09:24:52] [INFO] [发送] 09:24:52.346 设备ID=12070 module=PERIODIC id=ReadFoupStatus uuid=140 sendCount=1/1 timeout=1000ms crc=30 0C len=8
frame=01 04 00 00 00 09 30 0C
[2026-04-17 09:24:52] [INFO] [接收-帧] 09:24:52.448 设备ID=12070 module=PERIODIC id=ReadFoupStatus uuid=140 len=23
frame=01 04 12 7F 43 35 16 F8 A1 20 2B E4 A2 6B 8B F3 18 4E 32 CB 51 56 4A
[2026-04-17 09:24:53] [INFO] [发送] 09:24:53.455 设备ID=12070 module=PERIODIC id=ReadFoupStatus uuid=140 sendCount=1/1 timeout=1000ms crc=30 0C len=8
frame=01 04 00 00 00 09 30 0C
[2026-04-17 09:24:53] [INFO] [接收-帧] 09:24:53.529 设备ID=12070 module=PERIODIC id=ReadFoupStatus uuid=140 len=23
frame=01 04 12 EE 46 F6 43 01 EE F9 6F E7 0E 14 BD 55 8A 67 CF 81 47 F3 47
[2026-04-17 09:24:54] [INFO] [发送] 09:24:54.525 设备ID=12070 module=PERIODIC id=ReadFoupStatus uuid=140 sendCount=1/1 timeout=1000ms crc=30 0C len=8
frame=01 04 00 00 00 09 30 0C
[2026-04-17 09:24:54] [INFO] [接收-帧] 09:24:54.626 设备ID=12070 module=PERIODIC id=ReadFoupStatus uuid=140 len=23
frame=01 04 12 1A 55 9A 9E A2 5C 33 E4 73 C0 20 91 5B 7D 5B 88 1D 7D D4 2E
[2026-04-17 09:24:55] [INFO] [发送] 09:24:55.624 设备ID=12070 module=PERIODIC id=ReadFoupStatus uuid=140 sendCount=1/1 timeout=1000ms crc=30 0C len=8
frame=01 04 00 00 00 09 30 0C
[2026-04-17 09:24:55] [INFO] [接收-帧] 09:24:55.719 设备ID=12070 module=PERIODIC id=ReadFoupStatus uuid=140 len=23
frame=01 04 12 BF 5D 88 1A CE 7E 7B 3D A3 53 9C F7 E7 57 3D 1E 59 53 E4 C6
[2026-04-17 09:24:56] [INFO] [发送] 09:24:56.723 设备ID=12070 module=PERIODIC id=ReadFoupStatus uuid=140 sendCount=1/1 timeout=1000ms crc=30 0C len=8
frame=01 04 00 00 00 09 30 0C
[2026-04-17 09:24:56] [INFO] [接收-帧] 09:24:56.814 设备ID=12070 module=PERIODIC id=ReadFoupStatus uuid=140 len=23
frame=01 04 12 4B 8A 64 FA 21 89 6E 2E A1 F2 69 BF 9E F9 15 74 B3 FD B0 14
[2026-04-17 09:24:57] [INFO] [发送] 09:24:57.815 设备ID=12070 module=PERIODIC id=ReadFoupStatus uuid=140 sendCount=1/1 timeout=1000ms crc=30 0C len=8
frame=01 04 00 00 00 09 30 0C
[2026-04-17 09:24:57] [INFO] [接收-帧] 09:24:57.908 设备ID=12070 module=PERIODIC id=ReadFoupStatus uuid=140 len=23
frame=01 04 12 DC 48 0C F0 D7 2B C5 DC 3C 74 9C 8E AE BD F9 59 49 97 C6 FD
[2026-04-17 09:24:58] [INFO] [发送] 09:24:58.911 设备ID=12070 module=PERIODIC id=ReadFoupStatus uuid=140 sendCount=1/1 timeout=1000ms crc=30 0C len=8
frame=01 04 00 00 00 09 30 0C
[2026-04-17 09:24:58] [INFO] [接收-帧] 09:24:58.999 设备ID=12070 module=PERIODIC id=ReadFoupStatus uuid=140 len=23
frame=01 04 12 D5 CE 5E 9A F1 0C C4 D7 BE 8E 0C 0C F2 9E C1 5D 18 2B 85 47
[2026-04-17 09:25:00] [INFO] [发送] 09:25:00.001 设备ID=12070 module=PERIODIC id=ReadFoupStatus uuid=140 sendCount=1/1 timeout=1000ms crc=30 0C len=8
frame=01 04 00 00 00 09 30 0C
[2026-04-17 09:25:00] [INFO] [接收-帧] 09:25:00.097 设备ID=12070 module=PERIODIC id=ReadFoupStatus uuid=140 len=23
frame=01 04 12 6E 8C D5 C3 54 18 6A 63 11 12 20 5A 42 F7 11 5B 5F 66 D4 0B
[2026-04-17 09:25:01] [INFO] [发送] 09:25:01.088 设备ID=12070 module=PERIODIC id=ReadFoupStatus uuid=140 sendCount=1/1 timeout=1000ms crc=30 0C len=8
frame=01 04 00 00 00 09 30 0C
[2026-04-17 09:25:01] [INFO] [接收-帧] 09:25:01.185 设备ID=12070 module=PERIODIC id=ReadFoupStatus uuid=140 len=23
frame=01 04 12 90 1E E3 AE D6 66 68 63 2D 2F 6B 31 D4 60 54 27 EF DB FA 64
[2026-04-17 09:25:02] [INFO] [发送] 09:25:02.193 设备ID=12070 module=PERIODIC id=ReadFoupStatus uuid=140 sendCount=1/1 timeout=1000ms crc=30 0C len=8
frame=01 04 00 00 00 09 30 0C
[2026-04-17 09:25:02] [INFO] [接收-帧] 09:25:02.279 设备ID=12070 module=PERIODIC id=ReadFoupStatus uuid=140 len=23
frame=01 04 12 5E 2D A1 F4 3C 7B B8 5E F9 0F 92 7B 9B 83 BD 7D 13 84 CC CA
[2026-04-17 09:25:03] [INFO] [发送] 09:25:03.277 设备ID=12070 module=PERIODIC id=ReadFoupStatus uuid=140 sendCount=1/1 timeout=1000ms crc=30 0C len=8
frame=01 04 00 00 00 09 30 0C
[2026-04-17 09:25:03] [INFO] [接收-帧] 09:25:03.375 设备ID=12070 module=PERIODIC id=ReadFoupStatus uuid=140 len=23
frame=01 04 12 0D 27 68 5E 3C 88 DD B4 25 BB AD 8F C5 05 89 92 8E EC EF F0
[2026-04-17 09:25:04] [INFO] [发送] 09:25:04.375 设备ID=12070 module=PERIODIC id=ReadFoupStatus uuid=140 sendCount=1/1 timeout=1000ms crc=30 0C len=8
frame=01 04 00 00 00 09 30 0C
[2026-04-17 09:25:04] [INFO] [接收-帧] 09:25:04.467 设备ID=12070 module=PERIODIC id=ReadFoupStatus uuid=140 len=23
frame=01 04 12 86 8E FA 53 2B 38 B8 C1 71 95 88 AB AD E6 26 8A C8 DE 4A 69
[2026-04-17 09:25:05] [INFO] [发送] 09:25:05.470 设备ID=12070 module=PERIODIC id=ReadFoupStatus uuid=140 sendCount=1/1 timeout=1000ms crc=30 0C len=8
frame=01 04 00 00 00 09 30 0C
[2026-04-17 09:25:05] [INFO] [接收-帧] 09:25:05.563 设备ID=12070 module=PERIODIC id=ReadFoupStatus uuid=140 len=23
frame=01 04 12 94 F4 15 CB 8F 14 AE 91 0E 6F 4E 99 E4 32 36 A3 4B 05 66 6B
[2026-04-17 09:25:06] [INFO] [发送] 09:25:06.569 设备ID=12070 module=PERIODIC id=ReadFoupStatus uuid=140 sendCount=1/1 timeout=1000ms crc=30 0C len=8
frame=01 04 00 00 00 09 30 0C
[2026-04-17 09:25:06] [INFO] [接收-帧] 09:25:06.653 设备ID=12070 module=PERIODIC id=ReadFoupStatus uuid=140 len=23
frame=01 04 12 8C 5A 9E 76 8D 03 48 9D 42 49 D1 CA 5F E5 92 B0 EC 51 B8 18
[2026-04-17 09:25:07] [INFO] [发送] 09:25:07.652 设备ID=12070 module=PERIODIC id=ReadFoupStatus uuid=140 sendCount=1/1 timeout=1000ms crc=30 0C len=8
frame=01 04 00 00 00 09 30 0C
[2026-04-17 09:25:07] [INFO] [接收-帧] 09:25:07.751 设备ID=12070 module=PERIODIC id=ReadFoupStatus uuid=140 len=23
frame=01 04 12 0F D3 D7 F7 A2 13 CE DA FB 07 58 F2 A8 BA 86 BA 55 1E 78 FA
[2026-04-17 09:25:08] [INFO] [发送] 09:25:08.749 设备ID=12070 module=PERIODIC id=ReadFoupStatus uuid=140 sendCount=1/1 timeout=1000ms crc=30 0C len=8
frame=01 04 00 00 00 09 30 0C
[2026-04-17 09:25:08] [INFO] [接收-帧] 09:25:08.845 设备ID=12070 module=PERIODIC id=ReadFoupStatus uuid=140 len=23
frame=01 04 12 C2 A1 88 EF 62 CD 7A FD C2 3B D8 53 6F 00 94 C8 F5 53 65 CB
[2026-04-17 09:25:09] [INFO] [发送] 09:25:09.840 设备ID=12070 module=PERIODIC id=ReadFoupStatus uuid=140 sendCount=1/1 timeout=1000ms crc=30 0C len=8
frame=01 04 00 00 00 09 30 0C
[2026-04-17 09:25:09] [INFO] [接收-帧] 09:25:09.938 设备ID=12070 module=PERIODIC id=ReadFoupStatus uuid=140 len=23
frame=01 04 12 35 E5 21 E2 DF 4D F2 34 B6 5C DC B4 E3 46 42 13 6F B5 FA 5A
[2026-04-17 09:25:10] [INFO] [发送] 09:25:10.936 设备ID=12070 module=PERIODIC id=ReadFoupStatus uuid=140 sendCount=1/1 timeout=1000ms crc=30 0C len=8
frame=01 04 00 00 00 09 30 0C
[2026-04-17 09:25:11] [INFO] [接收-帧] 09:25:11.027 设备ID=12070 module=PERIODIC id=ReadFoupStatus uuid=140 len=23
frame=01 04 12 3A FE D5 FC 14 D7 F5 B4 74 28 B4 C4 76 56 ED CE A3 7E D8 AE
[2026-04-17 09:25:12] [INFO] [发送] 09:25:12.037 设备ID=12070 module=PERIODIC id=ReadFoupStatus uuid=140 sendCount=1/1 timeout=1000ms crc=30 0C len=8
frame=01 04 00 00 00 09 30 0C
[2026-04-17 09:25:12] [INFO] [接收-帧] 09:25:12.126 设备ID=12070 module=PERIODIC id=ReadFoupStatus uuid=140 len=23
frame=01 04 12 AA DF 84 6B 76 13 B8 AD CE FF AC 6C 94 D8 74 8B 68 76 CE 0C
[2026-04-17 09:25:13] [INFO] [发送] 09:25:13.124 设备ID=12070 module=PERIODIC id=ReadFoupStatus uuid=140 sendCount=1/1 timeout=1000ms crc=30 0C len=8
frame=01 04 00 00 00 09 30 0C
[2026-04-17 09:25:13] [INFO] [接收-帧] 09:25:13.220 设备ID=12070 module=PERIODIC id=ReadFoupStatus uuid=140 len=23
frame=01 04 12 D7 B1 66 11 E5 31 A1 C6 2A 9E EC E2 E2 FF 82 BA 43 E1 5D D9
[2026-04-17 09:25:14] [INFO] [发送] 09:25:14.218 设备ID=12070 module=PERIODIC id=ReadFoupStatus uuid=140 sendCount=1/1 timeout=1000ms crc=30 0C len=8
frame=01 04 00 00 00 09 30 0C
[2026-04-17 09:25:14] [INFO] [接收-帧] 09:25:14.311 设备ID=12070 module=PERIODIC id=ReadFoupStatus uuid=140 len=23
frame=01 04 12 2D 7C A8 8C C1 2B EF 0B B1 5D BA EE 62 66 93 FA F2 26 65 B6
[2026-04-17 09:25:15] [INFO] [发送] 09:25:15.321 设备ID=12070 module=PERIODIC id=ReadFoupStatus uuid=140 sendCount=1/1 timeout=1000ms crc=30 0C len=8
frame=01 04 00 00 00 09 30 0C
[2026-04-17 09:25:15] [INFO] [接收-帧] 09:25:15.408 设备ID=12070 module=PERIODIC id=ReadFoupStatus uuid=140 len=23
frame=01 04 12 55 6A 89 7D 31 61 A0 94 A5 99 98 EB C0 19 A1 64 D7 F0 38 F4
[2026-04-17 09:25:16] [INFO] [发送] 09:25:16.412 设备ID=12070 module=PERIODIC id=ReadFoupStatus uuid=140 sendCount=1/1 timeout=1000ms crc=30 0C len=8
frame=01 04 00 00 00 09 30 0C
[2026-04-17 09:25:16] [INFO] [接收-帧] 09:25:16.498 设备ID=12070 module=PERIODIC id=ReadFoupStatus uuid=140 len=23
frame=01 04 12 39 61 74 F3 CC 25 0D EF 75 E6 64 25 7A 48 C0 D9 85 0B E5 9B
[2026-04-17 09:25:17] [INFO] [发送] 09:25:17.499 设备ID=12070 module=PERIODIC id=ReadFoupStatus uuid=140 sendCount=1/1 timeout=1000ms crc=30 0C len=8
frame=01 04 00 00 00 09 30 0C
[2026-04-17 09:25:17] [INFO] [接收-帧] 09:25:17.592 设备ID=12070 module=PERIODIC id=ReadFoupStatus uuid=140 len=23
frame=01 04 12 0C 19 47 81 38 76 D9 2F 7F 01 9B D0 8C 3C 9B F1 31 41 E5 CC
[2026-04-17 09:25:18] [INFO] [发送] 09:25:18.596 设备ID=12070 module=PERIODIC id=ReadFoupStatus uuid=140 sendCount=1/1 timeout=1000ms crc=30 0C len=8
frame=01 04 00 00 00 09 30 0C
[2026-04-17 09:25:18] [INFO] [接收-帧] 09:25:18.687 设备ID=12070 module=PERIODIC id=ReadFoupStatus uuid=140 len=23
frame=01 04 12 45 78 5C C2 5F 99 C3 08 86 B5 6C 49 D0 58 DF 82 48 EF D8 4B
[2026-04-17 09:25:19] [INFO] [发送] 09:25:19.694 设备ID=12070 module=PERIODIC id=ReadFoupStatus uuid=140 sendCount=1/1 timeout=1000ms crc=30 0C len=8
frame=01 04 00 00 00 09 30 0C
[2026-04-17 09:25:19] [INFO] [接收-帧] 09:25:19.780 设备ID=12070 module=PERIODIC id=ReadFoupStatus uuid=140 len=23
frame=01 04 12 A7 CE 9B DA 65 77 4E 08 A9 AC D1 03 C5 61 A1 59 BD E1 E8 F7
[2026-04-17 09:25:20] [INFO] [发送] 09:25:20.778 设备ID=12070 module=PERIODIC id=ReadFoupStatus uuid=140 sendCount=1/1 timeout=1000ms crc=30 0C len=8
frame=01 04 00 00 00 09 30 0C
[2026-04-17 09:25:20] [INFO] [接收-帧] 09:25:20.870 设备ID=12070 module=PERIODIC id=ReadFoupStatus uuid=140 len=23
frame=01 04 12 92 67 60 56 71 F6 B8 4D 25 16 AF 19 85 75 71 0A FE F9 46 F2
[2026-04-17 09:25:21] [INFO] [发送] 09:25:21.880 设备ID=12070 module=PERIODIC id=ReadFoupStatus uuid=140 sendCount=1/1 timeout=1000ms crc=30 0C len=8
frame=01 04 00 00 00 09 30 0C
[2026-04-17 09:25:21] [INFO] [接收-帧] 09:25:21.970 设备ID=12070 module=PERIODIC id=ReadFoupStatus uuid=140 len=23
frame=01 04 12 CD 72 EE 49 94 3E CD F7 93 10 03 4B D5 08 0E 26 BC 12 7D 41
[2026-04-17 09:25:22] [INFO] [发送] 09:25:22.963 设备ID=12070 module=PERIODIC id=ReadFoupStatus uuid=140 sendCount=1/1 timeout=1000ms crc=30 0C len=8
frame=01 04 00 00 00 09 30 0C
[2026-04-17 09:25:23] [INFO] [接收-帧] 09:25:23.061 设备ID=12070 module=PERIODIC id=ReadFoupStatus uuid=140 len=23
frame=01 04 12 F2 A5 9D 51 E6 C9 73 28 E1 16 A0 EC F1 89 B2 3C A3 13 3A CF
[2026-04-17 09:25:24] [INFO] [发送] 09:25:24.060 设备ID=12070 module=PERIODIC id=ReadFoupStatus uuid=140 sendCount=1/1 timeout=1000ms crc=30 0C len=8
frame=01 04 00 00 00 09 30 0C
[2026-04-17 09:25:24] [INFO] [接收-帧] 09:25:24.159 设备ID=12070 module=PERIODIC id=ReadFoupStatus uuid=140 len=23
frame=01 04 12 0A AC 73 F8 63 A7 32 2B 2E 85 58 3D 11 78 EC 1F 12 E8 E7 DC
[2026-04-17 09:25:25] [INFO] [发送] 09:25:25.160 设备ID=12070 module=PERIODIC id=ReadFoupStatus uuid=140 sendCount=1/1 timeout=1000ms crc=30 0C len=8
frame=01 04 00 00 00 09 30 0C
[2026-04-17 09:25:25] [INFO] [接收-帧] 09:25:25.247 设备ID=12070 module=PERIODIC id=ReadFoupStatus uuid=140 len=23
frame=01 04 12 6B 70 9B FC BF E3 AF F2 72 AA 8D 66 B5 B4 B4 5B 26 1C 8E 33
[2026-04-17 09:25:26] [INFO] [发送] 09:25:26.252 设备ID=12070 module=PERIODIC id=ReadFoupStatus uuid=140 sendCount=1/1 timeout=1000ms crc=30 0C len=8
frame=01 04 00 00 00 09 30 0C
[2026-04-17 09:25:26] [INFO] [接收-帧] 09:25:26.340 设备ID=12070 module=PERIODIC id=ReadFoupStatus uuid=140 len=23
frame=01 04 12 0D 14 93 6E C0 47 CF 0F 8F D8 10 F6 76 0A D2 F6 06 94 58 E5
[2026-04-17 09:25:27] [INFO] [发送] 09:25:27.342 设备ID=12070 module=PERIODIC id=ReadFoupStatus uuid=140 sendCount=1/1 timeout=1000ms crc=30 0C len=8
frame=01 04 00 00 00 09 30 0C
[2026-04-17 09:25:27] [INFO] [接收-帧] 09:25:27.439 设备ID=12070 module=PERIODIC id=ReadFoupStatus uuid=140 len=23
frame=01 04 12 B2 A2 3D EE EF 79 5B E7 FE C1 CE 09 32 1F D8 0F 3A 3B 66 E0
[2026-04-17 09:25:28] [INFO] [发送] 09:25:28.453 设备ID=12070 module=PERIODIC id=ReadFoupStatus uuid=140 sendCount=1/1 timeout=1000ms crc=30 0C len=8
frame=01 04 00 00 00 09 30 0C
[2026-04-17 09:25:28] [INFO] [接收-帧] 09:25:28.533 设备ID=12070 module=PERIODIC id=ReadFoupStatus uuid=140 len=23
frame=01 04 12 ED 6C BA 94 FA 2F EF F0 C9 4B CB FE 66 07 55 E7 46 E9 47 AE
[2026-04-17 09:25:29] [INFO] [发送] 09:25:29.534 设备ID=12070 module=PERIODIC id=ReadFoupStatus uuid=140 sendCount=1/1 timeout=1000ms crc=30 0C len=8
frame=01 04 00 00 00 09 30 0C
[2026-04-17 09:25:29] [INFO] [接收-帧] 09:25:29.628 设备ID=12070 module=PERIODIC id=ReadFoupStatus uuid=140 len=23
frame=01 04 12 2C A5 40 F9 5E 22 45 57 A7 0D E8 1D 06 85 73 27 8A 66 70 CD
[2026-04-17 09:25:30] [INFO] [发送] 09:25:30.629 设备ID=12070 module=PERIODIC id=ReadFoupStatus uuid=140 sendCount=1/1 timeout=1000ms crc=30 0C len=8
frame=01 04 00 00 00 09 30 0C
[2026-04-17 09:25:30] [INFO] [接收-帧] 09:25:30.715 设备ID=12070 module=PERIODIC id=ReadFoupStatus uuid=140 len=23
frame=01 04 12 9B 24 C1 BE E1 87 24 22 69 99 A3 08 4F 2C 71 34 61 40 12 EB
[2026-04-17 09:25:31] [INFO] [发送] 09:25:31.713 设备ID=12070 module=PERIODIC id=ReadFoupStatus uuid=140 sendCount=1/1 timeout=1000ms crc=30 0C len=8
frame=01 04 00 00 00 09 30 0C
[2026-04-17 09:25:31] [INFO] [接收-帧] 09:25:31.812 设备ID=12070 module=PERIODIC id=ReadFoupStatus uuid=140 len=23
frame=01 04 12 97 7B 68 F6 33 2A 2B A2 CF CA 0F 8F FE 40 E8 4C 07 AB 6F 63
[2026-04-17 09:25:32] [INFO] [发送] 09:25:32.816 设备ID=12070 module=PERIODIC id=ReadFoupStatus uuid=140 sendCount=1/1 timeout=1000ms crc=30 0C len=8
frame=01 04 00 00 00 09 30 0C
[2026-04-17 09:25:32] [INFO] [接收-帧] 09:25:32.906 设备ID=12070 module=PERIODIC id=ReadFoupStatus uuid=140 len=23
frame=01 04 12 B2 D3 71 7A 39 8C F8 74 D0 34 39 E4 47 3A B2 EB 0A 6F 7A 85
[2026-04-17 09:25:33] [INFO] [发送] 09:25:33.917 设备ID=12070 module=PERIODIC id=ReadFoupStatus uuid=140 sendCount=1/1 timeout=1000ms crc=30 0C len=8
frame=01 04 00 00 00 09 30 0C
[2026-04-17 09:25:33] [INFO] [接收-帧] 09:25:33.998 设备ID=12070 module=PERIODIC id=ReadFoupStatus uuid=140 len=23
frame=01 04 12 DB 9B 2A D7 2B 71 86 C7 31 89 DA CB A8 6F A3 B8 67 AB CD 03
[2026-04-17 09:25:34] [INFO] [发送] 09:25:34.996 设备ID=12070 module=PERIODIC id=ReadFoupStatus uuid=140 sendCount=1/1 timeout=1000ms crc=30 0C len=8
frame=01 04 00 00 00 09 30 0C
[2026-04-17 09:25:35] [INFO] [接收-帧] 09:25:35.092 设备ID=12070 module=PERIODIC id=ReadFoupStatus uuid=140 len=23
frame=01 04 12 12 D5 CE D4 F0 8C B8 6B CF B2 9F 79 33 6C 49 88 17 83 3F 1F
[2026-04-17 09:25:36] [INFO] [发送] 09:25:36.097 设备ID=12070 module=PERIODIC id=ReadFoupStatus uuid=140 sendCount=1/1 timeout=1000ms crc=30 0C len=8
frame=01 04 00 00 00 09 30 0C
[2026-04-17 09:25:36] [INFO] [接收-帧] 09:25:36.187 设备ID=12070 module=PERIODIC id=ReadFoupStatus uuid=140 len=23
frame=01 04 12 B2 E5 62 0A 19 80 42 C0 23 89 A5 38 7E 17 64 8F AC 49 3F 27
[2026-04-17 09:25:37] [INFO] [发送] 09:25:37.182 设备ID=12070 module=PERIODIC id=ReadFoupStatus uuid=140 sendCount=1/1 timeout=1000ms crc=30 0C len=8
frame=01 04 00 00 00 09 30 0C
[2026-04-17 09:25:37] [INFO] [接收-帧] 09:25:37.279 设备ID=12070 module=PERIODIC id=ReadFoupStatus uuid=140 len=23
frame=01 04 12 65 A0 86 08 65 A1 E7 61 70 23 30 37 51 85 B5 AC 39 3D 8E 73
[2026-04-17 09:25:38] [INFO] [发送] 09:25:38.282 设备ID=12070 module=PERIODIC id=ReadFoupStatus uuid=140 sendCount=1/1 timeout=1000ms crc=30 0C len=8
frame=01 04 00 00 00 09 30 0C
[2026-04-17 09:25:38] [INFO] [接收-帧] 09:25:38.370 设备ID=12070 module=PERIODIC id=ReadFoupStatus uuid=140 len=23
frame=01 04 12 A1 46 AE 61 1C 09 FF 63 6A 4D AC 11 B6 43 0A 93 7A AF 93 7E
[2026-04-17 09:25:39] [INFO] [发送] 09:25:39.370 设备ID=12070 module=PERIODIC id=ReadFoupStatus uuid=140 sendCount=1/1 timeout=1000ms crc=30 0C len=8
frame=01 04 00 00 00 09 30 0C
[2026-04-17 09:25:39] [INFO] [接收-帧] 09:25:39.466 设备ID=12070 module=PERIODIC id=ReadFoupStatus uuid=140 len=23
frame=01 04 12 C8 08 98 F3 FA 34 91 CC 09 8D BC C5 8D F1 19 EC 3A 28 2E 92
[2026-04-17 09:25:40] [INFO] [发送] 09:25:40.468 设备ID=12070 module=PERIODIC id=ReadFoupStatus uuid=140 sendCount=1/1 timeout=1000ms crc=30 0C len=8
frame=01 04 00 00 00 09 30 0C
[2026-04-17 09:25:40] [INFO] [接收-帧] 09:25:40.566 设备ID=12070 module=PERIODIC id=ReadFoupStatus uuid=140 len=23
frame=01 04 12 21 11 09 56 56 3D 47 AF 9D 1D 0F 42 26 01 FC 98 BF 33 08 F8
[2026-04-17 09:25:41] [INFO] [发送] 09:25:41.555 设备ID=12070 module=PERIODIC id=ReadFoupStatus uuid=140 sendCount=1/1 timeout=1000ms crc=30 0C len=8
frame=01 04 00 00 00 09 30 0C
[2026-04-17 09:25:41] [INFO] [接收-帧] 09:25:41.656 设备ID=12070 module=PERIODIC id=ReadFoupStatus uuid=140 len=23
frame=01 04 12 29 80 6B FD FB B5 98 86 D7 00 99 00 96 C8 D0 55 2E 68 C5 C1
[2026-04-17 09:25:42] [INFO] [发送] 09:25:42.650 设备ID=12070 module=PERIODIC id=ReadFoupStatus uuid=140 sendCount=1/1 timeout=1000ms crc=30 0C len=8
frame=01 04 00 00 00 09 30 0C
[2026-04-17 09:25:42] [INFO] [接收-帧] 09:25:42.750 设备ID=12070 module=PERIODIC id=ReadFoupStatus uuid=140 len=23
frame=01 04 12 95 C8 16 6E 56 8B 29 77 6A 0D 11 09 0C 32 9E C8 FB AA 25 FC
[2026-04-17 09:25:43] [INFO] [发送] 09:25:43.744 设备ID=12070 module=PERIODIC id=ReadFoupStatus uuid=140 sendCount=1/1 timeout=1000ms crc=30 0C len=8
frame=01 04 00 00 00 09 30 0C
[2026-04-17 09:25:43] [INFO] [接收-帧] 09:25:43.846 设备ID=12070 module=PERIODIC id=ReadFoupStatus uuid=140 len=23
frame=01 04 12 E8 2E 6A 69 7E C6 71 3A 6B EA 48 30 57 71 22 B3 44 81 15 CD
[2026-04-17 09:25:44] [INFO] [发送] 09:25:44.841 设备ID=12070 module=PERIODIC id=ReadFoupStatus uuid=140 sendCount=1/1 timeout=1000ms crc=30 0C len=8
frame=01 04 00 00 00 09 30 0C
[2026-04-17 09:25:44] [INFO] [接收-帧] 09:25:44.937 设备ID=12070 module=PERIODIC id=ReadFoupStatus uuid=140 len=23
frame=01 04 12 AD 84 D5 97 A4 EF B6 76 F2 7F FB 57 9C BE FF 92 1D 1F A8 AA
[2026-04-17 09:25:45] [INFO] [发送] 09:25:45.937 设备ID=12070 module=PERIODIC id=ReadFoupStatus uuid=140 sendCount=1/1 timeout=1000ms crc=30 0C len=8
frame=01 04 00 00 00 09 30 0C
[2026-04-17 09:25:46] [INFO] [接收-帧] 09:25:46.032 设备ID=12070 module=PERIODIC id=ReadFoupStatus uuid=140 len=23
frame=01 04 12 DA 36 9D 24 3D 79 EE A2 C3 23 09 C4 1E AF E4 54 AE 6C 3A A2
[2026-04-17 09:25:47] [INFO] [发送] 09:25:47.024 设备ID=12070 module=PERIODIC id=ReadFoupStatus uuid=140 sendCount=1/1 timeout=1000ms crc=30 0C len=8
frame=01 04 00 00 00 09 30 0C
[2026-04-17 09:25:47] [INFO] [接收-帧] 09:25:47.123 设备ID=12070 module=PERIODIC id=ReadFoupStatus uuid=140 len=23
frame=01 04 12 05 FE 4A 94 2A 65 CE B5 5E 3D 5F D5 62 B0 B7 B4 59 1A 65 42
[2026-04-17 09:25:48] [INFO] [发送] 09:25:48.132 设备ID=12070 module=PERIODIC id=ReadFoupStatus uuid=140 sendCount=1/1 timeout=1000ms crc=30 0C len=8
frame=01 04 00 00 00 09 30 0C
[2026-04-17 09:25:48] [INFO] [接收-帧] 09:25:48.216 设备ID=12070 module=PERIODIC id=ReadFoupStatus uuid=140 len=23
frame=01 04 12 79 94 70 C4 06 42 67 F3 97 A9 6B DF C5 80 DE 94 5A 35 1A FD
[2026-04-17 09:25:49] [INFO] [发送] 09:25:49.216 设备ID=12070 module=PERIODIC id=ReadFoupStatus uuid=140 sendCount=1/1 timeout=1000ms crc=30 0C len=8
frame=01 04 00 00 00 09 30 0C
[2026-04-17 09:25:49] [INFO] [接收-帧] 09:25:49.315 设备ID=12070 module=PERIODIC id=ReadFoupStatus uuid=140 len=23
frame=01 04 12 30 90 74 91 DA FA C3 E5 E4 FE 79 EC BA B6 14 C5 8D A1 15 F5
[2026-04-17 09:25:50] [INFO] [发送] 09:25:50.309 设备ID=12070 module=PERIODIC id=ReadFoupStatus uuid=140 sendCount=1/1 timeout=1000ms crc=30 0C len=8
frame=01 04 00 00 00 09 30 0C
[2026-04-17 09:25:50] [INFO] [接收-帧] 09:25:50.405 设备ID=12070 module=PERIODIC id=ReadFoupStatus uuid=140 len=23
frame=01 04 12 B6 06 56 C2 27 91 1E 4D 75 30 11 A2 58 F2 B5 AD 3C 03 EA 96
[2026-04-17 09:25:51] [INFO] [发送] 09:25:51.405 设备ID=12070 module=PERIODIC id=ReadFoupStatus uuid=140 sendCount=1/1 timeout=1000ms crc=30 0C len=8
frame=01 04 00 00 00 09 30 0C
[2026-04-17 09:25:51] [INFO] [接收-帧] 09:25:51.510 设备ID=12070 module=PERIODIC id=ReadFoupStatus uuid=140 len=23
frame=01 04 12 41 DC BE F7 E1 7B 5D 74 A3 B6 3F 95 B0 19 5B 79 00 A2 21 C8
[2026-04-17 09:25:52] [INFO] [发送] 09:25:52.513 设备ID=12070 module=PERIODIC id=ReadFoupStatus uuid=140 sendCount=1/1 timeout=1000ms crc=30 0C len=8
frame=01 04 00 00 00 09 30 0C
[2026-04-17 09:25:52] [INFO] [接收-帧] 09:25:52.591 设备ID=12070 module=PERIODIC id=ReadFoupStatus uuid=140 len=23
frame=01 04 12 FF 22 0A 4E 16 11 5D C9 6A 81 6F 61 A4 0A CC 6E 02 F8 C5 4F
[2026-04-17 09:25:53] [INFO] [发送] 09:25:53.592 设备ID=12070 module=PERIODIC id=ReadFoupStatus uuid=140 sendCount=1/1 timeout=1000ms crc=30 0C len=8
frame=01 04 00 00 00 09 30 0C
[2026-04-17 09:25:53] [INFO] [接收-帧] 09:25:53.689 设备ID=12070 module=PERIODIC id=ReadFoupStatus uuid=140 len=23
frame=01 04 12 F6 DB DA AF 6B C4 E7 69 08 1B 39 81 94 EA 49 A5 BC BF 17 E5
[2026-04-17 09:25:54] [INFO] [发送] 09:25:54.684 设备ID=12070 module=PERIODIC id=ReadFoupStatus uuid=140 sendCount=1/1 timeout=1000ms crc=30 0C len=8
frame=01 04 00 00 00 09 30 0C
[2026-04-17 09:25:54] [INFO] [接收-帧] 09:25:54.781 设备ID=12070 module=PERIODIC id=ReadFoupStatus uuid=140 len=23
frame=01 04 12 66 50 46 EC FD C1 2C 57 60 B9 D5 DC E2 2A 9D 5D B8 CF A0 22
[2026-04-17 09:25:55] [INFO] [发送] 09:25:55.776 设备ID=12070 module=PERIODIC id=ReadFoupStatus uuid=140 sendCount=1/1 timeout=1000ms crc=30 0C len=8
frame=01 04 00 00 00 09 30 0C
[2026-04-17 09:25:55] [INFO] [接收-帧] 09:25:55.877 设备ID=12070 module=PERIODIC id=ReadFoupStatus uuid=140 len=23
frame=01 04 12 D0 6B DC 1F 6B 48 1F FC 2B 17 58 DC B9 39 20 BF 31 D6 EF 44
[2026-04-17 09:25:56] [INFO] [发送] 09:25:56.877 设备ID=12070 module=PERIODIC id=ReadFoupStatus uuid=140 sendCount=1/1 timeout=1000ms crc=30 0C len=8
frame=01 04 00 00 00 09 30 0C
[2026-04-17 09:25:56] [INFO] [接收-帧] 09:25:56.970 设备ID=12070 module=PERIODIC id=ReadFoupStatus uuid=140 len=23
frame=01 04 12 BD A0 C0 74 F3 B5 A7 3D A1 B3 27 2F 89 12 24 5E 7A E1 98 55
[2026-04-17 09:25:57] [INFO] [发送] 09:25:57.965 设备ID=12070 module=PERIODIC id=ReadFoupStatus uuid=140 sendCount=1/1 timeout=1000ms crc=30 0C len=8
frame=01 04 00 00 00 09 30 0C
[2026-04-17 09:25:58] [INFO] [接收-帧] 09:25:58.066 设备ID=12070 module=PERIODIC id=ReadFoupStatus uuid=140 len=23
frame=01 04 12 6E 3B D2 C4 E4 D0 DC 63 9C 32 4F ED 3A 9B 27 00 3D 87 70 50
[2026-04-17 09:25:59] [INFO] [发送] 09:25:59.059 设备ID=12070 module=PERIODIC id=ReadFoupStatus uuid=140 sendCount=1/1 timeout=1000ms crc=30 0C len=8
frame=01 04 00 00 00 09 30 0C
[2026-04-17 09:25:59] [INFO] [接收-帧] 09:25:59.154 设备ID=12070 module=PERIODIC id=ReadFoupStatus uuid=140 len=23
frame=01 04 12 1F 8A 34 1E 7A E2 A3 7D F7 14 1C EE B6 6C 43 CF CD 7F 55 99
[2026-04-17 09:26:00] [INFO] [发送] 09:26:00.159 设备ID=12070 module=PERIODIC id=ReadFoupStatus uuid=140 sendCount=1/1 timeout=1000ms crc=30 0C len=8
frame=01 04 00 00 00 09 30 0C
[2026-04-17 09:26:00] [INFO] [接收-帧] 09:26:00.252 设备ID=12070 module=PERIODIC id=ReadFoupStatus uuid=140 len=23
frame=01 04 12 60 EF 05 97 44 A6 C3 18 BD D4 79 92 D8 B9 3A 61 15 10 15 E3
[2026-04-17 09:26:01] [INFO] [发送] 09:26:01.246 设备ID=12070 module=PERIODIC id=ReadFoupStatus uuid=140 sendCount=1/1 timeout=1000ms crc=30 0C len=8
frame=01 04 00 00 00 09 30 0C
[2026-04-17 09:26:01] [INFO] [接收-帧] 09:26:01.340 设备ID=12070 module=PERIODIC id=ReadFoupStatus uuid=140 len=23
frame=01 04 12 90 A2 22 4C EA 3F C0 41 93 BB 6D E2 40 15 52 06 7F EF AC 43
[2026-04-17 09:26:02] [INFO] [发送] 09:26:02.345 设备ID=12070 module=PERIODIC id=ReadFoupStatus uuid=140 sendCount=1/1 timeout=1000ms crc=30 0C len=8
frame=01 04 00 00 00 09 30 0C
[2026-04-17 09:26:02] [INFO] [接收-帧] 09:26:02.444 设备ID=12070 module=PERIODIC id=ReadFoupStatus uuid=140 len=23
frame=01 04 12 09 07 19 05 CC 42 2F 6F 7F 04 B1 97 45 17 70 B9 9B 34 B1 0D
[2026-04-17 09:26:03] [INFO] [发送] 09:26:03.453 设备ID=12070 module=PERIODIC id=ReadFoupStatus uuid=140 sendCount=1/1 timeout=1000ms crc=30 0C len=8
frame=01 04 00 00 00 09 30 0C
[2026-04-17 09:26:03] [INFO] [接收-帧] 09:26:03.529 设备ID=12070 module=PERIODIC id=ReadFoupStatus uuid=140 len=23
frame=01 04 12 8A BA 56 70 0E 60 5F C6 06 CA 24 43 33 CD ED EF CF C6 2F 74
[2026-04-17 09:26:04] [INFO] [发送] 09:26:04.572 设备ID=12070 module=PERIODIC id=ReadFoupStatus uuid=140 sendCount=1/1 timeout=1000ms crc=30 0C len=8
frame=01 04 00 00 00 09 30 0C
[2026-04-17 09:26:04] [INFO] [接收-帧] 09:26:04.629 设备ID=12070 module=PERIODIC id=ReadFoupStatus uuid=140 len=23
frame=01 04 12 34 09 D7 6F CE 91 32 1E 4C B9 79 34 EB B0 27 A9 2A 71 46 4A
[2026-04-17 09:26:05] [INFO] [发送] 09:26:05.639 设备ID=12070 module=PERIODIC id=ReadFoupStatus uuid=140 sendCount=1/1 timeout=1000ms crc=30 0C len=8
frame=01 04 00 00 00 09 30 0C
[2026-04-17 09:26:05] [INFO] [接收-帧] 09:26:05.715 设备ID=12070 module=PERIODIC id=ReadFoupStatus uuid=140 len=23
frame=01 04 12 25 DA 3C 80 53 F1 40 7F 3A 82 43 7A DC A5 68 9C CA B9 EF 53
[2026-04-17 09:26:06] [INFO] [发送] 09:26:06.719 设备ID=12070 module=PERIODIC id=ReadFoupStatus uuid=140 sendCount=1/1 timeout=1000ms crc=30 0C len=8
frame=01 04 00 00 00 09 30 0C
[2026-04-17 09:26:06] [INFO] [接收-帧] 09:26:06.838 设备ID=12070 module=PERIODIC id=ReadFoupStatus uuid=140 len=23
frame=01 04 12 88 B3 7F FA 8C ED 2E CE 3C E7 33 E5 7E AC 26 C5 A3 98 13 CA
[2026-04-17 09:26:07] [INFO] [发送] 09:26:07.860 设备ID=12070 module=PERIODIC id=ReadFoupStatus uuid=140 sendCount=1/1 timeout=1000ms crc=30 0C len=8
frame=01 04 00 00 00 09 30 0C
[2026-04-17 09:26:07] [INFO] [接收-帧] 09:26:07.902 设备ID=12070 module=PERIODIC id=ReadFoupStatus uuid=140 len=23
frame=01 04 12 65 33 36 68 D5 5E 0B 75 6F 5C 15 FF 17 BD 52 9C BF 49 54 41
[2026-04-17 09:26:08] [INFO] [发送] 09:26:08.913 设备ID=12070 module=PERIODIC id=ReadFoupStatus uuid=140 sendCount=1/1 timeout=1000ms crc=30 0C len=8
frame=01 04 00 00 00 09 30 0C
[2026-04-17 09:26:08] [INFO] [接收-帧] 09:26:08.998 设备ID=12070 module=PERIODIC id=ReadFoupStatus uuid=140 len=23
frame=01 04 12 27 CA 1F DF 78 25 C1 E8 AF E5 BA 58 7B B5 9E 88 69 E1 80 EB
[2026-04-17 09:26:09] [INFO] [发送] 09:26:09.995 设备ID=12070 module=PERIODIC id=ReadFoupStatus uuid=140 sendCount=1/1 timeout=1000ms crc=30 0C len=8
frame=01 04 00 00 00 09 30 0C
[2026-04-17 09:26:10] [INFO] [接收-帧] 09:26:10.093 设备ID=12070 module=PERIODIC id=ReadFoupStatus uuid=140 len=23
frame=01 04 12 D3 3A ED 4E 39 93 E8 8D 26 01 36 45 B2 A8 75 F9 64 8F 52 A4
[2026-04-17 09:26:11] [INFO] [发送] 09:26:11.094 设备ID=12070 module=PERIODIC id=ReadFoupStatus uuid=140 sendCount=1/1 timeout=1000ms crc=30 0C len=8
frame=01 04 00 00 00 09 30 0C
[2026-04-17 09:26:11] [INFO] [接收-帧] 09:26:11.192 设备ID=12070 module=PERIODIC id=ReadFoupStatus uuid=140 len=23
frame=01 04 12 09 07 AB CC 49 CE 05 22 B5 E4 6B 40 FB 1E D0 E9 F0 21 1C 0B
[2026-04-17 09:26:12] [INFO] [发送] 09:26:12.187 设备ID=12070 module=PERIODIC id=ReadFoupStatus uuid=140 sendCount=1/1 timeout=1000ms crc=30 0C len=8
frame=01 04 00 00 00 09 30 0C
[2026-04-17 09:26:12] [INFO] [接收-帧] 09:26:12.278 设备ID=12070 module=PERIODIC id=ReadFoupStatus uuid=140 len=23
frame=01 04 12 26 86 76 A7 BF 93 24 74 B1 73 1D FF FA 53 2B 0B 43 86 6A F7
[2026-04-17 09:26:13] [INFO] [发送] 09:26:13.278 设备ID=12070 module=PERIODIC id=ReadFoupStatus uuid=140 sendCount=1/1 timeout=1000ms crc=30 0C len=8
frame=01 04 00 00 00 09 30 0C
[2026-04-17 09:26:13] [INFO] [接收-帧] 09:26:13.375 设备ID=12070 module=PERIODIC id=ReadFoupStatus uuid=140 len=23
frame=01 04 12 D5 DF A2 91 89 79 A0 DF 03 3A 6D 70 0E D5 9D 2F 1E 8F A8 9D
[2026-04-17 09:26:14] [INFO] [发送] 09:26:14.369 设备ID=12070 module=PERIODIC id=ReadFoupStatus uuid=140 sendCount=1/1 timeout=1000ms crc=30 0C len=8
frame=01 04 00 00 00 09 30 0C
[2026-04-17 09:26:14] [INFO] [接收-帧] 09:26:14.468 设备ID=12070 module=PERIODIC id=ReadFoupStatus uuid=140 len=23
frame=01 04 12 EB D7 DA DF AA 50 16 FB CF 05 D0 35 F4 3B 81 FA E1 A4 FF 30
[2026-04-17 09:26:15] [INFO] [发送] 09:26:15.650 设备ID=12070 module=PERIODIC id=ReadFoupStatus uuid=140 sendCount=1/1 timeout=1000ms crc=30 0C len=8
frame=01 04 00 00 00 09 30 0C
[2026-04-17 09:26:15] [INFO] [接收-帧] 09:26:15.684 设备ID=12070 module=PERIODIC id=ReadFoupStatus uuid=140 len=23
frame=01 04 12 56 82 37 6E 28 DE D0 EE B6 D5 D7 2E E1 A9 F3 54 6E 41 7C C5
[2026-04-17 09:26:16] [INFO] [发送] 09:26:16.718 设备ID=12070 module=PERIODIC id=ReadFoupStatus uuid=140 sendCount=1/1 timeout=1000ms crc=30 0C len=8
frame=01 04 00 00 00 09 30 0C
[2026-04-17 09:26:16] [INFO] [接收-帧] 09:26:16.772 设备ID=12070 module=PERIODIC id=ReadFoupStatus uuid=140 len=23
frame=01 04 12 C5 FF 10 D2 1A 78 3F 76 FB 21 F9 79 34 2D 41 A0 98 78 0E 3A
[2026-04-17 09:26:17] [INFO] [发送] 09:26:17.769 设备ID=12070 module=PERIODIC id=ReadFoupStatus uuid=140 sendCount=1/1 timeout=1000ms crc=30 0C len=8
frame=01 04 00 00 00 09 30 0C
[2026-04-17 09:26:17] [INFO] [接收-帧] 09:26:17.870 设备ID=12070 module=PERIODIC id=ReadFoupStatus uuid=140 len=23
frame=01 04 12 8D C6 2B 78 CF 35 8E 5C B9 A5 68 CF D6 3D A9 FB 86 D8 5A 69
[2026-04-17 09:26:18] [INFO] [发送] 09:26:18.876 设备ID=12070 module=PERIODIC id=ReadFoupStatus uuid=140 sendCount=1/1 timeout=1000ms crc=30 0C len=8
frame=01 04 00 00 00 09 30 0C
[2026-04-17 09:26:18] [INFO] [接收-帧] 09:26:18.960 设备ID=12070 module=PERIODIC id=ReadFoupStatus uuid=140 len=23
frame=01 04 12 C6 89 27 3E 92 87 EF C6 0A ED 9A 69 83 31 73 8B 21 BE 8B AD
[2026-04-17 09:26:19] [INFO] [发送] 09:26:19.950 设备ID=12070 module=PERIODIC id=ReadFoupStatus uuid=140 sendCount=1/1 timeout=1000ms crc=30 0C len=8
frame=01 04 00 00 00 09 30 0C
[2026-04-17 09:26:20] [INFO] [接收-帧] 09:26:20.057 设备ID=12070 module=PERIODIC id=ReadFoupStatus uuid=140 len=23
frame=01 04 12 CA E3 5A 43 AB 93 FD D6 22 61 85 BB 6A 54 3A BE A7 66 46 59
[2026-04-17 09:26:21] [INFO] [发送] 09:26:21.062 设备ID=12070 module=PERIODIC id=ReadFoupStatus uuid=140 sendCount=1/1 timeout=1000ms crc=30 0C len=8
frame=01 04 00 00 00 09 30 0C
[2026-04-17 09:26:21] [INFO] [接收-帧] 09:26:21.144 设备ID=12070 module=PERIODIC id=ReadFoupStatus uuid=140 len=23
frame=01 04 12 2F 0D 99 0B E2 DB 52 A6 AD 88 89 E8 F8 CC B2 DE 93 29 36 8D
[2026-04-17 09:26:22] [INFO] [发送] 09:26:22.149 设备ID=12070 module=PERIODIC id=ReadFoupStatus uuid=140 sendCount=1/1 timeout=1000ms crc=30 0C len=8
frame=01 04 00 00 00 09 30 0C
[2026-04-17 09:26:22] [INFO] [接收-帧] 09:26:22.243 设备ID=12070 module=PERIODIC id=ReadFoupStatus uuid=140 len=23
frame=01 04 12 32 E4 ED F1 0B 65 8F 2F B5 9F 05 B8 7A 29 74 5C AB 5D 65 8E
[2026-04-17 09:26:23] [INFO] [发送] 09:26:23.254 设备ID=12070 module=PERIODIC id=ReadFoupStatus uuid=140 sendCount=1/1 timeout=1000ms crc=30 0C len=8
frame=01 04 00 00 00 09 30 0C
[2026-04-17 09:26:23] [INFO] [接收-帧] 09:26:23.336 设备ID=12070 module=PERIODIC id=ReadFoupStatus uuid=140 len=23
frame=01 04 12 D6 EC 42 C4 E8 C2 6D 21 34 6F F1 7D DA 5A 24 B8 90 94 2C AC
[2026-04-17 09:26:24] [INFO] [发送] 09:26:24.347 设备ID=12070 module=PERIODIC id=ReadFoupStatus uuid=140 sendCount=1/1 timeout=1000ms crc=30 0C len=8
frame=01 04 00 00 00 09 30 0C
[2026-04-17 09:26:24] [INFO] [接收-帧] 09:26:24.509 设备ID=12070 module=PERIODIC id=ReadFoupStatus uuid=140 len=23
frame=01 04 12 2A BB 15 B4 54 0E C1 88 30 0E B4 BA 78 18 E7 3B 36 5A 8E 69
[2026-04-17 09:26:25] [INFO] [发送] 09:26:25.622 设备ID=12070 module=PERIODIC id=ReadFoupStatus uuid=140 sendCount=1/1 timeout=1000ms crc=30 0C len=8
frame=01 04 00 00 00 09 30 0C
[2026-04-17 09:26:25] [INFO] [接收-帧] 09:26:25.796 设备ID=12070 module=PERIODIC id=ReadFoupStatus uuid=140 len=23
frame=01 04 12 3E CC 34 CE 2F B5 51 F1 ED A1 66 5C 2B 79 B3 D1 8D AA 33 35
[2026-04-17 09:26:27] [INFO] [发送] 09:26:27.165 设备ID=12070 module=PERIODIC id=ReadFoupStatus uuid=140 sendCount=1/1 timeout=1000ms crc=30 0C len=8
frame=01 04 00 00 00 09 30 0C
[2026-04-17 09:26:27] [INFO] [接收-帧] 09:26:27.274 设备ID=12070 module=PERIODIC id=ReadFoupStatus uuid=140 len=23
frame=01 04 12 36 BB 7C 39 B4 4B 9E E5 98 47 A1 C6 E3 47 9B 80 73 D2 9B 12
[2026-04-17 09:26:28] [INFO] [发送] 09:26:28.378 设备ID=12070 module=PERIODIC id=ReadFoupStatus uuid=140 sendCount=1/1 timeout=1000ms crc=30 0C len=8
frame=01 04 00 00 00 09 30 0C
[2026-04-17 09:26:28] [INFO] [接收-帧] 09:26:28.490 设备ID=12070 module=PERIODIC id=ReadFoupStatus uuid=140 len=23
frame=01 04 12 44 DA B7 92 95 2B 5E 07 BC 55 F9 23 66 57 62 C8 77 97 D3 F8
[2026-04-17 09:26:29] [INFO] [发送] 09:26:29.485 设备ID=12070 module=PERIODIC id=ReadFoupStatus uuid=140 sendCount=1/1 timeout=1000ms crc=30 0C len=8
frame=01 04 00 00 00 09 30 0C
[2026-04-17 09:26:29] [INFO] [接收-帧] 09:26:29.606 设备ID=12070 module=PERIODIC id=ReadFoupStatus uuid=140 len=23
frame=01 04 12 43 A5 B6 68 04 C2 F3 AA EE 40 EF 62 9E BE A7 84 BC 3D 8F 31
[2026-04-17 09:26:30] [INFO] [发送] 09:26:30.834 设备ID=12070 module=PERIODIC id=ReadFoupStatus uuid=140 sendCount=1/1 timeout=1000ms crc=30 0C len=8
frame=01 04 00 00 00 09 30 0C
[2026-04-17 09:26:30] [INFO] [接收-帧] 09:26:30.873 设备ID=12070 module=PERIODIC id=ReadFoupStatus uuid=140 len=23
frame=01 04 12 76 89 3B AC 7A A4 BE F9 E1 05 DD 6E 99 49 3D 8A 39 76 D0 5D
[2026-04-17 09:26:31] [INFO] [发送] 09:26:31.885 设备ID=12070 module=PERIODIC id=ReadFoupStatus uuid=140 sendCount=1/1 timeout=1000ms crc=30 0C len=8
frame=01 04 00 00 00 09 30 0C
[2026-04-17 09:26:31] [INFO] [接收-帧] 09:26:31.980 设备ID=12070 module=PERIODIC id=ReadFoupStatus uuid=140 len=23
frame=01 04 12 51 B6 DC 8A D4 40 FF 43 C0 83 DE 4E 25 C0 59 7D B3 54 47 55
[2026-04-17 09:26:32] [INFO] [发送] 09:26:32.983 设备ID=12070 module=PERIODIC id=ReadFoupStatus uuid=140 sendCount=1/1 timeout=1000ms crc=30 0C len=8
frame=01 04 00 00 00 09 30 0C
[2026-04-17 09:26:33] [INFO] [接收-帧] 09:26:33.060 设备ID=12070 module=PERIODIC id=ReadFoupStatus uuid=140 len=23
frame=01 04 12 4D 34 AF 9C 77 6E 0B 3D 24 DC 69 E4 15 CC FA 8A 51 6B 63 E5
[2026-04-17 09:26:34] [INFO] [发送] 09:26:34.066 设备ID=12070 module=PERIODIC id=ReadFoupStatus uuid=140 sendCount=1/1 timeout=1000ms crc=30 0C len=8
frame=01 04 00 00 00 09 30 0C
[2026-04-17 09:26:34] [INFO] [接收-帧] 09:26:34.186 设备ID=12070 module=PERIODIC id=ReadFoupStatus uuid=140 len=23
frame=01 04 12 72 F3 86 1C C1 4F BB C9 99 86 54 49 C3 20 90 74 08 98 52 91
[2026-04-17 09:26:35] [INFO] [发送] 09:26:35.203 设备ID=12070 module=PERIODIC id=ReadFoupStatus uuid=140 sendCount=1/1 timeout=1000ms crc=30 0C len=8
frame=01 04 00 00 00 09 30 0C
[2026-04-17 09:26:35] [INFO] [接收-帧] 09:26:35.257 设备ID=12070 module=PERIODIC id=ReadFoupStatus uuid=140 len=23
frame=01 04 12 A0 7F A6 73 33 C3 18 A3 2A CC B3 56 8C B5 D7 1D 40 81 34 B8
[2026-04-17 09:26:36] [INFO] [发送] 09:26:36.251 设备ID=12070 module=PERIODIC id=ReadFoupStatus uuid=140 sendCount=1/1 timeout=1000ms crc=30 0C len=8
frame=01 04 00 00 00 09 30 0C
[2026-04-17 09:26:36] [INFO] [接收-帧] 09:26:36.351 设备ID=12070 module=PERIODIC id=ReadFoupStatus uuid=140 len=23
frame=01 04 12 7C A9 B7 77 4D B9 52 0F 31 F6 CA BC C9 A4 B4 01 02 06 CF A3
[2026-04-17 09:26:37] [INFO] [发送] 09:26:37.357 设备ID=12070 module=PERIODIC id=ReadFoupStatus uuid=140 sendCount=1/1 timeout=1000ms crc=30 0C len=8
frame=01 04 00 00 00 09 30 0C
[2026-04-17 09:26:37] [INFO] [接收-帧] 09:26:37.437 设备ID=12070 module=PERIODIC id=ReadFoupStatus uuid=140 len=23
frame=01 04 12 55 5B FB 81 7F 80 5E 36 DB 72 A1 C3 65 6E 94 07 8F DE AE CB
[2026-04-17 09:26:38] [INFO] [发送] 09:26:38.437 设备ID=12070 module=PERIODIC id=ReadFoupStatus uuid=140 sendCount=1/1 timeout=1000ms crc=30 0C len=8
frame=01 04 00 00 00 09 30 0C
[2026-04-17 09:26:38] [INFO] [接收-帧] 09:26:38.563 设备ID=12070 module=PERIODIC id=ReadFoupStatus uuid=140 len=23
frame=01 04 12 04 1A 18 B7 B7 01 03 8C A6 5D C3 F3 90 53 3D 17 14 2F 50 D3
[2026-04-17 09:26:39] [INFO] [发送] 09:26:39.562 设备ID=12070 module=PERIODIC id=ReadFoupStatus uuid=140 sendCount=1/1 timeout=1000ms crc=30 0C len=8
frame=01 04 00 00 00 09 30 0C
[2026-04-17 09:26:39] [INFO] [接收-帧] 09:26:39.626 设备ID=12070 module=PERIODIC id=ReadFoupStatus uuid=140 len=23
frame=01 04 12 FC 03 62 BB EA 84 08 3E F6 5B 25 6B A3 BB AF 6E 23 21 32 A0
[2026-04-17 09:26:40] [INFO] [发送] 09:26:40.620 设备ID=12070 module=PERIODIC id=ReadFoupStatus uuid=140 sendCount=1/1 timeout=1000ms crc=30 0C len=8
frame=01 04 00 00 00 09 30 0C
[2026-04-17 09:26:40] [INFO] [接收-帧] 09:26:40.715 设备ID=12070 module=PERIODIC id=ReadFoupStatus uuid=140 len=23
frame=01 04 12 62 CC 7C 6E 44 64 D4 2A F3 2C 97 B1 48 0B B3 FE 23 40 F4 19
[2026-04-17 09:26:41] [INFO] [发送] 09:26:41.717 设备ID=12070 module=PERIODIC id=ReadFoupStatus uuid=140 sendCount=1/1 timeout=1000ms crc=30 0C len=8
frame=01 04 00 00 00 09 30 0C
[2026-04-17 09:26:41] [INFO] [接收-帧] 09:26:41.813 设备ID=12070 module=PERIODIC id=ReadFoupStatus uuid=140 len=23
frame=01 04 12 61 AC 1F E2 11 47 9E 6B B2 6A 4A D8 B0 C2 47 BD 3B 67 93 F4
[2026-04-17 09:26:42] [INFO] [发送] 09:26:42.944 设备ID=12070 module=PERIODIC id=ReadFoupStatus uuid=140 sendCount=1/1 timeout=1000ms crc=30 0C len=8
frame=01 04 00 00 00 09 30 0C
[2026-04-17 09:26:43] [INFO] [接收-帧] 09:26:43.018 设备ID=12070 module=PERIODIC id=ReadFoupStatus uuid=140 len=23
frame=01 04 12 68 8C DE 50 4D A4 E0 78 9A 71 18 4C 33 82 7D E2 46 CB 42 40
[2026-04-17 09:26:44] [INFO] [发送] 09:26:44.013 设备ID=12070 module=PERIODIC id=ReadFoupStatus uuid=140 sendCount=1/1 timeout=1000ms crc=30 0C len=8
frame=01 04 00 00 00 09 30 0C
[2026-04-17 09:26:44] [INFO] [接收-帧] 09:26:44.110 设备ID=12070 module=PERIODIC id=ReadFoupStatus uuid=140 len=23
frame=01 04 12 EA 9A 49 39 29 58 53 C3 87 C2 3A 56 92 25 9A 4A 27 0E 59 26
[2026-04-17 09:26:45] [INFO] [发送] 09:26:45.105 设备ID=12070 module=PERIODIC id=ReadFoupStatus uuid=140 sendCount=1/1 timeout=1000ms crc=30 0C len=8
frame=01 04 00 00 00 09 30 0C
[2026-04-17 09:26:45] [INFO] [接收-帧] 09:26:45.205 设备ID=12070 module=PERIODIC id=ReadFoupStatus uuid=140 len=23
frame=01 04 12 3C 17 CF A3 3F 22 F7 70 40 67 05 F0 0D 48 55 50 BF 07 E4 BC
[2026-04-17 09:26:46] [INFO] [发送] 09:26:46.207 设备ID=12070 module=PERIODIC id=ReadFoupStatus uuid=140 sendCount=1/1 timeout=1000ms crc=30 0C len=8
frame=01 04 00 00 00 09 30 0C
[2026-04-17 09:26:46] [INFO] [接收-帧] 09:26:46.297 设备ID=12070 module=PERIODIC id=ReadFoupStatus uuid=140 len=23
frame=01 04 12 6D 06 BC 31 9E D7 40 81 53 FA 92 79 1A 6E 33 26 DA C5 D9 DE
[2026-04-17 09:26:47] [INFO] [发送] 09:26:47.295 设备ID=12070 module=PERIODIC id=ReadFoupStatus uuid=140 sendCount=1/1 timeout=1000ms crc=30 0C len=8
frame=01 04 00 00 00 09 30 0C
[2026-04-17 09:26:47] [INFO] [接收-帧] 09:26:47.416 设备ID=12070 module=PERIODIC id=ReadFoupStatus uuid=140 len=23
frame=01 04 12 56 EE CA C9 CD D5 B2 53 0B CF BF 0E C9 9A FE D6 FE E1 D3 E5
[2026-04-17 09:26:48] [INFO] [发送] 09:26:48.423 设备ID=12070 module=PERIODIC id=ReadFoupStatus uuid=140 sendCount=1/1 timeout=1000ms crc=30 0C len=8
frame=01 04 00 00 00 09 30 0C
[2026-04-17 09:26:48] [INFO] [接收-帧] 09:26:48.484 设备ID=12070 module=PERIODIC id=ReadFoupStatus uuid=140 len=23
frame=01 04 12 30 E5 CC 8C B9 05 67 14 29 C7 65 02 54 41 3F 6D E9 00 EA 4F
[2026-04-17 09:26:49] [INFO] [发送] 09:26:49.487 设备ID=12070 module=PERIODIC id=ReadFoupStatus uuid=140 sendCount=1/1 timeout=1000ms crc=30 0C len=8
frame=01 04 00 00 00 09 30 0C
[2026-04-17 09:26:49] [INFO] [接收-帧] 09:26:49.585 设备ID=12070 module=PERIODIC id=ReadFoupStatus uuid=140 len=23
frame=01 04 12 3A 7B CA 7D 09 87 FC D9 F2 FF 1F A6 D5 F3 01 99 39 E8 C8 B8
[2026-04-17 09:26:50] [INFO] [发送] 09:26:50.613 设备ID=12070 module=PERIODIC id=ReadFoupStatus uuid=140 sendCount=1/1 timeout=1000ms crc=30 0C len=8
frame=01 04 00 00 00 09 30 0C
[2026-04-17 09:26:50] [INFO] [接收-帧] 09:26:50.670 设备ID=12070 module=PERIODIC id=ReadFoupStatus uuid=140 len=23
frame=01 04 12 B7 F1 C5 45 53 9D 10 E6 C3 16 D7 B1 6F 0D A4 E9 85 22 10 FE
[2026-04-17 09:26:51] [INFO] [发送] 09:26:51.670 设备ID=12070 module=PERIODIC id=ReadFoupStatus uuid=140 sendCount=1/1 timeout=1000ms crc=30 0C len=8
frame=01 04 00 00 00 09 30 0C
[2026-04-17 09:26:51] [INFO] [接收-帧] 09:26:51.798 设备ID=12070 module=PERIODIC id=ReadFoupStatus uuid=140 len=23
frame=01 04 12 DC 80 24 1C C0 DB 1D 62 D2 66 68 0C 64 D2 A8 07 84 84 49 91
[2026-04-17 09:26:52] [INFO] [发送] 09:26:52.799 设备ID=12070 module=PERIODIC id=ReadFoupStatus uuid=140 sendCount=1/1 timeout=1000ms crc=30 0C len=8
frame=01 04 00 00 00 09 30 0C
[2026-04-17 09:26:52] [INFO] [接收-帧] 09:26:52.858 设备ID=12070 module=PERIODIC id=ReadFoupStatus uuid=140 len=23
frame=01 04 12 C0 BB 12 7F D9 59 F2 3B EE 79 72 14 04 A4 F1 AE 7C 97 55 D0
[2026-04-17 09:26:53] [INFO] [发送] 09:26:53.870 设备ID=12070 module=PERIODIC id=ReadFoupStatus uuid=140 sendCount=1/1 timeout=1000ms crc=30 0C len=8
frame=01 04 00 00 00 09 30 0C
[2026-04-17 09:26:53] [INFO] [接收-帧] 09:26:53.956 设备ID=12070 module=PERIODIC id=ReadFoupStatus uuid=140 len=23
frame=01 04 12 90 F5 E9 56 F1 04 D1 D4 38 F2 C0 8D DA D4 4A 42 31 C0 55 6C
[2026-04-17 09:26:54] [INFO] [发送] 09:26:54.947 设备ID=12070 module=PERIODIC id=ReadFoupStatus uuid=140 sendCount=1/1 timeout=1000ms crc=30 0C len=8
frame=01 04 00 00 00 09 30 0C
[2026-04-17 09:26:55] [INFO] [接收-帧] 09:26:55.092 设备ID=12070 module=PERIODIC id=ReadFoupStatus uuid=140 len=23
frame=01 04 12 1A 9E 2C 27 A9 37 E2 EC F1 33 CF B6 7C 9D 9A 7F 67 D7 FF 75
[2026-04-17 09:26:56] [INFO] [发送] 09:26:56.099 设备ID=12070 module=PERIODIC id=ReadFoupStatus uuid=140 sendCount=1/1 timeout=1000ms crc=30 0C len=8
frame=01 04 00 00 00 09 30 0C
[2026-04-17 09:26:56] [INFO] [接收-帧] 09:26:56.154 设备ID=12070 module=PERIODIC id=ReadFoupStatus uuid=140 len=23
frame=01 04 12 DE 0A B5 40 0B 24 2D 6A 84 27 40 BF 00 93 96 99 B1 CE 3A 81
[2026-04-17 09:26:57] [INFO] [发送] 09:26:57.157 设备ID=12070 module=PERIODIC id=ReadFoupStatus uuid=140 sendCount=1/1 timeout=1000ms crc=30 0C len=8
frame=01 04 00 00 00 09 30 0C
[2026-04-17 09:26:57] [INFO] [接收-帧] 09:26:57.232 设备ID=12070 module=PERIODIC id=ReadFoupStatus uuid=140 len=23
frame=01 04 12 FD 69 5D 5C 9D EA 9B AD 2C 84 AE 89 B1 AE 39 EC 44 2A D5 57
[2026-04-17 09:26:58] [INFO] [发送] 09:26:58.230 设备ID=12070 module=PERIODIC id=ReadFoupStatus uuid=140 sendCount=1/1 timeout=1000ms crc=30 0C len=8
frame=01 04 00 00 00 09 30 0C
[2026-04-17 09:26:58] [INFO] [接收-帧] 09:26:58.329 设备ID=12070 module=PERIODIC id=ReadFoupStatus uuid=140 len=23
frame=01 04 12 96 AA 68 4E 6F DC 97 AD 35 AD 81 66 4D 1E DF BD A7 AC 72 AD
[2026-04-17 09:26:59] [INFO] [发送] 09:26:59.323 设备ID=12070 module=PERIODIC id=ReadFoupStatus uuid=140 sendCount=1/1 timeout=1000ms crc=30 0C len=8
frame=01 04 00 00 00 09 30 0C
[2026-04-17 09:26:59] [INFO] [接收-帧] 09:26:59.419 设备ID=12070 module=PERIODIC id=ReadFoupStatus uuid=140 len=23
frame=01 04 12 B4 9A 4E 63 D5 E9 B0 AE C3 F5 7B A4 62 91 5D 6E 62 6A 7C 23
[2026-04-17 09:27:00] [INFO] [发送] 09:27:00.419 设备ID=12070 module=PERIODIC id=ReadFoupStatus uuid=140 sendCount=1/1 timeout=1000ms crc=30 0C len=8
frame=01 04 00 00 00 09 30 0C
[2026-04-17 09:27:00] [INFO] [接收-帧] 09:27:00.518 设备ID=12070 module=PERIODIC id=ReadFoupStatus uuid=140 len=23
frame=01 04 12 96 6C 31 81 35 EB 35 5C 45 10 08 60 4C CC 8A 58 9A B4 B1 0E
[2026-04-17 09:27:01] [INFO] [发送] 09:27:01.510 设备ID=12070 module=PERIODIC id=ReadFoupStatus uuid=140 sendCount=1/1 timeout=1000ms crc=30 0C len=8
frame=01 04 00 00 00 09 30 0C
[2026-04-17 09:27:01] [INFO] [接收-帧] 09:27:01.611 设备ID=12070 module=PERIODIC id=ReadFoupStatus uuid=140 len=23
frame=01 04 12 E8 13 98 27 AC 8C B3 BB B1 CC 70 5C 84 78 FC A1 7F 1F 02 AB
[2026-04-17 09:27:37] [INFO] [发送] 09:27:37.653 设备ID=12070 module=INITIAL id=ReadVersion uuid=139 sendCount=1/4 timeout=1000ms crc=B1 CD len=8
frame=01 04 00 18 00 01 B1 CD
[2026-04-17 09:27:37] [INFO] [接收-帧] 09:27:37.767 设备ID=12070 module=INITIAL id=ReadVersion uuid=139 len=7
frame=01 04 02 00 00 B9 30
[2026-04-17 09:27:37] [INFO] [发送] 09:27:37.768 设备ID=12070 module=PERIODIC id=ReadFoupStatus uuid=140 sendCount=1/1 timeout=1000ms crc=30 0C len=8
frame=01 04 00 00 00 09 30 0C
[2026-04-17 09:27:37] [INFO] [接收-帧] 09:27:37.879 设备ID=12070 module=PERIODIC id=ReadFoupStatus uuid=140 len=23
frame=01 04 12 E8 5B 59 60 B0 DA 78 3D CC B8 13 C0 D3 56 8E B0 C6 D4 E5 A9
[2026-04-17 09:27:38] [INFO] [发送] 09:27:38.870 设备ID=12070 module=PERIODIC id=ReadFoupStatus uuid=140 sendCount=1/1 timeout=1000ms crc=30 0C len=8
frame=01 04 00 00 00 09 30 0C
[2026-04-17 09:27:38] [INFO] [接收-帧] 09:27:38.974 设备ID=12070 module=PERIODIC id=ReadFoupStatus uuid=140 len=23
frame=01 04 12 B2 88 9A 56 A1 8E 49 07 5A DA 37 CE AB 70 32 D3 AA 96 A0 69
[2026-04-17 09:27:39] [INFO] [发送] 09:27:39.974 设备ID=12070 module=PERIODIC id=ReadFoupStatus uuid=140 sendCount=1/1 timeout=1000ms crc=30 0C len=8
frame=01 04 00 00 00 09 30 0C
[2026-04-17 09:27:40] [INFO] [接收-帧] 09:27:40.061 设备ID=12070 module=PERIODIC id=ReadFoupStatus uuid=140 len=23
frame=01 04 12 9E 6E 7C 2E 52 B8 57 98 05 DA 14 FB 59 EB 1D 8B A8 5E C3 14
[2026-04-17 09:27:41] [INFO] [发送] 09:27:41.057 设备ID=12070 module=PERIODIC id=ReadFoupStatus uuid=140 sendCount=1/1 timeout=1000ms crc=30 0C len=8
frame=01 04 00 00 00 09 30 0C
[2026-04-17 09:27:41] [INFO] [接收-帧] 09:27:41.159 设备ID=12070 module=PERIODIC id=ReadFoupStatus uuid=140 len=23
frame=01 04 12 CA 04 D6 37 BC 96 34 03 98 5C 2A 2E CC 68 3C 82 A8 18 B9 5C
[2026-04-17 09:27:42] [INFO] [发送] 09:27:42.154 设备ID=12070 module=PERIODIC id=ReadFoupStatus uuid=140 sendCount=1/1 timeout=1000ms crc=30 0C len=8
frame=01 04 00 00 00 09 30 0C
[2026-04-17 09:27:42] [INFO] [接收-帧] 09:27:42.249 设备ID=12070 module=PERIODIC id=ReadFoupStatus uuid=140 len=23
frame=01 04 12 DB 7E 9E D6 EF EF B7 67 74 1B 69 43 EC F0 5D DA 88 91 AF 0F
[2026-04-17 09:27:43] [INFO] [发送] 09:27:43.244 设备ID=12070 module=PERIODIC id=ReadFoupStatus uuid=140 sendCount=1/1 timeout=1000ms crc=30 0C len=8
frame=01 04 00 00 00 09 30 0C
[2026-04-17 09:27:43] [INFO] [接收-帧] 09:27:43.343 设备ID=12070 module=PERIODIC id=ReadFoupStatus uuid=140 len=23
frame=01 04 12 AD 1A 1F 0F 88 13 BE DD 6F 26 F7 AC E4 17 22 02 62 E5 D3 4D
[2026-04-17 09:27:44] [INFO] [发送] 09:27:44.337 设备ID=12070 module=PERIODIC id=ReadFoupStatus uuid=140 sendCount=1/1 timeout=1000ms crc=30 0C len=8
frame=01 04 00 00 00 09 30 0C
[2026-04-17 09:27:44] [INFO] [接收-帧] 09:27:44.450 设备ID=12070 module=PERIODIC id=ReadFoupStatus uuid=140 len=23
frame=01 04 12 86 59 85 5D 60 82 6D 8C 3E C9 84 6D 07 8A BD 82 07 34 C9 3E
[2026-04-17 09:27:45] [INFO] [发送] 09:27:45.458 设备ID=12070 module=PERIODIC id=ReadFoupStatus uuid=140 sendCount=1/1 timeout=1000ms crc=30 0C len=8
frame=01 04 00 00 00 09 30 0C
[2026-04-17 09:27:45] [INFO] [接收-帧] 09:27:45.534 设备ID=12070 module=PERIODIC id=ReadFoupStatus uuid=140 len=23
frame=01 04 12 4B 32 F6 75 AA 33 AA AA 11 5A F5 E6 3A F8 B2 67 50 1A A4 57
[2026-04-17 09:27:46] [INFO] [发送] 09:27:46.535 设备ID=12070 module=PERIODIC id=ReadFoupStatus uuid=140 sendCount=1/1 timeout=1000ms crc=30 0C len=8
frame=01 04 00 00 00 09 30 0C
[2026-04-17 09:27:46] [INFO] [接收-帧] 09:27:46.645 设备ID=12070 module=PERIODIC id=ReadFoupStatus uuid=140 len=23
frame=01 04 12 CB 94 3A 58 B5 46 9A 80 54 2E 24 EC CD 69 1A 5B B1 B0 2A 49
[2026-04-17 09:27:47] [INFO] [发送] 09:27:47.684 设备ID=12070 module=PERIODIC id=ReadFoupStatus uuid=140 sendCount=1/1 timeout=1000ms crc=30 0C len=8
frame=01 04 00 00 00 09 30 0C
[2026-04-17 09:27:47] [INFO] [接收-帧] 09:27:47.723 设备ID=12070 module=PERIODIC id=ReadFoupStatus uuid=140 len=23
frame=01 04 12 04 57 B5 A6 82 CC 56 52 41 B6 58 3F B9 5D 46 14 93 3E 81 60
[2026-04-17 09:27:48] [INFO] [发送] 09:27:48.713 设备ID=12070 module=PERIODIC id=ReadFoupStatus uuid=140 sendCount=1/1 timeout=1000ms crc=30 0C len=8
frame=01 04 00 00 00 09 30 0C
[2026-04-17 09:27:48] [INFO] [接收-帧] 09:27:48.812 设备ID=12070 module=PERIODIC id=ReadFoupStatus uuid=140 len=23
frame=01 04 12 F9 E7 F3 E7 37 48 0B 1C 61 46 99 4A 5C 5F 12 CD 4D 54 F4 F7
[2026-04-17 09:27:49] [INFO] [发送] 09:27:49.806 设备ID=12070 module=PERIODIC id=ReadFoupStatus uuid=140 sendCount=1/1 timeout=1000ms crc=30 0C len=8
frame=01 04 00 00 00 09 30 0C
[2026-04-17 09:27:49] [INFO] [接收-帧] 09:27:49.921 设备ID=12070 module=PERIODIC id=ReadFoupStatus uuid=140 len=23
frame=01 04 12 EC EA ED D2 33 BA 1F 69 4C 4B 9D E9 2E 90 F4 0D A5 50 BD 15
[2026-04-17 09:27:50] [INFO] [发送] 09:27:50.918 设备ID=12070 module=PERIODIC id=ReadFoupStatus uuid=140 sendCount=1/1 timeout=1000ms crc=30 0C len=8
frame=01 04 00 00 00 09 30 0C
[2026-04-17 09:27:50] [INFO] [接收-帧] 09:27:50.999 设备ID=12070 module=PERIODIC id=ReadFoupStatus uuid=140 len=23
frame=01 04 12 49 E3 44 71 D2 6B 41 38 CC A3 EC 26 13 A7 E2 89 1F 81 A2 98
[2026-04-17 09:31:34] [INFO] [发送] 09:31:34.238 设备ID=12070 module=INITIAL id=ReadVersion uuid=139 sendCount=1/4 timeout=1000ms crc=B1 CD len=8
frame=01 04 00 18 00 01 B1 CD
[2026-04-17 09:31:34] [INFO] [接收-帧] 09:31:34.347 设备ID=12070 module=INITIAL id=ReadVersion uuid=139 len=7
frame=01 04 02 00 00 B9 30
[2026-04-17 09:31:34] [INFO] [发送] 09:31:34.348 设备ID=12070 module=PERIODIC id=ReadFoupStatus uuid=140 sendCount=1/1 timeout=1000ms crc=30 0C len=8
frame=01 04 00 00 00 09 30 0C
[2026-04-17 09:31:34] [INFO] [接收-帧] 09:31:34.458 设备ID=12070 module=PERIODIC id=ReadFoupStatus uuid=140 len=23
frame=01 04 12 7D 1A 01 38 66 74 D1 66 92 3A 2E 4F 81 DB 6E FE 2A 83 FC 1F
[2026-04-17 09:31:35] [INFO] [发送] 09:31:35.448 设备ID=12070 module=PERIODIC id=ReadFoupStatus uuid=140 sendCount=1/1 timeout=1000ms crc=30 0C len=8
frame=01 04 00 00 00 09 30 0C
[2026-04-17 09:31:35] [INFO] [接收-帧] 09:31:35.550 设备ID=12070 module=PERIODIC id=ReadFoupStatus uuid=140 len=23
frame=01 04 12 51 22 0D 6E 4C 40 64 16 F8 0F 32 BD 59 62 FA E7 C6 D4 11 8E
[2026-04-17 09:31:36] [INFO] [发送] 09:31:36.541 设备ID=12070 module=PERIODIC id=ReadFoupStatus uuid=140 sendCount=1/1 timeout=1000ms crc=30 0C len=8
frame=01 04 00 00 00 09 30 0C
[2026-04-17 09:31:36] [INFO] [接收-帧] 09:31:36.645 设备ID=12070 module=PERIODIC id=ReadFoupStatus uuid=140 len=23
frame=01 04 12 44 F3 A8 7B 7F 02 17 C4 36 0E 79 66 E8 11 E6 65 C2 11 77 AC
[2026-04-17 09:31:37] [INFO] [发送] 09:31:37.638 设备ID=12070 module=PERIODIC id=ReadFoupStatus uuid=140 sendCount=1/1 timeout=1000ms crc=30 0C len=8
frame=01 04 00 00 00 09 30 0C
[2026-04-17 09:31:37] [INFO] [接收-帧] 09:31:37.733 设备ID=12070 module=PERIODIC id=ReadFoupStatus uuid=140 len=23
frame=01 04 12 D4 B2 A7 32 E0 A3 EA 7D 9F 86 93 52 80 ED 99 D2 2F 2E EA 25
[2026-04-17 09:31:38] [INFO] [发送] 09:31:38.742 设备ID=12070 module=PERIODIC id=ReadFoupStatus uuid=140 sendCount=1/1 timeout=1000ms crc=30 0C len=8
frame=01 04 00 00 00 09 30 0C
[2026-04-17 09:31:38] [INFO] [接收-帧] 09:31:38.830 设备ID=12070 module=PERIODIC id=ReadFoupStatus uuid=140 len=23
frame=01 04 12 FD 77 0C 15 8C DA 97 DC 29 5F CC B1 E5 5D F7 70 D3 A0 FE E0
[2026-04-17 09:31:39] [INFO] [发送] 09:31:39.824 设备ID=12070 module=PERIODIC id=ReadFoupStatus uuid=140 sendCount=1/1 timeout=1000ms crc=30 0C len=8
frame=01 04 00 00 00 09 30 0C
[2026-04-17 09:31:39] [INFO] [接收-帧] 09:31:39.921 设备ID=12070 module=PERIODIC id=ReadFoupStatus uuid=140 len=23
frame=01 04 12 D5 5B 70 67 E2 68 AE 8F 0C 37 CD CC 9F E8 B5 C3 23 7D A8 74
[2026-04-17 09:31:40] [INFO] [发送] 09:31:40.919 设备ID=12070 module=PERIODIC id=ReadFoupStatus uuid=140 sendCount=1/1 timeout=1000ms crc=30 0C len=8
frame=01 04 00 00 00 09 30 0C
[2026-04-17 09:31:41] [INFO] [接收-帧] 09:31:41.018 设备ID=12070 module=PERIODIC id=ReadFoupStatus uuid=140 len=23
frame=01 04 12 E3 B6 16 95 34 D2 7F 90 66 25 6C D1 F0 D0 D3 95 D9 16 CD 1A
[2026-04-17 09:31:42] [INFO] [发送] 09:31:42.008 设备ID=12070 module=PERIODIC id=ReadFoupStatus uuid=140 sendCount=1/1 timeout=1000ms crc=30 0C len=8
frame=01 04 00 00 00 09 30 0C
[2026-04-17 09:31:42] [INFO] [接收-帧] 09:31:42.114 设备ID=12070 module=PERIODIC id=ReadFoupStatus uuid=140 len=23
frame=01 04 12 E7 C7 93 8C 56 CA E8 85 F7 E7 DB A3 7E 35 35 0F 28 9C 34 85
[2026-04-17 09:31:43] [INFO] [发送] 09:31:43.105 设备ID=12070 module=PERIODIC id=ReadFoupStatus uuid=140 sendCount=1/1 timeout=1000ms crc=30 0C len=8
frame=01 04 00 00 00 09 30 0C
[2026-04-17 09:31:43] [INFO] [接收-帧] 09:31:43.205 设备ID=12070 module=PERIODIC id=ReadFoupStatus uuid=140 len=23
frame=01 04 12 2B CB 93 56 82 F3 CA 8D DB 46 A3 5C 3C E0 FF 79 5D 24 49 18
[2026-04-17 09:31:44] [INFO] [发送] 09:31:44.198 设备ID=12070 module=PERIODIC id=ReadFoupStatus uuid=140 sendCount=1/1 timeout=1000ms crc=30 0C len=8
frame=01 04 00 00 00 09 30 0C
[2026-04-17 09:31:44] [INFO] [接收-帧] 09:31:44.302 设备ID=12070 module=PERIODIC id=ReadFoupStatus uuid=140 len=23
frame=01 04 12 BC 91 2A 3B 45 5D 41 A9 3F 1E 2C 49 95 15 CA DD 61 6D 00 15
[2026-04-17 09:31:45] [INFO] [发送] 09:31:45.291 设备ID=12070 module=PERIODIC id=ReadFoupStatus uuid=140 sendCount=1/1 timeout=1000ms crc=30 0C len=8
frame=01 04 00 00 00 09 30 0C
[2026-04-17 09:31:45] [INFO] [接收-帧] 09:31:45.388 设备ID=12070 module=PERIODIC id=ReadFoupStatus uuid=140 len=23
frame=01 04 12 08 C1 59 91 04 20 C4 F6 0D B3 6C 2D 11 66 BF B1 94 E3 E0 1D
[2026-04-17 09:31:46] [INFO] [发送] 09:31:46.387 设备ID=12070 module=PERIODIC id=ReadFoupStatus uuid=140 sendCount=1/1 timeout=1000ms crc=30 0C len=8
frame=01 04 00 00 00 09 30 0C
[2026-04-17 09:31:46] [INFO] [接收-帧] 09:31:46.482 设备ID=12070 module=PERIODIC id=ReadFoupStatus uuid=140 len=23
frame=01 04 12 39 49 B9 86 6A 06 F9 DF 4D D5 3B AF C1 DF 4A AD 52 34 7F 9E
[2026-04-17 09:31:47] [INFO] [发送] 09:31:47.478 设备ID=12070 module=PERIODIC id=ReadFoupStatus uuid=140 sendCount=1/1 timeout=1000ms crc=30 0C len=8
frame=01 04 00 00 00 09 30 0C
[2026-04-17 09:31:47] [INFO] [接收-帧] 09:31:47.582 设备ID=12070 module=PERIODIC id=ReadFoupStatus uuid=140 len=23
frame=01 04 12 C4 14 32 10 1C C5 D3 F5 90 8E AD E6 61 8F 4F 7D AB C9 37 18
[2026-04-17 09:31:48] [INFO] [发送] 09:31:48.574 设备ID=12070 module=PERIODIC id=ReadFoupStatus uuid=140 sendCount=1/1 timeout=1000ms crc=30 0C len=8
frame=01 04 00 00 00 09 30 0C
[2026-04-17 09:31:48] [INFO] [接收-帧] 09:31:48.675 设备ID=12070 module=PERIODIC id=ReadFoupStatus uuid=140 len=23
frame=01 04 12 04 40 E7 55 D7 29 37 33 C9 7E C7 0A 63 67 9F 46 CD 3B A4 3A
[2026-04-17 09:31:49] [INFO] [发送] 09:31:49.664 设备ID=12070 module=PERIODIC id=ReadFoupStatus uuid=140 sendCount=1/1 timeout=1000ms crc=30 0C len=8
frame=01 04 00 00 00 09 30 0C
[2026-04-17 09:31:49] [INFO] [接收-帧] 09:31:49.771 设备ID=12070 module=PERIODIC id=ReadFoupStatus uuid=140 len=23
frame=01 04 12 F0 E6 72 87 CD 20 BA E9 59 5B 6F 7D BE A9 17 79 8E 79 AD B9
[2026-04-17 09:31:50] [INFO] [发送] 09:31:50.759 设备ID=12070 module=PERIODIC id=ReadFoupStatus uuid=140 sendCount=1/1 timeout=1000ms crc=30 0C len=8
frame=01 04 00 00 00 09 30 0C
[2026-04-17 09:31:50] [INFO] [接收-帧] 09:31:50.860 设备ID=12070 module=PERIODIC id=ReadFoupStatus uuid=140 len=23
frame=01 04 12 19 46 88 63 6F B8 75 CB D8 40 D5 49 43 49 C5 43 EF E6 2F AE
[2026-04-17 09:31:51] [INFO] [发送] 09:31:51.856 设备ID=12070 module=PERIODIC id=ReadFoupStatus uuid=140 sendCount=1/1 timeout=1000ms crc=30 0C len=8
frame=01 04 00 00 00 09 30 0C
[2026-04-17 09:31:51] [INFO] [接收-帧] 09:31:51.956 设备ID=12070 module=PERIODIC id=ReadFoupStatus uuid=140 len=23
frame=01 04 12 72 84 D4 42 51 C2 98 9D 84 32 5B 87 C6 82 56 90 D4 EC 6E B8
[2026-04-17 09:31:52] [INFO] [发送] 09:31:52.946 设备ID=12070 module=PERIODIC id=ReadFoupStatus uuid=140 sendCount=1/1 timeout=1000ms crc=30 0C len=8
frame=01 04 00 00 00 09 30 0C
[2026-04-17 09:31:53] [INFO] [接收-帧] 09:31:53.059 设备ID=12070 module=PERIODIC id=ReadFoupStatus uuid=140 len=23
frame=01 04 12 29 C8 FC B5 A1 3D 99 FE CD C9 3B 3F 16 A1 2E C8 80 0B 52 CA
[2026-04-17 09:31:54] [INFO] [发送] 09:31:54.065 设备ID=12070 module=PERIODIC id=ReadFoupStatus uuid=140 sendCount=1/1 timeout=1000ms crc=30 0C len=8
frame=01 04 00 00 00 09 30 0C
[2026-04-17 09:31:54] [INFO] [接收-帧] 09:31:54.143 设备ID=12070 module=PERIODIC id=ReadFoupStatus uuid=140 len=23
frame=01 04 12 AB AD 63 19 B1 C1 B0 3A 92 15 1A 55 85 E4 06 7E 12 E5 77 ED
[2026-04-17 09:31:55] [INFO] [发送] 09:31:55.137 设备ID=12070 module=PERIODIC id=ReadFoupStatus uuid=140 sendCount=1/1 timeout=1000ms crc=30 0C len=8
frame=01 04 00 00 00 09 30 0C
[2026-04-17 09:31:55] [INFO] [接收-帧] 09:31:55.235 设备ID=12070 module=PERIODIC id=ReadFoupStatus uuid=140 len=23
frame=01 04 12 2A 7D 19 C4 2D 6F 34 4C 21 B0 C8 E9 90 C1 55 01 6E F1 2F 01
[2026-04-17 09:31:56] [INFO] [发送] 09:31:56.229 设备ID=12070 module=PERIODIC id=ReadFoupStatus uuid=140 sendCount=1/1 timeout=1000ms crc=30 0C len=8
frame=01 04 00 00 00 09 30 0C
[2026-04-17 09:31:56] [INFO] [接收-帧] 09:31:56.334 设备ID=12070 module=PERIODIC id=ReadFoupStatus uuid=140 len=23
frame=01 04 12 0D 63 C3 2A 99 50 0B 2E 0B 39 3E EA 8E 9D 89 E3 C2 7A EA 09
[2026-04-17 09:31:57] [INFO] [发送] 09:31:57.322 设备ID=12070 module=PERIODIC id=ReadFoupStatus uuid=140 sendCount=1/1 timeout=1000ms crc=30 0C len=8
frame=01 04 00 00 00 09 30 0C
[2026-04-17 09:31:57] [INFO] [接收-帧] 09:31:57.428 设备ID=12070 module=PERIODIC id=ReadFoupStatus uuid=140 len=23
frame=01 04 12 B9 4D 85 E7 AB AA DE 7A F8 73 EB B3 86 76 20 77 66 1B BE 35
[2026-04-17 09:31:58] [INFO] [发送] 09:31:58.419 设备ID=12070 module=PERIODIC id=ReadFoupStatus uuid=140 sendCount=1/1 timeout=1000ms crc=30 0C len=8
frame=01 04 00 00 00 09 30 0C
[2026-04-17 09:31:58] [INFO] [接收-帧] 09:31:58.521 设备ID=12070 module=PERIODIC id=ReadFoupStatus uuid=140 len=23
frame=01 04 12 80 AB 29 6A 09 2F D1 95 3B 7D 7A 31 EF 12 81 B7 88 D1 9E B3
[2026-04-17 09:31:59] [INFO] [发送] 09:31:59.516 设备ID=12070 module=PERIODIC id=ReadFoupStatus uuid=140 sendCount=1/1 timeout=1000ms crc=30 0C len=8
frame=01 04 00 00 00 09 30 0C
[2026-04-17 09:31:59] [INFO] [接收-帧] 09:31:59.610 设备ID=12070 module=PERIODIC id=ReadFoupStatus uuid=140 len=23
frame=01 04 12 D8 C5 AF 2C 7D F3 56 BC 81 F6 18 E2 29 1A B4 1E C3 1E 44 5F
[2026-04-17 09:32:00] [INFO] [发送] 09:32:00.603 设备ID=12070 module=PERIODIC id=ReadFoupStatus uuid=140 sendCount=1/1 timeout=1000ms crc=30 0C len=8
frame=01 04 00 00 00 09 30 0C
[2026-04-17 09:32:00] [INFO] [接收-帧] 09:32:00.707 设备ID=12070 module=PERIODIC id=ReadFoupStatus uuid=140 len=23
frame=01 04 12 16 7A 48 B9 DA 4D 5E 50 F5 BF A5 B1 0E 72 8E 47 CF 48 0C B3
[2026-04-17 09:32:01] [INFO] [发送] 09:32:01.699 设备ID=12070 module=PERIODIC id=ReadFoupStatus uuid=140 sendCount=1/1 timeout=1000ms crc=30 0C len=8
frame=01 04 00 00 00 09 30 0C
[2026-04-17 09:32:01] [INFO] [接收-帧] 09:32:01.796 设备ID=12070 module=PERIODIC id=ReadFoupStatus uuid=140 len=23
frame=01 04 12 7F 4B C1 BA ED 50 80 66 7C CE 1F B6 73 D6 9C 9B 03 A5 D9 F5
[2026-04-17 09:32:02] [INFO] [发送] 09:32:02.795 设备ID=12070 module=PERIODIC id=ReadFoupStatus uuid=140 sendCount=1/1 timeout=1000ms crc=30 0C len=8
frame=01 04 00 00 00 09 30 0C
[2026-04-17 09:32:02] [INFO] [接收-帧] 09:32:02.893 设备ID=12070 module=PERIODIC id=ReadFoupStatus uuid=140 len=23
frame=01 04 12 5D FC 11 8A 71 FB F6 5D A8 29 9C EE 29 F3 2E 23 EE DA 9D D4
[2026-04-17 09:32:03] [INFO] [发送] 09:32:03.885 设备ID=12070 module=PERIODIC id=ReadFoupStatus uuid=140 sendCount=1/1 timeout=1000ms crc=30 0C len=8
frame=01 04 00 00 00 09 30 0C
[2026-04-17 09:32:03] [INFO] [接收-帧] 09:32:03.987 设备ID=12070 module=PERIODIC id=ReadFoupStatus uuid=140 len=23
frame=01 04 12 73 A6 DC E7 ED 35 6A 92 9F BF 2D 9C F3 33 9D E9 DF BA ED 2E
