[2026-04-17 09:24:09] [INFO] [发送] 09:24:09.450 设备ID=12058 module=INITIAL id=ReadVersion uuid=115 sendCount=1/4 timeout=1000ms crc=B1 CD len=8
frame=01 04 00 18 00 01 B1 CD
[2026-04-17 09:24:10] [INFO] [接收-帧] 09:24:10.137 设备ID=12058 module=INITIAL id=ReadVersion uuid=115 len=7
frame=01 04 02 00 00 B9 30
[2026-04-17 09:24:10] [INFO] [发送] 09:24:10.139 设备ID=12058 module=PERIODIC id=ReadFoupStatus uuid=116 sendCount=1/1 timeout=1000ms crc=30 0C len=8
frame=01 04 00 00 00 09 30 0C
[2026-04-17 09:24:12] [INFO] [发送] 09:24:12.137 设备ID=12058 module=PERIODIC id=ReadFoupStatus uuid=116 sendCount=1/1 timeout=1000ms crc=30 0C len=8
frame=01 04 00 00 00 09 30 0C
[2026-04-17 09:24:14] [INFO] [发送] 09:24:14.135 设备ID=12058 module=PERIODIC id=ReadFoupStatus uuid=116 sendCount=1/1 timeout=1000ms crc=30 0C len=8
frame=01 04 00 00 00 09 30 0C
[2026-04-17 09:24:16] [INFO] [发送] 09:24:16.142 设备ID=12058 module=PERIODIC id=ReadFoupStatus uuid=116 sendCount=1/1 timeout=1000ms crc=30 0C len=8
frame=01 04 00 00 00 09 30 0C
[2026-04-17 09:24:18] [INFO] [发送] 09:24:18.148 设备ID=12058 module=PERIODIC id=ReadFoupStatus uuid=116 sendCount=1/1 timeout=1000ms crc=30 0C len=8
frame=01 04 00 00 00 09 30 0C
[2026-04-17 09:24:20] [INFO] [发送] 09:24:20.154 设备ID=12058 module=PERIODIC id=ReadFoupStatus uuid=116 sendCount=1/1 timeout=1000ms crc=30 0C len=8
frame=01 04 00 00 00 09 30 0C
[2026-04-17 09:24:22] [INFO] [发送] 09:24:22.155 设备ID=12058 module=PERIODIC id=ReadFoupStatus uuid=116 sendCount=1/1 timeout=1000ms crc=30 0C len=8
frame=01 04 00 00 00 09 30 0C
[2026-04-17 09:24:24] [INFO] [发送] 09:24:24.154 设备ID=12058 module=PERIODIC id=ReadFoupStatus uuid=116 sendCount=1/1 timeout=1000ms crc=30 0C len=8
frame=01 04 00 00 00 09 30 0C
[2026-04-17 09:24:26] [INFO] [发送] 09:24:26.159 设备ID=12058 module=PERIODIC id=ReadFoupStatus uuid=116 sendCount=1/1 timeout=1000ms crc=30 0C len=8
frame=01 04 00 00 00 09 30 0C
[2026-04-17 09:24:28] [INFO] [发送] 09:24:28.163 设备ID=12058 module=PERIODIC id=ReadFoupStatus uuid=116 sendCount=1/1 timeout=1000ms crc=30 0C len=8
frame=01 04 00 00 00 09 30 0C
[2026-04-17 09:24:32] [INFO] [发送] 09:24:32.175 设备ID=12058 module=PERIODIC id=ReadFoupStatus uuid=116 sendCount=1/1 timeout=1000ms crc=30 0C len=8
frame=01 04 00 00 00 09 30 0C
[2026-04-17 09:24:34] [INFO] [发送] 09:24:34.175 设备ID=12058 module=PERIODIC id=ReadFoupStatus uuid=116 sendCount=1/1 timeout=1000ms crc=30 0C len=8
frame=01 04 00 00 00 09 30 0C
[2026-04-17 09:24:36] [INFO] [发送] 09:24:36.166 设备ID=12058 module=PERIODIC id=ReadFoupStatus uuid=116 sendCount=1/1 timeout=1000ms crc=30 0C len=8
frame=01 04 00 00 00 09 30 0C
[2026-04-17 09:24:38] [INFO] [发送] 09:24:38.175 设备ID=12058 module=PERIODIC id=ReadFoupStatus uuid=116 sendCount=1/1 timeout=1000ms crc=30 0C len=8
frame=01 04 00 00 00 09 30 0C
[2026-04-17 09:24:40] [INFO] [发送] 09:24:40.169 设备ID=12058 module=PERIODIC id=ReadFoupStatus uuid=116 sendCount=1/1 timeout=1000ms crc=30 0C len=8
frame=01 04 00 00 00 09 30 0C
[2026-04-17 09:24:42] [INFO] [发送] 09:24:42.173 设备ID=12058 module=PERIODIC id=ReadFoupStatus uuid=116 sendCount=1/1 timeout=1000ms crc=30 0C len=8
frame=01 04 00 00 00 09 30 0C
[2026-04-17 09:24:44] [INFO] [发送] 09:24:44.165 设备ID=12058 module=PERIODIC id=ReadFoupStatus uuid=116 sendCount=1/1 timeout=1000ms crc=30 0C len=8
frame=01 04 00 00 00 09 30 0C
[2026-04-17 09:24:48] [INFO] [发送] 09:24:48.370 设备ID=12058 module=PERIODIC id=ReadFoupStatus uuid=116 sendCount=1/1 timeout=1000ms crc=30 0C len=8
frame=01 04 00 00 00 09 30 0C
[2026-04-17 09:24:48] [INFO] [接收-帧] 09:24:48.466 设备ID=12058 module=PERIODIC id=ReadFoupStatus uuid=116 len=23
frame=01 04 12 0D B8 56 D8 E8 3D EB 90 0D 7B 19 F1 C3 BD D4 6B 40 55 02 53
[2026-04-17 09:24:49] [INFO] [发送] 09:24:49.462 设备ID=12058 module=PERIODIC id=ReadFoupStatus uuid=116 sendCount=1/1 timeout=1000ms crc=30 0C len=8
frame=01 04 00 00 00 09 30 0C
[2026-04-17 09:24:49] [INFO] [接收-帧] 09:24:49.617 设备ID=12058 module=PERIODIC id=ReadFoupStatus uuid=116 len=23
frame=01 04 12 D1 86 1A B2 D0 FD 76 8E 7F A2 97 9C 91 D4 98 AF 27 10 AD 87
[2026-04-17 09:24:50] [INFO] [发送] 09:24:50.613 设备ID=12058 module=PERIODIC id=ReadFoupStatus uuid=116 sendCount=1/1 timeout=1000ms crc=30 0C len=8
frame=01 04 00 00 00 09 30 0C
[2026-04-17 09:24:50] [INFO] [接收-帧] 09:24:50.660 设备ID=12058 module=PERIODIC id=ReadFoupStatus uuid=116 len=23
frame=01 04 12 65 62 7B A5 F5 D6 6B 7B 60 44 20 72 F8 E3 E0 3F 0B E4 6E 57
[2026-04-17 09:24:51] [INFO] [发送] 09:24:51.654 设备ID=12058 module=PERIODIC id=ReadFoupStatus uuid=116 sendCount=1/1 timeout=1000ms crc=30 0C len=8
frame=01 04 00 00 00 09 30 0C
[2026-04-17 09:24:51] [INFO] [接收-帧] 09:24:51.749 设备ID=12058 module=PERIODIC id=ReadFoupStatus uuid=116 len=23
frame=01 04 12 12 B9 A2 07 FB 66 9C 91 5B D1 A8 3C 4B D9 4A 5F 1C 5B CF A1
[2026-04-17 09:24:52] [INFO] [发送] 09:24:52.747 设备ID=12058 module=PERIODIC id=ReadFoupStatus uuid=116 sendCount=1/1 timeout=1000ms crc=30 0C len=8
frame=01 04 00 00 00 09 30 0C
[2026-04-17 09:24:52] [INFO] [接收-帧] 09:24:52.844 设备ID=12058 module=PERIODIC id=ReadFoupStatus uuid=116 len=23
frame=01 04 12 37 98 14 CC F7 47 FB F5 95 5E 3D 35 85 A3 60 6F 76 50 B4 12
[2026-04-17 09:24:53] [INFO] [发送] 09:24:53.840 设备ID=12058 module=PERIODIC id=ReadFoupStatus uuid=116 sendCount=1/1 timeout=1000ms crc=30 0C len=8
frame=01 04 00 00 00 09 30 0C
[2026-04-17 09:24:53] [INFO] [接收-帧] 09:24:53.937 设备ID=12058 module=PERIODIC id=ReadFoupStatus uuid=116 len=23
frame=01 04 12 5C CA 6C 36 DE 72 14 2B 2B B1 FB AB 8D 72 55 73 83 09 DB B8
[2026-04-17 09:24:54] [INFO] [发送] 09:24:54.933 设备ID=12058 module=PERIODIC id=ReadFoupStatus uuid=116 sendCount=1/1 timeout=1000ms crc=30 0C len=8
frame=01 04 00 00 00 09 30 0C
[2026-04-17 09:24:55] [INFO] [接收-帧] 09:24:55.030 设备ID=12058 module=PERIODIC id=ReadFoupStatus uuid=116 len=23
frame=01 04 12 35 E7 92 B3 75 41 E9 31 19 0D 36 71 2E 88 FC 48 FE 57 6C 38
[2026-04-17 09:24:56] [INFO] [发送] 09:24:56.025 设备ID=12058 module=PERIODIC id=ReadFoupStatus uuid=116 sendCount=1/1 timeout=1000ms crc=30 0C len=8
frame=01 04 00 00 00 09 30 0C
[2026-04-17 09:24:56] [INFO] [接收-帧] 09:24:56.125 设备ID=12058 module=PERIODIC id=ReadFoupStatus uuid=116 len=23
frame=01 04 12 3B 52 7D E5 1D D6 AE 7E 36 5A 38 6C 12 4F 22 B9 08 7C FB D5
[2026-04-17 09:24:57] [INFO] [发送] 09:24:57.121 设备ID=12058 module=PERIODIC id=ReadFoupStatus uuid=116 sendCount=1/1 timeout=1000ms crc=30 0C len=8
frame=01 04 00 00 00 09 30 0C
[2026-04-17 09:24:57] [INFO] [接收-帧] 09:24:57.220 设备ID=12058 module=PERIODIC id=ReadFoupStatus uuid=116 len=23
frame=01 04 12 13 87 45 5A DF 78 3E C0 DB 0B 07 70 A4 60 8D 59 FC 42 F6 39
[2026-04-17 09:24:58] [INFO] [发送] 09:24:58.219 设备ID=12058 module=PERIODIC id=ReadFoupStatus uuid=116 sendCount=1/1 timeout=1000ms crc=30 0C len=8
frame=01 04 00 00 00 09 30 0C
[2026-04-17 09:24:58] [INFO] [接收-帧] 09:24:58.314 设备ID=12058 module=PERIODIC id=ReadFoupStatus uuid=116 len=23
frame=01 04 12 35 1D 23 8C F0 F7 9E 21 35 AC 46 C0 14 35 6E AF FD BC 31 C7
[2026-04-17 09:24:59] [INFO] [发送] 09:24:59.306 设备ID=12058 module=PERIODIC id=ReadFoupStatus uuid=116 sendCount=1/1 timeout=1000ms crc=30 0C len=8
frame=01 04 00 00 00 09 30 0C
[2026-04-17 09:24:59] [INFO] [接收-帧] 09:24:59.404 设备ID=12058 module=PERIODIC id=ReadFoupStatus uuid=116 len=23
frame=01 04 12 C4 81 FE C1 C8 4B 8B E7 B0 89 16 AE A1 48 6B AC 75 5C 8D DF
[2026-04-17 09:25:00] [INFO] [发送] 09:25:00.400 设备ID=12058 module=PERIODIC id=ReadFoupStatus uuid=116 sendCount=1/1 timeout=1000ms crc=30 0C len=8
frame=01 04 00 00 00 09 30 0C
[2026-04-17 09:25:00] [INFO] [接收-帧] 09:25:00.514 设备ID=12058 module=PERIODIC id=ReadFoupStatus uuid=116 len=23
frame=01 04 12 9E 34 73 72 93 3B C6 EF B8 1D A9 6B 48 3C 3C FB 56 A7 32 34
[2026-04-17 09:25:01] [INFO] [发送] 09:25:01.515 设备ID=12058 module=PERIODIC id=ReadFoupStatus uuid=116 sendCount=1/1 timeout=1000ms crc=30 0C len=8
frame=01 04 00 00 00 09 30 0C
[2026-04-17 09:25:01] [INFO] [接收-帧] 09:25:01.656 设备ID=12058 module=PERIODIC id=ReadFoupStatus uuid=116 len=23
frame=01 04 12 14 E5 1E 77 98 3C 14 27 16 7F C9 94 30 09 02 D0 41 F3 DB E6
[2026-04-17 09:25:02] [INFO] [发送] 09:25:02.661 设备ID=12058 module=PERIODIC id=ReadFoupStatus uuid=116 sendCount=1/1 timeout=1000ms crc=30 0C len=8
frame=01 04 00 00 00 09 30 0C
[2026-04-17 09:25:02] [INFO] [接收-帧] 09:25:02.714 设备ID=12058 module=PERIODIC id=ReadFoupStatus uuid=116 len=23
frame=01 04 12 D1 7F 6C 49 3D 6F 1E 2E 1E BE CD BD 9C 56 AA B1 8A 25 BF 80
[2026-04-17 09:25:03] [INFO] [发送] 09:25:03.715 设备ID=12058 module=PERIODIC id=ReadFoupStatus uuid=116 sendCount=1/1 timeout=1000ms crc=30 0C len=8
frame=01 04 00 00 00 09 30 0C
[2026-04-17 09:25:03] [INFO] [接收-帧] 09:25:03.782 设备ID=12058 module=PERIODIC id=ReadFoupStatus uuid=116 len=23
frame=01 04 12 86 32 1F BD 73 DB D4 C0 F5 4A 09 F6 22 54 B2 D3 62 E7 12 99
[2026-04-17 09:25:04] [INFO] [发送] 09:25:04.779 设备ID=12058 module=PERIODIC id=ReadFoupStatus uuid=116 sendCount=1/1 timeout=1000ms crc=30 0C len=8
frame=01 04 00 00 00 09 30 0C
[2026-04-17 09:25:04] [INFO] [接收-帧] 09:25:04.872 设备ID=12058 module=PERIODIC id=ReadFoupStatus uuid=116 len=23
frame=01 04 12 59 87 6E 97 6F 34 8D 77 90 64 E0 1E CB 89 82 BF DC 8E 32 28
[2026-04-17 09:25:05] [INFO] [发送] 09:25:05.870 设备ID=12058 module=PERIODIC id=ReadFoupStatus uuid=116 sendCount=1/1 timeout=1000ms crc=30 0C len=8
frame=01 04 00 00 00 09 30 0C
[2026-04-17 09:25:05] [INFO] [接收-帧] 09:25:05.974 设备ID=12058 module=PERIODIC id=ReadFoupStatus uuid=116 len=23
frame=01 04 12 A5 38 4B 81 6E 99 06 5F 09 F2 0D 9B 68 AB 63 0F 91 46 92 95
[2026-04-17 09:25:06] [INFO] [发送] 09:25:06.998 设备ID=12058 module=PERIODIC id=ReadFoupStatus uuid=116 sendCount=1/1 timeout=1000ms crc=30 0C len=8
frame=01 04 00 00 00 09 30 0C
[2026-04-17 09:25:07] [INFO] [接收-帧] 09:25:07.074 设备ID=12058 module=PERIODIC id=ReadFoupStatus uuid=116 len=23
frame=01 04 12 26 62 98 38 87 28 06 BC 11 E5 98 7C B9 10 06 A8 C1 0F A8 DA
[2026-04-17 09:25:08] [INFO] [发送] 09:25:08.071 设备ID=12058 module=PERIODIC id=ReadFoupStatus uuid=116 sendCount=1/1 timeout=1000ms crc=30 0C len=8
frame=01 04 00 00 00 09 30 0C
[2026-04-17 09:25:08] [INFO] [接收-帧] 09:25:08.154 设备ID=12058 module=PERIODIC id=ReadFoupStatus uuid=116 len=23
frame=01 04 12 B3 EF 48 B1 D3 A3 C1 4D 7C B6 F2 9E 51 65 35 6D DD DD 06 F9
[2026-04-17 09:25:09] [INFO] [发送] 09:25:09.149 设备ID=12058 module=PERIODIC id=ReadFoupStatus uuid=116 sendCount=1/1 timeout=1000ms crc=30 0C len=8
frame=01 04 00 00 00 09 30 0C
[2026-04-17 09:25:09] [INFO] [接收-帧] 09:25:09.250 设备ID=12058 module=PERIODIC id=ReadFoupStatus uuid=116 len=23
frame=01 04 12 ED 0C 29 4C D4 FA 41 90 B9 EB F9 CB 2C 46 5F 94 0C 12 B9 BD
[2026-04-17 09:25:10] [INFO] [发送] 09:25:10.243 设备ID=12058 module=PERIODIC id=ReadFoupStatus uuid=116 sendCount=1/1 timeout=1000ms crc=30 0C len=8
frame=01 04 00 00 00 09 30 0C
[2026-04-17 09:25:10] [INFO] [接收-帧] 09:25:10.340 设备ID=12058 module=PERIODIC id=ReadFoupStatus uuid=116 len=23
frame=01 04 12 03 38 82 77 1E 34 7C 67 6F 81 01 7B C9 69 32 30 DD EC 59 C2
[2026-04-17 09:25:11] [INFO] [发送] 09:25:11.337 设备ID=12058 module=PERIODIC id=ReadFoupStatus uuid=116 sendCount=1/1 timeout=1000ms crc=30 0C len=8
frame=01 04 00 00 00 09 30 0C
[2026-04-17 09:25:11] [INFO] [接收-帧] 09:25:11.438 设备ID=12058 module=PERIODIC id=ReadFoupStatus uuid=116 len=23
frame=01 04 12 40 40 FA 40 CA 76 A6 00 86 F4 D4 66 30 E6 2C FB 9B 00 D3 FE
[2026-04-17 09:25:12] [INFO] [发送] 09:25:12.441 设备ID=12058 module=PERIODIC id=ReadFoupStatus uuid=116 sendCount=1/1 timeout=1000ms crc=30 0C len=8
frame=01 04 00 00 00 09 30 0C
[2026-04-17 09:25:12] [INFO] [接收-帧] 09:25:12.531 设备ID=12058 module=PERIODIC id=ReadFoupStatus uuid=116 len=23
frame=01 04 12 12 FA 5B 51 0D 27 9F F1 F9 BC 31 E7 47 76 C4 4E B3 57 8D C6
[2026-04-17 09:25:13] [INFO] [发送] 09:25:13.529 设备ID=12058 module=PERIODIC id=ReadFoupStatus uuid=116 sendCount=1/1 timeout=1000ms crc=30 0C len=8
frame=01 04 00 00 00 09 30 0C
[2026-04-17 09:25:13] [INFO] [接收-帧] 09:25:13.627 设备ID=12058 module=PERIODIC id=ReadFoupStatus uuid=116 len=23
frame=01 04 12 07 94 C4 73 94 8B 33 D9 87 4A 1D 8A 14 FD DF 70 89 3E AB 9C
[2026-04-17 09:25:14] [INFO] [发送] 09:25:14.617 设备ID=12058 module=PERIODIC id=ReadFoupStatus uuid=116 sendCount=1/1 timeout=1000ms crc=30 0C len=8
frame=01 04 00 00 00 09 30 0C
[2026-04-17 09:25:14] [INFO] [接收-帧] 09:25:14.716 设备ID=12058 module=PERIODIC id=ReadFoupStatus uuid=116 len=23
frame=01 04 12 9B 94 EC EB 6C DB 6E 82 1A B0 2E 45 FC BA C2 5E 85 0C 23 71
[2026-04-17 09:25:15] [INFO] [发送] 09:25:15.714 设备ID=12058 module=PERIODIC id=ReadFoupStatus uuid=116 sendCount=1/1 timeout=1000ms crc=30 0C len=8
frame=01 04 00 00 00 09 30 0C
[2026-04-17 09:25:15] [INFO] [接收-帧] 09:25:15.812 设备ID=12058 module=PERIODIC id=ReadFoupStatus uuid=116 len=23
frame=01 04 12 D0 A9 79 CA D3 7E D4 11 6C 56 51 73 FB 7C EB 60 C9 D1 15 1B
[2026-04-17 09:25:16] [INFO] [发送] 09:25:16.807 设备ID=12058 module=PERIODIC id=ReadFoupStatus uuid=116 sendCount=1/1 timeout=1000ms crc=30 0C len=8
frame=01 04 00 00 00 09 30 0C
[2026-04-17 09:25:16] [INFO] [接收-帧] 09:25:16.909 设备ID=12058 module=PERIODIC id=ReadFoupStatus uuid=116 len=23
frame=01 04 12 C0 43 EE 1C 07 9C 48 D4 A6 4D 4C D3 58 C4 8D 70 56 16 E1 F7
[2026-04-17 09:25:17] [INFO] [发送] 09:25:17.904 设备ID=12058 module=PERIODIC id=ReadFoupStatus uuid=116 sendCount=1/1 timeout=1000ms crc=30 0C len=8
frame=01 04 00 00 00 09 30 0C
[2026-04-17 09:25:17] [INFO] [接收-帧] 09:25:17.998 设备ID=12058 module=PERIODIC id=ReadFoupStatus uuid=116 len=23
frame=01 04 12 89 92 C4 15 20 F7 38 98 07 46 43 54 C8 7B 4D 27 FC D4 03 1A
[2026-04-17 09:25:18] [INFO] [发送] 09:25:18.993 设备ID=12058 module=PERIODIC id=ReadFoupStatus uuid=116 sendCount=1/1 timeout=1000ms crc=30 0C len=8
frame=01 04 00 00 00 09 30 0C
[2026-04-17 09:25:19] [INFO] [接收-帧] 09:25:19.091 设备ID=12058 module=PERIODIC id=ReadFoupStatus uuid=116 len=23
frame=01 04 12 15 C4 E7 3A 50 31 C5 D6 5A 5C 9C CD 00 4A D1 AD 14 3A 7B D9
[2026-04-17 09:25:20] [INFO] [发送] 09:25:20.093 设备ID=12058 module=PERIODIC id=ReadFoupStatus uuid=116 sendCount=1/1 timeout=1000ms crc=30 0C len=8
frame=01 04 00 00 00 09 30 0C
[2026-04-17 09:25:20] [INFO] [接收-帧] 09:25:20.256 设备ID=12058 module=PERIODIC id=ReadFoupStatus uuid=116 len=23
frame=01 04 12 78 DD 32 3B 19 A8 DF BE B5 8D DF AF CA DF FE 55 33 4F 07 F2
[2026-04-17 09:25:21] [INFO] [发送] 09:25:21.243 设备ID=12058 module=PERIODIC id=ReadFoupStatus uuid=116 sendCount=1/1 timeout=1000ms crc=30 0C len=8
frame=01 04 00 00 00 09 30 0C
[2026-04-17 09:25:21] [INFO] [接收-帧] 09:25:21.280 设备ID=12058 module=PERIODIC id=ReadFoupStatus uuid=116 len=23
frame=01 04 12 BF 05 1D 05 67 63 E7 5B BD 7E 90 6B E6 42 88 7A 0A C8 F3 B9
[2026-04-17 09:25:22] [INFO] [发送] 09:25:22.283 设备ID=12058 module=PERIODIC id=ReadFoupStatus uuid=116 sendCount=1/1 timeout=1000ms crc=30 0C len=8
frame=01 04 00 00 00 09 30 0C
[2026-04-17 09:25:22] [INFO] [接收-帧] 09:25:22.376 设备ID=12058 module=PERIODIC id=ReadFoupStatus uuid=116 len=23
frame=01 04 12 EC 9A E6 CF E8 28 EE 75 48 60 9B EB 12 44 27 DA 9A 7B 2E D9
[2026-04-17 09:25:23] [INFO] [发送] 09:25:23.369 设备ID=12058 module=PERIODIC id=ReadFoupStatus uuid=116 sendCount=1/1 timeout=1000ms crc=30 0C len=8
frame=01 04 00 00 00 09 30 0C
[2026-04-17 09:25:23] [INFO] [接收-帧] 09:25:23.466 设备ID=12058 module=PERIODIC id=ReadFoupStatus uuid=116 len=23
frame=01 04 12 D1 50 EB 62 41 0F 25 FE B6 E9 F8 C6 A8 04 80 3E DC 1E 85 3F
[2026-04-17 09:25:24] [INFO] [发送] 09:25:24.463 设备ID=12058 module=PERIODIC id=ReadFoupStatus uuid=116 sendCount=1/1 timeout=1000ms crc=30 0C len=8
frame=01 04 00 00 00 09 30 0C
[2026-04-17 09:25:24] [INFO] [接收-帧] 09:25:24.563 设备ID=12058 module=PERIODIC id=ReadFoupStatus uuid=116 len=23
frame=01 04 12 3A 46 08 EA 93 3D F6 EB AD C5 BC 69 BD 74 0F AD 0A 62 98 4C
[2026-04-17 09:25:25] [INFO] [发送] 09:25:25.567 设备ID=12058 module=PERIODIC id=ReadFoupStatus uuid=116 sendCount=1/1 timeout=1000ms crc=30 0C len=8
frame=01 04 00 00 00 09 30 0C
[2026-04-17 09:25:25] [INFO] [接收-帧] 09:25:25.658 设备ID=12058 module=PERIODIC id=ReadFoupStatus uuid=116 len=23
frame=01 04 12 9B 11 FE 5F 34 07 F7 30 EA DC 47 8F EB 6C 7E 3F B0 B5 20 E6
[2026-04-17 09:25:26] [INFO] [发送] 09:25:26.649 设备ID=12058 module=PERIODIC id=ReadFoupStatus uuid=116 sendCount=1/1 timeout=1000ms crc=30 0C len=8
frame=01 04 00 00 00 09 30 0C
[2026-04-17 09:25:26] [INFO] [接收-帧] 09:25:26.749 设备ID=12058 module=PERIODIC id=ReadFoupStatus uuid=116 len=23
frame=01 04 12 34 D5 D5 8E 39 0F 79 E9 82 6B ED 3F 75 73 1D 2C CC 82 BF AA
[2026-04-17 09:25:27] [INFO] [发送] 09:25:27.749 设备ID=12058 module=PERIODIC id=ReadFoupStatus uuid=116 sendCount=1/1 timeout=1000ms crc=30 0C len=8
frame=01 04 00 00 00 09 30 0C
[2026-04-17 09:25:27] [INFO] [接收-帧] 09:25:27.843 设备ID=12058 module=PERIODIC id=ReadFoupStatus uuid=116 len=23
frame=01 04 12 6F 1F 73 C6 20 99 63 6E 79 CC 16 CD 75 3F C6 3A EE 45 07 05
[2026-04-17 09:25:28] [INFO] [发送] 09:25:28.840 设备ID=12058 module=PERIODIC id=ReadFoupStatus uuid=116 sendCount=1/1 timeout=1000ms crc=30 0C len=8
frame=01 04 00 00 00 09 30 0C
[2026-04-17 09:25:28] [INFO] [接收-帧] 09:25:28.936 设备ID=12058 module=PERIODIC id=ReadFoupStatus uuid=116 len=23
frame=01 04 12 65 F0 DF 2D 24 45 EE 6F 4E 69 14 A8 FF 07 85 61 8B 48 BC E0
[2026-04-17 09:25:29] [INFO] [发送] 09:25:29.936 设备ID=12058 module=PERIODIC id=ReadFoupStatus uuid=116 sendCount=1/1 timeout=1000ms crc=30 0C len=8
frame=01 04 00 00 00 09 30 0C
[2026-04-17 09:25:30] [INFO] [接收-帧] 09:25:30.032 设备ID=12058 module=PERIODIC id=ReadFoupStatus uuid=116 len=23
frame=01 04 12 FC BB 0D 15 D4 C8 4C CC F9 69 41 F5 CF 46 57 37 49 76 44 4A
[2026-04-17 09:25:31] [INFO] [发送] 09:25:31.036 设备ID=12058 module=PERIODIC id=ReadFoupStatus uuid=116 sendCount=1/1 timeout=1000ms crc=30 0C len=8
frame=01 04 00 00 00 09 30 0C
[2026-04-17 09:25:31] [INFO] [接收-帧] 09:25:31.122 设备ID=12058 module=PERIODIC id=ReadFoupStatus uuid=116 len=23
frame=01 04 12 B5 31 47 D2 55 0B FF 7D FE 87 7E 05 82 77 71 68 52 A5 E1 03
[2026-04-17 09:25:32] [INFO] [发送] 09:25:32.125 设备ID=12058 module=PERIODIC id=ReadFoupStatus uuid=116 sendCount=1/1 timeout=1000ms crc=30 0C len=8
frame=01 04 00 00 00 09 30 0C
[2026-04-17 09:25:32] [INFO] [接收-帧] 09:25:32.221 设备ID=12058 module=PERIODIC id=ReadFoupStatus uuid=116 len=23
frame=01 04 12 02 73 62 0C 26 EF 50 C0 84 26 3F CD 9B 77 60 85 87 2F 89 80
[2026-04-17 09:25:33] [INFO] [发送] 09:25:33.218 设备ID=12058 module=PERIODIC id=ReadFoupStatus uuid=116 sendCount=1/1 timeout=1000ms crc=30 0C len=8
frame=01 04 00 00 00 09 30 0C
[2026-04-17 09:25:33] [INFO] [接收-帧] 09:25:33.311 设备ID=12058 module=PERIODIC id=ReadFoupStatus uuid=116 len=23
frame=01 04 12 40 EC EF 19 0B 64 98 BF D2 C3 CB 98 AA 91 0F 3E A5 E8 83 A8
[2026-04-17 09:25:34] [INFO] [发送] 09:25:34.311 设备ID=12058 module=PERIODIC id=ReadFoupStatus uuid=116 sendCount=1/1 timeout=1000ms crc=30 0C len=8
frame=01 04 00 00 00 09 30 0C
[2026-04-17 09:25:34] [INFO] [接收-帧] 09:25:34.406 设备ID=12058 module=PERIODIC id=ReadFoupStatus uuid=116 len=23
frame=01 04 12 C6 A7 49 89 9E 67 23 74 BB BE 16 14 B3 67 4B DB 1D B2 DB E3
[2026-04-17 09:25:35] [INFO] [发送] 09:25:35.398 设备ID=12058 module=PERIODIC id=ReadFoupStatus uuid=116 sendCount=1/1 timeout=1000ms crc=30 0C len=8
frame=01 04 00 00 00 09 30 0C
[2026-04-17 09:25:35] [INFO] [接收-帧] 09:25:35.499 设备ID=12058 module=PERIODIC id=ReadFoupStatus uuid=116 len=23
frame=01 04 12 B8 45 E0 5D 1B E7 5D 4B 69 B2 F7 AE A7 E1 D4 F3 E6 40 FF 43
[2026-04-17 09:25:36] [INFO] [发送] 09:25:36.497 设备ID=12058 module=PERIODIC id=ReadFoupStatus uuid=116 sendCount=1/1 timeout=1000ms crc=30 0C len=8
frame=01 04 00 00 00 09 30 0C
[2026-04-17 09:25:36] [INFO] [接收-帧] 09:25:36.594 设备ID=12058 module=PERIODIC id=ReadFoupStatus uuid=116 len=23
frame=01 04 12 8D 0D 75 C0 65 31 6C 90 C1 ED BD 0C BE A6 18 D2 43 02 C3 AF
[2026-04-17 09:25:37] [INFO] [发送] 09:25:37.588 设备ID=12058 module=PERIODIC id=ReadFoupStatus uuid=116 sendCount=1/1 timeout=1000ms crc=30 0C len=8
frame=01 04 00 00 00 09 30 0C
[2026-04-17 09:25:37] [INFO] [接收-帧] 09:25:37.684 设备ID=12058 module=PERIODIC id=ReadFoupStatus uuid=116 len=23
frame=01 04 12 47 2B 32 E6 41 F5 0A 60 FC 26 FE 9F 65 DC 7A DC D6 59 9D 3D
[2026-04-17 09:25:38] [INFO] [发送] 09:25:38.682 设备ID=12058 module=PERIODIC id=ReadFoupStatus uuid=116 sendCount=1/1 timeout=1000ms crc=30 0C len=8
frame=01 04 00 00 00 09 30 0C
[2026-04-17 09:25:38] [INFO] [接收-帧] 09:25:38.779 设备ID=12058 module=PERIODIC id=ReadFoupStatus uuid=116 len=23
frame=01 04 12 62 F1 AF 1B 6B 48 8C CD C3 87 95 68 91 F9 8F 84 09 42 2B 0C
[2026-04-17 09:25:39] [INFO] [发送] 09:25:39.774 设备ID=12058 module=PERIODIC id=ReadFoupStatus uuid=116 sendCount=1/1 timeout=1000ms crc=30 0C len=8
frame=01 04 00 00 00 09 30 0C
[2026-04-17 09:25:39] [INFO] [接收-帧] 09:25:39.877 设备ID=12058 module=PERIODIC id=ReadFoupStatus uuid=116 len=23
frame=01 04 12 BA BD 25 28 8A 06 AF A9 08 29 DF 00 29 EA 01 55 53 B9 A5 C9
[2026-04-17 09:25:40] [INFO] [发送] 09:25:40.868 设备ID=12058 module=PERIODIC id=ReadFoupStatus uuid=116 sendCount=1/1 timeout=1000ms crc=30 0C len=8
frame=01 04 00 00 00 09 30 0C
[2026-04-17 09:25:40] [INFO] [接收-帧] 09:25:40.964 设备ID=12058 module=PERIODIC id=ReadFoupStatus uuid=116 len=23
frame=01 04 12 75 1F 62 C6 49 17 FB 9E 78 32 DE CD 95 E4 49 D6 58 7E F7 8B
[2026-04-17 09:25:41] [INFO] [发送] 09:25:41.961 设备ID=12058 module=PERIODIC id=ReadFoupStatus uuid=116 sendCount=1/1 timeout=1000ms crc=30 0C len=8
frame=01 04 00 00 00 09 30 0C
[2026-04-17 09:25:42] [INFO] [接收-帧] 09:25:42.063 设备ID=12058 module=PERIODIC id=ReadFoupStatus uuid=116 len=23
frame=01 04 12 E9 70 CC 27 BF 69 1E 75 78 AA 79 35 C1 34 FA 06 11 FC DF 0C
[2026-04-17 09:25:43] [INFO] [发送] 09:25:43.056 设备ID=12058 module=PERIODIC id=ReadFoupStatus uuid=116 sendCount=1/1 timeout=1000ms crc=30 0C len=8
frame=01 04 00 00 00 09 30 0C
[2026-04-17 09:25:43] [INFO] [接收-帧] 09:25:43.157 设备ID=12058 module=PERIODIC id=ReadFoupStatus uuid=116 len=23
frame=01 04 12 BE B0 4D 92 06 D8 98 84 B1 C0 F0 CF 5E 59 24 83 30 54 E0 AE
[2026-04-17 09:25:44] [INFO] [发送] 09:25:44.152 设备ID=12058 module=PERIODIC id=ReadFoupStatus uuid=116 sendCount=1/1 timeout=1000ms crc=30 0C len=8
frame=01 04 00 00 00 09 30 0C
[2026-04-17 09:25:44] [INFO] [接收-帧] 09:25:44.250 设备ID=12058 module=PERIODIC id=ReadFoupStatus uuid=116 len=23
frame=01 04 12 A0 02 6C 79 EF CF E0 5D 9B F4 0B 9C 70 09 E0 97 E2 62 D7 B8
[2026-04-17 09:25:45] [INFO] [发送] 09:25:45.242 设备ID=12058 module=PERIODIC id=ReadFoupStatus uuid=116 sendCount=1/1 timeout=1000ms crc=30 0C len=8
frame=01 04 00 00 00 09 30 0C
[2026-04-17 09:25:45] [INFO] [接收-帧] 09:25:45.344 设备ID=12058 module=PERIODIC id=ReadFoupStatus uuid=116 len=23
frame=01 04 12 87 BC 4F 6A B8 9B 66 8F C6 DF B7 57 B5 C3 29 CD C7 0D 82 38
[2026-04-17 09:25:46] [INFO] [发送] 09:25:46.355 设备ID=12058 module=PERIODIC id=ReadFoupStatus uuid=116 sendCount=1/1 timeout=1000ms crc=30 0C len=8
frame=01 04 00 00 00 09 30 0C
[2026-04-17 09:25:46] [INFO] [接收-帧] 09:25:46.436 设备ID=12058 module=PERIODIC id=ReadFoupStatus uuid=116 len=23
frame=01 04 12 20 12 82 81 09 48 57 D3 61 D5 80 65 67 8A DC 15 70 2C 69 FF
[2026-04-17 09:25:47] [INFO] [发送] 09:25:47.429 设备ID=12058 module=PERIODIC id=ReadFoupStatus uuid=116 sendCount=1/1 timeout=1000ms crc=30 0C len=8
frame=01 04 00 00 00 09 30 0C
[2026-04-17 09:25:47] [INFO] [接收-帧] 09:25:47.715 设备ID=12058 module=PERIODIC id=ReadFoupStatus uuid=116 len=23
frame=01 04 12 57 8B 17 21 F5 99 A5 74 FE 09 2B A9 80 D8 6E 98 0C 38 94 FD
[2026-04-17 09:25:48] [INFO] [发送] 09:25:48.720 设备ID=12058 module=PERIODIC id=ReadFoupStatus uuid=116 sendCount=1/1 timeout=1000ms crc=30 0C len=8
frame=01 04 00 00 00 09 30 0C
[2026-04-17 09:25:48] [INFO] [接收-帧] 09:25:48.735 设备ID=12058 module=PERIODIC id=ReadFoupStatus uuid=116 len=23
frame=01 04 12 02 6F F6 2C 03 95 18 3A B6 D1 AF 1C 6B 88 A5 1A B6 AA DD 40
[2026-04-17 09:25:49] [INFO] [发送] 09:25:49.735 设备ID=12058 module=PERIODIC id=ReadFoupStatus uuid=116 sendCount=1/1 timeout=1000ms crc=30 0C len=8
frame=01 04 00 00 00 09 30 0C
[2026-04-17 09:25:49] [INFO] [接收-帧] 09:25:49.827 设备ID=12058 module=PERIODIC id=ReadFoupStatus uuid=116 len=23
frame=01 04 12 7B 58 7E DB 2D 10 28 15 78 E1 26 55 93 BB BE 54 2A B6 5A E5
[2026-04-17 09:25:50] [INFO] [发送] 09:25:50.822 设备ID=12058 module=PERIODIC id=ReadFoupStatus uuid=116 sendCount=1/1 timeout=1000ms crc=30 0C len=8
frame=01 04 00 00 00 09 30 0C
[2026-04-17 09:25:50] [INFO] [接收-帧] 09:25:50.927 设备ID=12058 module=PERIODIC id=ReadFoupStatus uuid=116 len=23
frame=01 04 12 90 63 09 B7 59 2F 4F B7 F1 CE 8A 24 95 E2 A7 87 65 54 10 E2
[2026-04-17 09:25:52] [INFO] [发送] 09:25:52.209 设备ID=12058 module=PERIODIC id=ReadFoupStatus uuid=116 sendCount=1/1 timeout=1000ms crc=30 0C len=8
frame=01 04 00 00 00 09 30 0C
[2026-04-17 09:25:52] [INFO] [接收-帧] 09:25:52.234 设备ID=12058 module=PERIODIC id=ReadFoupStatus uuid=116 len=23
frame=01 04 12 80 29 BE 94 27 15 F3 BF BD 8E 21 A2 1F 94 82 9E CE 30 25 9E
[2026-04-17 09:25:53] [INFO] [发送] 09:25:53.231 设备ID=12058 module=PERIODIC id=ReadFoupStatus uuid=116 sendCount=1/1 timeout=1000ms crc=30 0C len=8
frame=01 04 00 00 00 09 30 0C
[2026-04-17 09:25:53] [INFO] [接收-帧] 09:25:53.329 设备ID=12058 module=PERIODIC id=ReadFoupStatus uuid=116 len=23
frame=01 04 12 76 A4 0A E7 B4 B7 2E 5F 35 36 32 BD D5 4A 0C 1B 24 3A 1C 11
[2026-04-17 09:25:54] [INFO] [发送] 09:25:54.324 设备ID=12058 module=PERIODIC id=ReadFoupStatus uuid=116 sendCount=1/1 timeout=1000ms crc=30 0C len=8
frame=01 04 00 00 00 09 30 0C
[2026-04-17 09:25:54] [INFO] [接收-帧] 09:25:54.424 设备ID=12058 module=PERIODIC id=ReadFoupStatus uuid=116 len=23
frame=01 04 12 1D 00 3F 57 DA FB 90 CA CE 6F 9B F3 D1 FB 44 AF 0E 2E 59 68
[2026-04-17 09:25:55] [INFO] [发送] 09:25:55.414 设备ID=12058 module=PERIODIC id=ReadFoupStatus uuid=116 sendCount=1/1 timeout=1000ms crc=30 0C len=8
frame=01 04 00 00 00 09 30 0C
[2026-04-17 09:25:55] [INFO] [接收-帧] 09:25:55.516 设备ID=12058 module=PERIODIC id=ReadFoupStatus uuid=116 len=23
frame=01 04 12 C5 7F 0F 57 56 B2 78 4F 5E 39 F0 8D 46 25 A9 AC 1A 43 E5 92
[2026-04-17 09:25:56] [INFO] [发送] 09:25:56.512 设备ID=12058 module=PERIODIC id=ReadFoupStatus uuid=116 sendCount=1/1 timeout=1000ms crc=30 0C len=8
frame=01 04 00 00 00 09 30 0C
[2026-04-17 09:25:56] [INFO] [接收-帧] 09:25:56.620 设备ID=12058 module=PERIODIC id=ReadFoupStatus uuid=116 len=23
frame=01 04 12 CA 7D DE 84 DE DD DA FB FC 44 CD D1 48 F4 0B 8E 75 9C 8A 13
[2026-04-17 09:25:57] [INFO] [发送] 09:25:57.619 设备ID=12058 module=PERIODIC id=ReadFoupStatus uuid=116 sendCount=1/1 timeout=1000ms crc=30 0C len=8
frame=01 04 00 00 00 09 30 0C
[2026-04-17 09:25:57] [INFO] [接收-帧] 09:25:57.705 设备ID=12058 module=PERIODIC id=ReadFoupStatus uuid=116 len=23
frame=01 04 12 1F 66 DF 00 5B D2 37 C9 B0 40 AE 1B D6 F4 B9 D8 D2 65 2B 82
[2026-04-17 09:25:58] [INFO] [发送] 09:25:58.699 设备ID=12058 module=PERIODIC id=ReadFoupStatus uuid=116 sendCount=1/1 timeout=1000ms crc=30 0C len=8
frame=01 04 00 00 00 09 30 0C
[2026-04-17 09:25:58] [INFO] [接收-帧] 09:25:58.797 设备ID=12058 module=PERIODIC id=ReadFoupStatus uuid=116 len=23
frame=01 04 12 B4 B1 AE 88 33 32 C7 24 99 10 25 ED F8 5C C7 3F 26 9D BA AA
[2026-04-17 09:25:59] [INFO] [发送] 09:25:59.793 设备ID=12058 module=PERIODIC id=ReadFoupStatus uuid=116 sendCount=1/1 timeout=1000ms crc=30 0C len=8
frame=01 04 00 00 00 09 30 0C
[2026-04-17 09:25:59] [INFO] [接收-帧] 09:25:59.894 设备ID=12058 module=PERIODIC id=ReadFoupStatus uuid=116 len=23
frame=01 04 12 32 A6 BC BF DA 3F 96 FB 27 46 A6 12 A1 3F 91 53 47 02 EF A3
[2026-04-17 09:26:00] [INFO] [发送] 09:26:00.890 设备ID=12058 module=PERIODIC id=ReadFoupStatus uuid=116 sendCount=1/1 timeout=1000ms crc=30 0C len=8
frame=01 04 00 00 00 09 30 0C
[2026-04-17 09:26:00] [INFO] [接收-帧] 09:26:00.988 设备ID=12058 module=PERIODIC id=ReadFoupStatus uuid=116 len=23
frame=01 04 12 87 5F 78 E4 B9 94 6C FF B4 AB AC DA 4E A4 6A E3 EB 9E 25 5C
[2026-04-17 09:26:01] [INFO] [发送] 09:26:01.989 设备ID=12058 module=PERIODIC id=ReadFoupStatus uuid=116 sendCount=1/1 timeout=1000ms crc=30 0C len=8
frame=01 04 00 00 00 09 30 0C
[2026-04-17 09:26:02] [INFO] [接收-帧] 09:26:02.076 设备ID=12058 module=PERIODIC id=ReadFoupStatus uuid=116 len=23
frame=01 04 12 58 DA FD BD 4B 1B F8 9F 6E DF F4 8C 33 01 A0 9D BF C4 55 6A
[2026-04-17 09:26:03] [INFO] [发送] 09:26:03.085 设备ID=12058 module=PERIODIC id=ReadFoupStatus uuid=116 sendCount=1/1 timeout=1000ms crc=30 0C len=8
frame=01 04 00 00 00 09 30 0C
[2026-04-17 09:26:03] [INFO] [接收-帧] 09:26:03.177 设备ID=12058 module=PERIODIC id=ReadFoupStatus uuid=116 len=23
frame=01 04 12 DD D4 EA 15 42 95 4C BD DC 3F AC AE 14 B0 47 4F D1 6B F5 BE
[2026-04-17 09:26:04] [INFO] [发送] 09:26:04.171 设备ID=12058 module=PERIODIC id=ReadFoupStatus uuid=116 sendCount=1/1 timeout=1000ms crc=30 0C len=8
frame=01 04 00 00 00 09 30 0C
[2026-04-17 09:26:04] [INFO] [接收-帧] 09:26:04.270 设备ID=12058 module=PERIODIC id=ReadFoupStatus uuid=116 len=23
frame=01 04 12 AC B0 5C C4 82 6D 17 7E F4 06 2C B5 07 B7 C5 A1 F0 DD 01 51
[2026-04-17 09:26:05] [INFO] [发送] 09:26:05.261 设备ID=12058 module=PERIODIC id=ReadFoupStatus uuid=116 sendCount=1/1 timeout=1000ms crc=30 0C len=8
frame=01 04 00 00 00 09 30 0C
[2026-04-17 09:26:05] [INFO] [接收-帧] 09:26:05.370 设备ID=12058 module=PERIODIC id=ReadFoupStatus uuid=116 len=23
frame=01 04 12 45 A4 B0 C7 9B 00 69 AF 66 ED 46 3D 65 62 6B C7 08 A9 3E 8E
[2026-04-17 09:26:06] [INFO] [发送] 09:26:06.378 设备ID=12058 module=PERIODIC id=ReadFoupStatus uuid=116 sendCount=1/1 timeout=1000ms crc=30 0C len=8
frame=01 04 00 00 00 09 30 0C
[2026-04-17 09:26:06] [INFO] [接收-帧] 09:26:06.452 设备ID=12058 module=PERIODIC id=ReadFoupStatus uuid=116 len=23
frame=01 04 12 63 09 88 18 7D 5C E5 73 0C 4C D6 32 76 9D 41 2C DB A7 94 BB
[2026-04-17 09:26:07] [INFO] [发送] 09:26:07.454 设备ID=12058 module=PERIODIC id=ReadFoupStatus uuid=116 sendCount=1/1 timeout=1000ms crc=30 0C len=8
frame=01 04 00 00 00 09 30 0C
[2026-04-17 09:26:07] [INFO] [接收-帧] 09:26:07.646 设备ID=12058 module=PERIODIC id=ReadFoupStatus uuid=116 len=23
frame=01 04 12 76 C9 EF 58 AA FE AC 0D A6 4F 60 50 09 B2 31 FA 62 02 45 8B
[2026-04-17 09:26:08] [INFO] [发送] 09:26:08.638 设备ID=12058 module=PERIODIC id=ReadFoupStatus uuid=116 sendCount=1/1 timeout=1000ms crc=30 0C len=8
frame=01 04 00 00 00 09 30 0C
[2026-04-17 09:26:08] [INFO] [接收-帧] 09:26:08.760 设备ID=12058 module=PERIODIC id=ReadFoupStatus uuid=116 len=23
frame=01 04 12 60 4E 43 00 81 8A 3B 28 E8 0B 67 64 4F 48 0F BF FD 12 B7 34
[2026-04-17 09:26:09] [INFO] [发送] 09:26:09.806 设备ID=12058 module=PERIODIC id=ReadFoupStatus uuid=116 sendCount=1/1 timeout=1000ms crc=30 0C len=8
frame=01 04 00 00 00 09 30 0C
[2026-04-17 09:26:09] [INFO] [接收-帧] 09:26:09.843 设备ID=12058 module=PERIODIC id=ReadFoupStatus uuid=116 len=23
frame=01 04 12 DE 2D BB B0 3F A0 BE 61 B3 19 9E BD EC A5 F7 D2 E5 2A 4A D7
[2026-04-17 09:26:10] [INFO] [发送] 09:26:10.843 设备ID=12058 module=PERIODIC id=ReadFoupStatus uuid=116 sendCount=1/1 timeout=1000ms crc=30 0C len=8
frame=01 04 00 00 00 09 30 0C
[2026-04-17 09:26:10] [INFO] [接收-帧] 09:26:10.938 设备ID=12058 module=PERIODIC id=ReadFoupStatus uuid=116 len=23
frame=01 04 12 42 57 DD 52 81 E6 7C 45 D6 59 36 F4 05 8D 7C DC C9 80 32 CD
[2026-04-17 09:26:11] [INFO] [发送] 09:26:11.936 设备ID=12058 module=PERIODIC id=ReadFoupStatus uuid=116 sendCount=1/1 timeout=1000ms crc=30 0C len=8
frame=01 04 00 00 00 09 30 0C
[2026-04-17 09:26:12] [INFO] [接收-帧] 09:26:12.035 设备ID=12058 module=PERIODIC id=ReadFoupStatus uuid=116 len=23
frame=01 04 12 9A 45 49 B7 08 FB 5B 7B 73 98 07 DF EC B8 0C 97 DF 0A 18 2E
[2026-04-17 09:26:13] [INFO] [发送] 09:26:13.028 设备ID=12058 module=PERIODIC id=ReadFoupStatus uuid=116 sendCount=1/1 timeout=1000ms crc=30 0C len=8
frame=01 04 00 00 00 09 30 0C
[2026-04-17 09:26:13] [INFO] [接收-帧] 09:26:13.129 设备ID=12058 module=PERIODIC id=ReadFoupStatus uuid=116 len=23
frame=01 04 12 9E 3F 87 C5 53 BF 82 7C 3B 8E 52 92 DA 84 94 F9 83 EE 0D 42
[2026-04-17 09:26:14] [INFO] [发送] 09:26:14.121 设备ID=12058 module=PERIODIC id=ReadFoupStatus uuid=116 sendCount=1/1 timeout=1000ms crc=30 0C len=8
frame=01 04 00 00 00 09 30 0C
[2026-04-17 09:26:14] [INFO] [接收-帧] 09:26:14.225 设备ID=12058 module=PERIODIC id=ReadFoupStatus uuid=116 len=23
frame=01 04 12 0B 86 E6 4D E0 CD 43 B2 FB 54 81 F5 09 6A 54 41 90 1A 38 51
[2026-04-17 09:26:15] [INFO] [发送] 09:26:15.212 设备ID=12058 module=PERIODIC id=ReadFoupStatus uuid=116 sendCount=1/1 timeout=1000ms crc=30 0C len=8
frame=01 04 00 00 00 09 30 0C
[2026-04-17 09:26:15] [INFO] [接收-帧] 09:26:15.395 设备ID=12058 module=PERIODIC id=ReadFoupStatus uuid=116 len=23
frame=01 04 12 C6 99 3E F7 25 7D 4B D8 88 48 FD D4 B7 E1 E7 E0 60 82 5A 75
[2026-04-17 09:26:16] [INFO] [发送] 09:26:16.396 设备ID=12058 module=PERIODIC id=ReadFoupStatus uuid=116 sendCount=1/1 timeout=1000ms crc=30 0C len=8
frame=01 04 00 00 00 09 30 0C
[2026-04-17 09:26:16] [INFO] [接收-帧] 09:26:16.407 设备ID=12058 module=PERIODIC id=ReadFoupStatus uuid=116 len=23
frame=01 04 12 DE D7 EF F3 94 A5 AB 3C 5A 51 18 54 7C 30 A3 28 DB 35 46 A2
[2026-04-17 09:26:17] [INFO] [发送] 09:26:17.461 设备ID=12058 module=PERIODIC id=ReadFoupStatus uuid=116 sendCount=1/1 timeout=1000ms crc=30 0C len=8
frame=01 04 00 00 00 09 30 0C
[2026-04-17 09:26:17] [INFO] [接收-帧] 09:26:17.506 设备ID=12058 module=PERIODIC id=ReadFoupStatus uuid=116 len=23
frame=01 04 12 1F 63 DD 0B 76 95 1D 21 9D 1F AB 52 5F 66 51 F8 15 39 3B 64
[2026-04-17 09:26:18] [INFO] [发送] 09:26:18.494 设备ID=12058 module=PERIODIC id=ReadFoupStatus uuid=116 sendCount=1/1 timeout=1000ms crc=30 0C len=8
frame=01 04 00 00 00 09 30 0C
[2026-04-17 09:26:18] [INFO] [接收-帧] 09:26:18.599 设备ID=12058 module=PERIODIC id=ReadFoupStatus uuid=116 len=23
frame=01 04 12 1F 8C 64 E3 53 63 17 91 1F 1F 4B 55 E6 83 C1 C8 EF B6 98 1B
[2026-04-17 09:26:19] [INFO] [发送] 09:26:19.593 设备ID=12058 module=PERIODIC id=ReadFoupStatus uuid=116 sendCount=1/1 timeout=1000ms crc=30 0C len=8
frame=01 04 00 00 00 09 30 0C
[2026-04-17 09:26:19] [INFO] [接收-帧] 09:26:19.688 设备ID=12058 module=PERIODIC id=ReadFoupStatus uuid=116 len=23
frame=01 04 12 C7 95 E6 2A AB C2 7A 72 B3 53 B1 78 AA 8C F5 79 CC 67 53 7D
[2026-04-17 09:26:20] [INFO] [发送] 09:26:20.693 设备ID=12058 module=PERIODIC id=ReadFoupStatus uuid=116 sendCount=1/1 timeout=1000ms crc=30 0C len=8
frame=01 04 00 00 00 09 30 0C
[2026-04-17 09:26:20] [INFO] [接收-帧] 09:26:20.787 设备ID=12058 module=PERIODIC id=ReadFoupStatus uuid=116 len=23
frame=01 04 12 6E 1C B4 35 49 E5 C0 3E DD 76 13 B1 FF 75 7F 25 3D 56 B9 74
[2026-04-17 09:26:21] [INFO] [发送] 09:26:21.778 设备ID=12058 module=PERIODIC id=ReadFoupStatus uuid=116 sendCount=1/1 timeout=1000ms crc=30 0C len=8
frame=01 04 00 00 00 09 30 0C
[2026-04-17 09:26:21] [INFO] [接收-帧] 09:26:21.880 设备ID=12058 module=PERIODIC id=ReadFoupStatus uuid=116 len=23
frame=01 04 12 ED 84 BF B3 BE DB 7E 65 BD 0A 6B 27 F0 8A 2A 5C 23 B0 7B C4
[2026-04-17 09:26:22] [INFO] [发送] 09:26:22.943 设备ID=12058 module=PERIODIC id=ReadFoupStatus uuid=116 sendCount=1/1 timeout=1000ms crc=30 0C len=8
frame=01 04 00 00 00 09 30 0C
[2026-04-17 09:26:22] [INFO] [接收-帧] 09:26:22.970 设备ID=12058 module=PERIODIC id=ReadFoupStatus uuid=116 len=23
frame=01 04 12 23 FD 92 77 3B 62 75 9A 84 3F 78 D4 A4 EB 22 B5 48 6C 4A 43
[2026-04-17 09:26:23] [INFO] [发送] 09:26:23.963 设备ID=12058 module=PERIODIC id=ReadFoupStatus uuid=116 sendCount=1/1 timeout=1000ms crc=30 0C len=8
frame=01 04 00 00 00 09 30 0C
[2026-04-17 09:26:24] [INFO] [接收-帧] 09:26:24.069 设备ID=12058 module=PERIODIC id=ReadFoupStatus uuid=116 len=23
frame=01 04 12 CA 72 FB 9E 76 C1 60 38 CD 9C 51 F6 B3 71 A8 6C AA F1 E6 CB
[2026-04-17 09:26:25] [INFO] [发送] 09:26:25.604 设备ID=12058 module=PERIODIC id=ReadFoupStatus uuid=116 sendCount=1/1 timeout=1000ms crc=30 0C len=8
frame=01 04 00 00 00 09 30 0C
[2026-04-17 09:26:25] [INFO] [接收-帧] 09:26:25.776 设备ID=12058 module=PERIODIC id=ReadFoupStatus uuid=116 len=23
frame=01 04 12 5B 61 35 E1 BD 96 2A D1 7D 7A E1 5A 86 B4 9F 16 DF A7 2F E5
[2026-04-17 09:26:27] [INFO] [发送] 09:26:27.163 设备ID=12058 module=PERIODIC id=ReadFoupStatus uuid=116 sendCount=1/1 timeout=1000ms crc=30 0C len=8
frame=01 04 00 00 00 09 30 0C
[2026-04-17 09:26:27] [INFO] [接收-帧] 09:26:27.243 设备ID=12058 module=PERIODIC id=ReadFoupStatus uuid=116 len=23
frame=01 04 12 70 8B D4 F9 FF 43 BA A5 DA 5A 53 02 9E F4 2E 64 70 45 A1 91
[2026-04-17 09:26:28] [INFO] [发送] 09:26:28.363 设备ID=12058 module=PERIODIC id=ReadFoupStatus uuid=116 sendCount=1/1 timeout=1000ms crc=30 0C len=8
frame=01 04 00 00 00 09 30 0C
[2026-04-17 09:26:28] [INFO] [接收-帧] 09:26:28.456 设备ID=12058 module=PERIODIC id=ReadFoupStatus uuid=116 len=23
frame=01 04 12 23 5A 91 43 D2 33 BA DC 60 A8 08 7D 83 4D B1 DC FE 86 77 B0
[2026-04-17 09:26:29] [INFO] [发送] 09:26:29.477 设备ID=12058 module=PERIODIC id=ReadFoupStatus uuid=116 sendCount=1/1 timeout=1000ms crc=30 0C len=8
frame=01 04 00 00 00 09 30 0C
[2026-04-17 09:26:29] [INFO] [接收-帧] 09:26:29.578 设备ID=12058 module=PERIODIC id=ReadFoupStatus uuid=116 len=23
frame=01 04 12 A2 88 46 1A FA 50 5D 6D B3 50 6B 2B 7D AE 44 8B 72 30 AC D1
[2026-04-17 09:26:30] [INFO] [发送] 09:26:30.579 设备ID=12058 module=PERIODIC id=ReadFoupStatus uuid=116 sendCount=1/1 timeout=1000ms crc=30 0C len=8
frame=01 04 00 00 00 09 30 0C
[2026-04-17 09:26:30] [INFO] [接收-帧] 09:26:30.816 设备ID=12058 module=PERIODIC id=ReadFoupStatus uuid=116 len=23
frame=01 04 12 8B D5 87 45 D4 53 38 55 FB 38 F7 CF E9 70 19 FD 68 FD 4D 71
[2026-04-17 09:26:31] [INFO] [发送] 09:26:31.808 设备ID=12058 module=PERIODIC id=ReadFoupStatus uuid=116 sendCount=1/1 timeout=1000ms crc=30 0C len=8
frame=01 04 00 00 00 09 30 0C
[2026-04-17 09:26:31] [INFO] [接收-帧] 09:26:31.832 设备ID=12058 module=PERIODIC id=ReadFoupStatus uuid=116 len=23
frame=01 04 12 3F DD BB 63 16 AB 89 6B 39 0F 1D E2 A0 E9 2E EB 0C 65 81 AD
[2026-04-17 09:26:32] [INFO] [发送] 09:26:32.826 设备ID=12058 module=PERIODIC id=ReadFoupStatus uuid=116 sendCount=1/1 timeout=1000ms crc=30 0C len=8
frame=01 04 00 00 00 09 30 0C
[2026-04-17 09:26:32] [INFO] [接收-帧] 09:26:32.928 设备ID=12058 module=PERIODIC id=ReadFoupStatus uuid=116 len=23
frame=01 04 12 74 CC 55 57 E1 A7 86 01 ED 1A 79 B7 AF 24 9C B9 E6 BC FF 89
[2026-04-17 09:26:33] [INFO] [发送] 09:26:33.924 设备ID=12058 module=PERIODIC id=ReadFoupStatus uuid=116 sendCount=1/1 timeout=1000ms crc=30 0C len=8
frame=01 04 00 00 00 09 30 0C
[2026-04-17 09:26:34] [INFO] [接收-帧] 09:26:34.021 设备ID=12058 module=PERIODIC id=ReadFoupStatus uuid=116 len=23
frame=01 04 12 E7 75 99 5F 85 DC D4 76 FE 1F 1F FB DB 28 1C 23 30 70 1D C8
[2026-04-17 09:26:35] [INFO] [发送] 09:26:35.078 设备ID=12058 module=PERIODIC id=ReadFoupStatus uuid=116 sendCount=1/1 timeout=1000ms crc=30 0C len=8
frame=01 04 00 00 00 09 30 0C
[2026-04-17 09:26:35] [INFO] [接收-帧] 09:26:35.113 设备ID=12058 module=PERIODIC id=ReadFoupStatus uuid=116 len=23
frame=01 04 12 61 D0 AB B8 15 F3 6E D7 FA 8F 0E 30 27 AC C2 D1 82 B4 77 D7
[2026-04-17 09:26:36] [INFO] [发送] 09:26:36.110 设备ID=12058 module=PERIODIC id=ReadFoupStatus uuid=116 sendCount=1/1 timeout=1000ms crc=30 0C len=8
frame=01 04 00 00 00 09 30 0C
[2026-04-17 09:26:36] [INFO] [接收-帧] 09:26:36.207 设备ID=12058 module=PERIODIC id=ReadFoupStatus uuid=116 len=23
frame=01 04 12 3F 28 D7 55 37 4E E8 D0 02 55 8E 72 71 18 6F C8 60 EE DD D8
[2026-04-17 09:26:37] [INFO] [发送] 09:26:37.201 设备ID=12058 module=PERIODIC id=ReadFoupStatus uuid=116 sendCount=1/1 timeout=1000ms crc=30 0C len=8
frame=01 04 00 00 00 09 30 0C
[2026-04-17 09:26:37] [INFO] [接收-帧] 09:26:37.309 设备ID=12058 module=PERIODIC id=ReadFoupStatus uuid=116 len=23
frame=01 04 12 90 0F 01 23 6C 14 66 E0 E5 DB 8A 83 BB 5C 49 74 B9 81 90 C5
[2026-04-17 09:26:38] [INFO] [发送] 09:26:38.310 设备ID=12058 module=PERIODIC id=ReadFoupStatus uuid=116 sendCount=1/1 timeout=1000ms crc=30 0C len=8
frame=01 04 00 00 00 09 30 0C
[2026-04-17 09:26:38] [INFO] [接收-帧] 09:26:38.394 设备ID=12058 module=PERIODIC id=ReadFoupStatus uuid=116 len=23
frame=01 04 12 7B E0 27 CB 8B EA 18 1F A7 15 2E 87 C2 DD A7 9E 1F 76 19 7E
[2026-04-17 09:26:39] [INFO] [发送] 09:26:39.394 设备ID=12058 module=PERIODIC id=ReadFoupStatus uuid=116 sendCount=1/1 timeout=1000ms crc=30 0C len=8
frame=01 04 00 00 00 09 30 0C
[2026-04-17 09:26:39] [INFO] [接收-帧] 09:26:39.495 设备ID=12058 module=PERIODIC id=ReadFoupStatus uuid=116 len=23
frame=01 04 12 86 91 B3 35 BC 00 80 FF A8 8A 1D 1F B3 3F F6 EF 15 72 CB 3A
[2026-04-17 09:26:40] [INFO] [发送] 09:26:40.522 设备ID=12058 module=PERIODIC id=ReadFoupStatus uuid=116 sendCount=1/1 timeout=1000ms crc=30 0C len=8
frame=01 04 00 00 00 09 30 0C
[2026-04-17 09:26:40] [INFO] [接收-帧] 09:26:40.581 设备ID=12058 module=PERIODIC id=ReadFoupStatus uuid=116 len=23
frame=01 04 12 E0 51 B8 1F A2 55 0B 0F 20 AC 60 37 F2 2D 1E 0F 88 9B CE D2
[2026-04-17 09:26:41] [INFO] [发送] 09:26:41.611 设备ID=12058 module=PERIODIC id=ReadFoupStatus uuid=116 sendCount=1/1 timeout=1000ms crc=30 0C len=8
frame=01 04 00 00 00 09 30 0C
[2026-04-17 09:26:41] [INFO] [接收-帧] 09:26:41.712 设备ID=12058 module=PERIODIC id=ReadFoupStatus uuid=116 len=23
frame=01 04 12 81 3F 3A 19 5D 33 7D 1B 26 CF CE D1 9D 76 D3 4A BD 41 51 67
[2026-04-17 09:26:42] [INFO] [发送] 09:26:42.717 设备ID=12058 module=PERIODIC id=ReadFoupStatus uuid=116 sendCount=1/1 timeout=1000ms crc=30 0C len=8
frame=01 04 00 00 00 09 30 0C
[2026-04-17 09:26:42] [INFO] [接收-帧] 09:26:42.857 设备ID=12058 module=PERIODIC id=ReadFoupStatus uuid=116 len=23
frame=01 04 12 49 A2 09 D4 E9 3C F7 0D 63 01 6B FB 36 6D 1D BF 7C 5F 73 1D
[2026-04-17 09:26:43] [INFO] [发送] 09:26:43.855 设备ID=12058 module=PERIODIC id=ReadFoupStatus uuid=116 sendCount=1/1 timeout=1000ms crc=30 0C len=8
frame=01 04 00 00 00 09 30 0C
[2026-04-17 09:26:43] [INFO] [接收-帧] 09:26:43.865 设备ID=12058 module=PERIODIC id=ReadFoupStatus uuid=116 len=23
frame=01 04 12 00 DE EC 07 FD C0 E3 15 38 49 46 91 BD A8 C4 D1 14 64 8C A8
[2026-04-17 09:26:44] [INFO] [发送] 09:26:44.857 设备ID=12058 module=PERIODIC id=ReadFoupStatus uuid=116 sendCount=1/1 timeout=1000ms crc=30 0C len=8
frame=01 04 00 00 00 09 30 0C
[2026-04-17 09:26:44] [INFO] [接收-帧] 09:26:44.958 设备ID=12058 module=PERIODIC id=ReadFoupStatus uuid=116 len=23
frame=01 04 12 D2 D2 75 AF 10 6D 17 28 5B 26 2A A4 79 04 6E 3E C5 59 AE C0
[2026-04-17 09:26:45] [INFO] [发送] 09:26:45.954 设备ID=12058 module=PERIODIC id=ReadFoupStatus uuid=116 sendCount=1/1 timeout=1000ms crc=30 0C len=8
frame=01 04 00 00 00 09 30 0C
[2026-04-17 09:26:46] [INFO] [接收-帧] 09:26:46.062 设备ID=12058 module=PERIODIC id=ReadFoupStatus uuid=116 len=23
frame=01 04 12 35 48 3F 66 4B 4D 27 60 1B CC E6 BC BF A5 41 47 75 FD E6 AA
[2026-04-17 09:26:47] [INFO] [发送] 09:26:47.063 设备ID=12058 module=PERIODIC id=ReadFoupStatus uuid=116 sendCount=1/1 timeout=1000ms crc=30 0C len=8
frame=01 04 00 00 00 09 30 0C
[2026-04-17 09:26:47] [INFO] [接收-帧] 09:26:47.145 设备ID=12058 module=PERIODIC id=ReadFoupStatus uuid=116 len=23
frame=01 04 12 AD BA 7A 26 B3 34 F2 DC E1 90 08 CB 94 16 79 C3 10 02 C3 7F
[2026-04-17 09:26:48] [INFO] [发送] 09:26:48.139 设备ID=12058 module=PERIODIC id=ReadFoupStatus uuid=116 sendCount=1/1 timeout=1000ms crc=30 0C len=8
frame=01 04 00 00 00 09 30 0C
[2026-04-17 09:26:48] [INFO] [接收-帧] 09:26:48.247 设备ID=12058 module=PERIODIC id=ReadFoupStatus uuid=116 len=23
frame=01 04 12 E8 4C B0 AE 02 F8 A3 F8 67 52 BA 90 1F 09 35 0A 0E 14 16 A9
[2026-04-17 09:26:49] [INFO] [发送] 09:26:49.255 设备ID=12058 module=PERIODIC id=ReadFoupStatus uuid=116 sendCount=1/1 timeout=1000ms crc=30 0C len=8
frame=01 04 00 00 00 09 30 0C
[2026-04-17 09:26:49] [INFO] [接收-帧] 09:26:49.334 设备ID=12058 module=PERIODIC id=ReadFoupStatus uuid=116 len=23
frame=01 04 12 A9 8E 96 62 7B E6 CE 24 1F A4 4D 2F 93 2B 6F 9F 26 6B 49 86
[2026-04-17 09:26:50] [INFO] [发送] 09:26:50.324 设备ID=12058 module=PERIODIC id=ReadFoupStatus uuid=116 sendCount=1/1 timeout=1000ms crc=30 0C len=8
frame=01 04 00 00 00 09 30 0C
[2026-04-17 09:26:50] [INFO] [接收-帧] 09:26:50.452 设备ID=12058 module=PERIODIC id=ReadFoupStatus uuid=116 len=23
frame=01 04 12 12 23 AF 47 E9 48 09 C6 BA 6B 5C 64 62 B8 22 80 84 E3 9B 10
[2026-04-17 09:26:51] [INFO] [发送] 09:26:51.449 设备ID=12058 module=PERIODIC id=ReadFoupStatus uuid=116 sendCount=1/1 timeout=1000ms crc=30 0C len=8
frame=01 04 00 00 00 09 30 0C
[2026-04-17 09:26:51] [INFO] [接收-帧] 09:26:51.518 设备ID=12058 module=PERIODIC id=ReadFoupStatus uuid=116 len=23
frame=01 04 12 60 53 A8 F6 8B 9E 97 A8 C0 71 3C 10 64 2C 85 05 9E A5 A9 54
[2026-04-17 09:26:52] [INFO] [发送] 09:26:52.519 设备ID=12058 module=PERIODIC id=ReadFoupStatus uuid=116 sendCount=1/1 timeout=1000ms crc=30 0C len=8
frame=01 04 00 00 00 09 30 0C
[2026-04-17 09:26:52] [INFO] [接收-帧] 09:26:52.614 设备ID=12058 module=PERIODIC id=ReadFoupStatus uuid=116 len=23
frame=01 04 12 6D 28 E2 EC FE C0 88 18 B7 FD 2E BF 87 26 FB C6 5E D9 0A 43
[2026-04-17 09:26:53] [INFO] [发送] 09:26:53.611 设备ID=12058 module=PERIODIC id=ReadFoupStatus uuid=116 sendCount=1/1 timeout=1000ms crc=30 0C len=8
frame=01 04 00 00 00 09 30 0C
[2026-04-17 09:26:53] [INFO] [接收-帧] 09:26:53.703 设备ID=12058 module=PERIODIC id=ReadFoupStatus uuid=116 len=23
frame=01 04 12 E8 E5 CB BA 87 8F 25 98 64 C4 86 D3 FC 31 A4 8F 23 07 DA 72
[2026-04-17 09:26:54] [INFO] [发送] 09:26:54.704 设备ID=12058 module=PERIODIC id=ReadFoupStatus uuid=116 sendCount=1/1 timeout=1000ms crc=30 0C len=8
frame=01 04 00 00 00 09 30 0C
[2026-04-17 09:26:54] [INFO] [接收-帧] 09:26:54.799 设备ID=12058 module=PERIODIC id=ReadFoupStatus uuid=116 len=23
frame=01 04 12 ED 52 AB 2B 9F D6 C1 20 64 9A 1E 70 35 A9 91 F4 E4 3D 08 2F
[2026-04-17 09:26:55] [INFO] [发送] 09:26:55.794 设备ID=12058 module=PERIODIC id=ReadFoupStatus uuid=116 sendCount=1/1 timeout=1000ms crc=30 0C len=8
frame=01 04 00 00 00 09 30 0C
[2026-04-17 09:26:55] [INFO] [接收-帧] 09:26:55.908 设备ID=12058 module=PERIODIC id=ReadFoupStatus uuid=116 len=23
frame=01 04 12 68 D9 0E 4D 9A 97 7A FF FB 7F CC BF C5 FC 7D FF 5A DD E2 71
[2026-04-17 09:26:56] [INFO] [发送] 09:26:56.899 设备ID=12058 module=PERIODIC id=ReadFoupStatus uuid=116 sendCount=1/1 timeout=1000ms crc=30 0C len=8
frame=01 04 00 00 00 09 30 0C
[2026-04-17 09:26:56] [INFO] [接收-帧] 09:26:56.988 设备ID=12058 module=PERIODIC id=ReadFoupStatus uuid=116 len=23
frame=01 04 12 A4 F9 2D 36 11 35 27 AF 76 52 D1 49 1A 2D 72 83 0C C6 15 67
[2026-04-17 09:26:57] [INFO] [发送] 09:26:57.984 设备ID=12058 module=PERIODIC id=ReadFoupStatus uuid=116 sendCount=1/1 timeout=1000ms crc=30 0C len=8
frame=01 04 00 00 00 09 30 0C
[2026-04-17 09:26:58] [INFO] [接收-帧] 09:26:58.077 设备ID=12058 module=PERIODIC id=ReadFoupStatus uuid=116 len=23
frame=01 04 12 7D DB 69 B1 A0 07 06 2A ED 16 46 40 AF 63 F3 09 DA A3 C1 6D
[2026-04-17 09:26:59] [INFO] [发送] 09:26:59.081 设备ID=12058 module=PERIODIC id=ReadFoupStatus uuid=116 sendCount=1/1 timeout=1000ms crc=30 0C len=8
frame=01 04 00 00 00 09 30 0C
[2026-04-17 09:26:59] [INFO] [接收-帧] 09:26:59.177 设备ID=12058 module=PERIODIC id=ReadFoupStatus uuid=116 len=23
frame=01 04 12 55 FB EB 81 64 B1 0B 58 E0 28 90 27 0F 37 5C 83 93 10 F2 1F
[2026-04-17 09:27:00] [INFO] [发送] 09:27:00.165 设备ID=12058 module=PERIODIC id=ReadFoupStatus uuid=116 sendCount=1/1 timeout=1000ms crc=30 0C len=8
frame=01 04 00 00 00 09 30 0C
[2026-04-17 09:27:00] [INFO] [接收-帧] 09:27:00.264 设备ID=12058 module=PERIODIC id=ReadFoupStatus uuid=116 len=23
frame=01 04 12 88 77 38 63 90 85 D0 29 85 08 11 7B 74 0F C5 48 1E 3E 7E F8
[2026-04-17 09:27:01] [INFO] [发送] 09:27:01.261 设备ID=12058 module=PERIODIC id=ReadFoupStatus uuid=116 sendCount=1/1 timeout=1000ms crc=30 0C len=8
frame=01 04 00 00 00 09 30 0C
[2026-04-17 09:27:01] [INFO] [接收-帧] 09:27:01.359 设备ID=12058 module=PERIODIC id=ReadFoupStatus uuid=116 len=23
frame=01 04 12 D9 75 CF AF E9 DC 74 25 1B BA BF DA 50 8A 66 21 94 AD D3 56
[2026-04-17 09:27:37] [INFO] [发送] 09:27:37.598 设备ID=12058 module=INITIAL id=ReadVersion uuid=115 sendCount=1/4 timeout=1000ms crc=B1 CD len=8
frame=01 04 00 18 00 01 B1 CD
[2026-04-17 09:27:37] [INFO] [接收-帧] 09:27:37.752 设备ID=12058 module=INITIAL id=ReadVersion uuid=115 len=7
frame=01 04 02 00 00 B9 30
[2026-04-17 09:27:37] [INFO] [发送] 09:27:37.752 设备ID=12058 module=PERIODIC id=ReadFoupStatus uuid=116 sendCount=1/1 timeout=1000ms crc=30 0C len=8
frame=01 04 00 00 00 09 30 0C
[2026-04-17 09:27:37] [INFO] [接收-帧] 09:27:37.814 设备ID=12058 module=PERIODIC id=ReadFoupStatus uuid=116 len=23
frame=01 04 12 17 B2 94 61 7C D1 B2 49 34 A9 03 06 46 2A AD AE 37 98 DD 52
[2026-04-17 09:27:38] [INFO] [发送] 09:27:38.813 设备ID=12058 module=PERIODIC id=ReadFoupStatus uuid=116 sendCount=1/1 timeout=1000ms crc=30 0C len=8
frame=01 04 00 00 00 09 30 0C
[2026-04-17 09:27:38] [INFO] [接收-帧] 09:27:38.904 设备ID=12058 module=PERIODIC id=ReadFoupStatus uuid=116 len=23
frame=01 04 12 4F 9A D8 A7 49 E8 89 42 75 03 4C E4 02 B2 0B 29 90 CE 5E C2
[2026-04-17 09:27:39] [INFO] [发送] 09:27:39.913 设备ID=12058 module=PERIODIC id=ReadFoupStatus uuid=116 sendCount=1/1 timeout=1000ms crc=30 0C len=8
frame=01 04 00 00 00 09 30 0C
[2026-04-17 09:27:40] [INFO] [接收-帧] 09:27:40.002 设备ID=12058 module=PERIODIC id=ReadFoupStatus uuid=116 len=23
frame=01 04 12 FE 5B BC 54 BA 6A A7 82 9B 9E 86 68 19 A5 6C EA 06 68 09 68
[2026-04-17 09:27:40] [INFO] [发送] 09:27:40.994 设备ID=12058 module=PERIODIC id=ReadFoupStatus uuid=116 sendCount=1/1 timeout=1000ms crc=30 0C len=8
frame=01 04 00 00 00 09 30 0C
[2026-04-17 09:27:41] [INFO] [接收-帧] 09:27:41.094 设备ID=12058 module=PERIODIC id=ReadFoupStatus uuid=116 len=23
frame=01 04 12 64 AC C8 4D 5B 27 AF D6 79 1A A3 C3 C8 AD BC 6F 28 FF 5E E2
[2026-04-17 09:27:42] [INFO] [发送] 09:27:42.100 设备ID=12058 module=PERIODIC id=ReadFoupStatus uuid=116 sendCount=1/1 timeout=1000ms crc=30 0C len=8
frame=01 04 00 00 00 09 30 0C
[2026-04-17 09:27:42] [INFO] [接收-帧] 09:27:42.191 设备ID=12058 module=PERIODIC id=ReadFoupStatus uuid=116 len=23
frame=01 04 12 FA BA 77 DB 75 F8 17 C8 6F B7 42 69 B3 EF EB C3 94 77 49 33
[2026-04-17 09:27:43] [INFO] [发送] 09:27:43.188 设备ID=12058 module=PERIODIC id=ReadFoupStatus uuid=116 sendCount=1/1 timeout=1000ms crc=30 0C len=8
frame=01 04 00 00 00 09 30 0C
[2026-04-17 09:27:43] [INFO] [接收-帧] 09:27:43.287 设备ID=12058 module=PERIODIC id=ReadFoupStatus uuid=116 len=23
frame=01 04 12 4B 1F A7 1A 39 CD D7 C1 B9 41 25 ED 6F 3C 40 1E CA 7D F2 10
[2026-04-17 09:27:44] [INFO] [发送] 09:27:44.274 设备ID=12058 module=PERIODIC id=ReadFoupStatus uuid=116 sendCount=1/1 timeout=1000ms crc=30 0C len=8
frame=01 04 00 00 00 09 30 0C
[2026-04-17 09:27:44] [INFO] [接收-帧] 09:27:44.378 设备ID=12058 module=PERIODIC id=ReadFoupStatus uuid=116 len=23
frame=01 04 12 C3 6C 1E AD F5 17 75 4A E8 AE F2 47 38 07 28 F5 D1 B4 07 42
[2026-04-17 09:27:45] [INFO] [发送] 09:27:45.372 设备ID=12058 module=PERIODIC id=ReadFoupStatus uuid=116 sendCount=1/1 timeout=1000ms crc=30 0C len=8
frame=01 04 00 00 00 09 30 0C
[2026-04-17 09:27:45] [INFO] [接收-帧] 09:27:45.472 设备ID=12058 module=PERIODIC id=ReadFoupStatus uuid=116 len=23
frame=01 04 12 D4 3C DE BD 56 7D 14 05 DE 76 31 EF AD C1 AB C5 E4 32 B9 27
[2026-04-17 09:27:46] [INFO] [发送] 09:27:46.469 设备ID=12058 module=PERIODIC id=ReadFoupStatus uuid=116 sendCount=1/1 timeout=1000ms crc=30 0C len=8
frame=01 04 00 00 00 09 30 0C
[2026-04-17 09:27:46] [INFO] [接收-帧] 09:27:46.576 设备ID=12058 module=PERIODIC id=ReadFoupStatus uuid=116 len=23
frame=01 04 12 CB CC E7 80 1C 77 A0 F5 5E 85 9D 36 11 2C EF 55 3D DB 6B 33
[2026-04-17 09:27:47] [INFO] [发送] 09:27:47.577 设备ID=12058 module=PERIODIC id=ReadFoupStatus uuid=116 sendCount=1/1 timeout=1000ms crc=30 0C len=8
frame=01 04 00 00 00 09 30 0C
[2026-04-17 09:27:47] [INFO] [接收-帧] 09:27:47.678 设备ID=12058 module=PERIODIC id=ReadFoupStatus uuid=116 len=23
frame=01 04 12 7D 84 AD BC C7 AB D1 67 F9 05 16 E9 5A 90 A7 89 9E 1A AF 57
[2026-04-17 09:27:48] [INFO] [发送] 09:27:48.671 设备ID=12058 module=PERIODIC id=ReadFoupStatus uuid=116 sendCount=1/1 timeout=1000ms crc=30 0C len=8
frame=01 04 00 00 00 09 30 0C
[2026-04-17 09:27:48] [INFO] [接收-帧] 09:27:48.753 设备ID=12058 module=PERIODIC id=ReadFoupStatus uuid=116 len=23
frame=01 04 12 7D 82 BA CD B6 7A 22 13 9D FB 2F B9 3C 92 98 C4 58 DF E0 3B
[2026-04-17 09:27:49] [INFO] [发送] 09:27:49.745 设备ID=12058 module=PERIODIC id=ReadFoupStatus uuid=116 sendCount=1/1 timeout=1000ms crc=30 0C len=8
frame=01 04 00 00 00 09 30 0C
[2026-04-17 09:27:49] [INFO] [接收-帧] 09:27:49.844 设备ID=12058 module=PERIODIC id=ReadFoupStatus uuid=116 len=23
frame=01 04 12 36 68 8E C2 33 86 40 AC 7D 68 5F AE 7C 8B 32 F8 4B F7 58 DA
[2026-04-17 09:27:50] [INFO] [发送] 09:27:50.839 设备ID=12058 module=PERIODIC id=ReadFoupStatus uuid=116 sendCount=1/1 timeout=1000ms crc=30 0C len=8
frame=01 04 00 00 00 09 30 0C
[2026-04-17 09:27:50] [INFO] [接收-帧] 09:27:50.941 设备ID=12058 module=PERIODIC id=ReadFoupStatus uuid=116 len=23
frame=01 04 12 5D 55 AE 58 EE 8B D8 64 D0 32 53 7B F4 ED 7A 8F 26 4D 00 3A
[2026-04-17 09:31:34] [INFO] [发送] 09:31:34.177 设备ID=12058 module=INITIAL id=ReadVersion uuid=115 sendCount=1/4 timeout=1000ms crc=B1 CD len=8
frame=01 04 00 18 00 01 B1 CD
[2026-04-17 09:31:34] [INFO] [接收-帧] 09:31:34.328 设备ID=12058 module=INITIAL id=ReadVersion uuid=115 len=7
frame=01 04 02 00 00 B9 30
[2026-04-17 09:31:34] [INFO] [发送] 09:31:34.328 设备ID=12058 module=PERIODIC id=ReadFoupStatus uuid=116 sendCount=1/1 timeout=1000ms crc=30 0C len=8
frame=01 04 00 00 00 09 30 0C
[2026-04-17 09:31:34] [INFO] [接收-帧] 09:31:34.391 设备ID=12058 module=PERIODIC id=ReadFoupStatus uuid=116 len=23
frame=01 04 12 C8 B5 45 1B 00 63 77 68 53 12 A4 59 ED FE A4 F5 ED EE F7 14
[2026-04-17 09:31:35] [INFO] [发送] 09:31:35.387 设备ID=12058 module=PERIODIC id=ReadFoupStatus uuid=116 sendCount=1/1 timeout=1000ms crc=30 0C len=8
frame=01 04 00 00 00 09 30 0C
[2026-04-17 09:31:35] [INFO] [接收-帧] 09:31:35.484 设备ID=12058 module=PERIODIC id=ReadFoupStatus uuid=116 len=23
frame=01 04 12 45 5E 05 B8 98 75 5F 7A 9B 22 0A 5B 0C E8 8E 38 9C BE AA 12
[2026-04-17 09:31:36] [INFO] [发送] 09:31:36.488 设备ID=12058 module=PERIODIC id=ReadFoupStatus uuid=116 sendCount=1/1 timeout=1000ms crc=30 0C len=8
frame=01 04 00 00 00 09 30 0C
[2026-04-17 09:31:36] [INFO] [接收-帧] 09:31:36.581 设备ID=12058 module=PERIODIC id=ReadFoupStatus uuid=116 len=23
frame=01 04 12 53 1D 32 E3 09 D3 48 72 AB D6 D8 19 38 69 E6 B1 98 73 2B 0A
[2026-04-17 09:31:37] [INFO] [发送] 09:31:37.575 设备ID=12058 module=PERIODIC id=ReadFoupStatus uuid=116 sendCount=1/1 timeout=1000ms crc=30 0C len=8
frame=01 04 00 00 00 09 30 0C
[2026-04-17 09:31:37] [INFO] [接收-帧] 09:31:37.716 设备ID=12058 module=PERIODIC id=ReadFoupStatus uuid=116 len=23
frame=01 04 12 52 A2 47 A5 7C 75 91 76 5F B4 1C 50 10 91 4D 5E A3 07 A9 0E
[2026-04-17 09:31:38] [INFO] [发送] 09:31:38.742 设备ID=12058 module=PERIODIC id=ReadFoupStatus uuid=116 sendCount=1/1 timeout=1000ms crc=30 0C len=8
frame=01 04 00 00 00 09 30 0C
[2026-04-17 09:31:38] [INFO] [接收-帧] 09:31:38.875 设备ID=12058 module=PERIODIC id=ReadFoupStatus uuid=116 len=23
frame=01 04 12 25 1C 04 BD 6F 36 81 B0 39 03 6A 2C 31 A4 FF 23 13 FC 73 82
[2026-04-17 09:31:39] [INFO] [发送] 09:31:39.872 设备ID=12058 module=PERIODIC id=ReadFoupStatus uuid=116 sendCount=1/1 timeout=1000ms crc=30 0C len=8
frame=01 04 00 00 00 09 30 0C
[2026-04-17 09:31:39] [INFO] [接收-帧] 09:31:39.973 设备ID=12058 module=PERIODIC id=ReadFoupStatus uuid=116 len=23
frame=01 04 12 9F 3A C7 CF B2 79 0F A5 2F 91 FC 8E 45 F2 83 68 62 B6 27 1E
[2026-04-17 09:31:40] [INFO] [发送] 09:31:40.981 设备ID=12058 module=PERIODIC id=ReadFoupStatus uuid=116 sendCount=1/1 timeout=1000ms crc=30 0C len=8
frame=01 04 00 00 00 09 30 0C
[2026-04-17 09:31:41] [INFO] [接收-帧] 09:31:41.062 设备ID=12058 module=PERIODIC id=ReadFoupStatus uuid=116 len=23
frame=01 04 12 23 6B 23 5C D0 61 DB 2E A8 7F D0 17 FB BB 67 B1 DD 93 62 02
[2026-04-17 09:31:42] [INFO] [发送] 09:31:42.067 设备ID=12058 module=PERIODIC id=ReadFoupStatus uuid=116 sendCount=1/1 timeout=1000ms crc=30 0C len=8
frame=01 04 00 00 00 09 30 0C
[2026-04-17 09:31:42] [INFO] [接收-帧] 09:31:42.157 设备ID=12058 module=PERIODIC id=ReadFoupStatus uuid=116 len=23
frame=01 04 12 1A 5B 5F A0 FA 4A BC 1F 09 62 66 BF 49 95 CB 1B 90 48 51 A6
[2026-04-17 09:31:43] [INFO] [发送] 09:31:43.152 设备ID=12058 module=PERIODIC id=ReadFoupStatus uuid=116 sendCount=1/1 timeout=1000ms crc=30 0C len=8
frame=01 04 00 00 00 09 30 0C
[2026-04-17 09:31:43] [INFO] [接收-帧] 09:31:43.250 设备ID=12058 module=PERIODIC id=ReadFoupStatus uuid=116 len=23
frame=01 04 12 D3 16 A5 1B 29 D3 9D A2 38 2B EF B7 73 4E C2 62 B3 42 5C 12
[2026-04-17 09:31:44] [INFO] [发送] 09:31:44.247 设备ID=12058 module=PERIODIC id=ReadFoupStatus uuid=116 sendCount=1/1 timeout=1000ms crc=30 0C len=8
frame=01 04 00 00 00 09 30 0C
[2026-04-17 09:31:44] [INFO] [接收-帧] 09:31:44.345 设备ID=12058 module=PERIODIC id=ReadFoupStatus uuid=116 len=23
frame=01 04 12 6A AC 21 1E 61 D7 AE 19 4B F0 5B 08 62 3E EB 56 FA 7E 49 24
[2026-04-17 09:31:45] [INFO] [发送] 09:31:45.338 设备ID=12058 module=PERIODIC id=ReadFoupStatus uuid=116 sendCount=1/1 timeout=1000ms crc=30 0C len=8
frame=01 04 00 00 00 09 30 0C
[2026-04-17 09:31:45] [INFO] [接收-帧] 09:31:45.443 设备ID=12058 module=PERIODIC id=ReadFoupStatus uuid=116 len=23
frame=01 04 12 AE 8A C9 98 19 1D 6E 0A 5E 54 D3 1A EC 60 1B A4 62 B9 50 DF
[2026-04-17 09:31:46] [INFO] [发送] 09:31:46.436 设备ID=12058 module=PERIODIC id=ReadFoupStatus uuid=116 sendCount=1/1 timeout=1000ms crc=30 0C len=8
frame=01 04 00 00 00 09 30 0C
[2026-04-17 09:31:46] [INFO] [接收-帧] 09:31:46.535 设备ID=12058 module=PERIODIC id=ReadFoupStatus uuid=116 len=23
frame=01 04 12 13 93 90 B7 CF 84 7D A3 94 B4 C8 D6 D6 28 54 53 FE 08 03 F0
[2026-04-17 09:31:47] [INFO] [发送] 09:31:47.530 设备ID=12058 module=PERIODIC id=ReadFoupStatus uuid=116 sendCount=1/1 timeout=1000ms crc=30 0C len=8
frame=01 04 00 00 00 09 30 0C
[2026-04-17 09:31:47] [INFO] [接收-帧] 09:31:47.632 设备ID=12058 module=PERIODIC id=ReadFoupStatus uuid=116 len=23
frame=01 04 12 96 58 C4 6B 1A 9A CA 6C 43 C2 65 E8 B7 3F 1F 65 D1 D3 40 54
[2026-04-17 09:31:48] [INFO] [发送] 09:31:48.619 设备ID=12058 module=PERIODIC id=ReadFoupStatus uuid=116 sendCount=1/1 timeout=1000ms crc=30 0C len=8
frame=01 04 00 00 00 09 30 0C
[2026-04-17 09:31:48] [INFO] [接收-帧] 09:31:48.723 设备ID=12058 module=PERIODIC id=ReadFoupStatus uuid=116 len=23
frame=01 04 12 A3 76 DA 33 36 85 2D 08 CA B0 83 CE 5F A5 C6 7A 68 40 7C 4C
[2026-04-17 09:31:49] [INFO] [发送] 09:31:49.713 设备ID=12058 module=PERIODIC id=ReadFoupStatus uuid=116 sendCount=1/1 timeout=1000ms crc=30 0C len=8
frame=01 04 00 00 00 09 30 0C
[2026-04-17 09:31:49] [INFO] [接收-帧] 09:31:49.812 设备ID=12058 module=PERIODIC id=ReadFoupStatus uuid=116 len=23
frame=01 04 12 E1 04 62 E9 66 73 76 B6 AF 0C A4 F7 0C E3 6A DA 79 E9 CB 80
[2026-04-17 09:31:50] [INFO] [发送] 09:31:50.809 设备ID=12058 module=PERIODIC id=ReadFoupStatus uuid=116 sendCount=1/1 timeout=1000ms crc=30 0C len=8
frame=01 04 00 00 00 09 30 0C
[2026-04-17 09:31:50] [INFO] [接收-帧] 09:31:50.912 设备ID=12058 module=PERIODIC id=ReadFoupStatus uuid=116 len=23
frame=01 04 12 07 E9 50 D2 30 32 F0 BB 65 24 2D 95 79 51 3E 10 8E AC 60 52
[2026-04-17 09:31:51] [INFO] [发送] 09:31:51.905 设备ID=12058 module=PERIODIC id=ReadFoupStatus uuid=116 sendCount=1/1 timeout=1000ms crc=30 0C len=8
frame=01 04 00 00 00 09 30 0C
[2026-04-17 09:31:52] [INFO] [接收-帧] 09:31:52.003 设备ID=12058 module=PERIODIC id=ReadFoupStatus uuid=116 len=23
frame=01 04 12 1E 13 D5 58 40 38 F2 A6 BD 6D BA CB C8 41 F6 4F 88 B3 3D BA
[2026-04-17 09:31:52] [INFO] [发送] 09:31:52.998 设备ID=12058 module=PERIODIC id=ReadFoupStatus uuid=116 sendCount=1/1 timeout=1000ms crc=30 0C len=8
frame=01 04 00 00 00 09 30 0C
[2026-04-17 09:31:53] [INFO] [接收-帧] 09:31:53.098 设备ID=12058 module=PERIODIC id=ReadFoupStatus uuid=116 len=23
frame=01 04 12 BA B0 CA 30 86 3C 93 FB 5E CC 00 20 14 7D E3 A1 05 D1 6B D3
[2026-04-17 09:31:54] [INFO] [发送] 09:31:54.087 设备ID=12058 module=PERIODIC id=ReadFoupStatus uuid=116 sendCount=1/1 timeout=1000ms crc=30 0C len=8
frame=01 04 00 00 00 09 30 0C
[2026-04-17 09:31:54] [INFO] [接收-帧] 09:31:54.188 设备ID=12058 module=PERIODIC id=ReadFoupStatus uuid=116 len=23
frame=01 04 12 2B 5C 56 62 8D 90 65 BD B3 3F E0 CD 0A DE 9A 5B 57 60 0E 85
[2026-04-17 09:31:55] [INFO] [发送] 09:31:55.185 设备ID=12058 module=PERIODIC id=ReadFoupStatus uuid=116 sendCount=1/1 timeout=1000ms crc=30 0C len=8
frame=01 04 00 00 00 09 30 0C
[2026-04-17 09:31:55] [INFO] [接收-帧] 09:31:55.280 设备ID=12058 module=PERIODIC id=ReadFoupStatus uuid=116 len=23
frame=01 04 12 51 92 19 20 F9 F1 3D 40 E4 DC E0 B9 45 A1 C5 E9 89 A5 30 96
[2026-04-17 09:31:56] [INFO] [发送] 09:31:56.281 设备ID=12058 module=PERIODIC id=ReadFoupStatus uuid=116 sendCount=1/1 timeout=1000ms crc=30 0C len=8
frame=01 04 00 00 00 09 30 0C
[2026-04-17 09:31:56] [INFO] [接收-帧] 09:31:56.376 设备ID=12058 module=PERIODIC id=ReadFoupStatus uuid=116 len=23
frame=01 04 12 E7 A8 F1 C7 D7 23 7B 9D 27 0A 1A 12 A0 DB C7 EA 5D D5 17 F0
[2026-04-17 09:31:57] [INFO] [发送] 09:31:57.377 设备ID=12058 module=PERIODIC id=ReadFoupStatus uuid=116 sendCount=1/1 timeout=1000ms crc=30 0C len=8
frame=01 04 00 00 00 09 30 0C
[2026-04-17 09:31:57] [INFO] [接收-帧] 09:31:57.476 设备ID=12058 module=PERIODIC id=ReadFoupStatus uuid=116 len=23
frame=01 04 12 F9 A0 BB 61 C0 04 01 BE 56 50 BF 39 51 20 20 66 FE 86 46 8D
[2026-04-17 09:31:58] [INFO] [发送] 09:31:58.462 设备ID=12058 module=PERIODIC id=ReadFoupStatus uuid=116 sendCount=1/1 timeout=1000ms crc=30 0C len=8
frame=01 04 00 00 00 09 30 0C
[2026-04-17 09:31:58] [INFO] [接收-帧] 09:31:58.564 设备ID=12058 module=PERIODIC id=ReadFoupStatus uuid=116 len=23
frame=01 04 12 9A 83 C5 E5 97 A3 22 2C F9 AC 79 CE 7D EC 95 41 63 E4 CF BF
[2026-04-17 09:31:59] [INFO] [发送] 09:31:59.562 设备ID=12058 module=PERIODIC id=ReadFoupStatus uuid=116 sendCount=1/1 timeout=1000ms crc=30 0C len=8
frame=01 04 00 00 00 09 30 0C
[2026-04-17 09:31:59] [INFO] [接收-帧] 09:31:59.656 设备ID=12058 module=PERIODIC id=ReadFoupStatus uuid=116 len=23
frame=01 04 12 CA E5 E3 F8 18 54 65 8A 42 FD D8 8B CA 9E DE 5B F2 4F 1E 74
[2026-04-17 09:32:00] [INFO] [发送] 09:32:00.656 设备ID=12058 module=PERIODIC id=ReadFoupStatus uuid=116 sendCount=1/1 timeout=1000ms crc=30 0C len=8
frame=01 04 00 00 00 09 30 0C
[2026-04-17 09:32:00] [INFO] [接收-帧] 09:32:00.752 设备ID=12058 module=PERIODIC id=ReadFoupStatus uuid=116 len=23
frame=01 04 12 E7 80 B1 E2 78 9B 9E 1D ED 91 C8 FB 87 EB F3 CD 0F 73 3F 66
[2026-04-17 09:32:01] [INFO] [发送] 09:32:01.748 设备ID=12058 module=PERIODIC id=ReadFoupStatus uuid=116 sendCount=1/1 timeout=1000ms crc=30 0C len=8
frame=01 04 00 00 00 09 30 0C
[2026-04-17 09:32:01] [INFO] [接收-帧] 09:32:01.842 设备ID=12058 module=PERIODIC id=ReadFoupStatus uuid=116 len=23
frame=01 04 12 3C FF 81 BC 9F 71 9C 97 F2 6D 93 9E 62 02 2D 11 00 6A 3A CE
[2026-04-17 09:32:02] [INFO] [发送] 09:32:02.838 设备ID=12058 module=PERIODIC id=ReadFoupStatus uuid=116 sendCount=1/1 timeout=1000ms crc=30 0C len=8
frame=01 04 00 00 00 09 30 0C
[2026-04-17 09:32:02] [INFO] [接收-帧] 09:32:02.939 设备ID=12058 module=PERIODIC id=ReadFoupStatus uuid=116 len=23
frame=01 04 12 02 8E AE DA 7C C0 4E F2 20 5C C3 CD 70 24 BD F1 2C D8 33 7D
[2026-04-17 09:32:03] [INFO] [发送] 09:32:03.932 设备ID=12058 module=PERIODIC id=ReadFoupStatus uuid=116 sendCount=1/1 timeout=1000ms crc=30 0C len=8
frame=01 04 00 00 00 09 30 0C
[2026-04-17 09:32:04] [INFO] [接收-帧] 09:32:04.037 设备ID=12058 module=PERIODIC id=ReadFoupStatus uuid=116 len=23
frame=01 04 12 1C DC C5 C8 30 D2 07 E6 04 75 D8 D9 5B 1E 48 FE 4A E8 4C 48
