[2026-04-20 08:44:33] [INFO] [data][ModbusTcpMaster][enterState]：设备ID=12002 状态切换: 空闲 -> 连接中
[2026-04-20 08:44:33] [INFO] [data][ModbusConnecter][setStatus]：设备ID=12002 状态转变：已断开 -> 连接中
[2026-04-20 08:44:33] [INFO] [data][ModbusConnecter][performConnection]：设备ID=12002 正在尝试连接服务器 169.254.173.102:8899
[2026-04-20 08:44:34] [WARN] [data][ModbusConnecter][performConnection]：设备ID=12002 TCP 连接失败 - error=主机不能访问
[2026-04-20 08:44:34] [INFO] [data][ModbusConnecter][setStatus]：设备ID=12002 状态转变：连接中 -> 错误
[2026-04-20 08:44:34] [INFO] [data][ModbusTcpMaster][enterState]：设备ID=12002 状态切换: 连接中 -> 错误状态
[2026-04-20 08:44:34] [INFO] [data][ModbusConnecter][startAutoReconnect]：设备ID=12002 开始自动重连
[2026-04-20 08:44:37] [INFO] [data][ModbusConnecter][onReconnectTimer]：设备ID=12002 第 1 次重连尝试
[2026-04-20 08:44:37] [INFO] [data][ModbusConnecter][performConnection]：设备ID=12002 正在尝试连接服务器 169.254.173.102:8899
[2026-04-20 08:44:37] [WARN] [data][ModbusConnecter][performConnection]：设备ID=12002 TCP 连接失败 - error=主机不能访问
[2026-04-20 08:44:40] [INFO] [data][ModbusConnecter][onReconnectTimer]：设备ID=12002 第 2 次重连尝试
[2026-04-20 08:44:40] [INFO] [data][ModbusConnecter][performConnection]：设备ID=12002 正在尝试连接服务器 169.254.173.102:8899
[2026-04-20 08:44:40] [WARN] [data][ModbusConnecter][performConnection]：设备ID=12002 TCP 连接失败 - error=主机不能访问
[2026-04-20 08:44:43] [INFO] [data][ModbusConnecter][onReconnectTimer]：设备ID=12002 第 3 次重连尝试
[2026-04-20 08:44:43] [INFO] [data][ModbusConnecter][performConnection]：设备ID=12002 正在尝试连接服务器 169.254.173.102:8899
[2026-04-20 08:44:43] [WARN] [data][ModbusConnecter][performConnection]：设备ID=12002 TCP 连接失败 - error=主机不能访问
[2026-04-20 08:45:45] [INFO] [data][ModbusTcpMaster][enterState]：设备ID=12002 状态切换: 空闲 -> 连接中
[2026-04-20 08:45:45] [INFO] [data][ModbusConnecter][setStatus]：设备ID=12002 状态转变：已断开 -> 连接中
[2026-04-20 08:45:45] [INFO] [data][ModbusConnecter][performConnection]：设备ID=12002 正在尝试连接服务器 169.254.173.102:8899
[2026-04-20 08:45:45] [INFO] [data][ModbusTcpMaster][enterState]：设备ID=12002 状态切换: 连接中 -> 指令发送器已启动
[2026-04-20 08:45:45] [INFO] [data][ModbusTcpMaster][startSender]：设备ID=12002 指令发送器已启动，立即进入初始化阶段
[2026-04-20 08:45:45] [INFO] [data][ModbusTcpMaster][enterState]：设备ID=12002 状态切换: 指令发送器已启动 -> 初始指令下发中
[2026-04-20 08:45:45] [INFO] [data][ModbusTcpMaster][enterState]：设备ID=12002 状态切换: 初始指令下发中 -> 启动定时发送器中
[2026-04-20 08:45:45] [INFO] [data][ModbusTcpMaster][startPeriodicSender]：设备ID=12002 定时发送器已启动，进入正常运行状态
[2026-04-20 08:45:45] [INFO] [data][ModbusTcpMaster][enterState]：设备ID=12002 状态切换: 启动定时发送器中 -> 正常运行
[2026-04-20 08:45:45] [INFO] [data][ModbusConnecter][setStatus]：设备ID=12002 状态转变：连接中 -> 已连接
[2026-04-20 08:58:06] [INFO] [data][ModbusTcpMaster][enterState]：设备ID=12002 状态切换: 空闲 -> 连接中
[2026-04-20 08:58:06] [INFO] [data][ModbusConnecter][setStatus]：设备ID=12002 状态转变：已断开 -> 连接中
[2026-04-20 08:58:06] [INFO] [data][ModbusConnecter][performConnection]：设备ID=12002 正在尝试连接服务器 169.254.173.102:8899
[2026-04-20 08:58:06] [INFO] [data][ModbusTcpMaster][enterState]：设备ID=12002 状态切换: 连接中 -> 指令发送器已启动
[2026-04-20 08:58:06] [INFO] [data][ModbusTcpMaster][startSender]：设备ID=12002 指令发送器已启动，立即进入初始化阶段
[2026-04-20 08:58:06] [INFO] [data][ModbusTcpMaster][enterState]：设备ID=12002 状态切换: 指令发送器已启动 -> 初始指令下发中
[2026-04-20 08:58:06] [INFO] [data][ModbusTcpMaster][enterState]：设备ID=12002 状态切换: 初始指令下发中 -> 启动定时发送器中
[2026-04-20 08:58:06] [INFO] [data][ModbusTcpMaster][startPeriodicSender]：设备ID=12002 定时发送器已启动，进入正常运行状态
[2026-04-20 08:58:06] [INFO] [data][ModbusTcpMaster][enterState]：设备ID=12002 状态切换: 启动定时发送器中 -> 正常运行
[2026-04-20 08:58:06] [INFO] [data][ModbusConnecter][setStatus]：设备ID=12002 状态转变：连接中 -> 已连接
[2026-04-20 09:00:25] [INFO] [data][ModbusConnecter][startConnectionCheck]：设备ID=12002 启动连接心跳检查
[2026-04-20 09:00:25] [INFO] [data][FirmwareUpgrader][emitState]：[固件升级] 准备阶段开始，文件: C:/Users/Lenovo/Desktop/OHB/OHB_V_1_0_APP.bin
[2026-04-20 09:00:25] [INFO] [data][FirmwareUpgrader][start]：设备ID=12002 目标版本号: 1.0
[2026-04-20 09:00:25] [INFO] [data][FirmwareUpgrader][start]：设备ID=12002 使用预设的 BinFileReader（已读取完成）
[2026-04-20 09:00:25] [INFO] [data][FirmwareUpgrader][start]：设备ID=12002 文件大小: 31884 字节，分包数: 125，CRC: B8 32
[2026-04-20 09:00:25] [INFO] [InitialCommandIssuer]：设备ID=12002 [CyclicCommandIssuer] 已停止
[2026-04-20 09:00:25] [INFO] [PeriodicCommandSender]：设备ID=12002 [CyclicCommandIssuer] 已停止
[2026-04-20 09:00:25] [INFO] [data][FirmwareUpgrader][emitState]：[固件升级] 发送准备升级指令: 01 06 00 AA 00 00 A9 EA
[2026-04-20 09:00:25] [INFO] [data][FirmwareUpgrader][onSocketReadyRead]：设备ID=12002 readyRead: state=1, incoming=8, bufTotal=8
[2026-04-20 09:00:25] [INFO] [data][FirmwareUpgrader][emitState]：[固件升级] 准备升级响应成功: 01 06 00 AA 00 00 A9 EA
[2026-04-20 09:00:25] [INFO] [data][FirmwareUpgrader][emitState]：[固件升级] 等待设备准备就绪 1000 ms
[2026-04-20 09:00:26] [INFO] [data][FirmwareUpgrader][emitState]：[固件升级] 设备等待完毕（1000 ms），开始数据传输
[2026-04-20 09:00:26] [INFO] [data][FirmwareUpgrader][emitState]：[固件升级] 发送第一帧（256 字节，数据区 248 字节）
[2026-04-20 09:00:26] [INFO] [data][FirmwareUpgrader][emitState]：[固件升级] 发送数据帧 2/125（256 字节）
[2026-04-20 09:00:27] [INFO] [data][FirmwareUpgrader][emitState]：[固件升级] 发送数据帧 3/125（256 字节）
[2026-04-20 09:00:27] [INFO] [data][FirmwareUpgrader][emitState]：[固件升级] 发送数据帧 4/125（256 字节）
[2026-04-20 09:00:27] [INFO] [data][FirmwareUpgrader][emitState]：[固件升级] 发送数据帧 5/125（256 字节）
[2026-04-20 09:00:27] [INFO] [data][FirmwareUpgrader][emitState]：[固件升级] 发送数据帧 6/125（256 字节）
[2026-04-20 09:00:27] [INFO] [data][FirmwareUpgrader][emitState]：[固件升级] 发送数据帧 7/125（256 字节）
[2026-04-20 09:00:27] [INFO] [data][FirmwareUpgrader][emitState]：[固件升级] 发送数据帧 8/125（256 字节）
[2026-04-20 09:00:28] [INFO] [data][FirmwareUpgrader][emitState]：[固件升级] 发送数据帧 9/125（256 字节）
[2026-04-20 09:00:28] [INFO] [data][FirmwareUpgrader][emitState]：[固件升级] 发送数据帧 10/125（256 字节）
[2026-04-20 09:00:28] [INFO] [data][FirmwareUpgrader][emitState]：[固件升级] 发送数据帧 11/125（256 字节）
[2026-04-20 09:00:28] [INFO] [data][FirmwareUpgrader][emitState]：[固件升级] 发送数据帧 12/125（256 字节）
[2026-04-20 09:00:28] [INFO] [data][FirmwareUpgrader][emitState]：[固件升级] 发送数据帧 13/125（256 字节）
[2026-04-20 09:00:28] [INFO] [data][FirmwareUpgrader][emitState]：[固件升级] 发送数据帧 14/125（256 字节）
[2026-04-20 09:00:29] [INFO] [data][FirmwareUpgrader][emitState]：[固件升级] 发送数据帧 15/125（256 字节）
[2026-04-20 09:00:29] [INFO] [data][FirmwareUpgrader][emitState]：[固件升级] 发送数据帧 16/125（256 字节）
[2026-04-20 09:00:29] [INFO] [data][FirmwareUpgrader][emitState]：[固件升级] 发送数据帧 17/125（256 字节）
[2026-04-20 09:00:29] [INFO] [data][FirmwareUpgrader][emitState]：[固件升级] 发送数据帧 18/125（256 字节）
[2026-04-20 09:00:29] [INFO] [data][FirmwareUpgrader][emitState]：[固件升级] 发送数据帧 19/125（256 字节）
[2026-04-20 09:00:29] [INFO] [data][FirmwareUpgrader][emitState]：[固件升级] 发送数据帧 20/125（256 字节）
[2026-04-20 09:00:30] [INFO] [data][FirmwareUpgrader][emitState]：[固件升级] 发送数据帧 21/125（256 字节）
[2026-04-20 09:00:30] [INFO] [data][FirmwareUpgrader][emitState]：[固件升级] 发送数据帧 22/125（256 字节）
[2026-04-20 09:00:30] [INFO] [data][FirmwareUpgrader][emitState]：[固件升级] 发送数据帧 23/125（256 字节）
[2026-04-20 09:00:30] [INFO] [data][FirmwareUpgrader][emitState]：[固件升级] 发送数据帧 24/125（256 字节）
[2026-04-20 09:00:30] [INFO] [data][FirmwareUpgrader][emitState]：[固件升级] 发送数据帧 25/125（256 字节）
[2026-04-20 09:00:30] [INFO] [data][FirmwareUpgrader][emitState]：[固件升级] 发送数据帧 26/125（256 字节）
[2026-04-20 09:00:31] [INFO] [data][FirmwareUpgrader][emitState]：[固件升级] 发送数据帧 27/125（256 字节）
[2026-04-20 09:00:31] [INFO] [data][FirmwareUpgrader][emitState]：[固件升级] 发送数据帧 28/125（256 字节）
[2026-04-20 09:00:31] [INFO] [data][FirmwareUpgrader][emitState]：[固件升级] 发送数据帧 29/125（256 字节）
[2026-04-20 09:00:31] [INFO] [data][FirmwareUpgrader][emitState]：[固件升级] 发送数据帧 30/125（256 字节）
[2026-04-20 09:00:31] [INFO] [data][FirmwareUpgrader][emitState]：[固件升级] 发送数据帧 31/125（256 字节）
[2026-04-20 09:00:32] [INFO] [data][FirmwareUpgrader][emitState]：[固件升级] 发送数据帧 32/125（256 字节）
[2026-04-20 09:00:32] [INFO] [data][FirmwareUpgrader][emitState]：[固件升级] 发送数据帧 33/125（256 字节）
[2026-04-20 09:00:32] [INFO] [data][FirmwareUpgrader][emitState]：[固件升级] 发送数据帧 34/125（256 字节）
[2026-04-20 09:00:32] [INFO] [data][FirmwareUpgrader][emitState]：[固件升级] 发送数据帧 35/125（256 字节）
[2026-04-20 09:00:32] [INFO] [data][FirmwareUpgrader][emitState]：[固件升级] 发送数据帧 36/125（256 字节）
[2026-04-20 09:00:32] [INFO] [data][FirmwareUpgrader][emitState]：[固件升级] 发送数据帧 37/125（256 字节）
[2026-04-20 09:00:33] [INFO] [data][FirmwareUpgrader][emitState]：[固件升级] 发送数据帧 38/125（256 字节）
[2026-04-20 09:00:33] [INFO] [data][FirmwareUpgrader][emitState]：[固件升级] 发送数据帧 39/125（256 字节）
[2026-04-20 09:00:33] [INFO] [data][FirmwareUpgrader][emitState]：[固件升级] 发送数据帧 40/125（256 字节）
[2026-04-20 09:00:33] [INFO] [data][FirmwareUpgrader][emitState]：[固件升级] 发送数据帧 41/125（256 字节）
[2026-04-20 09:00:33] [INFO] [data][FirmwareUpgrader][emitState]：[固件升级] 发送数据帧 42/125（256 字节）
[2026-04-20 09:00:33] [INFO] [data][FirmwareUpgrader][emitState]：[固件升级] 发送数据帧 43/125（256 字节）
[2026-04-20 09:00:34] [INFO] [data][FirmwareUpgrader][emitState]：[固件升级] 发送数据帧 44/125（256 字节）
[2026-04-20 09:00:34] [INFO] [data][FirmwareUpgrader][emitState]：[固件升级] 发送数据帧 45/125（256 字节）
[2026-04-20 09:00:34] [INFO] [data][FirmwareUpgrader][emitState]：[固件升级] 发送数据帧 46/125（256 字节）
[2026-04-20 09:00:34] [INFO] [data][FirmwareUpgrader][emitState]：[固件升级] 发送数据帧 47/125（256 字节）
[2026-04-20 09:00:34] [INFO] [data][FirmwareUpgrader][emitState]：[固件升级] 发送数据帧 48/125（256 字节）
[2026-04-20 09:00:34] [INFO] [data][FirmwareUpgrader][emitState]：[固件升级] 发送数据帧 49/125（256 字节）
[2026-04-20 09:00:35] [INFO] [data][FirmwareUpgrader][emitState]：[固件升级] 发送数据帧 50/125（256 字节）
[2026-04-20 09:00:35] [INFO] [data][FirmwareUpgrader][emitState]：[固件升级] 发送数据帧 51/125（256 字节）
[2026-04-20 09:00:35] [INFO] [data][FirmwareUpgrader][emitState]：[固件升级] 发送数据帧 52/125（256 字节）
[2026-04-20 09:00:35] [INFO] [data][FirmwareUpgrader][emitState]：[固件升级] 发送数据帧 53/125（256 字节）
[2026-04-20 09:00:35] [INFO] [data][FirmwareUpgrader][emitState]：[固件升级] 发送数据帧 54/125（256 字节）
[2026-04-20 09:00:35] [INFO] [data][FirmwareUpgrader][emitState]：[固件升级] 发送数据帧 55/125（256 字节）
[2026-04-20 09:00:36] [INFO] [data][FirmwareUpgrader][emitState]：[固件升级] 发送数据帧 56/125（256 字节）
[2026-04-20 09:00:36] [INFO] [data][FirmwareUpgrader][emitState]：[固件升级] 发送数据帧 57/125（256 字节）
[2026-04-20 09:00:36] [INFO] [data][FirmwareUpgrader][emitState]：[固件升级] 发送数据帧 58/125（256 字节）
[2026-04-20 09:00:36] [INFO] [data][FirmwareUpgrader][emitState]：[固件升级] 发送数据帧 59/125（256 字节）
[2026-04-20 09:00:36] [INFO] [data][FirmwareUpgrader][emitState]：[固件升级] 发送数据帧 60/125（256 字节）
[2026-04-20 09:00:36] [INFO] [data][FirmwareUpgrader][emitState]：[固件升级] 发送数据帧 61/125（256 字节）
[2026-04-20 09:00:37] [INFO] [data][FirmwareUpgrader][emitState]：[固件升级] 发送数据帧 62/125（256 字节）
[2026-04-20 09:00:37] [INFO] [data][FirmwareUpgrader][emitState]：[固件升级] 发送数据帧 63/125（256 字节）
[2026-04-20 09:00:37] [INFO] [data][FirmwareUpgrader][emitState]：[固件升级] 发送数据帧 64/125（256 字节）
[2026-04-20 09:00:37] [INFO] [data][FirmwareUpgrader][emitState]：[固件升级] 发送数据帧 65/125（256 字节）
[2026-04-20 09:00:37] [INFO] [data][FirmwareUpgrader][emitState]：[固件升级] 发送数据帧 66/125（256 字节）
[2026-04-20 09:00:38] [INFO] [data][FirmwareUpgrader][emitState]：[固件升级] 发送数据帧 67/125（256 字节）
[2026-04-20 09:00:38] [INFO] [data][FirmwareUpgrader][emitState]：[固件升级] 发送数据帧 68/125（256 字节）
[2026-04-20 09:00:38] [INFO] [data][FirmwareUpgrader][emitState]：[固件升级] 发送数据帧 69/125（256 字节）
[2026-04-20 09:00:38] [INFO] [data][FirmwareUpgrader][emitState]：[固件升级] 发送数据帧 70/125（256 字节）
[2026-04-20 09:00:38] [INFO] [data][FirmwareUpgrader][emitState]：[固件升级] 发送数据帧 71/125（256 字节）
[2026-04-20 09:00:38] [INFO] [data][FirmwareUpgrader][emitState]：[固件升级] 发送数据帧 72/125（256 字节）
[2026-04-20 09:00:39] [INFO] [data][FirmwareUpgrader][emitState]：[固件升级] 发送数据帧 73/125（256 字节）
[2026-04-20 09:00:39] [INFO] [data][FirmwareUpgrader][emitState]：[固件升级] 发送数据帧 74/125（256 字节）
[2026-04-20 09:00:39] [INFO] [data][FirmwareUpgrader][emitState]：[固件升级] 发送数据帧 75/125（256 字节）
[2026-04-20 09:00:39] [INFO] [data][FirmwareUpgrader][emitState]：[固件升级] 发送数据帧 76/125（256 字节）
[2026-04-20 09:00:39] [INFO] [data][FirmwareUpgrader][emitState]：[固件升级] 发送数据帧 77/125（256 字节）
[2026-04-20 09:00:39] [INFO] [data][FirmwareUpgrader][emitState]：[固件升级] 发送数据帧 78/125（256 字节）
[2026-04-20 09:00:40] [INFO] [data][FirmwareUpgrader][emitState]：[固件升级] 发送数据帧 79/125（256 字节）
[2026-04-20 09:00:40] [INFO] [data][FirmwareUpgrader][emitState]：[固件升级] 发送数据帧 80/125（256 字节）
[2026-04-20 09:00:40] [INFO] [data][FirmwareUpgrader][emitState]：[固件升级] 发送数据帧 81/125（256 字节）
[2026-04-20 09:00:40] [INFO] [data][FirmwareUpgrader][emitState]：[固件升级] 发送数据帧 82/125（256 字节）
[2026-04-20 09:00:40] [INFO] [data][FirmwareUpgrader][emitState]：[固件升级] 发送数据帧 83/125（256 字节）
[2026-04-20 09:00:40] [INFO] [data][FirmwareUpgrader][emitState]：[固件升级] 发送数据帧 84/125（256 字节）
[2026-04-20 09:00:41] [INFO] [data][FirmwareUpgrader][emitState]：[固件升级] 发送数据帧 85/125（256 字节）
[2026-04-20 09:00:41] [INFO] [data][FirmwareUpgrader][emitState]：[固件升级] 发送数据帧 86/125（256 字节）
[2026-04-20 09:00:41] [INFO] [data][FirmwareUpgrader][emitState]：[固件升级] 发送数据帧 87/125（256 字节）
[2026-04-20 09:00:41] [INFO] [data][FirmwareUpgrader][emitState]：[固件升级] 发送数据帧 88/125（256 字节）
[2026-04-20 09:00:41] [INFO] [data][FirmwareUpgrader][emitState]：[固件升级] 发送数据帧 89/125（256 字节）
[2026-04-20 09:00:41] [INFO] [data][FirmwareUpgrader][emitState]：[固件升级] 发送数据帧 90/125（256 字节）
[2026-04-20 09:00:42] [INFO] [data][FirmwareUpgrader][emitState]：[固件升级] 发送数据帧 91/125（256 字节）
[2026-04-20 09:00:42] [INFO] [data][FirmwareUpgrader][emitState]：[固件升级] 发送数据帧 92/125（256 字节）
[2026-04-20 09:00:42] [INFO] [data][FirmwareUpgrader][emitState]：[固件升级] 发送数据帧 93/125（256 字节）
[2026-04-20 09:00:42] [INFO] [data][FirmwareUpgrader][emitState]：[固件升级] 发送数据帧 94/125（256 字节）
[2026-04-20 09:00:42] [INFO] [data][FirmwareUpgrader][emitState]：[固件升级] 发送数据帧 95/125（256 字节）
[2026-04-20 09:00:43] [INFO] [data][FirmwareUpgrader][emitState]：[固件升级] 发送数据帧 96/125（256 字节）
[2026-04-20 09:00:43] [INFO] [data][FirmwareUpgrader][emitState]：[固件升级] 发送数据帧 97/125（256 字节）
[2026-04-20 09:00:43] [INFO] [data][FirmwareUpgrader][emitState]：[固件升级] 发送数据帧 98/125（256 字节）
[2026-04-20 09:00:43] [INFO] [data][FirmwareUpgrader][emitState]：[固件升级] 发送数据帧 99/125（256 字节）
[2026-04-20 09:00:43] [INFO] [data][FirmwareUpgrader][emitState]：[固件升级] 发送数据帧 100/125（256 字节）
[2026-04-20 09:00:43] [INFO] [data][FirmwareUpgrader][emitState]：[固件升级] 发送数据帧 101/125（256 字节）
[2026-04-20 09:00:44] [INFO] [data][FirmwareUpgrader][emitState]：[固件升级] 发送数据帧 102/125（256 字节）
[2026-04-20 09:00:44] [INFO] [data][FirmwareUpgrader][emitState]：[固件升级] 发送数据帧 103/125（256 字节）
[2026-04-20 09:00:44] [INFO] [data][FirmwareUpgrader][emitState]：[固件升级] 发送数据帧 104/125（256 字节）
[2026-04-20 09:00:44] [INFO] [data][FirmwareUpgrader][emitState]：[固件升级] 发送数据帧 105/125（256 字节）
[2026-04-20 09:00:44] [INFO] [data][FirmwareUpgrader][emitState]：[固件升级] 发送数据帧 106/125（256 字节）
[2026-04-20 09:00:44] [INFO] [data][FirmwareUpgrader][emitState]：[固件升级] 发送数据帧 107/125（256 字节）
[2026-04-20 09:00:45] [INFO] [data][FirmwareUpgrader][emitState]：[固件升级] 发送数据帧 108/125（256 字节）
[2026-04-20 09:00:45] [INFO] [data][FirmwareUpgrader][emitState]：[固件升级] 发送数据帧 109/125（256 字节）
[2026-04-20 09:00:45] [INFO] [data][FirmwareUpgrader][emitState]：[固件升级] 发送数据帧 110/125（256 字节）
[2026-04-20 09:00:45] [INFO] [data][FirmwareUpgrader][emitState]：[固件升级] 发送数据帧 111/125（256 字节）
[2026-04-20 09:00:45] [INFO] [data][FirmwareUpgrader][emitState]：[固件升级] 发送数据帧 112/125（256 字节）
[2026-04-20 09:00:45] [INFO] [data][FirmwareUpgrader][emitState]：[固件升级] 发送数据帧 113/125（256 字节）
[2026-04-20 09:00:46] [INFO] [data][FirmwareUpgrader][emitState]：[固件升级] 发送数据帧 114/125（256 字节）
[2026-04-20 09:00:46] [INFO] [data][FirmwareUpgrader][emitState]：[固件升级] 发送数据帧 115/125（256 字节）
[2026-04-20 09:00:46] [INFO] [data][FirmwareUpgrader][emitState]：[固件升级] 发送数据帧 116/125（256 字节）
[2026-04-20 09:00:46] [INFO] [data][FirmwareUpgrader][emitState]：[固件升级] 发送数据帧 117/125（256 字节）
[2026-04-20 09:00:46] [INFO] [data][FirmwareUpgrader][emitState]：[固件升级] 发送数据帧 118/125（256 字节）
[2026-04-20 09:00:46] [INFO] [data][FirmwareUpgrader][emitState]：[固件升级] 发送数据帧 119/125（256 字节）
[2026-04-20 09:00:47] [INFO] [data][FirmwareUpgrader][emitState]：[固件升级] 发送数据帧 120/125（256 字节）
[2026-04-20 09:00:47] [INFO] [data][FirmwareUpgrader][emitState]：[固件升级] 发送数据帧 121/125（256 字节）
[2026-04-20 09:00:47] [INFO] [data][FirmwareUpgrader][emitState]：[固件升级] 发送数据帧 122/125（256 字节）
[2026-04-20 09:00:47] [INFO] [data][FirmwareUpgrader][emitState]：[固件升级] 发送数据帧 123/125（256 字节）
[2026-04-20 09:00:47] [INFO] [data][FirmwareUpgrader][emitState]：[固件升级] 发送数据帧 124/125（256 字节）
[2026-04-20 09:00:47] [INFO] [data][FirmwareUpgrader][emitState]：[固件升级] 发送最后一帧（150 字节，含 CRC 2 字节），等待响应
[2026-04-20 09:00:49] [INFO] [data][FirmwareUpgrader][onSocketReadyRead]：设备ID=12002 readyRead: state=7, incoming=8, bufTotal=8
[2026-04-20 09:00:49] [INFO] [data][FirmwareUpgrader][handleTransferResponse]：设备ID=12002 SendingLastFrame readyRead: buf(8) = 01 06 00 BB 00 00 F9 EF
[2026-04-20 09:00:49] [INFO] [data][FirmwareUpgrader][emitState]：[固件升级] 数据传输完成响应成功: 01 06 00 BB 00 00 F9 EF
[2026-04-20 09:00:49] [INFO] [data][FirmwareUpgrader][emitState]：[固件升级] 发送获取版本号指令 (AreYouThere): 02 33 00 00 31 B0 14
[2026-04-20 09:00:49] [INFO] [data][FirmwareUpgrader][onSocketReadyRead]：设备ID=12002 readyRead: state=9, incoming=9, bufTotal=9
[2026-04-20 09:00:49] [INFO] [data][FirmwareUpgrader][emitState]：[固件升级] 收到版本号响应: 03 35 00 00 31 31 30 60 4B
[2026-04-20 09:00:49] [INFO] [data][FirmwareUpgrader][emitState]：[固件升级] 版本校对成功：当前 1.0，目标 1.0
[2026-04-20 09:00:49] [INFO] [data][ModbusTcpMaster][enterState]：设备ID=12002 状态切换: 正常运行 -> 指令发送器已启动
[2026-04-20 09:00:49] [INFO] [data][ModbusTcpMaster][startSender]：设备ID=12002 指令发送器已启动，立即进入初始化阶段
[2026-04-20 09:00:49] [INFO] [data][ModbusTcpMaster][enterState]：设备ID=12002 状态切换: 指令发送器已启动 -> 初始指令下发中
[2026-04-20 09:00:49] [INFO] [data][ModbusTcpMaster][enterState]：设备ID=12002 状态切换: 初始指令下发中 -> 启动定时发送器中
[2026-04-20 09:00:49] [INFO] [data][ModbusTcpMaster][startPeriodicSender]：设备ID=12002 定时发送器已启动，进入正常运行状态
[2026-04-20 09:00:49] [INFO] [data][ModbusTcpMaster][enterState]：设备ID=12002 状态切换: 启动定时发送器中 -> 正常运行
[2026-04-20 09:00:55] [INFO] [data][ModbusConnecter][checkConnection]：设备ID=12002 连接检查 - socket正常
[2026-04-20 09:01:25] [INFO] [data][ModbusConnecter][checkConnection]：设备ID=12002 连接检查 - socket正常
[2026-04-20 09:01:55] [INFO] [data][ModbusConnecter][checkConnection]：设备ID=12002 连接检查 - socket正常
[2026-04-20 09:02:25] [INFO] [data][ModbusConnecter][checkConnection]：设备ID=12002 连接检查 - socket正常
[2026-04-20 09:03:33] [INFO] [data][ModbusTcpMaster][enterState]：设备ID=12002 状态切换: 空闲 -> 连接中
[2026-04-20 09:03:33] [INFO] [data][ModbusConnecter][setStatus]：设备ID=12002 状态转变：已断开 -> 连接中
[2026-04-20 09:03:33] [INFO] [data][ModbusConnecter][performConnection]：设备ID=12002 正在尝试连接服务器 169.254.173.102:8899
[2026-04-20 09:03:33] [INFO] [data][ModbusTcpMaster][enterState]：设备ID=12002 状态切换: 连接中 -> 指令发送器已启动
[2026-04-20 09:03:33] [INFO] [data][ModbusTcpMaster][startSender]：设备ID=12002 指令发送器已启动，立即进入初始化阶段
[2026-04-20 09:03:33] [INFO] [data][ModbusTcpMaster][enterState]：设备ID=12002 状态切换: 指令发送器已启动 -> 初始指令下发中
[2026-04-20 09:03:33] [INFO] [data][ModbusTcpMaster][enterState]：设备ID=12002 状态切换: 初始指令下发中 -> 启动定时发送器中
[2026-04-20 09:03:33] [INFO] [data][ModbusTcpMaster][startPeriodicSender]：设备ID=12002 定时发送器已启动，进入正常运行状态
[2026-04-20 09:03:33] [INFO] [data][ModbusTcpMaster][enterState]：设备ID=12002 状态切换: 启动定时发送器中 -> 正常运行
[2026-04-20 09:03:33] [INFO] [data][ModbusConnecter][setStatus]：设备ID=12002 状态转变：连接中 -> 已连接
