[2026-04-20 08:44:35] [INFO] [data][ModbusTcpMaster][enterState]：设备ID=12061 状态切换: 空闲 -> 连接中
[2026-04-20 08:44:35] [INFO] [data][ModbusConnecter][setStatus]：设备ID=12061 状态转变：已断开 -> 连接中
[2026-04-20 08:44:35] [INFO] [data][ModbusConnecter][performConnection]：设备ID=12061 正在尝试连接服务器 169.254.173.161:8899
[2026-04-20 08:44:35] [WARN] [data][ModbusConnecter][performConnection]：设备ID=12061 TCP 连接失败 - error=主机不能访问
[2026-04-20 08:44:35] [INFO] [data][ModbusConnecter][setStatus]：设备ID=12061 状态转变：连接中 -> 错误
[2026-04-20 08:44:35] [INFO] [data][ModbusTcpMaster][enterState]：设备ID=12061 状态切换: 连接中 -> 错误状态
[2026-04-20 08:44:35] [INFO] [data][ModbusConnecter][startAutoReconnect]：设备ID=12061 开始自动重连
[2026-04-20 08:44:38] [INFO] [data][ModbusConnecter][onReconnectTimer]：设备ID=12061 第 1 次重连尝试
[2026-04-20 08:44:38] [INFO] [data][ModbusConnecter][performConnection]：设备ID=12061 正在尝试连接服务器 169.254.173.161:8899
[2026-04-20 08:44:38] [WARN] [data][ModbusConnecter][performConnection]：设备ID=12061 TCP 连接失败 - error=主机不能访问
[2026-04-20 08:44:41] [INFO] [data][ModbusConnecter][onReconnectTimer]：设备ID=12061 第 2 次重连尝试
[2026-04-20 08:44:41] [INFO] [data][ModbusConnecter][performConnection]：设备ID=12061 正在尝试连接服务器 169.254.173.161:8899
[2026-04-20 08:44:41] [WARN] [data][ModbusConnecter][performConnection]：设备ID=12061 TCP 连接失败 - error=主机不能访问
[2026-04-20 08:47:04] [INFO] [data][ModbusTcpMaster][enterState]：设备ID=12061 状态切换: 空闲 -> 连接中
[2026-04-20 08:47:04] [INFO] [data][ModbusConnecter][setStatus]：设备ID=12061 状态转变：已断开 -> 连接中
[2026-04-20 08:47:04] [INFO] [data][ModbusConnecter][performConnection]：设备ID=12061 正在尝试连接服务器 169.254.173.161:8899
[2026-04-20 08:47:07] [WARN] [data][ModbusConnecter][performConnection]：设备ID=12061 TCP 连接失败 - error=套接字操作超时
[2026-04-20 08:47:07] [INFO] [data][ModbusConnecter][setStatus]：设备ID=12061 状态转变：连接中 -> 错误
[2026-04-20 08:47:07] [INFO] [data][ModbusTcpMaster][enterState]：设备ID=12061 状态切换: 连接中 -> 错误状态
[2026-04-20 08:47:07] [INFO] [data][ModbusConnecter][startAutoReconnect]：设备ID=12061 开始自动重连
[2026-04-20 08:59:24] [INFO] [data][ModbusTcpMaster][enterState]：设备ID=12061 状态切换: 空闲 -> 连接中
[2026-04-20 08:59:24] [INFO] [data][ModbusConnecter][setStatus]：设备ID=12061 状态转变：已断开 -> 连接中
[2026-04-20 08:59:24] [INFO] [data][ModbusConnecter][performConnection]：设备ID=12061 正在尝试连接服务器 169.254.173.161:8899
[2026-04-20 08:59:27] [WARN] [data][ModbusConnecter][performConnection]：设备ID=12061 TCP 连接失败 - error=套接字操作超时
[2026-04-20 08:59:27] [INFO] [data][ModbusConnecter][setStatus]：设备ID=12061 状态转变：连接中 -> 错误
[2026-04-20 08:59:27] [INFO] [data][ModbusTcpMaster][enterState]：设备ID=12061 状态切换: 连接中 -> 错误状态
[2026-04-20 08:59:27] [INFO] [data][ModbusConnecter][startAutoReconnect]：设备ID=12061 开始自动重连
[2026-04-20 09:00:25] [INFO] [data][ModbusConnecter][onReconnectTimer]：设备ID=12061 第 1 次重连尝试（非阻塞）
[2026-04-20 09:00:25] [INFO] [data][ModbusConnecter][setStatus]：设备ID=12061 状态转变：错误 -> 连接中
[2026-04-20 09:00:28] [INFO] [data][ModbusConnecter][setStatus]：设备ID=12061 状态转变：连接中 -> 错误
[2026-04-20 09:00:31] [INFO] [data][ModbusConnecter][onReconnectTimer]：设备ID=12061 第 2 次重连尝试（非阻塞）
[2026-04-20 09:00:31] [INFO] [data][ModbusConnecter][setStatus]：设备ID=12061 状态转变：错误 -> 连接中
[2026-04-20 09:00:34] [INFO] [data][ModbusConnecter][setStatus]：设备ID=12061 状态转变：连接中 -> 错误
[2026-04-20 09:00:37] [INFO] [data][ModbusConnecter][onReconnectTimer]：设备ID=12061 第 3 次重连尝试（非阻塞）
[2026-04-20 09:00:37] [INFO] [data][ModbusConnecter][setStatus]：设备ID=12061 状态转变：错误 -> 连接中
[2026-04-20 09:00:40] [INFO] [data][ModbusConnecter][setStatus]：设备ID=12061 状态转变：连接中 -> 错误
[2026-04-20 09:00:43] [INFO] [data][ModbusConnecter][onReconnectTimer]：设备ID=12061 第 4 次重连尝试（非阻塞）
[2026-04-20 09:00:43] [INFO] [data][ModbusConnecter][setStatus]：设备ID=12061 状态转变：错误 -> 连接中
[2026-04-20 09:00:46] [INFO] [data][ModbusConnecter][setStatus]：设备ID=12061 状态转变：连接中 -> 错误
[2026-04-20 09:00:49] [INFO] [data][ModbusConnecter][onReconnectTimer]：设备ID=12061 第 5 次重连尝试（非阻塞）
[2026-04-20 09:00:49] [INFO] [data][ModbusConnecter][setStatus]：设备ID=12061 状态转变：错误 -> 连接中
[2026-04-20 09:00:52] [INFO] [data][ModbusConnecter][setStatus]：设备ID=12061 状态转变：连接中 -> 错误
[2026-04-20 09:00:55] [INFO] [data][ModbusConnecter][onReconnectTimer]：设备ID=12061 第 6 次重连尝试（非阻塞）
[2026-04-20 09:00:55] [INFO] [data][ModbusConnecter][setStatus]：设备ID=12061 状态转变：错误 -> 连接中
[2026-04-20 09:00:58] [INFO] [data][ModbusConnecter][setStatus]：设备ID=12061 状态转变：连接中 -> 错误
[2026-04-20 09:01:01] [INFO] [data][ModbusConnecter][onReconnectTimer]：设备ID=12061 第 7 次重连尝试（非阻塞）
[2026-04-20 09:01:01] [INFO] [data][ModbusConnecter][setStatus]：设备ID=12061 状态转变：错误 -> 连接中
[2026-04-20 09:01:04] [INFO] [data][ModbusConnecter][setStatus]：设备ID=12061 状态转变：连接中 -> 错误
[2026-04-20 09:01:07] [INFO] [data][ModbusConnecter][onReconnectTimer]：设备ID=12061 第 8 次重连尝试（非阻塞）
[2026-04-20 09:01:07] [INFO] [data][ModbusConnecter][setStatus]：设备ID=12061 状态转变：错误 -> 连接中
[2026-04-20 09:01:10] [INFO] [data][ModbusConnecter][setStatus]：设备ID=12061 状态转变：连接中 -> 错误
[2026-04-20 09:01:13] [INFO] [data][ModbusConnecter][onReconnectTimer]：设备ID=12061 第 9 次重连尝试（非阻塞）
[2026-04-20 09:01:13] [INFO] [data][ModbusConnecter][setStatus]：设备ID=12061 状态转变：错误 -> 连接中
[2026-04-20 09:01:16] [INFO] [data][ModbusConnecter][setStatus]：设备ID=12061 状态转变：连接中 -> 错误
[2026-04-20 09:01:19] [INFO] [data][ModbusConnecter][onReconnectTimer]：设备ID=12061 第 10 次重连尝试（非阻塞）
[2026-04-20 09:01:19] [INFO] [data][ModbusConnecter][setStatus]：设备ID=12061 状态转变：错误 -> 连接中
[2026-04-20 09:01:22] [INFO] [data][ModbusConnecter][setStatus]：设备ID=12061 状态转变：连接中 -> 错误
[2026-04-20 09:01:25] [INFO] [data][ModbusConnecter][onReconnectTimer]：设备ID=12061 第 11 次重连尝试（非阻塞）
[2026-04-20 09:01:25] [INFO] [data][ModbusConnecter][setStatus]：设备ID=12061 状态转变：错误 -> 连接中
[2026-04-20 09:01:28] [INFO] [data][ModbusConnecter][setStatus]：设备ID=12061 状态转变：连接中 -> 错误
[2026-04-20 09:01:31] [INFO] [data][ModbusConnecter][onReconnectTimer]：设备ID=12061 第 12 次重连尝试（非阻塞）
[2026-04-20 09:01:31] [INFO] [data][ModbusConnecter][setStatus]：设备ID=12061 状态转变：错误 -> 连接中
[2026-04-20 09:01:34] [INFO] [data][ModbusConnecter][setStatus]：设备ID=12061 状态转变：连接中 -> 错误
[2026-04-20 09:01:37] [INFO] [data][ModbusConnecter][onReconnectTimer]：设备ID=12061 第 13 次重连尝试（非阻塞）
[2026-04-20 09:01:37] [INFO] [data][ModbusConnecter][setStatus]：设备ID=12061 状态转变：错误 -> 连接中
[2026-04-20 09:01:40] [INFO] [data][ModbusConnecter][setStatus]：设备ID=12061 状态转变：连接中 -> 错误
[2026-04-20 09:01:43] [INFO] [data][ModbusConnecter][onReconnectTimer]：设备ID=12061 第 14 次重连尝试（非阻塞）
[2026-04-20 09:01:43] [INFO] [data][ModbusConnecter][setStatus]：设备ID=12061 状态转变：错误 -> 连接中
[2026-04-20 09:01:46] [INFO] [data][ModbusConnecter][setStatus]：设备ID=12061 状态转变：连接中 -> 错误
[2026-04-20 09:01:49] [INFO] [data][ModbusConnecter][onReconnectTimer]：设备ID=12061 第 15 次重连尝试（非阻塞）
[2026-04-20 09:01:49] [INFO] [data][ModbusConnecter][setStatus]：设备ID=12061 状态转变：错误 -> 连接中
[2026-04-20 09:01:52] [INFO] [data][ModbusConnecter][setStatus]：设备ID=12061 状态转变：连接中 -> 错误
[2026-04-20 09:01:55] [INFO] [data][ModbusConnecter][onReconnectTimer]：设备ID=12061 第 16 次重连尝试（非阻塞）
[2026-04-20 09:01:55] [INFO] [data][ModbusConnecter][setStatus]：设备ID=12061 状态转变：错误 -> 连接中
[2026-04-20 09:01:58] [INFO] [data][ModbusConnecter][setStatus]：设备ID=12061 状态转变：连接中 -> 错误
[2026-04-20 09:02:01] [INFO] [data][ModbusConnecter][onReconnectTimer]：设备ID=12061 第 17 次重连尝试（非阻塞）
[2026-04-20 09:02:01] [INFO] [data][ModbusConnecter][setStatus]：设备ID=12061 状态转变：错误 -> 连接中
[2026-04-20 09:02:04] [INFO] [data][ModbusConnecter][setStatus]：设备ID=12061 状态转变：连接中 -> 错误
[2026-04-20 09:02:07] [INFO] [data][ModbusConnecter][onReconnectTimer]：设备ID=12061 第 18 次重连尝试（非阻塞）
[2026-04-20 09:02:07] [INFO] [data][ModbusConnecter][setStatus]：设备ID=12061 状态转变：错误 -> 连接中
[2026-04-20 09:02:10] [INFO] [data][ModbusConnecter][setStatus]：设备ID=12061 状态转变：连接中 -> 错误
[2026-04-20 09:02:13] [INFO] [data][ModbusConnecter][onReconnectTimer]：设备ID=12061 第 19 次重连尝试（非阻塞）
[2026-04-20 09:02:13] [INFO] [data][ModbusConnecter][setStatus]：设备ID=12061 状态转变：错误 -> 连接中
[2026-04-20 09:02:16] [INFO] [data][ModbusConnecter][setStatus]：设备ID=12061 状态转变：连接中 -> 错误
[2026-04-20 09:02:19] [INFO] [data][ModbusConnecter][onReconnectTimer]：设备ID=12061 第 20 次重连尝试（非阻塞）
[2026-04-20 09:02:19] [INFO] [data][ModbusConnecter][setStatus]：设备ID=12061 状态转变：错误 -> 连接中
[2026-04-20 09:02:22] [INFO] [data][ModbusConnecter][setStatus]：设备ID=12061 状态转变：连接中 -> 错误
[2026-04-20 09:02:25] [INFO] [data][ModbusConnecter][onReconnectTimer]：设备ID=12061 第 21 次重连尝试（非阻塞）
[2026-04-20 09:02:25] [INFO] [data][ModbusConnecter][setStatus]：设备ID=12061 状态转变：错误 -> 连接中
[2026-04-20 09:02:28] [INFO] [data][ModbusConnecter][setStatus]：设备ID=12061 状态转变：连接中 -> 错误
[2026-04-20 09:02:31] [INFO] [data][ModbusConnecter][onReconnectTimer]：设备ID=12061 第 22 次重连尝试（非阻塞）
[2026-04-20 09:02:31] [INFO] [data][ModbusConnecter][setStatus]：设备ID=12061 状态转变：错误 -> 连接中
[2026-04-20 09:02:34] [INFO] [data][ModbusConnecter][setStatus]：设备ID=12061 状态转变：连接中 -> 错误
[2026-04-20 09:02:37] [INFO] [data][ModbusConnecter][onReconnectTimer]：设备ID=12061 第 23 次重连尝试（非阻塞）
[2026-04-20 09:02:37] [INFO] [data][ModbusConnecter][setStatus]：设备ID=12061 状态转变：错误 -> 连接中
[2026-04-20 09:02:40] [INFO] [data][ModbusConnecter][setStatus]：设备ID=12061 状态转变：连接中 -> 错误
[2026-04-20 09:02:43] [INFO] [data][ModbusConnecter][onReconnectTimer]：设备ID=12061 第 24 次重连尝试（非阻塞）
[2026-04-20 09:02:43] [INFO] [data][ModbusConnecter][setStatus]：设备ID=12061 状态转变：错误 -> 连接中
[2026-04-20 09:04:51] [INFO] [data][ModbusTcpMaster][enterState]：设备ID=12061 状态切换: 空闲 -> 连接中
[2026-04-20 09:04:51] [INFO] [data][ModbusConnecter][setStatus]：设备ID=12061 状态转变：已断开 -> 连接中
[2026-04-20 09:04:51] [INFO] [data][ModbusConnecter][performConnection]：设备ID=12061 正在尝试连接服务器 169.254.173.161:8899
[2026-04-20 09:04:54] [WARN] [data][ModbusConnecter][performConnection]：设备ID=12061 TCP 连接失败 - error=套接字操作超时
[2026-04-20 09:04:54] [INFO] [data][ModbusConnecter][setStatus]：设备ID=12061 状态转变：连接中 -> 错误
[2026-04-20 09:04:54] [INFO] [data][ModbusTcpMaster][enterState]：设备ID=12061 状态切换: 连接中 -> 错误状态
[2026-04-20 09:04:54] [INFO] [data][ModbusConnecter][startAutoReconnect]：设备ID=12061 开始自动重连
