[2026-04-20 08:44:34] [INFO] [data][ModbusTcpMaster][enterState]：设备ID=12033 状态切换: 空闲 -> 连接中
[2026-04-20 08:44:34] [INFO] [data][ModbusConnecter][setStatus]：设备ID=12033 状态转变：已断开 -> 连接中
[2026-04-20 08:44:34] [INFO] [data][ModbusConnecter][performConnection]：设备ID=12033 正在尝试连接服务器 169.254.173.133:8899
[2026-04-20 08:44:34] [WARN] [data][ModbusConnecter][performConnection]：设备ID=12033 TCP 连接失败 - error=主机不能访问
[2026-04-20 08:44:34] [INFO] [data][ModbusConnecter][setStatus]：设备ID=12033 状态转变：连接中 -> 错误
[2026-04-20 08:44:34] [INFO] [data][ModbusTcpMaster][enterState]：设备ID=12033 状态切换: 连接中 -> 错误状态
[2026-04-20 08:44:34] [INFO] [data][ModbusConnecter][startAutoReconnect]：设备ID=12033 开始自动重连
[2026-04-20 08:44:37] [INFO] [data][ModbusConnecter][onReconnectTimer]：设备ID=12033 第 1 次重连尝试
[2026-04-20 08:44:37] [INFO] [data][ModbusConnecter][performConnection]：设备ID=12033 正在尝试连接服务器 169.254.173.133:8899
[2026-04-20 08:44:37] [WARN] [data][ModbusConnecter][performConnection]：设备ID=12033 TCP 连接失败 - error=主机不能访问
[2026-04-20 08:44:40] [INFO] [data][ModbusConnecter][onReconnectTimer]：设备ID=12033 第 2 次重连尝试
[2026-04-20 08:44:40] [INFO] [data][ModbusConnecter][performConnection]：设备ID=12033 正在尝试连接服务器 169.254.173.133:8899
[2026-04-20 08:44:40] [WARN] [data][ModbusConnecter][performConnection]：设备ID=12033 TCP 连接失败 - error=主机不能访问
[2026-04-20 08:44:43] [INFO] [data][ModbusConnecter][onReconnectTimer]：设备ID=12033 第 3 次重连尝试
[2026-04-20 08:44:43] [INFO] [data][ModbusConnecter][performConnection]：设备ID=12033 正在尝试连接服务器 169.254.173.133:8899
[2026-04-20 08:44:43] [WARN] [data][ModbusConnecter][performConnection]：设备ID=12033 TCP 连接失败 - error=主机不能访问
[2026-04-20 08:46:03] [INFO] [data][ModbusTcpMaster][enterState]：设备ID=12033 状态切换: 空闲 -> 连接中
[2026-04-20 08:46:03] [INFO] [data][ModbusConnecter][setStatus]：设备ID=12033 状态转变：已断开 -> 连接中
[2026-04-20 08:46:03] [INFO] [data][ModbusConnecter][performConnection]：设备ID=12033 正在尝试连接服务器 169.254.173.133:8899
[2026-04-20 08:46:03] [INFO] [data][ModbusTcpMaster][enterState]：设备ID=12033 状态切换: 连接中 -> 指令发送器已启动
[2026-04-20 08:46:03] [INFO] [data][ModbusTcpMaster][startSender]：设备ID=12033 指令发送器已启动，立即进入初始化阶段
[2026-04-20 08:46:03] [INFO] [data][ModbusTcpMaster][enterState]：设备ID=12033 状态切换: 指令发送器已启动 -> 初始指令下发中
[2026-04-20 08:46:03] [INFO] [data][ModbusTcpMaster][enterState]：设备ID=12033 状态切换: 初始指令下发中 -> 启动定时发送器中
[2026-04-20 08:46:03] [INFO] [data][ModbusTcpMaster][startPeriodicSender]：设备ID=12033 定时发送器已启动，进入正常运行状态
[2026-04-20 08:46:03] [INFO] [data][ModbusTcpMaster][enterState]：设备ID=12033 状态切换: 启动定时发送器中 -> 正常运行
[2026-04-20 08:46:03] [INFO] [data][ModbusConnecter][setStatus]：设备ID=12033 状态转变：连接中 -> 已连接
[2026-04-20 08:58:24] [INFO] [data][ModbusTcpMaster][enterState]：设备ID=12033 状态切换: 空闲 -> 连接中
[2026-04-20 08:58:24] [INFO] [data][ModbusConnecter][setStatus]：设备ID=12033 状态转变：已断开 -> 连接中
[2026-04-20 08:58:24] [INFO] [data][ModbusConnecter][performConnection]：设备ID=12033 正在尝试连接服务器 169.254.173.133:8899
[2026-04-20 08:58:24] [INFO] [data][ModbusTcpMaster][enterState]：设备ID=12033 状态切换: 连接中 -> 指令发送器已启动
[2026-04-20 08:58:24] [INFO] [data][ModbusTcpMaster][startSender]：设备ID=12033 指令发送器已启动，立即进入初始化阶段
[2026-04-20 08:58:24] [INFO] [data][ModbusTcpMaster][enterState]：设备ID=12033 状态切换: 指令发送器已启动 -> 初始指令下发中
[2026-04-20 08:58:24] [INFO] [data][ModbusTcpMaster][enterState]：设备ID=12033 状态切换: 初始指令下发中 -> 启动定时发送器中
[2026-04-20 08:58:24] [INFO] [data][ModbusTcpMaster][startPeriodicSender]：设备ID=12033 定时发送器已启动，进入正常运行状态
[2026-04-20 08:58:24] [INFO] [data][ModbusTcpMaster][enterState]：设备ID=12033 状态切换: 启动定时发送器中 -> 正常运行
[2026-04-20 08:58:24] [INFO] [data][ModbusConnecter][setStatus]：设备ID=12033 状态转变：连接中 -> 已连接
[2026-04-20 09:00:25] [INFO] [data][ModbusConnecter][startConnectionCheck]：设备ID=12033 启动连接心跳检查
[2026-04-20 09:00:55] [INFO] [data][ModbusConnecter][checkConnection]：设备ID=12033 连接检查 - socket正常
[2026-04-20 09:01:25] [INFO] [data][ModbusConnecter][checkConnection]：设备ID=12033 连接检查 - socket正常
[2026-04-20 09:01:55] [INFO] [data][ModbusConnecter][checkConnection]：设备ID=12033 连接检查 - socket正常
[2026-04-20 09:02:25] [INFO] [data][ModbusConnecter][checkConnection]：设备ID=12033 连接检查 - socket正常
[2026-04-20 09:03:51] [INFO] [data][ModbusTcpMaster][enterState]：设备ID=12033 状态切换: 空闲 -> 连接中
[2026-04-20 09:03:51] [INFO] [data][ModbusConnecter][setStatus]：设备ID=12033 状态转变：已断开 -> 连接中
[2026-04-20 09:03:51] [INFO] [data][ModbusConnecter][performConnection]：设备ID=12033 正在尝试连接服务器 169.254.173.133:8899
[2026-04-20 09:03:51] [INFO] [data][ModbusTcpMaster][enterState]：设备ID=12033 状态切换: 连接中 -> 指令发送器已启动
[2026-04-20 09:03:51] [INFO] [data][ModbusTcpMaster][startSender]：设备ID=12033 指令发送器已启动，立即进入初始化阶段
[2026-04-20 09:03:51] [INFO] [data][ModbusTcpMaster][enterState]：设备ID=12033 状态切换: 指令发送器已启动 -> 初始指令下发中
[2026-04-20 09:03:51] [INFO] [data][ModbusTcpMaster][enterState]：设备ID=12033 状态切换: 初始指令下发中 -> 启动定时发送器中
[2026-04-20 09:03:51] [INFO] [data][ModbusTcpMaster][startPeriodicSender]：设备ID=12033 定时发送器已启动，进入正常运行状态
[2026-04-20 09:03:51] [INFO] [data][ModbusTcpMaster][enterState]：设备ID=12033 状态切换: 启动定时发送器中 -> 正常运行
[2026-04-20 09:03:51] [INFO] [data][ModbusConnecter][setStatus]：设备ID=12033 状态转变：连接中 -> 已连接
