[2026-04-20 08:44:34] [INFO] [data][ModbusTcpMaster][enterState]：设备ID=12021 状态切换: 空闲 -> 连接中
[2026-04-20 08:44:34] [INFO] [data][ModbusConnecter][setStatus]：设备ID=12021 状态转变：已断开 -> 连接中
[2026-04-20 08:44:34] [INFO] [data][ModbusConnecter][performConnection]：设备ID=12021 正在尝试连接服务器 169.254.173.121:8899
[2026-04-20 08:44:34] [WARN] [data][ModbusConnecter][performConnection]：设备ID=12021 TCP 连接失败 - error=主机不能访问
[2026-04-20 08:44:34] [INFO] [data][ModbusConnecter][setStatus]：设备ID=12021 状态转变：连接中 -> 错误
[2026-04-20 08:44:34] [INFO] [data][ModbusTcpMaster][enterState]：设备ID=12021 状态切换: 连接中 -> 错误状态
[2026-04-20 08:44:34] [INFO] [data][ModbusConnecter][startAutoReconnect]：设备ID=12021 开始自动重连
[2026-04-20 08:44:37] [INFO] [data][ModbusConnecter][onReconnectTimer]：设备ID=12021 第 1 次重连尝试
[2026-04-20 08:44:37] [INFO] [data][ModbusConnecter][performConnection]：设备ID=12021 正在尝试连接服务器 169.254.173.121:8899
[2026-04-20 08:44:37] [WARN] [data][ModbusConnecter][performConnection]：设备ID=12021 TCP 连接失败 - error=主机不能访问
[2026-04-20 08:44:40] [INFO] [data][ModbusConnecter][onReconnectTimer]：设备ID=12021 第 2 次重连尝试
[2026-04-20 08:44:40] [INFO] [data][ModbusConnecter][performConnection]：设备ID=12021 正在尝试连接服务器 169.254.173.121:8899
[2026-04-20 08:44:40] [WARN] [data][ModbusConnecter][performConnection]：设备ID=12021 TCP 连接失败 - error=主机不能访问
[2026-04-20 08:44:43] [INFO] [data][ModbusConnecter][onReconnectTimer]：设备ID=12021 第 3 次重连尝试
[2026-04-20 08:44:43] [INFO] [data][ModbusConnecter][performConnection]：设备ID=12021 正在尝试连接服务器 169.254.173.121:8899
[2026-04-20 08:44:43] [WARN] [data][ModbusConnecter][performConnection]：设备ID=12021 TCP 连接失败 - error=主机不能访问
[2026-04-20 08:46:03] [INFO] [data][ModbusTcpMaster][enterState]：设备ID=12021 状态切换: 空闲 -> 连接中
[2026-04-20 08:46:03] [INFO] [data][ModbusConnecter][setStatus]：设备ID=12021 状态转变：已断开 -> 连接中
[2026-04-20 08:46:03] [INFO] [data][ModbusConnecter][performConnection]：设备ID=12021 正在尝试连接服务器 169.254.173.121:8899
[2026-04-20 08:46:03] [INFO] [data][ModbusTcpMaster][enterState]：设备ID=12021 状态切换: 连接中 -> 指令发送器已启动
[2026-04-20 08:46:03] [INFO] [data][ModbusTcpMaster][startSender]：设备ID=12021 指令发送器已启动，立即进入初始化阶段
[2026-04-20 08:46:03] [INFO] [data][ModbusTcpMaster][enterState]：设备ID=12021 状态切换: 指令发送器已启动 -> 初始指令下发中
[2026-04-20 08:46:03] [INFO] [data][ModbusTcpMaster][enterState]：设备ID=12021 状态切换: 初始指令下发中 -> 启动定时发送器中
[2026-04-20 08:46:03] [INFO] [data][ModbusTcpMaster][startPeriodicSender]：设备ID=12021 定时发送器已启动，进入正常运行状态
[2026-04-20 08:46:03] [INFO] [data][ModbusTcpMaster][enterState]：设备ID=12021 状态切换: 启动定时发送器中 -> 正常运行
[2026-04-20 08:46:03] [INFO] [data][ModbusConnecter][setStatus]：设备ID=12021 状态转变：连接中 -> 已连接
[2026-04-20 08:58:24] [INFO] [data][ModbusTcpMaster][enterState]：设备ID=12021 状态切换: 空闲 -> 连接中
[2026-04-20 08:58:24] [INFO] [data][ModbusConnecter][setStatus]：设备ID=12021 状态转变：已断开 -> 连接中
[2026-04-20 08:58:24] [INFO] [data][ModbusConnecter][performConnection]：设备ID=12021 正在尝试连接服务器 169.254.173.121:8899
[2026-04-20 08:58:24] [INFO] [data][ModbusTcpMaster][enterState]：设备ID=12021 状态切换: 连接中 -> 指令发送器已启动
[2026-04-20 08:58:24] [INFO] [data][ModbusTcpMaster][startSender]：设备ID=12021 指令发送器已启动，立即进入初始化阶段
[2026-04-20 08:58:24] [INFO] [data][ModbusTcpMaster][enterState]：设备ID=12021 状态切换: 指令发送器已启动 -> 初始指令下发中
[2026-04-20 08:58:24] [INFO] [data][ModbusTcpMaster][enterState]：设备ID=12021 状态切换: 初始指令下发中 -> 启动定时发送器中
[2026-04-20 08:58:24] [INFO] [data][ModbusTcpMaster][startPeriodicSender]：设备ID=12021 定时发送器已启动，进入正常运行状态
[2026-04-20 08:58:24] [INFO] [data][ModbusTcpMaster][enterState]：设备ID=12021 状态切换: 启动定时发送器中 -> 正常运行
[2026-04-20 08:58:24] [INFO] [data][ModbusConnecter][setStatus]：设备ID=12021 状态转变：连接中 -> 已连接
[2026-04-20 09:00:25] [INFO] [data][ModbusConnecter][startConnectionCheck]：设备ID=12021 启动连接心跳检查
[2026-04-20 09:00:55] [INFO] [data][ModbusConnecter][checkConnection]：设备ID=12021 连接检查 - socket正常
[2026-04-20 09:01:25] [INFO] [data][ModbusConnecter][checkConnection]：设备ID=12021 连接检查 - socket正常
[2026-04-20 09:01:55] [INFO] [data][ModbusConnecter][checkConnection]：设备ID=12021 连接检查 - socket正常
[2026-04-20 09:02:25] [INFO] [data][ModbusConnecter][checkConnection]：设备ID=12021 连接检查 - socket正常
[2026-04-20 09:03:51] [INFO] [data][ModbusTcpMaster][enterState]：设备ID=12021 状态切换: 空闲 -> 连接中
[2026-04-20 09:03:51] [INFO] [data][ModbusConnecter][setStatus]：设备ID=12021 状态转变：已断开 -> 连接中
[2026-04-20 09:03:51] [INFO] [data][ModbusConnecter][performConnection]：设备ID=12021 正在尝试连接服务器 169.254.173.121:8899
[2026-04-20 09:03:51] [INFO] [data][ModbusTcpMaster][enterState]：设备ID=12021 状态切换: 连接中 -> 指令发送器已启动
[2026-04-20 09:03:51] [INFO] [data][ModbusTcpMaster][startSender]：设备ID=12021 指令发送器已启动，立即进入初始化阶段
[2026-04-20 09:03:51] [INFO] [data][ModbusTcpMaster][enterState]：设备ID=12021 状态切换: 指令发送器已启动 -> 初始指令下发中
[2026-04-20 09:03:51] [INFO] [data][ModbusTcpMaster][enterState]：设备ID=12021 状态切换: 初始指令下发中 -> 启动定时发送器中
[2026-04-20 09:03:51] [INFO] [data][ModbusTcpMaster][startPeriodicSender]：设备ID=12021 定时发送器已启动，进入正常运行状态
[2026-04-20 09:03:51] [INFO] [data][ModbusTcpMaster][enterState]：设备ID=12021 状态切换: 启动定时发送器中 -> 正常运行
[2026-04-20 09:03:51] [INFO] [data][ModbusConnecter][setStatus]：设备ID=12021 状态转变：连接中 -> 已连接
[2026-04-20 09:05:58] [INFO] [data][ModbusTcpMaster][enterState]：设备ID=12021 状态切换: 空闲 -> 连接中
[2026-04-20 09:05:58] [INFO] [data][ModbusConnecter][setStatus]：设备ID=12021 状态转变：已断开 -> 连接中
[2026-04-20 09:05:58] [INFO] [data][ModbusConnecter][connectDevice]：设备ID=12021 正在尝试连接服务器 169.254.173.121:8899（非阻塞）
[2026-04-20 09:05:58] [INFO] [data][ModbusTcpMaster][enterState]：设备ID=12021 状态切换: 连接中 -> 指令发送器已启动
[2026-04-20 09:05:58] [INFO] [data][ModbusTcpMaster][startSender]：设备ID=12021 指令发送器已启动，立即进入初始化阶段
[2026-04-20 09:05:58] [INFO] [data][ModbusTcpMaster][enterState]：设备ID=12021 状态切换: 指令发送器已启动 -> 初始指令下发中
[2026-04-20 09:05:58] [INFO] [data][ModbusTcpMaster][enterState]：设备ID=12021 状态切换: 初始指令下发中 -> 启动定时发送器中
[2026-04-20 09:05:58] [INFO] [data][ModbusTcpMaster][startPeriodicSender]：设备ID=12021 定时发送器已启动，进入正常运行状态
[2026-04-20 09:05:58] [INFO] [data][ModbusTcpMaster][enterState]：设备ID=12021 状态切换: 启动定时发送器中 -> 正常运行
[2026-04-20 09:05:58] [INFO] [data][ModbusConnecter][setStatus]：设备ID=12021 状态转变：连接中 -> 已连接
[2026-04-20 09:05:58] [INFO] [data][ModbusConnecter][onAsyncReconnectConnected]：设备ID=12021 重连成功
[2026-04-20 09:06:08] [INFO] [data][ModbusConnecter][startConnectionCheck]：设备ID=12021 启动连接心跳检查
[2026-04-20 09:06:38] [INFO] [data][ModbusConnecter][checkConnection]：设备ID=12021 连接检查 - socket正常
[2026-04-20 09:07:08] [INFO] [data][ModbusConnecter][checkConnection]：设备ID=12021 连接检查 - socket正常
[2026-04-20 09:07:38] [INFO] [data][ModbusConnecter][checkConnection]：设备ID=12021 连接检查 - socket正常
[2026-04-20 09:08:08] [INFO] [data][ModbusConnecter][checkConnection]：设备ID=12021 连接检查 - socket正常
[2026-04-20 09:08:38] [INFO] [data][ModbusConnecter][checkConnection]：设备ID=12021 连接检查 - socket正常
[2026-04-20 09:08:55] [INFO] [data][FirmwareUpgrader][emitState]：[固件升级] 准备阶段开始，文件: C:/Users/Lenovo/Desktop/OHB/OHB_V_1_0_APP.bin
[2026-04-20 09:08:55] [INFO] [data][FirmwareUpgrader][start]：设备ID=12021 目标版本号: 1.0
[2026-04-20 09:08:55] [INFO] [data][FirmwareUpgrader][start]：设备ID=12021 使用预设的 BinFileReader（已读取完成）
[2026-04-20 09:08:55] [INFO] [data][FirmwareUpgrader][start]：设备ID=12021 文件大小: 31884 字节，分包数: 125，CRC: B8 32
[2026-04-20 09:08:55] [INFO] [InitialCommandIssuer]：设备ID=12021 [CyclicCommandIssuer] 已停止
[2026-04-20 09:08:55] [INFO] [PeriodicCommandSender]：设备ID=12021 [CyclicCommandIssuer] 已停止
[2026-04-20 09:08:55] [INFO] [data][FirmwareUpgrader][emitState]：[固件升级] 发送准备升级指令: 01 06 00 AA 00 00 A9 EA
[2026-04-20 09:08:55] [INFO] [data][FirmwareUpgrader][onSocketReadyRead]：设备ID=12021 readyRead: state=1, incoming=8, bufTotal=8
[2026-04-20 09:08:55] [INFO] [data][FirmwareUpgrader][emitState]：[固件升级] 准备升级响应成功: 01 06 00 AA 00 00 A9 EA
[2026-04-20 09:08:55] [INFO] [data][FirmwareUpgrader][emitState]：[固件升级] 等待设备准备就绪 1000 ms
[2026-04-20 09:08:56] [INFO] [data][FirmwareUpgrader][emitState]：[固件升级] 设备等待完毕（1000 ms），开始数据传输
[2026-04-20 09:08:56] [INFO] [data][FirmwareUpgrader][emitState]：[固件升级] 发送第一帧（256 字节，数据区 248 字节）
[2026-04-20 09:08:56] [INFO] [data][FirmwareUpgrader][emitState]：[固件升级] 发送数据帧 2/125（256 字节）
[2026-04-20 09:08:56] [INFO] [data][FirmwareUpgrader][emitState]：[固件升级] 发送数据帧 3/125（256 字节）
[2026-04-20 09:08:56] [INFO] [data][FirmwareUpgrader][emitState]：[固件升级] 发送数据帧 4/125（256 字节）
[2026-04-20 09:08:56] [INFO] [data][FirmwareUpgrader][emitState]：[固件升级] 发送数据帧 5/125（256 字节）
[2026-04-20 09:08:57] [INFO] [data][FirmwareUpgrader][emitState]：[固件升级] 发送数据帧 6/125（256 字节）
[2026-04-20 09:08:57] [INFO] [data][FirmwareUpgrader][emitState]：[固件升级] 发送数据帧 7/125（256 字节）
[2026-04-20 09:08:57] [INFO] [data][FirmwareUpgrader][emitState]：[固件升级] 发送数据帧 8/125（256 字节）
[2026-04-20 09:08:57] [INFO] [data][FirmwareUpgrader][emitState]：[固件升级] 发送数据帧 9/125（256 字节）
[2026-04-20 09:08:57] [INFO] [data][FirmwareUpgrader][emitState]：[固件升级] 发送数据帧 10/125（256 字节）
[2026-04-20 09:08:57] [INFO] [data][FirmwareUpgrader][emitState]：[固件升级] 发送数据帧 11/125（256 字节）
[2026-04-20 09:08:58] [INFO] [data][FirmwareUpgrader][emitState]：[固件升级] 发送数据帧 12/125（256 字节）
[2026-04-20 09:08:58] [INFO] [data][FirmwareUpgrader][emitState]：[固件升级] 发送数据帧 13/125（256 字节）
[2026-04-20 09:08:58] [INFO] [data][FirmwareUpgrader][emitState]：[固件升级] 发送数据帧 14/125（256 字节）
[2026-04-20 09:08:58] [INFO] [data][FirmwareUpgrader][emitState]：[固件升级] 发送数据帧 15/125（256 字节）
[2026-04-20 09:08:58] [INFO] [data][FirmwareUpgrader][emitState]：[固件升级] 发送数据帧 16/125（256 字节）
[2026-04-20 09:08:59] [INFO] [data][FirmwareUpgrader][emitState]：[固件升级] 发送数据帧 17/125（256 字节）
[2026-04-20 09:08:59] [INFO] [data][FirmwareUpgrader][emitState]：[固件升级] 发送数据帧 18/125（256 字节）
[2026-04-20 09:08:59] [INFO] [data][FirmwareUpgrader][emitState]：[固件升级] 发送数据帧 19/125（256 字节）
[2026-04-20 09:08:59] [INFO] [data][FirmwareUpgrader][emitState]：[固件升级] 发送数据帧 20/125（256 字节）
[2026-04-20 09:08:59] [INFO] [data][FirmwareUpgrader][emitState]：[固件升级] 发送数据帧 21/125（256 字节）
[2026-04-20 09:08:59] [INFO] [data][FirmwareUpgrader][emitState]：[固件升级] 发送数据帧 22/125（256 字节）
[2026-04-20 09:09:00] [INFO] [data][FirmwareUpgrader][emitState]：[固件升级] 发送数据帧 23/125（256 字节）
[2026-04-20 09:09:00] [INFO] [data][FirmwareUpgrader][emitState]：[固件升级] 发送数据帧 24/125（256 字节）
[2026-04-20 09:09:00] [INFO] [data][FirmwareUpgrader][emitState]：[固件升级] 发送数据帧 25/125（256 字节）
[2026-04-20 09:09:00] [INFO] [data][FirmwareUpgrader][emitState]：[固件升级] 发送数据帧 26/125（256 字节）
[2026-04-20 09:09:00] [INFO] [data][FirmwareUpgrader][emitState]：[固件升级] 发送数据帧 27/125（256 字节）
[2026-04-20 09:09:00] [INFO] [data][FirmwareUpgrader][emitState]：[固件升级] 发送数据帧 28/125（256 字节）
[2026-04-20 09:09:01] [INFO] [data][FirmwareUpgrader][emitState]：[固件升级] 发送数据帧 29/125（256 字节）
[2026-04-20 09:09:01] [INFO] [data][FirmwareUpgrader][emitState]：[固件升级] 发送数据帧 30/125（256 字节）
[2026-04-20 09:09:01] [INFO] [data][FirmwareUpgrader][emitState]：[固件升级] 发送数据帧 31/125（256 字节）
[2026-04-20 09:09:01] [INFO] [data][FirmwareUpgrader][emitState]：[固件升级] 发送数据帧 32/125（256 字节）
[2026-04-20 09:09:01] [INFO] [data][FirmwareUpgrader][emitState]：[固件升级] 发送数据帧 33/125（256 字节）
[2026-04-20 09:09:01] [INFO] [data][FirmwareUpgrader][emitState]：[固件升级] 发送数据帧 34/125（256 字节）
[2026-04-20 09:09:02] [INFO] [data][FirmwareUpgrader][emitState]：[固件升级] 发送数据帧 35/125（256 字节）
[2026-04-20 09:09:02] [INFO] [data][FirmwareUpgrader][emitState]：[固件升级] 发送数据帧 36/125（256 字节）
[2026-04-20 09:09:02] [INFO] [data][FirmwareUpgrader][emitState]：[固件升级] 发送数据帧 37/125（256 字节）
[2026-04-20 09:09:02] [INFO] [data][FirmwareUpgrader][emitState]：[固件升级] 发送数据帧 38/125（256 字节）
[2026-04-20 09:09:02] [INFO] [data][FirmwareUpgrader][emitState]：[固件升级] 发送数据帧 39/125（256 字节）
[2026-04-20 09:09:02] [INFO] [data][FirmwareUpgrader][emitState]：[固件升级] 发送数据帧 40/125（256 字节）
[2026-04-20 09:09:03] [INFO] [data][FirmwareUpgrader][emitState]：[固件升级] 发送数据帧 41/125（256 字节）
[2026-04-20 09:09:03] [INFO] [data][FirmwareUpgrader][emitState]：[固件升级] 发送数据帧 42/125（256 字节）
[2026-04-20 09:09:03] [INFO] [data][FirmwareUpgrader][emitState]：[固件升级] 发送数据帧 43/125（256 字节）
[2026-04-20 09:09:03] [INFO] [data][FirmwareUpgrader][emitState]：[固件升级] 发送数据帧 44/125（256 字节）
[2026-04-20 09:09:03] [INFO] [data][FirmwareUpgrader][emitState]：[固件升级] 发送数据帧 45/125（256 字节）
[2026-04-20 09:09:04] [INFO] [data][FirmwareUpgrader][emitState]：[固件升级] 发送数据帧 46/125（256 字节）
[2026-04-20 09:09:04] [INFO] [data][FirmwareUpgrader][emitState]：[固件升级] 发送数据帧 47/125（256 字节）
[2026-04-20 09:09:04] [INFO] [data][FirmwareUpgrader][emitState]：[固件升级] 发送数据帧 48/125（256 字节）
[2026-04-20 09:09:04] [INFO] [data][FirmwareUpgrader][emitState]：[固件升级] 发送数据帧 49/125（256 字节）
[2026-04-20 09:09:04] [INFO] [data][FirmwareUpgrader][emitState]：[固件升级] 发送数据帧 50/125（256 字节）
[2026-04-20 09:09:04] [INFO] [data][FirmwareUpgrader][emitState]：[固件升级] 发送数据帧 51/125（256 字节）
[2026-04-20 09:09:05] [INFO] [data][FirmwareUpgrader][emitState]：[固件升级] 发送数据帧 52/125（256 字节）
[2026-04-20 09:09:05] [INFO] [data][FirmwareUpgrader][emitState]：[固件升级] 发送数据帧 53/125（256 字节）
[2026-04-20 09:09:05] [INFO] [data][FirmwareUpgrader][emitState]：[固件升级] 发送数据帧 54/125（256 字节）
[2026-04-20 09:09:05] [INFO] [data][FirmwareUpgrader][emitState]：[固件升级] 发送数据帧 55/125（256 字节）
[2026-04-20 09:09:05] [INFO] [data][FirmwareUpgrader][emitState]：[固件升级] 发送数据帧 56/125（256 字节）
[2026-04-20 09:09:05] [INFO] [data][FirmwareUpgrader][emitState]：[固件升级] 发送数据帧 57/125（256 字节）
[2026-04-20 09:09:06] [INFO] [data][FirmwareUpgrader][emitState]：[固件升级] 发送数据帧 58/125（256 字节）
[2026-04-20 09:09:06] [INFO] [data][FirmwareUpgrader][emitState]：[固件升级] 发送数据帧 59/125（256 字节）
[2026-04-20 09:09:06] [INFO] [data][FirmwareUpgrader][emitState]：[固件升级] 发送数据帧 60/125（256 字节）
[2026-04-20 09:09:06] [INFO] [data][FirmwareUpgrader][emitState]：[固件升级] 发送数据帧 61/125（256 字节）
[2026-04-20 09:09:06] [INFO] [data][FirmwareUpgrader][emitState]：[固件升级] 发送数据帧 62/125（256 字节）
[2026-04-20 09:09:06] [INFO] [data][FirmwareUpgrader][emitState]：[固件升级] 发送数据帧 63/125（256 字节）
[2026-04-20 09:09:07] [INFO] [data][FirmwareUpgrader][emitState]：[固件升级] 发送数据帧 64/125（256 字节）
[2026-04-20 09:09:07] [INFO] [data][FirmwareUpgrader][emitState]：[固件升级] 发送数据帧 65/125（256 字节）
[2026-04-20 09:09:07] [INFO] [data][FirmwareUpgrader][emitState]：[固件升级] 发送数据帧 66/125（256 字节）
[2026-04-20 09:09:07] [INFO] [data][FirmwareUpgrader][emitState]：[固件升级] 发送数据帧 67/125（256 字节）
[2026-04-20 09:09:07] [INFO] [data][FirmwareUpgrader][emitState]：[固件升级] 发送数据帧 68/125（256 字节）
[2026-04-20 09:09:07] [INFO] [data][FirmwareUpgrader][emitState]：[固件升级] 发送数据帧 69/125（256 字节）
[2026-04-20 09:09:08] [INFO] [data][FirmwareUpgrader][emitState]：[固件升级] 发送数据帧 70/125（256 字节）
[2026-04-20 09:09:08] [INFO] [data][ModbusConnecter][checkConnection]：设备ID=12021 连接检查 - socket正常
[2026-04-20 09:09:08] [INFO] [data][FirmwareUpgrader][emitState]：[固件升级] 发送数据帧 71/125（256 字节）
[2026-04-20 09:09:08] [INFO] [data][FirmwareUpgrader][emitState]：[固件升级] 发送数据帧 72/125（256 字节）
[2026-04-20 09:09:08] [INFO] [data][FirmwareUpgrader][emitState]：[固件升级] 发送数据帧 73/125（256 字节）
[2026-04-20 09:09:08] [INFO] [data][FirmwareUpgrader][emitState]：[固件升级] 发送数据帧 74/125（256 字节）
[2026-04-20 09:09:08] [INFO] [data][FirmwareUpgrader][emitState]：[固件升级] 发送数据帧 75/125（256 字节）
[2026-04-20 09:09:09] [INFO] [data][FirmwareUpgrader][emitState]：[固件升级] 发送数据帧 76/125（256 字节）
[2026-04-20 09:09:09] [INFO] [data][FirmwareUpgrader][emitState]：[固件升级] 发送数据帧 77/125（256 字节）
[2026-04-20 09:09:09] [INFO] [data][FirmwareUpgrader][emitState]：[固件升级] 发送数据帧 78/125（256 字节）
[2026-04-20 09:09:09] [INFO] [data][FirmwareUpgrader][emitState]：[固件升级] 发送数据帧 79/125（256 字节）
[2026-04-20 09:09:09] [INFO] [data][FirmwareUpgrader][emitState]：[固件升级] 发送数据帧 80/125（256 字节）
[2026-04-20 09:09:10] [INFO] [data][FirmwareUpgrader][emitState]：[固件升级] 发送数据帧 81/125（256 字节）
[2026-04-20 09:09:10] [INFO] [data][FirmwareUpgrader][emitState]：[固件升级] 发送数据帧 82/125（256 字节）
[2026-04-20 09:09:10] [INFO] [data][FirmwareUpgrader][emitState]：[固件升级] 发送数据帧 83/125（256 字节）
[2026-04-20 09:09:10] [INFO] [data][FirmwareUpgrader][emitState]：[固件升级] 发送数据帧 84/125（256 字节）
[2026-04-20 09:09:10] [INFO] [data][FirmwareUpgrader][emitState]：[固件升级] 发送数据帧 85/125（256 字节）
[2026-04-20 09:09:10] [INFO] [data][FirmwareUpgrader][emitState]：[固件升级] 发送数据帧 86/125（256 字节）
[2026-04-20 09:09:11] [INFO] [data][FirmwareUpgrader][emitState]：[固件升级] 发送数据帧 87/125（256 字节）
[2026-04-20 09:09:11] [INFO] [data][FirmwareUpgrader][emitState]：[固件升级] 发送数据帧 88/125（256 字节）
[2026-04-20 09:09:11] [INFO] [data][FirmwareUpgrader][emitState]：[固件升级] 发送数据帧 89/125（256 字节）
[2026-04-20 09:09:11] [INFO] [data][FirmwareUpgrader][emitState]：[固件升级] 发送数据帧 90/125（256 字节）
[2026-04-20 09:09:11] [INFO] [data][FirmwareUpgrader][emitState]：[固件升级] 发送数据帧 91/125（256 字节）
[2026-04-20 09:09:11] [INFO] [data][FirmwareUpgrader][emitState]：[固件升级] 发送数据帧 92/125（256 字节）
[2026-04-20 09:09:12] [INFO] [data][FirmwareUpgrader][emitState]：[固件升级] 发送数据帧 93/125（256 字节）
[2026-04-20 09:09:12] [INFO] [data][FirmwareUpgrader][emitState]：[固件升级] 发送数据帧 94/125（256 字节）
[2026-04-20 09:09:12] [INFO] [data][FirmwareUpgrader][emitState]：[固件升级] 发送数据帧 95/125（256 字节）
[2026-04-20 09:09:12] [INFO] [data][FirmwareUpgrader][emitState]：[固件升级] 发送数据帧 96/125（256 字节）
[2026-04-20 09:09:12] [INFO] [data][FirmwareUpgrader][emitState]：[固件升级] 发送数据帧 97/125（256 字节）
[2026-04-20 09:09:12] [INFO] [data][FirmwareUpgrader][emitState]：[固件升级] 发送数据帧 98/125（256 字节）
[2026-04-20 09:09:13] [INFO] [data][FirmwareUpgrader][emitState]：[固件升级] 发送数据帧 99/125（256 字节）
[2026-04-20 09:09:13] [INFO] [data][FirmwareUpgrader][emitState]：[固件升级] 发送数据帧 100/125（256 字节）
[2026-04-20 09:09:13] [INFO] [data][FirmwareUpgrader][emitState]：[固件升级] 发送数据帧 101/125（256 字节）
[2026-04-20 09:09:13] [INFO] [data][FirmwareUpgrader][emitState]：[固件升级] 发送数据帧 102/125（256 字节）
[2026-04-20 09:09:13] [INFO] [data][FirmwareUpgrader][emitState]：[固件升级] 发送数据帧 103/125（256 字节）
[2026-04-20 09:09:13] [INFO] [data][FirmwareUpgrader][emitState]：[固件升级] 发送数据帧 104/125（256 字节）
[2026-04-20 09:09:14] [INFO] [data][FirmwareUpgrader][emitState]：[固件升级] 发送数据帧 105/125（256 字节）
[2026-04-20 09:09:14] [INFO] [data][FirmwareUpgrader][emitState]：[固件升级] 发送数据帧 106/125（256 字节）
[2026-04-20 09:09:14] [INFO] [data][FirmwareUpgrader][emitState]：[固件升级] 发送数据帧 107/125（256 字节）
[2026-04-20 09:09:14] [INFO] [data][FirmwareUpgrader][emitState]：[固件升级] 发送数据帧 108/125（256 字节）
[2026-04-20 09:09:14] [INFO] [data][FirmwareUpgrader][emitState]：[固件升级] 发送数据帧 109/125（256 字节）
[2026-04-20 09:09:15] [INFO] [data][FirmwareUpgrader][emitState]：[固件升级] 发送数据帧 110/125（256 字节）
[2026-04-20 09:09:15] [INFO] [data][FirmwareUpgrader][emitState]：[固件升级] 发送数据帧 111/125（256 字节）
[2026-04-20 09:09:15] [INFO] [data][FirmwareUpgrader][emitState]：[固件升级] 发送数据帧 112/125（256 字节）
[2026-04-20 09:09:15] [INFO] [data][FirmwareUpgrader][emitState]：[固件升级] 发送数据帧 113/125（256 字节）
[2026-04-20 09:09:15] [INFO] [data][FirmwareUpgrader][emitState]：[固件升级] 发送数据帧 114/125（256 字节）
[2026-04-20 09:09:15] [INFO] [data][FirmwareUpgrader][emitState]：[固件升级] 发送数据帧 115/125（256 字节）
[2026-04-20 09:09:16] [INFO] [data][FirmwareUpgrader][emitState]：[固件升级] 发送数据帧 116/125（256 字节）
[2026-04-20 09:09:16] [INFO] [data][FirmwareUpgrader][emitState]：[固件升级] 发送数据帧 117/125（256 字节）
[2026-04-20 09:09:16] [INFO] [data][FirmwareUpgrader][emitState]：[固件升级] 发送数据帧 118/125（256 字节）
[2026-04-20 09:09:16] [INFO] [data][FirmwareUpgrader][emitState]：[固件升级] 发送数据帧 119/125（256 字节）
[2026-04-20 09:09:16] [INFO] [data][FirmwareUpgrader][emitState]：[固件升级] 发送数据帧 120/125（256 字节）
[2026-04-20 09:09:16] [INFO] [data][FirmwareUpgrader][emitState]：[固件升级] 发送数据帧 121/125（256 字节）
[2026-04-20 09:09:17] [INFO] [data][FirmwareUpgrader][emitState]：[固件升级] 发送数据帧 122/125（256 字节）
[2026-04-20 09:09:17] [INFO] [data][FirmwareUpgrader][emitState]：[固件升级] 发送数据帧 123/125（256 字节）
[2026-04-20 09:09:17] [INFO] [data][FirmwareUpgrader][emitState]：[固件升级] 发送数据帧 124/125（256 字节）
[2026-04-20 09:09:17] [INFO] [data][FirmwareUpgrader][emitState]：[固件升级] 发送最后一帧（150 字节，含 CRC 2 字节），等待响应
[2026-04-20 09:09:19] [INFO] [data][FirmwareUpgrader][onSocketReadyRead]：设备ID=12021 readyRead: state=7, incoming=8, bufTotal=8
[2026-04-20 09:09:19] [INFO] [data][FirmwareUpgrader][handleTransferResponse]：设备ID=12021 SendingLastFrame readyRead: buf(8) = 01 06 00 BB 00 00 F9 EF
[2026-04-20 09:09:19] [INFO] [data][FirmwareUpgrader][emitState]：[固件升级] 数据传输完成响应成功: 01 06 00 BB 00 00 F9 EF
[2026-04-20 09:09:19] [INFO] [data][FirmwareUpgrader][emitState]：[固件升级] 发送获取版本号指令 (AreYouThere): 02 33 00 00 31 B0 14
[2026-04-20 09:09:19] [INFO] [data][FirmwareUpgrader][onSocketReadyRead]：设备ID=12021 readyRead: state=9, incoming=9, bufTotal=9
[2026-04-20 09:09:19] [INFO] [data][FirmwareUpgrader][emitState]：[固件升级] 收到版本号响应: 03 35 00 00 31 31 30 60 4B
[2026-04-20 09:09:19] [INFO] [data][FirmwareUpgrader][emitState]：[固件升级] 版本校对成功：当前 1.0，目标 1.0
[2026-04-20 09:09:19] [INFO] [data][ModbusTcpMaster][enterState]：设备ID=12021 状态切换: 正常运行 -> 指令发送器已启动
[2026-04-20 09:09:19] [INFO] [data][ModbusTcpMaster][startSender]：设备ID=12021 指令发送器已启动，立即进入初始化阶段
[2026-04-20 09:09:19] [INFO] [data][ModbusTcpMaster][enterState]：设备ID=12021 状态切换: 指令发送器已启动 -> 初始指令下发中
[2026-04-20 09:09:19] [INFO] [data][ModbusTcpMaster][enterState]：设备ID=12021 状态切换: 初始指令下发中 -> 启动定时发送器中
[2026-04-20 09:09:19] [INFO] [data][ModbusTcpMaster][startPeriodicSender]：设备ID=12021 定时发送器已启动，进入正常运行状态
[2026-04-20 09:09:19] [INFO] [data][ModbusTcpMaster][enterState]：设备ID=12021 状态切换: 启动定时发送器中 -> 正常运行
[2026-04-20 09:09:38] [INFO] [data][ModbusConnecter][checkConnection]：设备ID=12021 连接检查 - socket正常
[2026-04-20 09:10:08] [INFO] [data][ModbusConnecter][checkConnection]：设备ID=12021 连接检查 - socket正常
[2026-04-20 09:10:38] [INFO] [data][ModbusConnecter][checkConnection]：设备ID=12021 连接检查 - socket正常
[2026-04-20 09:11:08] [INFO] [data][ModbusConnecter][checkConnection]：设备ID=12021 连接检查 - socket正常
[2026-04-20 09:11:38] [INFO] [data][ModbusConnecter][checkConnection]：设备ID=12021 连接检查 - socket正常
[2026-04-20 09:12:08] [INFO] [data][ModbusConnecter][checkConnection]：设备ID=12021 连接检查 - socket正常
[2026-04-20 09:12:38] [INFO] [data][ModbusConnecter][checkConnection]：设备ID=12021 连接检查 - socket正常
[2026-04-20 09:13:08] [INFO] [data][ModbusConnecter][checkConnection]：设备ID=12021 连接检查 - socket正常
[2026-04-20 09:13:38] [INFO] [data][ModbusConnecter][checkConnection]：设备ID=12021 连接检查 - socket正常
[2026-04-20 09:14:08] [INFO] [data][ModbusConnecter][checkConnection]：设备ID=12021 连接检查 - socket正常
[2026-04-20 09:14:38] [INFO] [data][ModbusConnecter][checkConnection]：设备ID=12021 连接检查 - socket正常
[2026-04-20 09:15:08] [INFO] [data][ModbusConnecter][checkConnection]：设备ID=12021 连接检查 - socket正常
[2026-04-20 09:15:38] [INFO] [data][ModbusConnecter][checkConnection]：设备ID=12021 连接检查 - socket正常
[2026-04-20 09:16:08] [INFO] [data][ModbusConnecter][checkConnection]：设备ID=12021 连接检查 - socket正常
[2026-04-20 09:16:38] [INFO] [data][ModbusConnecter][checkConnection]：设备ID=12021 连接检查 - socket正常
[2026-04-20 09:17:08] [INFO] [data][ModbusConnecter][checkConnection]：设备ID=12021 连接检查 - socket正常
[2026-04-20 09:17:38] [INFO] [data][ModbusConnecter][checkConnection]：设备ID=12021 连接检查 - socket正常
[2026-04-20 09:18:08] [INFO] [data][ModbusConnecter][checkConnection]：设备ID=12021 连接检查 - socket正常
[2026-04-20 09:18:38] [INFO] [data][ModbusConnecter][checkConnection]：设备ID=12021 连接检查 - socket正常
[2026-04-20 09:19:08] [INFO] [data][ModbusConnecter][checkConnection]：设备ID=12021 连接检查 - socket正常
[2026-04-20 09:19:38] [INFO] [data][ModbusConnecter][checkConnection]：设备ID=12021 连接检查 - socket正常
[2026-04-20 09:20:08] [INFO] [data][ModbusConnecter][checkConnection]：设备ID=12021 连接检查 - socket正常
[2026-04-20 09:20:38] [INFO] [data][ModbusConnecter][checkConnection]：设备ID=12021 连接检查 - socket正常
[2026-04-20 09:21:08] [INFO] [data][ModbusConnecter][checkConnection]：设备ID=12021 连接检查 - socket正常
[2026-04-20 09:21:38] [INFO] [data][ModbusConnecter][checkConnection]：设备ID=12021 连接检查 - socket正常
[2026-04-20 09:22:08] [INFO] [data][ModbusConnecter][checkConnection]：设备ID=12021 连接检查 - socket正常
[2026-04-20 09:22:38] [INFO] [data][ModbusConnecter][checkConnection]：设备ID=12021 连接检查 - socket正常
[2026-04-20 09:23:08] [INFO] [data][ModbusConnecter][checkConnection]：设备ID=12021 连接检查 - socket正常
[2026-04-20 09:23:38] [INFO] [data][ModbusConnecter][checkConnection]：设备ID=12021 连接检查 - socket正常
[2026-04-20 09:24:08] [INFO] [data][ModbusConnecter][checkConnection]：设备ID=12021 连接检查 - socket正常
[2026-04-20 09:24:38] [INFO] [data][ModbusConnecter][checkConnection]：设备ID=12021 连接检查 - socket正常
[2026-04-20 09:25:08] [INFO] [data][ModbusConnecter][checkConnection]：设备ID=12021 连接检查 - socket正常
[2026-04-20 09:25:38] [INFO] [data][ModbusConnecter][checkConnection]：设备ID=12021 连接检查 - socket正常
[2026-04-20 09:26:08] [INFO] [data][ModbusConnecter][checkConnection]：设备ID=12021 连接检查 - socket正常
[2026-04-20 09:26:38] [INFO] [data][ModbusConnecter][checkConnection]：设备ID=12021 连接检查 - socket正常
[2026-04-20 09:27:08] [INFO] [data][ModbusConnecter][checkConnection]：设备ID=12021 连接检查 - socket正常
[2026-04-20 09:27:38] [INFO] [data][ModbusConnecter][checkConnection]：设备ID=12021 连接检查 - socket正常
[2026-04-20 09:28:08] [INFO] [data][ModbusConnecter][checkConnection]：设备ID=12021 连接检查 - socket正常
[2026-04-20 09:28:38] [INFO] [data][ModbusConnecter][checkConnection]：设备ID=12021 连接检查 - socket正常
[2026-04-20 09:29:08] [INFO] [data][ModbusConnecter][checkConnection]：设备ID=12021 连接检查 - socket正常
[2026-04-20 09:29:38] [INFO] [data][ModbusConnecter][checkConnection]：设备ID=12021 连接检查 - socket正常
[2026-04-20 09:30:08] [INFO] [data][ModbusConnecter][checkConnection]：设备ID=12021 连接检查 - socket正常
[2026-04-20 09:30:38] [INFO] [data][ModbusConnecter][checkConnection]：设备ID=12021 连接检查 - socket正常
[2026-04-20 09:31:08] [INFO] [data][ModbusConnecter][checkConnection]：设备ID=12021 连接检查 - socket正常
[2026-04-20 09:31:38] [INFO] [data][ModbusConnecter][checkConnection]：设备ID=12021 连接检查 - socket正常
[2026-04-20 09:32:08] [INFO] [data][ModbusConnecter][checkConnection]：设备ID=12021 连接检查 - socket正常
[2026-04-20 09:32:38] [INFO] [data][ModbusConnecter][checkConnection]：设备ID=12021 连接检查 - socket正常
[2026-04-20 09:33:08] [INFO] [data][ModbusConnecter][checkConnection]：设备ID=12021 连接检查 - socket正常
[2026-04-20 09:33:38] [INFO] [data][ModbusConnecter][checkConnection]：设备ID=12021 连接检查 - socket正常
[2026-04-20 09:34:08] [INFO] [data][ModbusConnecter][checkConnection]：设备ID=12021 连接检查 - socket正常
[2026-04-20 09:34:38] [INFO] [data][ModbusConnecter][checkConnection]：设备ID=12021 连接检查 - socket正常
[2026-04-20 09:35:08] [INFO] [data][ModbusConnecter][checkConnection]：设备ID=12021 连接检查 - socket正常
[2026-04-20 09:35:38] [INFO] [data][ModbusConnecter][checkConnection]：设备ID=12021 连接检查 - socket正常
[2026-04-20 09:36:08] [INFO] [data][ModbusConnecter][checkConnection]：设备ID=12021 连接检查 - socket正常
[2026-04-20 09:36:38] [INFO] [data][ModbusConnecter][checkConnection]：设备ID=12021 连接检查 - socket正常
[2026-04-20 09:37:08] [INFO] [data][ModbusConnecter][checkConnection]：设备ID=12021 连接检查 - socket正常
[2026-04-20 09:37:38] [INFO] [data][ModbusConnecter][checkConnection]：设备ID=12021 连接检查 - socket正常
[2026-04-20 09:38:08] [INFO] [data][ModbusConnecter][checkConnection]：设备ID=12021 连接检查 - socket正常
[2026-04-20 09:38:38] [INFO] [data][ModbusConnecter][checkConnection]：设备ID=12021 连接检查 - socket正常
[2026-04-20 09:39:08] [INFO] [data][ModbusConnecter][checkConnection]：设备ID=12021 连接检查 - socket正常
[2026-04-20 09:39:38] [INFO] [data][ModbusConnecter][checkConnection]：设备ID=12021 连接检查 - socket正常
[2026-04-20 09:40:08] [INFO] [data][ModbusConnecter][checkConnection]：设备ID=12021 连接检查 - socket正常
[2026-04-20 09:41:41] [INFO] [data][ModbusTcpMaster][enterState]：设备ID=12021 状态切换: 空闲 -> 连接中
[2026-04-20 09:41:41] [INFO] [data][ModbusConnecter][setStatus]：设备ID=12021 状态转变：已断开 -> 连接中
[2026-04-20 09:41:41] [INFO] [data][ModbusConnecter][connectDevice]：设备ID=12021 正在尝试连接服务器 169.254.173.121:8899（非阻塞）
[2026-04-20 09:41:41] [INFO] [data][ModbusTcpMaster][enterState]：设备ID=12021 状态切换: 连接中 -> 指令发送器已启动
[2026-04-20 09:41:41] [INFO] [data][ModbusTcpMaster][startSender]：设备ID=12021 指令发送器已启动，立即进入初始化阶段
[2026-04-20 09:41:41] [INFO] [data][ModbusTcpMaster][enterState]：设备ID=12021 状态切换: 指令发送器已启动 -> 初始指令下发中
[2026-04-20 09:41:41] [INFO] [data][ModbusTcpMaster][enterState]：设备ID=12021 状态切换: 初始指令下发中 -> 启动定时发送器中
[2026-04-20 09:41:41] [INFO] [data][ModbusTcpMaster][startPeriodicSender]：设备ID=12021 定时发送器已启动，进入正常运行状态
[2026-04-20 09:41:41] [INFO] [data][ModbusTcpMaster][enterState]：设备ID=12021 状态切换: 启动定时发送器中 -> 正常运行
[2026-04-20 09:41:41] [INFO] [data][ModbusConnecter][setStatus]：设备ID=12021 状态转变：连接中 -> 已连接
[2026-04-20 09:41:41] [INFO] [data][ModbusConnecter][onAsyncReconnectConnected]：设备ID=12021 重连成功
[2026-04-20 09:41:51] [INFO] [data][ModbusConnecter][startConnectionCheck]：设备ID=12021 启动连接心跳检查
[2026-04-20 09:42:01] [INFO] [data][FirmwareUpgrader][emitState]：[固件升级] 准备阶段开始，文件: C:/Users/Lenovo/Desktop/OHB/OHB_V_1_0_APP.bin
[2026-04-20 09:42:01] [INFO] [data][FirmwareUpgrader][start]：设备ID=12021 目标版本号: 1.0
[2026-04-20 09:42:01] [INFO] [data][FirmwareUpgrader][start]：设备ID=12021 使用预设的 BinFileReader（已读取完成）
[2026-04-20 09:42:01] [INFO] [data][FirmwareUpgrader][start]：设备ID=12021 文件大小: 31884 字节，分包数: 125，CRC: B8 32
[2026-04-20 09:42:01] [INFO] [InitialCommandIssuer]：设备ID=12021 [CyclicCommandIssuer] 已停止
[2026-04-20 09:42:01] [INFO] [PeriodicCommandSender]：设备ID=12021 [CyclicCommandIssuer] 已停止
[2026-04-20 09:42:01] [INFO] [data][FirmwareUpgrader][emitState]：[固件升级] 发送准备升级指令: 01 06 00 AA 00 00 A9 EA
[2026-04-20 09:42:01] [INFO] [data][FirmwareUpgrader][onSocketReadyRead]：设备ID=12021 readyRead: state=1, incoming=8, bufTotal=8
[2026-04-20 09:42:01] [INFO] [data][FirmwareUpgrader][emitState]：[固件升级] 准备升级响应成功: 01 06 00 AA 00 00 A9 EA
[2026-04-20 09:42:01] [INFO] [data][FirmwareUpgrader][emitState]：[固件升级] 等待设备准备就绪 1000 ms
[2026-04-20 09:42:02] [INFO] [data][FirmwareUpgrader][emitState]：[固件升级] 设备等待完毕（1000 ms），开始数据传输
[2026-04-20 09:42:02] [INFO] [data][FirmwareUpgrader][emitState]：[固件升级] 发送第一帧（256 字节，数据区 248 字节）
[2026-04-20 09:42:03] [INFO] [data][FirmwareUpgrader][emitState]：[固件升级] 发送数据帧 2/125（256 字节）
[2026-04-20 09:42:03] [INFO] [data][FirmwareUpgrader][emitState]：[固件升级] 发送数据帧 3/125（256 字节）
[2026-04-20 09:42:03] [INFO] [data][FirmwareUpgrader][emitState]：[固件升级] 发送数据帧 4/125（256 字节）
[2026-04-20 09:42:03] [INFO] [data][FirmwareUpgrader][emitState]：[固件升级] 发送数据帧 5/125（256 字节）
[2026-04-20 09:42:03] [INFO] [data][FirmwareUpgrader][emitState]：[固件升级] 发送数据帧 6/125（256 字节）
[2026-04-20 09:42:03] [INFO] [data][FirmwareUpgrader][emitState]：[固件升级] 发送数据帧 7/125（256 字节）
[2026-04-20 09:42:04] [INFO] [data][FirmwareUpgrader][emitState]：[固件升级] 发送数据帧 8/125（256 字节）
[2026-04-20 09:42:04] [INFO] [data][FirmwareUpgrader][emitState]：[固件升级] 发送数据帧 9/125（256 字节）
[2026-04-20 09:42:04] [INFO] [data][FirmwareUpgrader][emitState]：[固件升级] 发送数据帧 10/125（256 字节）
[2026-04-20 09:42:04] [INFO] [data][FirmwareUpgrader][emitState]：[固件升级] 发送数据帧 11/125（256 字节）
[2026-04-20 09:42:04] [INFO] [data][FirmwareUpgrader][emitState]：[固件升级] 发送数据帧 12/125（256 字节）
[2026-04-20 09:42:04] [INFO] [data][FirmwareUpgrader][emitState]：[固件升级] 发送数据帧 13/125（256 字节）
[2026-04-20 09:42:05] [INFO] [data][FirmwareUpgrader][emitState]：[固件升级] 发送数据帧 14/125（256 字节）
[2026-04-20 09:42:05] [INFO] [data][FirmwareUpgrader][emitState]：[固件升级] 发送数据帧 15/125（256 字节）
[2026-04-20 09:42:05] [INFO] [data][FirmwareUpgrader][emitState]：[固件升级] 发送数据帧 16/125（256 字节）
[2026-04-20 09:42:05] [INFO] [data][FirmwareUpgrader][emitState]：[固件升级] 发送数据帧 17/125（256 字节）
[2026-04-20 09:42:05] [INFO] [data][FirmwareUpgrader][emitState]：[固件升级] 发送数据帧 18/125（256 字节）
[2026-04-20 09:42:05] [INFO] [data][FirmwareUpgrader][emitState]：[固件升级] 发送数据帧 19/125（256 字节）
[2026-04-20 09:42:06] [INFO] [data][FirmwareUpgrader][emitState]：[固件升级] 发送数据帧 20/125（256 字节）
[2026-04-20 09:42:06] [INFO] [data][FirmwareUpgrader][emitState]：[固件升级] 发送数据帧 21/125（256 字节）
[2026-04-20 09:42:06] [INFO] [data][FirmwareUpgrader][emitState]：[固件升级] 发送数据帧 22/125（256 字节）
[2026-04-20 09:42:06] [INFO] [data][FirmwareUpgrader][emitState]：[固件升级] 发送数据帧 23/125（256 字节）
[2026-04-20 09:42:06] [INFO] [data][FirmwareUpgrader][emitState]：[固件升级] 发送数据帧 24/125（256 字节）
[2026-04-20 09:42:06] [INFO] [data][FirmwareUpgrader][emitState]：[固件升级] 发送数据帧 25/125（256 字节）
[2026-04-20 09:42:07] [INFO] [data][FirmwareUpgrader][emitState]：[固件升级] 发送数据帧 26/125（256 字节）
[2026-04-20 09:42:07] [INFO] [data][FirmwareUpgrader][emitState]：[固件升级] 发送数据帧 27/125（256 字节）
[2026-04-20 09:42:07] [INFO] [data][FirmwareUpgrader][emitState]：[固件升级] 发送数据帧 28/125（256 字节）
[2026-04-20 09:42:07] [INFO] [data][FirmwareUpgrader][emitState]：[固件升级] 发送数据帧 29/125（256 字节）
[2026-04-20 09:42:07] [INFO] [data][FirmwareUpgrader][emitState]：[固件升级] 发送数据帧 30/125（256 字节）
[2026-04-20 09:42:07] [INFO] [data][FirmwareUpgrader][emitState]：[固件升级] 发送数据帧 31/125（256 字节）
[2026-04-20 09:42:08] [INFO] [data][FirmwareUpgrader][emitState]：[固件升级] 发送数据帧 32/125（256 字节）
[2026-04-20 09:42:08] [INFO] [data][FirmwareUpgrader][emitState]：[固件升级] 发送数据帧 33/125（256 字节）
[2026-04-20 09:42:08] [INFO] [data][FirmwareUpgrader][emitState]：[固件升级] 发送数据帧 34/125（256 字节）
[2026-04-20 09:42:08] [INFO] [data][FirmwareUpgrader][emitState]：[固件升级] 发送数据帧 35/125（256 字节）
[2026-04-20 09:42:08] [INFO] [data][FirmwareUpgrader][emitState]：[固件升级] 发送数据帧 36/125（256 字节）
[2026-04-20 09:42:09] [INFO] [data][FirmwareUpgrader][emitState]：[固件升级] 发送数据帧 37/125（256 字节）
[2026-04-20 09:42:09] [INFO] [data][FirmwareUpgrader][emitState]：[固件升级] 发送数据帧 38/125（256 字节）
[2026-04-20 09:42:09] [INFO] [data][FirmwareUpgrader][emitState]：[固件升级] 发送数据帧 39/125（256 字节）
[2026-04-20 09:42:09] [INFO] [data][FirmwareUpgrader][emitState]：[固件升级] 发送数据帧 40/125（256 字节）
[2026-04-20 09:42:09] [INFO] [data][FirmwareUpgrader][emitState]：[固件升级] 发送数据帧 41/125（256 字节）
[2026-04-20 09:42:09] [INFO] [data][FirmwareUpgrader][emitState]：[固件升级] 发送数据帧 42/125（256 字节）
[2026-04-20 09:42:10] [INFO] [data][FirmwareUpgrader][emitState]：[固件升级] 发送数据帧 43/125（256 字节）
[2026-04-20 09:42:10] [INFO] [data][FirmwareUpgrader][emitState]：[固件升级] 发送数据帧 44/125（256 字节）
[2026-04-20 09:42:10] [INFO] [data][FirmwareUpgrader][emitState]：[固件升级] 发送数据帧 45/125（256 字节）
[2026-04-20 09:42:10] [INFO] [data][FirmwareUpgrader][emitState]：[固件升级] 发送数据帧 46/125（256 字节）
[2026-04-20 09:42:10] [INFO] [data][FirmwareUpgrader][emitState]：[固件升级] 发送数据帧 47/125（256 字节）
[2026-04-20 09:42:10] [INFO] [data][FirmwareUpgrader][emitState]：[固件升级] 发送数据帧 48/125（256 字节）
[2026-04-20 09:42:11] [INFO] [data][FirmwareUpgrader][emitState]：[固件升级] 发送数据帧 49/125（256 字节）
[2026-04-20 09:42:11] [INFO] [data][FirmwareUpgrader][emitState]：[固件升级] 发送数据帧 50/125（256 字节）
[2026-04-20 09:42:11] [INFO] [data][FirmwareUpgrader][emitState]：[固件升级] 发送数据帧 51/125（256 字节）
[2026-04-20 09:42:11] [INFO] [data][FirmwareUpgrader][emitState]：[固件升级] 发送数据帧 52/125（256 字节）
[2026-04-20 09:42:11] [INFO] [data][FirmwareUpgrader][emitState]：[固件升级] 发送数据帧 53/125（256 字节）
[2026-04-20 09:42:11] [INFO] [data][FirmwareUpgrader][emitState]：[固件升级] 发送数据帧 54/125（256 字节）
[2026-04-20 09:42:12] [INFO] [data][FirmwareUpgrader][emitState]：[固件升级] 发送数据帧 55/125（256 字节）
[2026-04-20 09:42:12] [INFO] [data][FirmwareUpgrader][emitState]：[固件升级] 发送数据帧 56/125（256 字节）
[2026-04-20 09:42:12] [INFO] [data][FirmwareUpgrader][emitState]：[固件升级] 发送数据帧 57/125（256 字节）
[2026-04-20 09:42:12] [INFO] [data][FirmwareUpgrader][emitState]：[固件升级] 发送数据帧 58/125（256 字节）
[2026-04-20 09:42:12] [INFO] [data][FirmwareUpgrader][emitState]：[固件升级] 发送数据帧 59/125（256 字节）
[2026-04-20 09:42:12] [INFO] [data][FirmwareUpgrader][emitState]：[固件升级] 发送数据帧 60/125（256 字节）
[2026-04-20 09:42:13] [INFO] [data][FirmwareUpgrader][emitState]：[固件升级] 发送数据帧 61/125（256 字节）
[2026-04-20 09:42:13] [INFO] [data][FirmwareUpgrader][emitState]：[固件升级] 发送数据帧 62/125（256 字节）
[2026-04-20 09:42:13] [INFO] [data][FirmwareUpgrader][emitState]：[固件升级] 发送数据帧 63/125（256 字节）
[2026-04-20 09:42:13] [INFO] [data][FirmwareUpgrader][emitState]：[固件升级] 发送数据帧 64/125（256 字节）
[2026-04-20 09:42:13] [INFO] [data][FirmwareUpgrader][emitState]：[固件升级] 发送数据帧 65/125（256 字节）
[2026-04-20 09:42:14] [INFO] [data][FirmwareUpgrader][emitState]：[固件升级] 发送数据帧 66/125（256 字节）
[2026-04-20 09:42:14] [INFO] [data][FirmwareUpgrader][emitState]：[固件升级] 发送数据帧 67/125（256 字节）
[2026-04-20 09:42:14] [INFO] [data][FirmwareUpgrader][emitState]：[固件升级] 发送数据帧 68/125（256 字节）
[2026-04-20 09:42:14] [INFO] [data][FirmwareUpgrader][emitState]：[固件升级] 发送数据帧 69/125（256 字节）
[2026-04-20 09:42:14] [INFO] [data][FirmwareUpgrader][emitState]：[固件升级] 发送数据帧 70/125（256 字节）
[2026-04-20 09:42:14] [INFO] [data][FirmwareUpgrader][emitState]：[固件升级] 发送数据帧 71/125（256 字节）
[2026-04-20 09:42:15] [INFO] [data][FirmwareUpgrader][emitState]：[固件升级] 发送数据帧 72/125（256 字节）
[2026-04-20 09:42:15] [INFO] [data][FirmwareUpgrader][emitState]：[固件升级] 发送数据帧 73/125（256 字节）
[2026-04-20 09:42:15] [INFO] [data][FirmwareUpgrader][emitState]：[固件升级] 发送数据帧 74/125（256 字节）
[2026-04-20 09:42:15] [INFO] [data][FirmwareUpgrader][emitState]：[固件升级] 发送数据帧 75/125（256 字节）
[2026-04-20 09:42:15] [INFO] [data][FirmwareUpgrader][emitState]：[固件升级] 发送数据帧 76/125（256 字节）
[2026-04-20 09:42:15] [INFO] [data][FirmwareUpgrader][emitState]：[固件升级] 发送数据帧 77/125（256 字节）
[2026-04-20 09:42:16] [INFO] [data][FirmwareUpgrader][emitState]：[固件升级] 发送数据帧 78/125（256 字节）
[2026-04-20 09:42:16] [INFO] [data][FirmwareUpgrader][emitState]：[固件升级] 发送数据帧 79/125（256 字节）
[2026-04-20 09:42:16] [INFO] [data][FirmwareUpgrader][emitState]：[固件升级] 发送数据帧 80/125（256 字节）
[2026-04-20 09:42:16] [INFO] [data][FirmwareUpgrader][emitState]：[固件升级] 发送数据帧 81/125（256 字节）
[2026-04-20 09:42:16] [INFO] [data][FirmwareUpgrader][emitState]：[固件升级] 发送数据帧 82/125（256 字节）
[2026-04-20 09:42:16] [INFO] [data][FirmwareUpgrader][emitState]：[固件升级] 发送数据帧 83/125（256 字节）
[2026-04-20 09:42:17] [INFO] [data][FirmwareUpgrader][emitState]：[固件升级] 发送数据帧 84/125（256 字节）
[2026-04-20 09:42:17] [INFO] [data][FirmwareUpgrader][emitState]：[固件升级] 发送数据帧 85/125（256 字节）
[2026-04-20 09:42:17] [INFO] [data][FirmwareUpgrader][emitState]：[固件升级] 发送数据帧 86/125（256 字节）
[2026-04-20 09:42:17] [INFO] [data][FirmwareUpgrader][emitState]：[固件升级] 发送数据帧 87/125（256 字节）
[2026-04-20 09:42:17] [INFO] [data][FirmwareUpgrader][emitState]：[固件升级] 发送数据帧 88/125（256 字节）
[2026-04-20 09:42:17] [INFO] [data][FirmwareUpgrader][emitState]：[固件升级] 发送数据帧 89/125（256 字节）
[2026-04-20 09:42:18] [INFO] [data][FirmwareUpgrader][emitState]：[固件升级] 发送数据帧 90/125（256 字节）
[2026-04-20 09:42:18] [INFO] [data][FirmwareUpgrader][emitState]：[固件升级] 发送数据帧 91/125（256 字节）
[2026-04-20 09:42:18] [INFO] [data][FirmwareUpgrader][emitState]：[固件升级] 发送数据帧 92/125（256 字节）
[2026-04-20 09:42:18] [INFO] [data][FirmwareUpgrader][emitState]：[固件升级] 发送数据帧 93/125（256 字节）
[2026-04-20 09:42:18] [INFO] [data][FirmwareUpgrader][emitState]：[固件升级] 发送数据帧 94/125（256 字节）
[2026-04-20 09:42:18] [INFO] [data][FirmwareUpgrader][emitState]：[固件升级] 发送数据帧 95/125（256 字节）
[2026-04-20 09:42:19] [INFO] [data][FirmwareUpgrader][emitState]：[固件升级] 发送数据帧 96/125（256 字节）
[2026-04-20 09:42:19] [INFO] [data][FirmwareUpgrader][emitState]：[固件升级] 发送数据帧 97/125（256 字节）
[2026-04-20 09:42:19] [INFO] [data][FirmwareUpgrader][emitState]：[固件升级] 发送数据帧 98/125（256 字节）
[2026-04-20 09:42:19] [INFO] [data][FirmwareUpgrader][emitState]：[固件升级] 发送数据帧 99/125（256 字节）
[2026-04-20 09:42:19] [INFO] [data][FirmwareUpgrader][emitState]：[固件升级] 发送数据帧 100/125（256 字节）
[2026-04-20 09:42:20] [INFO] [data][FirmwareUpgrader][emitState]：[固件升级] 发送数据帧 101/125（256 字节）
[2026-04-20 09:42:20] [INFO] [data][FirmwareUpgrader][emitState]：[固件升级] 发送数据帧 102/125（256 字节）
[2026-04-20 09:42:20] [INFO] [data][FirmwareUpgrader][emitState]：[固件升级] 发送数据帧 103/125（256 字节）
[2026-04-20 09:42:20] [INFO] [data][FirmwareUpgrader][emitState]：[固件升级] 发送数据帧 104/125（256 字节）
[2026-04-20 09:42:20] [INFO] [data][FirmwareUpgrader][emitState]：[固件升级] 发送数据帧 105/125（256 字节）
[2026-04-20 09:42:20] [INFO] [data][FirmwareUpgrader][emitState]：[固件升级] 发送数据帧 106/125（256 字节）
[2026-04-20 09:42:21] [INFO] [data][FirmwareUpgrader][emitState]：[固件升级] 发送数据帧 107/125（256 字节）
[2026-04-20 09:42:21] [INFO] [data][ModbusConnecter][checkConnection]：设备ID=12021 连接检查 - socket正常
[2026-04-20 09:42:21] [INFO] [data][FirmwareUpgrader][emitState]：[固件升级] 发送数据帧 108/125（256 字节）
[2026-04-20 09:42:21] [INFO] [data][FirmwareUpgrader][emitState]：[固件升级] 发送数据帧 109/125（256 字节）
[2026-04-20 09:42:21] [INFO] [data][FirmwareUpgrader][emitState]：[固件升级] 发送数据帧 110/125（256 字节）
[2026-04-20 09:42:21] [INFO] [data][FirmwareUpgrader][emitState]：[固件升级] 发送数据帧 111/125（256 字节）
[2026-04-20 09:42:21] [INFO] [data][FirmwareUpgrader][emitState]：[固件升级] 发送数据帧 112/125（256 字节）
[2026-04-20 09:42:22] [INFO] [data][FirmwareUpgrader][emitState]：[固件升级] 发送数据帧 113/125（256 字节）
[2026-04-20 09:42:22] [INFO] [data][FirmwareUpgrader][emitState]：[固件升级] 发送数据帧 114/125（256 字节）
[2026-04-20 09:42:22] [INFO] [data][FirmwareUpgrader][emitState]：[固件升级] 发送数据帧 115/125（256 字节）
[2026-04-20 09:42:22] [INFO] [data][FirmwareUpgrader][emitState]：[固件升级] 发送数据帧 116/125（256 字节）
[2026-04-20 09:42:22] [INFO] [data][FirmwareUpgrader][emitState]：[固件升级] 发送数据帧 117/125（256 字节）
[2026-04-20 09:42:22] [INFO] [data][FirmwareUpgrader][emitState]：[固件升级] 发送数据帧 118/125（256 字节）
[2026-04-20 09:42:23] [INFO] [data][FirmwareUpgrader][emitState]：[固件升级] 发送数据帧 119/125（256 字节）
[2026-04-20 09:42:23] [INFO] [data][FirmwareUpgrader][emitState]：[固件升级] 发送数据帧 120/125（256 字节）
[2026-04-20 09:42:23] [INFO] [data][FirmwareUpgrader][emitState]：[固件升级] 发送数据帧 121/125（256 字节）
[2026-04-20 09:42:23] [INFO] [data][FirmwareUpgrader][emitState]：[固件升级] 发送数据帧 122/125（256 字节）
[2026-04-20 09:42:23] [INFO] [data][FirmwareUpgrader][emitState]：[固件升级] 发送数据帧 123/125（256 字节）
[2026-04-20 09:42:23] [INFO] [data][FirmwareUpgrader][emitState]：[固件升级] 发送数据帧 124/125（256 字节）
[2026-04-20 09:42:24] [INFO] [data][FirmwareUpgrader][emitState]：[固件升级] 发送最后一帧（150 字节，含 CRC 2 字节），等待响应
[2026-04-20 09:42:25] [INFO] [data][FirmwareUpgrader][onSocketReadyRead]：设备ID=12021 readyRead: state=7, incoming=8, bufTotal=8
[2026-04-20 09:42:25] [INFO] [data][FirmwareUpgrader][handleTransferResponse]：设备ID=12021 SendingLastFrame readyRead: buf(8) = 01 06 00 BB 00 00 F9 EF
[2026-04-20 09:42:25] [INFO] [data][FirmwareUpgrader][emitState]：[固件升级] 数据传输完成响应成功: 01 06 00 BB 00 00 F9 EF
[2026-04-20 09:42:25] [INFO] [data][FirmwareUpgrader][emitState]：[固件升级] 发送获取版本号指令 (AreYouThere): 02 33 00 00 31 B0 14
[2026-04-20 09:42:25] [INFO] [data][FirmwareUpgrader][onSocketReadyRead]：设备ID=12021 readyRead: state=9, incoming=9, bufTotal=9
[2026-04-20 09:42:25] [INFO] [data][FirmwareUpgrader][emitState]：[固件升级] 收到版本号响应: 03 35 00 00 31 31 30 60 4B
[2026-04-20 09:42:25] [INFO] [data][FirmwareUpgrader][emitState]：[固件升级] 版本校对成功：当前 1.0，目标 1.0
[2026-04-20 09:42:25] [INFO] [data][ModbusTcpMaster][enterState]：设备ID=12021 状态切换: 正常运行 -> 指令发送器已启动
[2026-04-20 09:42:25] [INFO] [data][ModbusTcpMaster][startSender]：设备ID=12021 指令发送器已启动，立即进入初始化阶段
[2026-04-20 09:42:25] [INFO] [data][ModbusTcpMaster][enterState]：设备ID=12021 状态切换: 指令发送器已启动 -> 初始指令下发中
[2026-04-20 09:42:25] [INFO] [data][ModbusTcpMaster][enterState]：设备ID=12021 状态切换: 初始指令下发中 -> 启动定时发送器中
[2026-04-20 09:42:25] [INFO] [data][ModbusTcpMaster][startPeriodicSender]：设备ID=12021 定时发送器已启动，进入正常运行状态
[2026-04-20 09:42:25] [INFO] [data][ModbusTcpMaster][enterState]：设备ID=12021 状态切换: 启动定时发送器中 -> 正常运行
[2026-04-20 09:42:51] [INFO] [data][ModbusConnecter][checkConnection]：设备ID=12021 连接检查 - socket正常
[2026-04-20 09:43:21] [INFO] [data][ModbusConnecter][checkConnection]：设备ID=12021 连接检查 - socket正常
[2026-04-20 09:43:51] [INFO] [data][ModbusConnecter][checkConnection]：设备ID=12021 连接检查 - socket正常
[2026-04-20 09:44:21] [INFO] [data][ModbusConnecter][checkConnection]：设备ID=12021 连接检查 - socket正常
[2026-04-20 09:44:51] [INFO] [data][ModbusConnecter][checkConnection]：设备ID=12021 连接检查 - socket正常
[2026-04-20 09:45:21] [INFO] [data][ModbusConnecter][checkConnection]：设备ID=12021 连接检查 - socket正常
[2026-04-20 09:45:51] [INFO] [data][ModbusConnecter][checkConnection]：设备ID=12021 连接检查 - socket正常
[2026-04-20 09:46:21] [INFO] [data][ModbusConnecter][checkConnection]：设备ID=12021 连接检查 - socket正常
[2026-04-20 09:46:51] [INFO] [data][ModbusConnecter][checkConnection]：设备ID=12021 连接检查 - socket正常
[2026-04-20 09:47:21] [INFO] [data][ModbusConnecter][checkConnection]：设备ID=12021 连接检查 - socket正常
[2026-04-20 09:47:51] [INFO] [data][ModbusConnecter][checkConnection]：设备ID=12021 连接检查 - socket正常
[2026-04-20 09:48:21] [INFO] [data][ModbusConnecter][checkConnection]：设备ID=12021 连接检查 - socket正常
[2026-04-20 09:48:51] [INFO] [data][ModbusConnecter][checkConnection]：设备ID=12021 连接检查 - socket正常
[2026-04-20 09:49:21] [INFO] [data][ModbusConnecter][checkConnection]：设备ID=12021 连接检查 - socket正常
[2026-04-20 09:49:51] [INFO] [data][ModbusConnecter][checkConnection]：设备ID=12021 连接检查 - socket正常
[2026-04-20 09:50:21] [INFO] [data][ModbusConnecter][checkConnection]：设备ID=12021 连接检查 - socket正常
[2026-04-20 09:50:51] [INFO] [data][ModbusConnecter][checkConnection]：设备ID=12021 连接检查 - socket正常
[2026-04-20 09:51:21] [INFO] [data][ModbusConnecter][checkConnection]：设备ID=12021 连接检查 - socket正常
[2026-04-20 09:51:51] [INFO] [data][ModbusConnecter][checkConnection]：设备ID=12021 连接检查 - socket正常
[2026-04-20 09:52:21] [INFO] [data][ModbusConnecter][checkConnection]：设备ID=12021 连接检查 - socket正常
[2026-04-20 09:52:51] [INFO] [data][ModbusConnecter][checkConnection]：设备ID=12021 连接检查 - socket正常
[2026-04-20 09:53:21] [INFO] [data][ModbusConnecter][checkConnection]：设备ID=12021 连接检查 - socket正常
[2026-04-20 09:53:51] [INFO] [data][ModbusConnecter][checkConnection]：设备ID=12021 连接检查 - socket正常
[2026-04-20 09:54:44] [INFO] [data][ModbusTcpMaster][enterState]：设备ID=12021 状态切换: 空闲 -> 连接中
[2026-04-20 09:54:44] [INFO] [data][ModbusConnecter][setStatus]：设备ID=12021 状态转变：已断开 -> 连接中
[2026-04-20 09:54:44] [INFO] [data][ModbusConnecter][connectDevice]：设备ID=12021 正在尝试连接服务器 169.254.173.121:8899（非阻塞）
[2026-04-20 09:54:44] [INFO] [data][ModbusTcpMaster][enterState]：设备ID=12021 状态切换: 连接中 -> 指令发送器已启动
[2026-04-20 09:54:44] [INFO] [data][ModbusTcpMaster][startSender]：设备ID=12021 指令发送器已启动，立即进入初始化阶段
[2026-04-20 09:54:44] [INFO] [data][ModbusTcpMaster][enterState]：设备ID=12021 状态切换: 指令发送器已启动 -> 初始指令下发中
[2026-04-20 09:54:44] [INFO] [data][ModbusTcpMaster][enterState]：设备ID=12021 状态切换: 初始指令下发中 -> 启动定时发送器中
[2026-04-20 09:54:44] [INFO] [data][ModbusTcpMaster][startPeriodicSender]：设备ID=12021 定时发送器已启动，进入正常运行状态
[2026-04-20 09:54:44] [INFO] [data][ModbusTcpMaster][enterState]：设备ID=12021 状态切换: 启动定时发送器中 -> 正常运行
[2026-04-20 09:54:44] [INFO] [data][ModbusConnecter][setStatus]：设备ID=12021 状态转变：连接中 -> 已连接
[2026-04-20 09:54:44] [INFO] [data][ModbusConnecter][onAsyncReconnectConnected]：设备ID=12021 重连成功
[2026-04-20 09:54:54] [INFO] [data][ModbusConnecter][startConnectionCheck]：设备ID=12021 启动连接心跳检查
[2026-04-20 09:55:24] [INFO] [data][ModbusConnecter][checkConnection]：设备ID=12021 连接检查 - socket正常
[2026-04-20 09:55:54] [INFO] [data][ModbusConnecter][checkConnection]：设备ID=12021 连接检查 - socket正常
[2026-04-20 09:56:24] [INFO] [data][ModbusConnecter][checkConnection]：设备ID=12021 连接检查 - socket正常
[2026-04-20 09:56:54] [INFO] [data][ModbusConnecter][checkConnection]：设备ID=12021 连接检查 - socket正常
[2026-04-20 09:57:24] [INFO] [data][ModbusConnecter][checkConnection]：设备ID=12021 连接检查 - socket正常
[2026-04-20 09:57:54] [INFO] [data][ModbusConnecter][checkConnection]：设备ID=12021 连接检查 - socket正常
[2026-04-20 09:58:24] [INFO] [data][ModbusConnecter][checkConnection]：设备ID=12021 连接检查 - socket正常
[2026-04-20 09:59:28] [INFO] [data][ModbusTcpMaster][enterState]：设备ID=12021 状态切换: 空闲 -> 连接中
[2026-04-20 09:59:28] [INFO] [data][ModbusConnecter][setStatus]：设备ID=12021 状态转变：已断开 -> 连接中
[2026-04-20 09:59:28] [INFO] [data][ModbusConnecter][connectDevice]：设备ID=12021 正在尝试连接服务器 169.254.173.121:8899（非阻塞）
[2026-04-20 09:59:28] [INFO] [data][ModbusTcpMaster][enterState]：设备ID=12021 状态切换: 连接中 -> 指令发送器已启动
[2026-04-20 09:59:28] [INFO] [data][ModbusTcpMaster][startSender]：设备ID=12021 指令发送器已启动，立即进入初始化阶段
[2026-04-20 09:59:28] [INFO] [data][ModbusTcpMaster][enterState]：设备ID=12021 状态切换: 指令发送器已启动 -> 初始指令下发中
[2026-04-20 09:59:28] [INFO] [data][ModbusTcpMaster][enterState]：设备ID=12021 状态切换: 初始指令下发中 -> 启动定时发送器中
[2026-04-20 09:59:28] [INFO] [data][ModbusTcpMaster][startPeriodicSender]：设备ID=12021 定时发送器已启动，进入正常运行状态
[2026-04-20 09:59:28] [INFO] [data][ModbusTcpMaster][enterState]：设备ID=12021 状态切换: 启动定时发送器中 -> 正常运行
[2026-04-20 09:59:28] [INFO] [data][ModbusConnecter][setStatus]：设备ID=12021 状态转变：连接中 -> 已连接
[2026-04-20 09:59:28] [INFO] [data][ModbusConnecter][onAsyncReconnectConnected]：设备ID=12021 重连成功
[2026-04-20 09:59:38] [INFO] [data][ModbusConnecter][startConnectionCheck]：设备ID=12021 启动连接心跳检查
[2026-04-20 10:00:08] [INFO] [data][ModbusConnecter][checkConnection]：设备ID=12021 连接检查 - socket正常
[2026-04-20 10:01:42] [INFO] [data][ModbusTcpMaster][enterState]：设备ID=12021 状态切换: 空闲 -> 连接中
[2026-04-20 10:01:42] [INFO] [data][ModbusConnecter][setStatus]：设备ID=12021 状态转变：已断开 -> 连接中
[2026-04-20 10:01:42] [INFO] [data][ModbusConnecter][connectDevice]：设备ID=12021 正在尝试连接服务器 169.254.173.121:8899（非阻塞）
[2026-04-20 10:01:42] [INFO] [data][ModbusTcpMaster][enterState]：设备ID=12021 状态切换: 连接中 -> 指令发送器已启动
[2026-04-20 10:01:42] [INFO] [data][ModbusTcpMaster][startSender]：设备ID=12021 指令发送器已启动，立即进入初始化阶段
[2026-04-20 10:01:42] [INFO] [data][ModbusTcpMaster][enterState]：设备ID=12021 状态切换: 指令发送器已启动 -> 初始指令下发中
[2026-04-20 10:01:42] [INFO] [data][ModbusTcpMaster][enterState]：设备ID=12021 状态切换: 初始指令下发中 -> 启动定时发送器中
[2026-04-20 10:01:42] [INFO] [data][ModbusTcpMaster][startPeriodicSender]：设备ID=12021 定时发送器已启动，进入正常运行状态
[2026-04-20 10:01:42] [INFO] [data][ModbusTcpMaster][enterState]：设备ID=12021 状态切换: 启动定时发送器中 -> 正常运行
[2026-04-20 10:01:42] [INFO] [data][ModbusConnecter][setStatus]：设备ID=12021 状态转变：连接中 -> 已连接
[2026-04-20 10:01:42] [INFO] [data][ModbusConnecter][onAsyncReconnectConnected]：设备ID=12021 重连成功
[2026-04-20 10:01:52] [INFO] [data][ModbusConnecter][startConnectionCheck]：设备ID=12021 启动连接心跳检查
[2026-04-20 10:05:53] [INFO] [data][ModbusTcpMaster][enterState]：设备ID=12021 状态切换: 空闲 -> 连接中
[2026-04-20 10:05:53] [INFO] [data][ModbusConnecter][setStatus]：设备ID=12021 状态转变：已断开 -> 连接中
[2026-04-20 10:05:53] [INFO] [data][ModbusConnecter][connectDevice]：设备ID=12021 正在尝试连接服务器 169.254.173.121:8899（非阻塞）
[2026-04-20 10:05:53] [INFO] [data][ModbusTcpMaster][enterState]：设备ID=12021 状态切换: 连接中 -> 指令发送器已启动
[2026-04-20 10:05:53] [INFO] [data][ModbusTcpMaster][startSender]：设备ID=12021 指令发送器已启动，立即进入初始化阶段
[2026-04-20 10:05:53] [INFO] [data][ModbusTcpMaster][enterState]：设备ID=12021 状态切换: 指令发送器已启动 -> 初始指令下发中
[2026-04-20 10:05:53] [INFO] [data][ModbusTcpMaster][enterState]：设备ID=12021 状态切换: 初始指令下发中 -> 启动定时发送器中
[2026-04-20 10:05:53] [INFO] [data][ModbusTcpMaster][startPeriodicSender]：设备ID=12021 定时发送器已启动，进入正常运行状态
[2026-04-20 10:05:53] [INFO] [data][ModbusTcpMaster][enterState]：设备ID=12021 状态切换: 启动定时发送器中 -> 正常运行
[2026-04-20 10:05:53] [INFO] [data][ModbusConnecter][setStatus]：设备ID=12021 状态转变：连接中 -> 已连接
[2026-04-20 10:05:53] [INFO] [data][ModbusConnecter][onAsyncReconnectConnected]：设备ID=12021 重连成功
[2026-04-20 10:06:03] [INFO] [data][ModbusConnecter][startConnectionCheck]：设备ID=12021 启动连接心跳检查
[2026-04-20 10:06:33] [INFO] [data][ModbusConnecter][checkConnection]：设备ID=12021 连接检查 - socket正常
[2026-04-20 10:07:03] [INFO] [data][ModbusConnecter][checkConnection]：设备ID=12021 连接检查 - socket正常
[2026-04-20 10:07:33] [INFO] [data][ModbusConnecter][checkConnection]：设备ID=12021 连接检查 - socket正常
[2026-04-20 10:08:03] [INFO] [data][ModbusConnecter][checkConnection]：设备ID=12021 连接检查 - socket正常
[2026-04-20 10:08:33] [INFO] [data][ModbusConnecter][checkConnection]：设备ID=12021 连接检查 - socket正常
[2026-04-20 10:09:03] [INFO] [data][ModbusConnecter][checkConnection]：设备ID=12021 连接检查 - socket正常
[2026-04-20 10:12:30] [INFO] [data][ModbusTcpMaster][enterState]：设备ID=12021 状态切换: 空闲 -> 连接中
[2026-04-20 10:12:30] [INFO] [data][ModbusConnecter][setStatus]：设备ID=12021 状态转变：已断开 -> 连接中
[2026-04-20 10:12:30] [INFO] [data][ModbusConnecter][connectDevice]：设备ID=12021 正在尝试连接服务器 169.254.173.121:8899（非阻塞）
[2026-04-20 10:12:30] [INFO] [data][ModbusTcpMaster][enterState]：设备ID=12021 状态切换: 连接中 -> 指令发送器已启动
[2026-04-20 10:12:30] [INFO] [data][ModbusTcpMaster][startSender]：设备ID=12021 指令发送器已启动，立即进入初始化阶段
[2026-04-20 10:12:30] [INFO] [data][ModbusTcpMaster][enterState]：设备ID=12021 状态切换: 指令发送器已启动 -> 初始指令下发中
[2026-04-20 10:12:30] [INFO] [data][ModbusTcpMaster][enterState]：设备ID=12021 状态切换: 初始指令下发中 -> 启动定时发送器中
[2026-04-20 10:12:30] [INFO] [data][ModbusTcpMaster][startPeriodicSender]：设备ID=12021 定时发送器已启动，进入正常运行状态
[2026-04-20 10:12:30] [INFO] [data][ModbusTcpMaster][enterState]：设备ID=12021 状态切换: 启动定时发送器中 -> 正常运行
[2026-04-20 10:12:30] [INFO] [data][ModbusConnecter][setStatus]：设备ID=12021 状态转变：连接中 -> 已连接
[2026-04-20 10:12:30] [INFO] [data][ModbusConnecter][onAsyncReconnectConnected]：设备ID=12021 重连成功
[2026-04-20 10:12:40] [INFO] [data][ModbusConnecter][startConnectionCheck]：设备ID=12021 启动连接心跳检查
[2026-04-20 10:13:10] [INFO] [data][ModbusConnecter][checkConnection]：设备ID=12021 连接检查 - socket正常
[2026-04-20 10:13:40] [INFO] [data][ModbusConnecter][checkConnection]：设备ID=12021 连接检查 - socket正常
[2026-04-20 10:14:10] [INFO] [data][ModbusConnecter][checkConnection]：设备ID=12021 连接检查 - socket正常
[2026-04-20 10:14:40] [INFO] [data][ModbusConnecter][checkConnection]：设备ID=12021 连接检查 - socket正常
[2026-04-20 10:15:10] [INFO] [data][ModbusConnecter][checkConnection]：设备ID=12021 连接检查 - socket正常
[2026-04-20 10:15:40] [INFO] [data][ModbusConnecter][checkConnection]：设备ID=12021 连接检查 - socket正常
[2026-04-20 10:16:10] [INFO] [data][ModbusConnecter][checkConnection]：设备ID=12021 连接检查 - socket正常
[2026-04-20 10:16:40] [INFO] [data][ModbusConnecter][checkConnection]：设备ID=12021 连接检查 - socket正常
[2026-04-20 10:17:10] [INFO] [data][ModbusConnecter][checkConnection]：设备ID=12021 连接检查 - socket正常
[2026-04-20 10:17:40] [INFO] [data][ModbusConnecter][checkConnection]：设备ID=12021 连接检查 - socket正常
[2026-04-20 10:18:10] [INFO] [data][ModbusConnecter][checkConnection]：设备ID=12021 连接检查 - socket正常
[2026-04-20 10:18:40] [INFO] [data][ModbusConnecter][checkConnection]：设备ID=12021 连接检查 - socket正常
[2026-04-20 10:19:10] [INFO] [data][ModbusConnecter][checkConnection]：设备ID=12021 连接检查 - socket正常
[2026-04-20 10:19:40] [INFO] [data][ModbusConnecter][checkConnection]：设备ID=12021 连接检查 - socket正常
[2026-04-20 10:20:10] [INFO] [data][ModbusConnecter][checkConnection]：设备ID=12021 连接检查 - socket正常
[2026-04-20 10:20:40] [INFO] [data][ModbusConnecter][checkConnection]：设备ID=12021 连接检查 - socket正常
[2026-04-20 10:21:10] [INFO] [data][ModbusConnecter][checkConnection]：设备ID=12021 连接检查 - socket正常
[2026-04-20 10:21:40] [INFO] [data][ModbusConnecter][checkConnection]：设备ID=12021 连接检查 - socket正常
[2026-04-20 10:22:10] [INFO] [data][ModbusConnecter][checkConnection]：设备ID=12021 连接检查 - socket正常
[2026-04-20 10:22:40] [INFO] [data][ModbusConnecter][checkConnection]：设备ID=12021 连接检查 - socket正常
[2026-04-20 10:23:10] [INFO] [data][ModbusConnecter][checkConnection]：设备ID=12021 连接检查 - socket正常
[2026-04-20 10:23:40] [INFO] [data][ModbusConnecter][checkConnection]：设备ID=12021 连接检查 - socket正常
[2026-04-20 10:24:10] [INFO] [data][ModbusConnecter][checkConnection]：设备ID=12021 连接检查 - socket正常
[2026-04-20 10:24:40] [INFO] [data][ModbusConnecter][checkConnection]：设备ID=12021 连接检查 - socket正常
[2026-04-20 10:25:10] [INFO] [data][ModbusConnecter][checkConnection]：设备ID=12021 连接检查 - socket正常
[2026-04-20 10:25:40] [INFO] [data][ModbusConnecter][checkConnection]：设备ID=12021 连接检查 - socket正常
[2026-04-20 10:26:10] [INFO] [data][ModbusConnecter][checkConnection]：设备ID=12021 连接检查 - socket正常
[2026-04-20 10:26:40] [INFO] [data][ModbusConnecter][checkConnection]：设备ID=12021 连接检查 - socket正常
[2026-04-20 10:27:10] [INFO] [data][ModbusConnecter][checkConnection]：设备ID=12021 连接检查 - socket正常
[2026-04-20 10:28:22] [INFO] [data][ModbusTcpMaster][enterState]：设备ID=12021 状态切换: 空闲 -> 连接中
[2026-04-20 10:28:22] [INFO] [data][ModbusConnecter][setStatus]：设备ID=12021 状态转变：已断开 -> 连接中
[2026-04-20 10:28:22] [INFO] [data][ModbusConnecter][connectDevice]：设备ID=12021 正在尝试连接服务器 169.254.173.121:8899（非阻塞）
[2026-04-20 10:28:22] [INFO] [data][ModbusTcpMaster][enterState]：设备ID=12021 状态切换: 连接中 -> 指令发送器已启动
[2026-04-20 10:28:22] [INFO] [data][ModbusTcpMaster][startSender]：设备ID=12021 指令发送器已启动，立即进入初始化阶段
[2026-04-20 10:28:22] [INFO] [data][ModbusTcpMaster][enterState]：设备ID=12021 状态切换: 指令发送器已启动 -> 初始指令下发中
[2026-04-20 10:28:22] [INFO] [data][ModbusTcpMaster][enterState]：设备ID=12021 状态切换: 初始指令下发中 -> 启动定时发送器中
[2026-04-20 10:28:22] [INFO] [data][ModbusTcpMaster][startPeriodicSender]：设备ID=12021 定时发送器已启动，进入正常运行状态
[2026-04-20 10:28:22] [INFO] [data][ModbusTcpMaster][enterState]：设备ID=12021 状态切换: 启动定时发送器中 -> 正常运行
[2026-04-20 10:28:22] [INFO] [data][ModbusConnecter][setStatus]：设备ID=12021 状态转变：连接中 -> 已连接
[2026-04-20 10:28:22] [INFO] [data][ModbusConnecter][onAsyncReconnectConnected]：设备ID=12021 重连成功
[2026-04-20 10:28:32] [INFO] [data][ModbusConnecter][startConnectionCheck]：设备ID=12021 启动连接心跳检查
[2026-04-20 10:28:49] [INFO] [data][FirmwareUpgrader][emitState]：[固件升级] 准备阶段开始，文件: C:/Users/Lenovo/Desktop/OHB/OHB_V_1_0_APP.bin
[2026-04-20 10:28:49] [INFO] [data][FirmwareUpgrader][start]：设备ID=12021 目标版本号: 1.0
[2026-04-20 10:28:49] [INFO] [data][FirmwareUpgrader][start]：设备ID=12021 使用预设的 BinFileReader（已读取完成）
[2026-04-20 10:28:49] [INFO] [data][FirmwareUpgrader][start]：设备ID=12021 文件大小: 31884 字节，分包数: 125，CRC: B8 32
[2026-04-20 10:28:49] [INFO] [InitialCommandIssuer]：设备ID=12021 [CyclicCommandIssuer] 已停止
[2026-04-20 10:28:49] [INFO] [PeriodicCommandSender]：设备ID=12021 [CyclicCommandIssuer] 已停止
[2026-04-20 10:28:49] [INFO] [data][FirmwareUpgrader][emitState]：[固件升级] 发送准备升级指令: 01 06 00 AA 00 00 A9 EA
[2026-04-20 10:28:49] [INFO] [data][FirmwareUpgrader][onSocketReadyRead]：设备ID=12021 readyRead: state=1, incoming=8, bufTotal=8
[2026-04-20 10:28:49] [INFO] [data][FirmwareUpgrader][emitState]：[固件升级] 准备升级响应成功: 01 06 00 AA 00 00 A9 EA
[2026-04-20 10:28:49] [INFO] [data][FirmwareUpgrader][emitState]：[固件升级] 等待设备准备就绪 1000 ms
[2026-04-20 10:28:50] [INFO] [data][FirmwareUpgrader][emitState]：[固件升级] 设备等待完毕（1000 ms），开始数据传输
[2026-04-20 10:28:50] [INFO] [data][FirmwareUpgrader][emitState]：[固件升级] 发送第一帧（256 字节，数据区 248 字节）
[2026-04-20 10:28:50] [INFO] [data][FirmwareUpgrader][emitState]：[固件升级] 发送数据帧 2/125（256 字节）
[2026-04-20 10:28:50] [INFO] [data][FirmwareUpgrader][emitState]：[固件升级] 发送数据帧 3/125（256 字节）
[2026-04-20 10:28:51] [INFO] [data][FirmwareUpgrader][emitState]：[固件升级] 发送数据帧 4/125（256 字节）
[2026-04-20 10:28:51] [INFO] [data][FirmwareUpgrader][emitState]：[固件升级] 发送数据帧 5/125（256 字节）
[2026-04-20 10:28:51] [INFO] [data][FirmwareUpgrader][emitState]：[固件升级] 发送数据帧 6/125（256 字节）
[2026-04-20 10:28:51] [INFO] [data][FirmwareUpgrader][emitState]：[固件升级] 发送数据帧 7/125（256 字节）
[2026-04-20 10:28:51] [INFO] [data][FirmwareUpgrader][emitState]：[固件升级] 发送数据帧 8/125（256 字节）
[2026-04-20 10:28:51] [INFO] [data][FirmwareUpgrader][emitState]：[固件升级] 发送数据帧 9/125（256 字节）
[2026-04-20 10:28:52] [INFO] [data][FirmwareUpgrader][emitState]：[固件升级] 发送数据帧 10/125（256 字节）
[2026-04-20 10:28:52] [INFO] [data][FirmwareUpgrader][emitState]：[固件升级] 发送数据帧 11/125（256 字节）
[2026-04-20 10:28:52] [INFO] [data][FirmwareUpgrader][emitState]：[固件升级] 发送数据帧 12/125（256 字节）
[2026-04-20 10:28:52] [INFO] [data][FirmwareUpgrader][emitState]：[固件升级] 发送数据帧 13/125（256 字节）
[2026-04-20 10:28:52] [INFO] [data][FirmwareUpgrader][emitState]：[固件升级] 发送数据帧 14/125（256 字节）
[2026-04-20 10:28:52] [INFO] [data][FirmwareUpgrader][emitState]：[固件升级] 发送数据帧 15/125（256 字节）
[2026-04-20 10:28:53] [INFO] [data][FirmwareUpgrader][emitState]：[固件升级] 发送数据帧 16/125（256 字节）
[2026-04-20 10:28:53] [INFO] [data][FirmwareUpgrader][emitState]：[固件升级] 发送数据帧 17/125（256 字节）
[2026-04-20 10:28:53] [INFO] [data][FirmwareUpgrader][emitState]：[固件升级] 发送数据帧 18/125（256 字节）
[2026-04-20 10:28:53] [INFO] [data][FirmwareUpgrader][emitState]：[固件升级] 发送数据帧 19/125（256 字节）
[2026-04-20 10:28:53] [INFO] [data][FirmwareUpgrader][emitState]：[固件升级] 发送数据帧 20/125（256 字节）
[2026-04-20 10:28:53] [INFO] [data][FirmwareUpgrader][emitState]：[固件升级] 发送数据帧 21/125（256 字节）
[2026-04-20 10:28:54] [INFO] [data][FirmwareUpgrader][emitState]：[固件升级] 发送数据帧 22/125（256 字节）
[2026-04-20 10:28:54] [INFO] [data][FirmwareUpgrader][emitState]：[固件升级] 发送数据帧 23/125（256 字节）
[2026-04-20 10:28:54] [INFO] [data][FirmwareUpgrader][emitState]：[固件升级] 发送数据帧 24/125（256 字节）
[2026-04-20 10:28:54] [INFO] [data][FirmwareUpgrader][emitState]：[固件升级] 发送数据帧 25/125（256 字节）
[2026-04-20 10:28:54] [INFO] [data][FirmwareUpgrader][emitState]：[固件升级] 发送数据帧 26/125（256 字节）
[2026-04-20 10:28:54] [INFO] [data][FirmwareUpgrader][emitState]：[固件升级] 发送数据帧 27/125（256 字节）
[2026-04-20 10:28:55] [INFO] [data][FirmwareUpgrader][emitState]：[固件升级] 发送数据帧 28/125（256 字节）
[2026-04-20 10:28:55] [INFO] [data][FirmwareUpgrader][emitState]：[固件升级] 发送数据帧 29/125（256 字节）
[2026-04-20 10:28:55] [INFO] [data][FirmwareUpgrader][emitState]：[固件升级] 发送数据帧 30/125（256 字节）
[2026-04-20 10:28:55] [INFO] [data][FirmwareUpgrader][emitState]：[固件升级] 发送数据帧 31/125（256 字节）
[2026-04-20 10:28:55] [INFO] [data][FirmwareUpgrader][emitState]：[固件升级] 发送数据帧 32/125（256 字节）
[2026-04-20 10:28:56] [INFO] [data][FirmwareUpgrader][emitState]：[固件升级] 发送数据帧 33/125（256 字节）
[2026-04-20 10:28:56] [INFO] [data][FirmwareUpgrader][emitState]：[固件升级] 发送数据帧 34/125（256 字节）
[2026-04-20 10:28:56] [INFO] [data][FirmwareUpgrader][emitState]：[固件升级] 发送数据帧 35/125（256 字节）
[2026-04-20 10:28:56] [INFO] [data][FirmwareUpgrader][emitState]：[固件升级] 发送数据帧 36/125（256 字节）
[2026-04-20 10:28:56] [INFO] [data][FirmwareUpgrader][emitState]：[固件升级] 发送数据帧 37/125（256 字节）
[2026-04-20 10:28:56] [INFO] [data][FirmwareUpgrader][emitState]：[固件升级] 发送数据帧 38/125（256 字节）
[2026-04-20 10:28:57] [INFO] [data][FirmwareUpgrader][emitState]：[固件升级] 发送数据帧 39/125（256 字节）
[2026-04-20 10:28:57] [INFO] [data][FirmwareUpgrader][emitState]：[固件升级] 发送数据帧 40/125（256 字节）
[2026-04-20 10:28:57] [INFO] [data][FirmwareUpgrader][emitState]：[固件升级] 发送数据帧 41/125（256 字节）
[2026-04-20 10:28:57] [INFO] [data][FirmwareUpgrader][emitState]：[固件升级] 发送数据帧 42/125（256 字节）
[2026-04-20 10:28:57] [INFO] [data][FirmwareUpgrader][emitState]：[固件升级] 发送数据帧 43/125（256 字节）
[2026-04-20 10:28:57] [INFO] [data][FirmwareUpgrader][emitState]：[固件升级] 发送数据帧 44/125（256 字节）
[2026-04-20 10:28:58] [INFO] [data][FirmwareUpgrader][emitState]：[固件升级] 发送数据帧 45/125（256 字节）
[2026-04-20 10:28:58] [INFO] [data][FirmwareUpgrader][emitState]：[固件升级] 发送数据帧 46/125（256 字节）
[2026-04-20 10:28:58] [INFO] [data][FirmwareUpgrader][emitState]：[固件升级] 发送数据帧 47/125（256 字节）
[2026-04-20 10:28:58] [INFO] [data][FirmwareUpgrader][emitState]：[固件升级] 发送数据帧 48/125（256 字节）
[2026-04-20 10:28:58] [INFO] [data][FirmwareUpgrader][emitState]：[固件升级] 发送数据帧 49/125（256 字节）
[2026-04-20 10:28:58] [INFO] [data][FirmwareUpgrader][emitState]：[固件升级] 发送数据帧 50/125（256 字节）
[2026-04-20 10:28:59] [INFO] [data][FirmwareUpgrader][emitState]：[固件升级] 发送数据帧 51/125（256 字节）
[2026-04-20 10:28:59] [INFO] [data][FirmwareUpgrader][emitState]：[固件升级] 发送数据帧 52/125（256 字节）
[2026-04-20 10:28:59] [INFO] [data][FirmwareUpgrader][emitState]：[固件升级] 发送数据帧 53/125（256 字节）
[2026-04-20 10:28:59] [INFO] [data][FirmwareUpgrader][emitState]：[固件升级] 发送数据帧 54/125（256 字节）
[2026-04-20 10:28:59] [INFO] [data][FirmwareUpgrader][emitState]：[固件升级] 发送数据帧 55/125（256 字节）
[2026-04-20 10:28:59] [INFO] [data][FirmwareUpgrader][emitState]：[固件升级] 发送数据帧 56/125（256 字节）
[2026-04-20 10:29:00] [INFO] [data][FirmwareUpgrader][emitState]：[固件升级] 发送数据帧 57/125（256 字节）
[2026-04-20 10:29:00] [INFO] [data][FirmwareUpgrader][emitState]：[固件升级] 发送数据帧 58/125（256 字节）
[2026-04-20 10:29:00] [INFO] [data][FirmwareUpgrader][emitState]：[固件升级] 发送数据帧 59/125（256 字节）
[2026-04-20 10:29:00] [INFO] [data][FirmwareUpgrader][emitState]：[固件升级] 发送数据帧 60/125（256 字节）
[2026-04-20 10:29:00] [INFO] [data][FirmwareUpgrader][emitState]：[固件升级] 发送数据帧 61/125（256 字节）
[2026-04-20 10:29:01] [INFO] [data][FirmwareUpgrader][emitState]：[固件升级] 发送数据帧 62/125（256 字节）
[2026-04-20 10:29:01] [INFO] [data][FirmwareUpgrader][emitState]：[固件升级] 发送数据帧 63/125（256 字节）
[2026-04-20 10:29:01] [INFO] [data][FirmwareUpgrader][emitState]：[固件升级] 发送数据帧 64/125（256 字节）
[2026-04-20 10:29:01] [INFO] [data][FirmwareUpgrader][emitState]：[固件升级] 发送数据帧 65/125（256 字节）
[2026-04-20 10:29:01] [INFO] [data][FirmwareUpgrader][emitState]：[固件升级] 发送数据帧 66/125（256 字节）
[2026-04-20 10:29:01] [INFO] [data][FirmwareUpgrader][emitState]：[固件升级] 发送数据帧 67/125（256 字节）
[2026-04-20 10:29:02] [INFO] [data][FirmwareUpgrader][emitState]：[固件升级] 发送数据帧 68/125（256 字节）
[2026-04-20 10:29:02] [INFO] [data][FirmwareUpgrader][emitState]：[固件升级] 发送数据帧 69/125（256 字节）
[2026-04-20 10:29:02] [INFO] [data][FirmwareUpgrader][emitState]：[固件升级] 发送数据帧 70/125（256 字节）
[2026-04-20 10:29:02] [INFO] [data][FirmwareUpgrader][emitState]：[固件升级] 发送数据帧 71/125（256 字节）
[2026-04-20 10:29:02] [INFO] [data][FirmwareUpgrader][emitState]：[固件升级] 发送数据帧 72/125（256 字节）
[2026-04-20 10:29:02] [INFO] [data][ModbusConnecter][checkConnection]：设备ID=12021 连接检查 - socket正常
[2026-04-20 10:29:02] [INFO] [data][FirmwareUpgrader][emitState]：[固件升级] 发送数据帧 73/125（256 字节）
[2026-04-20 10:29:03] [INFO] [data][FirmwareUpgrader][emitState]：[固件升级] 发送数据帧 74/125（256 字节）
[2026-04-20 10:29:03] [INFO] [data][FirmwareUpgrader][emitState]：[固件升级] 发送数据帧 75/125（256 字节）
[2026-04-20 10:29:03] [INFO] [data][FirmwareUpgrader][emitState]：[固件升级] 发送数据帧 76/125（256 字节）
[2026-04-20 10:29:03] [INFO] [data][FirmwareUpgrader][emitState]：[固件升级] 发送数据帧 77/125（256 字节）
[2026-04-20 10:29:03] [INFO] [data][FirmwareUpgrader][emitState]：[固件升级] 发送数据帧 78/125（256 字节）
[2026-04-20 10:29:03] [INFO] [data][FirmwareUpgrader][emitState]：[固件升级] 发送数据帧 79/125（256 字节）
[2026-04-20 10:29:04] [INFO] [data][FirmwareUpgrader][emitState]：[固件升级] 发送数据帧 80/125（256 字节）
[2026-04-20 10:29:04] [INFO] [data][FirmwareUpgrader][emitState]：[固件升级] 发送数据帧 81/125（256 字节）
[2026-04-20 10:29:04] [INFO] [data][FirmwareUpgrader][emitState]：[固件升级] 发送数据帧 82/125（256 字节）
[2026-04-20 10:29:04] [INFO] [data][FirmwareUpgrader][emitState]：[固件升级] 发送数据帧 83/125（256 字节）
[2026-04-20 10:29:04] [INFO] [data][FirmwareUpgrader][emitState]：[固件升级] 发送数据帧 84/125（256 字节）
[2026-04-20 10:29:04] [INFO] [data][FirmwareUpgrader][emitState]：[固件升级] 发送数据帧 85/125（256 字节）
[2026-04-20 10:29:05] [INFO] [data][FirmwareUpgrader][emitState]：[固件升级] 发送数据帧 86/125（256 字节）
[2026-04-20 10:29:05] [INFO] [data][FirmwareUpgrader][emitState]：[固件升级] 发送数据帧 87/125（256 字节）
[2026-04-20 10:29:05] [INFO] [data][FirmwareUpgrader][emitState]：[固件升级] 发送数据帧 88/125（256 字节）
[2026-04-20 10:29:05] [INFO] [data][FirmwareUpgrader][emitState]：[固件升级] 发送数据帧 89/125（256 字节）
[2026-04-20 10:29:05] [INFO] [data][FirmwareUpgrader][emitState]：[固件升级] 发送数据帧 90/125（256 字节）
[2026-04-20 10:29:05] [INFO] [data][FirmwareUpgrader][emitState]：[固件升级] 发送数据帧 91/125（256 字节）
[2026-04-20 10:29:06] [INFO] [data][FirmwareUpgrader][emitState]：[固件升级] 发送数据帧 92/125（256 字节）
[2026-04-20 10:29:06] [INFO] [data][FirmwareUpgrader][emitState]：[固件升级] 发送数据帧 93/125（256 字节）
[2026-04-20 10:29:06] [INFO] [data][FirmwareUpgrader][emitState]：[固件升级] 发送数据帧 94/125（256 字节）
[2026-04-20 10:29:06] [INFO] [data][FirmwareUpgrader][emitState]：[固件升级] 发送数据帧 95/125（256 字节）
[2026-04-20 10:29:06] [INFO] [data][FirmwareUpgrader][emitState]：[固件升级] 发送数据帧 96/125（256 字节）
[2026-04-20 10:29:07] [INFO] [data][FirmwareUpgrader][emitState]：[固件升级] 发送数据帧 97/125（256 字节）
[2026-04-20 10:29:07] [INFO] [data][FirmwareUpgrader][emitState]：[固件升级] 发送数据帧 98/125（256 字节）
[2026-04-20 10:29:07] [INFO] [data][FirmwareUpgrader][emitState]：[固件升级] 发送数据帧 99/125（256 字节）
[2026-04-20 10:29:07] [INFO] [data][FirmwareUpgrader][emitState]：[固件升级] 发送数据帧 100/125（256 字节）
[2026-04-20 10:29:07] [INFO] [data][FirmwareUpgrader][emitState]：[固件升级] 发送数据帧 101/125（256 字节）
[2026-04-20 10:29:07] [INFO] [data][FirmwareUpgrader][emitState]：[固件升级] 发送数据帧 102/125（256 字节）
[2026-04-20 10:29:08] [INFO] [data][FirmwareUpgrader][emitState]：[固件升级] 发送数据帧 103/125（256 字节）
[2026-04-20 10:29:08] [INFO] [data][FirmwareUpgrader][emitState]：[固件升级] 发送数据帧 104/125（256 字节）
[2026-04-20 10:29:08] [INFO] [data][FirmwareUpgrader][emitState]：[固件升级] 发送数据帧 105/125（256 字节）
[2026-04-20 10:29:08] [INFO] [data][FirmwareUpgrader][emitState]：[固件升级] 发送数据帧 106/125（256 字节）
[2026-04-20 10:29:08] [INFO] [data][FirmwareUpgrader][emitState]：[固件升级] 发送数据帧 107/125（256 字节）
[2026-04-20 10:29:08] [INFO] [data][FirmwareUpgrader][emitState]：[固件升级] 发送数据帧 108/125（256 字节）
[2026-04-20 10:29:09] [INFO] [data][FirmwareUpgrader][emitState]：[固件升级] 发送数据帧 109/125（256 字节）
[2026-04-20 10:29:09] [INFO] [data][FirmwareUpgrader][emitState]：[固件升级] 发送数据帧 110/125（256 字节）
[2026-04-20 10:29:09] [INFO] [data][FirmwareUpgrader][emitState]：[固件升级] 发送数据帧 111/125（256 字节）
[2026-04-20 10:29:09] [INFO] [data][FirmwareUpgrader][emitState]：[固件升级] 发送数据帧 112/125（256 字节）
[2026-04-20 10:29:09] [INFO] [data][FirmwareUpgrader][emitState]：[固件升级] 发送数据帧 113/125（256 字节）
[2026-04-20 10:29:09] [INFO] [data][FirmwareUpgrader][emitState]：[固件升级] 发送数据帧 114/125（256 字节）
[2026-04-20 10:29:10] [INFO] [data][FirmwareUpgrader][emitState]：[固件升级] 发送数据帧 115/125（256 字节）
[2026-04-20 10:29:10] [INFO] [data][FirmwareUpgrader][emitState]：[固件升级] 发送数据帧 116/125（256 字节）
[2026-04-20 10:29:10] [INFO] [data][FirmwareUpgrader][emitState]：[固件升级] 发送数据帧 117/125（256 字节）
[2026-04-20 10:29:10] [INFO] [data][FirmwareUpgrader][emitState]：[固件升级] 发送数据帧 118/125（256 字节）
[2026-04-20 10:29:10] [INFO] [data][FirmwareUpgrader][emitState]：[固件升级] 发送数据帧 119/125（256 字节）
[2026-04-20 10:29:10] [INFO] [data][FirmwareUpgrader][emitState]：[固件升级] 发送数据帧 120/125（256 字节）
[2026-04-20 10:29:11] [INFO] [data][FirmwareUpgrader][emitState]：[固件升级] 发送数据帧 121/125（256 字节）
[2026-04-20 10:29:11] [INFO] [data][FirmwareUpgrader][emitState]：[固件升级] 发送数据帧 122/125（256 字节）
[2026-04-20 10:29:11] [INFO] [data][FirmwareUpgrader][emitState]：[固件升级] 发送数据帧 123/125（256 字节）
[2026-04-20 10:29:11] [INFO] [data][FirmwareUpgrader][emitState]：[固件升级] 发送数据帧 124/125（256 字节）
[2026-04-20 10:29:11] [INFO] [data][FirmwareUpgrader][emitState]：[固件升级] 发送最后一帧（150 字节，含 CRC 2 字节），等待响应
[2026-04-20 10:29:13] [INFO] [data][FirmwareUpgrader][onSocketReadyRead]：设备ID=12021 readyRead: state=7, incoming=8, bufTotal=8
[2026-04-20 10:29:13] [INFO] [data][FirmwareUpgrader][handleTransferResponse]：设备ID=12021 SendingLastFrame readyRead: buf(8) = 01 06 00 BB 00 00 F9 EF
[2026-04-20 10:29:13] [INFO] [data][FirmwareUpgrader][emitState]：[固件升级] 数据传输完成响应成功: 01 06 00 BB 00 00 F9 EF
[2026-04-20 10:29:13] [INFO] [data][FirmwareUpgrader][emitState]：[固件升级] 发送获取版本号指令 (AreYouThere): 02 33 00 00 31 B0 14
[2026-04-20 10:29:13] [INFO] [data][FirmwareUpgrader][onSocketReadyRead]：设备ID=12021 readyRead: state=9, incoming=9, bufTotal=9
[2026-04-20 10:29:13] [INFO] [data][FirmwareUpgrader][emitState]：[固件升级] 收到版本号响应: 03 35 00 00 31 31 30 60 4B
[2026-04-20 10:29:13] [INFO] [data][FirmwareUpgrader][emitState]：[固件升级] 版本校对成功：当前 1.0，目标 1.0
[2026-04-20 10:29:13] [INFO] [data][ModbusTcpMaster][enterState]：设备ID=12021 状态切换: 正常运行 -> 指令发送器已启动
[2026-04-20 10:29:13] [INFO] [data][ModbusTcpMaster][startSender]：设备ID=12021 指令发送器已启动，立即进入初始化阶段
[2026-04-20 10:29:13] [INFO] [data][ModbusTcpMaster][enterState]：设备ID=12021 状态切换: 指令发送器已启动 -> 初始指令下发中
[2026-04-20 10:29:13] [INFO] [data][ModbusTcpMaster][enterState]：设备ID=12021 状态切换: 初始指令下发中 -> 启动定时发送器中
[2026-04-20 10:29:13] [INFO] [data][ModbusTcpMaster][startPeriodicSender]：设备ID=12021 定时发送器已启动，进入正常运行状态
[2026-04-20 10:29:13] [INFO] [data][ModbusTcpMaster][enterState]：设备ID=12021 状态切换: 启动定时发送器中 -> 正常运行
[2026-04-20 10:29:32] [INFO] [data][ModbusConnecter][checkConnection]：设备ID=12021 连接检查 - socket正常
[2026-04-20 10:30:02] [INFO] [data][ModbusConnecter][checkConnection]：设备ID=12021 连接检查 - socket正常
[2026-04-20 10:30:32] [INFO] [data][ModbusConnecter][checkConnection]：设备ID=12021 连接检查 - socket正常
[2026-04-20 10:31:02] [INFO] [data][ModbusConnecter][checkConnection]：设备ID=12021 连接检查 - socket正常
[2026-04-20 10:31:32] [INFO] [data][ModbusConnecter][checkConnection]：设备ID=12021 连接检查 - socket正常
[2026-04-20 10:32:02] [INFO] [data][ModbusConnecter][checkConnection]：设备ID=12021 连接检查 - socket正常
[2026-04-20 10:32:32] [INFO] [data][ModbusConnecter][checkConnection]：设备ID=12021 连接检查 - socket正常
[2026-04-20 10:33:02] [INFO] [data][ModbusConnecter][checkConnection]：设备ID=12021 连接检查 - socket正常
[2026-04-20 10:33:32] [INFO] [data][ModbusConnecter][checkConnection]：设备ID=12021 连接检查 - socket正常
[2026-04-20 10:34:02] [INFO] [data][ModbusConnecter][checkConnection]：设备ID=12021 连接检查 - socket正常
[2026-04-20 10:34:32] [INFO] [data][ModbusConnecter][checkConnection]：设备ID=12021 连接检查 - socket正常
[2026-04-20 10:35:02] [INFO] [data][ModbusConnecter][checkConnection]：设备ID=12021 连接检查 - socket正常
[2026-04-20 10:35:32] [INFO] [data][ModbusConnecter][checkConnection]：设备ID=12021 连接检查 - socket正常
[2026-04-20 10:36:02] [INFO] [data][ModbusConnecter][checkConnection]：设备ID=12021 连接检查 - socket正常
[2026-04-20 10:36:32] [INFO] [data][ModbusConnecter][checkConnection]：设备ID=12021 连接检查 - socket正常
[2026-04-20 10:37:02] [INFO] [data][ModbusConnecter][checkConnection]：设备ID=12021 连接检查 - socket正常
[2026-04-20 10:37:32] [INFO] [data][ModbusConnecter][checkConnection]：设备ID=12021 连接检查 - socket正常
[2026-04-20 10:38:02] [INFO] [data][ModbusConnecter][checkConnection]：设备ID=12021 连接检查 - socket正常
[2026-04-20 10:38:32] [INFO] [data][ModbusConnecter][checkConnection]：设备ID=12021 连接检查 - socket正常
[2026-04-20 10:39:30] [INFO] [data][ModbusTcpMaster][enterState]：设备ID=12021 状态切换: 空闲 -> 连接中
[2026-04-20 10:39:30] [INFO] [data][ModbusConnecter][setStatus]：设备ID=12021 状态转变：已断开 -> 连接中
[2026-04-20 10:39:30] [INFO] [data][ModbusConnecter][connectDevice]：设备ID=12021 正在尝试连接服务器 169.254.173.121:8899（非阻塞）
[2026-04-20 10:39:30] [INFO] [data][ModbusTcpMaster][enterState]：设备ID=12021 状态切换: 连接中 -> 指令发送器已启动
[2026-04-20 10:39:30] [INFO] [data][ModbusTcpMaster][startSender]：设备ID=12021 指令发送器已启动，立即进入初始化阶段
[2026-04-20 10:39:30] [INFO] [data][ModbusTcpMaster][enterState]：设备ID=12021 状态切换: 指令发送器已启动 -> 初始指令下发中
[2026-04-20 10:39:30] [INFO] [data][ModbusTcpMaster][enterState]：设备ID=12021 状态切换: 初始指令下发中 -> 启动定时发送器中
[2026-04-20 10:39:30] [INFO] [data][ModbusTcpMaster][startPeriodicSender]：设备ID=12021 定时发送器已启动，进入正常运行状态
[2026-04-20 10:39:30] [INFO] [data][ModbusTcpMaster][enterState]：设备ID=12021 状态切换: 启动定时发送器中 -> 正常运行
[2026-04-20 10:39:30] [INFO] [data][ModbusConnecter][setStatus]：设备ID=12021 状态转变：连接中 -> 已连接
[2026-04-20 10:39:30] [INFO] [data][ModbusConnecter][onAsyncReconnectConnected]：设备ID=12021 重连成功
[2026-04-20 10:39:40] [INFO] [data][ModbusConnecter][startConnectionCheck]：设备ID=12021 启动连接心跳检查
[2026-04-20 10:39:47] [INFO] [data][FirmwareUpgrader][emitState]：[固件升级] 准备阶段开始，文件: C:/Users/Lenovo/Desktop/OHB/OHB_V_1_0_APP.bin
[2026-04-20 10:39:47] [INFO] [data][FirmwareUpgrader][start]：设备ID=12021 目标版本号: 1.0
[2026-04-20 10:39:47] [INFO] [data][FirmwareUpgrader][start]：设备ID=12021 使用预设的 BinFileReader（已读取完成）
[2026-04-20 10:39:47] [INFO] [data][FirmwareUpgrader][start]：设备ID=12021 文件大小: 31884 字节，分包数: 125，CRC: B8 32
[2026-04-20 10:39:47] [INFO] [InitialCommandIssuer]：设备ID=12021 [CyclicCommandIssuer] 已停止
[2026-04-20 10:39:47] [INFO] [PeriodicCommandSender]：设备ID=12021 [CyclicCommandIssuer] 已停止
[2026-04-20 10:39:47] [INFO] [data][FirmwareUpgrader][emitState]：[固件升级] 发送准备升级指令: 01 06 00 AA 00 00 A9 EA
[2026-04-20 10:39:48] [INFO] [data][FirmwareUpgrader][onSocketReadyRead]：设备ID=12021 readyRead: state=1, incoming=8, bufTotal=8
[2026-04-20 10:39:48] [INFO] [data][FirmwareUpgrader][emitState]：[固件升级] 准备升级响应成功: 01 06 00 AA 00 00 A9 EA
[2026-04-20 10:39:48] [INFO] [data][FirmwareUpgrader][emitState]：[固件升级] 等待设备准备就绪 1000 ms
[2026-04-20 10:39:49] [INFO] [data][FirmwareUpgrader][emitState]：[固件升级] 设备等待完毕（1000 ms），开始数据传输
[2026-04-20 10:39:49] [INFO] [data][FirmwareUpgrader][emitState]：[固件升级] 发送第一帧（256 字节，数据区 248 字节）
[2026-04-20 10:39:49] [INFO] [data][FirmwareUpgrader][emitState]：[固件升级] 发送数据帧 2/125（256 字节）
[2026-04-20 10:39:49] [INFO] [data][FirmwareUpgrader][emitState]：[固件升级] 发送数据帧 3/125（256 字节）
[2026-04-20 10:39:49] [INFO] [data][FirmwareUpgrader][emitState]：[固件升级] 发送数据帧 4/125（256 字节）
[2026-04-20 10:39:49] [INFO] [data][FirmwareUpgrader][emitState]：[固件升级] 发送数据帧 5/125（256 字节）
[2026-04-20 10:39:50] [INFO] [data][FirmwareUpgrader][emitState]：[固件升级] 发送数据帧 6/125（256 字节）
[2026-04-20 10:39:50] [INFO] [data][FirmwareUpgrader][emitState]：[固件升级] 发送数据帧 7/125（256 字节）
[2026-04-20 10:39:50] [INFO] [data][FirmwareUpgrader][emitState]：[固件升级] 发送数据帧 8/125（256 字节）
[2026-04-20 10:39:50] [INFO] [data][FirmwareUpgrader][emitState]：[固件升级] 发送数据帧 9/125（256 字节）
[2026-04-20 10:39:50] [INFO] [data][FirmwareUpgrader][emitState]：[固件升级] 发送数据帧 10/125（256 字节）
[2026-04-20 10:39:50] [INFO] [data][FirmwareUpgrader][emitState]：[固件升级] 发送数据帧 11/125（256 字节）
[2026-04-20 10:39:51] [INFO] [data][FirmwareUpgrader][emitState]：[固件升级] 发送数据帧 12/125（256 字节）
[2026-04-20 10:39:51] [INFO] [data][FirmwareUpgrader][emitState]：[固件升级] 发送数据帧 13/125（256 字节）
[2026-04-20 10:39:51] [INFO] [data][FirmwareUpgrader][emitState]：[固件升级] 发送数据帧 14/125（256 字节）
[2026-04-20 10:39:51] [INFO] [data][FirmwareUpgrader][emitState]：[固件升级] 发送数据帧 15/125（256 字节）
[2026-04-20 10:39:51] [INFO] [data][FirmwareUpgrader][emitState]：[固件升级] 发送数据帧 16/125（256 字节）
[2026-04-20 10:39:51] [INFO] [data][FirmwareUpgrader][emitState]：[固件升级] 发送数据帧 17/125（256 字节）
[2026-04-20 10:39:52] [INFO] [data][FirmwareUpgrader][emitState]：[固件升级] 发送数据帧 18/125（256 字节）
[2026-04-20 10:39:52] [INFO] [data][FirmwareUpgrader][emitState]：[固件升级] 发送数据帧 19/125（256 字节）
[2026-04-20 10:39:52] [INFO] [data][FirmwareUpgrader][emitState]：[固件升级] 发送数据帧 20/125（256 字节）
[2026-04-20 10:39:52] [INFO] [data][FirmwareUpgrader][emitState]：[固件升级] 发送数据帧 21/125（256 字节）
[2026-04-20 10:39:52] [INFO] [data][FirmwareUpgrader][emitState]：[固件升级] 发送数据帧 22/125（256 字节）
[2026-04-20 10:39:52] [INFO] [data][FirmwareUpgrader][emitState]：[固件升级] 发送数据帧 23/125（256 字节）
[2026-04-20 10:39:53] [INFO] [data][FirmwareUpgrader][emitState]：[固件升级] 发送数据帧 24/125（256 字节）
[2026-04-20 10:39:53] [INFO] [data][FirmwareUpgrader][emitState]：[固件升级] 发送数据帧 25/125（256 字节）
[2026-04-20 10:39:53] [INFO] [data][FirmwareUpgrader][emitState]：[固件升级] 发送数据帧 26/125（256 字节）
[2026-04-20 10:39:53] [INFO] [data][FirmwareUpgrader][emitState]：[固件升级] 发送数据帧 27/125（256 字节）
[2026-04-20 10:39:53] [INFO] [data][FirmwareUpgrader][emitState]：[固件升级] 发送数据帧 28/125（256 字节）
[2026-04-20 10:39:54] [INFO] [data][FirmwareUpgrader][emitState]：[固件升级] 发送数据帧 29/125（256 字节）
[2026-04-20 10:39:54] [INFO] [data][FirmwareUpgrader][emitState]：[固件升级] 发送数据帧 30/125（256 字节）
[2026-04-20 10:39:54] [INFO] [data][FirmwareUpgrader][emitState]：[固件升级] 发送数据帧 31/125（256 字节）
[2026-04-20 10:39:54] [INFO] [data][FirmwareUpgrader][emitState]：[固件升级] 发送数据帧 32/125（256 字节）
[2026-04-20 10:39:54] [INFO] [data][FirmwareUpgrader][emitState]：[固件升级] 发送数据帧 33/125（256 字节）
[2026-04-20 10:39:54] [INFO] [data][FirmwareUpgrader][emitState]：[固件升级] 发送数据帧 34/125（256 字节）
[2026-04-20 10:39:55] [INFO] [data][FirmwareUpgrader][emitState]：[固件升级] 发送数据帧 35/125（256 字节）
[2026-04-20 10:39:55] [INFO] [data][FirmwareUpgrader][emitState]：[固件升级] 发送数据帧 36/125（256 字节）
[2026-04-20 10:39:55] [INFO] [data][FirmwareUpgrader][emitState]：[固件升级] 发送数据帧 37/125（256 字节）
[2026-04-20 10:39:55] [INFO] [data][FirmwareUpgrader][emitState]：[固件升级] 发送数据帧 38/125（256 字节）
[2026-04-20 10:39:55] [INFO] [data][FirmwareUpgrader][emitState]：[固件升级] 发送数据帧 39/125（256 字节）
[2026-04-20 10:39:55] [INFO] [data][FirmwareUpgrader][emitState]：[固件升级] 发送数据帧 40/125（256 字节）
[2026-04-20 10:39:56] [INFO] [data][FirmwareUpgrader][emitState]：[固件升级] 发送数据帧 41/125（256 字节）
[2026-04-20 10:39:56] [INFO] [data][FirmwareUpgrader][emitState]：[固件升级] 发送数据帧 42/125（256 字节）
[2026-04-20 10:39:56] [INFO] [data][FirmwareUpgrader][emitState]：[固件升级] 发送数据帧 43/125（256 字节）
[2026-04-20 10:39:56] [INFO] [data][FirmwareUpgrader][emitState]：[固件升级] 发送数据帧 44/125（256 字节）
[2026-04-20 10:39:56] [INFO] [data][FirmwareUpgrader][emitState]：[固件升级] 发送数据帧 45/125（256 字节）
[2026-04-20 10:39:56] [INFO] [data][FirmwareUpgrader][emitState]：[固件升级] 发送数据帧 46/125（256 字节）
[2026-04-20 10:39:57] [INFO] [data][FirmwareUpgrader][emitState]：[固件升级] 发送数据帧 47/125（256 字节）
[2026-04-20 10:39:57] [INFO] [data][FirmwareUpgrader][emitState]：[固件升级] 发送数据帧 48/125（256 字节）
[2026-04-20 10:39:57] [INFO] [data][FirmwareUpgrader][emitState]：[固件升级] 发送数据帧 49/125（256 字节）
[2026-04-20 10:39:57] [INFO] [data][FirmwareUpgrader][emitState]：[固件升级] 发送数据帧 50/125（256 字节）
[2026-04-20 10:39:57] [INFO] [data][FirmwareUpgrader][emitState]：[固件升级] 发送数据帧 51/125（256 字节）
[2026-04-20 10:39:57] [INFO] [data][FirmwareUpgrader][emitState]：[固件升级] 发送数据帧 52/125（256 字节）
[2026-04-20 10:39:58] [INFO] [data][FirmwareUpgrader][emitState]：[固件升级] 发送数据帧 53/125（256 字节）
[2026-04-20 10:39:58] [INFO] [data][FirmwareUpgrader][emitState]：[固件升级] 发送数据帧 54/125（256 字节）
[2026-04-20 10:39:58] [INFO] [data][FirmwareUpgrader][emitState]：[固件升级] 发送数据帧 55/125（256 字节）
[2026-04-20 10:39:58] [INFO] [data][FirmwareUpgrader][emitState]：[固件升级] 发送数据帧 56/125（256 字节）
[2026-04-20 10:39:58] [INFO] [data][FirmwareUpgrader][emitState]：[固件升级] 发送数据帧 57/125（256 字节）
[2026-04-20 10:39:59] [INFO] [data][FirmwareUpgrader][emitState]：[固件升级] 发送数据帧 58/125（256 字节）
[2026-04-20 10:39:59] [INFO] [data][FirmwareUpgrader][emitState]：[固件升级] 发送数据帧 59/125（256 字节）
[2026-04-20 10:39:59] [INFO] [data][FirmwareUpgrader][emitState]：[固件升级] 发送数据帧 60/125（256 字节）
[2026-04-20 10:39:59] [INFO] [data][FirmwareUpgrader][emitState]：[固件升级] 发送数据帧 61/125（256 字节）
[2026-04-20 10:39:59] [INFO] [data][FirmwareUpgrader][emitState]：[固件升级] 发送数据帧 62/125（256 字节）
[2026-04-20 10:39:59] [INFO] [data][FirmwareUpgrader][emitState]：[固件升级] 发送数据帧 63/125（256 字节）
[2026-04-20 10:40:00] [INFO] [data][FirmwareUpgrader][emitState]：[固件升级] 发送数据帧 64/125（256 字节）
[2026-04-20 10:40:00] [INFO] [data][FirmwareUpgrader][emitState]：[固件升级] 发送数据帧 65/125（256 字节）
[2026-04-20 10:40:00] [INFO] [data][FirmwareUpgrader][emitState]：[固件升级] 发送数据帧 66/125（256 字节）
[2026-04-20 10:40:00] [INFO] [data][FirmwareUpgrader][emitState]：[固件升级] 发送数据帧 67/125（256 字节）
[2026-04-20 10:40:00] [INFO] [data][FirmwareUpgrader][emitState]：[固件升级] 发送数据帧 68/125（256 字节）
[2026-04-20 10:40:00] [INFO] [data][FirmwareUpgrader][emitState]：[固件升级] 发送数据帧 69/125（256 字节）
[2026-04-20 10:40:01] [INFO] [data][FirmwareUpgrader][emitState]：[固件升级] 发送数据帧 70/125（256 字节）
[2026-04-20 10:40:01] [INFO] [data][FirmwareUpgrader][emitState]：[固件升级] 发送数据帧 71/125（256 字节）
[2026-04-20 10:40:01] [INFO] [data][FirmwareUpgrader][emitState]：[固件升级] 发送数据帧 72/125（256 字节）
[2026-04-20 10:40:01] [INFO] [data][FirmwareUpgrader][emitState]：[固件升级] 发送数据帧 73/125（256 字节）
[2026-04-20 10:40:01] [INFO] [data][FirmwareUpgrader][emitState]：[固件升级] 发送数据帧 74/125（256 字节）
[2026-04-20 10:40:01] [INFO] [data][FirmwareUpgrader][emitState]：[固件升级] 发送数据帧 75/125（256 字节）
[2026-04-20 10:40:02] [INFO] [data][FirmwareUpgrader][emitState]：[固件升级] 发送数据帧 76/125（256 字节）
[2026-04-20 10:40:02] [INFO] [data][FirmwareUpgrader][emitState]：[固件升级] 发送数据帧 77/125（256 字节）
[2026-04-20 10:40:02] [INFO] [data][FirmwareUpgrader][emitState]：[固件升级] 发送数据帧 78/125（256 字节）
[2026-04-20 10:40:02] [INFO] [data][FirmwareUpgrader][emitState]：[固件升级] 发送数据帧 79/125（256 字节）
[2026-04-20 10:40:02] [INFO] [data][FirmwareUpgrader][emitState]：[固件升级] 发送数据帧 80/125（256 字节）
[2026-04-20 10:40:02] [INFO] [data][FirmwareUpgrader][emitState]：[固件升级] 发送数据帧 81/125（256 字节）
[2026-04-20 10:40:03] [INFO] [data][FirmwareUpgrader][emitState]：[固件升级] 发送数据帧 82/125（256 字节）
[2026-04-20 10:40:03] [INFO] [data][FirmwareUpgrader][emitState]：[固件升级] 发送数据帧 83/125（256 字节）
[2026-04-20 10:40:03] [INFO] [data][FirmwareUpgrader][emitState]：[固件升级] 发送数据帧 84/125（256 字节）
[2026-04-20 10:40:03] [INFO] [data][FirmwareUpgrader][emitState]：[固件升级] 发送数据帧 85/125（256 字节）
[2026-04-20 10:40:03] [INFO] [data][FirmwareUpgrader][emitState]：[固件升级] 发送数据帧 86/125（256 字节）
[2026-04-20 10:40:03] [INFO] [data][FirmwareUpgrader][emitState]：[固件升级] 发送数据帧 87/125（256 字节）
[2026-04-20 10:40:04] [INFO] [data][FirmwareUpgrader][emitState]：[固件升级] 发送数据帧 88/125（256 字节）
[2026-04-20 10:40:04] [INFO] [data][FirmwareUpgrader][emitState]：[固件升级] 发送数据帧 89/125（256 字节）
[2026-04-20 10:40:04] [INFO] [data][FirmwareUpgrader][emitState]：[固件升级] 发送数据帧 90/125（256 字节）
[2026-04-20 10:40:04] [INFO] [data][FirmwareUpgrader][emitState]：[固件升级] 发送数据帧 91/125（256 字节）
[2026-04-20 10:40:04] [INFO] [data][FirmwareUpgrader][emitState]：[固件升级] 发送数据帧 92/125（256 字节）
[2026-04-20 10:40:05] [INFO] [data][FirmwareUpgrader][emitState]：[固件升级] 发送数据帧 93/125（256 字节）
[2026-04-20 10:40:05] [INFO] [data][FirmwareUpgrader][emitState]：[固件升级] 发送数据帧 94/125（256 字节）
[2026-04-20 10:40:05] [INFO] [data][FirmwareUpgrader][emitState]：[固件升级] 发送数据帧 95/125（256 字节）
[2026-04-20 10:40:05] [INFO] [data][FirmwareUpgrader][emitState]：[固件升级] 发送数据帧 96/125（256 字节）
[2026-04-20 10:40:05] [INFO] [data][FirmwareUpgrader][emitState]：[固件升级] 发送数据帧 97/125（256 字节）
[2026-04-20 10:40:05] [INFO] [data][FirmwareUpgrader][emitState]：[固件升级] 发送数据帧 98/125（256 字节）
[2026-04-20 10:40:06] [INFO] [data][FirmwareUpgrader][emitState]：[固件升级] 发送数据帧 99/125（256 字节）
[2026-04-20 10:40:06] [INFO] [data][FirmwareUpgrader][emitState]：[固件升级] 发送数据帧 100/125（256 字节）
[2026-04-20 10:40:06] [INFO] [data][FirmwareUpgrader][emitState]：[固件升级] 发送数据帧 101/125（256 字节）
[2026-04-20 10:40:06] [INFO] [data][FirmwareUpgrader][emitState]：[固件升级] 发送数据帧 102/125（256 字节）
[2026-04-20 10:40:06] [INFO] [data][FirmwareUpgrader][emitState]：[固件升级] 发送数据帧 103/125（256 字节）
[2026-04-20 10:40:06] [INFO] [data][FirmwareUpgrader][emitState]：[固件升级] 发送数据帧 104/125（256 字节）
[2026-04-20 10:40:07] [INFO] [data][FirmwareUpgrader][emitState]：[固件升级] 发送数据帧 105/125（256 字节）
[2026-04-20 10:40:07] [INFO] [data][FirmwareUpgrader][emitState]：[固件升级] 发送数据帧 106/125（256 字节）
[2026-04-20 10:40:07] [INFO] [data][FirmwareUpgrader][emitState]：[固件升级] 发送数据帧 107/125（256 字节）
[2026-04-20 10:40:07] [INFO] [data][FirmwareUpgrader][emitState]：[固件升级] 发送数据帧 108/125（256 字节）
[2026-04-20 10:40:07] [INFO] [data][FirmwareUpgrader][emitState]：[固件升级] 发送数据帧 109/125（256 字节）
[2026-04-20 10:40:07] [INFO] [data][FirmwareUpgrader][emitState]：[固件升级] 发送数据帧 110/125（256 字节）
[2026-04-20 10:40:08] [INFO] [data][FirmwareUpgrader][emitState]：[固件升级] 发送数据帧 111/125（256 字节）
[2026-04-20 10:40:08] [INFO] [data][FirmwareUpgrader][emitState]：[固件升级] 发送数据帧 112/125（256 字节）
[2026-04-20 10:40:08] [INFO] [data][FirmwareUpgrader][emitState]：[固件升级] 发送数据帧 113/125（256 字节）
[2026-04-20 10:40:08] [INFO] [data][FirmwareUpgrader][emitState]：[固件升级] 发送数据帧 114/125（256 字节）
[2026-04-20 10:40:08] [INFO] [data][FirmwareUpgrader][emitState]：[固件升级] 发送数据帧 115/125（256 字节）
[2026-04-20 10:40:08] [INFO] [data][FirmwareUpgrader][emitState]：[固件升级] 发送数据帧 116/125（256 字节）
[2026-04-20 10:40:09] [INFO] [data][FirmwareUpgrader][emitState]：[固件升级] 发送数据帧 117/125（256 字节）
[2026-04-20 10:40:09] [INFO] [data][FirmwareUpgrader][emitState]：[固件升级] 发送数据帧 118/125（256 字节）
[2026-04-20 10:40:09] [INFO] [data][FirmwareUpgrader][emitState]：[固件升级] 发送数据帧 119/125（256 字节）
[2026-04-20 10:40:09] [INFO] [data][FirmwareUpgrader][emitState]：[固件升级] 发送数据帧 120/125（256 字节）
[2026-04-20 10:40:09] [INFO] [data][FirmwareUpgrader][emitState]：[固件升级] 发送数据帧 121/125（256 字节）
[2026-04-20 10:40:10] [INFO] [data][FirmwareUpgrader][emitState]：[固件升级] 发送数据帧 122/125（256 字节）
[2026-04-20 10:40:10] [INFO] [data][FirmwareUpgrader][emitState]：[固件升级] 发送数据帧 123/125（256 字节）
[2026-04-20 10:40:10] [INFO] [data][FirmwareUpgrader][emitState]：[固件升级] 发送数据帧 124/125（256 字节）
[2026-04-20 10:40:10] [INFO] [data][FirmwareUpgrader][emitState]：[固件升级] 发送最后一帧（150 字节，含 CRC 2 字节），等待响应
[2026-04-20 10:40:10] [INFO] [data][ModbusConnecter][checkConnection]：设备ID=12021 连接检查 - socket正常
[2026-04-20 10:40:12] [INFO] [data][FirmwareUpgrader][onSocketReadyRead]：设备ID=12021 readyRead: state=7, incoming=8, bufTotal=8
[2026-04-20 10:40:12] [INFO] [data][FirmwareUpgrader][handleTransferResponse]：设备ID=12021 SendingLastFrame readyRead: buf(8) = 01 06 00 BB 00 00 F9 EF
[2026-04-20 10:40:12] [INFO] [data][FirmwareUpgrader][emitState]：[固件升级] 数据传输完成响应成功: 01 06 00 BB 00 00 F9 EF
[2026-04-20 10:40:12] [INFO] [data][FirmwareUpgrader][emitState]：[固件升级] 发送获取版本号指令 (AreYouThere): 02 33 00 00 31 B0 14
[2026-04-20 10:40:12] [INFO] [data][FirmwareUpgrader][onSocketReadyRead]：设备ID=12021 readyRead: state=9, incoming=9, bufTotal=9
[2026-04-20 10:40:12] [INFO] [data][FirmwareUpgrader][emitState]：[固件升级] 收到版本号响应: 03 35 00 00 31 31 30 60 4B
[2026-04-20 10:40:12] [INFO] [data][FirmwareUpgrader][emitState]：[固件升级] 版本校对成功：当前 1.0，目标 1.0
[2026-04-20 10:40:12] [INFO] [data][ModbusTcpMaster][enterState]：设备ID=12021 状态切换: 正常运行 -> 指令发送器已启动
[2026-04-20 10:40:12] [INFO] [data][ModbusTcpMaster][startSender]：设备ID=12021 指令发送器已启动，立即进入初始化阶段
[2026-04-20 10:40:12] [INFO] [data][ModbusTcpMaster][enterState]：设备ID=12021 状态切换: 指令发送器已启动 -> 初始指令下发中
[2026-04-20 10:40:12] [INFO] [data][ModbusTcpMaster][enterState]：设备ID=12021 状态切换: 初始指令下发中 -> 启动定时发送器中
[2026-04-20 10:40:12] [INFO] [data][ModbusTcpMaster][startPeriodicSender]：设备ID=12021 定时发送器已启动，进入正常运行状态
[2026-04-20 10:40:12] [INFO] [data][ModbusTcpMaster][enterState]：设备ID=12021 状态切换: 启动定时发送器中 -> 正常运行
[2026-04-20 10:40:40] [INFO] [data][ModbusConnecter][checkConnection]：设备ID=12021 连接检查 - socket正常
[2026-04-20 10:41:10] [INFO] [data][ModbusConnecter][checkConnection]：设备ID=12021 连接检查 - socket正常
[2026-04-20 10:41:40] [INFO] [data][ModbusConnecter][checkConnection]：设备ID=12021 连接检查 - socket正常
[2026-04-20 10:42:10] [INFO] [data][ModbusConnecter][checkConnection]：设备ID=12021 连接检查 - socket正常
[2026-04-20 10:42:40] [INFO] [data][ModbusConnecter][checkConnection]：设备ID=12021 连接检查 - socket正常
[2026-04-20 10:43:10] [INFO] [data][ModbusConnecter][checkConnection]：设备ID=12021 连接检查 - socket正常
[2026-04-20 10:43:40] [INFO] [data][ModbusConnecter][checkConnection]：设备ID=12021 连接检查 - socket正常
[2026-04-20 10:44:10] [INFO] [data][ModbusConnecter][checkConnection]：设备ID=12021 连接检查 - socket正常
[2026-04-20 10:44:40] [INFO] [data][ModbusConnecter][checkConnection]：设备ID=12021 连接检查 - socket正常
[2026-04-20 10:45:10] [INFO] [data][ModbusConnecter][checkConnection]：设备ID=12021 连接检查 - socket正常
[2026-04-20 10:45:40] [INFO] [data][ModbusConnecter][checkConnection]：设备ID=12021 连接检查 - socket正常
[2026-04-20 10:46:10] [INFO] [data][ModbusConnecter][checkConnection]：设备ID=12021 连接检查 - socket正常
[2026-04-20 10:46:40] [INFO] [data][ModbusConnecter][checkConnection]：设备ID=12021 连接检查 - socket正常
[2026-04-20 10:47:10] [INFO] [data][ModbusConnecter][checkConnection]：设备ID=12021 连接检查 - socket正常
