[2026-04-18 10:38:06] [INFO] [CraneMapWidget::refreshDeviceData]Called, current map level: SetLevel, device count: 20
[2026-04-18 10:38:06] [INFO] [CraneMapWidget::refreshDeviceData]Updated 20 devices
[2026-04-18 10:38:07] [INFO] [CraneMapWidget::refreshDeviceData]Called, current map level: SetLevel, device count: 20
[2026-04-18 10:38:07] [INFO] [CraneMapWidget::refreshDeviceData]Updated 20 devices
[2026-04-18 10:38:08] [INFO] [CraneMapWidget::refreshDeviceData]Called, current map level: SetLevel, device count: 20
[2026-04-18 10:38:08] [INFO] [CraneMapWidget::refreshDeviceData]Updated 20 devices
[2026-04-18 10:38:09] [INFO] [CraneMapWidget::refreshDeviceData]Called, current map level: SetLevel, device count: 20
[2026-04-18 10:38:09] [INFO] [CraneMapWidget::refreshDeviceData]Updated 20 devices
[2026-04-18 10:38:53] [INFO] [CraneMapWidget::refreshDeviceData]Called, current map level: SetLevel, device count: 20
[2026-04-18 10:38:53] [INFO] [CraneMapWidget::refreshDeviceData]Updated 20 devices
[2026-04-18 10:38:54] [INFO] [CraneMapWidget::refreshDeviceData]Called, current map level: SetLevel, device count: 20
[2026-04-18 10:38:54] [INFO] [CraneMapWidget::refreshDeviceData]Updated 20 devices
[2026-04-18 11:22:25] [INFO] [CraneMapWidget::refreshDeviceData]Called, current map level: SetLevel, device count: 20
[2026-04-18 11:22:25] [INFO] [CraneMapWidget::refreshDeviceData]Updated 20 devices
[2026-04-18 11:22:26] [INFO] [CraneMapWidget::refreshDeviceData]Called, current map level: SetLevel, device count: 20
[2026-04-18 11:22:26] [INFO] [CraneMapWidget::refreshDeviceData]Updated 20 devices
[2026-04-18 11:22:27] [INFO] [CraneMapWidget::refreshDeviceData]Called, current map level: SetLevel, device count: 20
[2026-04-18 11:22:27] [INFO] [CraneMapWidget::refreshDeviceData]Updated 20 devices
[2026-04-18 11:22:28] [INFO] [CraneMapWidget::refreshDeviceData]Called, current map level: SetLevel, device count: 20
[2026-04-18 11:22:28] [INFO] [CraneMapWidget::refreshDeviceData]Updated 20 devices
[2026-04-18 11:22:29] [INFO] [CraneMapWidget::refreshDeviceData]Called, current map level: SetLevel, device count: 20
[2026-04-18 11:22:29] [INFO] [CraneMapWidget::refreshDeviceData]Updated 20 devices
[2026-04-18 11:22:29] [INFO] [CraneMapWidget::handleSetDeviceDoubleClicked]Set设备双击: uiId=2, firstFoupQrCode=12001
[2026-04-18 11:22:29] [INFO] [CraneMapWidget::handleSetDeviceDoubleClicked]找到目标设备键: 200
[2026-04-18 11:22:29] [INFO] [CraneMapWidget::scrollToDevice()]滚动到设备: key=200
[2026-04-18 11:22:30] [INFO] [CraneMapWidget::refreshDeviceData]Called, current map level: FoupLevel, device count: 80
[2026-04-18 11:22:30] [INFO] [CraneMapWidget::refreshDeviceData]Updated 80 devices
[2026-04-18 11:22:31] [INFO] [CraneMapWidget::refreshDeviceData]Called, current map level: FoupLevel, device count: 80
[2026-04-18 11:22:31] [INFO] [CraneMapWidget::refreshDeviceData]Updated 80 devices
[2026-04-18 11:22:32] [INFO] [CraneMapWidget::refreshDeviceData]Called, current map level: FoupLevel, device count: 80
[2026-04-18 11:22:32] [INFO] [CraneMapWidget::refreshDeviceData]Updated 80 devices
[2026-04-18 11:22:33] [INFO] [CraneMapWidget::refreshDeviceData]Called, current map level: FoupLevel, device count: 80
[2026-04-18 11:22:33] [INFO] [CraneMapWidget::refreshDeviceData]Updated 80 devices
[2026-04-18 11:22:34] [INFO] [CraneMapWidget::refreshDeviceData]Called, current map level: FoupLevel, device count: 80
[2026-04-18 11:22:34] [INFO] [CraneMapWidget::refreshDeviceData]Updated 80 devices
[2026-04-18 11:22:35] [INFO] [CraneMapWidget::refreshDeviceData]Called, current map level: FoupLevel, device count: 80
[2026-04-18 11:22:35] [INFO] [CraneMapWidget::refreshDeviceData]Updated 80 devices
[2026-04-18 11:22:36] [INFO] [CraneMapWidget::refreshDeviceData]Called, current map level: FoupLevel, device count: 80
[2026-04-18 11:22:36] [INFO] [CraneMapWidget::refreshDeviceData]Updated 80 devices
[2026-04-18 11:22:37] [INFO] [CraneMapWidget::refreshDeviceData]Called, current map level: FoupLevel, device count: 80
[2026-04-18 11:22:37] [INFO] [CraneMapWidget::refreshDeviceData]Updated 80 devices
[2026-04-18 11:22:38] [INFO] [CraneMapWidget::refreshDeviceData]Called, current map level: FoupLevel, device count: 80
[2026-04-18 11:22:38] [INFO] [CraneMapWidget::refreshDeviceData]Updated 80 devices
[2026-04-18 11:35:22] [INFO] [CraneMapWidget::refreshDeviceData]Called, current map level: SetLevel, device count: 20
[2026-04-18 11:35:22] [INFO] [CraneMapWidget::refreshDeviceData]Updated 20 devices
[2026-04-18 11:35:23] [INFO] [CraneMapWidget::refreshDeviceData]Called, current map level: SetLevel, device count: 20
[2026-04-18 11:35:23] [INFO] [CraneMapWidget::refreshDeviceData]Updated 20 devices
[2026-04-18 11:35:24] [INFO] [CraneMapWidget::refreshDeviceData]Called, current map level: SetLevel, device count: 20
[2026-04-18 11:35:24] [INFO] [CraneMapWidget::refreshDeviceData]Updated 20 devices
[2026-04-18 11:35:25] [INFO] [CraneMapWidget::refreshDeviceData]Called, current map level: SetLevel, device count: 20
[2026-04-18 11:35:25] [INFO] [CraneMapWidget::refreshDeviceData]Updated 20 devices
[2026-04-18 11:35:27] [INFO] [CraneMapWidget::refreshDeviceData]Called, current map level: SetLevel, device count: 20
[2026-04-18 11:35:27] [INFO] [CraneMapWidget::refreshDeviceData]Updated 20 devices
[2026-04-18 11:35:27] [INFO] [CraneMapWidget::refreshDeviceData]Called, current map level: SetLevel, device count: 20
[2026-04-18 11:35:27] [INFO] [CraneMapWidget::refreshDeviceData]Updated 20 devices
[2026-04-18 11:35:28] [INFO] [CraneMapWidget::refreshDeviceData]Called, current map level: SetLevel, device count: 20
[2026-04-18 11:35:28] [INFO] [CraneMapWidget::refreshDeviceData]Updated 20 devices
[2026-04-18 11:35:29] [INFO] [CraneMapWidget::refreshDeviceData]Called, current map level: SetLevel, device count: 20
[2026-04-18 11:35:29] [INFO] [CraneMapWidget::refreshDeviceData]Updated 20 devices
[2026-04-18 11:35:30] [INFO] [CraneMapWidget::refreshDeviceData]Called, current map level: SetLevel, device count: 20
[2026-04-18 11:35:30] [INFO] [CraneMapWidget::refreshDeviceData]Updated 20 devices
[2026-04-18 11:35:31] [INFO] [CraneMapWidget::refreshDeviceData]Called, current map level: SetLevel, device count: 20
[2026-04-18 11:35:31] [INFO] [CraneMapWidget::refreshDeviceData]Updated 20 devices
[2026-04-18 11:35:32] [INFO] [CraneMapWidget::refreshDeviceData]Called, current map level: FoupLevel, device count: 80
[2026-04-18 11:35:33] [INFO] [CraneMapWidget::refreshDeviceData]Updated 80 devices
[2026-04-18 11:35:33] [INFO] [CraneMapWidget::refreshDeviceData]Called, current map level: FoupLevel, device count: 80
[2026-04-18 11:35:33] [INFO] [CraneMapWidget::refreshDeviceData]Updated 80 devices
[2026-04-18 11:35:34] [INFO] [CraneMapWidget::refreshDeviceData]Called, current map level: FoupLevel, device count: 80
[2026-04-18 11:35:35] [INFO] [CraneMapWidget::refreshDeviceData]Updated 80 devices
[2026-04-18 11:35:35] [INFO] [CraneMapWidget::refreshDeviceData]Called, current map level: FoupLevel, device count: 80
[2026-04-18 11:35:36] [INFO] [CraneMapWidget::refreshDeviceData]Updated 80 devices
[2026-04-18 11:35:36] [INFO] [CraneMapWidget::refreshDeviceData]Called, current map level: FoupLevel, device count: 80
[2026-04-18 11:35:36] [INFO] [CraneMapWidget::refreshDeviceData]Updated 80 devices
[2026-04-18 11:35:37] [INFO] [CraneMapWidget::refreshDeviceData]Called, current map level: FoupLevel, device count: 80
[2026-04-18 11:35:38] [INFO] [CraneMapWidget::refreshDeviceData]Updated 80 devices
[2026-04-18 11:35:38] [INFO] [CraneMapWidget::refreshDeviceData]Called, current map level: FoupLevel, device count: 80
[2026-04-18 11:35:38] [INFO] [CraneMapWidget::refreshDeviceData]Updated 80 devices
[2026-04-18 11:35:39] [INFO] [CraneMapWidget::refreshDeviceData]Called, current map level: FoupLevel, device count: 80
[2026-04-18 11:35:40] [INFO] [CraneMapWidget::refreshDeviceData]Updated 80 devices
[2026-04-18 11:35:40] [INFO] [CraneMapWidget::refreshDeviceData]Called, current map level: FoupLevel, device count: 80
[2026-04-18 11:35:40] [INFO] [CraneMapWidget::refreshDeviceData]Updated 80 devices
[2026-04-18 11:35:41] [INFO] [CraneMapWidget::refreshDeviceData]Called, current map level: FoupLevel, device count: 80
[2026-04-18 11:35:42] [INFO] [CraneMapWidget::refreshDeviceData]Updated 80 devices
[2026-04-18 11:35:42] [INFO] [CraneMapWidget::refreshDeviceData]Called, current map level: FoupLevel, device count: 80
[2026-04-18 11:35:42] [INFO] [CraneMapWidget::refreshDeviceData]Updated 80 devices
[2026-04-18 11:35:43] [INFO] [CraneMapWidget::refreshDeviceData]Called, current map level: FoupLevel, device count: 80
[2026-04-18 11:35:44] [INFO] [CraneMapWidget::refreshDeviceData]Updated 80 devices
[2026-04-18 11:35:44] [INFO] [CraneMapWidget::refreshDeviceData]Called, current map level: FoupLevel, device count: 80
[2026-04-18 11:35:44] [INFO] [CraneMapWidget::refreshDeviceData]Updated 80 devices
[2026-04-18 11:35:45] [INFO] [CraneMapWidget::refreshDeviceData]Called, current map level: FoupLevel, device count: 80
[2026-04-18 11:35:45] [INFO] [CraneMapWidget::refreshDeviceData]Updated 80 devices
[2026-04-18 11:35:46] [INFO] [CraneMapWidget::refreshDeviceData]Called, current map level: FoupLevel, device count: 80
[2026-04-18 11:35:46] [INFO] [CraneMapWidget::refreshDeviceData]Updated 80 devices
[2026-04-18 11:35:47] [INFO] [CraneMapWidget::refreshDeviceData]Called, current map level: FoupLevel, device count: 80
[2026-04-18 11:35:47] [INFO] [CraneMapWidget::refreshDeviceData]Updated 80 devices
[2026-04-18 11:35:48] [INFO] [CraneMapWidget::refreshDeviceData]Called, current map level: FoupLevel, device count: 80
[2026-04-18 11:35:48] [INFO] [CraneMapWidget::refreshDeviceData]Updated 80 devices
[2026-04-18 11:35:49] [INFO] [CraneMapWidget::refreshDeviceData]Called, current map level: FoupLevel, device count: 80
[2026-04-18 11:35:49] [INFO] [CraneMapWidget::refreshDeviceData]Updated 80 devices
[2026-04-18 11:35:50] [INFO] [CraneMapWidget::refreshDeviceData]Called, current map level: FoupLevel, device count: 80
[2026-04-18 11:35:51] [INFO] [CraneMapWidget::refreshDeviceData]Updated 80 devices
[2026-04-18 11:35:51] [INFO] [CraneMapWidget::refreshDeviceData]Called, current map level: FoupLevel, device count: 80
[2026-04-18 11:35:51] [INFO] [CraneMapWidget::refreshDeviceData]Updated 80 devices
[2026-04-18 11:35:52] [INFO] [CraneMapWidget::refreshDeviceData]Called, current map level: FoupLevel, device count: 80
[2026-04-18 11:35:52] [INFO] [CraneMapWidget::refreshDeviceData]Updated 80 devices
[2026-04-18 11:35:53] [INFO] [CraneMapWidget::refreshDeviceData]Called, current map level: FoupLevel, device count: 80
[2026-04-18 11:35:53] [INFO] [CraneMapWidget::refreshDeviceData]Updated 80 devices
[2026-04-18 11:35:54] [INFO] [CraneMapWidget::refreshDeviceData]Called, current map level: FoupLevel, device count: 80
[2026-04-18 11:35:54] [INFO] [CraneMapWidget::refreshDeviceData]Updated 80 devices
[2026-04-18 11:35:55] [INFO] [CraneMapWidget::refreshDeviceData]Called, current map level: FoupLevel, device count: 80
[2026-04-18 11:35:55] [INFO] [CraneMapWidget::refreshDeviceData]Updated 80 devices
[2026-04-18 11:35:56] [INFO] [CraneMapWidget::refreshDeviceData]Called, current map level: FoupLevel, device count: 80
[2026-04-18 11:35:56] [INFO] [CraneMapWidget::refreshDeviceData]Updated 80 devices
[2026-04-18 11:35:57] [INFO] [CraneMapWidget::refreshDeviceData]Called, current map level: FoupLevel, device count: 80
[2026-04-18 11:35:57] [INFO] [CraneMapWidget::refreshDeviceData]Updated 80 devices
[2026-04-18 11:35:58] [INFO] [CraneMapWidget::refreshDeviceData]Called, current map level: FoupLevel, device count: 80
[2026-04-18 11:35:58] [INFO] [CraneMapWidget::refreshDeviceData]Updated 80 devices
[2026-04-18 11:35:59] [INFO] [CraneMapWidget::refreshDeviceData]Called, current map level: FoupLevel, device count: 80
[2026-04-18 11:35:59] [INFO] [CraneMapWidget::refreshDeviceData]Updated 80 devices
[2026-04-18 11:36:00] [INFO] [CraneMapWidget::refreshDeviceData]Called, current map level: FoupLevel, device count: 80
[2026-04-18 11:36:00] [INFO] [CraneMapWidget::refreshDeviceData]Updated 80 devices
[2026-04-18 11:36:01] [INFO] [CraneMapWidget::refreshDeviceData]Called, current map level: FoupLevel, device count: 80
[2026-04-18 11:36:01] [INFO] [CraneMapWidget::refreshDeviceData]Updated 80 devices
[2026-04-18 11:36:02] [INFO] [CraneMapWidget::refreshDeviceData]Called, current map level: FoupLevel, device count: 80
[2026-04-18 11:36:02] [INFO] [CraneMapWidget::refreshDeviceData]Updated 80 devices
[2026-04-18 11:36:03] [INFO] [CraneMapWidget::refreshDeviceData]Called, current map level: FoupLevel, device count: 80
[2026-04-18 11:36:03] [INFO] [CraneMapWidget::refreshDeviceData]Updated 80 devices
[2026-04-18 11:36:04] [INFO] [CraneMapWidget::refreshDeviceData]Called, current map level: FoupLevel, device count: 80
[2026-04-18 11:36:04] [INFO] [CraneMapWidget::refreshDeviceData]Updated 80 devices
[2026-04-18 11:36:05] [INFO] [CraneMapWidget::refreshDeviceData]Called, current map level: FoupLevel, device count: 80
[2026-04-18 11:36:05] [INFO] [CraneMapWidget::refreshDeviceData]Updated 80 devices
[2026-04-18 11:36:06] [INFO] [CraneMapWidget::refreshDeviceData]Called, current map level: FoupLevel, device count: 80
[2026-04-18 11:36:06] [INFO] [CraneMapWidget::refreshDeviceData]Updated 80 devices
[2026-04-18 11:36:07] [INFO] [CraneMapWidget::refreshDeviceData]Called, current map level: FoupLevel, device count: 80
[2026-04-18 11:36:08] [INFO] [CraneMapWidget::refreshDeviceData]Updated 80 devices
[2026-04-18 11:36:08] [INFO] [CraneMapWidget::refreshDeviceData]Called, current map level: FoupLevel, device count: 80
[2026-04-18 11:36:09] [INFO] [CraneMapWidget::refreshDeviceData]Updated 80 devices
[2026-04-18 11:36:09] [INFO] [CraneMapWidget::refreshDeviceData]Called, current map level: FoupLevel, device count: 80
[2026-04-18 11:36:10] [INFO] [CraneMapWidget::refreshDeviceData]Updated 80 devices
[2026-04-18 11:36:10] [INFO] [CraneMapWidget::refreshDeviceData]Called, current map level: FoupLevel, device count: 80
[2026-04-18 11:36:11] [INFO] [CraneMapWidget::refreshDeviceData]Updated 80 devices
[2026-04-18 11:36:11] [INFO] [CraneMapWidget::refreshDeviceData]Called, current map level: FoupLevel, device count: 80
[2026-04-18 11:36:11] [INFO] [CraneMapWidget::refreshDeviceData]Updated 80 devices
[2026-04-18 11:36:12] [INFO] [CraneMapWidget::refreshDeviceData]Called, current map level: FoupLevel, device count: 80
[2026-04-18 11:36:12] [INFO] [CraneMapWidget::refreshDeviceData]Updated 80 devices
[2026-04-18 11:36:13] [INFO] [CraneMapWidget::refreshDeviceData]Called, current map level: FoupLevel, device count: 80
[2026-04-18 11:36:14] [INFO] [CraneMapWidget::refreshDeviceData]Updated 80 devices
[2026-04-18 11:36:14] [INFO] [CraneMapWidget::refreshDeviceData]Called, current map level: FoupLevel, device count: 80
[2026-04-18 11:36:15] [INFO] [CraneMapWidget::refreshDeviceData]Updated 80 devices
[2026-04-18 11:36:15] [INFO] [CraneMapWidget::refreshDeviceData]Called, current map level: FoupLevel, device count: 80
[2026-04-18 11:36:15] [INFO] [CraneMapWidget::refreshDeviceData]Updated 80 devices
[2026-04-18 11:36:16] [INFO] [CraneMapWidget::refreshDeviceData]Called, current map level: FoupLevel, device count: 80
[2026-04-18 11:36:16] [INFO] [CraneMapWidget::refreshDeviceData]Updated 80 devices
